2025-07-12 23:27:58,883 - INFO - 🚀 Starting stealth job application bot
2025-07-12 23:27:59,750 - INFO - 📂 Loading jobs from output/final_ml_jobs.csv
2025-07-12 23:27:59,765 - INFO -    📊 Total jobs in file: 1445
2025-07-12 23:27:59,766 - INFO -    🎯 Easy Apply jobs: 1445
2025-07-12 23:27:59,768 - INFO -    ⏳ Jobs to process: 218 (status: pending, failed)
2025-07-12 23:27:59,768 - INFO - 🎲 Will attempt 76 applications this run (target: 76)
2025-07-12 23:27:59,769 - INFO - 🔑 Logging into Dice...
2025-07-12 23:28:01,656 - INFO - ✅ Login successful
2025-07-12 23:28:04,914 - INFO - 🔄 Starting job applications...
2025-07-12 23:28:04,915 - INFO - 🎯 [1/76] Applying to: Senior AI/ML Data Scientist - LINK: https://www.dice.com/job-detail/a85fdcca-e862-4d17-a4be-7be1c43490b5
2025-07-12 23:28:21,645 - INFO -    ✅ Successfully applied!
2025-07-12 23:28:30,555 - INFO - 🎯 [2/76] Applying to: Agentic Engineer - LINK: https://www.dice.com/job-detail/b63ff8a2-8b70-4cc2-a49f-f5e2407cbf4d
2025-07-12 23:28:45,297 - INFO -    ✅ Successfully applied!
2025-07-12 23:28:55,467 - INFO - 🎯 [3/76] Applying to: Gen AI Engineer - LINK: https://www.dice.com/job-detail/ce036f37-47a5-4d94-9b62-477bc0eb9857
2025-07-12 23:29:14,191 - INFO -    ✅ Successfully applied!
2025-07-12 23:29:25,127 - INFO - 🎯 [4/76] Applying to: Machine Learning & Regulatory Credit Risk - LINK: https://www.dice.com/job-detail/b2ce34ea-2587-4fee-9cf4-00544366b86f
2025-07-12 23:29:40,238 - INFO -    ✅ Successfully applied!
2025-07-12 23:29:51,732 - INFO - 🎯 [5/76] Applying to: Agentic Engineer - LINK: https://www.dice.com/job-detail/6932d835-07e0-4b2e-9367-3e86ba78ea11
2025-07-12 23:30:08,565 - INFO -    ✅ Successfully applied!
2025-07-12 23:30:20,463 - INFO - 🎯 [6/76] Applying to: AI Developer Engineer - Overland Park, KS / Frisco, TX - LINK: https://www.dice.com/job-detail/e6292d88-b7ad-428c-bea1-d832cff5d4e8
2025-07-12 23:30:39,364 - ERROR -    ❌ Cannot click apply button: Message: 
Stacktrace:
#0 0x55f99fc0423a <unknown>
#1 0x55f99f6aeab0 <unknown>
#2 0x55f99f7006f0 <unknown>
#3 0x55f99f7008e1 <unknown>
#4 0x55f99f74eb94 <unknown>
#5 0x55f99f7261cd <unknown>
#6 0x55f99f74bfee <unknown>
#7 0x55f99f725f73 <unknown>
#8 0x55f99f6f2aeb <unknown>
#9 0x55f99f6f3751 <unknown>
#10 0x55f99fbc8b4b <unknown>
#11 0x55f99fbcc929 <unknown>
#12 0x55f99fbaf929 <unknown>
#13 0x55f99fbcd4e8 <unknown>
#14 0x55f99fb940df <unknown>
#15 0x55f99fbf18e8 <unknown>
#16 0x55f99fbf1ac6 <unknown>
#17 0x55f99fc03556 <unknown>
#18 0x7f7de449caa4 <unknown>
#19 0x7f7de4529c3c <unknown>

2025-07-12 23:30:48,186 - INFO - 🎯 [7/76] Applying to: Technical Architect (AI/ML) - LINK: https://www.dice.com/job-detail/e8ec073e-f533-4c59-bbfe-167920fa2102
2025-07-12 23:31:05,219 - INFO -    ✅ Successfully applied!
2025-07-12 23:31:15,550 - INFO - 🎯 [8/76] Applying to: Data Science - LINK: https://www.dice.com/job-detail/ab21d871-b7dd-47b2-923f-aec88fcdd70d
2025-07-12 23:31:32,264 - INFO -    ✅ Successfully applied!
2025-07-12 23:31:45,022 - INFO - 🎯 [9/76] Applying to: Python Developer with AWS & AI - LINK: https://www.dice.com/job-detail/bfdbdc96-d54a-4764-b607-101c5129bea0
2025-07-12 23:32:00,702 - INFO -    ✅ Successfully applied!
2025-07-12 23:32:09,835 - INFO - 🎯 [10/76] Applying to: Remote: Gen AI / Agent Force Engineer - LINK: https://www.dice.com/job-detail/d3058285-4c35-4e8c-bf8b-5c828c5721d7
2025-07-12 23:32:16,393 - INFO -    ⏭️  Already applied - skipping
2025-07-12 23:32:25,856 - INFO - 🎯 [11/76] Applying to: AI/ML Engineer - LINK: https://www.dice.com/job-detail/d5e59cb7-7f74-4cc5-959c-7dee4ce8d9d6
2025-07-12 23:32:42,530 - INFO -    ✅ Successfully applied!
2025-07-12 23:32:51,995 - INFO - 🎯 [12/76] Applying to: Gen-AI Python Developer - LINK: https://www.dice.com/job-detail/96b4375d-ea16-49bc-a931-abecdb18644f
2025-07-12 23:33:08,603 - INFO -    ✅ Successfully applied!
2025-07-12 23:33:17,733 - INFO - 🎯 [13/76] Applying to: AI Architect- Reston, VA - LINK: https://www.dice.com/job-detail/a4b5afcf-959e-4b65-8cfb-1e4f2d3be82a
2025-07-12 23:33:36,731 - ERROR -    ❌ Cannot click apply button: Message: 
Stacktrace:
#0 0x55f99fc0423a <unknown>
#1 0x55f99f6aeab0 <unknown>
#2 0x55f99f7006f0 <unknown>
#3 0x55f99f7008e1 <unknown>
#4 0x55f99f74eb94 <unknown>
#5 0x55f99f7261cd <unknown>
#6 0x55f99f74bfee <unknown>
#7 0x55f99f725f73 <unknown>
#8 0x55f99f6f2aeb <unknown>
#9 0x55f99f6f3751 <unknown>
#10 0x55f99fbc8b4b <unknown>
#11 0x55f99fbcc929 <unknown>
#12 0x55f99fbaf929 <unknown>
#13 0x55f99fbcd4e8 <unknown>
#14 0x55f99fb940df <unknown>
#15 0x55f99fbf18e8 <unknown>
#16 0x55f99fbf1ac6 <unknown>
#17 0x55f99fc03556 <unknown>
#18 0x7f7de449caa4 <unknown>
#19 0x7f7de4529c3c <unknown>

2025-07-12 23:33:44,712 - INFO - 🎯 [14/76] Applying to: Change Management with Prompt Engineer with Gen AI - LINK: https://www.dice.com/job-detail/8c52b49d-33d6-4fad-9ec0-f2bbb905441f
2025-07-12 23:34:01,056 - INFO -    ✅ Successfully applied!
2025-07-12 23:34:10,522 - INFO - 🎯 [15/76] Applying to: Business Intelligence Engineer - LINK: https://www.dice.com/job-detail/7e21dfa2-d1b9-45e5-96e6-70e6d5279dfa
2025-07-12 23:34:30,473 - ERROR -    ❌ Cannot click apply button: Message: 
Stacktrace:
#0 0x55f99fc0423a <unknown>
#1 0x55f99f6aeab0 <unknown>
#2 0x55f99f7006f0 <unknown>
#3 0x55f99f7008e1 <unknown>
#4 0x55f99f74eb94 <unknown>
#5 0x55f99f7261cd <unknown>
#6 0x55f99f74bfee <unknown>
#7 0x55f99f725f73 <unknown>
#8 0x55f99f6f2aeb <unknown>
#9 0x55f99f6f3751 <unknown>
#10 0x55f99fbc8b4b <unknown>
#11 0x55f99fbcc929 <unknown>
#12 0x55f99fbaf929 <unknown>
#13 0x55f99fbcd4e8 <unknown>
#14 0x55f99fb940df <unknown>
#15 0x55f99fbf18e8 <unknown>
#16 0x55f99fbf1ac6 <unknown>
#17 0x55f99fc03556 <unknown>
#18 0x7f7de449caa4 <unknown>
#19 0x7f7de4529c3c <unknown>

2025-07-12 23:34:42,825 - INFO - 🎯 [16/76] Applying to: AML solutions Architect - LINK: https://www.dice.com/job-detail/38c332bd-5b10-4101-a849-19a9d68d86a4
2025-07-12 23:34:59,536 - INFO -    ✅ Successfully applied!
2025-07-12 23:35:07,464 - INFO - 🎯 [17/76] Applying to: Sr Data Scientist - LINK: https://www.dice.com/job-detail/1a1d0c6c-6740-4325-9160-aca6e6490c8e
2025-07-12 23:35:26,318 - ERROR -    ❌ Cannot click apply button: Message: 
Stacktrace:
#0 0x55f99fc0423a <unknown>
#1 0x55f99f6aeab0 <unknown>
#2 0x55f99f7006f0 <unknown>
#3 0x55f99f7008e1 <unknown>
#4 0x55f99f74eb94 <unknown>
#5 0x55f99f7261cd <unknown>
#6 0x55f99f74bfee <unknown>
#7 0x55f99f725f73 <unknown>
#8 0x55f99f6f2aeb <unknown>
#9 0x55f99f6f3751 <unknown>
#10 0x55f99fbc8b4b <unknown>
#11 0x55f99fbcc929 <unknown>
#12 0x55f99fbaf929 <unknown>
#13 0x55f99fbcd4e8 <unknown>
#14 0x55f99fb940df <unknown>
#15 0x55f99fbf18e8 <unknown>
#16 0x55f99fbf1ac6 <unknown>
#17 0x55f99fc03556 <unknown>
#18 0x7f7de449caa4 <unknown>
#19 0x7f7de4529c3c <unknown>

2025-07-12 23:35:36,236 - INFO - 🎯 [18/76] Applying to: AWS AI Data Engineer - LINK: https://www.dice.com/job-detail/db9c03c7-5bf9-4632-ab7c-e8f3cbd53b14
2025-07-12 23:35:54,866 - ERROR -    ❌ Cannot click apply button: Message: 
Stacktrace:
#0 0x55f99fc0423a <unknown>
#1 0x55f99f6aeab0 <unknown>
#2 0x55f99f7006f0 <unknown>
#3 0x55f99f7008e1 <unknown>
#4 0x55f99f74eb94 <unknown>
#5 0x55f99f7261cd <unknown>
#6 0x55f99f74bfee <unknown>
#7 0x55f99f725f73 <unknown>
#8 0x55f99f6f2aeb <unknown>
#9 0x55f99f6f3751 <unknown>
#10 0x55f99fbc8b4b <unknown>
#11 0x55f99fbcc929 <unknown>
#12 0x55f99fbaf929 <unknown>
#13 0x55f99fbcd4e8 <unknown>
#14 0x55f99fb940df <unknown>
#15 0x55f99fbf18e8 <unknown>
#16 0x55f99fbf1ac6 <unknown>
#17 0x55f99fc03556 <unknown>
#18 0x7f7de449caa4 <unknown>
#19 0x7f7de4529c3c <unknown>

2025-07-12 23:36:02,435 - INFO - 🎯 [19/76] Applying to: Artificial Intelligence Engineer/ Agentic Data Engineer in Richmond, VA (Hybrid) - LINK: https://www.dice.com/job-detail/2476b676-dac5-40b1-88a1-3bf390968209
2025-07-12 23:36:17,841 - INFO -    ✅ Successfully applied!
2025-07-12 23:36:27,509 - INFO - 🎯 [20/76] Applying to: AI Solutions Engineer - Nashville, TN (Hybrid) - LINK: https://www.dice.com/job-detail/a08ef550-2c37-4b2e-89b2-916bcd0fc00f
2025-07-12 23:36:34,233 - INFO -    ⏭️  Already applied - skipping
2025-07-12 23:36:42,825 - INFO - 🎯 [21/76] Applying to: Senior Quantitative Developer Machine Learning & Regulatory Credit Risk - LINK: https://www.dice.com/job-detail/fd6ee124-86e2-4fc8-a61f-8e7c56e8c825
2025-07-12 23:36:58,364 - INFO -    ✅ Successfully applied!
2025-07-12 23:37:07,901 - INFO - 🎯 [22/76] Applying to: Sr. Data Engineer with Medical Imaging - LINK: https://www.dice.com/job-detail/173b31f5-31b3-4af9-b36e-56590db3ee3e
2025-07-12 23:37:22,796 - INFO -    ✅ Successfully applied!
2025-07-12 23:37:33,663 - INFO - 🎯 [23/76] Applying to: AI Engineer - LINK: https://www.dice.com/job-detail/8e3e1e15-6678-42c2-82a3-56dec2ab0aa0
2025-07-12 23:37:50,203 - INFO -    ✅ Successfully applied!
2025-07-12 23:37:59,165 - INFO - 🎯 [24/76] Applying to: GEN AI Engineer - REMOTE - LINK: https://www.dice.com/job-detail/34c661dd-dfe6-46a3-801b-a83a660f113b
2025-07-12 23:38:14,688 - INFO -    ✅ Successfully applied!
2025-07-12 23:38:22,021 - INFO - 🎯 [25/76] Applying to: GenAI Engineer - LINK: https://www.dice.com/job-detail/076a0644-c992-4e3f-ac70-b926fc122566
2025-07-12 23:38:28,699 - INFO -    ⏭️  Already applied - skipping
2025-07-12 23:38:39,367 - INFO - 🎯 [26/76] Applying to: Python developer/Machine Learning Engineer - LINK: https://www.dice.com/job-detail/02c76cc8-4674-4221-8cef-8e1cb824b5d8
2025-07-12 23:38:45,414 - INFO -    ⏭️  Already applied - skipping
2025-07-12 23:38:53,991 - INFO - 🎯 [27/76] Applying to: Lead Data Scientist/Artificial Intelligence Engineer with Agentic AI - LINK: https://www.dice.com/job-detail/f5e3bb28-0006-4dc0-82bb-2edcee13dad0
2025-07-12 23:39:10,168 - INFO -    ✅ Successfully applied!
2025-07-12 23:39:20,235 - INFO - 🎯 [28/76] Applying to: Data scientist - LINK: https://www.dice.com/job-detail/25c29ad4-14e6-4b37-9d35-db3412dedc0b
2025-07-12 23:39:33,371 - INFO -    ✅ Successfully applied!
2025-07-12 23:39:45,883 - INFO - 🎯 [29/76] Applying to: AI Engineer - LINK: https://www.dice.com/job-detail/7301723b-36d0-4d5c-a74a-a6e1bc6a7110
2025-07-12 23:39:51,761 - INFO -    ⏭️  Already applied - skipping
2025-07-12 23:40:02,788 - INFO - 🎯 [30/76] Applying to: Genesys SME/Architect - LINK: https://www.dice.com/job-detail/87350d87-1cd3-4071-adc4-64ff01f24565
2025-07-12 23:40:19,269 - INFO -    ✅ Successfully applied!
2025-07-12 23:40:28,552 - INFO - 🎯 [31/76] Applying to: AI/ML engineer - LINK: https://www.dice.com/job-detail/8da3da31-f901-4ff2-a12a-b9fcccaf5d21
2025-07-12 23:40:42,455 - INFO -    ✅ Successfully applied!
2025-07-12 23:40:50,667 - INFO - 🎯 [32/76] Applying to: ML Engineer/ Data Science - LINK: https://www.dice.com/job-detail/524a8306-51e9-456c-a686-17313829d8f9
2025-07-12 23:41:09,066 - ERROR -    ❌ Cannot click apply button: Message: 
Stacktrace:
#0 0x55f99fc0423a <unknown>
#1 0x55f99f6aeab0 <unknown>
#2 0x55f99f7006f0 <unknown>
#3 0x55f99f7008e1 <unknown>
#4 0x55f99f74eb94 <unknown>
#5 0x55f99f7261cd <unknown>
#6 0x55f99f74bfee <unknown>
#7 0x55f99f725f73 <unknown>
#8 0x55f99f6f2aeb <unknown>
#9 0x55f99f6f3751 <unknown>
#10 0x55f99fbc8b4b <unknown>
#11 0x55f99fbcc929 <unknown>
#12 0x55f99fbaf929 <unknown>
#13 0x55f99fbcd4e8 <unknown>
#14 0x55f99fb940df <unknown>
#15 0x55f99fbf18e8 <unknown>
#16 0x55f99fbf1ac6 <unknown>
#17 0x55f99fc03556 <unknown>
#18 0x7f7de449caa4 <unknown>
#19 0x7f7de4529c3c <unknown>

2025-07-12 23:41:19,985 - INFO - 🎯 [33/76] Applying to: Jr. Data sphere Data Engineer - LINK: https://www.dice.com/job-detail/5ad6f18e-c6dd-49b8-9676-4473b8d47dd1
2025-07-12 23:41:38,852 - ERROR -    ❌ Cannot click apply button: Message: 
Stacktrace:
#0 0x55f99fc0423a <unknown>
#1 0x55f99f6aeab0 <unknown>
#2 0x55f99f7006f0 <unknown>
#3 0x55f99f7008e1 <unknown>
#4 0x55f99f74eb94 <unknown>
#5 0x55f99f7261cd <unknown>
#6 0x55f99f74bfee <unknown>
#7 0x55f99f725f73 <unknown>
#8 0x55f99f6f2aeb <unknown>
#9 0x55f99f6f3751 <unknown>
#10 0x55f99fbc8b4b <unknown>
#11 0x55f99fbcc929 <unknown>
#12 0x55f99fbaf929 <unknown>
#13 0x55f99fbcd4e8 <unknown>
#14 0x55f99fb940df <unknown>
#15 0x55f99fbf18e8 <unknown>
#16 0x55f99fbf1ac6 <unknown>
#17 0x55f99fc03556 <unknown>
#18 0x7f7de449caa4 <unknown>
#19 0x7f7de4529c3c <unknown>

2025-07-12 23:41:49,135 - INFO - 🎯 [34/76] Applying to: Senior Quantitative Developer Machine Learning & Regulatory Credit Risk - LINK: https://www.dice.com/job-detail/45dc0606-d7f3-40c0-8e55-519e29703228
2025-07-12 23:42:04,539 - INFO -    ✅ Successfully applied!
2025-07-12 23:42:14,726 - INFO - 🎯 [35/76] Applying to: Python Gen AI Developer - LINK: https://www.dice.com/job-detail/e2fcc47d-8efd-4754-90c3-01789d56c5ea
2025-07-12 23:42:31,342 - INFO -    ✅ Successfully applied!
2025-07-12 23:42:40,606 - INFO - 🎯 [36/76] Applying to: Agentic Engineer - LINK: https://www.dice.com/job-detail/ded7570f-28d1-4aea-a09d-a77b361c0924
2025-07-12 23:42:56,452 - INFO -    ✅ Successfully applied!
2025-07-12 23:43:06,193 - INFO - 🎯 [37/76] Applying to: AI/ML Engineer @ Arlington, Texas- USA (Day 1 Onsite) _ Full Time - LINK: https://www.dice.com/job-detail/916533d7-a3c2-4aa4-8b0a-96215aaacaf9
2025-07-12 23:43:24,979 - ERROR -    ❌ Cannot click apply button: Message: 
Stacktrace:
#0 0x55f99fc0423a <unknown>
#1 0x55f99f6aeab0 <unknown>
#2 0x55f99f7006f0 <unknown>
#3 0x55f99f7008e1 <unknown>
#4 0x55f99f74eb94 <unknown>
#5 0x55f99f7261cd <unknown>
#6 0x55f99f74bfee <unknown>
#7 0x55f99f725f73 <unknown>
#8 0x55f99f6f2aeb <unknown>
#9 0x55f99f6f3751 <unknown>
#10 0x55f99fbc8b4b <unknown>
#11 0x55f99fbcc929 <unknown>
#12 0x55f99fbaf929 <unknown>
#13 0x55f99fbcd4e8 <unknown>
#14 0x55f99fb940df <unknown>
#15 0x55f99fbf18e8 <unknown>
#16 0x55f99fbf1ac6 <unknown>
#17 0x55f99fc03556 <unknown>
#18 0x7f7de449caa4 <unknown>
#19 0x7f7de4529c3c <unknown>

2025-07-12 23:43:34,492 - INFO - 🎯 [38/76] Applying to: Data Engineer with Medical Imaging - LINK: https://www.dice.com/job-detail/72cdd8ef-f517-4c0d-9cbe-5d5101079221
2025-07-12 23:43:50,769 - INFO -    ✅ Successfully applied!
2025-07-12 23:44:01,286 - INFO - 🎯 [39/76] Applying to: Artificial Intelligence Developer - Lcoal to MA - LINK: https://www.dice.com/job-detail/c1933d99-5754-4345-9f47-902ca94ff772
2025-07-12 23:44:17,492 - INFO -    ✅ Successfully applied!
2025-07-12 23:44:28,809 - INFO - 🎯 [40/76] Applying to: Gen AI Engineer - LINK: https://www.dice.com/job-detail/0063add3-fc73-4ca4-a4ea-908c2df32614
2025-07-12 23:44:45,170 - INFO -    ✅ Successfully applied!
2025-07-12 23:44:55,879 - INFO - 🎯 [41/76] Applying to: AI/ML Engineer GenAI Applications - LINK: https://www.dice.com/job-detail/c56e7958-ccea-472e-987e-add98e2d8cba
2025-07-12 23:45:12,824 - INFO -    ✅ Successfully applied!
2025-07-12 23:45:22,740 - INFO - 🎯 [42/76] Applying to: Agent AI Architect - LINK: https://www.dice.com/job-detail/f1b81d3f-6f86-45d3-84eb-1a4877d6c0dc
2025-07-12 23:45:36,505 - INFO -    ✅ Successfully applied!
2025-07-12 23:45:45,364 - INFO - 🎯 [43/76] Applying to: Azure AI Architect W2 Only - LINK: https://www.dice.com/job-detail/0658a8d9-af7c-41d1-ba8d-063e491d1182
2025-07-12 23:46:02,093 - INFO -    ✅ Successfully applied!
2025-07-12 23:46:12,489 - INFO - 🎯 [44/76] Applying to: Data Analyst - LINK: https://www.dice.com/job-detail/7cef0da4-1ff7-4060-9d3c-3081ba0a6b31
2025-07-12 23:46:27,860 - INFO -    ✅ Successfully applied!
2025-07-12 23:46:38,341 - INFO - 🎯 [45/76] Applying to: AI Agents (Agentic AI) Consultant - LINK: https://www.dice.com/job-detail/22a3bea8-6909-4a8b-8d4a-35ae49574992
2025-07-12 23:46:55,144 - INFO -    ✅ Successfully applied!
2025-07-12 23:47:06,204 - INFO - 🎯 [46/76] Applying to: Artificial Intelligence Engineer - Agentic Data Engineer - LINK: https://www.dice.com/job-detail/7d465919-3bb6-4a38-a062-20e80979aa26
2025-07-12 23:47:20,411 - INFO -    ✅ Successfully applied!
2025-07-12 23:47:32,190 - INFO - 🎯 [47/76] Applying to: AI Data Engineer - LINK: https://www.dice.com/job-detail/92b94be2-543d-4b36-a79a-3d71ac6f3893
2025-07-12 23:47:47,668 - INFO -    ✅ Successfully applied!
2025-07-12 23:48:00,235 - INFO - 🎯 [48/76] Applying to: 767067 - Agentic Engineer - LINK: https://www.dice.com/job-detail/30d38665-502e-4fe8-a1fa-35d4273e83cc
2025-07-12 23:48:14,331 - INFO -    ✅ Successfully applied!
2025-07-12 23:48:22,539 - INFO - 🎯 [49/76] Applying to: AI / ML Engineer / Data Scientist - LINK: https://www.dice.com/job-detail/1852dbc2-f46e-4a3b-bfa8-bd573f1e6b9f
2025-07-12 23:48:28,073 - INFO -    ⏭️  Already applied - skipping
2025-07-12 23:48:39,635 - INFO - 🎯 [50/76] Applying to: AI/ML Engineer - LINK: https://www.dice.com/job-detail/4ad8a5c4-eb0b-4a6b-9f40-83dcf1e3d497
2025-07-12 23:48:56,225 - INFO -    ✅ Successfully applied!
2025-07-12 23:49:05,241 - INFO - 🎯 [51/76] Applying to: Azure GEN AI Solution Architect - LINK: https://www.dice.com/job-detail/8e611d9d-0f31-4427-b15f-109ae1c22eef
2025-07-12 23:49:18,662 - INFO -    ✅ Successfully applied!
2025-07-12 23:49:29,846 - INFO - 🎯 [52/76] Applying to: Python AI/ML Developer - LINK: https://www.dice.com/job-detail/52bfbeb4-a374-4a4a-9b8d-e9c99e29374d
2025-07-12 23:49:49,122 - ERROR -    ❌ Cannot click apply button: Message: 
Stacktrace:
#0 0x55f99fc0423a <unknown>
#1 0x55f99f6aeab0 <unknown>
#2 0x55f99f7006f0 <unknown>
#3 0x55f99f7008e1 <unknown>
#4 0x55f99f74eb94 <unknown>
#5 0x55f99f7261cd <unknown>
#6 0x55f99f74bfee <unknown>
#7 0x55f99f725f73 <unknown>
#8 0x55f99f6f2aeb <unknown>
#9 0x55f99f6f3751 <unknown>
#10 0x55f99fbc8b4b <unknown>
#11 0x55f99fbcc929 <unknown>
#12 0x55f99fbaf929 <unknown>
#13 0x55f99fbcd4e8 <unknown>
#14 0x55f99fb940df <unknown>
#15 0x55f99fbf18e8 <unknown>
#16 0x55f99fbf1ac6 <unknown>
#17 0x55f99fc03556 <unknown>
#18 0x7f7de449caa4 <unknown>
#19 0x7f7de4529c3c <unknown>

2025-07-12 23:49:59,424 - INFO - 🎯 [53/76] Applying to: Lead Data Scientist - Python, Tableau, PowerBI, Hadoop or Spark - LINK: https://www.dice.com/job-detail/2e0c28d9-4def-4a70-84ba-8292dbb9ba48
2025-07-12 23:50:15,859 - INFO -    ✅ Successfully applied!
2025-07-12 23:50:23,752 - INFO - 🎯 [54/76] Applying to: Data Scientist - LINK: https://www.dice.com/job-detail/28976d9c-b739-4a42-9db3-71f82af6513c
2025-07-12 23:50:42,123 - ERROR -    ❌ Cannot click apply button: Message: 
Stacktrace:
#0 0x55f99fc0423a <unknown>
#1 0x55f99f6aeab0 <unknown>
#2 0x55f99f7006f0 <unknown>
#3 0x55f99f7008e1 <unknown>
#4 0x55f99f74eb94 <unknown>
#5 0x55f99f7261cd <unknown>
#6 0x55f99f74bfee <unknown>
#7 0x55f99f725f73 <unknown>
#8 0x55f99f6f2aeb <unknown>
#9 0x55f99f6f3751 <unknown>
#10 0x55f99fbc8b4b <unknown>
#11 0x55f99fbcc929 <unknown>
#12 0x55f99fbaf929 <unknown>
#13 0x55f99fbcd4e8 <unknown>
#14 0x55f99fb940df <unknown>
#15 0x55f99fbf18e8 <unknown>
#16 0x55f99fbf1ac6 <unknown>
#17 0x55f99fc03556 <unknown>
#18 0x7f7de449caa4 <unknown>
#19 0x7f7de4529c3c <unknown>

2025-07-12 23:50:51,240 - INFO - 🎯 [55/76] Applying to: AI/ML Engineer - LINK: https://www.dice.com/job-detail/c2ee5e2f-5fcd-441d-a32d-d1e5318d3ea0
2025-07-12 23:51:07,390 - INFO -    ✅ Successfully applied!
2025-07-12 23:51:18,051 - INFO - 🎯 [56/76] Applying to: Machine Learning Artificial Intelligence Engineer (Only w2- No C2C) - LINK: https://www.dice.com/job-detail/580d43cb-9bf6-4adf-adf0-47e8a13bc756
2025-07-12 23:51:33,993 - INFO -    ✅ Successfully applied!
2025-07-12 23:51:46,397 - INFO - 🎯 [57/76] Applying to: Direct Client:: Fulltime position:: Need Technical Director - GenAI Python DataAnalytics in Multiple locations (IL, MA, CO) - LINK: https://www.dice.com/job-detail/06f2a9a8-7903-4fdc-ad7a-a94e7499ff6a
2025-07-12 23:52:01,914 - INFO -    ✅ Successfully applied!
2025-07-12 23:52:13,899 - INFO - 🎯 [58/76] Applying to: Senior Quantitative Developer Machine Learning & Regulatory Credit Risk - LINK: https://www.dice.com/job-detail/f11f41e2-4fcb-402b-b305-9e01c35ae13a
2025-07-12 23:52:30,082 - INFO -    ✅ Successfully applied!
2025-07-12 23:52:40,103 - INFO - 🎯 [59/76] Applying to: Senior AI/ML & Gen AI Engineer - LINK: https://www.dice.com/job-detail/42430c22-3b9d-4dde-bde4-37438baa4d71
2025-07-12 23:52:57,534 - INFO -    ✅ Successfully applied!
2025-07-12 23:53:10,083 - INFO - 🎯 [60/76] Applying to: Data Scientist with Python - LINK: https://www.dice.com/job-detail/2648306f-b5e6-49ee-8590-06308152d154
2025-07-12 23:53:24,632 - INFO -    ✅ Successfully applied!
2025-07-12 23:53:33,136 - INFO - 🎯 [61/76] Applying to: GenAI Engineer - LINK: https://www.dice.com/job-detail/3452ae11-ca32-42e4-8cd7-e7853e9a96ba
2025-07-12 23:53:50,023 - INFO -    ✅ Successfully applied!
2025-07-12 23:53:59,517 - INFO - 🎯 [62/76] Applying to: Python Developer - LINK: https://www.dice.com/job-detail/87456fbc-173c-4ed9-ac47-074243ef1f87
2025-07-12 23:54:13,971 - INFO -    ✅ Successfully applied!
2025-07-12 23:54:25,036 - INFO - 🎯 [63/76] Applying to: Data Scientist (hybrid) - LINK: https://www.dice.com/job-detail/23b8cfa0-41e8-428d-94dd-afcce5fa5079
2025-07-12 23:54:39,887 - INFO -    ✅ Successfully applied!
2025-07-12 23:54:50,910 - INFO - 🎯 [64/76] Applying to: Direct Client :: Artificial Intelligence Engineer - Agentic Data Engineer _ Richmond, VA 23219 _ Both Phone and In Person - LINK: https://www.dice.com/job-detail/afd7aae2-8585-44e7-ab81-ecadef8c8aa0
2025-07-12 23:55:06,620 - INFO -    ✅ Successfully applied!
2025-07-12 23:55:13,942 - INFO - 🎯 [65/76] Applying to: Senior Data Engineer - LINK: https://www.dice.com/job-detail/32513ce4-4fac-4bcd-b892-2f367d0d899c
2025-07-12 23:55:31,947 - ERROR -    ❌ Cannot click apply button: Message: 
Stacktrace:
#0 0x55f99fc0423a <unknown>
#1 0x55f99f6aeab0 <unknown>
#2 0x55f99f7006f0 <unknown>
#3 0x55f99f7008e1 <unknown>
#4 0x55f99f74eb94 <unknown>
#5 0x55f99f7261cd <unknown>
#6 0x55f99f74bfee <unknown>
#7 0x55f99f725f73 <unknown>
#8 0x55f99f6f2aeb <unknown>
#9 0x55f99f6f3751 <unknown>
#10 0x55f99fbc8b4b <unknown>
#11 0x55f99fbcc929 <unknown>
#12 0x55f99fbaf929 <unknown>
#13 0x55f99fbcd4e8 <unknown>
#14 0x55f99fb940df <unknown>
#15 0x55f99fbf18e8 <unknown>
#16 0x55f99fbf1ac6 <unknown>
#17 0x55f99fc03556 <unknown>
#18 0x7f7de449caa4 <unknown>
#19 0x7f7de4529c3c <unknown>

2025-07-12 23:55:42,203 - INFO - 🎯 [66/76] Applying to: GenAI Engineer - LINK: https://www.dice.com/job-detail/fe586879-3005-4a48-afde-41d5832d5a76
2025-07-12 23:55:47,875 - INFO -    ⏭️  Already applied - skipping
2025-07-12 23:55:58,708 - INFO - 🎯 [67/76] Applying to: Machine Learning Engineer - LINK: https://www.dice.com/job-detail/54d328ae-9be4-46e4-8364-05d81b601ae3
2025-07-12 23:56:04,832 - INFO -    ⏭️  Already applied - skipping
2025-07-12 23:56:16,085 - INFO - 🎯 [68/76] Applying to: Delivery/Program Manager (AI/ML) - Banking/Financial Domain MUST - LINK: https://www.dice.com/job-detail/d134dc9f-12c5-4384-badb-ac5245e1c065
2025-07-12 23:56:30,444 - INFO -    ✅ Successfully applied!
2025-07-12 23:56:39,416 - INFO - 🎯 [69/76] Applying to: Senior AI/ML Data Scientist - LINK: https://www.dice.com/job-detail/34e55a97-b3f8-4935-8199-145bfb915d9d
2025-07-12 23:56:55,135 - INFO -    ✅ Successfully applied!
2025-07-12 23:57:06,296 - INFO - 🎯 [70/76] Applying to: AI Architect / Gen AI Engineer - LINK: https://www.dice.com/job-detail/62aae654-9e10-459c-a35f-f1542766f985
2025-07-12 23:57:22,690 - INFO -    ✅ Successfully applied!
2025-07-12 23:57:34,977 - INFO - 🎯 [71/76] Applying to: Contact Center Data / AI Architect (Genesys / Five9) - LINK: https://www.dice.com/job-detail/65a78884-c6e4-4403-9c10-94c51004271e
2025-07-12 23:57:51,751 - INFO -    ✅ Successfully applied!
2025-07-12 23:58:04,654 - INFO - 🎯 [72/76] Applying to: Azure AI Architect with Python and C# - LINK: https://www.dice.com/job-detail/3d0f8a23-d5d8-429c-aaa3-a68fb00bb37a
2025-07-12 23:58:19,955 - INFO -    ✅ Successfully applied!
2025-07-12 23:58:32,257 - INFO - 🎯 [73/76] Applying to: Data Engineer_ Need Ex Walmart - LINK: https://www.dice.com/job-detail/6cfe42c9-b528-442c-add4-289445cb8374
2025-07-12 23:58:46,509 - INFO -    ✅ Successfully applied!
2025-07-12 23:58:55,717 - INFO - 🎯 [74/76] Applying to: Artificial Intelligence Engineer - Agentic Data Engineer - LINK: https://www.dice.com/job-detail/e5551bf7-31b4-4a5a-a33c-f1d26be0800c
2025-07-12 23:59:14,102 - ERROR -    ❌ Cannot click apply button: Message: 
Stacktrace:
#0 0x55f99fc0423a <unknown>
#1 0x55f99f6aeab0 <unknown>
#2 0x55f99f7006f0 <unknown>
#3 0x55f99f7008e1 <unknown>
#4 0x55f99f74eb94 <unknown>
#5 0x55f99f7261cd <unknown>
#6 0x55f99f74bfee <unknown>
#7 0x55f99f725f73 <unknown>
#8 0x55f99f6f2aeb <unknown>
#9 0x55f99f6f3751 <unknown>
#10 0x55f99fbc8b4b <unknown>
#11 0x55f99fbcc929 <unknown>
#12 0x55f99fbaf929 <unknown>
#13 0x55f99fbcd4e8 <unknown>
#14 0x55f99fb940df <unknown>
#15 0x55f99fbf18e8 <unknown>
#16 0x55f99fbf1ac6 <unknown>
#17 0x55f99fc03556 <unknown>
#18 0x7f7de449caa4 <unknown>
#19 0x7f7de4529c3c <unknown>

2025-07-12 23:59:21,990 - INFO - 🎯 [75/76] Applying to: Immediate Hiring - Data Scientist (AI/ML) - Remote - LINK: https://www.dice.com/job-detail/1ec05b9e-8561-46b4-ad55-ac66dee256cf
2025-07-12 23:59:40,732 - ERROR -    ❌ Cannot click apply button: Message: 
Stacktrace:
#0 0x55f99fc0423a <unknown>
#1 0x55f99f6aeab0 <unknown>
#2 0x55f99f7006f0 <unknown>
#3 0x55f99f7008e1 <unknown>
#4 0x55f99f74eb94 <unknown>
#5 0x55f99f7261cd <unknown>
#6 0x55f99f74bfee <unknown>
#7 0x55f99f725f73 <unknown>
#8 0x55f99f6f2aeb <unknown>
#9 0x55f99f6f3751 <unknown>
#10 0x55f99fbc8b4b <unknown>
#11 0x55f99fbcc929 <unknown>
#12 0x55f99fbaf929 <unknown>
#13 0x55f99fbcd4e8 <unknown>
#14 0x55f99fb940df <unknown>
#15 0x55f99fbf18e8 <unknown>
#16 0x55f99fbf1ac6 <unknown>
#17 0x55f99fc03556 <unknown>
#18 0x7f7de449caa4 <unknown>
#19 0x7f7de4529c3c <unknown>

2025-07-12 23:59:50,221 - INFO - 🎯 [76/76] Applying to: Data Engineer - LINK: https://www.dice.com/job-detail/c03d230f-558a-4c5d-8cb8-d5cb31bc2a43
2025-07-13 00:00:05,193 - INFO -    ✅ Successfully applied!
2025-07-13 00:00:07,565 - INFO - 📊 Processing results...
2025-07-13 00:00:07,586 - INFO - 🎉 Application run completed!
2025-07-13 00:00:07,586 - INFO -    ✅ Newly applied: 55
2025-07-13 00:00:07,586 - INFO -    ⏭️  Already applied: 8
2025-07-13 00:00:07,586 - INFO -    ❌ Failed: 13
2025-07-13 00:00:07,586 - INFO -    📊 Total processed: 76
2025-07-13 00:00:07,586 - INFO -    📁 Total jobs in CSV: 1445
2025-07-13 00:00:07,586 - INFO -    💾 Updated: output/final_ml_jobs.csv
2025-07-13 00:00:07,586 - INFO - 🔧 Closing browser...
