2025-08-04 15:46:04,208 - INFO - 🚀 Starting stealth job application bot
2025-08-04 15:46:05,025 - INFO - 📂 Loading jobs from output/final_ml_jobs.csv
2025-08-04 15:46:05,051 - INFO -    📊 Total jobs in file: 3516
2025-08-04 15:46:05,055 - INFO -    🎯 Easy Apply jobs: 3516
2025-08-04 15:46:05,057 - INFO -    ⏳ Jobs to process: 1510 (status: pending)
2025-08-04 15:46:05,057 - INFO - 🎲 Will attempt 55 applications this run (target: 55)
2025-08-04 15:46:05,057 - INFO - 🔑 Logging into Dice...
2025-08-04 15:46:06,912 - INFO - ✅ Login successful
2025-08-04 15:46:10,325 - INFO - 🔄 Starting job applications...
2025-08-04 15:46:10,326 - INFO - 🎯 [1/55] Applying to: Business Analyst - LINK: https://www.dice.com/job-detail/893badfc-012f-4739-8047-ffb3284cbc48
2025-08-04 15:46:26,741 - INFO -    ✅ Successfully applied!
2025-08-04 15:46:36,513 - INFO - 🎯 [2/55] Applying to: Golang Developer with Java experience - LINK: https://www.dice.com/job-detail/6f85dbf1-89e8-470d-ba5c-1b31da6e768e
2025-08-04 15:46:51,238 - INFO -    ✅ Successfully applied!
2025-08-04 15:47:00,254 - INFO - 🎯 [3/55] Applying to: Full Stack Data Architect - LINK: https://www.dice.com/job-detail/b27421f8-3666-4b74-82e7-1ebfdcb92cf4
2025-08-04 15:47:18,864 - ERROR -    ❌ Cannot click apply button: Message: 
Stacktrace:
#0 0x5558e20bd2ca <unknown>
#1 0x5558e1b64550 <unknown>
#2 0x5558e1bb60f0 <unknown>
#3 0x5558e1bb62e1 <unknown>
#4 0x5558e1c045e4 <unknown>
#5 0x5558e1bdbbed <unknown>
#6 0x5558e1c019e6 <unknown>
#7 0x5558e1bdb993 <unknown>
#8 0x5558e1ba7d6b <unknown>
#9 0x5558e1ba9141 <unknown>
#10 0x5558e20822ab <unknown>
#11 0x5558e20860b9 <unknown>
#12 0x5558e2069139 <unknown>
#13 0x5558e2086c68 <unknown>
#14 0x5558e204d60f <unknown>
#15 0x5558e20ab1f8 <unknown>
#16 0x5558e20ab3d6 <unknown>
#17 0x5558e20bc5e6 <unknown>
#18 0x7f22e909caa4 <unknown>
#19 0x7f22e9129c3c <unknown>

2025-08-04 15:47:29,428 - INFO - 🎯 [4/55] Applying to: Senior Java Developer - LINK: https://www.dice.com/job-detail/ce437d96-f031-4ebf-9bdb-4692aa01b28d
2025-08-04 15:47:48,755 - ERROR -    ❌ Cannot click apply button: Message: 
Stacktrace:
#0 0x5558e20bd2ca <unknown>
#1 0x5558e1b64550 <unknown>
#2 0x5558e1bb60f0 <unknown>
#3 0x5558e1bb62e1 <unknown>
#4 0x5558e1c045e4 <unknown>
#5 0x5558e1bdbbed <unknown>
#6 0x5558e1c019e6 <unknown>
#7 0x5558e1bdb993 <unknown>
#8 0x5558e1ba7d6b <unknown>
#9 0x5558e1ba9141 <unknown>
#10 0x5558e20822ab <unknown>
#11 0x5558e20860b9 <unknown>
#12 0x5558e2069139 <unknown>
#13 0x5558e2086c68 <unknown>
#14 0x5558e204d60f <unknown>
#15 0x5558e20ab1f8 <unknown>
#16 0x5558e20ab3d6 <unknown>
#17 0x5558e20bc5e6 <unknown>
#18 0x7f22e909caa4 <unknown>
#19 0x7f22e9129c3c <unknown>

2025-08-04 15:47:59,927 - INFO - 🎯 [5/55] Applying to: PeopleSoft Business Analyst (FSCM 9.2 AR/Billing Modules) - LINK: https://www.dice.com/job-detail/7f31db31-3db4-446a-a1e3-0bc9f44a26ad
2025-08-04 15:48:15,209 - INFO -    ✅ Successfully applied!
2025-08-04 15:48:21,083 - INFO - 🎯 [6/55] Applying to: Software Test Engineer - LINK: https://www.dice.com/job-detail/540b7b3d-8551-43ba-8f60-86a3b00588e5
2025-08-04 15:48:34,913 - INFO -    ✅ Successfully applied!
2025-08-04 15:48:45,902 - INFO - 🎯 [7/55] Applying to: Senior Developer - Java Migration - LINK: https://www.dice.com/job-detail/b8363c88-b3f5-4129-acb6-301a1c1da1b3
2025-08-04 15:49:01,798 - INFO -    ✅ Successfully applied!
2025-08-04 15:49:12,905 - INFO - 🎯 [8/55] Applying to: Technical Product Owner/Product Manager with AI - LINK: https://www.dice.com/job-detail/498abe87-34a5-4a50-9ac1-7b8355784af5
2025-08-04 15:49:31,719 - ERROR -    ❌ Cannot click apply button: Message: 
Stacktrace:
#0 0x5558e20bd2ca <unknown>
#1 0x5558e1b64550 <unknown>
#2 0x5558e1bb60f0 <unknown>
#3 0x5558e1bb62e1 <unknown>
#4 0x5558e1c045e4 <unknown>
#5 0x5558e1bdbbed <unknown>
#6 0x5558e1c019e6 <unknown>
#7 0x5558e1bdb993 <unknown>
#8 0x5558e1ba7d6b <unknown>
#9 0x5558e1ba9141 <unknown>
#10 0x5558e20822ab <unknown>
#11 0x5558e20860b9 <unknown>
#12 0x5558e2069139 <unknown>
#13 0x5558e2086c68 <unknown>
#14 0x5558e204d60f <unknown>
#15 0x5558e20ab1f8 <unknown>
#16 0x5558e20ab3d6 <unknown>
#17 0x5558e20bc5e6 <unknown>
#18 0x7f22e909caa4 <unknown>
#19 0x7f22e9129c3c <unknown>

2025-08-04 15:49:40,842 - INFO - 🎯 [9/55] Applying to: Senior Full Stack .NET Developer - LINK: https://www.dice.com/job-detail/3c02c8ed-4000-484b-88ec-aea054689895
2025-08-04 15:49:55,622 - INFO -    ✅ Successfully applied!
2025-08-04 15:50:08,415 - INFO - 🎯 [10/55] Applying to: Site Reliability Engineer - LINK: https://www.dice.com/job-detail/05c3562f-b95f-4f23-944b-b93238555ce4
2025-08-04 15:50:21,977 - INFO -    ✅ Successfully applied!
2025-08-04 15:50:31,179 - INFO - 🎯 [11/55] Applying to: SENIOR BACKEND ENGINEER/SOLUTION ARCHITECT - LINK: https://www.dice.com/job-detail/4e949c47-4591-4861-9be2-31c4a9a22148
2025-08-04 15:50:51,012 - ERROR -    ❌ Cannot click apply button: Message: 
Stacktrace:
#0 0x5558e20bd2ca <unknown>
#1 0x5558e1b64550 <unknown>
#2 0x5558e1bb60f0 <unknown>
#3 0x5558e1bb62e1 <unknown>
#4 0x5558e1c045e4 <unknown>
#5 0x5558e1bdbbed <unknown>
#6 0x5558e1c019e6 <unknown>
#7 0x5558e1bdb993 <unknown>
#8 0x5558e1ba7d6b <unknown>
#9 0x5558e1ba9141 <unknown>
#10 0x5558e20822ab <unknown>
#11 0x5558e20860b9 <unknown>
#12 0x5558e2069139 <unknown>
#13 0x5558e2086c68 <unknown>
#14 0x5558e204d60f <unknown>
#15 0x5558e20ab1f8 <unknown>
#16 0x5558e20ab3d6 <unknown>
#17 0x5558e20bc5e6 <unknown>
#18 0x7f22e909caa4 <unknown>
#19 0x7f22e9129c3c <unknown>

2025-08-04 15:50:58,556 - INFO - 🎯 [12/55] Applying to: Junior/Mid Level Google Cloud Platform Data Migration Engineer - LINK: https://www.dice.com/job-detail/40b1e691-d965-4444-bf4d-8d1dc02c4f30
2025-08-04 15:51:14,359 - INFO -    ✅ Successfully applied!
2025-08-04 15:51:24,297 - INFO - 🎯 [13/55] Applying to: Deployed Support Specialist JR - Staging/Mechanicsburg - LINK: https://www.dice.com/job-detail/aebe9e77-7fee-44ca-be03-c19505aa7730
2025-08-04 15:51:40,667 - INFO -    ✅ Successfully applied!
2025-08-04 15:51:51,370 - INFO - 🎯 [14/55] Applying to: Cloud Data Developer - LINK: https://www.dice.com/job-detail/e8ab09fc-2605-459f-b9af-82aafbdbcb54
2025-08-04 15:52:07,465 - INFO -    ✅ Successfully applied!
2025-08-04 15:52:18,549 - INFO - 🎯 [15/55] Applying to: Urgent need for Data Collection Specialist - NY and NV States - LINK: https://www.dice.com/job-detail/d4390257-9dbc-46d6-8045-12fb36ba49d3
2025-08-04 15:52:32,352 - INFO -    ✅ Successfully applied!
2025-08-04 15:52:41,234 - INFO - 🎯 [16/55] Applying to: Senior Oracle Engineer - LINK: https://www.dice.com/job-detail/a5a5170e-2c38-4b6a-8f31-e76b821dd7dd
2025-08-04 15:52:53,794 - INFO -    ✅ Successfully applied!
2025-08-04 15:53:02,328 - INFO - 🎯 [17/55] Applying to: Service Desk Consultant Analyst ? Tier 1 - LINK: https://www.dice.com/job-detail/0f639563-4f69-4ced-8341-4efc7e6288c4
2025-08-04 15:53:16,185 - INFO -    ✅ Successfully applied!
2025-08-04 15:53:24,758 - INFO - 🎯 [18/55] Applying to: Bussiness Analyst - LINK: https://www.dice.com/job-detail/09ba7909-4099-4175-bed8-e6a0bfaffb5c
2025-08-04 15:53:39,189 - INFO -    ✅ Successfully applied!
2025-08-04 15:53:49,361 - INFO - 🎯 [19/55] Applying to: C++ Quant Developer - LINK: https://www.dice.com/job-detail/5099acb5-4219-45e5-96d0-db26023900de
2025-08-04 15:54:07,281 - ERROR -    ❌ Cannot click apply button: Message: 
Stacktrace:
#0 0x5558e20bd2ca <unknown>
#1 0x5558e1b64550 <unknown>
#2 0x5558e1bb60f0 <unknown>
#3 0x5558e1bb62e1 <unknown>
#4 0x5558e1c045e4 <unknown>
#5 0x5558e1bdbbed <unknown>
#6 0x5558e1c019e6 <unknown>
#7 0x5558e1bdb993 <unknown>
#8 0x5558e1ba7d6b <unknown>
#9 0x5558e1ba9141 <unknown>
#10 0x5558e20822ab <unknown>
#11 0x5558e20860b9 <unknown>
#12 0x5558e2069139 <unknown>
#13 0x5558e2086c68 <unknown>
#14 0x5558e204d60f <unknown>
#15 0x5558e20ab1f8 <unknown>
#16 0x5558e20ab3d6 <unknown>
#17 0x5558e20bc5e6 <unknown>
#18 0x7f22e909caa4 <unknown>
#19 0x7f22e9129c3c <unknown>

2025-08-04 15:54:21,428 - INFO - 🎯 [20/55] Applying to: Information Security Engineer - LINK: https://www.dice.com/job-detail/7b914c66-b1ca-4abb-97b2-691a156c335c
2025-08-04 15:54:36,194 - INFO -    ✅ Successfully applied!
2025-08-04 15:54:45,235 - INFO - 🎯 [21/55] Applying to: Senior Business Analyst Financial Services - LINK: https://www.dice.com/job-detail/8430e2e2-a6d9-4709-a9d7-59df3a7a19a8
2025-08-04 15:54:59,548 - INFO -    ✅ Successfully applied!
2025-08-04 15:55:08,406 - INFO - 🎯 [22/55] Applying to: Cloud Architect OpenShift SME - LINK: https://www.dice.com/job-detail/28fbe699-16d6-4842-bfce-03d65080fead
2025-08-04 15:55:25,632 - ERROR -    ❌ Cannot click apply button: Message: 
Stacktrace:
#0 0x5558e20bd2ca <unknown>
#1 0x5558e1b64550 <unknown>
#2 0x5558e1bb60f0 <unknown>
#3 0x5558e1bb62e1 <unknown>
#4 0x5558e1c045e4 <unknown>
#5 0x5558e1bdbbed <unknown>
#6 0x5558e1c019e6 <unknown>
#7 0x5558e1bdb993 <unknown>
#8 0x5558e1ba7d6b <unknown>
#9 0x5558e1ba9141 <unknown>
#10 0x5558e20822ab <unknown>
#11 0x5558e20860b9 <unknown>
#12 0x5558e2069139 <unknown>
#13 0x5558e2086c68 <unknown>
#14 0x5558e204d60f <unknown>
#15 0x5558e20ab1f8 <unknown>
#16 0x5558e20ab3d6 <unknown>
#17 0x5558e20bc5e6 <unknown>
#18 0x7f22e909caa4 <unknown>
#19 0x7f22e9129c3c <unknown>

2025-08-04 15:55:34,861 - INFO - 🎯 [23/55] Applying to: VP of Engineering - LINK: https://www.dice.com/job-detail/b2ef860c-9b59-415d-a9d1-356fc9df2955
2025-08-04 15:55:49,070 - INFO -    ✅ Successfully applied!
2025-08-04 15:55:59,370 - INFO - 🎯 [24/55] Applying to: Hybrid - Senior Data Engineer - Mountain View, CA - LINK: https://www.dice.com/job-detail/a9d33bef-2d82-40a0-82fc-9b063a42033d
2025-08-04 15:56:12,706 - INFO -    ✅ Successfully applied!
2025-08-04 15:56:24,243 - INFO - 🎯 [25/55] Applying to: Data Engineer - LINK: https://www.dice.com/job-detail/927c6683-f465-4f95-85c6-50e3f06f9b14
2025-08-04 15:56:38,101 - INFO -    ✅ Successfully applied!
2025-08-04 15:56:48,917 - INFO - 🎯 [26/55] Applying to: Full Stack Engineer (AI-Enhanced Applications) Remote - LINK: https://www.dice.com/job-detail/a9212def-7203-4cc5-a6ce-bfbe4e5d973a
2025-08-04 15:57:06,832 - ERROR -    ❌ Cannot click apply button: Message: 
Stacktrace:
#0 0x5558e20bd2ca <unknown>
#1 0x5558e1b64550 <unknown>
#2 0x5558e1bb60f0 <unknown>
#3 0x5558e1bb62e1 <unknown>
#4 0x5558e1c045e4 <unknown>
#5 0x5558e1bdbbed <unknown>
#6 0x5558e1c019e6 <unknown>
#7 0x5558e1bdb993 <unknown>
#8 0x5558e1ba7d6b <unknown>
#9 0x5558e1ba9141 <unknown>
#10 0x5558e20822ab <unknown>
#11 0x5558e20860b9 <unknown>
#12 0x5558e2069139 <unknown>
#13 0x5558e2086c68 <unknown>
#14 0x5558e204d60f <unknown>
#15 0x5558e20ab1f8 <unknown>
#16 0x5558e20ab3d6 <unknown>
#17 0x5558e20bc5e6 <unknown>
#18 0x7f22e909caa4 <unknown>
#19 0x7f22e9129c3c <unknown>

2025-08-04 15:57:16,208 - INFO - 🎯 [27/55] Applying to: Full Stack Developer Position in Sunrise FL - LINK: https://www.dice.com/job-detail/93653a1a-80a0-441f-beea-862a5ed6b513
2025-08-04 15:57:30,824 - INFO -    ✅ Successfully applied!
2025-08-04 15:57:39,354 - INFO - 🎯 [28/55] Applying to: IT Project Manager Lead/Specialist - LINK: https://www.dice.com/job-detail/88578fc9-b9ce-4d40-a8f4-54f8575619d8
2025-08-04 15:57:53,387 - INFO -    ✅ Successfully applied!
2025-08-04 15:58:05,930 - INFO - 🎯 [29/55] Applying to: Senior Data Engineer at Mountain View, CA; Hybrid - LINK: https://www.dice.com/job-detail/3355acbe-ab67-4dfe-8e00-782246805ff3
2025-08-04 15:58:20,820 - INFO -    ✅ Successfully applied!
2025-08-04 15:58:31,371 - INFO - 🎯 [30/55] Applying to: Data Architect - LINK: https://www.dice.com/job-detail/fc7da59c-9247-4a35-a818-79303ec6236c
2025-08-04 15:58:45,637 - INFO -    ✅ Successfully applied!
2025-08-04 15:58:54,295 - INFO - 🎯 [31/55] Applying to: Data Network Engineer - LINK: https://www.dice.com/job-detail/9f41dc14-3f68-444e-8478-21f759992f8f
2025-08-04 15:59:08,232 - INFO -    ✅ Successfully applied!
2025-08-04 15:59:16,515 - INFO - 🎯 [32/55] Applying to: Substation Design Engineer III - LINK: https://www.dice.com/job-detail/b7c3f973-fb23-4f96-8d60-ad11311ba630
2025-08-04 15:59:35,370 - ERROR -    ❌ Cannot click apply button: Message: 
Stacktrace:
#0 0x5558e20bd2ca <unknown>
#1 0x5558e1b64550 <unknown>
#2 0x5558e1bb60f0 <unknown>
#3 0x5558e1bb62e1 <unknown>
#4 0x5558e1c045e4 <unknown>
#5 0x5558e1bdbbed <unknown>
#6 0x5558e1c019e6 <unknown>
#7 0x5558e1bdb993 <unknown>
#8 0x5558e1ba7d6b <unknown>
#9 0x5558e1ba9141 <unknown>
#10 0x5558e20822ab <unknown>
#11 0x5558e20860b9 <unknown>
#12 0x5558e2069139 <unknown>
#13 0x5558e2086c68 <unknown>
#14 0x5558e204d60f <unknown>
#15 0x5558e20ab1f8 <unknown>
#16 0x5558e20ab3d6 <unknown>
#17 0x5558e20bc5e6 <unknown>
#18 0x7f22e909caa4 <unknown>
#19 0x7f22e9129c3c <unknown>

2025-08-04 15:59:42,269 - INFO - 🎯 [33/55] Applying to: Salesforce Developer - LINK: https://www.dice.com/job-detail/4600c36e-dabd-435a-b0b3-2ebd4f96b24e
2025-08-04 15:59:57,364 - INFO -    ✅ Successfully applied!
2025-08-04 16:00:08,359 - INFO - 🎯 [34/55] Applying to: Senior Full-Stack Java Developer w/ ArcGIS (446557) - LINK: https://www.dice.com/job-detail/a9a1002d-da52-4662-ad57-12e9701f99fe
2025-08-04 16:00:23,852 - INFO -    ✅ Successfully applied!
2025-08-04 16:00:37,577 - INFO - 🎯 [35/55] Applying to: Sr. Marketing Automation Specialist - LINK: https://www.dice.com/job-detail/f704911e-2062-4269-9464-154f29a2d70f
2025-08-04 16:00:55,888 - ERROR -    ❌ Cannot click apply button: Message: 
Stacktrace:
#0 0x5558e20bd2ca <unknown>
#1 0x5558e1b64550 <unknown>
#2 0x5558e1bb60f0 <unknown>
#3 0x5558e1bb62e1 <unknown>
#4 0x5558e1c045e4 <unknown>
#5 0x5558e1bdbbed <unknown>
#6 0x5558e1c019e6 <unknown>
#7 0x5558e1bdb993 <unknown>
#8 0x5558e1ba7d6b <unknown>
#9 0x5558e1ba9141 <unknown>
#10 0x5558e20822ab <unknown>
#11 0x5558e20860b9 <unknown>
#12 0x5558e2069139 <unknown>
#13 0x5558e2086c68 <unknown>
#14 0x5558e204d60f <unknown>
#15 0x5558e20ab1f8 <unknown>
#16 0x5558e20ab3d6 <unknown>
#17 0x5558e20bc5e6 <unknown>
#18 0x7f22e909caa4 <unknown>
#19 0x7f22e9129c3c <unknown>

2025-08-04 16:01:08,384 - INFO - 🎯 [36/55] Applying to: Oracle WMS Functional Consultant - LINK: https://www.dice.com/job-detail/fd129da4-7874-4643-b3c5-3fc4268b848a
2025-08-04 16:01:23,627 - INFO -    ✅ Successfully applied!
2025-08-04 16:01:35,331 - INFO - 🎯 [37/55] Applying to: A/B testing with Data Analyst (Onsite in Mountain view,CA) - LINK: https://www.dice.com/job-detail/1857f745-f197-4fd9-b502-0c859f2622c4
2025-08-04 16:01:50,704 - INFO -    ✅ Successfully applied!
2025-08-04 16:02:02,652 - INFO - 🎯 [38/55] Applying to: .Net Full stack developer::Need locals to NY/NJ with Government domain - LINK: https://www.dice.com/job-detail/41d8f8b8-76b0-41a5-9357-dc4db3f55ded
2025-08-04 16:02:21,668 - ERROR -    ❌ Cannot click apply button: Message: 
Stacktrace:
#0 0x5558e20bd2ca <unknown>
#1 0x5558e1b64550 <unknown>
#2 0x5558e1bb60f0 <unknown>
#3 0x5558e1bb62e1 <unknown>
#4 0x5558e1c045e4 <unknown>
#5 0x5558e1bdbbed <unknown>
#6 0x5558e1c019e6 <unknown>
#7 0x5558e1bdb993 <unknown>
#8 0x5558e1ba7d6b <unknown>
#9 0x5558e1ba9141 <unknown>
#10 0x5558e20822ab <unknown>
#11 0x5558e20860b9 <unknown>
#12 0x5558e2069139 <unknown>
#13 0x5558e2086c68 <unknown>
#14 0x5558e204d60f <unknown>
#15 0x5558e20ab1f8 <unknown>
#16 0x5558e20ab3d6 <unknown>
#17 0x5558e20bc5e6 <unknown>
#18 0x7f22e909caa4 <unknown>
#19 0x7f22e9129c3c <unknown>

2025-08-04 16:02:31,837 - INFO - 🎯 [39/55] Applying to: 1099/W2 Role || Sr. Business Analyst (BA)****Inperson Interview Required - LINK: https://www.dice.com/job-detail/387526af-9932-469f-9086-6059d97d7a03
2025-08-04 16:02:44,583 - INFO -    ✅ Successfully applied!
2025-08-04 16:02:52,884 - INFO - 🎯 [40/55] Applying to: Full Stack Developer - Angular and C#.NET Core - LINK: https://www.dice.com/job-detail/d13546d5-1a56-42e9-a4cc-cee530fe72c0
2025-08-04 16:03:07,468 - INFO -    ✅ Successfully applied!
2025-08-04 16:03:21,090 - INFO - 🎯 [41/55] Applying to: Oracle EBS Developer - LINK: https://www.dice.com/job-detail/d98a0267-27e2-4b8e-a416-89dbb6d18265
2025-08-04 16:03:36,921 - INFO -    ✅ Successfully applied!
2025-08-04 16:03:47,631 - INFO - 🎯 [42/55] Applying to: Quantitative Analytics Specialist 4 - LINK: https://www.dice.com/job-detail/681fb19a-fc07-4d44-b97a-5eeed82b02a1
2025-08-04 16:04:02,115 - INFO -    ✅ Successfully applied!
2025-08-04 16:04:11,687 - INFO - 🎯 [43/55] Applying to: Technical Business Analyst - Mobile Industry - LINK: https://www.dice.com/job-detail/655c2467-e3f7-4d4a-89de-270b3b142bc3
2025-08-04 16:04:26,673 - INFO -    ✅ Successfully applied!
2025-08-04 16:04:35,355 - INFO - 🎯 [44/55] Applying to: Java Full-Stack Developer- AI Application Development - LINK: https://www.dice.com/job-detail/8241f240-6036-4123-ad08-6c9be52759b0
2025-08-04 16:04:54,586 - ERROR -    ❌ Cannot click apply button: Message: 
Stacktrace:
#0 0x5558e20bd2ca <unknown>
#1 0x5558e1b64550 <unknown>
#2 0x5558e1bb60f0 <unknown>
#3 0x5558e1bb62e1 <unknown>
#4 0x5558e1c045e4 <unknown>
#5 0x5558e1bdbbed <unknown>
#6 0x5558e1c019e6 <unknown>
#7 0x5558e1bdb993 <unknown>
#8 0x5558e1ba7d6b <unknown>
#9 0x5558e1ba9141 <unknown>
#10 0x5558e20822ab <unknown>
#11 0x5558e20860b9 <unknown>
#12 0x5558e2069139 <unknown>
#13 0x5558e2086c68 <unknown>
#14 0x5558e204d60f <unknown>
#15 0x5558e20ab1f8 <unknown>
#16 0x5558e20ab3d6 <unknown>
#17 0x5558e20bc5e6 <unknown>
#18 0x7f22e909caa4 <unknown>
#19 0x7f22e9129c3c <unknown>

2025-08-04 16:05:02,193 - INFO - 🎯 [45/55] Applying to: Senior Quantitative Researcher, Buy-Side, PhD Preferred - R - LINK: https://www.dice.com/job-detail/a851ad07-729a-459e-9f42-8127b0ac9352
2025-08-04 16:05:17,141 - INFO -    ✅ Successfully applied!
2025-08-04 16:05:26,017 - INFO - 🎯 [46/55] Applying to: Google Cloud Platform Cloud Architect/ Tech Lead - LINK: https://www.dice.com/job-detail/148699ea-c862-4548-8d08-4e902d70cdff
2025-08-04 16:05:45,168 - ERROR -    ❌ Cannot click apply button: Message: 
Stacktrace:
#0 0x5558e20bd2ca <unknown>
#1 0x5558e1b64550 <unknown>
#2 0x5558e1bb60f0 <unknown>
#3 0x5558e1bb62e1 <unknown>
#4 0x5558e1c045e4 <unknown>
#5 0x5558e1bdbbed <unknown>
#6 0x5558e1c019e6 <unknown>
#7 0x5558e1bdb993 <unknown>
#8 0x5558e1ba7d6b <unknown>
#9 0x5558e1ba9141 <unknown>
#10 0x5558e20822ab <unknown>
#11 0x5558e20860b9 <unknown>
#12 0x5558e2069139 <unknown>
#13 0x5558e2086c68 <unknown>
#14 0x5558e204d60f <unknown>
#15 0x5558e20ab1f8 <unknown>
#16 0x5558e20ab3d6 <unknown>
#17 0x5558e20bc5e6 <unknown>
#18 0x7f22e909caa4 <unknown>
#19 0x7f22e9129c3c <unknown>

2025-08-04 16:05:55,209 - INFO - 🎯 [47/55] Applying to: Chinese Mandarin Operational Language Analyst 2 (FSP) - LINK: https://www.dice.com/job-detail/1572709f-3be2-4362-b23e-5bb5e508e733
2025-08-04 16:06:09,159 - INFO -    ✅ Successfully applied!
2025-08-04 16:06:17,372 - INFO - 🎯 [48/55] Applying to: Bilingual (Mandarin) Business Analyst - LINK: https://www.dice.com/job-detail/3b70d273-9a1a-45c3-8489-6ea00449e742
2025-08-04 16:06:33,712 - INFO -    ✅ Successfully applied!
2025-08-04 16:06:44,681 - INFO - 🎯 [49/55] Applying to: Data Engineer - LINK: https://www.dice.com/job-detail/6e28763e-8b75-427a-b1d6-33153833c07d
2025-08-04 16:07:00,584 - INFO -    ✅ Successfully applied!
2025-08-04 16:07:09,245 - INFO - 🎯 [50/55] Applying to: Foundry Manufacturing Engineer - LINK: https://www.dice.com/job-detail/bf45cc51-95e6-4068-97fc-698e6560aa16
2025-08-04 16:07:24,029 - INFO -    ✅ Successfully applied!
2025-08-04 16:07:33,588 - INFO - 🎯 [51/55] Applying to: Dimensional Engineer - LINK: https://www.dice.com/job-detail/28e842f0-4917-44bb-abc2-c5c7c0aff1f1
2025-08-04 16:07:48,951 - INFO -    ✅ Successfully applied!
2025-08-04 16:07:58,090 - INFO - 🎯 [52/55] Applying to: Platform Engineer - LINK: https://www.dice.com/job-detail/e822a908-271c-4a2e-842d-d143c06b83db
2025-08-04 16:08:17,270 - ERROR -    ❌ Cannot click apply button: Message: 
Stacktrace:
#0 0x5558e20bd2ca <unknown>
#1 0x5558e1b64550 <unknown>
#2 0x5558e1bb60f0 <unknown>
#3 0x5558e1bb62e1 <unknown>
#4 0x5558e1c045e4 <unknown>
#5 0x5558e1bdbbed <unknown>
#6 0x5558e1c019e6 <unknown>
#7 0x5558e1bdb993 <unknown>
#8 0x5558e1ba7d6b <unknown>
#9 0x5558e1ba9141 <unknown>
#10 0x5558e20822ab <unknown>
#11 0x5558e20860b9 <unknown>
#12 0x5558e2069139 <unknown>
#13 0x5558e2086c68 <unknown>
#14 0x5558e204d60f <unknown>
#15 0x5558e20ab1f8 <unknown>
#16 0x5558e20ab3d6 <unknown>
#17 0x5558e20bc5e6 <unknown>
#18 0x7f22e909caa4 <unknown>
#19 0x7f22e9129c3c <unknown>

2025-08-04 16:08:27,499 - INFO - 🎯 [53/55] Applying to: Sr Data Engineer (DBT, Snowflake) - LINK: https://www.dice.com/job-detail/004c3378-0e37-42ba-aaf6-12292684e16f
2025-08-04 16:08:43,207 - INFO -    ✅ Successfully applied!
2025-08-04 16:08:54,469 - INFO - 🎯 [54/55] Applying to: IBM Watson X Developer - LINK: https://www.dice.com/job-detail/28fafae2-1307-4cb9-8118-9eafbfa58694
2025-08-04 16:09:14,276 - ERROR -    ❌ Cannot click apply button: Message: 
Stacktrace:
#0 0x5558e20bd2ca <unknown>
#1 0x5558e1b64550 <unknown>
#2 0x5558e1bb60f0 <unknown>
#3 0x5558e1bb62e1 <unknown>
#4 0x5558e1c045e4 <unknown>
#5 0x5558e1bdbbed <unknown>
#6 0x5558e1c019e6 <unknown>
#7 0x5558e1bdb993 <unknown>
#8 0x5558e1ba7d6b <unknown>
#9 0x5558e1ba9141 <unknown>
#10 0x5558e20822ab <unknown>
#11 0x5558e20860b9 <unknown>
#12 0x5558e2069139 <unknown>
#13 0x5558e2086c68 <unknown>
#14 0x5558e204d60f <unknown>
#15 0x5558e20ab1f8 <unknown>
#16 0x5558e20ab3d6 <unknown>
#17 0x5558e20bc5e6 <unknown>
#18 0x7f22e909caa4 <unknown>
#19 0x7f22e9129c3c <unknown>

2025-08-04 16:09:23,880 - INFO - 🎯 [55/55] Applying to: Application Architect: III (Senior) - LINK: https://www.dice.com/job-detail/a92551a1-73b1-44c0-ae12-af5327c325a4
2025-08-04 16:09:38,633 - INFO -    ✅ Successfully applied!
2025-08-04 16:09:41,482 - INFO - 📊 Processing results...
2025-08-04 16:09:41,526 - INFO - 🎉 Application run completed!
2025-08-04 16:09:41,526 - INFO -    ✅ Newly applied: 41
2025-08-04 16:09:41,527 - INFO -    ⏭️  Already applied: 0
2025-08-04 16:09:41,527 - INFO -    ❌ Failed: 14
2025-08-04 16:09:41,527 - INFO -    📊 Total processed: 55
2025-08-04 16:09:41,527 - INFO -    📁 Total jobs in CSV: 3516
2025-08-04 16:09:41,527 - INFO -    💾 Updated: output/final_ml_jobs.csv
2025-08-04 16:09:41,527 - INFO - 🔧 Closing browser...
