2025-07-31 23:29:30,602 - INFO - 🚀 Starting stealth job application bot
2025-07-31 23:29:41,524 - INFO - 📂 Loading jobs from output/final_ml_jobs.csv
2025-07-31 23:29:41,534 - INFO -    📊 Total jobs in file: 1369
2025-07-31 23:29:41,535 - INFO -    🎯 Easy Apply jobs: 1369
2025-07-31 23:29:41,536 - INFO -    ⏳ Jobs to process: 9 (status: pending)
2025-07-31 23:29:41,536 - INFO - 🎲 Will attempt 9 applications this run (target: 58)
2025-07-31 23:29:41,536 - INFO - 🔑 Logging into Dice...
2025-07-31 23:29:45,057 - INFO - ✅ Login successful
2025-07-31 23:29:49,303 - INFO - 🔄 Starting job applications...
2025-07-31 23:29:49,304 - INFO - 🎯 [1/9] Applying to: Data Scientist - Remote / Telecommute - LINK: https://www.dice.com/job-detail/6cadcea4-4f12-4ebd-b16b-b8e8b1f4ce1f
2025-07-31 23:30:11,315 - ERROR -    ❌ Cannot click first NEXT button: Message: 
Stacktrace:
#0 0x557051e092ca <unknown>
#1 0x5570518b0550 <unknown>
#2 0x5570519020f0 <unknown>
#3 0x5570519022e1 <unknown>
#4 0x5570519505e4 <unknown>
#5 0x557051927bed <unknown>
#6 0x55705194d9e6 <unknown>
#7 0x557051927993 <unknown>
#8 0x5570518f3d6b <unknown>
#9 0x5570518f5141 <unknown>
#10 0x557051dce2ab <unknown>
#11 0x557051dd20b9 <unknown>
#12 0x557051db5139 <unknown>
#13 0x557051dd2c68 <unknown>
#14 0x557051d9960f <unknown>
#15 0x557051df71f8 <unknown>
#16 0x557051df73d6 <unknown>
#17 0x557051e085e6 <unknown>
#18 0x7fd3d889caa4 <unknown>
#19 0x7fd3d8929c3c <unknown>

2025-07-31 23:30:24,886 - INFO - 🎯 [2/9] Applying to: Machine Learning Engineer with Generative AI - LINK: https://www.dice.com/job-detail/334590be-9a66-471b-b648-d74fe8f8c329
2025-07-31 23:30:45,851 - ERROR -    ❌ Cannot click first NEXT button: Message: 
Stacktrace:
#0 0x557051e092ca <unknown>
#1 0x5570518b0550 <unknown>
#2 0x5570519020f0 <unknown>
#3 0x5570519022e1 <unknown>
#4 0x5570519505e4 <unknown>
#5 0x557051927bed <unknown>
#6 0x55705194d9e6 <unknown>
#7 0x557051927993 <unknown>
#8 0x5570518f3d6b <unknown>
#9 0x5570518f5141 <unknown>
#10 0x557051dce2ab <unknown>
#11 0x557051dd20b9 <unknown>
#12 0x557051db5139 <unknown>
#13 0x557051dd2c68 <unknown>
#14 0x557051d9960f <unknown>
#15 0x557051df71f8 <unknown>
#16 0x557051df73d6 <unknown>
#17 0x557051e085e6 <unknown>
#18 0x7fd3d889caa4 <unknown>
#19 0x7fd3d8929c3c <unknown>

2025-07-31 23:30:52,714 - INFO - 🎯 [3/9] Applying to: AI/ML Product Architect ( Manufacturing background) - LINK: https://www.dice.com/job-detail/5e19bc4f-1f94-4718-975a-f99ff89cc613
2025-07-31 23:31:12,838 - ERROR -    ❌ Cannot click first NEXT button: Message: 
Stacktrace:
#0 0x557051e092ca <unknown>
#1 0x5570518b0550 <unknown>
#2 0x5570519020f0 <unknown>
#3 0x5570519022e1 <unknown>
#4 0x5570519505e4 <unknown>
#5 0x557051927bed <unknown>
#6 0x55705194d9e6 <unknown>
#7 0x557051927993 <unknown>
#8 0x5570518f3d6b <unknown>
#9 0x5570518f5141 <unknown>
#10 0x557051dce2ab <unknown>
#11 0x557051dd20b9 <unknown>
#12 0x557051db5139 <unknown>
#13 0x557051dd2c68 <unknown>
#14 0x557051d9960f <unknown>
#15 0x557051df71f8 <unknown>
#16 0x557051df73d6 <unknown>
#17 0x557051e085e6 <unknown>
#18 0x7fd3d889caa4 <unknown>
#19 0x7fd3d8929c3c <unknown>

2025-07-31 23:31:24,082 - INFO - 🎯 [4/9] Applying to: Cloud Infrastructure/ AI/ML Engineer III - LINK: https://www.dice.com/job-detail/a90f0616-fcd3-4d38-b78a-cb5dafc5cf60
2025-07-31 23:31:46,396 - ERROR -    ❌ Cannot click first NEXT button: Message: 
Stacktrace:
#0 0x557051e092ca <unknown>
#1 0x5570518b0550 <unknown>
#2 0x5570519020f0 <unknown>
#3 0x5570519022e1 <unknown>
#4 0x5570519505e4 <unknown>
#5 0x557051927bed <unknown>
#6 0x55705194d9e6 <unknown>
#7 0x557051927993 <unknown>
#8 0x5570518f3d6b <unknown>
#9 0x5570518f5141 <unknown>
#10 0x557051dce2ab <unknown>
#11 0x557051dd20b9 <unknown>
#12 0x557051db5139 <unknown>
#13 0x557051dd2c68 <unknown>
#14 0x557051d9960f <unknown>
#15 0x557051df71f8 <unknown>
#16 0x557051df73d6 <unknown>
#17 0x557051e085e6 <unknown>
#18 0x7fd3d889caa4 <unknown>
#19 0x7fd3d8929c3c <unknown>

2025-07-31 23:31:56,179 - INFO - 🎯 [5/9] Applying to: Senior Power BI + GenAI Integration Architect - LINK: https://www.dice.com/job-detail/8e77e764-2891-41d5-bc34-11493a900251
2025-07-31 23:32:15,965 - ERROR -    ❌ Cannot click first NEXT button: Message: 
Stacktrace:
#0 0x557051e092ca <unknown>
#1 0x5570518b0550 <unknown>
#2 0x5570519020f0 <unknown>
#3 0x5570519022e1 <unknown>
#4 0x5570519505e4 <unknown>
#5 0x557051927bed <unknown>
#6 0x55705194d9e6 <unknown>
#7 0x557051927993 <unknown>
#8 0x5570518f3d6b <unknown>
#9 0x5570518f5141 <unknown>
#10 0x557051dce2ab <unknown>
#11 0x557051dd20b9 <unknown>
#12 0x557051db5139 <unknown>
#13 0x557051dd2c68 <unknown>
#14 0x557051d9960f <unknown>
#15 0x557051df71f8 <unknown>
#16 0x557051df73d6 <unknown>
#17 0x557051e085e6 <unknown>
#18 0x7fd3d889caa4 <unknown>
#19 0x7fd3d8929c3c <unknown>

2025-07-31 23:32:26,058 - INFO - 🎯 [6/9] Applying to: QA Engineer - AI/ML - LINK: https://www.dice.com/job-detail/d59c5d21-5863-4a2b-b357-d3d53890abd3
2025-07-31 23:32:45,711 - ERROR -    ❌ Cannot click first NEXT button: Message: 
Stacktrace:
#0 0x557051e092ca <unknown>
#1 0x5570518b0550 <unknown>
#2 0x5570519020f0 <unknown>
#3 0x5570519022e1 <unknown>
#4 0x5570519505e4 <unknown>
#5 0x557051927bed <unknown>
#6 0x55705194d9e6 <unknown>
#7 0x557051927993 <unknown>
#8 0x5570518f3d6b <unknown>
#9 0x5570518f5141 <unknown>
#10 0x557051dce2ab <unknown>
#11 0x557051dd20b9 <unknown>
#12 0x557051db5139 <unknown>
#13 0x557051dd2c68 <unknown>
#14 0x557051d9960f <unknown>
#15 0x557051df71f8 <unknown>
#16 0x557051df73d6 <unknown>
#17 0x557051e085e6 <unknown>
#18 0x7fd3d889caa4 <unknown>
#19 0x7fd3d8929c3c <unknown>

2025-07-31 23:32:56,127 - INFO - 🎯 [7/9] Applying to: HIRING NOW: Genesys & Five9 IVR/Data Ecosystem Consultant Location: Phoenix, AZ (Onsite) - LINK: https://www.dice.com/job-detail/3be2860e-91bb-44d6-a481-ef25c52c2ada
2025-07-31 23:33:15,692 - ERROR -    ❌ Cannot click first NEXT button: Message: 
Stacktrace:
#0 0x557051e092ca <unknown>
#1 0x5570518b0550 <unknown>
#2 0x5570519020f0 <unknown>
#3 0x5570519022e1 <unknown>
#4 0x5570519505e4 <unknown>
#5 0x557051927bed <unknown>
#6 0x55705194d9e6 <unknown>
#7 0x557051927993 <unknown>
#8 0x5570518f3d6b <unknown>
#9 0x5570518f5141 <unknown>
#10 0x557051dce2ab <unknown>
#11 0x557051dd20b9 <unknown>
#12 0x557051db5139 <unknown>
#13 0x557051dd2c68 <unknown>
#14 0x557051d9960f <unknown>
#15 0x557051df71f8 <unknown>
#16 0x557051df73d6 <unknown>
#17 0x557051e085e6 <unknown>
#18 0x7fd3d889caa4 <unknown>
#19 0x7fd3d8929c3c <unknown>

2025-07-31 23:33:27,043 - INFO - 🎯 [8/9] Applying to: Senior AI/ML Product Manager - W2 ONLY - LINK: https://www.dice.com/job-detail/1b465dc3-bb7a-4689-af2e-eae3b846f5cc
2025-07-31 23:33:47,851 - ERROR -    ❌ Cannot click first NEXT button: Message: 
Stacktrace:
#0 0x557051e092ca <unknown>
#1 0x5570518b0550 <unknown>
#2 0x5570519020f0 <unknown>
#3 0x5570519022e1 <unknown>
#4 0x5570519505e4 <unknown>
#5 0x557051927bed <unknown>
#6 0x55705194d9e6 <unknown>
#7 0x557051927993 <unknown>
#8 0x5570518f3d6b <unknown>
#9 0x5570518f5141 <unknown>
#10 0x557051dce2ab <unknown>
#11 0x557051dd20b9 <unknown>
#12 0x557051db5139 <unknown>
#13 0x557051dd2c68 <unknown>
#14 0x557051d9960f <unknown>
#15 0x557051df71f8 <unknown>
#16 0x557051df73d6 <unknown>
#17 0x557051e085e6 <unknown>
#18 0x7fd3d889caa4 <unknown>
#19 0x7fd3d8929c3c <unknown>

2025-07-31 23:33:56,439 - INFO - 🎯 [9/9] Applying to: AI Developer (Must have Health care domain experience) - LINK: https://www.dice.com/job-detail/b917ae4a-eacf-4466-a7c2-040fc4ddd25d
2025-07-31 23:34:17,424 - ERROR -    ❌ Cannot click first NEXT button: Message: 
Stacktrace:
#0 0x557051e092ca <unknown>
#1 0x5570518b0550 <unknown>
#2 0x5570519020f0 <unknown>
#3 0x5570519022e1 <unknown>
#4 0x5570519505e4 <unknown>
#5 0x557051927bed <unknown>
#6 0x55705194d9e6 <unknown>
#7 0x557051927993 <unknown>
#8 0x5570518f3d6b <unknown>
#9 0x5570518f5141 <unknown>
#10 0x557051dce2ab <unknown>
#11 0x557051dd20b9 <unknown>
#12 0x557051db5139 <unknown>
#13 0x557051dd2c68 <unknown>
#14 0x557051d9960f <unknown>
#15 0x557051df71f8 <unknown>
#16 0x557051df73d6 <unknown>
#17 0x557051e085e6 <unknown>
#18 0x7fd3d889caa4 <unknown>
#19 0x7fd3d8929c3c <unknown>

2025-07-31 23:34:19,294 - INFO - 📊 Processing results...
2025-07-31 23:34:19,313 - INFO - 🎉 Application run completed!
2025-07-31 23:34:19,314 - INFO -    ✅ Newly applied: 0
2025-07-31 23:34:19,314 - INFO -    ⏭️  Already applied: 0
2025-07-31 23:34:19,314 - INFO -    ❌ Failed: 9
2025-07-31 23:34:19,314 - INFO -    📊 Total processed: 9
2025-07-31 23:34:19,314 - INFO -    📁 Total jobs in CSV: 1369
2025-07-31 23:34:19,314 - INFO -    💾 Updated: output/final_ml_jobs.csv
2025-07-31 23:34:19,314 - INFO - 🔧 Closing browser...
