2025-09-14 03:20:46,641 - INFO - 🚀 Starting ROBUST stealth job application bot
2025-09-14 03:20:46,641 - INFO - ⚙️  Debug mode: OFF
2025-09-14 03:20:46,641 - INFO - ⚙️  Process failed jobs: False
2025-09-14 03:20:56,357 - INFO - 📂 Loading jobs from output/final_ml_jobs.csv
2025-09-14 03:20:56,384 - INFO -    📊 Total jobs in file: 2749
2025-09-14 03:20:56,386 - INFO -    🎯 Easy Apply jobs: 2749
2025-09-14 03:20:56,392 - INFO -    ⏳ Jobs to process: 3 (status: pending)
2025-09-14 03:20:56,392 - INFO - 🎲 Will attempt 3 applications this run (target: 58)
2025-09-14 03:20:56,392 - INFO - 🔑 Logging into Dice...
2025-09-14 03:20:59,880 - INFO - ✅ Login successful
2025-09-14 03:21:03,910 - INFO - 🔄 Starting job applications...
2025-09-14 03:21:03,910 - INFO - 🎯 [1/3] Applying to: Senior Embedded Software Engineer - LINK: https://www.dice.com/job-detail/54df6548-0eb0-432c-8118-cda0ccdeb072
2025-09-14 03:21:16,721 - INFO -    🔄 Looking for apply button...
2025-09-14 03:21:19,457 - INFO -    ✅ Apply button clicked (regular click)
2025-09-14 03:21:21,917 - INFO -    🔍 Checking if we're on application page...
2025-09-14 03:21:21,920 - INFO -    Current URL: https://www.dice.com/apply?eyJjb3JyZWxhdGlvbl9pZCI6ImJjMzQ4M2VjLWVkNjItNGE2Yy1iZWY2LTZlNmYxNzJlODk1ZSIsImRqdlZlcnNpb24iOiJuZXciLCJqb2JJZCI6IjU0ZGY2NTQ4LTBlYjAtNDMyYy04MTE4LWNkYTBjY2RlYjA3MiIsImpvYlVybCI6Imh0dHBzOi8vd3d3LmRpY2UuY29tL2pvYi1kZXRhaWwvNTRkZjY1NDgtMGViMC00MzJjLTgxMTgtY2RhMGNjZGViMDcyIiwiam9iVGl0bGUiOiJTZW5pb3IgRW1iZWRkZWQgU29mdHdhcmUgRW5naW5lZXIiLCJzZWFyY2hMaW5rIjoiIn0=
2025-09-14 03:21:21,924 - INFO -    Page title: Apply
2025-09-14 03:21:26,287 - INFO -    ✅ Successfully on application page
2025-09-14 03:21:26,300 - INFO -    🔄 Looking for NEXT button...
2025-09-14 03:21:28,871 - INFO -    ✅ NEXT button clicked
2025-09-14 03:21:33,171 - INFO -    🔄 Looking for SUBMIT button...
2025-09-14 03:21:34,801 - INFO -    ✅ SUBMIT button clicked
2025-09-14 03:21:34,801 - INFO -    ✅ Successfully applied!
2025-09-14 03:21:43,275 - INFO - 🎯 [2/3] Applying to: Business Analyst - LINK: https://www.dice.com/job-detail/d054cc11-2746-4bc0-a0e1-886822343761
2025-09-14 03:21:54,963 - INFO -    🔄 Looking for apply button...
2025-09-14 03:21:56,433 - INFO -    ✅ Apply button clicked (regular click)
2025-09-14 03:22:00,125 - INFO -    🔍 Checking if we're on application page...
2025-09-14 03:22:00,129 - INFO -    Current URL: https://www.dice.com/apply?eyJjb3JyZWxhdGlvbl9pZCI6ImNhYjhkOWI3LTBhMDEtNDY0OS04Y2M3LWE4NTA2ZGFhY2ZhZiIsImRqdlZlcnNpb24iOiJuZXciLCJqb2JJZCI6ImQwNTRjYzExLTI3NDYtNGJjMC1hMGUxLTg4NjgyMjM0Mzc2MSIsImpvYlVybCI6Imh0dHBzOi8vd3d3LmRpY2UuY29tL2pvYi1kZXRhaWwvZDA1NGNjMTEtMjc0Ni00YmMwLWEwZTEtODg2ODIyMzQzNzYxIiwiam9iVGl0bGUiOiJCdXNpbmVzcyBBbmFseXN0Iiwic2VhcmNoTGluayI6IiJ9
2025-09-14 03:22:00,132 - INFO -    Page title: Apply
2025-09-14 03:22:04,846 - INFO -    ✅ Successfully on application page
2025-09-14 03:22:04,859 - INFO -    🔄 Looking for NEXT button...
2025-09-14 03:22:06,419 - INFO -    ✅ NEXT button clicked
2025-09-14 03:22:08,637 - INFO -    🔄 Looking for SUBMIT button...
2025-09-14 03:22:11,179 - INFO -    ✅ SUBMIT button clicked
2025-09-14 03:22:11,179 - INFO -    ✅ Successfully applied!
2025-09-14 03:22:22,217 - INFO - 🎯 [3/3] Applying to: Sr. Software Engineer - LINK: https://www.dice.com/job-detail/21d04e3d-aa00-4478-b5fc-9853a9c42c43
2025-09-14 03:22:22,224 - WARNING - 🔄 Driver crashed, restarting...
2025-09-14 03:22:36,254 - INFO -    🔄 Looking for apply button...
2025-09-14 03:22:38,052 - INFO -    ✅ Apply button clicked (regular click)
2025-09-14 03:22:40,835 - INFO -    🔍 Checking if we're on application page...
2025-09-14 03:22:40,839 - INFO -    Current URL: https://www.dice.com/job-detail/21d04e3d-aa00-4478-b5fc-9853a9c42c43
2025-09-14 03:22:40,843 - INFO -    Page title: Sr. Software Engineer - Robert Half - Menlo Park, CA
2025-09-14 03:22:46,029 - INFO -    ✅ Successfully on application page
2025-09-14 03:22:46,039 - INFO -    🔄 Looking for NEXT button...
2025-09-14 03:22:56,154 - ERROR -    ❌ Cannot click first NEXT button: Message: 
Stacktrace:
#0 0x5647630a594a <unknown>
#1 0x564762b1a8a0 <unknown>
#2 0x564762b6c540 <unknown>
#3 0x564762b6c731 <unknown>
#4 0x564762bba824 <unknown>
#5 0x564762b9205d <unknown>
#6 0x564762bb7c23 <unknown>
#7 0x564762b91e03 <unknown>
#8 0x564762b5e968 <unknown>
#9 0x564762b5f5e1 <unknown>
#10 0x564763069548 <unknown>
#11 0x56476306d272 <unknown>
#12 0x564763050313 <unknown>
#13 0x56476306ddc5 <unknown>
#14 0x56476303549f <unknown>
#15 0x564763092158 <unknown>
#16 0x564763092332 <unknown>
#17 0x5647630a4a53 <unknown>
#18 0x7f984a49caa4 <unknown>
#19 0x7f984a529c3c <unknown>

2025-09-14 03:23:01,389 - INFO - 📊 Processing results...
2025-09-14 03:23:01,426 - INFO - 🎉 Application run completed!
2025-09-14 03:23:01,426 - INFO -    ✅ Newly applied: 2
2025-09-14 03:23:01,426 - INFO -    ⏭️  Already applied: 0
2025-09-14 03:23:01,426 - INFO -    ❌ Failed: 1
2025-09-14 03:23:01,426 - INFO -    📊 Total processed: 3
2025-09-14 03:23:01,426 - INFO -    📁 Total jobs in CSV: 2749
2025-09-14 03:23:01,426 - INFO -    💾 Updated: output/final_ml_jobs.csv
2025-09-14 03:23:01,426 - INFO - 🔧 Closing browser...
