2025-08-05 17:39:52,680 - INFO - 🚀 Starting stealth job application bot
2025-08-05 17:40:00,626 - INFO - 📂 Loading jobs from output/final_ml_jobs.csv
2025-08-05 17:40:00,652 - INFO -    📊 Total jobs in file: 4014
2025-08-05 17:40:00,654 - INFO -    🎯 Easy Apply jobs: 4014
2025-08-05 17:40:00,656 - INFO -    ⏳ Jobs to process: 1334 (status: pending)
2025-08-05 17:40:00,656 - INFO - 🎲 Will attempt 55 applications this run (target: 55)
2025-08-05 17:40:00,656 - INFO - 🔑 Logging into Dice...
2025-08-05 17:40:04,163 - INFO - ✅ Login successful
2025-08-05 17:40:06,138 - INFO - 🔄 Starting job applications...
2025-08-05 17:40:06,138 - INFO - 🎯 [1/55] Applying to: Senior Data Engineer in Fremont, CA (Only Locals) - LINK: https://www.dice.com/job-detail/2d160e92-1eb5-44ed-bcc2-55d6950d3002
2025-08-05 17:40:23,391 - INFO -    ✅ Successfully applied!
2025-08-05 17:40:33,615 - INFO - 🎯 [2/55] Applying to: Gameplay Software Engineer II - LINK: https://www.dice.com/job-detail/e703790a-9fe5-48a4-a681-7d88d797e109
2025-08-05 17:40:56,302 - INFO -    ✅ Successfully applied!
2025-08-05 17:41:04,473 - INFO - 🎯 [3/55] Applying to: Solution Engineer - LINK: https://www.dice.com/job-detail/05c410ae-c2e8-473d-8e38-f5ae73a6fbc5
2025-08-05 17:41:20,595 - INFO -    ✅ Successfully applied!
2025-08-05 17:41:30,105 - INFO - 🎯 [4/55] Applying to: Data Engineer - LINK: https://www.dice.com/job-detail/92be99d0-5024-4c98-afc0-93ee95696460
2025-08-05 17:41:49,011 - ERROR -    ❌ Cannot click apply button: Message: 
Stacktrace:
#0 0x55a3cca912ca <unknown>
#1 0x55a3cc538550 <unknown>
#2 0x55a3cc58a0f0 <unknown>
#3 0x55a3cc58a2e1 <unknown>
#4 0x55a3cc5d85e4 <unknown>
#5 0x55a3cc5afbed <unknown>
#6 0x55a3cc5d59e6 <unknown>
#7 0x55a3cc5af993 <unknown>
#8 0x55a3cc57bd6b <unknown>
#9 0x55a3cc57d141 <unknown>
#10 0x55a3cca562ab <unknown>
#11 0x55a3cca5a0b9 <unknown>
#12 0x55a3cca3d139 <unknown>
#13 0x55a3cca5ac68 <unknown>
#14 0x55a3cca2160f <unknown>
#15 0x55a3cca7f1f8 <unknown>
#16 0x55a3cca7f3d6 <unknown>
#17 0x55a3cca905e6 <unknown>
#18 0x7f5d1b49caa4 <unknown>
#19 0x7f5d1b529c3c <unknown>

2025-08-05 17:41:59,985 - INFO - 🎯 [5/55] Applying to: Enterprise Solution Architect - LINK: https://www.dice.com/job-detail/1004dc13-6fed-49f3-9223-1172a742ddcb
2025-08-05 17:42:15,150 - INFO -    ✅ Successfully applied!
2025-08-05 17:42:26,580 - INFO - 🎯 [6/55] Applying to: Guidewire PolicyCenter Business Analyst with Commercial Lines - LINK: https://www.dice.com/job-detail/282af567-5e6b-4314-b8a2-18e693f51837
2025-08-05 17:42:44,430 - INFO -    ✅ Successfully applied!
2025-08-05 17:42:52,360 - INFO - 🎯 [7/55] Applying to: Agentic AI-based Quality Assurance Architect - LINK: https://www.dice.com/job-detail/95bd0fad-585a-496d-9ffb-889075b5a583
2025-08-05 17:43:11,406 - INFO -    ✅ Successfully applied!
2025-08-05 17:43:19,881 - INFO - 🎯 [8/55] Applying to: Principal Data Architect or Google Cloud Platform Big Query Data Architect - LINK: https://www.dice.com/job-detail/1d625a97-33fd-4101-b845-10a296f6893e
2025-08-05 17:43:34,938 - INFO -    ✅ Successfully applied!
2025-08-05 17:43:46,360 - INFO - 🎯 [9/55] Applying to: Data Architect- MS Fabric- Camden, NJ (Hybrid)-Duration: 4 months+ Contract - LINK: https://www.dice.com/job-detail/04641a1b-bfae-4280-888f-847dce08e3f7
2025-08-05 17:44:05,819 - ERROR -    ❌ Cannot click apply button: Message: 
Stacktrace:
#0 0x55a3cca912ca <unknown>
#1 0x55a3cc538550 <unknown>
#2 0x55a3cc58a0f0 <unknown>
#3 0x55a3cc58a2e1 <unknown>
#4 0x55a3cc5d85e4 <unknown>
#5 0x55a3cc5afbed <unknown>
#6 0x55a3cc5d59e6 <unknown>
#7 0x55a3cc5af993 <unknown>
#8 0x55a3cc57bd6b <unknown>
#9 0x55a3cc57d141 <unknown>
#10 0x55a3cca562ab <unknown>
#11 0x55a3cca5a0b9 <unknown>
#12 0x55a3cca3d139 <unknown>
#13 0x55a3cca5ac68 <unknown>
#14 0x55a3cca2160f <unknown>
#15 0x55a3cca7f1f8 <unknown>
#16 0x55a3cca7f3d6 <unknown>
#17 0x55a3cca905e6 <unknown>
#18 0x7f5d1b49caa4 <unknown>
#19 0x7f5d1b529c3c <unknown>

2025-08-05 17:44:17,032 - INFO - 🎯 [10/55] Applying to: Technical Support Analyst / Endpoint Engineer II - Samford, CT - LINK: https://www.dice.com/job-detail/5d7a9bb2-3f61-4b3b-9288-7b977ce18346
2025-08-05 17:44:31,030 - INFO -    ✅ Successfully applied!
2025-08-05 17:44:37,523 - INFO - 🎯 [11/55] Applying to: Fraud AML Solution Architect - LINK: https://www.dice.com/job-detail/cd1caae2-eefe-4b05-9580-e55dfdddb72f
2025-08-05 17:44:55,866 - INFO -    ✅ Successfully applied!
2025-08-05 17:45:06,056 - INFO - 🎯 [12/55] Applying to: Network Architect - LINK: https://www.dice.com/job-detail/4193afc2-61d6-4b44-b98a-1d2a984b8206
2025-08-05 17:45:21,930 - INFO -    ✅ Successfully applied!
2025-08-05 17:45:33,718 - INFO - 🎯 [13/55] Applying to: Starburst Data Engineer - LINK: https://www.dice.com/job-detail/8589fb5c-2d47-4a3e-961b-8bfc29b25c4d
2025-08-05 17:45:50,668 - INFO -    ✅ Successfully applied!
2025-08-05 17:46:02,630 - INFO - 🎯 [14/55] Applying to: AWS Architect - US Remote w/Travel - LINK: https://www.dice.com/job-detail/4323679f-6ba3-4c4f-b11a-f68ff952129c
2025-08-05 17:46:19,260 - INFO -    ✅ Successfully applied!
2025-08-05 17:46:30,571 - INFO - 🎯 [15/55] Applying to: Sr. ETL IDMC Informatica - APM lead Developer - 100% Remote - LINK: https://www.dice.com/job-detail/94938312-c859-4306-b2b7-68913c2fc4eb
2025-08-05 17:46:48,731 - INFO -    ✅ Successfully applied!
2025-08-05 17:46:59,035 - INFO - 🎯 [16/55] Applying to: Business Systems Analyst (BSA) - LINK: https://www.dice.com/job-detail/e0ea27c8-3880-4595-8635-03603fcb4757
2025-08-05 17:47:14,275 - INFO -    ✅ Successfully applied!
2025-08-05 17:47:25,239 - INFO - 🎯 [17/55] Applying to: Java Full Stack Developer - Remote with JBPM - 8+ Years only - LINK: https://www.dice.com/job-detail/647c7d4d-64e9-4823-a612-ccc09459a160
2025-08-05 17:47:40,347 - INFO -    ✅ Successfully applied!
2025-08-05 17:47:51,800 - INFO - 🎯 [18/55] Applying to: Akamai Consultant - LINK: https://www.dice.com/job-detail/d4af335d-3abd-47c2-a2c2-9e6a5b3bf00e
2025-08-05 17:48:07,871 - INFO -    ✅ Successfully applied!
2025-08-05 17:48:19,738 - INFO - 🎯 [19/55] Applying to: Lead Full-Stack .Net Developer - LINK: https://www.dice.com/job-detail/c19e2eaf-001a-4f07-bfb2-09757bbb890f
2025-08-05 17:48:38,882 - ERROR -    ❌ Cannot click apply button: Message: 
Stacktrace:
#0 0x55a3cca912ca <unknown>
#1 0x55a3cc538550 <unknown>
#2 0x55a3cc58a0f0 <unknown>
#3 0x55a3cc58a2e1 <unknown>
#4 0x55a3cc5d85e4 <unknown>
#5 0x55a3cc5afbed <unknown>
#6 0x55a3cc5d59e6 <unknown>
#7 0x55a3cc5af993 <unknown>
#8 0x55a3cc57bd6b <unknown>
#9 0x55a3cc57d141 <unknown>
#10 0x55a3cca562ab <unknown>
#11 0x55a3cca5a0b9 <unknown>
#12 0x55a3cca3d139 <unknown>
#13 0x55a3cca5ac68 <unknown>
#14 0x55a3cca2160f <unknown>
#15 0x55a3cca7f1f8 <unknown>
#16 0x55a3cca7f3d6 <unknown>
#17 0x55a3cca905e6 <unknown>
#18 0x7f5d1b49caa4 <unknown>
#19 0x7f5d1b529c3c <unknown>

2025-08-05 17:48:50,508 - INFO - 🎯 [20/55] Applying to: Senior Cross-Platform App Developer (Mobile Developer) - LINK: https://www.dice.com/job-detail/5093377f-86d3-46b7-9c66-1f01ed847ac7
2025-08-05 17:49:06,498 - INFO -    ✅ Successfully applied!
2025-08-05 17:49:14,037 - INFO - 🎯 [21/55] Applying to: Software Engineer - LINK: https://www.dice.com/job-detail/15cef861-4123-4253-9ae5-9e22dd39e61a
2025-08-05 17:49:29,752 - INFO -    ✅ Successfully applied!
2025-08-05 17:49:40,967 - INFO - 🎯 [22/55] Applying to: Manager Data Engineer - LINK: https://www.dice.com/job-detail/2319e927-cd8d-4f22-a469-69413eebfb46
2025-08-05 17:49:59,838 - ERROR -    ❌ Cannot click apply button: Message: 
Stacktrace:
#0 0x55a3cca912ca <unknown>
#1 0x55a3cc538550 <unknown>
#2 0x55a3cc58a0f0 <unknown>
#3 0x55a3cc58a2e1 <unknown>
#4 0x55a3cc5d85e4 <unknown>
#5 0x55a3cc5afbed <unknown>
#6 0x55a3cc5d59e6 <unknown>
#7 0x55a3cc5af993 <unknown>
#8 0x55a3cc57bd6b <unknown>
#9 0x55a3cc57d141 <unknown>
#10 0x55a3cca562ab <unknown>
#11 0x55a3cca5a0b9 <unknown>
#12 0x55a3cca3d139 <unknown>
#13 0x55a3cca5ac68 <unknown>
#14 0x55a3cca2160f <unknown>
#15 0x55a3cca7f1f8 <unknown>
#16 0x55a3cca7f3d6 <unknown>
#17 0x55a3cca905e6 <unknown>
#18 0x7f5d1b49caa4 <unknown>
#19 0x7f5d1b529c3c <unknown>

2025-08-05 17:50:08,427 - INFO - 🎯 [23/55] Applying to: SENIOR DATA ENGINEER - LINK: https://www.dice.com/job-detail/6b4a89b9-bf12-42ed-8515-ee239d0242b2
2025-08-05 17:50:24,594 - INFO -    ✅ Successfully applied!
2025-08-05 17:50:36,317 - INFO - 🎯 [24/55] Applying to: ( INDIA Role) Senior Pega Developer - LINK: https://www.dice.com/job-detail/92b275c6-6bc5-4858-b540-61a7e9d0ba61
2025-08-05 17:50:51,715 - INFO -    ✅ Successfully applied!
2025-08-05 17:51:04,809 - INFO - 🎯 [25/55] Applying to: RPA Developer - LINK: https://www.dice.com/job-detail/bef253b4-444c-4e05-bbae-adbc6aed3c52
2025-08-05 17:51:23,175 - ERROR -    ❌ Cannot click apply button: Message: 
Stacktrace:
#0 0x55a3cca912ca <unknown>
#1 0x55a3cc538550 <unknown>
#2 0x55a3cc58a0f0 <unknown>
#3 0x55a3cc58a2e1 <unknown>
#4 0x55a3cc5d85e4 <unknown>
#5 0x55a3cc5afbed <unknown>
#6 0x55a3cc5d59e6 <unknown>
#7 0x55a3cc5af993 <unknown>
#8 0x55a3cc57bd6b <unknown>
#9 0x55a3cc57d141 <unknown>
#10 0x55a3cca562ab <unknown>
#11 0x55a3cca5a0b9 <unknown>
#12 0x55a3cca3d139 <unknown>
#13 0x55a3cca5ac68 <unknown>
#14 0x55a3cca2160f <unknown>
#15 0x55a3cca7f1f8 <unknown>
#16 0x55a3cca7f3d6 <unknown>
#17 0x55a3cca905e6 <unknown>
#18 0x7f5d1b49caa4 <unknown>
#19 0x7f5d1b529c3c <unknown>

2025-08-05 17:51:32,089 - INFO - 🎯 [26/55] Applying to: Azure Data Architect - AI/ML - LINK: https://www.dice.com/job-detail/ebe2e45c-88b8-49e4-8b3f-22bcc889af10
2025-08-05 17:51:45,265 - INFO -    ✅ Successfully applied!
2025-08-05 17:51:54,042 - INFO - 🎯 [27/55] Applying to: Data Architect /AVP - Data & Cloud Transformation - LINK: https://www.dice.com/job-detail/4ffa8d44-f7e7-4c1c-9166-364f282be1c8
2025-08-05 17:52:13,057 - ERROR -    ❌ Cannot click apply button: Message: 
Stacktrace:
#0 0x55a3cca912ca <unknown>
#1 0x55a3cc538550 <unknown>
#2 0x55a3cc58a0f0 <unknown>
#3 0x55a3cc58a2e1 <unknown>
#4 0x55a3cc5d85e4 <unknown>
#5 0x55a3cc5afbed <unknown>
#6 0x55a3cc5d59e6 <unknown>
#7 0x55a3cc5af993 <unknown>
#8 0x55a3cc57bd6b <unknown>
#9 0x55a3cc57d141 <unknown>
#10 0x55a3cca562ab <unknown>
#11 0x55a3cca5a0b9 <unknown>
#12 0x55a3cca3d139 <unknown>
#13 0x55a3cca5ac68 <unknown>
#14 0x55a3cca2160f <unknown>
#15 0x55a3cca7f1f8 <unknown>
#16 0x55a3cca7f3d6 <unknown>
#17 0x55a3cca905e6 <unknown>
#18 0x7f5d1b49caa4 <unknown>
#19 0x7f5d1b529c3c <unknown>

2025-08-05 17:52:22,073 - INFO - 🎯 [28/55] Applying to: .Net Developer with RPA & AIML (W2-Contract) - LINK: https://www.dice.com/job-detail/f6c77105-66c2-4223-90e9-d08d732b6430
2025-08-05 17:52:38,676 - INFO -    ✅ Successfully applied!
2025-08-05 17:52:48,038 - INFO - 🎯 [29/55] Applying to: Python Developer - LINK: https://www.dice.com/job-detail/295773ca-bddb-4e8d-8f05-e7e996219501
2025-08-05 17:53:03,529 - INFO -    ✅ Successfully applied!
2025-08-05 17:53:16,310 - INFO - 🎯 [30/55] Applying to: Python Developer - LINK: https://www.dice.com/job-detail/b8e4f515-4924-45a6-9803-cd4ea47b1994
2025-08-05 17:53:33,447 - INFO -    ✅ Successfully applied!
2025-08-05 17:53:43,721 - INFO - 🎯 [31/55] Applying to: Big Data Developer (Python &Pyspark) - LINK: https://www.dice.com/job-detail/a4eec80c-3e06-416a-aae5-e7bba5a195d5
2025-08-05 17:54:01,189 - INFO -    ✅ Successfully applied!
2025-08-05 17:54:11,197 - INFO - 🎯 [32/55] Applying to: Java Full Stack Developer - LINK: https://www.dice.com/job-detail/b2e44df7-49f8-495b-bb17-95aff5e1dd6a
2025-08-05 17:54:30,323 - ERROR -    ❌ Cannot click apply button: Message: 
Stacktrace:
#0 0x55a3cca912ca <unknown>
#1 0x55a3cc538550 <unknown>
#2 0x55a3cc58a0f0 <unknown>
#3 0x55a3cc58a2e1 <unknown>
#4 0x55a3cc5d85e4 <unknown>
#5 0x55a3cc5afbed <unknown>
#6 0x55a3cc5d59e6 <unknown>
#7 0x55a3cc5af993 <unknown>
#8 0x55a3cc57bd6b <unknown>
#9 0x55a3cc57d141 <unknown>
#10 0x55a3cca562ab <unknown>
#11 0x55a3cca5a0b9 <unknown>
#12 0x55a3cca3d139 <unknown>
#13 0x55a3cca5ac68 <unknown>
#14 0x55a3cca2160f <unknown>
#15 0x55a3cca7f1f8 <unknown>
#16 0x55a3cca7f3d6 <unknown>
#17 0x55a3cca905e6 <unknown>
#18 0x7f5d1b49caa4 <unknown>
#19 0x7f5d1b529c3c <unknown>

2025-08-05 17:54:37,882 - INFO - 🎯 [33/55] Applying to: Test Analyst - LINK: https://www.dice.com/job-detail/8c8b0df2-e337-4410-90c1-c93cce637654
2025-08-05 17:54:56,995 - ERROR -    ❌ Cannot click apply button: Message: 
Stacktrace:
#0 0x55a3cca912ca <unknown>
#1 0x55a3cc538550 <unknown>
#2 0x55a3cc58a0f0 <unknown>
#3 0x55a3cc58a2e1 <unknown>
#4 0x55a3cc5d85e4 <unknown>
#5 0x55a3cc5afbed <unknown>
#6 0x55a3cc5d59e6 <unknown>
#7 0x55a3cc5af993 <unknown>
#8 0x55a3cc57bd6b <unknown>
#9 0x55a3cc57d141 <unknown>
#10 0x55a3cca562ab <unknown>
#11 0x55a3cca5a0b9 <unknown>
#12 0x55a3cca3d139 <unknown>
#13 0x55a3cca5ac68 <unknown>
#14 0x55a3cca2160f <unknown>
#15 0x55a3cca7f1f8 <unknown>
#16 0x55a3cca7f3d6 <unknown>
#17 0x55a3cca905e6 <unknown>
#18 0x7f5d1b49caa4 <unknown>
#19 0x7f5d1b529c3c <unknown>

2025-08-05 17:55:09,306 - INFO - 🎯 [34/55] Applying to: Azure Enterprise Solution Architect - LINK: https://www.dice.com/job-detail/20e45086-8990-43c3-90b6-0ce85d6eb115
2025-08-05 17:55:25,058 - INFO -    ✅ Successfully applied!
2025-08-05 17:55:35,605 - INFO - 🎯 [35/55] Applying to: Business Data Analyst - LINK: https://www.dice.com/job-detail/96ee68cc-5be2-478b-bcf4-be1920d227d2
2025-08-05 17:55:55,003 - ERROR -    ❌ Cannot click apply button: Message: 
Stacktrace:
#0 0x55a3cca912ca <unknown>
#1 0x55a3cc538550 <unknown>
#2 0x55a3cc58a0f0 <unknown>
#3 0x55a3cc58a2e1 <unknown>
#4 0x55a3cc5d85e4 <unknown>
#5 0x55a3cc5afbed <unknown>
#6 0x55a3cc5d59e6 <unknown>
#7 0x55a3cc5af993 <unknown>
#8 0x55a3cc57bd6b <unknown>
#9 0x55a3cc57d141 <unknown>
#10 0x55a3cca562ab <unknown>
#11 0x55a3cca5a0b9 <unknown>
#12 0x55a3cca3d139 <unknown>
#13 0x55a3cca5ac68 <unknown>
#14 0x55a3cca2160f <unknown>
#15 0x55a3cca7f1f8 <unknown>
#16 0x55a3cca7f3d6 <unknown>
#17 0x55a3cca905e6 <unknown>
#18 0x7f5d1b49caa4 <unknown>
#19 0x7f5d1b529c3c <unknown>

2025-08-05 17:56:05,556 - INFO - 🎯 [36/55] Applying to: ERP/CRM Consultant - LINK: https://www.dice.com/job-detail/beb89674-76e4-499a-a988-e05aa23be287
2025-08-05 17:56:19,663 - INFO -    ✅ Successfully applied!
2025-08-05 17:56:28,231 - INFO - 🎯 [37/55] Applying to: Senior Data Engineer - LINK: https://www.dice.com/job-detail/8b48c6d3-34fd-47df-9431-666780626edc
2025-08-05 17:56:45,873 - INFO -    ✅ Successfully applied!
2025-08-05 17:56:55,847 - INFO - 🎯 [38/55] Applying to: Mid Level Software Engineer / .NET / Angular - LINK: https://www.dice.com/job-detail/63ff48d2-81e6-4b6a-b7e2-e53dd18723ea
2025-08-05 17:57:08,923 - INFO -    ✅ Successfully applied!
2025-08-05 17:57:19,364 - INFO - 🎯 [39/55] Applying to: Senior System Engineer with GKE - LINK: https://www.dice.com/job-detail/1e4b75ad-d711-43a8-bad0-8c81c82db40d
2025-08-05 17:57:38,285 - ERROR -    ❌ Cannot click apply button: Message: 
Stacktrace:
#0 0x55a3cca912ca <unknown>
#1 0x55a3cc538550 <unknown>
#2 0x55a3cc58a0f0 <unknown>
#3 0x55a3cc58a2e1 <unknown>
#4 0x55a3cc5d85e4 <unknown>
#5 0x55a3cc5afbed <unknown>
#6 0x55a3cc5d59e6 <unknown>
#7 0x55a3cc5af993 <unknown>
#8 0x55a3cc57bd6b <unknown>
#9 0x55a3cc57d141 <unknown>
#10 0x55a3cca562ab <unknown>
#11 0x55a3cca5a0b9 <unknown>
#12 0x55a3cca3d139 <unknown>
#13 0x55a3cca5ac68 <unknown>
#14 0x55a3cca2160f <unknown>
#15 0x55a3cca7f1f8 <unknown>
#16 0x55a3cca7f3d6 <unknown>
#17 0x55a3cca905e6 <unknown>
#18 0x7f5d1b49caa4 <unknown>
#19 0x7f5d1b529c3c <unknown>

2025-08-05 17:57:45,090 - INFO - 🎯 [40/55] Applying to: Data Analyst (in-person Interview ) - LINK: https://www.dice.com/job-detail/61d8c2c1-82b1-41a9-a508-04409cf50285
2025-08-05 17:58:00,676 - INFO -    ✅ Successfully applied!
2025-08-05 17:58:06,179 - INFO - 🎯 [41/55] Applying to: AI/ML Data Scientist - REMOTE - LINK: https://www.dice.com/job-detail/78a5511b-9aa4-4668-ba86-8ed1e5317132
2025-08-05 17:58:20,218 - INFO -    ✅ Successfully applied!
2025-08-05 17:58:29,897 - INFO - 🎯 [42/55] Applying to: Application Architect - LINK: https://www.dice.com/job-detail/cd870648-aa67-4265-8f90-c13f4f19f886
2025-08-05 17:58:47,942 - INFO -    ✅ Successfully applied!
2025-08-05 17:58:56,671 - INFO - 🎯 [43/55] Applying to: Infor Manufacturing and Engineering - LINK: https://www.dice.com/job-detail/6872becd-5edf-4a03-a657-7a8d931f97b6
2025-08-05 17:59:13,052 - INFO -    ✅ Successfully applied!
2025-08-05 17:59:23,440 - INFO - 🎯 [44/55] Applying to: Data Engineer - LINK: https://www.dice.com/job-detail/e05eb9ea-c8e8-42ed-9bd4-3e7f10d06314
2025-08-05 17:59:39,989 - INFO -    ✅ Successfully applied!
2025-08-05 17:59:49,354 - INFO - 🎯 [45/55] Applying to: Jr. Computer Operations Analyst - LINK: https://www.dice.com/job-detail/87784c66-49a2-448b-8913-04918a9b7996
2025-08-05 18:00:04,735 - INFO -    ✅ Successfully applied!
2025-08-05 18:00:15,359 - INFO - 🎯 [46/55] Applying to: Technical Architect for Snowflake Data Pipelines (Real-Time Focus) - LINK: https://www.dice.com/job-detail/3bc20af3-7feb-4308-bacb-1da29f64c91c
2025-08-05 18:00:29,581 - INFO -    ✅ Successfully applied!
2025-08-05 18:00:41,240 - INFO - 🎯 [47/55] Applying to: ServiceNow Analyst/Developer or ServiceNow Business Analyst - LINK: https://www.dice.com/job-detail/92c0a5a2-1b49-45c9-9a28-ed688a71db75
2025-08-05 18:00:56,952 - INFO -    ✅ Successfully applied!
2025-08-05 18:01:08,036 - INFO - 🎯 [48/55] Applying to: Sr. Data Engineer (Reporting Team Strategist) - W2 (NO C2C) - Maryland Heights, MO - Locals only (Hybrid 4 days onsite per week) Posted by Tauqeer - LINK: https://www.dice.com/job-detail/2826a15b-76e2-4340-a1dc-d132dafa5a9b
2025-08-05 18:01:25,680 - INFO -    ✅ Successfully applied!
2025-08-05 18:01:35,326 - INFO - 🎯 [49/55] Applying to: Data Visualization & Governance Analyst - LINK: https://www.dice.com/job-detail/f19c2db1-98c1-4db8-a5ca-2f556a9634b4
2025-08-05 18:01:52,456 - INFO -    ✅ Successfully applied!
2025-08-05 18:02:03,885 - INFO - 🎯 [50/55] Applying to: Business Intelligence Business Objects SQL Developer (32539) - LINK: https://www.dice.com/job-detail/9ccdb027-ab00-4aa6-bf6a-087b731f1a34
2025-08-05 18:02:20,097 - INFO -    ✅ Successfully applied!
2025-08-05 18:02:27,300 - INFO - 🎯 [51/55] Applying to: SSIS Developer - LINK: https://www.dice.com/job-detail/f83b5ce7-e446-447b-ad08-5cbcfe0d3e57
2025-08-05 18:02:40,926 - INFO -    ✅ Successfully applied!
2025-08-05 18:02:49,695 - INFO - 🎯 [52/55] Applying to: Data Scientist - W2 Only - LINK: https://www.dice.com/job-detail/9d891965-2c3e-4f3b-b438-442402d894e8
2025-08-05 18:03:05,129 - INFO -    ✅ Successfully applied!
2025-08-05 18:03:14,948 - INFO - 🎯 [53/55] Applying to: Remote - Mid Level Software Engineer - LINK: https://www.dice.com/job-detail/eba3df76-ed7c-492f-ae16-51ae7312dd98
2025-08-05 18:03:31,543 - INFO -    ✅ Successfully applied!
2025-08-05 18:03:41,014 - INFO - 🎯 [54/55] Applying to: Data Scientist - Hybrid Role in CA - Locals Only - Retail Domain is Must - LINK: https://www.dice.com/job-detail/3db81ed8-37de-44ce-8023-9c77b15ff1e7
2025-08-05 18:03:56,052 - INFO -    ✅ Successfully applied!
2025-08-05 18:04:05,562 - INFO - 🎯 [55/55] Applying to: Business Systems Analyst - LINK: https://www.dice.com/job-detail/e41a67ad-035d-44d3-aeee-13051c3558c5
2025-08-05 18:04:20,365 - INFO -    ✅ Successfully applied!
2025-08-05 18:04:23,739 - INFO - 📊 Processing results...
2025-08-05 18:04:23,791 - INFO - 🎉 Application run completed!
2025-08-05 18:04:23,791 - INFO -    ✅ Newly applied: 45
2025-08-05 18:04:23,791 - INFO -    ⏭️  Already applied: 0
2025-08-05 18:04:23,792 - INFO -    ❌ Failed: 10
2025-08-05 18:04:23,792 - INFO -    📊 Total processed: 55
2025-08-05 18:04:23,792 - INFO -    📁 Total jobs in CSV: 4014
2025-08-05 18:04:23,792 - INFO -    💾 Updated: output/final_ml_jobs.csv
2025-08-05 18:04:23,792 - INFO - 🔧 Closing browser...
