2025-08-04 14:18:32,771 - INFO - 🚀 Starting stealth job application bot
2025-08-04 14:18:38,501 - INFO - 📂 Loading jobs from output/final_ml_jobs.csv
2025-08-04 14:18:38,530 - INFO -    📊 Total jobs in file: 3430
2025-08-04 14:18:38,532 - INFO -    🎯 Easy Apply jobs: 3430
2025-08-04 14:18:38,533 - INFO -    ⏳ Jobs to process: 1504 (status: pending)
2025-08-04 14:18:38,534 - INFO - 🎲 Will attempt 80 applications this run (target: 80)
2025-08-04 14:18:38,534 - INFO - 🔑 Logging into Dice...
2025-08-04 14:18:41,133 - INFO - ✅ Login successful
2025-08-04 14:18:43,741 - INFO - 🔄 Starting job applications...
2025-08-04 14:18:43,742 - INFO - 🎯 [1/80] Applying to: Senior Business Analyst - LINK: https://www.dice.com/job-detail/9ca8f9fd-1c6e-4892-bc32-7e1bc64157ca
2025-08-04 14:19:00,382 - INFO -    ✅ Successfully applied!
2025-08-04 14:19:10,502 - INFO - 🎯 [2/80] Applying to: Java Developer (IT Engineer IV) - LINK: https://www.dice.com/job-detail/023fb275-4f9b-4370-a4f4-8267b1a47a28
2025-08-04 14:19:25,713 - INFO -    ✅ Successfully applied!
2025-08-04 14:19:36,207 - INFO - 🎯 [3/80] Applying to: Google Cloud Platform Architect (ETL) - LINK: https://www.dice.com/job-detail/144f1a9b-e1eb-4310-b3dc-d659896bdc3f
2025-08-04 14:19:55,801 - ERROR -    ❌ Cannot click apply button: Message: 
Stacktrace:
#0 0x5648cb7cf2ca <unknown>
#1 0x5648cb276550 <unknown>
#2 0x5648cb2c80f0 <unknown>
#3 0x5648cb2c82e1 <unknown>
#4 0x5648cb3165e4 <unknown>
#5 0x5648cb2edbed <unknown>
#6 0x5648cb3139e6 <unknown>
#7 0x5648cb2ed993 <unknown>
#8 0x5648cb2b9d6b <unknown>
#9 0x5648cb2bb141 <unknown>
#10 0x5648cb7942ab <unknown>
#11 0x5648cb7980b9 <unknown>
#12 0x5648cb77b139 <unknown>
#13 0x5648cb798c68 <unknown>
#14 0x5648cb75f60f <unknown>
#15 0x5648cb7bd1f8 <unknown>
#16 0x5648cb7bd3d6 <unknown>
#17 0x5648cb7ce5e6 <unknown>
#18 0x7fef9de9caa4 <unknown>
#19 0x7fef9df29c3c <unknown>

2025-08-04 14:20:02,805 - INFO - 🎯 [4/80] Applying to: Senior .NET Developer - LINK: https://www.dice.com/job-detail/eefaa064-7264-461d-8faf-30c2c69c5f61
2025-08-04 14:20:20,290 - INFO -    ✅ Successfully applied!
2025-08-04 14:20:28,043 - INFO - 🎯 [5/80] Applying to: Business Analyst - LINK: https://www.dice.com/job-detail/e5f58de8-b2dc-4ae9-9956-b0d007911c5b
2025-08-04 14:20:41,690 - INFO -    ✅ Successfully applied!
2025-08-04 14:20:51,530 - INFO - 🎯 [6/80] Applying to: Data Scientist - LINK: https://www.dice.com/job-detail/21492382-6a93-4a86-a843-5e514f2a40bd
2025-08-04 14:21:11,230 - INFO -    ✅ Successfully applied!
2025-08-04 14:21:18,818 - INFO - 🎯 [7/80] Applying to: Need local to NJ R NY Business analyst With (project manager in CCAR RISK) - LINK: https://www.dice.com/job-detail/dc03ceb1-20ae-4c2f-94d8-e1015afc7778
2025-08-04 14:21:34,933 - INFO -    ✅ Successfully applied!
2025-08-04 14:21:44,418 - INFO - 🎯 [8/80] Applying to: Need Senior Business Analyst in Harrisburg, PA - need Local candidates - LINK: https://www.dice.com/job-detail/9f42abc8-7cb5-43b4-9e8f-f62abc98435f
2025-08-04 14:21:59,143 - INFO -    ✅ Successfully applied!
2025-08-04 14:22:08,633 - INFO - 🎯 [9/80] Applying to: Construction Engineer - LINK: https://www.dice.com/job-detail/1943563f-a3d2-43e4-ac2e-70b3e27cda89
2025-08-04 14:22:23,242 - INFO -    ✅ Successfully applied!
2025-08-04 14:22:32,511 - INFO - 🎯 [10/80] Applying to: Software Engineer (R&D) - LINK: https://www.dice.com/job-detail/4d258b37-dc4e-4aa6-a82b-330496f5df5e
2025-08-04 14:22:45,268 - INFO -    ✅ Successfully applied!
2025-08-04 14:22:53,095 - INFO - 🎯 [11/80] Applying to: Matillion Data Engineer - LINK: https://www.dice.com/job-detail/eca7bcbc-7026-437f-8388-88f1924191c3
2025-08-04 14:23:09,911 - INFO -    ✅ Successfully applied!
2025-08-04 14:23:21,160 - INFO - 🎯 [12/80] Applying to: MES Software Developer - LINK: https://www.dice.com/job-detail/c3ffe568-3a52-4dfa-8b4c-d28af3b3db1b
2025-08-04 14:23:37,951 - INFO -    ✅ Successfully applied!
2025-08-04 14:23:48,010 - INFO - 🎯 [13/80] Applying to: Python Web Developer (Healthcare) - LINK: https://www.dice.com/job-detail/446f92d6-4933-410f-b7de-3b252228f4eb
2025-08-04 14:24:02,881 - INFO -    ✅ Successfully applied!
2025-08-04 14:24:11,980 - INFO - 🎯 [14/80] Applying to: Senior Pega Developer - Remote position - only W2 - LINK: https://www.dice.com/job-detail/6a8eb1af-6d58-4044-a578-56a69bd9516f
2025-08-04 14:24:26,058 - INFO -    ✅ Successfully applied!
2025-08-04 14:24:34,818 - INFO - 🎯 [15/80] Applying to: Embedded Software/Firmware Engineer - LINK: https://www.dice.com/job-detail/061d1acf-6065-4b7f-b0f8-ccfe6848cc30
2025-08-04 14:24:53,723 - ERROR -    ❌ Cannot click apply button: Message: 
Stacktrace:
#0 0x5648cb7cf2ca <unknown>
#1 0x5648cb276550 <unknown>
#2 0x5648cb2c80f0 <unknown>
#3 0x5648cb2c82e1 <unknown>
#4 0x5648cb3165e4 <unknown>
#5 0x5648cb2edbed <unknown>
#6 0x5648cb3139e6 <unknown>
#7 0x5648cb2ed993 <unknown>
#8 0x5648cb2b9d6b <unknown>
#9 0x5648cb2bb141 <unknown>
#10 0x5648cb7942ab <unknown>
#11 0x5648cb7980b9 <unknown>
#12 0x5648cb77b139 <unknown>
#13 0x5648cb798c68 <unknown>
#14 0x5648cb75f60f <unknown>
#15 0x5648cb7bd1f8 <unknown>
#16 0x5648cb7bd3d6 <unknown>
#17 0x5648cb7ce5e6 <unknown>
#18 0x7fef9de9caa4 <unknown>
#19 0x7fef9df29c3c <unknown>

2025-08-04 14:25:05,196 - INFO - 🎯 [16/80] Applying to: Azure Enterprise Integration Architect - LINK: https://www.dice.com/job-detail/4e1b35dc-e51a-4877-b04d-74dd2f9aa1e5
2025-08-04 14:25:24,429 - ERROR -    ❌ Cannot click apply button: Message: 
Stacktrace:
#0 0x5648cb7cf2ca <unknown>
#1 0x5648cb276550 <unknown>
#2 0x5648cb2c80f0 <unknown>
#3 0x5648cb2c82e1 <unknown>
#4 0x5648cb3165e4 <unknown>
#5 0x5648cb2edbed <unknown>
#6 0x5648cb3139e6 <unknown>
#7 0x5648cb2ed993 <unknown>
#8 0x5648cb2b9d6b <unknown>
#9 0x5648cb2bb141 <unknown>
#10 0x5648cb7942ab <unknown>
#11 0x5648cb7980b9 <unknown>
#12 0x5648cb77b139 <unknown>
#13 0x5648cb798c68 <unknown>
#14 0x5648cb75f60f <unknown>
#15 0x5648cb7bd1f8 <unknown>
#16 0x5648cb7bd3d6 <unknown>
#17 0x5648cb7ce5e6 <unknown>
#18 0x7fef9de9caa4 <unknown>
#19 0x7fef9df29c3c <unknown>

2025-08-04 14:25:34,526 - INFO - 🎯 [17/80] Applying to: Director Privileged Access Management Engineering - LINK: https://www.dice.com/job-detail/803f42e7-11dc-4bc2-abd9-4243c6aa28e5
2025-08-04 14:25:51,771 - INFO -    ✅ Successfully applied!
2025-08-04 14:26:01,834 - INFO - 🎯 [18/80] Applying to: Senior Engineer Cyber Security Engineer - LINK: https://www.dice.com/job-detail/af5ac096-b4d3-4d23-966b-fb2de0bdf226
2025-08-04 14:26:18,741 - INFO -    ✅ Successfully applied!
2025-08-04 14:26:27,115 - INFO - 🎯 [19/80] Applying to: FHIRPrincipal Consultant - LINK: https://www.dice.com/job-detail/3bc3c1b1-c9d0-4f22-b6bb-fc315a64cc10
2025-08-04 14:26:42,632 - INFO -    ✅ Successfully applied!
2025-08-04 14:26:52,615 - INFO - 🎯 [20/80] Applying to: Sr.System Engineer - LINK: https://www.dice.com/job-detail/9ff31006-bb95-4d07-95a8-871f26d2fe29
2025-08-04 14:27:08,455 - INFO -    ✅ Successfully applied!
2025-08-04 14:27:17,651 - INFO - 🎯 [21/80] Applying to: Supply Chain Planning - O9 consultant - Northridge, CA (Onsite) - LINK: https://www.dice.com/job-detail/d2fd0f05-cf61-4a0b-9bc7-cb5cb5d5016f
2025-08-04 14:27:32,504 - INFO -    ✅ Successfully applied!
2025-08-04 14:27:43,988 - INFO - 🎯 [22/80] Applying to: Golang - Data Engineer W2 Role Only - LINK: https://www.dice.com/job-detail/d3003ed5-98f8-4f08-b1cc-4ef47be260ac
2025-08-04 14:27:57,981 - INFO -    ✅ Successfully applied!
2025-08-04 14:28:08,727 - INFO - 🎯 [23/80] Applying to: Commonwealth of PA 2 - PennDOT - Exception (Senior Business Analyst) &ndash - LINK: https://www.dice.com/job-detail/ea6e64be-807d-4c1d-90cf-b61909b54d0b
2025-08-04 14:28:23,622 - INFO -    ✅ Successfully applied!
2025-08-04 14:28:35,093 - INFO - 🎯 [24/80] Applying to: Performance Enablement Specialist - LINK: https://www.dice.com/job-detail/faad1fde-da20-4c9c-b37d-08c4e608e031
2025-08-04 14:28:49,027 - INFO -    ✅ Successfully applied!
2025-08-04 14:28:57,652 - INFO - 🎯 [25/80] Applying to: Business Analyst - LINK: https://www.dice.com/job-detail/dcf234be-502c-4a57-8e95-e4cd30848675
2025-08-04 14:29:11,811 - INFO -    ✅ Successfully applied!
2025-08-04 14:29:21,332 - INFO - 🎯 [26/80] Applying to: SIEM Data engineer - LINK: https://www.dice.com/job-detail/d556c717-c672-4c7c-955b-d921d302b6de
2025-08-04 14:29:37,342 - INFO -    ✅ Successfully applied!
2025-08-04 14:29:46,240 - INFO - 🎯 [27/80] Applying to: Voice and Data Communications Engineer with Min 1-5yrs Exp (Webcam Interview) (HYBRID_only Local to DMV Area) - LINK: https://www.dice.com/job-detail/1aaacc1f-b5e9-43b5-96ac-ae9544335dfe
2025-08-04 14:30:00,531 - INFO -    ✅ Successfully applied!
2025-08-04 14:30:09,290 - INFO - 🎯 [28/80] Applying to: R Developer(W2 Contract) - LINK: https://www.dice.com/job-detail/4ec99ba3-5516-4886-9113-8b5f73238a25
2025-08-04 14:30:29,428 - ERROR -    ❌ Cannot click apply button: Message: 
Stacktrace:
#0 0x5648cb7cf2ca <unknown>
#1 0x5648cb276550 <unknown>
#2 0x5648cb2c80f0 <unknown>
#3 0x5648cb2c82e1 <unknown>
#4 0x5648cb3165e4 <unknown>
#5 0x5648cb2edbed <unknown>
#6 0x5648cb3139e6 <unknown>
#7 0x5648cb2ed993 <unknown>
#8 0x5648cb2b9d6b <unknown>
#9 0x5648cb2bb141 <unknown>
#10 0x5648cb7942ab <unknown>
#11 0x5648cb7980b9 <unknown>
#12 0x5648cb77b139 <unknown>
#13 0x5648cb798c68 <unknown>
#14 0x5648cb75f60f <unknown>
#15 0x5648cb7bd1f8 <unknown>
#16 0x5648cb7bd3d6 <unknown>
#17 0x5648cb7ce5e6 <unknown>
#18 0x7fef9de9caa4 <unknown>
#19 0x7fef9df29c3c <unknown>

2025-08-04 14:30:38,413 - INFO - 🎯 [29/80] Applying to: NoSQL Architect - LINK: https://www.dice.com/job-detail/4c750cae-1ab8-4efc-8e1b-4f840ae8d688
2025-08-04 14:30:55,859 - INFO -    ✅ Successfully applied!
2025-08-04 14:31:09,636 - INFO - 🎯 [30/80] Applying to: Senior Fullstack Engineer(Next.js & Node.js) :: Onsite :: Fulltime Position - LINK: https://www.dice.com/job-detail/e08d7c26-1e5b-47f3-890c-ad93ab9f21b2
2025-08-04 14:31:28,049 - ERROR -    ❌ Cannot click apply button: Message: 
Stacktrace:
#0 0x5648cb7cf2ca <unknown>
#1 0x5648cb276550 <unknown>
#2 0x5648cb2c80f0 <unknown>
#3 0x5648cb2c82e1 <unknown>
#4 0x5648cb3165e4 <unknown>
#5 0x5648cb2edbed <unknown>
#6 0x5648cb3139e6 <unknown>
#7 0x5648cb2ed993 <unknown>
#8 0x5648cb2b9d6b <unknown>
#9 0x5648cb2bb141 <unknown>
#10 0x5648cb7942ab <unknown>
#11 0x5648cb7980b9 <unknown>
#12 0x5648cb77b139 <unknown>
#13 0x5648cb798c68 <unknown>
#14 0x5648cb75f60f <unknown>
#15 0x5648cb7bd1f8 <unknown>
#16 0x5648cb7bd3d6 <unknown>
#17 0x5648cb7ce5e6 <unknown>
#18 0x7fef9de9caa4 <unknown>
#19 0x7fef9df29c3c <unknown>

2025-08-04 14:31:39,383 - INFO - 🎯 [31/80] Applying to: Data Analyst/Report Developer- Patient Services - LINK: https://www.dice.com/job-detail/3c78d064-d32c-4e60-8752-8106ec86a822
2025-08-04 14:31:54,770 - INFO -    ✅ Successfully applied!
2025-08-04 14:32:03,430 - INFO - 🎯 [32/80] Applying to: AWS Lex Lead Developer/Chatbot Technical Lead - LINK: https://www.dice.com/job-detail/03fd122a-4d65-4b85-93f5-fca1c5782d4a
2025-08-04 14:32:17,716 - INFO -    ✅ Successfully applied!
2025-08-04 14:32:28,675 - INFO - 🎯 [33/80] Applying to: Business Systems Analyst - LINK: https://www.dice.com/job-detail/0d76e528-dd64-4e5e-bae5-20e1dd9ee0e0
2025-08-04 14:32:43,444 - INFO -    ✅ Successfully applied!
2025-08-04 14:32:51,758 - INFO - 🎯 [34/80] Applying to: Developer - LINK: https://www.dice.com/job-detail/bc70ff29-7292-48fa-bbbc-1ee311b822de
2025-08-04 14:33:06,644 - INFO -    ✅ Successfully applied!
2025-08-04 14:33:15,762 - INFO - 🎯 [35/80] Applying to: Android Engineer - LINK: https://www.dice.com/job-detail/080f1c12-80c5-4512-8569-d6db854b13f1
2025-08-04 14:33:34,458 - ERROR -    ❌ Cannot click apply button: Message: 
Stacktrace:
#0 0x5648cb7cf2ca <unknown>
#1 0x5648cb276550 <unknown>
#2 0x5648cb2c80f0 <unknown>
#3 0x5648cb2c82e1 <unknown>
#4 0x5648cb3165e4 <unknown>
#5 0x5648cb2edbed <unknown>
#6 0x5648cb3139e6 <unknown>
#7 0x5648cb2ed993 <unknown>
#8 0x5648cb2b9d6b <unknown>
#9 0x5648cb2bb141 <unknown>
#10 0x5648cb7942ab <unknown>
#11 0x5648cb7980b9 <unknown>
#12 0x5648cb77b139 <unknown>
#13 0x5648cb798c68 <unknown>
#14 0x5648cb75f60f <unknown>
#15 0x5648cb7bd1f8 <unknown>
#16 0x5648cb7bd3d6 <unknown>
#17 0x5648cb7ce5e6 <unknown>
#18 0x7fef9de9caa4 <unknown>
#19 0x7fef9df29c3c <unknown>

2025-08-04 14:33:43,296 - INFO - 🎯 [36/80] Applying to: Business Analyst - LINK: https://www.dice.com/job-detail/ecdb29b7-9815-4184-864b-286a115d8a80
2025-08-04 14:33:58,887 - INFO -    ✅ Successfully applied!
2025-08-04 14:34:07,683 - INFO - 🎯 [37/80] Applying to: Oracle Payroll Technical Specialist - LINK: https://www.dice.com/job-detail/bf876c72-08dc-4011-bda2-752341679234
2025-08-04 14:34:21,238 - INFO -    ✅ Successfully applied!
2025-08-04 14:34:29,893 - INFO - 🎯 [38/80] Applying to: Google Cloud Platform Architect - LINK: https://www.dice.com/job-detail/79866fee-eeca-4602-ac07-5738ea9c5e30
2025-08-04 14:34:46,634 - INFO -    ✅ Successfully applied!
2025-08-04 14:34:54,739 - INFO - 🎯 [39/80] Applying to: Azure Al Engineer - LINK: https://www.dice.com/job-detail/b59fb640-9c9d-4047-91e8-6df89e078e15
2025-08-04 14:35:13,396 - ERROR -    ❌ Cannot click apply button: Message: 
Stacktrace:
#0 0x5648cb7cf2ca <unknown>
#1 0x5648cb276550 <unknown>
#2 0x5648cb2c80f0 <unknown>
#3 0x5648cb2c82e1 <unknown>
#4 0x5648cb3165e4 <unknown>
#5 0x5648cb2edbed <unknown>
#6 0x5648cb3139e6 <unknown>
#7 0x5648cb2ed993 <unknown>
#8 0x5648cb2b9d6b <unknown>
#9 0x5648cb2bb141 <unknown>
#10 0x5648cb7942ab <unknown>
#11 0x5648cb7980b9 <unknown>
#12 0x5648cb77b139 <unknown>
#13 0x5648cb798c68 <unknown>
#14 0x5648cb75f60f <unknown>
#15 0x5648cb7bd1f8 <unknown>
#16 0x5648cb7bd3d6 <unknown>
#17 0x5648cb7ce5e6 <unknown>
#18 0x7fef9de9caa4 <unknown>
#19 0x7fef9df29c3c <unknown>

2025-08-04 14:35:20,961 - INFO - 🎯 [40/80] Applying to: Lead Python Developer (API Developer) - Need visa independent candidates on W2 - LINK: https://www.dice.com/job-detail/b4c51880-17a0-45c1-9861-874c024fff3a
2025-08-04 14:35:40,357 - ERROR -    ❌ Cannot click apply button: Message: 
Stacktrace:
#0 0x5648cb7cf2ca <unknown>
#1 0x5648cb276550 <unknown>
#2 0x5648cb2c80f0 <unknown>
#3 0x5648cb2c82e1 <unknown>
#4 0x5648cb3165e4 <unknown>
#5 0x5648cb2edbed <unknown>
#6 0x5648cb3139e6 <unknown>
#7 0x5648cb2ed993 <unknown>
#8 0x5648cb2b9d6b <unknown>
#9 0x5648cb2bb141 <unknown>
#10 0x5648cb7942ab <unknown>
#11 0x5648cb7980b9 <unknown>
#12 0x5648cb77b139 <unknown>
#13 0x5648cb798c68 <unknown>
#14 0x5648cb75f60f <unknown>
#15 0x5648cb7bd1f8 <unknown>
#16 0x5648cb7bd3d6 <unknown>
#17 0x5648cb7ce5e6 <unknown>
#18 0x7fef9de9caa4 <unknown>
#19 0x7fef9df29c3c <unknown>

2025-08-04 14:35:50,152 - INFO - 🎯 [41/80] Applying to: PBM Analyst - Pharmacy Benefits Management - data analytics - LINK: https://www.dice.com/job-detail/062cf472-059b-4a09-a9da-0484c948d964
2025-08-04 14:36:04,728 - INFO -    ✅ Successfully applied!
2025-08-04 14:36:12,938 - INFO - 🎯 [42/80] Applying to: Full Stack .Net Developer - LINK: https://www.dice.com/job-detail/84dee350-faf3-4891-96e3-ad33504cb262
2025-08-04 14:36:28,169 - INFO -    ✅ Successfully applied!
2025-08-04 14:36:36,993 - INFO - 🎯 [43/80] Applying to: ServiceNow Technical Solutions Consultant - LINK: https://www.dice.com/job-detail/15e519be-4627-403a-ba89-44ea3b932951
2025-08-04 14:36:49,782 - INFO -    ✅ Successfully applied!
2025-08-04 14:36:58,806 - INFO - 🎯 [44/80] Applying to: Senior Developer (Ruby on Rails with Front-End Expertise)- Cupertino, CA, USA(onsite Mandatory) - LINK: https://www.dice.com/job-detail/fe787843-a7ba-4a90-8d64-254dffc34feb
2025-08-04 14:37:13,972 - INFO -    ✅ Successfully applied!
2025-08-04 14:37:24,833 - INFO - 🎯 [45/80] Applying to: Senior Embedded Software Engineer - LINK: https://www.dice.com/job-detail/955bc221-5b6d-4d2a-bd07-31b85c259e9e
2025-08-04 14:37:39,111 - INFO -    ✅ Successfully applied!
2025-08-04 14:37:49,908 - INFO - 🎯 [46/80] Applying to: Data Architect - LINK: https://www.dice.com/job-detail/9a13edd6-0e44-471c-9d27-de921c2b888a
2025-08-04 14:38:04,187 - INFO -    ✅ Successfully applied!
2025-08-04 14:38:14,147 - INFO - 🎯 [47/80] Applying to: Sr Systems Engineer (With Public Sector exp) - LINK: https://www.dice.com/job-detail/c75a7025-a1b5-4554-a06a-35e0e61c13e7
2025-08-04 14:38:33,592 - ERROR -    ❌ Cannot click apply button: Message: 
Stacktrace:
#0 0x5648cb7cf2ca <unknown>
#1 0x5648cb276550 <unknown>
#2 0x5648cb2c80f0 <unknown>
#3 0x5648cb2c82e1 <unknown>
#4 0x5648cb3165e4 <unknown>
#5 0x5648cb2edbed <unknown>
#6 0x5648cb3139e6 <unknown>
#7 0x5648cb2ed993 <unknown>
#8 0x5648cb2b9d6b <unknown>
#9 0x5648cb2bb141 <unknown>
#10 0x5648cb7942ab <unknown>
#11 0x5648cb7980b9 <unknown>
#12 0x5648cb77b139 <unknown>
#13 0x5648cb798c68 <unknown>
#14 0x5648cb75f60f <unknown>
#15 0x5648cb7bd1f8 <unknown>
#16 0x5648cb7bd3d6 <unknown>
#17 0x5648cb7ce5e6 <unknown>
#18 0x7fef9de9caa4 <unknown>
#19 0x7fef9df29c3c <unknown>

2025-08-04 14:38:43,496 - INFO - 🎯 [48/80] Applying to: Sr. Data Engineer (Databricks & Spark) - LINK: https://www.dice.com/job-detail/85394b80-e688-403c-bd92-6e5384356392
2025-08-04 14:38:57,721 - INFO -    ✅ Successfully applied!
2025-08-04 14:39:07,087 - INFO - 🎯 [49/80] Applying to: USA - Engineer II - CTQ - LINK: https://www.dice.com/job-detail/94bf8037-6d50-43fb-b89c-fcc639f581c2
2025-08-04 14:39:20,565 - INFO -    ✅ Successfully applied!
2025-08-04 14:39:30,762 - INFO - 🎯 [50/80] Applying to: Senior PeopleSoft HCM Developer Richardson, TX (Onsite) EG - LINK: https://www.dice.com/job-detail/3d838ae2-f9c2-42d2-adb1-5e07bcc23834
2025-08-04 14:39:44,646 - INFO -    ✅ Successfully applied!
2025-08-04 14:39:55,682 - INFO - 🎯 [51/80] Applying to: JAVA Developer - LINK: https://www.dice.com/job-detail/5a2ae7e3-9719-480c-a489-b25e6b0a8db3
2025-08-04 14:40:10,917 - INFO -    ✅ Successfully applied!
2025-08-04 14:40:21,265 - INFO - 🎯 [52/80] Applying to: Principal Embedded Software Engineer - LINK: https://www.dice.com/job-detail/df1d1e01-8691-42f1-87af-9b72b3d596b6
2025-08-04 14:40:39,576 - INFO -    ✅ Successfully applied!
2025-08-04 14:40:49,944 - INFO - 🎯 [53/80] Applying to: Business Analyst - LINK: https://www.dice.com/job-detail/3dfb1d16-52ce-4f8f-aa66-70850c1fe9b2
2025-08-04 14:41:05,114 - INFO -    ✅ Successfully applied!
2025-08-04 14:41:17,243 - INFO - 🎯 [54/80] Applying to: Data Engineer - LINK: https://www.dice.com/job-detail/dff79b91-332a-4289-82c3-f84c3910020a
2025-08-04 14:41:35,435 - INFO -    ✅ Successfully applied!
2025-08-04 14:41:44,776 - INFO - 🎯 [55/80] Applying to: Lead Backend Engineer - LINK: https://www.dice.com/job-detail/08b7d014-0282-43f7-ae12-9224a528599a
2025-08-04 14:42:00,659 - INFO -    ✅ Successfully applied!
2025-08-04 14:42:09,143 - INFO - 🎯 [56/80] Applying to: Kafka Cloud Architect - LINK: https://www.dice.com/job-detail/9fcf5a7a-e3c6-44f3-a589-96c9d0f72f63
2025-08-04 14:42:25,783 - INFO -    ✅ Successfully applied!
2025-08-04 14:42:38,098 - INFO - 🎯 [57/80] Applying to: Senior Software Developer / Analyst - Remote / Telecommute - LINK: https://www.dice.com/job-detail/2b493f8d-9058-4e86-845f-ebbedbb25dbd
2025-08-04 14:42:56,507 - ERROR -    ❌ Cannot click apply button: Message: 
Stacktrace:
#0 0x5648cb7cf2ca <unknown>
#1 0x5648cb276550 <unknown>
#2 0x5648cb2c80f0 <unknown>
#3 0x5648cb2c82e1 <unknown>
#4 0x5648cb3165e4 <unknown>
#5 0x5648cb2edbed <unknown>
#6 0x5648cb3139e6 <unknown>
#7 0x5648cb2ed993 <unknown>
#8 0x5648cb2b9d6b <unknown>
#9 0x5648cb2bb141 <unknown>
#10 0x5648cb7942ab <unknown>
#11 0x5648cb7980b9 <unknown>
#12 0x5648cb77b139 <unknown>
#13 0x5648cb798c68 <unknown>
#14 0x5648cb75f60f <unknown>
#15 0x5648cb7bd1f8 <unknown>
#16 0x5648cb7bd3d6 <unknown>
#17 0x5648cb7ce5e6 <unknown>
#18 0x7fef9de9caa4 <unknown>
#19 0x7fef9df29c3c <unknown>

2025-08-04 14:43:07,468 - INFO - 🎯 [58/80] Applying to: Product Engineer (Full stack Engineer)--Onsite - LINK: https://www.dice.com/job-detail/b1c15688-e824-43a6-9da1-5ee5b1078be8
2025-08-04 14:43:26,003 - ERROR -    ❌ Cannot click apply button: Message: 
Stacktrace:
#0 0x5648cb7cf2ca <unknown>
#1 0x5648cb276550 <unknown>
#2 0x5648cb2c80f0 <unknown>
#3 0x5648cb2c82e1 <unknown>
#4 0x5648cb3165e4 <unknown>
#5 0x5648cb2edbed <unknown>
#6 0x5648cb3139e6 <unknown>
#7 0x5648cb2ed993 <unknown>
#8 0x5648cb2b9d6b <unknown>
#9 0x5648cb2bb141 <unknown>
#10 0x5648cb7942ab <unknown>
#11 0x5648cb7980b9 <unknown>
#12 0x5648cb77b139 <unknown>
#13 0x5648cb798c68 <unknown>
#14 0x5648cb75f60f <unknown>
#15 0x5648cb7bd1f8 <unknown>
#16 0x5648cb7bd3d6 <unknown>
#17 0x5648cb7ce5e6 <unknown>
#18 0x7fef9de9caa4 <unknown>
#19 0x7fef9df29c3c <unknown>

2025-08-04 14:43:35,899 - INFO - 🎯 [59/80] Applying to: DevOps Engineer (Infrastructure Focus, Python/Jenkins) - LINK: https://www.dice.com/job-detail/d6185fbd-4428-499b-bd2a-efb5f5adf6f3
2025-08-04 14:43:55,079 - ERROR -    ❌ Cannot click apply button: Message: 
Stacktrace:
#0 0x5648cb7cf2ca <unknown>
#1 0x5648cb276550 <unknown>
#2 0x5648cb2c80f0 <unknown>
#3 0x5648cb2c82e1 <unknown>
#4 0x5648cb3165e4 <unknown>
#5 0x5648cb2edbed <unknown>
#6 0x5648cb3139e6 <unknown>
#7 0x5648cb2ed993 <unknown>
#8 0x5648cb2b9d6b <unknown>
#9 0x5648cb2bb141 <unknown>
#10 0x5648cb7942ab <unknown>
#11 0x5648cb7980b9 <unknown>
#12 0x5648cb77b139 <unknown>
#13 0x5648cb798c68 <unknown>
#14 0x5648cb75f60f <unknown>
#15 0x5648cb7bd1f8 <unknown>
#16 0x5648cb7bd3d6 <unknown>
#17 0x5648cb7ce5e6 <unknown>
#18 0x7fef9de9caa4 <unknown>
#19 0x7fef9df29c3c <unknown>

2025-08-04 14:44:06,696 - INFO - 🎯 [60/80] Applying to: Sr. Software Engineer - LINK: https://www.dice.com/job-detail/579ab4eb-a9e9-4deb-b578-85bd0a1a6bcb
2025-08-04 14:44:24,765 - ERROR -    ❌ Cannot click apply button: Message: 
Stacktrace:
#0 0x5648cb7cf2ca <unknown>
#1 0x5648cb276550 <unknown>
#2 0x5648cb2c80f0 <unknown>
#3 0x5648cb2c82e1 <unknown>
#4 0x5648cb3165e4 <unknown>
#5 0x5648cb2edbed <unknown>
#6 0x5648cb3139e6 <unknown>
#7 0x5648cb2ed993 <unknown>
#8 0x5648cb2b9d6b <unknown>
#9 0x5648cb2bb141 <unknown>
#10 0x5648cb7942ab <unknown>
#11 0x5648cb7980b9 <unknown>
#12 0x5648cb77b139 <unknown>
#13 0x5648cb798c68 <unknown>
#14 0x5648cb75f60f <unknown>
#15 0x5648cb7bd1f8 <unknown>
#16 0x5648cb7bd3d6 <unknown>
#17 0x5648cb7ce5e6 <unknown>
#18 0x7fef9de9caa4 <unknown>
#19 0x7fef9df29c3c <unknown>

2025-08-04 14:44:32,871 - INFO - 🎯 [61/80] Applying to: Sr. Data Engineer/ EDI (835 & 837) - LINK: https://www.dice.com/job-detail/a920f466-a157-41b2-bab4-529a2f25b7fc
2025-08-04 14:44:52,472 - ERROR -    ❌ Cannot click apply button: Message: 
Stacktrace:
#0 0x5648cb7cf2ca <unknown>
#1 0x5648cb276550 <unknown>
#2 0x5648cb2c80f0 <unknown>
#3 0x5648cb2c82e1 <unknown>
#4 0x5648cb3165e4 <unknown>
#5 0x5648cb2edbed <unknown>
#6 0x5648cb3139e6 <unknown>
#7 0x5648cb2ed993 <unknown>
#8 0x5648cb2b9d6b <unknown>
#9 0x5648cb2bb141 <unknown>
#10 0x5648cb7942ab <unknown>
#11 0x5648cb7980b9 <unknown>
#12 0x5648cb77b139 <unknown>
#13 0x5648cb798c68 <unknown>
#14 0x5648cb75f60f <unknown>
#15 0x5648cb7bd1f8 <unknown>
#16 0x5648cb7bd3d6 <unknown>
#17 0x5648cb7ce5e6 <unknown>
#18 0x7fef9de9caa4 <unknown>
#19 0x7fef9df29c3c <unknown>

2025-08-04 14:45:01,737 - INFO - 🎯 [62/80] Applying to: Business Analyst - LINK: https://www.dice.com/job-detail/c97394d7-1a66-46ca-93fa-9fb9fcb4135c
2025-08-04 14:45:15,848 - INFO -    ✅ Successfully applied!
2025-08-04 14:45:27,533 - INFO - 🎯 [63/80] Applying to: Business Analyst & Quality Assurance Analyst with SALESFORCE - LINK: https://www.dice.com/job-detail/7764dc49-2ff4-4963-aaae-01c457ed9b0f
2025-08-04 14:45:42,107 - INFO -    ✅ Successfully applied!
2025-08-04 14:45:51,464 - INFO - 🎯 [64/80] Applying to: Local to San Diego CA_ QA Lead-Data & Analytics - LINK: https://www.dice.com/job-detail/e3eb8581-6884-46bc-aea5-fc015dc50f9f
2025-08-04 14:46:06,578 - INFO -    ✅ Successfully applied!
2025-08-04 14:46:18,489 - INFO - 🎯 [65/80] Applying to: Job Opportunity for Senior AWS Python Developer - LINK: https://www.dice.com/job-detail/64042d49-3047-4beb-b8d9-9333f4689104
2025-08-04 14:46:33,120 - INFO -    ✅ Successfully applied!
2025-08-04 14:46:44,282 - INFO - 🎯 [66/80] Applying to: Ecommerce Data Analyst - LINK: https://www.dice.com/job-detail/c2843e72-35ee-4df4-890a-5f49f9c8c0ae
2025-08-04 14:47:01,121 - INFO -    ✅ Successfully applied!
2025-08-04 14:47:09,822 - INFO - 🎯 [67/80] Applying to: Performance Test Architect - LINK: https://www.dice.com/job-detail/a3ee0d2c-5e34-486e-a61d-fea8e9937ee9
2025-08-04 14:47:28,212 - ERROR -    ❌ Cannot click apply button: Message: 
Stacktrace:
#0 0x5648cb7cf2ca <unknown>
#1 0x5648cb276550 <unknown>
#2 0x5648cb2c80f0 <unknown>
#3 0x5648cb2c82e1 <unknown>
#4 0x5648cb3165e4 <unknown>
#5 0x5648cb2edbed <unknown>
#6 0x5648cb3139e6 <unknown>
#7 0x5648cb2ed993 <unknown>
#8 0x5648cb2b9d6b <unknown>
#9 0x5648cb2bb141 <unknown>
#10 0x5648cb7942ab <unknown>
#11 0x5648cb7980b9 <unknown>
#12 0x5648cb77b139 <unknown>
#13 0x5648cb798c68 <unknown>
#14 0x5648cb75f60f <unknown>
#15 0x5648cb7bd1f8 <unknown>
#16 0x5648cb7bd3d6 <unknown>
#17 0x5648cb7ce5e6 <unknown>
#18 0x7fef9de9caa4 <unknown>
#19 0x7fef9df29c3c <unknown>

2025-08-04 14:47:38,347 - INFO - 🎯 [68/80] Applying to: Software Engineer - LINK: https://www.dice.com/job-detail/86f0f693-110f-4431-9689-5337888a675b
2025-08-04 14:47:55,758 - INFO -    ✅ Successfully applied!
2025-08-04 14:48:05,077 - INFO - 🎯 [69/80] Applying to: Azure Integration Architect - LINK: https://www.dice.com/job-detail/eebbb29e-4e50-491c-a452-b5a9bd8b267c
2025-08-04 14:48:20,571 - INFO -    ✅ Successfully applied!
2025-08-04 14:48:31,729 - INFO - 🎯 [70/80] Applying to: Sr. QA Automation Engineer - LINK: https://www.dice.com/job-detail/eaf02daa-5471-4daf-ad23-4ca09ce549cd
2025-08-04 14:48:49,752 - INFO -    ✅ Successfully applied!
2025-08-04 14:48:59,248 - INFO - 🎯 [71/80] Applying to: Digital Engineering & Ecommerce Architecture - LINK: https://www.dice.com/job-detail/9e52cb38-e3ab-4533-a80b-e7038c8cbbb7
2025-08-04 14:49:18,472 - ERROR -    ❌ Cannot click apply button: Message: 
Stacktrace:
#0 0x5648cb7cf2ca <unknown>
#1 0x5648cb276550 <unknown>
#2 0x5648cb2c80f0 <unknown>
#3 0x5648cb2c82e1 <unknown>
#4 0x5648cb3165e4 <unknown>
#5 0x5648cb2edbed <unknown>
#6 0x5648cb3139e6 <unknown>
#7 0x5648cb2ed993 <unknown>
#8 0x5648cb2b9d6b <unknown>
#9 0x5648cb2bb141 <unknown>
#10 0x5648cb7942ab <unknown>
#11 0x5648cb7980b9 <unknown>
#12 0x5648cb77b139 <unknown>
#13 0x5648cb798c68 <unknown>
#14 0x5648cb75f60f <unknown>
#15 0x5648cb7bd1f8 <unknown>
#16 0x5648cb7bd3d6 <unknown>
#17 0x5648cb7ce5e6 <unknown>
#18 0x7fef9de9caa4 <unknown>
#19 0x7fef9df29c3c <unknown>

2025-08-04 14:49:26,823 - INFO - 🎯 [72/80] Applying to: Software Engineer / Security Products / Startup - LINK: https://www.dice.com/job-detail/7efa98b5-f007-4b36-b48b-09d050e54b3e
2025-08-04 14:49:43,805 - INFO -    ✅ Successfully applied!
2025-08-04 14:49:53,086 - INFO - 🎯 [73/80] Applying to: Python Developer @ St. Louis, MO--Hybrid - LINK: https://www.dice.com/job-detail/c198817b-b7ba-42c9-a36b-d9c962c0026c
2025-08-04 14:50:08,778 - INFO -    ✅ Successfully applied!
2025-08-04 14:50:21,596 - INFO - 🎯 [74/80] Applying to: Quality Engineering Consultant SME - LINK: https://www.dice.com/job-detail/aa4f2c3f-67f3-413c-86d5-b1110e5cb2a9
2025-08-04 14:50:40,842 - ERROR -    ❌ Cannot click apply button: Message: 
Stacktrace:
#0 0x5648cb7cf2ca <unknown>
#1 0x5648cb276550 <unknown>
#2 0x5648cb2c80f0 <unknown>
#3 0x5648cb2c82e1 <unknown>
#4 0x5648cb3165e4 <unknown>
#5 0x5648cb2edbed <unknown>
#6 0x5648cb3139e6 <unknown>
#7 0x5648cb2ed993 <unknown>
#8 0x5648cb2b9d6b <unknown>
#9 0x5648cb2bb141 <unknown>
#10 0x5648cb7942ab <unknown>
#11 0x5648cb7980b9 <unknown>
#12 0x5648cb77b139 <unknown>
#13 0x5648cb798c68 <unknown>
#14 0x5648cb75f60f <unknown>
#15 0x5648cb7bd1f8 <unknown>
#16 0x5648cb7bd3d6 <unknown>
#17 0x5648cb7ce5e6 <unknown>
#18 0x7fef9de9caa4 <unknown>
#19 0x7fef9df29c3c <unknown>

2025-08-04 14:50:50,778 - INFO - 🎯 [75/80] Applying to: Business Analyst - Cards and Payment Domain (Finance/Banking) - LINK: https://www.dice.com/job-detail/af42be4d-2f41-459a-8051-a138c4643f7e
2025-08-04 14:51:07,478 - INFO -    ✅ Successfully applied!
2025-08-04 14:51:15,550 - INFO - 🎯 [76/80] Applying to: Marketing Data Analyst - LINK: https://www.dice.com/job-detail/8d239992-5de2-45cc-8566-efe337fb249c
2025-08-04 14:51:31,109 - INFO -    ✅ Successfully applied!
2025-08-04 14:51:41,504 - INFO - 🎯 [77/80] Applying to: Ruby on Rails Developer - LINK: https://www.dice.com/job-detail/74f4c48c-f287-4be3-b11f-c56128d282da
2025-08-04 14:51:58,027 - INFO -    ✅ Successfully applied!
2025-08-04 14:52:07,046 - INFO - 🎯 [78/80] Applying to: Java Software Engineer - LINK: https://www.dice.com/job-detail/37fe6e66-dbb4-49f5-827c-9a95560ee829
2025-08-04 14:52:21,712 - INFO -    ✅ Successfully applied!
2025-08-04 14:52:31,233 - INFO - 🎯 [79/80] Applying to: Java Full-Stack Architect///Remote - LINK: https://www.dice.com/job-detail/67c26f12-a73a-4a12-85b7-fadde1b799d3
2025-08-04 14:52:45,415 - INFO -    ✅ Successfully applied!
2025-08-04 14:52:57,986 - INFO - 🎯 [80/80] Applying to: Senior Android Developer (W/ heavy Kotlin experience) - LINK: https://www.dice.com/job-detail/f5f11c57-5618-479c-9e4a-c8a30e437790
2025-08-04 14:53:16,079 - ERROR -    ❌ Cannot click apply button: Message: 
Stacktrace:
#0 0x5648cb7cf2ca <unknown>
#1 0x5648cb276550 <unknown>
#2 0x5648cb2c80f0 <unknown>
#3 0x5648cb2c82e1 <unknown>
#4 0x5648cb3165e4 <unknown>
#5 0x5648cb2edbed <unknown>
#6 0x5648cb3139e6 <unknown>
#7 0x5648cb2ed993 <unknown>
#8 0x5648cb2b9d6b <unknown>
#9 0x5648cb2bb141 <unknown>
#10 0x5648cb7942ab <unknown>
#11 0x5648cb7980b9 <unknown>
#12 0x5648cb77b139 <unknown>
#13 0x5648cb798c68 <unknown>
#14 0x5648cb75f60f <unknown>
#15 0x5648cb7bd1f8 <unknown>
#16 0x5648cb7bd3d6 <unknown>
#17 0x5648cb7ce5e6 <unknown>
#18 0x7fef9de9caa4 <unknown>
#19 0x7fef9df29c3c <unknown>

2025-08-04 14:53:18,317 - INFO - 📊 Processing results...
2025-08-04 14:53:18,362 - INFO - 🎉 Application run completed!
2025-08-04 14:53:18,362 - INFO -    ✅ Newly applied: 62
2025-08-04 14:53:18,362 - INFO -    ⏭️  Already applied: 0
2025-08-04 14:53:18,362 - INFO -    ❌ Failed: 18
2025-08-04 14:53:18,362 - INFO -    📊 Total processed: 80
2025-08-04 14:53:18,363 - INFO -    📁 Total jobs in CSV: 3430
2025-08-04 14:53:18,363 - INFO -    💾 Updated: output/final_ml_jobs.csv
2025-08-04 14:53:18,363 - INFO - 🔧 Closing browser...
