2025-09-15 14:20:48,139 - INFO - 🚀 Starting ROBUST stealth job application bot
2025-09-15 14:20:48,140 - INFO - ⚙️  Debug mode: OFF
2025-09-15 14:20:48,140 - INFO - ⚙️  Process failed jobs: False
2025-09-15 14:21:08,425 - INFO - 📂 Loading jobs from output/final_ml_jobs.csv
2025-09-15 14:21:08,448 - INFO -    📊 Total jobs in file: 2775
2025-09-15 14:21:08,452 - INFO -    🎯 Easy Apply jobs: 2775
2025-09-15 14:21:08,454 - INFO -    ⏳ Jobs to process: 23 (status: pending)
2025-09-15 14:21:08,454 - INFO - 🎲 Will attempt 23 applications this run (target: 56)
2025-09-15 14:21:08,454 - INFO - 🔑 Logging into Dice...
2025-09-15 14:21:11,801 - INFO - ✅ Login successful
2025-09-15 14:21:15,640 - INFO - 🔄 Starting job applications...
2025-09-15 14:21:15,640 - INFO - 🎯 [1/23] Applying to: Senior Business Analyst - LINK: https://www.dice.com/job-detail/8e2710a6-432e-4d47-8ddd-4ed1196afeff
2025-09-15 14:21:30,134 - INFO -    🔄 Looking for apply button...
2025-09-15 14:21:31,808 - INFO -    ✅ Apply button clicked (regular click)
2025-09-15 14:21:34,653 - INFO -    🔍 Checking if we're on application page...
2025-09-15 14:21:34,657 - INFO -    Current URL: https://www.dice.com/apply?eyJjb3JyZWxhdGlvbl9pZCI6ImM3YjM1ZjcwLWU2NGYtNGM3OS05YTA0LWUyZDdmNjUzMTk5YSIsImRqdlZlcnNpb24iOiJuZXciLCJqb2JJZCI6IjhlMjcxMGE2LTQzMmUtNGQ0Ny04ZGRkLTRlZDExOTZhZmVmZiIsImpvYlVybCI6Imh0dHBzOi8vd3d3LmRpY2UuY29tL2pvYi1kZXRhaWwvOGUyNzEwYTYtNDMyZS00ZDQ3LThkZGQtNGVkMTE5NmFmZWZmIiwiam9iVGl0bGUiOiJTZW5pb3IgQnVzaW5lc3MgQW5hbHlzdCIsInNlYXJjaExpbmsiOiIifQ=%3D
2025-09-15 14:21:34,661 - INFO -    Page title: Apply
2025-09-15 14:21:39,841 - INFO -    ✅ Successfully on application page
2025-09-15 14:21:39,854 - INFO -    🔄 Looking for NEXT button...
2025-09-15 14:21:41,802 - INFO -    ✅ NEXT button clicked
2025-09-15 14:21:44,860 - INFO -    🔄 Looking for SUBMIT button...
2025-09-15 14:21:47,072 - INFO -    ✅ SUBMIT button clicked
2025-09-15 14:21:47,072 - INFO -    ✅ Successfully applied!
2025-09-15 14:21:55,179 - INFO - 🎯 [2/23] Applying to: Senior Manager, Data Engineering & Architecture / Remote / Los angeles - LINK: https://www.dice.com/job-detail/da445e6b-df35-4128-a5b8-f81213a23adf
2025-09-15 14:22:06,932 - INFO -    🔄 Looking for apply button...
2025-09-15 14:22:08,408 - INFO -    ✅ Apply button clicked (regular click)
2025-09-15 14:22:25,589 - WARNING - 🔄 Driver crashed, restarting...
2025-09-15 14:22:26,636 - INFO -    🔍 Checking if we're on application page...
2025-09-15 14:22:26,709 - INFO -    Current URL: chrome://new-tab-page/
2025-09-15 14:22:26,716 - INFO -    Page title: New Tab
2025-09-15 14:22:43,677 - INFO -    🔗 Redirected to external site: chrome://new-tab-page/
2025-09-15 14:22:43,677 - INFO -    ✅ Treating as successful external application
2025-09-15 14:22:49,708 - INFO - 🎯 [3/23] Applying to: AI Architect with Python, Google Cloud Platform, GenAI and Agentic AI - LINK: https://www.dice.com/job-detail/11dab2eb-aff1-4627-9802-4c2baa3335e5
2025-09-15 14:22:49,709 - WARNING - 🔄 Driver crashed, restarting...
2025-09-15 14:23:05,960 - INFO -    🔄 Looking for apply button...
2025-09-15 14:23:08,117 - INFO -    ✅ Apply button clicked (regular click)
2025-09-15 14:23:10,610 - INFO -    🔍 Checking if we're on application page...
2025-09-15 14:23:10,614 - INFO -    Current URL: https://www.dice.com/job-detail/11dab2eb-aff1-4627-9802-4c2baa3335e5
2025-09-15 14:23:10,617 - INFO -    Page title: AI Architect with Python, Google Cloud Platform, GenAI and Agentic AI - Shrive Technologies LLC - Raritan, NJ
2025-09-15 14:23:16,290 - INFO -    ✅ Successfully on application page
2025-09-15 14:23:16,300 - INFO -    🔄 Looking for NEXT button...
2025-09-15 14:23:26,449 - ERROR -    ❌ Cannot click first NEXT button: Message: 
Stacktrace:
#0 0x55733b86c94a <unknown>
#1 0x55733b2e18a0 <unknown>
#2 0x55733b333540 <unknown>
#3 0x55733b333731 <unknown>
#4 0x55733b381824 <unknown>
#5 0x55733b35905d <unknown>
#6 0x55733b37ec23 <unknown>
#7 0x55733b358e03 <unknown>
#8 0x55733b325968 <unknown>
#9 0x55733b3265e1 <unknown>
#10 0x55733b830548 <unknown>
#11 0x55733b834272 <unknown>
#12 0x55733b817313 <unknown>
#13 0x55733b834dc5 <unknown>
#14 0x55733b7fc49f <unknown>
#15 0x55733b859158 <unknown>
#16 0x55733b859332 <unknown>
#17 0x55733b86ba53 <unknown>
#18 0x7f439f09caa4 <unknown>
#19 0x7f439f129c3c <unknown>

2025-09-15 14:23:38,129 - INFO - 🎯 [4/23] Applying to: Agentic AI Developer || Alpharetta, GA (Hybrid) - LINK: https://www.dice.com/job-detail/373b1841-6644-4087-aeaf-a02e78f442a6
2025-09-15 14:23:38,131 - WARNING - 🔄 Driver crashed, restarting...
2025-09-15 14:23:54,081 - INFO -    🔄 Looking for apply button...
2025-09-15 14:23:56,352 - INFO -    ✅ Apply button clicked (regular click)
2025-09-15 14:23:59,407 - INFO -    🔍 Checking if we're on application page...
2025-09-15 14:23:59,410 - INFO -    Current URL: https://www.dice.com/job-detail/373b1841-6644-4087-aeaf-a02e78f442a6
2025-09-15 14:23:59,414 - INFO -    Page title: Agentic AI Developer || Alpharetta, GA (Hybrid) - AgreeYa Solutions - Alpharetta, GA
2025-09-15 14:24:03,992 - INFO -    ✅ Successfully on application page
2025-09-15 14:24:04,001 - INFO -    🔄 Looking for NEXT button...
2025-09-15 14:24:14,147 - ERROR -    ❌ Cannot click first NEXT button: Message: 
Stacktrace:
#0 0x55ac3327494a <unknown>
#1 0x55ac32ce98a0 <unknown>
#2 0x55ac32d3b540 <unknown>
#3 0x55ac32d3b731 <unknown>
#4 0x55ac32d89824 <unknown>
#5 0x55ac32d6105d <unknown>
#6 0x55ac32d86c23 <unknown>
#7 0x55ac32d60e03 <unknown>
#8 0x55ac32d2d968 <unknown>
#9 0x55ac32d2e5e1 <unknown>
#10 0x55ac33238548 <unknown>
#11 0x55ac3323c272 <unknown>
#12 0x55ac3321f313 <unknown>
#13 0x55ac3323cdc5 <unknown>
#14 0x55ac3320449f <unknown>
#15 0x55ac33261158 <unknown>
#16 0x55ac33261332 <unknown>
#17 0x55ac33273a53 <unknown>
#18 0x7fd0f109caa4 <unknown>
#19 0x7fd0f1129c3c <unknown>

2025-09-15 14:24:20,707 - WARNING - 🔄 Driver crashed, restarting...
2025-09-15 14:24:27,994 - INFO - 🎯 [5/23] Applying to: AWS Agentic AI Engineer - LINK: https://www.dice.com/job-detail/9385b1bf-9f90-494b-a4ba-98c274c1bdd9
2025-09-15 14:24:42,100 - INFO -    🔄 Looking for apply button...
2025-09-15 14:24:45,144 - INFO -    ✅ Apply button clicked (regular click)
2025-09-15 14:24:47,507 - INFO -    🔍 Checking if we're on application page...
2025-09-15 14:24:47,510 - INFO -    Current URL: https://www.dice.com/job-detail/9385b1bf-9f90-494b-a4ba-98c274c1bdd9
2025-09-15 14:24:47,514 - INFO -    Page title: AWS Agentic AI Engineer - VDart, Inc. -
2025-09-15 14:24:52,366 - INFO -    ✅ Successfully on application page
2025-09-15 14:24:52,376 - INFO -    🔄 Looking for NEXT button...
2025-09-15 14:25:02,492 - ERROR -    ❌ Cannot click first NEXT button: Message: 
Stacktrace:
#0 0x562ea023c94a <unknown>
#1 0x562e9fcb18a0 <unknown>
#2 0x562e9fd03540 <unknown>
#3 0x562e9fd03731 <unknown>
#4 0x562e9fd51824 <unknown>
#5 0x562e9fd2905d <unknown>
#6 0x562e9fd4ec23 <unknown>
#7 0x562e9fd28e03 <unknown>
#8 0x562e9fcf5968 <unknown>
#9 0x562e9fcf65e1 <unknown>
#10 0x562ea0200548 <unknown>
#11 0x562ea0204272 <unknown>
#12 0x562ea01e7313 <unknown>
#13 0x562ea0204dc5 <unknown>
#14 0x562ea01cc49f <unknown>
#15 0x562ea0229158 <unknown>
#16 0x562ea0229332 <unknown>
#17 0x562ea023ba53 <unknown>
#18 0x7f0ac7e9caa4 <unknown>
#19 0x7f0ac7f29c3c <unknown>

2025-09-15 14:25:11,469 - INFO - 🎯 [6/23] Applying to: Business Analyst with P&C Insurance Data Analytics Experience - LINK: https://www.dice.com/job-detail/78629e4d-469e-4d51-a2d4-9b75c6cd4e83
2025-09-15 14:25:23,035 - INFO -    🔄 Looking for apply button...
2025-09-15 14:25:25,567 - INFO -    ✅ Apply button clicked (regular click)
2025-09-15 14:25:28,202 - INFO -    🔍 Checking if we're on application page...
2025-09-15 14:25:28,205 - INFO -    Current URL: https://www.dice.com/job-detail/78629e4d-469e-4d51-a2d4-9b75c6cd4e83
2025-09-15 14:25:28,209 - INFO -    Page title: Business Analyst with P&C Insurance Data Analytics Experience - VDart, Inc. - Warren, NJ
2025-09-15 14:25:33,359 - INFO -    ✅ Successfully on application page
2025-09-15 14:25:33,369 - INFO -    🔄 Looking for NEXT button...
2025-09-15 14:25:43,476 - ERROR -    ❌ Cannot click first NEXT button: Message: 
Stacktrace:
#0 0x562ea023c94a <unknown>
#1 0x562e9fcb18a0 <unknown>
#2 0x562e9fd03540 <unknown>
#3 0x562e9fd03731 <unknown>
#4 0x562e9fd51824 <unknown>
#5 0x562e9fd2905d <unknown>
#6 0x562e9fd4ec23 <unknown>
#7 0x562e9fd28e03 <unknown>
#8 0x562e9fcf5968 <unknown>
#9 0x562e9fcf65e1 <unknown>
#10 0x562ea0200548 <unknown>
#11 0x562ea0204272 <unknown>
#12 0x562ea01e7313 <unknown>
#13 0x562ea0204dc5 <unknown>
#14 0x562ea01cc49f <unknown>
#15 0x562ea0229158 <unknown>
#16 0x562ea0229332 <unknown>
#17 0x562ea023ba53 <unknown>
#18 0x7f0ac7e9caa4 <unknown>
#19 0x7f0ac7f29c3c <unknown>

2025-09-15 14:25:55,693 - INFO - 🎯 [7/23] Applying to: Accela Business Analyst(Local to Lawrenceville, GA 30046) - LINK: https://www.dice.com/job-detail/1d40fca2-ef52-4185-a86b-1073e4001eb1
2025-09-15 14:26:05,709 - WARNING -    ⚠️  Could not check application status: Message: tab crashed
  (Session info: chrome=140.0.7339.0)
Stacktrace:
#0 0x562ea023c94a <unknown>
#1 0x562e9fcb16f3 <unknown>
#2 0x562e9fc9b34e <unknown>
#3 0x562e9fc9a47d <unknown>
#4 0x562e9fc99ee7 <unknown>
#5 0x562e9fc99bc5 <unknown>
#6 0x562e9fc97a42 <unknown>
#7 0x562e9fc9839f <unknown>
#8 0x562e9fca6bf3 <unknown>
#9 0x562e9fcbfdeb <unknown>
#10 0x562e9fcc65fb <unknown>
#11 0x562e9fc98add <unknown>
#12 0x562e9fcbf5f2 <unknown>
#13 0x562e9fd4eb00 <unknown>
#14 0x562e9fd28e03 <unknown>
#15 0x562e9fcf5968 <unknown>
#16 0x562e9fcf65e1 <unknown>
#17 0x562ea0200548 <unknown>
#18 0x562ea0204272 <unknown>
#19 0x562ea01e7313 <unknown>
#20 0x562ea0204dc5 <unknown>
#21 0x562ea01cc49f <unknown>
#22 0x562ea0229158 <unknown>
#23 0x562ea0229332 <unknown>
#24 0x562ea023ba53 <unknown>
#25 0x7f0ac7e9caa4 <unknown>
#26 0x7f0ac7f29c3c <unknown>

2025-09-15 14:26:05,717 - INFO -    🔄 Looking for apply button...
2025-09-15 14:26:05,725 - ERROR -    ❌ Driver error during application: Message: tab crashed
  (Session info: chrome=140.0.7339.0)
Stacktrace:
#0 0x562ea023c94a <unknown>
#1 0x562e9fcb16f3 <unknown>
#2 0x562e9fc99b75 <unknown>
#3 0x562e9fc97a42 <unknown>
#4 0x562e9fc9839f <unknown>
#5 0x562e9fca6bf3 <unknown>
#6 0x562e9fcbfdeb <unknown>
#7 0x562e9fcc65fb <unknown>
#8 0x562e9fc98add <unknown>
#9 0x562e9fcbf5f2 <unknown>
#10 0x562e9fd4eb00 <unknown>
#11 0x562e9fd28e03 <unknown>
#12 0x562e9fcf5968 <unknown>
#13 0x562e9fcf65e1 <unknown>
#14 0x562ea0200548 <unknown>
#15 0x562ea0204272 <unknown>
#16 0x562ea01e7313 <unknown>
#17 0x562ea0204dc5 <unknown>
#18 0x562ea01cc49f <unknown>
#19 0x562ea0229158 <unknown>
#20 0x562ea0229332 <unknown>
#21 0x562ea023ba53 <unknown>
#22 0x7f0ac7e9caa4 <unknown>
#23 0x7f0ac7f29c3c <unknown>

2025-09-15 14:26:05,725 - ERROR - WebDriver error for Accela Business Analyst(Local to Lawrenceville, GA 30046):
Traceback (most recent call last):
  File "/home/runner/work/Applier-Workflow/Applier-Workflow/scripts/src/stealth_apply.py", line 238, in easy_apply
    apply_button = WebDriverWait(driver, DELAY).until(
  File "/opt/hostedtoolcache/Python/3.10.18/x64/lib/python3.10/site-packages/selenium/webdriver/support/wait.py", line 129, in until
    value = method(self._driver)
  File "/opt/hostedtoolcache/Python/3.10.18/x64/lib/python3.10/site-packages/selenium/webdriver/support/expected_conditions.py", line 104, in _predicate
    return driver.find_element(*locator)
  File "/opt/hostedtoolcache/Python/3.10.18/x64/lib/python3.10/site-packages/selenium/webdriver/remote/webdriver.py", line 926, in find_element
    return self.execute(Command.FIND_ELEMENT, {"using": by, "value": value})["value"]
  File "/opt/hostedtoolcache/Python/3.10.18/x64/lib/python3.10/site-packages/selenium/webdriver/remote/webdriver.py", line 458, in execute
    self.error_handler.check_response(response)
  File "/opt/hostedtoolcache/Python/3.10.18/x64/lib/python3.10/site-packages/selenium/webdriver/remote/errorhandler.py", line 232, in check_response
    raise exception_class(message, screen, stacktrace)
selenium.common.exceptions.WebDriverException: Message: tab crashed
  (Session info: chrome=140.0.7339.0)
Stacktrace:
#0 0x562ea023c94a <unknown>
#1 0x562e9fcb16f3 <unknown>
#2 0x562e9fc99b75 <unknown>
#3 0x562e9fc97a42 <unknown>
#4 0x562e9fc9839f <unknown>
#5 0x562e9fca6bf3 <unknown>
#6 0x562e9fcbfdeb <unknown>
#7 0x562e9fcc65fb <unknown>
#8 0x562e9fc98add <unknown>
#9 0x562e9fcbf5f2 <unknown>
#10 0x562e9fd4eb00 <unknown>
#11 0x562e9fd28e03 <unknown>
#12 0x562e9fcf5968 <unknown>
#13 0x562e9fcf65e1 <unknown>
#14 0x562ea0200548 <unknown>
#15 0x562ea0204272 <unknown>
#16 0x562ea01e7313 <unknown>
#17 0x562ea0204dc5 <unknown>
#18 0x562ea01cc49f <unknown>
#19 0x562ea0229158 <unknown>
#20 0x562ea0229332 <unknown>
#21 0x562ea023ba53 <unknown>
#22 0x7f0ac7e9caa4 <unknown>
#23 0x7f0ac7f29c3c <unknown>

2025-09-15 14:26:05,727 - WARNING - 🚨 Too many consecutive failures (5), restarting driver...
2025-09-15 14:26:06,998 - INFO - 🔑 Logging into Dice...
2025-09-15 14:26:09,200 - INFO - ✅ Login successful
2025-09-15 14:26:30,589 - INFO - 🎯 [8/23] Applying to: Lead Business Analyst - LINK: https://www.dice.com/job-detail/b100cacf-357c-448f-8ca5-f1970fdc18a5
2025-09-15 14:26:44,655 - INFO -    🔄 Looking for apply button...
2025-09-15 14:26:47,887 - INFO -    ✅ Apply button clicked (regular click)
2025-09-15 14:26:50,296 - INFO -    🔍 Checking if we're on application page...
2025-09-15 14:26:50,300 - INFO -    Current URL: https://www.dice.com/apply?eyJjb3JyZWxhdGlvbl9pZCI6ImRjYzU5Y2FkLWQwNTQtNDNjMS04OGMzLTgyNzRlMzE1ODVkMyIsImRqdlZlcnNpb24iOiJuZXciLCJqb2JJZCI6ImIxMDBjYWNmLTM1N2MtNDQ4Zi04Y2E1LWYxOTcwZmRjMThhNSIsImpvYlVybCI6Imh0dHBzOi8vd3d3LmRpY2UuY29tL2pvYi1kZXRhaWwvYjEwMGNhY2YtMzU3Yy00NDhmLThjYTUtZjE5NzBmZGMxOGE1Iiwiam9iVGl0bGUiOiJMZWFkIEJ1c2luZXNzIEFuYWx5c3QiLCJzZWFyY2hMaW5rIjoiIn0=
2025-09-15 14:26:50,304 - INFO -    Page title: Apply
2025-09-15 14:26:54,034 - INFO -    ✅ Successfully on application page
2025-09-15 14:26:54,047 - INFO -    🔄 Looking for NEXT button...
2025-09-15 14:26:54,960 - INFO -    ✅ NEXT button clicked
2025-09-15 14:26:57,788 - INFO -    🔄 Looking for SUBMIT button...
2025-09-15 14:26:59,455 - INFO -    ✅ SUBMIT button clicked
2025-09-15 14:26:59,455 - INFO -    ✅ Successfully applied!
2025-09-15 14:27:10,681 - INFO - 🎯 [9/23] Applying to: AWS Developer - Python, RDS, Data - LINK: https://www.dice.com/job-detail/10984afc-baa2-4018-ae11-f9a12044cbda
2025-09-15 14:27:22,106 - INFO -    🔄 Looking for apply button...
2025-09-15 14:27:25,112 - INFO -    ✅ Apply button clicked (regular click)
2025-09-15 14:27:28,536 - INFO -    🔍 Checking if we're on application page...
2025-09-15 14:27:28,540 - INFO -    Current URL: https://www.dice.com/apply?eyJjb3JyZWxhdGlvbl9pZCI6IjMyZTA5ZTc3LTdjOGUtNDgwNS1iMGIxLTE0MGVlODQxODg0YSIsImRqdlZlcnNpb24iOiJuZXciLCJqb2JJZCI6IjEwOTg0YWZjLWJhYTItNDAxOC1hZTExLWY5YTEyMDQ0Y2JkYSIsImpvYlVybCI6Imh0dHBzOi8vd3d3LmRpY2UuY29tL2pvYi1kZXRhaWwvMTA5ODRhZmMtYmFhMi00MDE4LWFlMTEtZjlhMTIwNDRjYmRhIiwiam9iVGl0bGUiOiJBV1MgRGV2ZWxvcGVyIC0gUHl0aG9uLCBSRFMsIERhdGEiLCJzZWFyY2hMaW5rIjoiIn0=
2025-09-15 14:27:28,543 - INFO -    Page title: Apply
2025-09-15 14:27:34,055 - INFO -    ✅ Successfully on application page
2025-09-15 14:27:34,068 - INFO -    🔄 Looking for NEXT button...
2025-09-15 14:27:36,212 - INFO -    ✅ NEXT button clicked
2025-09-15 14:27:38,722 - INFO -    🔄 Looking for SUBMIT button...
2025-09-15 14:27:40,871 - INFO -    ✅ SUBMIT button clicked
2025-09-15 14:27:40,871 - INFO -    ✅ Successfully applied!
2025-09-15 14:27:51,589 - WARNING - 🔄 Driver crashed, restarting...
2025-09-15 14:27:59,905 - INFO - 🎯 [10/23] Applying to: Senior Data Engineer Python & Airflow - LINK: https://www.dice.com/job-detail/85e6bbb2-8639-48f3-8993-9233f65ed50e
2025-09-15 14:28:13,085 - INFO -    🔄 Looking for apply button...
2025-09-15 14:28:14,495 - INFO -    ✅ Apply button clicked (regular click)
2025-09-15 14:28:18,481 - INFO -    🔍 Checking if we're on application page...
2025-09-15 14:28:18,485 - INFO -    Current URL: https://www.dice.com/job-detail/85e6bbb2-8639-48f3-8993-9233f65ed50e
2025-09-15 14:28:18,488 - INFO -    Page title: Senior Data Engineer Python & Airflow - VDart, Inc. - Philadelphia, PA
2025-09-15 14:28:23,842 - INFO -    ✅ Successfully on application page
2025-09-15 14:28:23,852 - INFO -    🔄 Looking for NEXT button...
2025-09-15 14:28:33,943 - ERROR -    ❌ Cannot click first NEXT button: Message: 
Stacktrace:
#0 0x5595b02da94a <unknown>
#1 0x5595afd4f8a0 <unknown>
#2 0x5595afda1540 <unknown>
#3 0x5595afda1731 <unknown>
#4 0x5595afdef824 <unknown>
#5 0x5595afdc705d <unknown>
#6 0x5595afdecc23 <unknown>
#7 0x5595afdc6e03 <unknown>
#8 0x5595afd93968 <unknown>
#9 0x5595afd945e1 <unknown>
#10 0x5595b029e548 <unknown>
#11 0x5595b02a2272 <unknown>
#12 0x5595b0285313 <unknown>
#13 0x5595b02a2dc5 <unknown>
#14 0x5595b026a49f <unknown>
#15 0x5595b02c7158 <unknown>
#16 0x5595b02c7332 <unknown>
#17 0x5595b02d9a53 <unknown>
#18 0x7fa61069caa4 <unknown>
#19 0x7fa610729c3c <unknown>

2025-09-15 14:28:47,590 - INFO - 🎯 [11/23] Applying to: Sr Python Data Engineer - LINK: https://www.dice.com/job-detail/1026a6a8-e3df-48d7-b85c-4c0752c761ce
2025-09-15 14:28:59,153 - WARNING -    ⚠️  Could not check application status: Message: no such element: Unable to locate element: {"method":"tag name","selector":"apply-button-wc"}
  (Session info: chrome=140.0.7339.0); For documentation on this error, please visit: https://www.selenium.dev/documentation/webdriver/troubleshooting/errors#nosuchelementexception
Stacktrace:
#0 0x5595b02da94a <unknown>
#1 0x5595afd4f8a0 <unknown>
#2 0x5595afda1540 <unknown>
#3 0x5595afda1731 <unknown>
#4 0x5595afdef824 <unknown>
#5 0x5595afdc705d <unknown>
#6 0x5595afdecc23 <unknown>
#7 0x5595afdc6e03 <unknown>
#8 0x5595afd93968 <unknown>
#9 0x5595afd945e1 <unknown>
#10 0x5595b029e548 <unknown>
#11 0x5595b02a2272 <unknown>
#12 0x5595b0285313 <unknown>
#13 0x5595b02a2dc5 <unknown>
#14 0x5595b026a49f <unknown>
#15 0x5595b02c7158 <unknown>
#16 0x5595b02c7332 <unknown>
#17 0x5595b02d9a53 <unknown>
#18 0x7fa61069caa4 <unknown>
#19 0x7fa610729c3c <unknown>

2025-09-15 14:29:02,168 - INFO -    🔄 Looking for apply button...
2025-09-15 14:29:12,223 - ERROR -    ❌ Cannot find apply button: Message: 
Stacktrace:
#0 0x5595b02da94a <unknown>
#1 0x5595afd4f8a0 <unknown>
#2 0x5595afda1540 <unknown>
#3 0x5595afda1731 <unknown>
#4 0x5595afdef824 <unknown>
#5 0x5595afdc705d <unknown>
#6 0x5595afdecc23 <unknown>
#7 0x5595afdc6e03 <unknown>
#8 0x5595afd93968 <unknown>
#9 0x5595afd945e1 <unknown>
#10 0x5595b029e548 <unknown>
#11 0x5595b02a2272 <unknown>
#12 0x5595b0285313 <unknown>
#13 0x5595b02a2dc5 <unknown>
#14 0x5595b026a49f <unknown>
#15 0x5595b02c7158 <unknown>
#16 0x5595b02c7332 <unknown>
#17 0x5595b02d9a53 <unknown>
#18 0x7fa61069caa4 <unknown>
#19 0x7fa610729c3c <unknown>

2025-09-15 14:29:21,858 - INFO - 🎯 [12/23] Applying to: Senior Business Analyst / UKG / Workday / iCIMS / Dallas, TX - LINK: https://www.dice.com/job-detail/4feeb583-8526-4ae7-8b7a-934f6556305e
2025-09-15 14:29:30,797 - WARNING -    ⚠️  Could not check application status: Message: tab crashed
  (Session info: chrome=140.0.7339.0)
Stacktrace:
#0 0x5595b02da94a <unknown>
#1 0x5595afd4f6f3 <unknown>
#2 0x5595afd3934e <unknown>
#3 0x5595afd3847d <unknown>
#4 0x5595afd37ee7 <unknown>
#5 0x5595afd37bc5 <unknown>
#6 0x5595afd35a42 <unknown>
#7 0x5595afd3639f <unknown>
#8 0x5595afd44bf3 <unknown>
#9 0x5595afd5ddeb <unknown>
#10 0x5595afd645fb <unknown>
#11 0x5595afd36add <unknown>
#12 0x5595afd5d5f2 <unknown>
#13 0x5595afdecb00 <unknown>
#14 0x5595afdc6e03 <unknown>
#15 0x5595afd93968 <unknown>
#16 0x5595afd945e1 <unknown>
#17 0x5595b029e548 <unknown>
#18 0x5595b02a2272 <unknown>
#19 0x5595b0285313 <unknown>
#20 0x5595b02a2dc5 <unknown>
#21 0x5595b026a49f <unknown>
#22 0x5595b02c7158 <unknown>
#23 0x5595b02c7332 <unknown>
#24 0x5595b02d9a53 <unknown>
#25 0x7fa61069caa4 <unknown>
#26 0x7fa610729c3c <unknown>

2025-09-15 14:29:30,804 - INFO -    🔄 Looking for apply button...
2025-09-15 14:29:30,811 - ERROR -    ❌ Driver error during application: Message: tab crashed
  (Session info: chrome=140.0.7339.0)
Stacktrace:
#0 0x5595b02da94a <unknown>
#1 0x5595afd4f6f3 <unknown>
#2 0x5595afd37b75 <unknown>
#3 0x5595afd35a42 <unknown>
#4 0x5595afd3639f <unknown>
#5 0x5595afd44bf3 <unknown>
#6 0x5595afd5ddeb <unknown>
#7 0x5595afd645fb <unknown>
#8 0x5595afd36add <unknown>
#9 0x5595afd5d5f2 <unknown>
#10 0x5595afdecb00 <unknown>
#11 0x5595afdc6e03 <unknown>
#12 0x5595afd93968 <unknown>
#13 0x5595afd945e1 <unknown>
#14 0x5595b029e548 <unknown>
#15 0x5595b02a2272 <unknown>
#16 0x5595b0285313 <unknown>
#17 0x5595b02a2dc5 <unknown>
#18 0x5595b026a49f <unknown>
#19 0x5595b02c7158 <unknown>
#20 0x5595b02c7332 <unknown>
#21 0x5595b02d9a53 <unknown>
#22 0x7fa61069caa4 <unknown>
#23 0x7fa610729c3c <unknown>

2025-09-15 14:29:30,811 - ERROR - WebDriver error for Senior Business Analyst / UKG / Workday / iCIMS / Dallas, TX:
Traceback (most recent call last):
  File "/home/runner/work/Applier-Workflow/Applier-Workflow/scripts/src/stealth_apply.py", line 238, in easy_apply
    apply_button = WebDriverWait(driver, DELAY).until(
  File "/opt/hostedtoolcache/Python/3.10.18/x64/lib/python3.10/site-packages/selenium/webdriver/support/wait.py", line 129, in until
    value = method(self._driver)
  File "/opt/hostedtoolcache/Python/3.10.18/x64/lib/python3.10/site-packages/selenium/webdriver/support/expected_conditions.py", line 104, in _predicate
    return driver.find_element(*locator)
  File "/opt/hostedtoolcache/Python/3.10.18/x64/lib/python3.10/site-packages/selenium/webdriver/remote/webdriver.py", line 926, in find_element
    return self.execute(Command.FIND_ELEMENT, {"using": by, "value": value})["value"]
  File "/opt/hostedtoolcache/Python/3.10.18/x64/lib/python3.10/site-packages/selenium/webdriver/remote/webdriver.py", line 458, in execute
    self.error_handler.check_response(response)
  File "/opt/hostedtoolcache/Python/3.10.18/x64/lib/python3.10/site-packages/selenium/webdriver/remote/errorhandler.py", line 232, in check_response
    raise exception_class(message, screen, stacktrace)
selenium.common.exceptions.WebDriverException: Message: tab crashed
  (Session info: chrome=140.0.7339.0)
Stacktrace:
#0 0x5595b02da94a <unknown>
#1 0x5595afd4f6f3 <unknown>
#2 0x5595afd37b75 <unknown>
#3 0x5595afd35a42 <unknown>
#4 0x5595afd3639f <unknown>
#5 0x5595afd44bf3 <unknown>
#6 0x5595afd5ddeb <unknown>
#7 0x5595afd645fb <unknown>
#8 0x5595afd36add <unknown>
#9 0x5595afd5d5f2 <unknown>
#10 0x5595afdecb00 <unknown>
#11 0x5595afdc6e03 <unknown>
#12 0x5595afd93968 <unknown>
#13 0x5595afd945e1 <unknown>
#14 0x5595b029e548 <unknown>
#15 0x5595b02a2272 <unknown>
#16 0x5595b0285313 <unknown>
#17 0x5595b02a2dc5 <unknown>
#18 0x5595b026a49f <unknown>
#19 0x5595b02c7158 <unknown>
#20 0x5595b02c7332 <unknown>
#21 0x5595b02d9a53 <unknown>
#22 0x7fa61069caa4 <unknown>
#23 0x7fa610729c3c <unknown>

2025-09-15 14:29:41,873 - INFO - 🎯 [13/23] Applying to: Junior Software Engineer - LINK: https://www.dice.com/job-detail/6dc2e6f9-80fb-47fb-817f-4a58bcc53e35
2025-09-15 14:29:41,879 - WARNING - 🔄 Driver crashed, restarting...
2025-09-15 14:29:56,269 - INFO -    🔄 Looking for apply button...
2025-09-15 14:29:57,737 - INFO -    ✅ Apply button clicked (regular click)
2025-09-15 14:30:01,163 - INFO -    🔍 Checking if we're on application page...
2025-09-15 14:30:01,166 - INFO -    Current URL: https://www.dice.com/job-detail/6dc2e6f9-80fb-47fb-817f-4a58bcc53e35
2025-09-15 14:30:01,170 - INFO -    Page title: Junior Software Engineer - Enhance IT - Phoenix, AZ
2025-09-15 14:30:06,168 - INFO -    ✅ Successfully on application page
2025-09-15 14:30:06,178 - INFO -    🔄 Looking for NEXT button...
2025-09-15 14:30:16,289 - ERROR -    ❌ Cannot click first NEXT button: Message: 
Stacktrace:
#0 0x55fd3415d94a <unknown>
#1 0x55fd33bd28a0 <unknown>
#2 0x55fd33c24540 <unknown>
#3 0x55fd33c24731 <unknown>
#4 0x55fd33c72824 <unknown>
#5 0x55fd33c4a05d <unknown>
#6 0x55fd33c6fc23 <unknown>
#7 0x55fd33c49e03 <unknown>
#8 0x55fd33c16968 <unknown>
#9 0x55fd33c175e1 <unknown>
#10 0x55fd34121548 <unknown>
#11 0x55fd34125272 <unknown>
#12 0x55fd34108313 <unknown>
#13 0x55fd34125dc5 <unknown>
#14 0x55fd340ed49f <unknown>
#15 0x55fd3414a158 <unknown>
#16 0x55fd3414a332 <unknown>
#17 0x55fd3415ca53 <unknown>
#18 0x7fc049a9caa4 <unknown>
#19 0x7fc049b29c3c <unknown>

2025-09-15 14:30:27,097 - INFO - 🎯 [14/23] Applying to: Research Data Analyst - LINK: https://www.dice.com/job-detail/706bc700-5bd5-4f3d-bf26-19c88ecbd500
2025-09-15 14:30:27,098 - WARNING - 🔄 Driver crashed, restarting...
2025-09-15 14:30:42,680 - INFO -    🔄 Looking for apply button...
2025-09-15 14:30:44,130 - INFO -    ✅ Apply button clicked (regular click)
2025-09-15 14:30:47,012 - INFO -    🔍 Checking if we're on application page...
2025-09-15 14:30:47,016 - INFO -    Current URL: https://www.dice.com/job-detail/706bc700-5bd5-4f3d-bf26-19c88ecbd500
2025-09-15 14:30:47,020 - INFO -    Page title: Research Data Analyst - Helishores Inc - Remote
2025-09-15 14:30:52,012 - INFO -    ✅ Successfully on application page
2025-09-15 14:30:52,021 - INFO -    🔄 Looking for NEXT button...
2025-09-15 14:31:02,133 - ERROR -    ❌ Cannot click first NEXT button: Message: 
Stacktrace:
#0 0x5568fae5294a <unknown>
#1 0x5568fa8c78a0 <unknown>
#2 0x5568fa919540 <unknown>
#3 0x5568fa919731 <unknown>
#4 0x5568fa967824 <unknown>
#5 0x5568fa93f05d <unknown>
#6 0x5568fa964c23 <unknown>
#7 0x5568fa93ee03 <unknown>
#8 0x5568fa90b968 <unknown>
#9 0x5568fa90c5e1 <unknown>
#10 0x5568fae16548 <unknown>
#11 0x5568fae1a272 <unknown>
#12 0x5568fadfd313 <unknown>
#13 0x5568fae1adc5 <unknown>
#14 0x5568fade249f <unknown>
#15 0x5568fae3f158 <unknown>
#16 0x5568fae3f332 <unknown>
#17 0x5568fae51a53 <unknown>
#18 0x7f76b3e9caa4 <unknown>
#19 0x7f76b3f29c3c <unknown>

2025-09-15 14:31:05,183 - WARNING - 🚨 Too many consecutive failures (5), restarting driver...
2025-09-15 14:31:06,636 - INFO - 🔑 Logging into Dice...
2025-09-15 14:31:09,174 - INFO - ✅ Login successful
2025-09-15 14:31:31,508 - INFO - 🎯 [15/23] Applying to: Data Scientist with Gen AI - LINK: https://www.dice.com/job-detail/cdaf8bda-fdde-4fbb-b419-6b0a6e993c03
2025-09-15 14:31:45,271 - INFO -    🔄 Looking for apply button...
2025-09-15 14:31:47,017 - INFO -    ✅ Apply button clicked (regular click)
2025-09-15 14:31:51,374 - INFO -    🔍 Checking if we're on application page...
2025-09-15 14:31:51,381 - INFO -    Current URL: https://www.dice.com/apply?eyJjb3JyZWxhdGlvbl9pZCI6ImE2OGQ4ZTZiLTBlNDUtNGViNC1iNzk0LTI3NGU4YmI4YzY3MyIsImRqdlZlcnNpb24iOiJuZXciLCJqb2JJZCI6ImNkYWY4YmRhLWZkZGUtNGZiYi1iNDE5LTZiMGE2ZTk5M2MwMyIsImpvYlVybCI6Imh0dHBzOi8vd3d3LmRpY2UuY29tL2pvYi1kZXRhaWwvY2RhZjhiZGEtZmRkZS00ZmJiLWI0MTktNmIwYTZlOTkzYzAzIiwiam9iVGl0bGUiOiJEYXRhIFNjaWVudGlzdCB3aXRoIEdlbiBBSSIsInNlYXJjaExpbmsiOiIifQ=%3D
2025-09-15 14:31:51,394 - INFO -    Page title: Apply
2025-09-15 14:31:56,071 - INFO -    ✅ Successfully on application page
2025-09-15 14:31:56,084 - INFO -    🔄 Looking for NEXT button...
2025-09-15 14:31:57,131 - INFO -    ✅ NEXT button clicked
2025-09-15 14:31:59,971 - INFO -    🔄 Looking for SUBMIT button...
2025-09-15 14:32:01,435 - INFO -    ✅ SUBMIT button clicked
2025-09-15 14:32:01,435 - INFO -    ✅ Successfully applied!
2025-09-15 14:32:08,195 - INFO - 🎯 [16/23] Applying to: Data Scientist Architect - BFSI - LINK: https://www.dice.com/job-detail/eefc424b-1346-4f30-86ed-691bac0e5f8f
2025-09-15 14:32:18,998 - INFO -    🔄 Looking for apply button...
2025-09-15 14:32:20,576 - INFO -    ✅ Apply button clicked (regular click)
2025-09-15 14:32:23,753 - INFO -    🔍 Checking if we're on application page...
2025-09-15 14:32:23,757 - INFO -    Current URL: https://www.dice.com/apply?eyJjb3JyZWxhdGlvbl9pZCI6IjcyYzI4YjIwLWRiZmItNGIzZC04NmUwLTY3ZjlmMGNmY2Y1ZCIsImRqdlZlcnNpb24iOiJuZXciLCJqb2JJZCI6ImVlZmM0MjRiLTEzNDYtNGYzMC04NmVkLTY5MWJhYzBlNWY4ZiIsImpvYlVybCI6Imh0dHBzOi8vd3d3LmRpY2UuY29tL2pvYi1kZXRhaWwvZWVmYzQyNGItMTM0Ni00ZjMwLTg2ZWQtNjkxYmFjMGU1ZjhmIiwiam9iVGl0bGUiOiJEYXRhIFNjaWVudGlzdCBBcmNoaXRlY3QgLSBCRlNJIiwic2VhcmNoTGluayI6IiJ9
2025-09-15 14:32:23,760 - INFO -    Page title: Apply
2025-09-15 14:32:29,477 - INFO -    ✅ Successfully on application page
2025-09-15 14:32:29,491 - INFO -    🔄 Looking for NEXT button...
2025-09-15 14:32:30,430 - INFO -    ✅ NEXT button clicked
2025-09-15 14:32:33,644 - INFO -    🔄 Looking for SUBMIT button...
2025-09-15 14:32:35,563 - INFO -    ✅ SUBMIT button clicked
2025-09-15 14:32:35,563 - INFO -    ✅ Successfully applied!
2025-09-15 14:32:47,589 - INFO - 🎯 [17/23] Applying to: Senior Data Analyst / Engineer (Microsoft Fabric + Power BI) - LINK: https://www.dice.com/job-detail/39aebacc-8974-4fc5-9e98-4517ba684d79
2025-09-15 14:32:47,597 - WARNING - 🔄 Driver crashed, restarting...
2025-09-15 14:33:02,908 - INFO -    🔄 Looking for apply button...
2025-09-15 14:33:06,104 - INFO -    ✅ Apply button clicked (regular click)
2025-09-15 14:33:09,680 - INFO -    🔍 Checking if we're on application page...
2025-09-15 14:33:09,685 - INFO -    Current URL: https://www.dice.com/job-detail/39aebacc-8974-4fc5-9e98-4517ba684d79
2025-09-15 14:33:09,689 - INFO -    Page title: Senior Data Analyst / Engineer (Microsoft Fabric + Power BI) - XP3R Inc. - Santa Ana, CA
2025-09-15 14:33:15,645 - INFO -    ✅ Successfully on application page
2025-09-15 14:33:15,656 - INFO -    🔄 Looking for NEXT button...
2025-09-15 14:33:25,792 - ERROR -    ❌ Cannot click first NEXT button: Message: 
Stacktrace:
#0 0x55c5e3fc694a <unknown>
#1 0x55c5e3a3b8a0 <unknown>
#2 0x55c5e3a8d540 <unknown>
#3 0x55c5e3a8d731 <unknown>
#4 0x55c5e3adb824 <unknown>
#5 0x55c5e3ab305d <unknown>
#6 0x55c5e3ad8c23 <unknown>
#7 0x55c5e3ab2e03 <unknown>
#8 0x55c5e3a7f968 <unknown>
#9 0x55c5e3a805e1 <unknown>
#10 0x55c5e3f8a548 <unknown>
#11 0x55c5e3f8e272 <unknown>
#12 0x55c5e3f71313 <unknown>
#13 0x55c5e3f8edc5 <unknown>
#14 0x55c5e3f5649f <unknown>
#15 0x55c5e3fb3158 <unknown>
#16 0x55c5e3fb3332 <unknown>
#17 0x55c5e3fc5a53 <unknown>
#18 0x7f350469caa4 <unknown>
#19 0x7f3504729c3c <unknown>

2025-09-15 14:33:35,352 - INFO - 🎯 [18/23] Applying to: Business Data Analyst - LINK: https://www.dice.com/job-detail/d299d8c7-7798-4045-82c9-07e4d3c7d1c7
2025-09-15 14:33:35,353 - WARNING - 🔄 Driver crashed, restarting...
2025-09-15 14:33:51,258 - INFO -    🔄 Looking for apply button...
2025-09-15 14:33:53,361 - INFO -    ✅ Apply button clicked (regular click)
2025-09-15 14:33:55,791 - INFO -    🔍 Checking if we're on application page...
2025-09-15 14:33:55,795 - INFO -    Current URL: https://www.dice.com/job-detail/d299d8c7-7798-4045-82c9-07e4d3c7d1c7
2025-09-15 14:33:55,800 - INFO -    Page title: Business Data Analyst - Sriven Systems Inc. - Reston, VA
2025-09-15 14:34:00,894 - INFO -    ✅ Successfully on application page
2025-09-15 14:34:00,906 - INFO -    🔄 Looking for NEXT button...
2025-09-15 14:34:11,035 - ERROR -    ❌ Cannot click first NEXT button: Message: 
Stacktrace:
#0 0x55fdcc15694a <unknown>
#1 0x55fdcbbcb8a0 <unknown>
#2 0x55fdcbc1d540 <unknown>
#3 0x55fdcbc1d731 <unknown>
#4 0x55fdcbc6b824 <unknown>
#5 0x55fdcbc4305d <unknown>
#6 0x55fdcbc68c23 <unknown>
#7 0x55fdcbc42e03 <unknown>
#8 0x55fdcbc0f968 <unknown>
#9 0x55fdcbc105e1 <unknown>
#10 0x55fdcc11a548 <unknown>
#11 0x55fdcc11e272 <unknown>
#12 0x55fdcc101313 <unknown>
#13 0x55fdcc11edc5 <unknown>
#14 0x55fdcc0e649f <unknown>
#15 0x55fdcc143158 <unknown>
#16 0x55fdcc143332 <unknown>
#17 0x55fdcc155a53 <unknown>
#18 0x7f9ca309caa4 <unknown>
#19 0x7f9ca3129c3c <unknown>

2025-09-15 14:34:21,792 - INFO - 🎯 [19/23] Applying to: Jr. Data Analyst - LINK: https://www.dice.com/job-detail/b2c34845-86b8-49cd-b822-3f2aefb40d7a
2025-09-15 14:34:21,793 - WARNING - 🔄 Driver crashed, restarting...
2025-09-15 14:34:37,553 - INFO -    🔄 Looking for apply button...
2025-09-15 14:34:40,188 - INFO -    ✅ Apply button clicked (regular click)
2025-09-15 14:34:42,529 - INFO -    🔍 Checking if we're on application page...
2025-09-15 14:34:42,534 - INFO -    Current URL: https://www.dice.com/job-detail/b2c34845-86b8-49cd-b822-3f2aefb40d7a
2025-09-15 14:34:42,538 - INFO -    Page title: Jr. Data Analyst - Computer Enterprises, Inc. -
2025-09-15 14:34:49,043 - INFO -    ✅ Successfully on application page
2025-09-15 14:34:49,055 - INFO -    🔄 Looking for NEXT button...
2025-09-15 14:34:59,158 - ERROR -    ❌ Cannot click first NEXT button: Message: 
Stacktrace:
#0 0x55d012e9694a <unknown>
#1 0x55d01290b8a0 <unknown>
#2 0x55d01295d540 <unknown>
#3 0x55d01295d731 <unknown>
#4 0x55d0129ab824 <unknown>
#5 0x55d01298305d <unknown>
#6 0x55d0129a8c23 <unknown>
#7 0x55d012982e03 <unknown>
#8 0x55d01294f968 <unknown>
#9 0x55d0129505e1 <unknown>
#10 0x55d012e5a548 <unknown>
#11 0x55d012e5e272 <unknown>
#12 0x55d012e41313 <unknown>
#13 0x55d012e5edc5 <unknown>
#14 0x55d012e2649f <unknown>
#15 0x55d012e83158 <unknown>
#16 0x55d012e83332 <unknown>
#17 0x55d012e95a53 <unknown>
#18 0x7fc30049caa4 <unknown>
#19 0x7fc300529c3c <unknown>

2025-09-15 14:35:05,711 - WARNING - 🔄 Driver crashed, restarting...
2025-09-15 14:35:12,364 - INFO - 🎯 [20/23] Applying to: Master Data Analyst - LINK: https://www.dice.com/job-detail/88e0fb89-24a0-42db-934b-175fcd93a0a9
2025-09-15 14:35:28,648 - INFO -    🔄 Looking for apply button...
2025-09-15 14:35:30,325 - INFO -    ✅ Apply button clicked (regular click)
2025-09-15 14:35:33,538 - INFO -    🔍 Checking if we're on application page...
2025-09-15 14:35:33,541 - INFO -    Current URL: https://www.dice.com/job-detail/88e0fb89-24a0-42db-934b-175fcd93a0a9
2025-09-15 14:35:33,547 - INFO -    Page title: Master Data Analyst - Cyber Resource Provider LLC -
2025-09-15 14:35:38,584 - INFO -    ✅ Successfully on application page
2025-09-15 14:35:38,594 - INFO -    🔄 Looking for NEXT button...
2025-09-15 14:35:48,747 - ERROR -    ❌ Cannot click first NEXT button: Message: 
Stacktrace:
#0 0x563a7fc7494a <unknown>
#1 0x563a7f6e98a0 <unknown>
#2 0x563a7f73b540 <unknown>
#3 0x563a7f73b731 <unknown>
#4 0x563a7f789824 <unknown>
#5 0x563a7f76105d <unknown>
#6 0x563a7f786c23 <unknown>
#7 0x563a7f760e03 <unknown>
#8 0x563a7f72d968 <unknown>
#9 0x563a7f72e5e1 <unknown>
#10 0x563a7fc38548 <unknown>
#11 0x563a7fc3c272 <unknown>
#12 0x563a7fc1f313 <unknown>
#13 0x563a7fc3cdc5 <unknown>
#14 0x563a7fc0449f <unknown>
#15 0x563a7fc61158 <unknown>
#16 0x563a7fc61332 <unknown>
#17 0x563a7fc73a53 <unknown>
#18 0x7f463229caa4 <unknown>
#19 0x7f4632329c3c <unknown>

2025-09-15 14:36:02,350 - INFO - 🎯 [21/23] Applying to: Business Analyst - LINK: https://www.dice.com/job-detail/67313f14-b4b3-4bac-9431-ec22df28215b
2025-09-15 14:36:14,299 - INFO -    🔄 Looking for apply button...
2025-09-15 14:36:16,199 - INFO -    ✅ Apply button clicked (regular click)
2025-09-15 14:36:18,862 - INFO -    🔍 Checking if we're on application page...
2025-09-15 14:36:18,865 - INFO -    Current URL: https://www.dice.com/job-detail/67313f14-b4b3-4bac-9431-ec22df28215b
2025-09-15 14:36:18,869 - INFO -    Page title: Business Analyst - Skywalk Global - Des Moines, IA
2025-09-15 14:36:23,547 - INFO -    ✅ Successfully on application page
2025-09-15 14:36:23,558 - INFO -    🔄 Looking for NEXT button...
2025-09-15 14:36:33,654 - ERROR -    ❌ Cannot click first NEXT button: Message: 
Stacktrace:
#0 0x563a7fc7494a <unknown>
#1 0x563a7f6e98a0 <unknown>
#2 0x563a7f73b540 <unknown>
#3 0x563a7f73b731 <unknown>
#4 0x563a7f789824 <unknown>
#5 0x563a7f76105d <unknown>
#6 0x563a7f786c23 <unknown>
#7 0x563a7f760e03 <unknown>
#8 0x563a7f72d968 <unknown>
#9 0x563a7f72e5e1 <unknown>
#10 0x563a7fc38548 <unknown>
#11 0x563a7fc3c272 <unknown>
#12 0x563a7fc1f313 <unknown>
#13 0x563a7fc3cdc5 <unknown>
#14 0x563a7fc0449f <unknown>
#15 0x563a7fc61158 <unknown>
#16 0x563a7fc61332 <unknown>
#17 0x563a7fc73a53 <unknown>
#18 0x7f463229caa4 <unknown>
#19 0x7f4632329c3c <unknown>

2025-09-15 14:36:36,684 - WARNING - 🚨 Too many consecutive failures (5), restarting driver...
2025-09-15 14:36:37,802 - INFO - 🔑 Logging into Dice...
2025-09-15 14:36:41,178 - INFO - ✅ Login successful
2025-09-15 14:37:02,563 - INFO - 🎯 [22/23] Applying to: Product Owner/ Senior Business Analyst Provider Healthcare - LINK: https://www.dice.com/job-detail/10c7edb7-760b-4d10-9343-f805f88ad802
2025-09-15 14:37:15,696 - INFO -    🔄 Looking for apply button...
2025-09-15 14:37:18,671 - INFO -    ✅ Apply button clicked (regular click)
2025-09-15 14:37:22,271 - INFO -    🔍 Checking if we're on application page...
2025-09-15 14:37:22,277 - INFO -    Current URL: https://www.dice.com/apply?eyJjb3JyZWxhdGlvbl9pZCI6ImI3YmZmMmNiLTU5OTktNDMwNi05YTgyLWMwYWFhN2E5YzAyYyIsImRqdlZlcnNpb24iOiJuZXciLCJqb2JJZCI6IjEwYzdlZGI3LTc2MGItNGQxMC05MzQzLWY4MDVmODhhZDgwMiIsImpvYlVybCI6Imh0dHBzOi8vd3d3LmRpY2UuY29tL2pvYi1kZXRhaWwvMTBjN2VkYjctNzYwYi00ZDEwLTkzNDMtZjgwNWY4OGFkODAyIiwiam9iVGl0bGUiOiJQcm9kdWN0IE93bmVyLyBTZW5pb3IgQnVzaW5lc3MgQW5hbHlzdCBQcm92aWRlciBIZWFsdGhjYXJlIiwic2VhcmNoTGluayI6IiJ9
2025-09-15 14:37:22,282 - INFO -    Page title: Apply
2025-09-15 14:37:26,452 - INFO -    ✅ Successfully on application page
2025-09-15 14:37:26,469 - INFO -    🔄 Looking for NEXT button...
2025-09-15 14:37:27,865 - INFO -    ✅ NEXT button clicked
2025-09-15 14:37:31,049 - INFO -    🔄 Looking for SUBMIT button...
2025-09-15 14:37:33,744 - INFO -    ✅ SUBMIT button clicked
2025-09-15 14:37:33,744 - INFO -    ✅ Successfully applied!
2025-09-15 14:37:44,570 - INFO - 🎯 [23/23] Applying to: Senior Embedded Software Engineer - LINK: https://www.dice.com/job-detail/b3909e4a-7ca5-464f-bfc1-697ba1db9665
2025-09-15 14:37:55,879 - INFO -    🔄 Looking for apply button...
2025-09-15 14:37:58,235 - INFO -    ✅ Apply button clicked (regular click)
2025-09-15 14:38:01,009 - INFO -    🔍 Checking if we're on application page...
2025-09-15 14:38:01,013 - INFO -    Current URL: https://www.dice.com/apply?eyJjb3JyZWxhdGlvbl9pZCI6ImM1YjIyY2Y3LTI2MDAtNDllZi1iN2RhLTMxMzgxZTZhOTJhMCIsImRqdlZlcnNpb24iOiJuZXciLCJqb2JJZCI6ImIzOTA5ZTRhLTdjYTUtNDY0Zi1iZmMxLTY5N2JhMWRiOTY2NSIsImpvYlVybCI6Imh0dHBzOi8vd3d3LmRpY2UuY29tL2pvYi1kZXRhaWwvYjM5MDllNGEtN2NhNS00NjRmLWJmYzEtNjk3YmExZGI5NjY1Iiwiam9iVGl0bGUiOiJTZW5pb3IgRW1iZWRkZWQgU29mdHdhcmUgRW5naW5lZXIiLCJzZWFyY2hMaW5rIjoiIn0=
2025-09-15 14:38:01,016 - INFO -    Page title: Apply
2025-09-15 14:38:07,135 - INFO -    ✅ Successfully on application page
2025-09-15 14:38:07,152 - INFO -    🔄 Looking for NEXT button...
2025-09-15 14:38:08,862 - INFO -    ✅ NEXT button clicked
2025-09-15 14:38:12,092 - INFO -    🔄 Looking for SUBMIT button...
2025-09-15 14:38:13,316 - INFO -    ✅ SUBMIT button clicked
2025-09-15 14:38:13,316 - INFO -    ✅ Successfully applied!
2025-09-15 14:38:17,142 - INFO - 📊 Processing results...
2025-09-15 14:38:17,194 - INFO - 🎉 Application run completed!
2025-09-15 14:38:17,194 - INFO -    ✅ Newly applied: 8
2025-09-15 14:38:17,194 - INFO -    ⏭️  Already applied: 0
2025-09-15 14:38:17,194 - INFO -    ❌ Failed: 15
2025-09-15 14:38:17,194 - INFO -    📊 Total processed: 23
2025-09-15 14:38:17,194 - INFO -    📁 Total jobs in CSV: 2775
2025-09-15 14:38:17,194 - INFO -    💾 Updated: output/final_ml_jobs.csv
2025-09-15 14:38:17,194 - INFO - 🔧 Closing browser...
