2025-08-05 11:37:24,634 - INFO - 🚀 Starting stealth job application bot
2025-08-05 11:37:25,665 - INFO - 📂 Loading jobs from output/final_ml_jobs.csv
2025-08-05 11:37:25,691 - INFO -    📊 Total jobs in file: 3850
2025-08-05 11:37:25,693 - INFO -    🎯 Easy Apply jobs: 3850
2025-08-05 11:37:25,695 - INFO -    ⏳ Jobs to process: 1399 (status: pending)
2025-08-05 11:37:25,695 - INFO - 🎲 Will attempt 80 applications this run (target: 80)
2025-08-05 11:37:25,696 - INFO - 🔑 Logging into Dice...
2025-08-05 11:37:27,705 - INFO - ✅ Login successful
2025-08-05 11:37:30,845 - INFO - 🔄 Starting job applications...
2025-08-05 11:37:30,845 - INFO - 🎯 [1/80] Applying to: Software Engineer 4 - Contingent - LINK: https://www.dice.com/job-detail/4f3ac782-c3a1-425d-948d-d4e846e1f4e8
2025-08-05 11:37:45,638 - INFO -    ✅ Successfully applied!
2025-08-05 11:37:53,072 - INFO - 🎯 [2/80] Applying to: Data Center Engineer - M - LINK: https://www.dice.com/job-detail/fc2b4735-84ad-447c-af3e-a8f7910e240d
2025-08-05 11:38:08,117 - INFO -    ✅ Successfully applied!
2025-08-05 11:38:18,139 - INFO - 🎯 [3/80] Applying to: Software Engineer - LINK: https://www.dice.com/job-detail/7b1b8726-b6fb-4f54-a1c5-32c8e470a5f9
2025-08-05 11:38:32,504 - INFO -    ✅ Successfully applied!
2025-08-05 11:38:43,914 - INFO - 🎯 [4/80] Applying to: Senior Fullstack Python Architect - Hybrid, must be local to Allen, TX or Costa Mesa, CA. (SAM) - LINK: https://www.dice.com/job-detail/aa300972-dbeb-46b6-872c-e6d7290fbc3d
2025-08-05 11:39:02,161 - ERROR -    ❌ Cannot click apply button: Message: 
Stacktrace:
#0 0x55dbf4be22ca <unknown>
#1 0x55dbf4689550 <unknown>
#2 0x55dbf46db0f0 <unknown>
#3 0x55dbf46db2e1 <unknown>
#4 0x55dbf47295e4 <unknown>
#5 0x55dbf4700bed <unknown>
#6 0x55dbf47269e6 <unknown>
#7 0x55dbf4700993 <unknown>
#8 0x55dbf46ccd6b <unknown>
#9 0x55dbf46ce141 <unknown>
#10 0x55dbf4ba72ab <unknown>
#11 0x55dbf4bab0b9 <unknown>
#12 0x55dbf4b8e139 <unknown>
#13 0x55dbf4babc68 <unknown>
#14 0x55dbf4b7260f <unknown>
#15 0x55dbf4bd01f8 <unknown>
#16 0x55dbf4bd03d6 <unknown>
#17 0x55dbf4be15e6 <unknown>
#18 0x7f981a29caa4 <unknown>
#19 0x7f981a329c3c <unknown>

2025-08-05 11:39:13,251 - INFO - 🎯 [5/80] Applying to: Cloud AI Security Engineer - LINK: https://www.dice.com/job-detail/399b4abc-f30b-4173-a334-e3320caa6de0
2025-08-05 11:39:32,504 - ERROR -    ❌ Cannot click apply button: Message: 
Stacktrace:
#0 0x55dbf4be22ca <unknown>
#1 0x55dbf4689550 <unknown>
#2 0x55dbf46db0f0 <unknown>
#3 0x55dbf46db2e1 <unknown>
#4 0x55dbf47295e4 <unknown>
#5 0x55dbf4700bed <unknown>
#6 0x55dbf47269e6 <unknown>
#7 0x55dbf4700993 <unknown>
#8 0x55dbf46ccd6b <unknown>
#9 0x55dbf46ce141 <unknown>
#10 0x55dbf4ba72ab <unknown>
#11 0x55dbf4bab0b9 <unknown>
#12 0x55dbf4b8e139 <unknown>
#13 0x55dbf4babc68 <unknown>
#14 0x55dbf4b7260f <unknown>
#15 0x55dbf4bd01f8 <unknown>
#16 0x55dbf4bd03d6 <unknown>
#17 0x55dbf4be15e6 <unknown>
#18 0x7f981a29caa4 <unknown>
#19 0x7f981a329c3c <unknown>

2025-08-05 11:39:41,205 - INFO - 🎯 [6/80] Applying to: Cloud Engineer - LINK: https://www.dice.com/job-detail/de0e0320-1acb-4f36-a7ba-f2a761d66dc3
2025-08-05 11:39:56,231 - INFO -    ✅ Successfully applied!
2025-08-05 11:40:05,773 - INFO - 🎯 [7/80] Applying to: Data Architect- MS Fabric- Camden, NJ (Hybrid)-Duration: 4 months+ Contract - LINK: https://www.dice.com/job-detail/a211fab3-73fc-426b-b97f-9a88269e9a0e
2025-08-05 11:40:25,029 - ERROR -    ❌ Cannot click apply button: Message: 
Stacktrace:
#0 0x55dbf4be22ca <unknown>
#1 0x55dbf4689550 <unknown>
#2 0x55dbf46db0f0 <unknown>
#3 0x55dbf46db2e1 <unknown>
#4 0x55dbf47295e4 <unknown>
#5 0x55dbf4700bed <unknown>
#6 0x55dbf47269e6 <unknown>
#7 0x55dbf4700993 <unknown>
#8 0x55dbf46ccd6b <unknown>
#9 0x55dbf46ce141 <unknown>
#10 0x55dbf4ba72ab <unknown>
#11 0x55dbf4bab0b9 <unknown>
#12 0x55dbf4b8e139 <unknown>
#13 0x55dbf4babc68 <unknown>
#14 0x55dbf4b7260f <unknown>
#15 0x55dbf4bd01f8 <unknown>
#16 0x55dbf4bd03d6 <unknown>
#17 0x55dbf4be15e6 <unknown>
#18 0x7f981a29caa4 <unknown>
#19 0x7f981a329c3c <unknown>

2025-08-05 11:40:36,090 - INFO - 🎯 [8/80] Applying to: Business Analyst - LINK: https://www.dice.com/job-detail/e9476a27-21e0-445b-905f-74539da73883
2025-08-05 11:40:51,314 - INFO -    ✅ Successfully applied!
2025-08-05 11:41:00,885 - INFO - 🎯 [9/80] Applying to: Data Scientist - LINK: https://www.dice.com/job-detail/b2f20939-ecc4-41e3-aef8-0f36df48f45a
2025-08-05 11:41:17,368 - INFO -    ✅ Successfully applied!
2025-08-05 11:41:29,234 - INFO - 🎯 [10/80] Applying to: Lead/Sr. Java Engineer (Hybrid) - LINK: https://www.dice.com/job-detail/c462b5df-9152-4640-a501-7c18b48371b5
2025-08-05 11:41:43,186 - INFO -    ✅ Successfully applied!
2025-08-05 11:41:56,040 - INFO - 🎯 [11/80] Applying to: Sr. Business Analyst with SQL Experience - LINK: https://www.dice.com/job-detail/6e0326ae-9d5d-4dbc-b698-b35d9f38b356
2025-08-05 11:42:12,894 - INFO -    ✅ Successfully applied!
2025-08-05 11:42:24,236 - INFO - 🎯 [12/80] Applying to: Data Engineer - LINK: https://www.dice.com/job-detail/07e4afe3-9e90-4010-a246-13c72d5437cc
2025-08-05 11:42:40,502 - INFO -    ✅ Successfully applied!
2025-08-05 11:42:50,369 - INFO - 🎯 [13/80] Applying to: Product Owner Financial Systems (Advisor Billing Focus) - LINK: https://www.dice.com/job-detail/9fba19d0-aee9-43cc-a32a-fc26b922d597
2025-08-05 11:43:05,485 - INFO -    ✅ Successfully applied!
2025-08-05 11:43:16,399 - INFO - 🎯 [14/80] Applying to: Technical Program Product Manager - Technical Program Product Manager II - LINK: https://www.dice.com/job-detail/52dbc725-14e4-48e4-affe-95c0382dd310
2025-08-05 11:43:32,453 - INFO -    ✅ Successfully applied!
2025-08-05 11:43:38,232 - INFO - 🎯 [15/80] Applying to: Java Developer - LINK: https://www.dice.com/job-detail/df3e7964-7a07-43f9-8b50-94a2c99aa9b7
2025-08-05 11:43:55,823 - INFO -    ✅ Successfully applied!
2025-08-05 11:44:05,767 - INFO - 🎯 [16/80] Applying to: Analytical Scientist (ONSITE) - LINK: https://www.dice.com/job-detail/bd532c85-f7ef-430c-b638-9422c6570fca
2025-08-05 11:44:22,855 - INFO -    ✅ Successfully applied!
2025-08-05 11:44:34,078 - INFO - 🎯 [17/80] Applying to: Dynamics Business Analyst - W2 (NO C2C) - Naperville, IL (hybrid) - Posted by tauqeer - LINK: https://www.dice.com/job-detail/fc07c6f2-22e8-4565-a494-fae47702d2bd
2025-08-05 11:44:49,647 - INFO -    ✅ Successfully applied!
2025-08-05 11:44:59,217 - INFO - 🎯 [18/80] Applying to: Senior Java Developer - LINK: https://www.dice.com/job-detail/674dcbdd-3bfa-4732-8683-61675ac4f819
2025-08-05 11:45:17,334 - ERROR -    ❌ Cannot click apply button: Message: 
Stacktrace:
#0 0x55dbf4be22ca <unknown>
#1 0x55dbf4689550 <unknown>
#2 0x55dbf46db0f0 <unknown>
#3 0x55dbf46db2e1 <unknown>
#4 0x55dbf47295e4 <unknown>
#5 0x55dbf4700bed <unknown>
#6 0x55dbf47269e6 <unknown>
#7 0x55dbf4700993 <unknown>
#8 0x55dbf46ccd6b <unknown>
#9 0x55dbf46ce141 <unknown>
#10 0x55dbf4ba72ab <unknown>
#11 0x55dbf4bab0b9 <unknown>
#12 0x55dbf4b8e139 <unknown>
#13 0x55dbf4babc68 <unknown>
#14 0x55dbf4b7260f <unknown>
#15 0x55dbf4bd01f8 <unknown>
#16 0x55dbf4bd03d6 <unknown>
#17 0x55dbf4be15e6 <unknown>
#18 0x7f981a29caa4 <unknown>
#19 0x7f981a329c3c <unknown>

2025-08-05 11:45:26,331 - INFO - 🎯 [19/80] Applying to: Embedded Software Developer C++ - LINK: https://www.dice.com/job-detail/b531d8e0-1db5-4934-a2b0-dcd8217832ac
2025-08-05 11:45:42,004 - INFO -    ✅ Successfully applied!
2025-08-05 11:45:52,251 - INFO - 🎯 [20/80] Applying to: Master Network Specialist - LINK: https://www.dice.com/job-detail/e8627bf7-4e89-4942-b525-edac8e6f5c3d
2025-08-05 11:46:07,948 - INFO -    ✅ Successfully applied!
2025-08-05 11:46:18,855 - INFO - 🎯 [21/80] Applying to: Senior Java Developer - LINK: https://www.dice.com/job-detail/eff167d6-642e-4258-9172-164618ed5bd7
2025-08-05 11:46:39,096 - ERROR -    ❌ Cannot click apply button: Message: 
Stacktrace:
#0 0x55dbf4be22ca <unknown>
#1 0x55dbf4689550 <unknown>
#2 0x55dbf46db0f0 <unknown>
#3 0x55dbf46db2e1 <unknown>
#4 0x55dbf47295e4 <unknown>
#5 0x55dbf4700bed <unknown>
#6 0x55dbf47269e6 <unknown>
#7 0x55dbf4700993 <unknown>
#8 0x55dbf46ccd6b <unknown>
#9 0x55dbf46ce141 <unknown>
#10 0x55dbf4ba72ab <unknown>
#11 0x55dbf4bab0b9 <unknown>
#12 0x55dbf4b8e139 <unknown>
#13 0x55dbf4babc68 <unknown>
#14 0x55dbf4b7260f <unknown>
#15 0x55dbf4bd01f8 <unknown>
#16 0x55dbf4bd03d6 <unknown>
#17 0x55dbf4be15e6 <unknown>
#18 0x7f981a29caa4 <unknown>
#19 0x7f981a329c3c <unknown>

2025-08-05 11:46:48,073 - INFO - 🎯 [22/80] Applying to: Robotics (camera/ sensors) Software Engineer III - LINK: https://www.dice.com/job-detail/031887ff-6e03-40db-8fd2-dac75d86c801
2025-08-05 11:47:06,766 - ERROR -    ❌ Cannot click apply button: Message: 
Stacktrace:
#0 0x55dbf4be22ca <unknown>
#1 0x55dbf4689550 <unknown>
#2 0x55dbf46db0f0 <unknown>
#3 0x55dbf46db2e1 <unknown>
#4 0x55dbf47295e4 <unknown>
#5 0x55dbf4700bed <unknown>
#6 0x55dbf47269e6 <unknown>
#7 0x55dbf4700993 <unknown>
#8 0x55dbf46ccd6b <unknown>
#9 0x55dbf46ce141 <unknown>
#10 0x55dbf4ba72ab <unknown>
#11 0x55dbf4bab0b9 <unknown>
#12 0x55dbf4b8e139 <unknown>
#13 0x55dbf4babc68 <unknown>
#14 0x55dbf4b7260f <unknown>
#15 0x55dbf4bd01f8 <unknown>
#16 0x55dbf4bd03d6 <unknown>
#17 0x55dbf4be15e6 <unknown>
#18 0x7f981a29caa4 <unknown>
#19 0x7f981a329c3c <unknown>

2025-08-05 11:47:15,210 - INFO - 🎯 [23/80] Applying to: JavaScript Developer - LINK: https://www.dice.com/job-detail/584d7f05-7e0a-4dd1-b311-1da4d3e2fefa
2025-08-05 11:47:27,992 - INFO -    ✅ Successfully applied!
2025-08-05 11:47:36,830 - INFO - 🎯 [24/80] Applying to: Data Analyst Guidewire experience (LOCAL TO MI) - LINK: https://www.dice.com/job-detail/438cc0f4-08e9-455f-830a-e46588aac43c
2025-08-05 11:47:52,626 - INFO -    ✅ Successfully applied!
2025-08-05 11:48:04,496 - INFO - 🎯 [25/80] Applying to: Jr Assembly Engineer - DRONES - LINK: https://www.dice.com/job-detail/26286fc6-3a8b-4b21-905c-2c6de9c775af
2025-08-05 11:48:19,012 - INFO -    ✅ Successfully applied!
2025-08-05 11:48:28,286 - INFO - 🎯 [26/80] Applying to: .Net Lead Developer - LINK: https://www.dice.com/job-detail/ac3b915e-6802-4748-bccf-d79c1b76f9c6
2025-08-05 11:48:42,785 - INFO -    ✅ Successfully applied!
2025-08-05 11:48:52,644 - INFO - 🎯 [27/80] Applying to: Full Stack Developer - LINK: https://www.dice.com/job-detail/3db66615-05a7-44f5-9607-bd1f3ceed51c
2025-08-05 11:49:04,683 - INFO -    ✅ Successfully applied!
2025-08-05 11:49:12,484 - INFO - 🎯 [28/80] Applying to: Data Engineer - LINK: https://www.dice.com/job-detail/d9129554-559d-484e-81fc-5c1198747416
2025-08-05 11:49:28,989 - INFO -    ✅ Successfully applied!
2025-08-05 11:49:38,313 - INFO - 🎯 [29/80] Applying to: Principal Architect - Customer / Corporate Solutions - LINK: https://www.dice.com/job-detail/8d54f2b2-7bfe-469a-991f-80fa3d1b4073
2025-08-05 11:49:56,936 - ERROR -    ❌ Cannot click apply button: Message: 
Stacktrace:
#0 0x55dbf4be22ca <unknown>
#1 0x55dbf4689550 <unknown>
#2 0x55dbf46db0f0 <unknown>
#3 0x55dbf46db2e1 <unknown>
#4 0x55dbf47295e4 <unknown>
#5 0x55dbf4700bed <unknown>
#6 0x55dbf47269e6 <unknown>
#7 0x55dbf4700993 <unknown>
#8 0x55dbf46ccd6b <unknown>
#9 0x55dbf46ce141 <unknown>
#10 0x55dbf4ba72ab <unknown>
#11 0x55dbf4bab0b9 <unknown>
#12 0x55dbf4b8e139 <unknown>
#13 0x55dbf4babc68 <unknown>
#14 0x55dbf4b7260f <unknown>
#15 0x55dbf4bd01f8 <unknown>
#16 0x55dbf4bd03d6 <unknown>
#17 0x55dbf4be15e6 <unknown>
#18 0x7f981a29caa4 <unknown>
#19 0x7f981a329c3c <unknown>

2025-08-05 11:50:08,206 - INFO - 🎯 [30/80] Applying to: Java Full Stack Developer - LINK: https://www.dice.com/job-detail/9e1e946a-de17-47b1-b7fc-df72ae9d6cf8
2025-08-05 11:50:20,882 - INFO -    ✅ Successfully applied!
2025-08-05 11:50:30,729 - INFO - 🎯 [31/80] Applying to: Gen AI Security Engineer - LINK: https://www.dice.com/job-detail/e47b3e5d-3170-4c95-91f9-bcaf2a14a150
2025-08-05 11:50:45,973 - INFO -    ✅ Successfully applied!
2025-08-05 11:50:54,446 - INFO - 🎯 [32/80] Applying to: Oracle WMS Functional Consultant - LINK: https://www.dice.com/job-detail/a5b26d7a-3387-427e-9867-88f044ec1b1c
2025-08-05 11:51:10,734 - INFO -    ✅ Successfully applied!
2025-08-05 11:51:22,511 - INFO - 🎯 [33/80] Applying to: Java Developer - LINK: https://www.dice.com/job-detail/ae70e77e-34d1-4132-9b12-89467de51b82
2025-08-05 11:51:38,765 - INFO -    ✅ Successfully applied!
2025-08-05 11:51:48,140 - INFO - 🎯 [34/80] Applying to: CLOUD (AZURE) ENGINEER. - LINK: https://www.dice.com/job-detail/8de130e3-c30f-457c-8e5b-1c5378a67662
2025-08-05 11:52:03,469 - INFO -    ✅ Successfully applied!
2025-08-05 11:52:14,319 - INFO - 🎯 [35/80] Applying to: Senior Scala Engineer - LINK: https://www.dice.com/job-detail/69994092-b1f1-49d4-82a5-eeb915e2e350
2025-08-05 11:52:32,774 - ERROR -    ❌ Cannot click apply button: Message: 
Stacktrace:
#0 0x55dbf4be22ca <unknown>
#1 0x55dbf4689550 <unknown>
#2 0x55dbf46db0f0 <unknown>
#3 0x55dbf46db2e1 <unknown>
#4 0x55dbf47295e4 <unknown>
#5 0x55dbf4700bed <unknown>
#6 0x55dbf47269e6 <unknown>
#7 0x55dbf4700993 <unknown>
#8 0x55dbf46ccd6b <unknown>
#9 0x55dbf46ce141 <unknown>
#10 0x55dbf4ba72ab <unknown>
#11 0x55dbf4bab0b9 <unknown>
#12 0x55dbf4b8e139 <unknown>
#13 0x55dbf4babc68 <unknown>
#14 0x55dbf4b7260f <unknown>
#15 0x55dbf4bd01f8 <unknown>
#16 0x55dbf4bd03d6 <unknown>
#17 0x55dbf4be15e6 <unknown>
#18 0x7f981a29caa4 <unknown>
#19 0x7f981a329c3c <unknown>

2025-08-05 11:52:43,325 - INFO - 🎯 [36/80] Applying to: Senior Software Engineer - LINK: https://www.dice.com/job-detail/2df94dc7-792e-4b6b-8216-fc85ba766435
2025-08-05 11:52:58,145 - INFO -    ✅ Successfully applied!
2025-08-05 11:53:07,126 - INFO - 🎯 [37/80] Applying to: Data Engineer - LINK: https://www.dice.com/job-detail/7d7fc2bb-f434-406e-938c-b023dc087c1f
2025-08-05 11:53:23,606 - INFO -    ✅ Successfully applied!
2025-08-05 11:53:35,311 - INFO - 🎯 [38/80] Applying to: Technical Specialist Expert (Sr. Data Engineer) - LINK: https://www.dice.com/job-detail/206b40df-b782-4a47-bcc9-c7ffd7d4f290
2025-08-05 11:53:48,810 - INFO -    ✅ Successfully applied!
2025-08-05 11:53:57,274 - INFO - 🎯 [39/80] Applying to: Technical Writer / Documentation Consultant in Wilton, CT - Onsite Opportunity - LINK: https://www.dice.com/job-detail/ced2ed15-c74f-452f-a712-32b5f0b56364
2025-08-05 11:54:13,027 - INFO -    ✅ Successfully applied!
2025-08-05 11:54:22,708 - INFO - 🎯 [40/80] Applying to: Python (Data) Developer - LINK: https://www.dice.com/job-detail/dafa9585-a7d9-4bab-9922-9eb30121ded0
2025-08-05 11:54:41,049 - ERROR -    ❌ Cannot click apply button: Message: 
Stacktrace:
#0 0x55dbf4be22ca <unknown>
#1 0x55dbf4689550 <unknown>
#2 0x55dbf46db0f0 <unknown>
#3 0x55dbf46db2e1 <unknown>
#4 0x55dbf47295e4 <unknown>
#5 0x55dbf4700bed <unknown>
#6 0x55dbf47269e6 <unknown>
#7 0x55dbf4700993 <unknown>
#8 0x55dbf46ccd6b <unknown>
#9 0x55dbf46ce141 <unknown>
#10 0x55dbf4ba72ab <unknown>
#11 0x55dbf4bab0b9 <unknown>
#12 0x55dbf4b8e139 <unknown>
#13 0x55dbf4babc68 <unknown>
#14 0x55dbf4b7260f <unknown>
#15 0x55dbf4bd01f8 <unknown>
#16 0x55dbf4bd03d6 <unknown>
#17 0x55dbf4be15e6 <unknown>
#18 0x7f981a29caa4 <unknown>
#19 0x7f981a329c3c <unknown>

2025-08-05 11:54:49,811 - INFO - 🎯 [41/80] Applying to: Senior Software Engineer - LINK: https://www.dice.com/job-detail/dc53ae2e-e66b-47ad-97c6-f2f5a4d37355
2025-08-05 11:55:08,812 - ERROR -    ❌ Cannot click apply button: Message: 
Stacktrace:
#0 0x55dbf4be22ca <unknown>
#1 0x55dbf4689550 <unknown>
#2 0x55dbf46db0f0 <unknown>
#3 0x55dbf46db2e1 <unknown>
#4 0x55dbf47295e4 <unknown>
#5 0x55dbf4700bed <unknown>
#6 0x55dbf47269e6 <unknown>
#7 0x55dbf4700993 <unknown>
#8 0x55dbf46ccd6b <unknown>
#9 0x55dbf46ce141 <unknown>
#10 0x55dbf4ba72ab <unknown>
#11 0x55dbf4bab0b9 <unknown>
#12 0x55dbf4b8e139 <unknown>
#13 0x55dbf4babc68 <unknown>
#14 0x55dbf4b7260f <unknown>
#15 0x55dbf4bd01f8 <unknown>
#16 0x55dbf4bd03d6 <unknown>
#17 0x55dbf4be15e6 <unknown>
#18 0x7f981a29caa4 <unknown>
#19 0x7f981a329c3c <unknown>

2025-08-05 11:55:17,037 - INFO - 🎯 [42/80] Applying to: Principal EDIFECS Consultant - HEALTHCARE - LINK: https://www.dice.com/job-detail/c8ba2310-5bdc-4541-a615-91f8dbb4e13f
2025-08-05 11:55:39,331 - ERROR -    ❌ Cannot click first NEXT button: Message: 
Stacktrace:
#0 0x55dbf4be22ca <unknown>
#1 0x55dbf4689550 <unknown>
#2 0x55dbf46db0f0 <unknown>
#3 0x55dbf46db2e1 <unknown>
#4 0x55dbf47295e4 <unknown>
#5 0x55dbf4700bed <unknown>
#6 0x55dbf47269e6 <unknown>
#7 0x55dbf4700993 <unknown>
#8 0x55dbf46ccd6b <unknown>
#9 0x55dbf46ce141 <unknown>
#10 0x55dbf4ba72ab <unknown>
#11 0x55dbf4bab0b9 <unknown>
#12 0x55dbf4b8e139 <unknown>
#13 0x55dbf4babc68 <unknown>
#14 0x55dbf4b7260f <unknown>
#15 0x55dbf4bd01f8 <unknown>
#16 0x55dbf4bd03d6 <unknown>
#17 0x55dbf4be15e6 <unknown>
#18 0x7f981a29caa4 <unknown>
#19 0x7f981a329c3c <unknown>

2025-08-05 11:55:49,733 - INFO - 🎯 [43/80] Applying to: Senior Software Developers - LINK: https://www.dice.com/job-detail/cb21fffc-cac3-4959-8f65-805aa84c25dc
2025-08-05 11:56:05,608 - INFO -    ✅ Successfully applied!
2025-08-05 11:56:13,402 - INFO - 🎯 [44/80] Applying to: RPAUiPath Engineer - LINK: https://www.dice.com/job-detail/8f39ee76-8284-486f-b88e-cefa628e6ce0
2025-08-05 11:56:33,144 - ERROR -    ❌ Cannot click apply button: Message: 
Stacktrace:
#0 0x55dbf4be22ca <unknown>
#1 0x55dbf4689550 <unknown>
#2 0x55dbf46db0f0 <unknown>
#3 0x55dbf46db2e1 <unknown>
#4 0x55dbf47295e4 <unknown>
#5 0x55dbf4700bed <unknown>
#6 0x55dbf47269e6 <unknown>
#7 0x55dbf4700993 <unknown>
#8 0x55dbf46ccd6b <unknown>
#9 0x55dbf46ce141 <unknown>
#10 0x55dbf4ba72ab <unknown>
#11 0x55dbf4bab0b9 <unknown>
#12 0x55dbf4b8e139 <unknown>
#13 0x55dbf4babc68 <unknown>
#14 0x55dbf4b7260f <unknown>
#15 0x55dbf4bd01f8 <unknown>
#16 0x55dbf4bd03d6 <unknown>
#17 0x55dbf4be15e6 <unknown>
#18 0x7f981a29caa4 <unknown>
#19 0x7f981a329c3c <unknown>

2025-08-05 11:56:44,634 - INFO - 🎯 [45/80] Applying to: Senior Java Full Stack Developer- Angular------ Need Locals to California - LINK: https://www.dice.com/job-detail/e1952b37-8b46-4dcf-a89b-e39e6c36ba0d
2025-08-05 11:57:01,155 - INFO -    ✅ Successfully applied!
2025-08-05 11:57:11,242 - INFO - 🎯 [46/80] Applying to: Need MERN Stack Developer / Mernstack Developer - LINK: https://www.dice.com/job-detail/0a56f995-a6e1-446a-ab46-9fb09498384b
2025-08-05 11:57:28,307 - INFO -    ✅ Successfully applied!
2025-08-05 11:57:38,307 - INFO - 🎯 [47/80] Applying to: Data Architect - LINK: https://www.dice.com/job-detail/9edc5124-b63a-4683-945e-811804934feb
2025-08-05 11:57:56,709 - ERROR -    ❌ Cannot click apply button: Message: 
Stacktrace:
#0 0x55dbf4be22ca <unknown>
#1 0x55dbf4689550 <unknown>
#2 0x55dbf46db0f0 <unknown>
#3 0x55dbf46db2e1 <unknown>
#4 0x55dbf47295e4 <unknown>
#5 0x55dbf4700bed <unknown>
#6 0x55dbf47269e6 <unknown>
#7 0x55dbf4700993 <unknown>
#8 0x55dbf46ccd6b <unknown>
#9 0x55dbf46ce141 <unknown>
#10 0x55dbf4ba72ab <unknown>
#11 0x55dbf4bab0b9 <unknown>
#12 0x55dbf4b8e139 <unknown>
#13 0x55dbf4babc68 <unknown>
#14 0x55dbf4b7260f <unknown>
#15 0x55dbf4bd01f8 <unknown>
#16 0x55dbf4bd03d6 <unknown>
#17 0x55dbf4be15e6 <unknown>
#18 0x7f981a29caa4 <unknown>
#19 0x7f981a329c3c <unknown>

2025-08-05 11:58:08,830 - INFO - 🎯 [48/80] Applying to: Software Engineer - LINK: https://www.dice.com/job-detail/60bd971e-92cb-435e-95ee-b7c61420c405
2025-08-05 11:58:26,038 - INFO -    ✅ Successfully applied!
2025-08-05 11:58:34,014 - INFO - 🎯 [49/80] Applying to: Business Analyst - LINK: https://www.dice.com/job-detail/6451b89d-9160-43e0-a622-6788af7212e1
2025-08-05 11:58:47,729 - INFO -    ✅ Successfully applied!
2025-08-05 11:58:58,175 - INFO - 🎯 [50/80] Applying to: Senior Business Analyst - LINK: https://www.dice.com/job-detail/e6349967-96e8-4ed9-b2aa-a2d496f18ff6
2025-08-05 11:59:10,997 - INFO -    ✅ Successfully applied!
2025-08-05 11:59:20,020 - INFO - 🎯 [51/80] Applying to: Sr. Technical Product Manager (Sr. TPM) - U.S. Citizen - This role sits within Optum Serves Technology Product organization - LINK: https://www.dice.com/job-detail/bb637a92-9bca-407e-ab73-bee07abfc749
2025-08-05 11:59:35,473 - INFO -    ✅ Successfully applied!
2025-08-05 11:59:44,818 - INFO - 🎯 [52/80] Applying to: Lead Engineer - Cyber Security III - LINK: https://www.dice.com/job-detail/e99adf1e-15d9-43de-9013-8ca2c982e4ec
2025-08-05 12:00:00,217 - INFO -    ✅ Successfully applied!
2025-08-05 12:00:09,745 - INFO - 🎯 [53/80] Applying to: Data Analyst/Business Analyst - LINK: https://www.dice.com/job-detail/a7f19e44-e133-4b5f-a7f4-bb394f73b1a4
2025-08-05 12:00:28,885 - ERROR -    ❌ Cannot click apply button: Message: 
Stacktrace:
#0 0x55dbf4be22ca <unknown>
#1 0x55dbf4689550 <unknown>
#2 0x55dbf46db0f0 <unknown>
#3 0x55dbf46db2e1 <unknown>
#4 0x55dbf47295e4 <unknown>
#5 0x55dbf4700bed <unknown>
#6 0x55dbf47269e6 <unknown>
#7 0x55dbf4700993 <unknown>
#8 0x55dbf46ccd6b <unknown>
#9 0x55dbf46ce141 <unknown>
#10 0x55dbf4ba72ab <unknown>
#11 0x55dbf4bab0b9 <unknown>
#12 0x55dbf4b8e139 <unknown>
#13 0x55dbf4babc68 <unknown>
#14 0x55dbf4b7260f <unknown>
#15 0x55dbf4bd01f8 <unknown>
#16 0x55dbf4bd03d6 <unknown>
#17 0x55dbf4be15e6 <unknown>
#18 0x7f981a29caa4 <unknown>
#19 0x7f981a329c3c <unknown>

2025-08-05 12:00:39,395 - INFO - 🎯 [54/80] Applying to: Senior Manager of Business Systems Analyst - LINK: https://www.dice.com/job-detail/dc603f80-f8f2-4328-b470-13400f7b4c32
2025-08-05 12:00:55,763 - INFO -    ✅ Successfully applied!
2025-08-05 12:01:05,264 - INFO - 🎯 [55/80] Applying to: Animal Research Technician - LINK: https://www.dice.com/job-detail/b83607ac-2bca-490b-a174-2b791a50069a
2025-08-05 12:01:24,211 - ERROR -    ❌ Cannot click apply button: Message: 
Stacktrace:
#0 0x55dbf4be22ca <unknown>
#1 0x55dbf4689550 <unknown>
#2 0x55dbf46db0f0 <unknown>
#3 0x55dbf46db2e1 <unknown>
#4 0x55dbf47295e4 <unknown>
#5 0x55dbf4700bed <unknown>
#6 0x55dbf47269e6 <unknown>
#7 0x55dbf4700993 <unknown>
#8 0x55dbf46ccd6b <unknown>
#9 0x55dbf46ce141 <unknown>
#10 0x55dbf4ba72ab <unknown>
#11 0x55dbf4bab0b9 <unknown>
#12 0x55dbf4b8e139 <unknown>
#13 0x55dbf4babc68 <unknown>
#14 0x55dbf4b7260f <unknown>
#15 0x55dbf4bd01f8 <unknown>
#16 0x55dbf4bd03d6 <unknown>
#17 0x55dbf4be15e6 <unknown>
#18 0x7f981a29caa4 <unknown>
#19 0x7f981a329c3c <unknown>

2025-08-05 12:01:37,147 - INFO - 🎯 [56/80] Applying to: AWS Architect - LINK: https://www.dice.com/job-detail/6f946e26-3209-46d5-bfc8-95ac9791a45d
2025-08-05 12:01:51,925 - INFO -    ✅ Successfully applied!
2025-08-05 12:02:03,520 - INFO - 🎯 [57/80] Applying to: Software Engineer (.NET Developer) Financial Applications - LINK: https://www.dice.com/job-detail/353bcffd-d248-450c-b5da-8660b352b74c
2025-08-05 12:02:16,447 - INFO -    ✅ Successfully applied!
2025-08-05 12:02:27,471 - INFO - 🎯 [58/80] Applying to: Solutions Architect - Forensic Science - LINK: https://www.dice.com/job-detail/1408bd46-58f4-46cb-b599-4c6611634b7d
2025-08-05 12:02:45,958 - ERROR -    ❌ Cannot click apply button: Message: 
Stacktrace:
#0 0x55dbf4be22ca <unknown>
#1 0x55dbf4689550 <unknown>
#2 0x55dbf46db0f0 <unknown>
#3 0x55dbf46db2e1 <unknown>
#4 0x55dbf47295e4 <unknown>
#5 0x55dbf4700bed <unknown>
#6 0x55dbf47269e6 <unknown>
#7 0x55dbf4700993 <unknown>
#8 0x55dbf46ccd6b <unknown>
#9 0x55dbf46ce141 <unknown>
#10 0x55dbf4ba72ab <unknown>
#11 0x55dbf4bab0b9 <unknown>
#12 0x55dbf4b8e139 <unknown>
#13 0x55dbf4babc68 <unknown>
#14 0x55dbf4b7260f <unknown>
#15 0x55dbf4bd01f8 <unknown>
#16 0x55dbf4bd03d6 <unknown>
#17 0x55dbf4be15e6 <unknown>
#18 0x7f981a29caa4 <unknown>
#19 0x7f981a329c3c <unknown>

2025-08-05 12:02:53,555 - INFO - 🎯 [59/80] Applying to: Business Analyst with Data Governance - - LINK: https://www.dice.com/job-detail/ceed13d6-c613-4887-a5c0-c36bc1028b75
2025-08-05 12:03:07,422 - INFO -    ✅ Successfully applied!
2025-08-05 12:03:15,580 - INFO - 🎯 [60/80] Applying to: Mid-Level Software Developer (Back-End) - LINK: https://www.dice.com/job-detail/c262d592-d73c-4bc3-9c70-bb80b5a5c27e
2025-08-05 12:03:32,716 - INFO -    ✅ Successfully applied!
2025-08-05 12:03:42,870 - INFO - 🎯 [61/80] Applying to: Azure AI/ML Engineer - LINK: https://www.dice.com/job-detail/90b643f8-4f33-486c-8905-eb0f70f5bfc1
2025-08-05 12:03:59,467 - INFO -    ✅ Successfully applied!
2025-08-05 12:04:08,653 - INFO - 🎯 [62/80] Applying to: Sr. Manager Data Science/GenAI/ML (hands on) - LINK: https://www.dice.com/job-detail/3b8b6ab4-7686-43bd-87fa-7c5411653864
2025-08-05 12:04:24,439 - INFO -    ✅ Successfully applied!
2025-08-05 12:04:31,511 - INFO - 🎯 [63/80] Applying to: Ruby on Rails Developer || Dallas, TX (Onsite) - LINK: https://www.dice.com/job-detail/e9e7a1db-898a-4981-ad2a-d97dbf0316b4
2025-08-05 12:04:50,673 - ERROR -    ❌ Cannot click apply button: Message: 
Stacktrace:
#0 0x55dbf4be22ca <unknown>
#1 0x55dbf4689550 <unknown>
#2 0x55dbf46db0f0 <unknown>
#3 0x55dbf46db2e1 <unknown>
#4 0x55dbf47295e4 <unknown>
#5 0x55dbf4700bed <unknown>
#6 0x55dbf47269e6 <unknown>
#7 0x55dbf4700993 <unknown>
#8 0x55dbf46ccd6b <unknown>
#9 0x55dbf46ce141 <unknown>
#10 0x55dbf4ba72ab <unknown>
#11 0x55dbf4bab0b9 <unknown>
#12 0x55dbf4b8e139 <unknown>
#13 0x55dbf4babc68 <unknown>
#14 0x55dbf4b7260f <unknown>
#15 0x55dbf4bd01f8 <unknown>
#16 0x55dbf4bd03d6 <unknown>
#17 0x55dbf4be15e6 <unknown>
#18 0x7f981a29caa4 <unknown>
#19 0x7f981a329c3c <unknown>

2025-08-05 12:05:02,033 - INFO - 🎯 [64/80] Applying to: QA ENGINEER - LINK: https://www.dice.com/job-detail/1d335fab-c8cc-4ea8-ac4f-71db87370cb6
2025-08-05 12:05:17,927 - INFO -    ✅ Successfully applied!
2025-08-05 12:05:25,807 - INFO - 🎯 [65/80] Applying to: Lead Software Integration Architect - LINK: https://www.dice.com/job-detail/3a4adcfd-edf6-4da4-86bb-948c03ce09f3
2025-08-05 12:05:40,282 - INFO -    ✅ Successfully applied!
2025-08-05 12:05:51,836 - INFO - 🎯 [66/80] Applying to: Business Analyst - LINK: https://www.dice.com/job-detail/3f3d6985-8c4b-4417-a22d-7abd0b65f61c
2025-08-05 12:06:07,611 - INFO -    ✅ Successfully applied!
2025-08-05 12:06:19,031 - INFO - 🎯 [67/80] Applying to: AI/ML Data Scientist - REMOTE - LINK: https://www.dice.com/job-detail/77a966a7-684e-434a-9557-f6d469e3215d
2025-08-05 12:06:34,341 - INFO -    ✅ Successfully applied!
2025-08-05 12:06:45,173 - INFO - 🎯 [68/80] Applying to: Sr. Java AWS Developer/ Lead - LINK: https://www.dice.com/job-detail/ac9fb85e-95bc-4fd9-a5a3-5e8f3447c608
2025-08-05 12:07:03,452 - ERROR -    ❌ Cannot click apply button: Message: 
Stacktrace:
#0 0x55dbf4be22ca <unknown>
#1 0x55dbf4689550 <unknown>
#2 0x55dbf46db0f0 <unknown>
#3 0x55dbf46db2e1 <unknown>
#4 0x55dbf47295e4 <unknown>
#5 0x55dbf4700bed <unknown>
#6 0x55dbf47269e6 <unknown>
#7 0x55dbf4700993 <unknown>
#8 0x55dbf46ccd6b <unknown>
#9 0x55dbf46ce141 <unknown>
#10 0x55dbf4ba72ab <unknown>
#11 0x55dbf4bab0b9 <unknown>
#12 0x55dbf4b8e139 <unknown>
#13 0x55dbf4babc68 <unknown>
#14 0x55dbf4b7260f <unknown>
#15 0x55dbf4bd01f8 <unknown>
#16 0x55dbf4bd03d6 <unknown>
#17 0x55dbf4be15e6 <unknown>
#18 0x7f981a29caa4 <unknown>
#19 0x7f981a329c3c <unknown>

2025-08-05 12:07:15,546 - INFO - 🎯 [69/80] Applying to: Emergency Communication Engineer - LINK: https://www.dice.com/job-detail/a1fde355-42e1-4e6d-9cfd-94533647a7b5
2025-08-05 12:07:31,678 - INFO -    ✅ Successfully applied!
2025-08-05 12:07:45,967 - INFO - 🎯 [70/80] Applying to: Network Infrastructure Architect - LINK: https://www.dice.com/job-detail/8cdd50b7-3db1-4f5e-abab-3b99e16d8e78
2025-08-05 12:08:00,693 - INFO -    ✅ Successfully applied!
2025-08-05 12:08:10,315 - INFO - 🎯 [71/80] Applying to: BI/Data Analyst (strong SQL skills) **REMOTE** - LINK: https://www.dice.com/job-detail/1981c059-9bb7-4395-a195-cf26f297c820
2025-08-05 12:08:23,652 - INFO -    ✅ Successfully applied!
2025-08-05 12:08:34,310 - INFO - 🎯 [72/80] Applying to: Enterprise Architect - LINK: https://www.dice.com/job-detail/d7e3bd06-cf0f-4333-99f1-438010e97bf3
2025-08-05 12:08:52,833 - ERROR -    ❌ Cannot click apply button: Message: 
Stacktrace:
#0 0x55dbf4be22ca <unknown>
#1 0x55dbf4689550 <unknown>
#2 0x55dbf46db0f0 <unknown>
#3 0x55dbf46db2e1 <unknown>
#4 0x55dbf47295e4 <unknown>
#5 0x55dbf4700bed <unknown>
#6 0x55dbf47269e6 <unknown>
#7 0x55dbf4700993 <unknown>
#8 0x55dbf46ccd6b <unknown>
#9 0x55dbf46ce141 <unknown>
#10 0x55dbf4ba72ab <unknown>
#11 0x55dbf4bab0b9 <unknown>
#12 0x55dbf4b8e139 <unknown>
#13 0x55dbf4babc68 <unknown>
#14 0x55dbf4b7260f <unknown>
#15 0x55dbf4bd01f8 <unknown>
#16 0x55dbf4bd03d6 <unknown>
#17 0x55dbf4be15e6 <unknown>
#18 0x7f981a29caa4 <unknown>
#19 0x7f981a329c3c <unknown>

2025-08-05 12:09:01,753 - INFO - 🎯 [73/80] Applying to: Python Developer - LINK: https://www.dice.com/job-detail/884abc67-2953-4558-a9b0-f0867c5aa788
2025-08-05 12:09:16,109 - INFO -    ✅ Successfully applied!
2025-08-05 12:09:27,514 - INFO - 🎯 [74/80] Applying to: Senior Data Engineer - LINK: https://www.dice.com/job-detail/c586de1f-d935-4cc3-bcd3-fca7f7c62464
2025-08-05 12:09:43,186 - INFO -    ✅ Successfully applied!
2025-08-05 12:09:52,080 - INFO - 🎯 [75/80] Applying to: Technical BA/Foreign Exchange - LINK: https://www.dice.com/job-detail/ed04bbdb-496d-4bd7-87d2-ddc339a3294f
2025-08-05 12:10:06,344 - INFO -    ✅ Successfully applied!
2025-08-05 12:10:15,786 - INFO - 🎯 [76/80] Applying to: .NET Solution Architect - LINK: https://www.dice.com/job-detail/9fbe8363-6117-4657-b07a-c9f2863cc36d
2025-08-05 12:10:34,892 - ERROR -    ❌ Cannot click apply button: Message: 
Stacktrace:
#0 0x55dbf4be22ca <unknown>
#1 0x55dbf4689550 <unknown>
#2 0x55dbf46db0f0 <unknown>
#3 0x55dbf46db2e1 <unknown>
#4 0x55dbf47295e4 <unknown>
#5 0x55dbf4700bed <unknown>
#6 0x55dbf47269e6 <unknown>
#7 0x55dbf4700993 <unknown>
#8 0x55dbf46ccd6b <unknown>
#9 0x55dbf46ce141 <unknown>
#10 0x55dbf4ba72ab <unknown>
#11 0x55dbf4bab0b9 <unknown>
#12 0x55dbf4b8e139 <unknown>
#13 0x55dbf4babc68 <unknown>
#14 0x55dbf4b7260f <unknown>
#15 0x55dbf4bd01f8 <unknown>
#16 0x55dbf4bd03d6 <unknown>
#17 0x55dbf4be15e6 <unknown>
#18 0x7f981a29caa4 <unknown>
#19 0x7f981a329c3c <unknown>

2025-08-05 12:10:43,581 - INFO - 🎯 [77/80] Applying to: Tech Support Specialist (L2) - LINK: https://www.dice.com/job-detail/373d1386-c19b-4ddc-bb89-d21e69765955
2025-08-05 12:11:02,407 - ERROR -    ❌ Cannot click apply button: Message: 
Stacktrace:
#0 0x55dbf4be22ca <unknown>
#1 0x55dbf4689550 <unknown>
#2 0x55dbf46db0f0 <unknown>
#3 0x55dbf46db2e1 <unknown>
#4 0x55dbf47295e4 <unknown>
#5 0x55dbf4700bed <unknown>
#6 0x55dbf47269e6 <unknown>
#7 0x55dbf4700993 <unknown>
#8 0x55dbf46ccd6b <unknown>
#9 0x55dbf46ce141 <unknown>
#10 0x55dbf4ba72ab <unknown>
#11 0x55dbf4bab0b9 <unknown>
#12 0x55dbf4b8e139 <unknown>
#13 0x55dbf4babc68 <unknown>
#14 0x55dbf4b7260f <unknown>
#15 0x55dbf4bd01f8 <unknown>
#16 0x55dbf4bd03d6 <unknown>
#17 0x55dbf4be15e6 <unknown>
#18 0x7f981a29caa4 <unknown>
#19 0x7f981a329c3c <unknown>

2025-08-05 12:11:12,114 - INFO - 🎯 [78/80] Applying to: Business Analyst - LINK: https://www.dice.com/job-detail/dba604fb-a112-4bf4-b20b-8fc624a4e531
2025-08-05 12:11:30,352 - INFO -    ✅ Successfully applied!
2025-08-05 12:11:40,529 - INFO - 🎯 [79/80] Applying to: Business Analyst EPS Modernization - 99% Remote - Long term contract - Harrisburg, PA - B3982B - LINK: https://www.dice.com/job-detail/95238a87-e4e7-443a-8ff3-0f08a9073030
2025-08-05 12:11:57,527 - ERROR -    ❌ Cannot click apply button: Message: 
Stacktrace:
#0 0x55dbf4be22ca <unknown>
#1 0x55dbf4689550 <unknown>
#2 0x55dbf46db0f0 <unknown>
#3 0x55dbf46db2e1 <unknown>
#4 0x55dbf47295e4 <unknown>
#5 0x55dbf4700bed <unknown>
#6 0x55dbf47269e6 <unknown>
#7 0x55dbf4700993 <unknown>
#8 0x55dbf46ccd6b <unknown>
#9 0x55dbf46ce141 <unknown>
#10 0x55dbf4ba72ab <unknown>
#11 0x55dbf4bab0b9 <unknown>
#12 0x55dbf4b8e139 <unknown>
#13 0x55dbf4babc68 <unknown>
#14 0x55dbf4b7260f <unknown>
#15 0x55dbf4bd01f8 <unknown>
#16 0x55dbf4bd03d6 <unknown>
#17 0x55dbf4be15e6 <unknown>
#18 0x7f981a29caa4 <unknown>
#19 0x7f981a329c3c <unknown>

2025-08-05 12:12:09,791 - INFO - 🎯 [80/80] Applying to: Data Engineer - LINK: https://www.dice.com/job-detail/60cfa0b0-3bf8-42ec-aac6-2b8bc46ed8b0
2025-08-05 12:12:25,284 - INFO -    ✅ Successfully applied!
2025-08-05 12:12:27,395 - INFO - 📊 Processing results...
2025-08-05 12:12:27,445 - INFO - 🎉 Application run completed!
2025-08-05 12:12:27,445 - INFO -    ✅ Newly applied: 58
2025-08-05 12:12:27,445 - INFO -    ⏭️  Already applied: 0
2025-08-05 12:12:27,445 - INFO -    ❌ Failed: 22
2025-08-05 12:12:27,445 - INFO -    📊 Total processed: 80
2025-08-05 12:12:27,445 - INFO -    📁 Total jobs in CSV: 3850
2025-08-05 12:12:27,445 - INFO -    💾 Updated: output/final_ml_jobs.csv
2025-08-05 12:12:27,445 - INFO - 🔧 Closing browser...
