2025-08-06 03:34:44,139 - INFO - 🚀 Starting stealth job application bot
2025-08-06 03:34:45,038 - INFO - 📂 Loading jobs from output/final_ml_jobs.csv
2025-08-06 03:34:45,069 - INFO -    📊 Total jobs in file: 4199
2025-08-06 03:34:45,073 - INFO -    🎯 Easy Apply jobs: 4199
2025-08-06 03:34:45,075 - INFO -    ⏳ Jobs to process: 1208 (status: pending)
2025-08-06 03:34:45,076 - INFO - 🎲 Will attempt 56 applications this run (target: 56)
2025-08-06 03:34:45,076 - INFO - 🔑 Logging into Dice...
2025-08-06 03:34:46,891 - INFO - ✅ Login successful
2025-08-06 03:34:49,997 - INFO - 🔄 Starting job applications...
2025-08-06 03:34:49,998 - INFO - 🎯 [1/56] Applying to: NLP Specialist - LINK: https://www.dice.com/job-detail/c8540652-8cea-45ad-a261-904faa0ee6f3
2025-08-06 03:35:11,863 - INFO -    ✅ Successfully applied!
2025-08-06 03:35:21,026 - INFO - 🎯 [2/56] Applying to: Lead Data Engineer (Financial industry / Wealth Management) - LINK: https://www.dice.com/job-detail/ab310a2b-48a2-4931-a4f4-f8ba1f9a074e
2025-08-06 03:35:35,941 - INFO -    ✅ Successfully applied!
2025-08-06 03:35:46,481 - INFO - 🎯 [3/56] Applying to: SAP ABAP Technical Consultant with exp in SAP S/4HANA and BTP - LINK: https://www.dice.com/job-detail/56fe4e93-7dfa-46ed-b72c-1b6ee5317259
2025-08-06 03:36:02,482 - INFO -    ✅ Successfully applied!
2025-08-06 03:36:12,162 - INFO - 🎯 [4/56] Applying to: Lead Software Engineer / Java / AWS / Hybrid - LINK: https://www.dice.com/job-detail/68e7a8c0-4b7e-466f-a97a-03eb9593b7a0
2025-08-06 03:36:27,376 - INFO -    ✅ Successfully applied!
2025-08-06 03:36:37,747 - INFO - 🎯 [5/56] Applying to: Sr .Net Core Developer || Houston, TX || Only Locals || W2 Position - LINK: https://www.dice.com/job-detail/5b3706f2-b2da-4467-8763-6f87190949d8
2025-08-06 03:36:54,326 - INFO -    ✅ Successfully applied!
2025-08-06 03:37:06,450 - INFO - 🎯 [6/56] Applying to: Software Engineer III - LINK: https://www.dice.com/job-detail/86d904b4-f53d-438c-9a51-3e30963cebe2
2025-08-06 03:37:22,245 - INFO -    ✅ Successfully applied!
2025-08-06 03:37:33,373 - INFO - 🎯 [7/56] Applying to: ETL Data Warehouse Developer - LINK: https://www.dice.com/job-detail/19125a1a-c285-4c02-8907-52460e6563c8
2025-08-06 03:37:52,000 - ERROR -    ❌ Cannot click apply button: Message: 
Stacktrace:
#0 0x562d4a9612ca <unknown>
#1 0x562d4a408550 <unknown>
#2 0x562d4a45a0f0 <unknown>
#3 0x562d4a45a2e1 <unknown>
#4 0x562d4a4a85e4 <unknown>
#5 0x562d4a47fbed <unknown>
#6 0x562d4a4a59e6 <unknown>
#7 0x562d4a47f993 <unknown>
#8 0x562d4a44bd6b <unknown>
#9 0x562d4a44d141 <unknown>
#10 0x562d4a9262ab <unknown>
#11 0x562d4a92a0b9 <unknown>
#12 0x562d4a90d139 <unknown>
#13 0x562d4a92ac68 <unknown>
#14 0x562d4a8f160f <unknown>
#15 0x562d4a94f1f8 <unknown>
#16 0x562d4a94f3d6 <unknown>
#17 0x562d4a9605e6 <unknown>
#18 0x7f861d49caa4 <unknown>
#19 0x7f861d529c3c <unknown>

2025-08-06 03:38:02,275 - INFO - 🎯 [8/56] Applying to: Mainframe IMS DB Developer | Wilmington, DE & Jersey city, NJ 5 days onsite | Contract W2 only - LINK: https://www.dice.com/job-detail/5b3a4fd7-1777-4b7f-a05f-a897baaef0ab
2025-08-06 03:38:21,739 - ERROR -    ❌ Cannot click apply button: Message: 
Stacktrace:
#0 0x562d4a9612ca <unknown>
#1 0x562d4a408550 <unknown>
#2 0x562d4a45a0f0 <unknown>
#3 0x562d4a45a2e1 <unknown>
#4 0x562d4a4a85e4 <unknown>
#5 0x562d4a47fbed <unknown>
#6 0x562d4a4a59e6 <unknown>
#7 0x562d4a47f993 <unknown>
#8 0x562d4a44bd6b <unknown>
#9 0x562d4a44d141 <unknown>
#10 0x562d4a9262ab <unknown>
#11 0x562d4a92a0b9 <unknown>
#12 0x562d4a90d139 <unknown>
#13 0x562d4a92ac68 <unknown>
#14 0x562d4a8f160f <unknown>
#15 0x562d4a94f1f8 <unknown>
#16 0x562d4a94f3d6 <unknown>
#17 0x562d4a9605e6 <unknown>
#18 0x7f861d49caa4 <unknown>
#19 0x7f861d529c3c <unknown>

2025-08-06 03:38:36,458 - INFO - 🎯 [9/56] Applying to: Salesforce Developer - LINK: https://www.dice.com/job-detail/56db25ba-6060-468a-9223-b92a6bc0c279
2025-08-06 03:38:51,459 - INFO -    ✅ Successfully applied!
2025-08-06 03:39:01,169 - INFO - 🎯 [10/56] Applying to: Full Stack AI Software Engineer (First Hire) - LINK: https://www.dice.com/job-detail/c8b2d5f6-452c-4329-8fae-1dc58c16cfcf
2025-08-06 03:39:16,680 - INFO -    ✅ Successfully applied!
2025-08-06 03:39:26,703 - INFO - 🎯 [11/56] Applying to: Head of Software Engineering - LINK: https://www.dice.com/job-detail/0ef682be-29d0-413d-9e83-ddeee42e18d9
2025-08-06 03:39:41,955 - INFO -    ✅ Successfully applied!
2025-08-06 03:39:53,751 - INFO - 🎯 [12/56] Applying to: Onsite Job: Sr iOS Developer, Columbus, OH - LINK: https://www.dice.com/job-detail/2dec479b-5bc9-4107-8a2d-d0190271c06b
2025-08-06 03:40:13,211 - ERROR -    ❌ Cannot click apply button: Message: 
Stacktrace:
#0 0x562d4a9612ca <unknown>
#1 0x562d4a408550 <unknown>
#2 0x562d4a45a0f0 <unknown>
#3 0x562d4a45a2e1 <unknown>
#4 0x562d4a4a85e4 <unknown>
#5 0x562d4a47fbed <unknown>
#6 0x562d4a4a59e6 <unknown>
#7 0x562d4a47f993 <unknown>
#8 0x562d4a44bd6b <unknown>
#9 0x562d4a44d141 <unknown>
#10 0x562d4a9262ab <unknown>
#11 0x562d4a92a0b9 <unknown>
#12 0x562d4a90d139 <unknown>
#13 0x562d4a92ac68 <unknown>
#14 0x562d4a8f160f <unknown>
#15 0x562d4a94f1f8 <unknown>
#16 0x562d4a94f3d6 <unknown>
#17 0x562d4a9605e6 <unknown>
#18 0x7f861d49caa4 <unknown>
#19 0x7f861d529c3c <unknown>

2025-08-06 03:40:23,071 - INFO - 🎯 [13/56] Applying to: Senior Business Analyst with Data warehouse- Pharma Domain Must (Recent experience in Pharma Domain Client Needed) - LINK: https://www.dice.com/job-detail/69e7b3f5-f895-4e09-b983-44d8e76ac866
2025-08-06 03:40:38,773 - INFO -    ✅ Successfully applied!
2025-08-06 03:40:50,253 - INFO - 🎯 [14/56] Applying to: Sr. GenAI Engineer - LINK: https://www.dice.com/job-detail/5f85abc3-33c3-4a2e-a672-db6b5196d48d
2025-08-06 03:41:08,701 - ERROR -    ❌ Cannot click apply button: Message: 
Stacktrace:
#0 0x562d4a9612ca <unknown>
#1 0x562d4a408550 <unknown>
#2 0x562d4a45a0f0 <unknown>
#3 0x562d4a45a2e1 <unknown>
#4 0x562d4a4a85e4 <unknown>
#5 0x562d4a47fbed <unknown>
#6 0x562d4a4a59e6 <unknown>
#7 0x562d4a47f993 <unknown>
#8 0x562d4a44bd6b <unknown>
#9 0x562d4a44d141 <unknown>
#10 0x562d4a9262ab <unknown>
#11 0x562d4a92a0b9 <unknown>
#12 0x562d4a90d139 <unknown>
#13 0x562d4a92ac68 <unknown>
#14 0x562d4a8f160f <unknown>
#15 0x562d4a94f1f8 <unknown>
#16 0x562d4a94f3d6 <unknown>
#17 0x562d4a9605e6 <unknown>
#18 0x7f861d49caa4 <unknown>
#19 0x7f861d529c3c <unknown>

2025-08-06 03:41:18,582 - INFO - 🎯 [15/56] Applying to: AWS Python Developer - LINK: https://www.dice.com/job-detail/fd1817e7-b459-4f3e-ac89-13da6c1c220c
2025-08-06 03:41:35,984 - INFO -    ✅ Successfully applied!
2025-08-06 03:41:45,692 - INFO - 🎯 [16/56] Applying to: ETL Developer with Abinitio - LINK: https://www.dice.com/job-detail/64f5b320-79f4-4511-b357-d0f81c007145
2025-08-06 03:42:01,447 - INFO -    ✅ Successfully applied!
2025-08-06 03:42:12,365 - INFO - 🎯 [17/56] Applying to: Lead UX Developer (Contractor for LIFTED) - LINK: https://www.dice.com/job-detail/9bed407b-0885-40b0-ba98-b7cfea482f27
2025-08-06 03:42:30,969 - ERROR -    ❌ Cannot click apply button: Message: 
Stacktrace:
#0 0x562d4a9612ca <unknown>
#1 0x562d4a408550 <unknown>
#2 0x562d4a45a0f0 <unknown>
#3 0x562d4a45a2e1 <unknown>
#4 0x562d4a4a85e4 <unknown>
#5 0x562d4a47fbed <unknown>
#6 0x562d4a4a59e6 <unknown>
#7 0x562d4a47f993 <unknown>
#8 0x562d4a44bd6b <unknown>
#9 0x562d4a44d141 <unknown>
#10 0x562d4a9262ab <unknown>
#11 0x562d4a92a0b9 <unknown>
#12 0x562d4a90d139 <unknown>
#13 0x562d4a92ac68 <unknown>
#14 0x562d4a8f160f <unknown>
#15 0x562d4a94f1f8 <unknown>
#16 0x562d4a94f3d6 <unknown>
#17 0x562d4a9605e6 <unknown>
#18 0x7f861d49caa4 <unknown>
#19 0x7f861d529c3c <unknown>

2025-08-06 03:42:38,823 - INFO - 🎯 [18/56] Applying to: Database Engineer - LINK: https://www.dice.com/job-detail/5d220ee8-beb3-4fa6-93cc-fb759fa654a0
2025-08-06 03:42:55,100 - INFO -    ✅ Successfully applied!
2025-08-06 03:43:03,731 - INFO - 🎯 [19/56] Applying to: Developer Full Stack Specialist - LINK: https://www.dice.com/job-detail/9ecb7022-cd82-4876-aa18-b0d703231827
2025-08-06 03:43:22,169 - ERROR -    ❌ Cannot click apply button: Message: 
Stacktrace:
#0 0x562d4a9612ca <unknown>
#1 0x562d4a408550 <unknown>
#2 0x562d4a45a0f0 <unknown>
#3 0x562d4a45a2e1 <unknown>
#4 0x562d4a4a85e4 <unknown>
#5 0x562d4a47fbed <unknown>
#6 0x562d4a4a59e6 <unknown>
#7 0x562d4a47f993 <unknown>
#8 0x562d4a44bd6b <unknown>
#9 0x562d4a44d141 <unknown>
#10 0x562d4a9262ab <unknown>
#11 0x562d4a92a0b9 <unknown>
#12 0x562d4a90d139 <unknown>
#13 0x562d4a92ac68 <unknown>
#14 0x562d4a8f160f <unknown>
#15 0x562d4a94f1f8 <unknown>
#16 0x562d4a94f3d6 <unknown>
#17 0x562d4a9605e6 <unknown>
#18 0x7f861d49caa4 <unknown>
#19 0x7f861d529c3c <unknown>

2025-08-06 03:43:32,415 - INFO - 🎯 [20/56] Applying to: Entry Level Business Analyst - LINK: https://www.dice.com/job-detail/a77731f3-3247-4396-a5c4-db50b6a7399f
2025-08-06 03:43:48,238 - INFO -    ✅ Successfully applied!
2025-08-06 03:43:58,227 - INFO - 🎯 [21/56] Applying to: Senior IT Engineer - LINK: https://www.dice.com/job-detail/e977a095-e9ef-4519-b451-95d9ec81736a
2025-08-06 03:44:15,997 - INFO -    ✅ Successfully applied!
2025-08-06 03:44:24,294 - INFO - 🎯 [22/56] Applying to: Business Analyst - Utilities / Energy / Electric - LINK: https://www.dice.com/job-detail/c8a834a3-cddf-43e4-ab2e-e0e27ca8261a
2025-08-06 03:44:37,418 - INFO -    ✅ Successfully applied!
2025-08-06 03:44:46,028 - INFO - 🎯 [23/56] Applying to: .NET full-stack Developer Lead _ GA, NY, NC - LINK: https://www.dice.com/job-detail/c08bcadd-4694-4912-a014-0b6d42676d3a
2025-08-06 03:45:01,677 - INFO -    ✅ Successfully applied!
2025-08-06 03:45:12,463 - INFO - 🎯 [24/56] Applying to: Data Migration engineer - LINK: https://www.dice.com/job-detail/867d1ddf-cd30-4e57-9bfc-fdbc0a278684
2025-08-06 03:45:31,613 - ERROR -    ❌ Cannot click apply button: Message: 
Stacktrace:
#0 0x562d4a9612ca <unknown>
#1 0x562d4a408550 <unknown>
#2 0x562d4a45a0f0 <unknown>
#3 0x562d4a45a2e1 <unknown>
#4 0x562d4a4a85e4 <unknown>
#5 0x562d4a47fbed <unknown>
#6 0x562d4a4a59e6 <unknown>
#7 0x562d4a47f993 <unknown>
#8 0x562d4a44bd6b <unknown>
#9 0x562d4a44d141 <unknown>
#10 0x562d4a9262ab <unknown>
#11 0x562d4a92a0b9 <unknown>
#12 0x562d4a90d139 <unknown>
#13 0x562d4a92ac68 <unknown>
#14 0x562d4a8f160f <unknown>
#15 0x562d4a94f1f8 <unknown>
#16 0x562d4a94f3d6 <unknown>
#17 0x562d4a9605e6 <unknown>
#18 0x7f861d49caa4 <unknown>
#19 0x7f861d529c3c <unknown>

2025-08-06 03:45:39,807 - INFO - 🎯 [25/56] Applying to: Business Analyst - LINK: https://www.dice.com/job-detail/e68d8baf-0983-4c10-b95b-5241c13e7f04
2025-08-06 03:45:57,895 - ERROR -    ❌ Cannot click apply button: Message: 
Stacktrace:
#0 0x562d4a9612ca <unknown>
#1 0x562d4a408550 <unknown>
#2 0x562d4a45a0f0 <unknown>
#3 0x562d4a45a2e1 <unknown>
#4 0x562d4a4a85e4 <unknown>
#5 0x562d4a47fbed <unknown>
#6 0x562d4a4a59e6 <unknown>
#7 0x562d4a47f993 <unknown>
#8 0x562d4a44bd6b <unknown>
#9 0x562d4a44d141 <unknown>
#10 0x562d4a9262ab <unknown>
#11 0x562d4a92a0b9 <unknown>
#12 0x562d4a90d139 <unknown>
#13 0x562d4a92ac68 <unknown>
#14 0x562d4a8f160f <unknown>
#15 0x562d4a94f1f8 <unknown>
#16 0x562d4a94f3d6 <unknown>
#17 0x562d4a9605e6 <unknown>
#18 0x7f861d49caa4 <unknown>
#19 0x7f861d529c3c <unknown>

2025-08-06 03:46:10,147 - INFO - 🎯 [26/56] Applying to: Sr.DataEngineerWith strongGoogle Cloud PlatformBackground (12+ yrs minimum experience required) - LINK: https://www.dice.com/job-detail/2c236c55-eaa2-4fcd-98a5-6359b0919d8e
2025-08-06 03:46:29,203 - ERROR -    ❌ Cannot click apply button: Message: 
Stacktrace:
#0 0x562d4a9612ca <unknown>
#1 0x562d4a408550 <unknown>
#2 0x562d4a45a0f0 <unknown>
#3 0x562d4a45a2e1 <unknown>
#4 0x562d4a4a85e4 <unknown>
#5 0x562d4a47fbed <unknown>
#6 0x562d4a4a59e6 <unknown>
#7 0x562d4a47f993 <unknown>
#8 0x562d4a44bd6b <unknown>
#9 0x562d4a44d141 <unknown>
#10 0x562d4a9262ab <unknown>
#11 0x562d4a92a0b9 <unknown>
#12 0x562d4a90d139 <unknown>
#13 0x562d4a92ac68 <unknown>
#14 0x562d4a8f160f <unknown>
#15 0x562d4a94f1f8 <unknown>
#16 0x562d4a94f3d6 <unknown>
#17 0x562d4a9605e6 <unknown>
#18 0x7f861d49caa4 <unknown>
#19 0x7f861d529c3c <unknown>

2025-08-06 03:46:36,140 - INFO - 🎯 [27/56] Applying to: Product Analyst - Data focus - LINK: https://www.dice.com/job-detail/9d37e02a-99b8-455e-9959-e700b1950560
2025-08-06 03:46:52,548 - INFO -    ✅ Successfully applied!
2025-08-06 03:47:01,608 - INFO - 🎯 [28/56] Applying to: Sr Tech Lead Java developer - San Antonio, TX Onsite - LINK: https://www.dice.com/job-detail/c41e86e8-f15e-43ab-baf6-43072f84a594
2025-08-06 03:47:16,297 - INFO -    ✅ Successfully applied!
2025-08-06 03:47:27,266 - INFO - 🎯 [29/56] Applying to: Snowflake Developer with Python and Snowpipe - Hybrid Onsite (Tampa FL) - LINK: https://www.dice.com/job-detail/2ae2f038-3037-4588-87ab-92e443937cba
2025-08-06 03:47:44,041 - INFO -    ✅ Successfully applied!
2025-08-06 03:47:54,513 - INFO - 🎯 [30/56] Applying to: Oracle WMS Functional Consultant - LINK: https://www.dice.com/job-detail/dd053aff-b87f-4733-8194-e587829a0062
2025-08-06 03:48:10,812 - INFO -    ✅ Successfully applied!
2025-08-06 03:48:22,490 - INFO - 🎯 [31/56] Applying to: Senior Drive Unit System Test and Integration Engineer - LINK: https://www.dice.com/job-detail/5fa4ea38-fc45-415d-b0ab-b979106848a6
2025-08-06 03:48:38,168 - INFO -    ✅ Successfully applied!
2025-08-06 03:48:47,870 - INFO - 🎯 [32/56] Applying to: Business Analyst I - Master Data - LINK: https://www.dice.com/job-detail/761c6da3-837b-47a7-a916-def6b2874303
2025-08-06 03:49:03,144 - INFO -    ✅ Successfully applied!
2025-08-06 03:49:11,686 - INFO - 🎯 [33/56] Applying to: Technical Program Manager - LINK: https://www.dice.com/job-detail/02874e49-b467-43ff-bfa8-bb376a9c63bb
2025-08-06 03:49:30,329 - ERROR -    ❌ Cannot click apply button: Message: 
Stacktrace:
#0 0x562d4a9612ca <unknown>
#1 0x562d4a408550 <unknown>
#2 0x562d4a45a0f0 <unknown>
#3 0x562d4a45a2e1 <unknown>
#4 0x562d4a4a85e4 <unknown>
#5 0x562d4a47fbed <unknown>
#6 0x562d4a4a59e6 <unknown>
#7 0x562d4a47f993 <unknown>
#8 0x562d4a44bd6b <unknown>
#9 0x562d4a44d141 <unknown>
#10 0x562d4a9262ab <unknown>
#11 0x562d4a92a0b9 <unknown>
#12 0x562d4a90d139 <unknown>
#13 0x562d4a92ac68 <unknown>
#14 0x562d4a8f160f <unknown>
#15 0x562d4a94f1f8 <unknown>
#16 0x562d4a94f3d6 <unknown>
#17 0x562d4a9605e6 <unknown>
#18 0x7f861d49caa4 <unknown>
#19 0x7f861d529c3c <unknown>

2025-08-06 03:49:41,130 - INFO - 🎯 [34/56] Applying to: QA Architectwith Warehouse domain exp - LINK: https://www.dice.com/job-detail/5070e9dc-37f7-4bea-9cb9-50439d363b49
2025-08-06 03:50:00,464 - ERROR -    ❌ Cannot click apply button: Message: 
Stacktrace:
#0 0x562d4a9612ca <unknown>
#1 0x562d4a408550 <unknown>
#2 0x562d4a45a0f0 <unknown>
#3 0x562d4a45a2e1 <unknown>
#4 0x562d4a4a85e4 <unknown>
#5 0x562d4a47fbed <unknown>
#6 0x562d4a4a59e6 <unknown>
#7 0x562d4a47f993 <unknown>
#8 0x562d4a44bd6b <unknown>
#9 0x562d4a44d141 <unknown>
#10 0x562d4a9262ab <unknown>
#11 0x562d4a92a0b9 <unknown>
#12 0x562d4a90d139 <unknown>
#13 0x562d4a92ac68 <unknown>
#14 0x562d4a8f160f <unknown>
#15 0x562d4a94f1f8 <unknown>
#16 0x562d4a94f3d6 <unknown>
#17 0x562d4a9605e6 <unknown>
#18 0x7f861d49caa4 <unknown>
#19 0x7f861d529c3c <unknown>

2025-08-06 03:50:07,298 - INFO - 🎯 [35/56] Applying to: Data Engineer (Snowflake & Apache Spark) | Plano, TX | Long term contract - LINK: https://www.dice.com/job-detail/7f4fa595-a295-48a7-a242-5d6c8fac084e
2025-08-06 03:50:27,112 - ERROR -    ❌ Cannot click apply button: Message: 
Stacktrace:
#0 0x562d4a9612ca <unknown>
#1 0x562d4a408550 <unknown>
#2 0x562d4a45a0f0 <unknown>
#3 0x562d4a45a2e1 <unknown>
#4 0x562d4a4a85e4 <unknown>
#5 0x562d4a47fbed <unknown>
#6 0x562d4a4a59e6 <unknown>
#7 0x562d4a47f993 <unknown>
#8 0x562d4a44bd6b <unknown>
#9 0x562d4a44d141 <unknown>
#10 0x562d4a9262ab <unknown>
#11 0x562d4a92a0b9 <unknown>
#12 0x562d4a90d139 <unknown>
#13 0x562d4a92ac68 <unknown>
#14 0x562d4a8f160f <unknown>
#15 0x562d4a94f1f8 <unknown>
#16 0x562d4a94f3d6 <unknown>
#17 0x562d4a9605e6 <unknown>
#18 0x7f861d49caa4 <unknown>
#19 0x7f861d529c3c <unknown>

2025-08-06 03:50:37,146 - INFO - 🎯 [36/56] Applying to: Full Stack Developers - LINK: https://www.dice.com/job-detail/3ffc47b4-5c17-49e4-9e98-86aabc0ee3dd
2025-08-06 03:50:50,569 - INFO -    ✅ Successfully applied!
2025-08-06 03:50:58,611 - INFO - 🎯 [37/56] Applying to: Platform Engineering Manager/ New York/ Full-Time/ Hybrid - LINK: https://www.dice.com/job-detail/9d7f0438-97d0-4ac6-bd73-8dd68034fecc
2025-08-06 03:51:15,216 - INFO -    ✅ Successfully applied!
2025-08-06 03:51:24,701 - INFO - 🎯 [38/56] Applying to: Senior Software Developers - LINK: https://www.dice.com/job-detail/754f5795-11d4-4d80-966a-69f15bc9b622
2025-08-06 03:51:39,895 - INFO -    ✅ Successfully applied!
2025-08-06 03:51:50,697 - INFO - 🎯 [39/56] Applying to: Systems Engineer - LINK: https://www.dice.com/job-detail/ef92c61b-988e-4e53-8110-d3f0fe5f3bc0
2025-08-06 03:52:04,999 - INFO -    ✅ Successfully applied!
2025-08-06 03:52:14,734 - INFO - 🎯 [40/56] Applying to: Software Engineer - LINK: https://www.dice.com/job-detail/12536f77-7711-45b9-b5ce-f19cf48d3a36
2025-08-06 03:52:33,169 - ERROR -    ❌ Cannot click apply button: Message: 
Stacktrace:
#0 0x562d4a9612ca <unknown>
#1 0x562d4a408550 <unknown>
#2 0x562d4a45a0f0 <unknown>
#3 0x562d4a45a2e1 <unknown>
#4 0x562d4a4a85e4 <unknown>
#5 0x562d4a47fbed <unknown>
#6 0x562d4a4a59e6 <unknown>
#7 0x562d4a47f993 <unknown>
#8 0x562d4a44bd6b <unknown>
#9 0x562d4a44d141 <unknown>
#10 0x562d4a9262ab <unknown>
#11 0x562d4a92a0b9 <unknown>
#12 0x562d4a90d139 <unknown>
#13 0x562d4a92ac68 <unknown>
#14 0x562d4a8f160f <unknown>
#15 0x562d4a94f1f8 <unknown>
#16 0x562d4a94f3d6 <unknown>
#17 0x562d4a9605e6 <unknown>
#18 0x7f861d49caa4 <unknown>
#19 0x7f861d529c3c <unknown>

2025-08-06 03:52:43,917 - INFO - 🎯 [41/56] Applying to: Data Engineer Advisor - LINK: https://www.dice.com/job-detail/fc71da29-06ad-4236-9837-5e7b547831e5
2025-08-06 03:53:24,755 - INFO -    ✅ Successfully applied!
2025-08-06 03:53:38,842 - INFO - 🎯 [42/56] Applying to: Data Governance Analyst - LINK: https://www.dice.com/job-detail/fa1ce528-fe77-49dd-9bd7-1cf5889c1281
2025-08-06 03:53:53,286 - INFO -    ✅ Successfully applied!
2025-08-06 03:54:03,419 - INFO - 🎯 [43/56] Applying to: SAP SD/OTC Business Analyst - LINK: https://www.dice.com/job-detail/fa28897f-dadb-4f84-9409-590998b68472
2025-08-06 03:54:18,154 - INFO -    ✅ Successfully applied!
2025-08-06 03:54:28,868 - INFO - 🎯 [44/56] Applying to: Python FullStack Developer - w2 - McLean, VA - 12 Months Contract - LINK: https://www.dice.com/job-detail/0c732657-96d2-4fcc-9a46-da30b91e2033
2025-08-06 03:54:44,967 - INFO -    ✅ Successfully applied!
2025-08-06 03:54:55,899 - INFO - 🎯 [45/56] Applying to: Salesforce Developer - LINK: https://www.dice.com/job-detail/c38439b5-0e90-400e-a4e7-8624d742d2cf
2025-08-06 03:55:15,568 - INFO -    ✅ Successfully applied!
2025-08-06 03:55:26,670 - INFO - 🎯 [46/56] Applying to: Healthcare Python/ ReactJS Engineer - LINK: https://www.dice.com/job-detail/781bae09-70c0-4c79-9e04-a8437d5afce5
2025-08-06 03:55:47,101 - ERROR -    ❌ Cannot click apply button: Message: 
Stacktrace:
#0 0x562d4a9612ca <unknown>
#1 0x562d4a408550 <unknown>
#2 0x562d4a45a0f0 <unknown>
#3 0x562d4a45a2e1 <unknown>
#4 0x562d4a4a85e4 <unknown>
#5 0x562d4a47fbed <unknown>
#6 0x562d4a4a59e6 <unknown>
#7 0x562d4a47f993 <unknown>
#8 0x562d4a44bd6b <unknown>
#9 0x562d4a44d141 <unknown>
#10 0x562d4a9262ab <unknown>
#11 0x562d4a92a0b9 <unknown>
#12 0x562d4a90d139 <unknown>
#13 0x562d4a92ac68 <unknown>
#14 0x562d4a8f160f <unknown>
#15 0x562d4a94f1f8 <unknown>
#16 0x562d4a94f3d6 <unknown>
#17 0x562d4a9605e6 <unknown>
#18 0x7f861d49caa4 <unknown>
#19 0x7f861d529c3c <unknown>

2025-08-06 03:55:55,164 - INFO - 🎯 [47/56] Applying to: DevOps Engineer/Site Reliability Engineer Hadoop & Spark - LINK: https://www.dice.com/job-detail/4bcaef75-ba92-40fa-8a1a-3d421ef6a498
2025-08-06 03:56:11,231 - INFO -    ✅ Successfully applied!
2025-08-06 03:56:21,784 - INFO - 🎯 [48/56] Applying to: Python Developer - LINK: https://www.dice.com/job-detail/7071fd56-5af3-4475-b6d7-d95c866924b6
2025-08-06 03:56:39,431 - INFO -    ✅ Successfully applied!
2025-08-06 03:56:48,125 - INFO - 🎯 [49/56] Applying to: Data Engineer with Financial Crime Exp. - LINK: https://www.dice.com/job-detail/b801642a-3517-45b8-922e-dc86936141ee
2025-08-06 03:57:18,584 - INFO -    ✅ Successfully applied!
2025-08-06 03:57:30,461 - INFO - 🎯 [50/56] Applying to: Pega Architect - LINK: https://www.dice.com/job-detail/7e4a0214-5c85-4f07-a9c5-037cf132379b
2025-08-06 03:57:45,613 - INFO -    ✅ Successfully applied!
2025-08-06 03:57:55,688 - INFO - 🎯 [51/56] Applying to: Data Scientist with Gen AI - LINK: https://www.dice.com/job-detail/8b3d9a03-fbe7-4dec-8328-3c349b854960
2025-08-06 03:58:13,858 - ERROR -    ❌ Cannot click apply button: Message: 
Stacktrace:
#0 0x562d4a9612ca <unknown>
#1 0x562d4a408550 <unknown>
#2 0x562d4a45a0f0 <unknown>
#3 0x562d4a45a2e1 <unknown>
#4 0x562d4a4a85e4 <unknown>
#5 0x562d4a47fbed <unknown>
#6 0x562d4a4a59e6 <unknown>
#7 0x562d4a47f993 <unknown>
#8 0x562d4a44bd6b <unknown>
#9 0x562d4a44d141 <unknown>
#10 0x562d4a9262ab <unknown>
#11 0x562d4a92a0b9 <unknown>
#12 0x562d4a90d139 <unknown>
#13 0x562d4a92ac68 <unknown>
#14 0x562d4a8f160f <unknown>
#15 0x562d4a94f1f8 <unknown>
#16 0x562d4a94f3d6 <unknown>
#17 0x562d4a9605e6 <unknown>
#18 0x7f861d49caa4 <unknown>
#19 0x7f861d529c3c <unknown>

2025-08-06 03:58:26,376 - INFO - 🎯 [52/56] Applying to: Business Analyst - LINK: https://www.dice.com/job-detail/c900436f-8f01-4f1c-99c9-f543ad0c54a6
2025-08-06 03:58:39,569 - INFO -    ✅ Successfully applied!
2025-08-06 03:58:50,030 - INFO - 🎯 [53/56] Applying to: Data Engineer Manager (AWS) - LINK: https://www.dice.com/job-detail/6d63c4c5-9e0c-4bfa-b9d6-71f7b4c497f3
2025-08-06 03:59:05,580 - INFO -    ✅ Successfully applied!
2025-08-06 03:59:13,459 - INFO - 🎯 [54/56] Applying to: Sr Python Developer - LINK: https://www.dice.com/job-detail/bb427120-8d87-4b96-951a-8d64a4608743
2025-08-06 03:59:34,403 - ERROR -    ❌ Cannot click apply button: Message: 
Stacktrace:
#0 0x562d4a9612ca <unknown>
#1 0x562d4a408550 <unknown>
#2 0x562d4a45a0f0 <unknown>
#3 0x562d4a45a2e1 <unknown>
#4 0x562d4a4a85e4 <unknown>
#5 0x562d4a47fbed <unknown>
#6 0x562d4a4a59e6 <unknown>
#7 0x562d4a47f993 <unknown>
#8 0x562d4a44bd6b <unknown>
#9 0x562d4a44d141 <unknown>
#10 0x562d4a9262ab <unknown>
#11 0x562d4a92a0b9 <unknown>
#12 0x562d4a90d139 <unknown>
#13 0x562d4a92ac68 <unknown>
#14 0x562d4a8f160f <unknown>
#15 0x562d4a94f1f8 <unknown>
#16 0x562d4a94f3d6 <unknown>
#17 0x562d4a9605e6 <unknown>
#18 0x7f861d49caa4 <unknown>
#19 0x7f861d529c3c <unknown>

2025-08-06 03:59:44,419 - INFO - 🎯 [55/56] Applying to: Mainframe Network Engineer - LINK: https://www.dice.com/job-detail/7b6af4d0-adb5-460d-807b-e9060c739f23
2025-08-06 03:59:59,835 - INFO -    ✅ Successfully applied!
2025-08-06 04:00:08,173 - INFO - 🎯 [56/56] Applying to: Data Engineer (Snowflake/DBT/DataStage) (On-site) - LINK: https://www.dice.com/job-detail/4de185fd-8ed3-4554-b714-a0c9e0ab77b9
2025-08-06 04:00:27,570 - ERROR -    ❌ Cannot click apply button: Message: 
Stacktrace:
#0 0x562d4a9612ca <unknown>
#1 0x562d4a408550 <unknown>
#2 0x562d4a45a0f0 <unknown>
#3 0x562d4a45a2e1 <unknown>
#4 0x562d4a4a85e4 <unknown>
#5 0x562d4a47fbed <unknown>
#6 0x562d4a4a59e6 <unknown>
#7 0x562d4a47f993 <unknown>
#8 0x562d4a44bd6b <unknown>
#9 0x562d4a44d141 <unknown>
#10 0x562d4a9262ab <unknown>
#11 0x562d4a92a0b9 <unknown>
#12 0x562d4a90d139 <unknown>
#13 0x562d4a92ac68 <unknown>
#14 0x562d4a8f160f <unknown>
#15 0x562d4a94f1f8 <unknown>
#16 0x562d4a94f3d6 <unknown>
#17 0x562d4a9605e6 <unknown>
#18 0x7f861d49caa4 <unknown>
#19 0x7f861d529c3c <unknown>

2025-08-06 04:00:28,284 - INFO - 📊 Processing results...
2025-08-06 04:00:28,337 - INFO - 🎉 Application run completed!
2025-08-06 04:00:28,338 - INFO -    ✅ Newly applied: 39
2025-08-06 04:00:28,338 - INFO -    ⏭️  Already applied: 0
2025-08-06 04:00:28,338 - INFO -    ❌ Failed: 17
2025-08-06 04:00:28,338 - INFO -    📊 Total processed: 56
2025-08-06 04:00:28,338 - INFO -    📁 Total jobs in CSV: 4199
2025-08-06 04:00:28,338 - INFO -    💾 Updated: output/final_ml_jobs.csv
2025-08-06 04:00:28,338 - INFO - 🔧 Closing browser...
