2025-08-03 11:36:12,368 - INFO - 🚀 Starting stealth job application bot
2025-08-03 11:36:24,727 - INFO - 📂 Loading jobs from output/final_ml_jobs.csv
2025-08-03 11:36:24,756 - INFO -    📊 Total jobs in file: 4480
2025-08-03 11:36:24,758 - INFO -    🎯 Easy Apply jobs: 4480
2025-08-03 11:36:24,761 - INFO -    ⏳ Jobs to process: 2330 (status: pending)
2025-08-03 11:36:24,761 - INFO - 🎲 Will attempt 60 applications this run (target: 60)
2025-08-03 11:36:24,761 - INFO - 🔑 Logging into Dice...
2025-08-03 11:36:27,410 - INFO - ✅ Login successful
2025-08-03 11:36:31,102 - INFO - 🔄 Starting job applications...
2025-08-03 11:36:31,103 - INFO - 🎯 [1/60] Applying to: Python Developer EKS Expert - LINK: https://www.dice.com/job-detail/eaae7a9f-c357-42fb-91cc-981364196620
2025-08-03 11:36:50,576 - ERROR -    ❌ Cannot click apply button: Message: 
Stacktrace:
#0 0x562b3aafb2ca <unknown>
#1 0x562b3a5a2550 <unknown>
#2 0x562b3a5f40f0 <unknown>
#3 0x562b3a5f42e1 <unknown>
#4 0x562b3a6425e4 <unknown>
#5 0x562b3a619bed <unknown>
#6 0x562b3a63f9e6 <unknown>
#7 0x562b3a619993 <unknown>
#8 0x562b3a5e5d6b <unknown>
#9 0x562b3a5e7141 <unknown>
#10 0x562b3aac02ab <unknown>
#11 0x562b3aac40b9 <unknown>
#12 0x562b3aaa7139 <unknown>
#13 0x562b3aac4c68 <unknown>
#14 0x562b3aa8b60f <unknown>
#15 0x562b3aae91f8 <unknown>
#16 0x562b3aae93d6 <unknown>
#17 0x562b3aafa5e6 <unknown>
#18 0x7f441c09caa4 <unknown>
#19 0x7f441c129c3c <unknown>

2025-08-03 11:37:02,165 - INFO - 🎯 [2/60] Applying to: Enterprise Data Architect - LINK: https://www.dice.com/job-detail/6d66c82e-fd92-441b-a418-a15c400154a4
2025-08-03 11:37:15,250 - INFO -    ✅ Successfully applied!
2025-08-03 11:37:22,119 - INFO - 🎯 [3/60] Applying to: JAMF Intune Engineer - LINK: https://www.dice.com/job-detail/2c4d1468-1249-4cdd-8a11-f4afca5b3509
2025-08-03 11:37:38,621 - INFO -    ✅ Successfully applied!
2025-08-03 11:37:45,933 - INFO - 🎯 [4/60] Applying to: Business Analyst with P&C Insurance - LINK: https://www.dice.com/job-detail/5ee0813d-7ed5-4ef1-8505-c4538278e778
2025-08-03 11:38:03,813 - INFO -    ✅ Successfully applied!
2025-08-03 11:38:15,014 - INFO - 🎯 [5/60] Applying to: VMWare Engineer - LINK: https://www.dice.com/job-detail/8bd2e90d-d493-4430-9f54-ceba6267f987
2025-08-03 11:38:30,407 - INFO -    ✅ Successfully applied!
2025-08-03 11:38:40,138 - INFO - 🎯 [6/60] Applying to: Full Stack Developer - LINK: https://www.dice.com/job-detail/6148f11c-14de-4785-915b-5f2fee83006e
2025-08-03 11:38:55,975 - INFO -    ✅ Successfully applied!
2025-08-03 11:39:06,586 - INFO - 🎯 [7/60] Applying to: Dataiku Engineer - LINK: https://www.dice.com/job-detail/963de1ab-7cff-40b7-821e-a271623641a1
2025-08-03 11:39:26,441 - ERROR -    ❌ Cannot click apply button: Message: 
Stacktrace:
#0 0x562b3aafb2ca <unknown>
#1 0x562b3a5a2550 <unknown>
#2 0x562b3a5f40f0 <unknown>
#3 0x562b3a5f42e1 <unknown>
#4 0x562b3a6425e4 <unknown>
#5 0x562b3a619bed <unknown>
#6 0x562b3a63f9e6 <unknown>
#7 0x562b3a619993 <unknown>
#8 0x562b3a5e5d6b <unknown>
#9 0x562b3a5e7141 <unknown>
#10 0x562b3aac02ab <unknown>
#11 0x562b3aac40b9 <unknown>
#12 0x562b3aaa7139 <unknown>
#13 0x562b3aac4c68 <unknown>
#14 0x562b3aa8b60f <unknown>
#15 0x562b3aae91f8 <unknown>
#16 0x562b3aae93d6 <unknown>
#17 0x562b3aafa5e6 <unknown>
#18 0x7f441c09caa4 <unknown>
#19 0x7f441c129c3c <unknown>

2025-08-03 11:39:34,562 - INFO - 🎯 [8/60] Applying to: Mobile Device Developer - LINK: https://www.dice.com/job-detail/082d8d9c-024c-441f-aee5-851015ff5129
2025-08-03 11:39:54,945 - ERROR -    ❌ Cannot click apply button: Message: 
Stacktrace:
#0 0x562b3aafb2ca <unknown>
#1 0x562b3a5a2550 <unknown>
#2 0x562b3a5f40f0 <unknown>
#3 0x562b3a5f42e1 <unknown>
#4 0x562b3a6425e4 <unknown>
#5 0x562b3a619bed <unknown>
#6 0x562b3a63f9e6 <unknown>
#7 0x562b3a619993 <unknown>
#8 0x562b3a5e5d6b <unknown>
#9 0x562b3a5e7141 <unknown>
#10 0x562b3aac02ab <unknown>
#11 0x562b3aac40b9 <unknown>
#12 0x562b3aaa7139 <unknown>
#13 0x562b3aac4c68 <unknown>
#14 0x562b3aa8b60f <unknown>
#15 0x562b3aae91f8 <unknown>
#16 0x562b3aae93d6 <unknown>
#17 0x562b3aafa5e6 <unknown>
#18 0x7f441c09caa4 <unknown>
#19 0x7f441c129c3c <unknown>

2025-08-03 11:40:02,932 - INFO - 🎯 [9/60] Applying to: Senior Agile Reporting Architect / Developer – Power BI, Data Integration & AI Reporting - LINK: https://www.dice.com/job-detail/72026f4c-5840-4a8f-8567-12c9977079b4
2025-08-03 11:40:22,647 - ERROR -    ❌ Cannot click apply button: Message: 
Stacktrace:
#0 0x562b3aafb2ca <unknown>
#1 0x562b3a5a2550 <unknown>
#2 0x562b3a5f40f0 <unknown>
#3 0x562b3a5f42e1 <unknown>
#4 0x562b3a6425e4 <unknown>
#5 0x562b3a619bed <unknown>
#6 0x562b3a63f9e6 <unknown>
#7 0x562b3a619993 <unknown>
#8 0x562b3a5e5d6b <unknown>
#9 0x562b3a5e7141 <unknown>
#10 0x562b3aac02ab <unknown>
#11 0x562b3aac40b9 <unknown>
#12 0x562b3aaa7139 <unknown>
#13 0x562b3aac4c68 <unknown>
#14 0x562b3aa8b60f <unknown>
#15 0x562b3aae91f8 <unknown>
#16 0x562b3aae93d6 <unknown>
#17 0x562b3aafa5e6 <unknown>
#18 0x7f441c09caa4 <unknown>
#19 0x7f441c129c3c <unknown>

2025-08-03 11:40:36,146 - INFO - 🎯 [10/60] Applying to: Business Analyst - LINK: https://www.dice.com/job-detail/509b6517-98e0-494a-b440-114933d64482
2025-08-03 11:40:58,172 - ERROR -    ❌ Cannot click apply button: Message: 
Stacktrace:
#0 0x562b3aafb2ca <unknown>
#1 0x562b3a5a2550 <unknown>
#2 0x562b3a5f40f0 <unknown>
#3 0x562b3a5f42e1 <unknown>
#4 0x562b3a6425e4 <unknown>
#5 0x562b3a619bed <unknown>
#6 0x562b3a63f9e6 <unknown>
#7 0x562b3a619993 <unknown>
#8 0x562b3a5e5d6b <unknown>
#9 0x562b3a5e7141 <unknown>
#10 0x562b3aac02ab <unknown>
#11 0x562b3aac40b9 <unknown>
#12 0x562b3aaa7139 <unknown>
#13 0x562b3aac4c68 <unknown>
#14 0x562b3aa8b60f <unknown>
#15 0x562b3aae91f8 <unknown>
#16 0x562b3aae93d6 <unknown>
#17 0x562b3aafa5e6 <unknown>
#18 0x7f441c09caa4 <unknown>
#19 0x7f441c129c3c <unknown>

2025-08-03 11:41:07,870 - INFO - 🎯 [11/60] Applying to: System Support Engineer - LINK: https://www.dice.com/job-detail/00690076-21e7-477c-b396-929779cdd5bb
2025-08-03 11:41:23,259 - INFO -    ✅ Successfully applied!
2025-08-03 11:41:32,432 - INFO - 🎯 [12/60] Applying to: Business Analyst, Master Data & PIM Systems - LINK: https://www.dice.com/job-detail/f4ce5128-ddf5-42e1-8cc0-f0ccb045473a
2025-08-03 11:41:47,523 - INFO -    ✅ Successfully applied!
2025-08-03 11:41:56,184 - INFO - 🎯 [13/60] Applying to: Full Stack Software Engineer / .NET / Hybrid / Irving, TX - LINK: https://www.dice.com/job-detail/49e897ec-0d5d-42c7-a5be-3fc299fef6d6
2025-08-03 11:42:12,522 - INFO -    ✅ Successfully applied!
2025-08-03 11:42:23,492 - INFO - 🎯 [14/60] Applying to: LeanIX Business Analyst - LINK: https://www.dice.com/job-detail/5bc1a039-e7e4-4063-87d2-a22574626f8d
2025-08-03 11:42:40,006 - INFO -    ✅ Successfully applied!
2025-08-03 11:42:48,306 - INFO - 🎯 [15/60] Applying to: Senior Python Cloud Developers - LINK: https://www.dice.com/job-detail/7b42e1df-77a5-4e61-8aec-2ff19a9c1674
2025-08-03 11:43:03,323 - INFO -    ✅ Successfully applied!
2025-08-03 11:43:10,271 - INFO - 🎯 [16/60] Applying to: AI automation engineer - LINK: https://www.dice.com/job-detail/46b91db7-30cb-4a8e-8403-f9b9e13aa60b
2025-08-03 11:43:24,564 - INFO -    ✅ Successfully applied!
2025-08-03 11:43:33,451 - INFO - 🎯 [17/60] Applying to: Senior Quality Engineer (Manufacturing) - LINK: https://www.dice.com/job-detail/50ef4b6d-bc5e-49b8-b9b1-b2c30c0aa8f0
2025-08-03 11:43:49,644 - INFO -    ✅ Successfully applied!
2025-08-03 11:44:00,825 - INFO - 🎯 [18/60] Applying to: Senior Workato Consultant Mulesoft Migration - LINK: https://www.dice.com/job-detail/3dd0846a-a284-4510-8d58-b453338cbeb4
2025-08-03 11:44:17,070 - INFO -    ✅ Successfully applied!
2025-08-03 11:44:28,446 - INFO - 🎯 [19/60] Applying to: Data Engineer - LINK: https://www.dice.com/job-detail/a8944419-9804-4153-91a4-0c02eae5171e
2025-08-03 11:44:44,531 - INFO -    ✅ Successfully applied!
2025-08-03 11:44:55,751 - INFO - 🎯 [20/60] Applying to: AWS Data Architect/ AWS Cloud Architect - LINK: https://www.dice.com/job-detail/fafa8a56-dceb-4be9-b637-c0a544f052c2
2025-08-03 11:45:14,453 - ERROR -    ❌ Cannot click apply button: Message: 
Stacktrace:
#0 0x562b3aafb2ca <unknown>
#1 0x562b3a5a2550 <unknown>
#2 0x562b3a5f40f0 <unknown>
#3 0x562b3a5f42e1 <unknown>
#4 0x562b3a6425e4 <unknown>
#5 0x562b3a619bed <unknown>
#6 0x562b3a63f9e6 <unknown>
#7 0x562b3a619993 <unknown>
#8 0x562b3a5e5d6b <unknown>
#9 0x562b3a5e7141 <unknown>
#10 0x562b3aac02ab <unknown>
#11 0x562b3aac40b9 <unknown>
#12 0x562b3aaa7139 <unknown>
#13 0x562b3aac4c68 <unknown>
#14 0x562b3aa8b60f <unknown>
#15 0x562b3aae91f8 <unknown>
#16 0x562b3aae93d6 <unknown>
#17 0x562b3aafa5e6 <unknown>
#18 0x7f441c09caa4 <unknown>
#19 0x7f441c129c3c <unknown>

2025-08-03 11:45:25,111 - INFO - 🎯 [21/60] Applying to: Full Stack Java Developer - LINK: https://www.dice.com/job-detail/104ea15e-8307-4058-af57-0b5ea00daf8b
2025-08-03 11:45:39,764 - INFO -    ✅ Successfully applied!
2025-08-03 11:45:50,872 - INFO - 🎯 [22/60] Applying to: Senior Software Engineer, Vision Language Models - LINK: https://www.dice.com/job-detail/f5b0ab33-6bac-434b-af8d-a174b3cbb4fe
2025-08-03 11:46:09,485 - INFO -    ✅ Successfully applied!
2025-08-03 11:46:21,269 - INFO - 🎯 [23/60] Applying to: Data Analyst - LINK: https://www.dice.com/job-detail/d75c5b2e-e9ec-45c2-928e-80ce34d2dc17
2025-08-03 11:46:36,570 - INFO -    ✅ Successfully applied!
2025-08-03 11:46:47,345 - INFO - 🎯 [24/60] Applying to: Palantir Developer - LINK: https://www.dice.com/job-detail/fbc167e3-0f81-412e-b934-1a2d66389e49
2025-08-03 11:47:04,219 - INFO -    ✅ Successfully applied!
2025-08-03 11:47:14,012 - INFO - 🎯 [25/60] Applying to: Chinese Mandarin Operational Language Analyst 2 (CI) - LINK: https://www.dice.com/job-detail/5525cc23-6280-426f-b278-320324f24f95
2025-08-03 11:47:28,482 - INFO -    ✅ Successfully applied!
2025-08-03 11:47:38,143 - INFO - 🎯 [26/60] Applying to: Data Architect at Hybrid - (note: Mainframe, Db2 experience must) - LINK: https://www.dice.com/job-detail/d706b74d-3d15-40ad-8b2e-0b4ed587bc30
2025-08-03 11:47:54,807 - INFO -    ✅ Successfully applied!
2025-08-03 11:48:05,554 - INFO - 🎯 [27/60] Applying to: Associate Software Engineer - LINK: https://www.dice.com/job-detail/feedfe38-3e9f-4cf8-a17b-a3ac36a862c2
2025-08-03 11:48:22,036 - INFO -    ✅ Successfully applied!
2025-08-03 11:48:30,331 - INFO - 🎯 [28/60] Applying to: Sr. Python Engineer - LINK: https://www.dice.com/job-detail/c2e67311-92de-4e48-97b2-9a2a52d51cae
2025-08-03 11:48:45,644 - INFO -    ✅ Successfully applied!
2025-08-03 11:48:56,310 - INFO - 🎯 [29/60] Applying to: Full-Stack Developer (34085) - LINK: https://www.dice.com/job-detail/884914aa-5bc2-4971-90f0-c8a4e0f101cf
2025-08-03 11:49:16,156 - ERROR -    ❌ Cannot click apply button: Message: 
Stacktrace:
#0 0x562b3aafb2ca <unknown>
#1 0x562b3a5a2550 <unknown>
#2 0x562b3a5f40f0 <unknown>
#3 0x562b3a5f42e1 <unknown>
#4 0x562b3a6425e4 <unknown>
#5 0x562b3a619bed <unknown>
#6 0x562b3a63f9e6 <unknown>
#7 0x562b3a619993 <unknown>
#8 0x562b3a5e5d6b <unknown>
#9 0x562b3a5e7141 <unknown>
#10 0x562b3aac02ab <unknown>
#11 0x562b3aac40b9 <unknown>
#12 0x562b3aaa7139 <unknown>
#13 0x562b3aac4c68 <unknown>
#14 0x562b3aa8b60f <unknown>
#15 0x562b3aae91f8 <unknown>
#16 0x562b3aae93d6 <unknown>
#17 0x562b3aafa5e6 <unknown>
#18 0x7f441c09caa4 <unknown>
#19 0x7f441c129c3c <unknown>

2025-08-03 11:49:28,084 - INFO - 🎯 [30/60] Applying to: D365 Technical Architect - Remote / Telecommute - LINK: https://www.dice.com/job-detail/6b1bd07f-8e3c-4e0f-ac92-9536dd6ae600
2025-08-03 11:49:47,020 - ERROR -    ❌ Cannot click apply button: Message: 
Stacktrace:
#0 0x562b3aafb2ca <unknown>
#1 0x562b3a5a2550 <unknown>
#2 0x562b3a5f40f0 <unknown>
#3 0x562b3a5f42e1 <unknown>
#4 0x562b3a6425e4 <unknown>
#5 0x562b3a619bed <unknown>
#6 0x562b3a63f9e6 <unknown>
#7 0x562b3a619993 <unknown>
#8 0x562b3a5e5d6b <unknown>
#9 0x562b3a5e7141 <unknown>
#10 0x562b3aac02ab <unknown>
#11 0x562b3aac40b9 <unknown>
#12 0x562b3aaa7139 <unknown>
#13 0x562b3aac4c68 <unknown>
#14 0x562b3aa8b60f <unknown>
#15 0x562b3aae91f8 <unknown>
#16 0x562b3aae93d6 <unknown>
#17 0x562b3aafa5e6 <unknown>
#18 0x7f441c09caa4 <unknown>
#19 0x7f441c129c3c <unknown>

2025-08-03 11:49:58,634 - INFO - 🎯 [31/60] Applying to: Sr. Solution Architect ? Advanced Analytics - Remote (Full Time) - LINK: https://www.dice.com/job-detail/b5d1d6a7-9856-4467-9fb2-5cd129999c43
2025-08-03 11:50:18,492 - ERROR -    ❌ Cannot click apply button: Message: 
Stacktrace:
#0 0x562b3aafb2ca <unknown>
#1 0x562b3a5a2550 <unknown>
#2 0x562b3a5f40f0 <unknown>
#3 0x562b3a5f42e1 <unknown>
#4 0x562b3a6425e4 <unknown>
#5 0x562b3a619bed <unknown>
#6 0x562b3a63f9e6 <unknown>
#7 0x562b3a619993 <unknown>
#8 0x562b3a5e5d6b <unknown>
#9 0x562b3a5e7141 <unknown>
#10 0x562b3aac02ab <unknown>
#11 0x562b3aac40b9 <unknown>
#12 0x562b3aaa7139 <unknown>
#13 0x562b3aac4c68 <unknown>
#14 0x562b3aa8b60f <unknown>
#15 0x562b3aae91f8 <unknown>
#16 0x562b3aae93d6 <unknown>
#17 0x562b3aafa5e6 <unknown>
#18 0x7f441c09caa4 <unknown>
#19 0x7f441c129c3c <unknown>

2025-08-03 11:50:31,301 - INFO - 🎯 [32/60] Applying to: Senior fullstack java Application Developer - LINK: https://www.dice.com/job-detail/8e5f518a-197e-4e23-8324-b4a20c38f24a
2025-08-03 11:50:47,385 - INFO -    ✅ Successfully applied!
2025-08-03 11:50:57,691 - INFO - 🎯 [33/60] Applying to: Data Architect - LINK: https://www.dice.com/job-detail/5ca0bf63-0164-43e5-9709-a3ef13287dfd
2025-08-03 11:51:13,818 - INFO -    ✅ Successfully applied!
2025-08-03 11:51:24,680 - INFO - 🎯 [34/60] Applying to: AI Integration Architect - LINK: https://www.dice.com/job-detail/ffdcf106-3062-4c49-89be-1c198aa5c2b5
2025-08-03 11:51:42,821 - ERROR -    ❌ Cannot click apply button: Message: 
Stacktrace:
#0 0x562b3aafb2ca <unknown>
#1 0x562b3a5a2550 <unknown>
#2 0x562b3a5f40f0 <unknown>
#3 0x562b3a5f42e1 <unknown>
#4 0x562b3a6425e4 <unknown>
#5 0x562b3a619bed <unknown>
#6 0x562b3a63f9e6 <unknown>
#7 0x562b3a619993 <unknown>
#8 0x562b3a5e5d6b <unknown>
#9 0x562b3a5e7141 <unknown>
#10 0x562b3aac02ab <unknown>
#11 0x562b3aac40b9 <unknown>
#12 0x562b3aaa7139 <unknown>
#13 0x562b3aac4c68 <unknown>
#14 0x562b3aa8b60f <unknown>
#15 0x562b3aae91f8 <unknown>
#16 0x562b3aae93d6 <unknown>
#17 0x562b3aafa5e6 <unknown>
#18 0x7f441c09caa4 <unknown>
#19 0x7f441c129c3c <unknown>

2025-08-03 11:51:51,636 - INFO - 🎯 [35/60] Applying to: Software Engineer - Python - 12+ Months - New York City, NY (3 days Onsite per week) - LINK: https://www.dice.com/job-detail/343920de-a2c6-4196-8022-f9d4f35f93f6
2025-08-03 11:52:07,045 - INFO -    ✅ Successfully applied!
2025-08-03 11:52:18,879 - INFO - 🎯 [36/60] Applying to: Network Engineering & Monitoring Solution Architect - LINK: https://www.dice.com/job-detail/ad3caffe-7aa4-47e8-b185-631f45ce8b6a
2025-08-03 11:52:38,041 - ERROR -    ❌ Cannot click apply button: Message: 
Stacktrace:
#0 0x562b3aafb2ca <unknown>
#1 0x562b3a5a2550 <unknown>
#2 0x562b3a5f40f0 <unknown>
#3 0x562b3a5f42e1 <unknown>
#4 0x562b3a6425e4 <unknown>
#5 0x562b3a619bed <unknown>
#6 0x562b3a63f9e6 <unknown>
#7 0x562b3a619993 <unknown>
#8 0x562b3a5e5d6b <unknown>
#9 0x562b3a5e7141 <unknown>
#10 0x562b3aac02ab <unknown>
#11 0x562b3aac40b9 <unknown>
#12 0x562b3aaa7139 <unknown>
#13 0x562b3aac4c68 <unknown>
#14 0x562b3aa8b60f <unknown>
#15 0x562b3aae91f8 <unknown>
#16 0x562b3aae93d6 <unknown>
#17 0x562b3aafa5e6 <unknown>
#18 0x7f441c09caa4 <unknown>
#19 0x7f441c129c3c <unknown>

2025-08-03 11:52:49,333 - INFO - 🎯 [37/60] Applying to: Senior Java Full Stack Developer (Angular) - LINK: https://www.dice.com/job-detail/427cd120-411c-4bf0-b0bf-a7941960bb5b
2025-08-03 11:53:06,652 - INFO -    ✅ Successfully applied!
2025-08-03 11:53:19,465 - INFO - 🎯 [38/60] Applying to: .Net Full stack Developer (locals only F2F interview) - LINK: https://www.dice.com/job-detail/268cb4a8-6ab5-4a49-bf0c-a021c5daf3b3
2025-08-03 11:53:35,328 - INFO -    ✅ Successfully applied!
2025-08-03 11:53:44,220 - INFO - 🎯 [39/60] Applying to: Business Analyst Insurance Domain - LINK: https://www.dice.com/job-detail/47655491-e958-4aa2-a4d0-3a33d2d65701
2025-08-03 11:54:00,420 - INFO -    ✅ Successfully applied!
2025-08-03 11:54:12,509 - INFO - 🎯 [40/60] Applying to: Google Cloud Platform Cloud Engineer - LINK: https://www.dice.com/job-detail/574319bf-f5c2-464d-9225-2697ccbd9e8a
2025-08-03 11:54:31,526 - ERROR -    ❌ Cannot click apply button: Message: 
Stacktrace:
#0 0x562b3aafb2ca <unknown>
#1 0x562b3a5a2550 <unknown>
#2 0x562b3a5f40f0 <unknown>
#3 0x562b3a5f42e1 <unknown>
#4 0x562b3a6425e4 <unknown>
#5 0x562b3a619bed <unknown>
#6 0x562b3a63f9e6 <unknown>
#7 0x562b3a619993 <unknown>
#8 0x562b3a5e5d6b <unknown>
#9 0x562b3a5e7141 <unknown>
#10 0x562b3aac02ab <unknown>
#11 0x562b3aac40b9 <unknown>
#12 0x562b3aaa7139 <unknown>
#13 0x562b3aac4c68 <unknown>
#14 0x562b3aa8b60f <unknown>
#15 0x562b3aae91f8 <unknown>
#16 0x562b3aae93d6 <unknown>
#17 0x562b3aafa5e6 <unknown>
#18 0x7f441c09caa4 <unknown>
#19 0x7f441c129c3c <unknown>

2025-08-03 11:54:38,211 - INFO - 🎯 [41/60] Applying to: Contract Role of Tech Lead (Node.js / IBM Watson/ Chatbots) in Hartford, CT - LINK: https://www.dice.com/job-detail/0652e284-7833-4eea-a9bb-0506ace108b9
2025-08-03 11:54:56,543 - ERROR -    ❌ Cannot click apply button: Message: 
Stacktrace:
#0 0x562b3aafb2ca <unknown>
#1 0x562b3a5a2550 <unknown>
#2 0x562b3a5f40f0 <unknown>
#3 0x562b3a5f42e1 <unknown>
#4 0x562b3a6425e4 <unknown>
#5 0x562b3a619bed <unknown>
#6 0x562b3a63f9e6 <unknown>
#7 0x562b3a619993 <unknown>
#8 0x562b3a5e5d6b <unknown>
#9 0x562b3a5e7141 <unknown>
#10 0x562b3aac02ab <unknown>
#11 0x562b3aac40b9 <unknown>
#12 0x562b3aaa7139 <unknown>
#13 0x562b3aac4c68 <unknown>
#14 0x562b3aa8b60f <unknown>
#15 0x562b3aae91f8 <unknown>
#16 0x562b3aae93d6 <unknown>
#17 0x562b3aafa5e6 <unknown>
#18 0x7f441c09caa4 <unknown>
#19 0x7f441c129c3c <unknown>

2025-08-03 11:55:07,721 - INFO - 🎯 [42/60] Applying to: Security Engineer / Red Team / Vehicle Software / Los Angeles, California - LINK: https://www.dice.com/job-detail/459b2f5c-468c-436c-9f75-c2ba50d1786e
2025-08-03 11:55:26,273 - INFO -    ✅ Successfully applied!
2025-08-03 11:55:35,911 - INFO - 🎯 [43/60] Applying to: Research Engineer - LINK: https://www.dice.com/job-detail/18c7981e-3aa8-4749-8d72-52100314cf3b
2025-08-03 11:55:51,473 - INFO -    ✅ Successfully applied!
2025-08-03 11:55:59,553 - INFO - 🎯 [44/60] Applying to: Business Intelligence Engineer - LINK: https://www.dice.com/job-detail/03e8ee23-5085-4892-b594-aeeb0ff6a75d
2025-08-03 11:56:13,426 - INFO -    ✅ Successfully applied!
2025-08-03 11:56:22,335 - INFO - 🎯 [45/60] Applying to: Software Data Engineer - LINK: https://www.dice.com/job-detail/ef958536-1d3e-41ae-83f2-196b244cef7b
2025-08-03 11:56:39,192 - INFO -    ✅ Successfully applied!
2025-08-03 11:56:48,403 - INFO - 🎯 [46/60] Applying to: Java Full Stack Developer with React-Focused. (Need Independent Candidate) - LINK: https://www.dice.com/job-detail/ff33116e-6684-4a78-bef4-5d2d50c86233
2025-08-03 11:57:04,488 - INFO -    ✅ Successfully applied!
2025-08-03 11:57:15,096 - INFO - 🎯 [47/60] Applying to: Senior Embedded Software Engineer - LINK: https://www.dice.com/job-detail/75a73b3e-570e-40fb-9c3b-36bce07fcee3
2025-08-03 11:57:34,714 - ERROR -    ❌ Cannot click apply button: Message: 
Stacktrace:
#0 0x562b3aafb2ca <unknown>
#1 0x562b3a5a2550 <unknown>
#2 0x562b3a5f40f0 <unknown>
#3 0x562b3a5f42e1 <unknown>
#4 0x562b3a6425e4 <unknown>
#5 0x562b3a619bed <unknown>
#6 0x562b3a63f9e6 <unknown>
#7 0x562b3a619993 <unknown>
#8 0x562b3a5e5d6b <unknown>
#9 0x562b3a5e7141 <unknown>
#10 0x562b3aac02ab <unknown>
#11 0x562b3aac40b9 <unknown>
#12 0x562b3aaa7139 <unknown>
#13 0x562b3aac4c68 <unknown>
#14 0x562b3aa8b60f <unknown>
#15 0x562b3aae91f8 <unknown>
#16 0x562b3aae93d6 <unknown>
#17 0x562b3aafa5e6 <unknown>
#18 0x7f441c09caa4 <unknown>
#19 0x7f441c129c3c <unknown>

2025-08-03 11:57:44,354 - INFO - 🎯 [48/60] Applying to: Teamcenter Architect - LINK: https://www.dice.com/job-detail/a095b511-9364-41ed-8095-e00cac79034a
2025-08-03 11:58:03,499 - ERROR -    ❌ Cannot click apply button: Message: 
Stacktrace:
#0 0x562b3aafb2ca <unknown>
#1 0x562b3a5a2550 <unknown>
#2 0x562b3a5f40f0 <unknown>
#3 0x562b3a5f42e1 <unknown>
#4 0x562b3a6425e4 <unknown>
#5 0x562b3a619bed <unknown>
#6 0x562b3a63f9e6 <unknown>
#7 0x562b3a619993 <unknown>
#8 0x562b3a5e5d6b <unknown>
#9 0x562b3a5e7141 <unknown>
#10 0x562b3aac02ab <unknown>
#11 0x562b3aac40b9 <unknown>
#12 0x562b3aaa7139 <unknown>
#13 0x562b3aac4c68 <unknown>
#14 0x562b3aa8b60f <unknown>
#15 0x562b3aae91f8 <unknown>
#16 0x562b3aae93d6 <unknown>
#17 0x562b3aafa5e6 <unknown>
#18 0x7f441c09caa4 <unknown>
#19 0x7f441c129c3c <unknown>

2025-08-03 11:58:10,792 - INFO - 🎯 [49/60] Applying to: "Java Full Stack Developer" - LINK: https://www.dice.com/job-detail/f8bc5231-45e6-4a88-b57a-6d70f527ac4e
2025-08-03 11:58:28,043 - INFO -    ✅ Successfully applied!
2025-08-03 11:58:37,222 - INFO - 🎯 [50/60] Applying to: Senior Quality Engineer - Alpharetta, GA (Only Local) - (in person interview) - LINK: https://www.dice.com/job-detail/54ce0d16-7035-47fb-af11-3429ab05b9e6
2025-08-03 11:58:56,601 - ERROR -    ❌ Cannot click apply button: Message: 
Stacktrace:
#0 0x562b3aafb2ca <unknown>
#1 0x562b3a5a2550 <unknown>
#2 0x562b3a5f40f0 <unknown>
#3 0x562b3a5f42e1 <unknown>
#4 0x562b3a6425e4 <unknown>
#5 0x562b3a619bed <unknown>
#6 0x562b3a63f9e6 <unknown>
#7 0x562b3a619993 <unknown>
#8 0x562b3a5e5d6b <unknown>
#9 0x562b3a5e7141 <unknown>
#10 0x562b3aac02ab <unknown>
#11 0x562b3aac40b9 <unknown>
#12 0x562b3aaa7139 <unknown>
#13 0x562b3aac4c68 <unknown>
#14 0x562b3aa8b60f <unknown>
#15 0x562b3aae91f8 <unknown>
#16 0x562b3aae93d6 <unknown>
#17 0x562b3aafa5e6 <unknown>
#18 0x7f441c09caa4 <unknown>
#19 0x7f441c129c3c <unknown>

2025-08-03 11:59:06,071 - INFO - 🎯 [51/60] Applying to: Atlassian Lead Engineer - LINK: https://www.dice.com/job-detail/5d3308b4-3e8f-4dbb-97fc-5ab7e0e80c49
2025-08-03 11:59:24,684 - ERROR -    ❌ Cannot click apply button: Message: 
Stacktrace:
#0 0x562b3aafb2ca <unknown>
#1 0x562b3a5a2550 <unknown>
#2 0x562b3a5f40f0 <unknown>
#3 0x562b3a5f42e1 <unknown>
#4 0x562b3a6425e4 <unknown>
#5 0x562b3a619bed <unknown>
#6 0x562b3a63f9e6 <unknown>
#7 0x562b3a619993 <unknown>
#8 0x562b3a5e5d6b <unknown>
#9 0x562b3a5e7141 <unknown>
#10 0x562b3aac02ab <unknown>
#11 0x562b3aac40b9 <unknown>
#12 0x562b3aaa7139 <unknown>
#13 0x562b3aac4c68 <unknown>
#14 0x562b3aa8b60f <unknown>
#15 0x562b3aae91f8 <unknown>
#16 0x562b3aae93d6 <unknown>
#17 0x562b3aafa5e6 <unknown>
#18 0x7f441c09caa4 <unknown>
#19 0x7f441c129c3c <unknown>

2025-08-03 11:59:36,209 - INFO - 🎯 [52/60] Applying to: Web Developer - LINK: https://www.dice.com/job-detail/ca222de3-927b-4b7e-af3f-019fa31f93ad
2025-08-03 11:59:51,642 - INFO -    ✅ Successfully applied!
2025-08-03 12:00:05,321 - INFO - 🎯 [53/60] Applying to: Jr Python Full Stack Developer - LINK: https://www.dice.com/job-detail/aeabffb3-b446-4579-98db-63cbbf08c8de
2025-08-03 12:00:22,158 - INFO -    ✅ Successfully applied!
2025-08-03 12:00:34,368 - INFO - 🎯 [54/60] Applying to: Business Analyst - LINK: https://www.dice.com/job-detail/efb582e9-bb6d-450f-a7d0-ff87fbc3ee25
2025-08-03 12:00:50,992 - INFO -    ✅ Successfully applied!
2025-08-03 12:01:03,169 - INFO - 🎯 [55/60] Applying to: Python Backend Developer - LINK: https://www.dice.com/job-detail/ccca1783-f700-4155-a916-7d087ccc87f9
2025-08-03 12:01:20,755 - INFO -    ✅ Successfully applied!
2025-08-03 12:01:32,839 - INFO - 🎯 [56/60] Applying to: Lead Java Full Stack Developer (local candidates to Washington metropolitan area only) f2f interview - LINK: https://www.dice.com/job-detail/01128526-dbae-4f53-afa2-29fe05ad4e23
2025-08-03 12:01:49,391 - INFO -    ✅ Successfully applied!
2025-08-03 12:01:59,378 - INFO - 🎯 [57/60] Applying to: Cloud Architect - LINK: https://www.dice.com/job-detail/ea76f571-c1cd-47b7-a539-7910f797210b
2025-08-03 12:02:13,890 - INFO -    ✅ Successfully applied!
2025-08-03 12:02:21,414 - INFO - 🎯 [58/60] Applying to: Solutions Architect - LINK: https://www.dice.com/job-detail/1441dbe8-6d6b-4a2c-8358-7b6b53136c99
2025-08-03 12:02:35,248 - INFO -    ✅ Successfully applied!
2025-08-03 12:02:45,524 - INFO - 🎯 [59/60] Applying to: ServiceNow Architect (Only on W2) - LINK: https://www.dice.com/job-detail/bd0474f0-ae5b-4f1e-8ab0-fc035f24f7b6
2025-08-03 12:03:01,327 - INFO -    ✅ Successfully applied!
2025-08-03 12:03:14,651 - INFO - 🎯 [60/60] Applying to: Fulltime || SailPoint IAM Architect || Remote - LINK: https://www.dice.com/job-detail/bd2a8dd0-b4de-466e-8629-637c8ac9bf69
2025-08-03 12:03:31,647 - INFO -    ✅ Successfully applied!
2025-08-03 12:03:33,287 - INFO - 📊 Processing results...
2025-08-03 12:03:33,365 - INFO - 🎉 Application run completed!
2025-08-03 12:03:33,365 - INFO -    ✅ Newly applied: 43
2025-08-03 12:03:33,365 - INFO -    ⏭️  Already applied: 0
2025-08-03 12:03:33,365 - INFO -    ❌ Failed: 17
2025-08-03 12:03:33,365 - INFO -    📊 Total processed: 60
2025-08-03 12:03:33,365 - INFO -    📁 Total jobs in CSV: 4480
2025-08-03 12:03:33,365 - INFO -    💾 Updated: output/final_ml_jobs.csv
2025-08-03 12:03:33,366 - INFO - 🔧 Closing browser...
