2025-08-08 03:35:15,476 - INFO - 🚀 Starting stealth job application bot
2025-08-08 03:35:35,694 - INFO - 📂 Loading jobs from output/final_ml_jobs.csv
2025-08-08 03:35:35,724 - INFO -    📊 Total jobs in file: 4832
2025-08-08 03:35:35,727 - INFO -    🎯 Easy Apply jobs: 4832
2025-08-08 03:35:35,728 - INFO -    ⏳ Jobs to process: 823 (status: pending)
2025-08-08 03:35:35,729 - INFO - 🎲 Will attempt 95 applications this run (target: 95)
2025-08-08 03:35:35,729 - INFO - 🔑 Logging into Dice...
2025-08-08 03:35:38,566 - INFO - ✅ Login successful
2025-08-08 03:35:41,106 - INFO - 🔄 Starting job applications...
2025-08-08 03:35:41,107 - INFO - 🎯 [1/95] Applying to: Data Engineer (Need local to Bellevue WA) - LINK: https://www.dice.com/job-detail/7be0f6b4-72c0-4bad-85b5-c65e211f19f9
2025-08-08 03:36:00,447 - ERROR -    ❌ Cannot click apply button: Message: 
Stacktrace:
#0 0x5566979482ca <unknown>
#1 0x5566973ef550 <unknown>
#2 0x5566974410f0 <unknown>
#3 0x5566974412e1 <unknown>
#4 0x55669748f5e4 <unknown>
#5 0x556697466bed <unknown>
#6 0x55669748c9e6 <unknown>
#7 0x556697466993 <unknown>
#8 0x556697432d6b <unknown>
#9 0x556697434141 <unknown>
#10 0x55669790d2ab <unknown>
#11 0x5566979110b9 <unknown>
#12 0x5566978f4139 <unknown>
#13 0x556697911c68 <unknown>
#14 0x5566978d860f <unknown>
#15 0x5566979361f8 <unknown>
#16 0x5566979363d6 <unknown>
#17 0x5566979475e6 <unknown>
#18 0x7f32e969caa4 <unknown>
#19 0x7f32e9729c3c <unknown>

2025-08-08 03:36:10,161 - INFO - 🎯 [2/95] Applying to: Senior Data Engineer - LINK: https://www.dice.com/job-detail/854b0e66-1d87-4f25-9b56-55a8af660436
2025-08-08 03:36:25,542 - INFO -    ✅ Successfully applied!
2025-08-08 03:36:34,069 - INFO - 🎯 [3/95] Applying to: W2 Role || Data Engineer || Fully Remote - LINK: https://www.dice.com/job-detail/22f12c42-3a7a-45c6-bd5a-819aabc4ab0c
2025-08-08 03:36:52,440 - ERROR -    ❌ Cannot click apply button: Message: 
Stacktrace:
#0 0x5566979482ca <unknown>
#1 0x5566973ef550 <unknown>
#2 0x5566974410f0 <unknown>
#3 0x5566974412e1 <unknown>
#4 0x55669748f5e4 <unknown>
#5 0x556697466bed <unknown>
#6 0x55669748c9e6 <unknown>
#7 0x556697466993 <unknown>
#8 0x556697432d6b <unknown>
#9 0x556697434141 <unknown>
#10 0x55669790d2ab <unknown>
#11 0x5566979110b9 <unknown>
#12 0x5566978f4139 <unknown>
#13 0x556697911c68 <unknown>
#14 0x5566978d860f <unknown>
#15 0x5566979361f8 <unknown>
#16 0x5566979363d6 <unknown>
#17 0x5566979475e6 <unknown>
#18 0x7f32e969caa4 <unknown>
#19 0x7f32e9729c3c <unknown>

2025-08-08 03:37:00,869 - INFO - 🎯 [4/95] Applying to: Data Analyst - LINK: https://www.dice.com/job-detail/be6ea92e-0765-40e6-b4c2-3c88662bffad
2025-08-08 03:37:13,887 - INFO -    ✅ Successfully applied!
2025-08-08 03:37:24,656 - INFO - 🎯 [5/95] Applying to: .Net w/ C# Developer - LINK: https://www.dice.com/job-detail/87d9406a-f084-4c59-bf1f-99039d148aad
2025-08-08 03:37:43,708 - ERROR -    ❌ Cannot click apply button: Message: 
Stacktrace:
#0 0x5566979482ca <unknown>
#1 0x5566973ef550 <unknown>
#2 0x5566974410f0 <unknown>
#3 0x5566974412e1 <unknown>
#4 0x55669748f5e4 <unknown>
#5 0x556697466bed <unknown>
#6 0x55669748c9e6 <unknown>
#7 0x556697466993 <unknown>
#8 0x556697432d6b <unknown>
#9 0x556697434141 <unknown>
#10 0x55669790d2ab <unknown>
#11 0x5566979110b9 <unknown>
#12 0x5566978f4139 <unknown>
#13 0x556697911c68 <unknown>
#14 0x5566978d860f <unknown>
#15 0x5566979361f8 <unknown>
#16 0x5566979363d6 <unknown>
#17 0x5566979475e6 <unknown>
#18 0x7f32e969caa4 <unknown>
#19 0x7f32e9729c3c <unknown>

2025-08-08 03:37:54,079 - INFO - 🎯 [6/95] Applying to: ETL Developer (Informatica) - LINK: https://www.dice.com/job-detail/94cdf867-0647-4dfe-adfe-0e3cc78bd44b
2025-08-08 03:38:12,026 - ERROR -    ❌ Cannot click apply button: Message: 
Stacktrace:
#0 0x5566979482ca <unknown>
#1 0x5566973ef550 <unknown>
#2 0x5566974410f0 <unknown>
#3 0x5566974412e1 <unknown>
#4 0x55669748f5e4 <unknown>
#5 0x556697466bed <unknown>
#6 0x55669748c9e6 <unknown>
#7 0x556697466993 <unknown>
#8 0x556697432d6b <unknown>
#9 0x556697434141 <unknown>
#10 0x55669790d2ab <unknown>
#11 0x5566979110b9 <unknown>
#12 0x5566978f4139 <unknown>
#13 0x556697911c68 <unknown>
#14 0x5566978d860f <unknown>
#15 0x5566979361f8 <unknown>
#16 0x5566979363d6 <unknown>
#17 0x5566979475e6 <unknown>
#18 0x7f32e969caa4 <unknown>
#19 0x7f32e9729c3c <unknown>

2025-08-08 03:38:23,597 - INFO - 🎯 [7/95] Applying to: Solution Train Engineer - LINK: https://www.dice.com/job-detail/0e55bc37-7cdb-443c-b287-9b68565ceb41
2025-08-08 03:38:40,820 - INFO -    ✅ Successfully applied!
2025-08-08 03:38:50,177 - INFO - 🎯 [8/95] Applying to: Lead Gen AI specialist - LINK: https://www.dice.com/job-detail/053940ca-6ff5-4a8c-a9ab-248d0fc68780
2025-08-08 03:39:05,422 - INFO -    ✅ Successfully applied!
2025-08-08 03:39:14,419 - INFO - 🎯 [9/95] Applying to: Data Scientist V - LINK: https://www.dice.com/job-detail/408a1a82-ecce-470b-8ba1-c21c896c52d7
2025-08-08 03:39:28,851 - INFO -    ✅ Successfully applied!
2025-08-08 03:39:39,591 - INFO - 🎯 [10/95] Applying to: Data Analyst - 100% Onsite now (and then hybrid) - long term contract - Trenton, NJ - B3986B - LINK: https://www.dice.com/job-detail/b19b6926-276d-4e46-9f8d-fb539ba2c8b0
2025-08-08 03:39:55,231 - INFO -    ✅ Successfully applied!
2025-08-08 03:40:06,529 - INFO - 🎯 [11/95] Applying to: Sr. Gen AI Engineer / Data Scientist - LINK: https://www.dice.com/job-detail/445acb99-1c9e-4758-98e3-2ac629aae279
2025-08-08 03:40:21,066 - INFO -    ✅ Successfully applied!
2025-08-08 03:40:30,803 - INFO - 🎯 [12/95] Applying to: Data Engineer - LINK: https://www.dice.com/job-detail/9aa3088a-c51e-4902-a6d0-8ec47c1c6e27
2025-08-08 03:40:46,720 - INFO -    ✅ Successfully applied!
2025-08-08 03:40:59,883 - INFO - 🎯 [13/95] Applying to: Google Cloud Platform Cloud Data Engineer - Jacksonville, FL - LINK: https://www.dice.com/job-detail/e6c3f93e-6180-4b4d-a3dd-c5a0fdd64a78
2025-08-08 03:41:20,113 - ERROR -    ❌ Cannot click apply button: Message: 
Stacktrace:
#0 0x5566979482ca <unknown>
#1 0x5566973ef550 <unknown>
#2 0x5566974410f0 <unknown>
#3 0x5566974412e1 <unknown>
#4 0x55669748f5e4 <unknown>
#5 0x556697466bed <unknown>
#6 0x55669748c9e6 <unknown>
#7 0x556697466993 <unknown>
#8 0x556697432d6b <unknown>
#9 0x556697434141 <unknown>
#10 0x55669790d2ab <unknown>
#11 0x5566979110b9 <unknown>
#12 0x5566978f4139 <unknown>
#13 0x556697911c68 <unknown>
#14 0x5566978d860f <unknown>
#15 0x5566979361f8 <unknown>
#16 0x5566979363d6 <unknown>
#17 0x5566979475e6 <unknown>
#18 0x7f32e969caa4 <unknown>
#19 0x7f32e9729c3c <unknown>

2025-08-08 03:41:29,570 - INFO - 🎯 [14/95] Applying to: Systems Engineer (Tactical Data Links) - LINK: https://www.dice.com/job-detail/3ebf0459-51a1-4cd7-bd26-c1df10506658
2025-08-08 03:41:45,422 - INFO -    ✅ Successfully applied!
2025-08-08 03:41:56,021 - INFO - 🎯 [15/95] Applying to: AI/ML Engineer End-to-End AI Platform - LINK: https://www.dice.com/job-detail/7fd2735b-d791-4e7c-8bb1-69bb66840cc1
2025-08-08 03:42:15,595 - ERROR -    ❌ Cannot click apply button: Message: 
Stacktrace:
#0 0x5566979482ca <unknown>
#1 0x5566973ef550 <unknown>
#2 0x5566974410f0 <unknown>
#3 0x5566974412e1 <unknown>
#4 0x55669748f5e4 <unknown>
#5 0x556697466bed <unknown>
#6 0x55669748c9e6 <unknown>
#7 0x556697466993 <unknown>
#8 0x556697432d6b <unknown>
#9 0x556697434141 <unknown>
#10 0x55669790d2ab <unknown>
#11 0x5566979110b9 <unknown>
#12 0x5566978f4139 <unknown>
#13 0x556697911c68 <unknown>
#14 0x5566978d860f <unknown>
#15 0x5566979361f8 <unknown>
#16 0x5566979363d6 <unknown>
#17 0x5566979475e6 <unknown>
#18 0x7f32e969caa4 <unknown>
#19 0x7f32e9729c3c <unknown>

2025-08-08 03:42:26,157 - INFO - 🎯 [16/95] Applying to: Electrical Systems Design Engineer - LINK: https://www.dice.com/job-detail/8e0e3c57-47bb-4dde-aa5a-36532a030fc7
2025-08-08 03:42:44,175 - INFO -    ✅ Successfully applied!
2025-08-08 03:42:55,272 - INFO - 🎯 [17/95] Applying to: Google Cloud Platform Data Engineer - LINK: https://www.dice.com/job-detail/d026915b-257f-47b0-a4ef-71c19804bff3
2025-08-08 03:43:15,105 - ERROR -    ❌ Cannot click apply button: Message: 
Stacktrace:
#0 0x5566979482ca <unknown>
#1 0x5566973ef550 <unknown>
#2 0x5566974410f0 <unknown>
#3 0x5566974412e1 <unknown>
#4 0x55669748f5e4 <unknown>
#5 0x556697466bed <unknown>
#6 0x55669748c9e6 <unknown>
#7 0x556697466993 <unknown>
#8 0x556697432d6b <unknown>
#9 0x556697434141 <unknown>
#10 0x55669790d2ab <unknown>
#11 0x5566979110b9 <unknown>
#12 0x5566978f4139 <unknown>
#13 0x556697911c68 <unknown>
#14 0x5566978d860f <unknown>
#15 0x5566979361f8 <unknown>
#16 0x5566979363d6 <unknown>
#17 0x5566979475e6 <unknown>
#18 0x7f32e969caa4 <unknown>
#19 0x7f32e9729c3c <unknown>

2025-08-08 03:43:24,780 - INFO - 🎯 [18/95] Applying to: Software Engineer - LINK: https://www.dice.com/job-detail/8673be6b-a064-4bab-9d4f-4932c5f6da80
2025-08-08 03:43:38,674 - INFO -    ✅ Successfully applied!
2025-08-08 03:43:49,170 - INFO - 🎯 [19/95] Applying to: ServiceNow DevOps Developer - LINK: https://www.dice.com/job-detail/7f23b587-6716-42d6-a0e3-1d646b30c190
2025-08-08 03:44:05,252 - INFO -    ✅ Successfully applied!
2025-08-08 03:44:17,678 - INFO - 🎯 [20/95] Applying to: Principal Data Scientist - Onsite in Glendale, CA - LINK: https://www.dice.com/job-detail/91c6f095-c34f-43c1-9b58-67f16192a69b
2025-08-08 03:44:37,512 - ERROR -    ❌ Cannot click apply button: Message: 
Stacktrace:
#0 0x5566979482ca <unknown>
#1 0x5566973ef550 <unknown>
#2 0x5566974410f0 <unknown>
#3 0x5566974412e1 <unknown>
#4 0x55669748f5e4 <unknown>
#5 0x556697466bed <unknown>
#6 0x55669748c9e6 <unknown>
#7 0x556697466993 <unknown>
#8 0x556697432d6b <unknown>
#9 0x556697434141 <unknown>
#10 0x55669790d2ab <unknown>
#11 0x5566979110b9 <unknown>
#12 0x5566978f4139 <unknown>
#13 0x556697911c68 <unknown>
#14 0x5566978d860f <unknown>
#15 0x5566979361f8 <unknown>
#16 0x5566979363d6 <unknown>
#17 0x5566979475e6 <unknown>
#18 0x7f32e969caa4 <unknown>
#19 0x7f32e9729c3c <unknown>

2025-08-08 03:44:45,570 - INFO - 🎯 [21/95] Applying to: Drupal Architect with AI exposure - LINK: https://www.dice.com/job-detail/e7a6cf08-76d9-496a-844d-5fd5b907a1d0
2025-08-08 03:45:00,675 - INFO -    ✅ Successfully applied!
2025-08-08 03:45:10,557 - INFO - 🎯 [22/95] Applying to: Data Governance Associate - LINK: https://www.dice.com/job-detail/c90668f1-ee3c-4690-899f-7ab2f78c7fb3
2025-08-08 03:45:31,124 - ERROR -    ❌ Cannot click apply button: Message: 
Stacktrace:
#0 0x5566979482ca <unknown>
#1 0x5566973ef550 <unknown>
#2 0x5566974410f0 <unknown>
#3 0x5566974412e1 <unknown>
#4 0x55669748f5e4 <unknown>
#5 0x556697466bed <unknown>
#6 0x55669748c9e6 <unknown>
#7 0x556697466993 <unknown>
#8 0x556697432d6b <unknown>
#9 0x556697434141 <unknown>
#10 0x55669790d2ab <unknown>
#11 0x5566979110b9 <unknown>
#12 0x5566978f4139 <unknown>
#13 0x556697911c68 <unknown>
#14 0x5566978d860f <unknown>
#15 0x5566979361f8 <unknown>
#16 0x5566979363d6 <unknown>
#17 0x5566979475e6 <unknown>
#18 0x7f32e969caa4 <unknown>
#19 0x7f32e9729c3c <unknown>

2025-08-08 03:45:38,753 - INFO - 🎯 [23/95] Applying to: Data Engineer - LINK: https://www.dice.com/job-detail/6b18e62b-59d2-45fb-b177-a5c0b18248fc
2025-08-08 03:45:57,206 - ERROR -    ❌ Cannot click apply button: Message: 
Stacktrace:
#0 0x5566979482ca <unknown>
#1 0x5566973ef550 <unknown>
#2 0x5566974410f0 <unknown>
#3 0x5566974412e1 <unknown>
#4 0x55669748f5e4 <unknown>
#5 0x556697466bed <unknown>
#6 0x55669748c9e6 <unknown>
#7 0x556697466993 <unknown>
#8 0x556697432d6b <unknown>
#9 0x556697434141 <unknown>
#10 0x55669790d2ab <unknown>
#11 0x5566979110b9 <unknown>
#12 0x5566978f4139 <unknown>
#13 0x556697911c68 <unknown>
#14 0x5566978d860f <unknown>
#15 0x5566979361f8 <unknown>
#16 0x5566979363d6 <unknown>
#17 0x5566979475e6 <unknown>
#18 0x7f32e969caa4 <unknown>
#19 0x7f32e9729c3c <unknown>

2025-08-08 03:46:05,740 - INFO - 🎯 [24/95] Applying to: .NET architect - LINK: https://www.dice.com/job-detail/95a21cf8-4519-40da-8092-ba91fa8b21a6
2025-08-08 03:46:21,108 - INFO -    ✅ Successfully applied!
2025-08-08 03:46:32,422 - INFO - 🎯 [25/95] Applying to: Lead Data Engineer - LINK: https://www.dice.com/job-detail/c619a899-2c3a-424b-8be5-2c072d7a7497
2025-08-08 03:46:47,078 - INFO -    ✅ Successfully applied!
2025-08-08 03:46:56,852 - INFO - 🎯 [26/95] Applying to: Senior Data Scientist - LINK: https://www.dice.com/job-detail/7521aba8-5535-446f-8727-6027d2dab3d5
2025-08-08 03:47:13,857 - INFO -    ✅ Successfully applied!
2025-08-08 03:47:22,786 - INFO - 🎯 [27/95] Applying to: Senior Data Integration Engineer (FME/GIS) - LINK: https://www.dice.com/job-detail/305728cc-49ac-4540-8252-3c62a33bbb6f
2025-08-08 03:47:38,707 - INFO -    ✅ Successfully applied!
2025-08-08 03:47:46,753 - INFO - 🎯 [28/95] Applying to: Validation Engineer - LINK: https://www.dice.com/job-detail/26ade0c8-180e-48bb-a7ee-6d34fe5f5be3
2025-08-08 03:48:05,243 - INFO -    ✅ Successfully applied!
2025-08-08 03:48:15,895 - INFO - 🎯 [29/95] Applying to: Business Analyst - LINK: https://www.dice.com/job-detail/7bf83d8c-6005-4e8e-aaec-b7fe9c80a23c
2025-08-08 03:48:35,490 - ERROR -    ❌ Cannot click apply button: Message: 
Stacktrace:
#0 0x5566979482ca <unknown>
#1 0x5566973ef550 <unknown>
#2 0x5566974410f0 <unknown>
#3 0x5566974412e1 <unknown>
#4 0x55669748f5e4 <unknown>
#5 0x556697466bed <unknown>
#6 0x55669748c9e6 <unknown>
#7 0x556697466993 <unknown>
#8 0x556697432d6b <unknown>
#9 0x556697434141 <unknown>
#10 0x55669790d2ab <unknown>
#11 0x5566979110b9 <unknown>
#12 0x5566978f4139 <unknown>
#13 0x556697911c68 <unknown>
#14 0x5566978d860f <unknown>
#15 0x5566979361f8 <unknown>
#16 0x5566979363d6 <unknown>
#17 0x5566979475e6 <unknown>
#18 0x7f32e969caa4 <unknown>
#19 0x7f32e9729c3c <unknown>

2025-08-08 03:48:45,497 - INFO - 🎯 [30/95] Applying to: Sr.DataEngineerWith strongGoogle Cloud PlatformBackground (12+ yrs minimum experience required) - LINK: https://www.dice.com/job-detail/9f91f90f-3c39-49c8-be63-be35c5a91060
2025-08-08 03:49:04,457 - ERROR -    ❌ Cannot click apply button: Message: 
Stacktrace:
#0 0x5566979482ca <unknown>
#1 0x5566973ef550 <unknown>
#2 0x5566974410f0 <unknown>
#3 0x5566974412e1 <unknown>
#4 0x55669748f5e4 <unknown>
#5 0x556697466bed <unknown>
#6 0x55669748c9e6 <unknown>
#7 0x556697466993 <unknown>
#8 0x556697432d6b <unknown>
#9 0x556697434141 <unknown>
#10 0x55669790d2ab <unknown>
#11 0x5566979110b9 <unknown>
#12 0x5566978f4139 <unknown>
#13 0x556697911c68 <unknown>
#14 0x5566978d860f <unknown>
#15 0x5566979361f8 <unknown>
#16 0x5566979363d6 <unknown>
#17 0x5566979475e6 <unknown>
#18 0x7f32e969caa4 <unknown>
#19 0x7f32e9729c3c <unknown>

2025-08-08 03:49:15,722 - INFO - 🎯 [31/95] Applying to: Data Analyst - LINK: https://www.dice.com/job-detail/e935b479-4e16-4168-b296-974496da33f4
2025-08-08 03:49:33,537 - INFO -    ✅ Successfully applied!
2025-08-08 03:49:42,540 - INFO - 🎯 [32/95] Applying to: Sr. Data Analyst with strong SQL & Python (Hybrid) - Trenton, NJ (In-person) - Only locals with valid DL copy. - LINK: https://www.dice.com/job-detail/90ed163c-2237-43a6-a75d-0eb7f65ef5b7
2025-08-08 03:49:57,829 - INFO -    ✅ Successfully applied!
2025-08-08 03:50:05,774 - INFO - 🎯 [33/95] Applying to: Data Analyst III - LINK: https://www.dice.com/job-detail/b53a6cc6-6e46-4d3b-af60-e891867f513c
2025-08-08 03:50:20,224 - INFO -    ✅ Successfully applied!
2025-08-08 03:50:31,146 - INFO - 🎯 [34/95] Applying to: Senior Automation Engineer - LINK: https://www.dice.com/job-detail/ef6676a6-f86b-4018-a764-b9ee7e26014d
2025-08-08 03:50:47,473 - INFO -    ✅ Successfully applied!
2025-08-08 03:50:55,170 - INFO - 🎯 [35/95] Applying to: Data Engineer - LINK: https://www.dice.com/job-detail/38766316-144d-41c8-963d-816e95f40090
2025-08-08 03:51:12,206 - INFO -    ✅ Successfully applied!
2025-08-08 03:51:20,735 - INFO - 🎯 [36/95] Applying to: Join a Data-Driven Team Business Analyst Position Open - LINK: https://www.dice.com/job-detail/ad0bd1d5-fd41-414c-a2f7-229e33d33bf8
2025-08-08 03:51:36,391 - INFO -    ✅ Successfully applied!
2025-08-08 03:51:44,945 - INFO - 🎯 [37/95] Applying to: Applications System Engineer (AI) - Python - LINK: https://www.dice.com/job-detail/b66a63b7-0b54-4d0a-8359-c785d0fbddd2
2025-08-08 03:52:04,617 - ERROR -    ❌ Cannot click apply button: Message: 
Stacktrace:
#0 0x5566979482ca <unknown>
#1 0x5566973ef550 <unknown>
#2 0x5566974410f0 <unknown>
#3 0x5566974412e1 <unknown>
#4 0x55669748f5e4 <unknown>
#5 0x556697466bed <unknown>
#6 0x55669748c9e6 <unknown>
#7 0x556697466993 <unknown>
#8 0x556697432d6b <unknown>
#9 0x556697434141 <unknown>
#10 0x55669790d2ab <unknown>
#11 0x5566979110b9 <unknown>
#12 0x5566978f4139 <unknown>
#13 0x556697911c68 <unknown>
#14 0x5566978d860f <unknown>
#15 0x5566979361f8 <unknown>
#16 0x5566979363d6 <unknown>
#17 0x5566979475e6 <unknown>
#18 0x7f32e969caa4 <unknown>
#19 0x7f32e9729c3c <unknown>

2025-08-08 03:52:15,012 - INFO - 🎯 [38/95] Applying to: AI/ML Software Engineer - LINK: https://www.dice.com/job-detail/c000b760-3cae-421c-bd21-2bb311339fa3
2025-08-08 03:52:34,245 - ERROR -    ❌ Cannot click apply button: Message: 
Stacktrace:
#0 0x5566979482ca <unknown>
#1 0x5566973ef550 <unknown>
#2 0x5566974410f0 <unknown>
#3 0x5566974412e1 <unknown>
#4 0x55669748f5e4 <unknown>
#5 0x556697466bed <unknown>
#6 0x55669748c9e6 <unknown>
#7 0x556697466993 <unknown>
#8 0x556697432d6b <unknown>
#9 0x556697434141 <unknown>
#10 0x55669790d2ab <unknown>
#11 0x5566979110b9 <unknown>
#12 0x5566978f4139 <unknown>
#13 0x556697911c68 <unknown>
#14 0x5566978d860f <unknown>
#15 0x5566979361f8 <unknown>
#16 0x5566979363d6 <unknown>
#17 0x5566979475e6 <unknown>
#18 0x7f32e969caa4 <unknown>
#19 0x7f32e9729c3c <unknown>

2025-08-08 03:52:43,582 - INFO - 🎯 [39/95] Applying to: Data Governance with Microsoft Purview Implementation - LINK: https://www.dice.com/job-detail/5ee5fe7b-2f04-490b-acc6-8abc19fe363f
2025-08-08 03:52:57,613 - INFO -    ✅ Successfully applied!
2025-08-08 03:53:08,623 - INFO - 🎯 [40/95] Applying to: Data Scientist (GenAI, ML, Python) - Remote (W2) - LINK: https://www.dice.com/job-detail/81135929-b610-4740-9a70-23a8c8f8d041
2025-08-08 03:53:26,975 - INFO -    ✅ Successfully applied!
2025-08-08 03:53:35,320 - INFO - 🎯 [41/95] Applying to: Performance Engineer with JAVA - LINK: https://www.dice.com/job-detail/41f81c11-1005-49a9-9b24-32253dda2d5d
2025-08-08 03:53:54,719 - ERROR -    ❌ Cannot click apply button: Message: 
Stacktrace:
#0 0x5566979482ca <unknown>
#1 0x5566973ef550 <unknown>
#2 0x5566974410f0 <unknown>
#3 0x5566974412e1 <unknown>
#4 0x55669748f5e4 <unknown>
#5 0x556697466bed <unknown>
#6 0x55669748c9e6 <unknown>
#7 0x556697466993 <unknown>
#8 0x556697432d6b <unknown>
#9 0x556697434141 <unknown>
#10 0x55669790d2ab <unknown>
#11 0x5566979110b9 <unknown>
#12 0x5566978f4139 <unknown>
#13 0x556697911c68 <unknown>
#14 0x5566978d860f <unknown>
#15 0x5566979361f8 <unknown>
#16 0x5566979363d6 <unknown>
#17 0x5566979475e6 <unknown>
#18 0x7f32e969caa4 <unknown>
#19 0x7f32e9729c3c <unknown>

2025-08-08 03:54:05,555 - INFO - 🎯 [42/95] Applying to: Full Stack Java Developer - LINK: https://www.dice.com/job-detail/69b8da85-f7db-4213-8124-b6c8cc97e21e
2025-08-08 03:54:24,519 - ERROR -    ❌ Cannot click apply button: Message: 
Stacktrace:
#0 0x5566979482ca <unknown>
#1 0x5566973ef550 <unknown>
#2 0x5566974410f0 <unknown>
#3 0x5566974412e1 <unknown>
#4 0x55669748f5e4 <unknown>
#5 0x556697466bed <unknown>
#6 0x55669748c9e6 <unknown>
#7 0x556697466993 <unknown>
#8 0x556697432d6b <unknown>
#9 0x556697434141 <unknown>
#10 0x55669790d2ab <unknown>
#11 0x5566979110b9 <unknown>
#12 0x5566978f4139 <unknown>
#13 0x556697911c68 <unknown>
#14 0x5566978d860f <unknown>
#15 0x5566979361f8 <unknown>
#16 0x5566979363d6 <unknown>
#17 0x5566979475e6 <unknown>
#18 0x7f32e969caa4 <unknown>
#19 0x7f32e9729c3c <unknown>

2025-08-08 03:54:34,710 - INFO - 🎯 [43/95] Applying to: Software Components Devlopment & Testing/ Software Integration & Configure Management Engineer (Rail - Domain) - LINK: https://www.dice.com/job-detail/6c8e9975-cd7a-4040-b90e-1e5e0b16716e
2025-08-08 03:54:54,211 - ERROR -    ❌ Cannot click apply button: Message: 
Stacktrace:
#0 0x5566979482ca <unknown>
#1 0x5566973ef550 <unknown>
#2 0x5566974410f0 <unknown>
#3 0x5566974412e1 <unknown>
#4 0x55669748f5e4 <unknown>
#5 0x556697466bed <unknown>
#6 0x55669748c9e6 <unknown>
#7 0x556697466993 <unknown>
#8 0x556697432d6b <unknown>
#9 0x556697434141 <unknown>
#10 0x55669790d2ab <unknown>
#11 0x5566979110b9 <unknown>
#12 0x5566978f4139 <unknown>
#13 0x556697911c68 <unknown>
#14 0x5566978d860f <unknown>
#15 0x5566979361f8 <unknown>
#16 0x5566979363d6 <unknown>
#17 0x5566979475e6 <unknown>
#18 0x7f32e969caa4 <unknown>
#19 0x7f32e9729c3c <unknown>

2025-08-08 03:55:04,502 - INFO - 🎯 [44/95] Applying to: Data Analyst - LINK: https://www.dice.com/job-detail/69bb657f-4c0f-4654-b843-6484462fba1e
2025-08-08 03:55:18,926 - INFO -    ✅ Successfully applied!
2025-08-08 03:55:26,016 - INFO - 🎯 [45/95] Applying to: Engineer-RF - LINK: https://www.dice.com/job-detail/436eee93-0466-434f-8037-4715ed57803a
2025-08-08 03:55:44,373 - ERROR -    ❌ Cannot click apply button: Message: 
Stacktrace:
#0 0x5566979482ca <unknown>
#1 0x5566973ef550 <unknown>
#2 0x5566974410f0 <unknown>
#3 0x5566974412e1 <unknown>
#4 0x55669748f5e4 <unknown>
#5 0x556697466bed <unknown>
#6 0x55669748c9e6 <unknown>
#7 0x556697466993 <unknown>
#8 0x556697432d6b <unknown>
#9 0x556697434141 <unknown>
#10 0x55669790d2ab <unknown>
#11 0x5566979110b9 <unknown>
#12 0x5566978f4139 <unknown>
#13 0x556697911c68 <unknown>
#14 0x5566978d860f <unknown>
#15 0x5566979361f8 <unknown>
#16 0x5566979363d6 <unknown>
#17 0x5566979475e6 <unknown>
#18 0x7f32e969caa4 <unknown>
#19 0x7f32e9729c3c <unknown>

2025-08-08 03:55:53,590 - INFO - 🎯 [46/95] Applying to: Senior Product Analyst/Product Manager - LINK: https://www.dice.com/job-detail/08d5c525-af99-4c5d-8805-7317e146c52d
2025-08-08 03:56:12,002 - ERROR -    ❌ Cannot click apply button: Message: 
Stacktrace:
#0 0x5566979482ca <unknown>
#1 0x5566973ef550 <unknown>
#2 0x5566974410f0 <unknown>
#3 0x5566974412e1 <unknown>
#4 0x55669748f5e4 <unknown>
#5 0x556697466bed <unknown>
#6 0x55669748c9e6 <unknown>
#7 0x556697466993 <unknown>
#8 0x556697432d6b <unknown>
#9 0x556697434141 <unknown>
#10 0x55669790d2ab <unknown>
#11 0x5566979110b9 <unknown>
#12 0x5566978f4139 <unknown>
#13 0x556697911c68 <unknown>
#14 0x5566978d860f <unknown>
#15 0x5566979361f8 <unknown>
#16 0x5566979363d6 <unknown>
#17 0x5566979475e6 <unknown>
#18 0x7f32e969caa4 <unknown>
#19 0x7f32e9729c3c <unknown>

2025-08-08 03:56:19,136 - INFO - 🎯 [47/95] Applying to: Data Engineer - LINK: https://www.dice.com/job-detail/1d6a53f9-1284-43c7-99c6-0b17be8c1f4d
2025-08-08 03:56:36,423 - INFO -    ✅ Successfully applied!
2025-08-08 03:56:48,643 - INFO - 🎯 [48/95] Applying to: AWS Data Engineer - CDC(Change Data Capture) - LINK: https://www.dice.com/job-detail/09048a84-b5a0-4e87-863e-d3e4e0513ad3
2025-08-08 03:57:05,821 - INFO -    ✅ Successfully applied!
2025-08-08 03:57:15,067 - INFO - 🎯 [49/95] Applying to: AI Engineer - LINK: https://www.dice.com/job-detail/e68f38f2-a486-4ecd-a7c1-0cb70f7b60ee
2025-08-08 03:57:33,679 - ERROR -    ❌ Cannot click apply button: Message: 
Stacktrace:
#0 0x5566979482ca <unknown>
#1 0x5566973ef550 <unknown>
#2 0x5566974410f0 <unknown>
#3 0x5566974412e1 <unknown>
#4 0x55669748f5e4 <unknown>
#5 0x556697466bed <unknown>
#6 0x55669748c9e6 <unknown>
#7 0x556697466993 <unknown>
#8 0x556697432d6b <unknown>
#9 0x556697434141 <unknown>
#10 0x55669790d2ab <unknown>
#11 0x5566979110b9 <unknown>
#12 0x5566978f4139 <unknown>
#13 0x556697911c68 <unknown>
#14 0x5566978d860f <unknown>
#15 0x5566979361f8 <unknown>
#16 0x5566979363d6 <unknown>
#17 0x5566979475e6 <unknown>
#18 0x7f32e969caa4 <unknown>
#19 0x7f32e9729c3c <unknown>

2025-08-08 03:57:43,597 - INFO - 🎯 [50/95] Applying to: Data Scientist - LINK: https://www.dice.com/job-detail/8974e7a0-29ed-428f-b6c9-d7239b7ee45d
2025-08-08 03:58:00,701 - INFO -    ✅ Successfully applied!
2025-08-08 03:58:11,107 - INFO - 🎯 [51/95] Applying to: Data Engineer (AWS) - LINK: https://www.dice.com/job-detail/d957a7dc-b09c-4ab6-aaaf-c1c817d4e75f
2025-08-08 03:58:30,174 - ERROR -    ❌ Cannot click apply button: Message: 
Stacktrace:
#0 0x5566979482ca <unknown>
#1 0x5566973ef550 <unknown>
#2 0x5566974410f0 <unknown>
#3 0x5566974412e1 <unknown>
#4 0x55669748f5e4 <unknown>
#5 0x556697466bed <unknown>
#6 0x55669748c9e6 <unknown>
#7 0x556697466993 <unknown>
#8 0x556697432d6b <unknown>
#9 0x556697434141 <unknown>
#10 0x55669790d2ab <unknown>
#11 0x5566979110b9 <unknown>
#12 0x5566978f4139 <unknown>
#13 0x556697911c68 <unknown>
#14 0x5566978d860f <unknown>
#15 0x5566979361f8 <unknown>
#16 0x5566979363d6 <unknown>
#17 0x5566979475e6 <unknown>
#18 0x7f32e969caa4 <unknown>
#19 0x7f32e9729c3c <unknown>

2025-08-08 03:58:40,686 - INFO - 🎯 [52/95] Applying to: Python Developer - LINK: https://www.dice.com/job-detail/79e382d2-a9b3-4cc6-8c38-6d960f51a825
2025-08-08 03:58:59,282 - ERROR -    ❌ Cannot click apply button: Message: 
Stacktrace:
#0 0x5566979482ca <unknown>
#1 0x5566973ef550 <unknown>
#2 0x5566974410f0 <unknown>
#3 0x5566974412e1 <unknown>
#4 0x55669748f5e4 <unknown>
#5 0x556697466bed <unknown>
#6 0x55669748c9e6 <unknown>
#7 0x556697466993 <unknown>
#8 0x556697432d6b <unknown>
#9 0x556697434141 <unknown>
#10 0x55669790d2ab <unknown>
#11 0x5566979110b9 <unknown>
#12 0x5566978f4139 <unknown>
#13 0x556697911c68 <unknown>
#14 0x5566978d860f <unknown>
#15 0x5566979361f8 <unknown>
#16 0x5566979363d6 <unknown>
#17 0x5566979475e6 <unknown>
#18 0x7f32e969caa4 <unknown>
#19 0x7f32e9729c3c <unknown>

2025-08-08 03:59:09,016 - INFO - 🎯 [53/95] Applying to: Python ETL Developer/Data Engineer - LINK: https://www.dice.com/job-detail/1724e27a-0443-4862-81f2-84c6696e674b
2025-08-08 03:59:24,004 - INFO -    ✅ Successfully applied!
2025-08-08 03:59:34,806 - INFO - 🎯 [54/95] Applying to: Platform Engineer - LINK: https://www.dice.com/job-detail/60f0be9b-7f49-4d21-9b9b-f63def6ba5a6
2025-08-08 03:59:49,392 - INFO -    ✅ Successfully applied!
2025-08-08 03:59:58,586 - INFO - 🎯 [55/95] Applying to: PeopleSoft FSCM Systems Analyst - LINK: https://www.dice.com/job-detail/82a4aadc-67cf-4416-b78a-56ab63c519c5
2025-08-08 04:00:18,147 - ERROR -    ❌ Cannot click apply button: Message: 
Stacktrace:
#0 0x5566979482ca <unknown>
#1 0x5566973ef550 <unknown>
#2 0x5566974410f0 <unknown>
#3 0x5566974412e1 <unknown>
#4 0x55669748f5e4 <unknown>
#5 0x556697466bed <unknown>
#6 0x55669748c9e6 <unknown>
#7 0x556697466993 <unknown>
#8 0x556697432d6b <unknown>
#9 0x556697434141 <unknown>
#10 0x55669790d2ab <unknown>
#11 0x5566979110b9 <unknown>
#12 0x5566978f4139 <unknown>
#13 0x556697911c68 <unknown>
#14 0x5566978d860f <unknown>
#15 0x5566979361f8 <unknown>
#16 0x5566979363d6 <unknown>
#17 0x5566979475e6 <unknown>
#18 0x7f32e969caa4 <unknown>
#19 0x7f32e9729c3c <unknown>

2025-08-08 04:00:29,105 - INFO - 🎯 [56/95] Applying to: Data Analyst - LINK: https://www.dice.com/job-detail/8c1c1741-3075-4946-a1f7-4c5c3ba71c22
2025-08-08 04:00:49,367 - ERROR -    ❌ Cannot click apply button: Message: 
Stacktrace:
#0 0x5566979482ca <unknown>
#1 0x5566973ef550 <unknown>
#2 0x5566974410f0 <unknown>
#3 0x5566974412e1 <unknown>
#4 0x55669748f5e4 <unknown>
#5 0x556697466bed <unknown>
#6 0x55669748c9e6 <unknown>
#7 0x556697466993 <unknown>
#8 0x556697432d6b <unknown>
#9 0x556697434141 <unknown>
#10 0x55669790d2ab <unknown>
#11 0x5566979110b9 <unknown>
#12 0x5566978f4139 <unknown>
#13 0x556697911c68 <unknown>
#14 0x5566978d860f <unknown>
#15 0x5566979361f8 <unknown>
#16 0x5566979363d6 <unknown>
#17 0x5566979475e6 <unknown>
#18 0x7f32e969caa4 <unknown>
#19 0x7f32e9729c3c <unknown>

2025-08-08 04:00:56,930 - INFO - 🎯 [57/95] Applying to: SAFe Business Analyst - LINK: https://www.dice.com/job-detail/2648659e-5219-4b11-ae3e-41a8271e93b7
2025-08-08 04:01:15,530 - ERROR -    ❌ Cannot click apply button: Message: 
Stacktrace:
#0 0x5566979482ca <unknown>
#1 0x5566973ef550 <unknown>
#2 0x5566974410f0 <unknown>
#3 0x5566974412e1 <unknown>
#4 0x55669748f5e4 <unknown>
#5 0x556697466bed <unknown>
#6 0x55669748c9e6 <unknown>
#7 0x556697466993 <unknown>
#8 0x556697432d6b <unknown>
#9 0x556697434141 <unknown>
#10 0x55669790d2ab <unknown>
#11 0x5566979110b9 <unknown>
#12 0x5566978f4139 <unknown>
#13 0x556697911c68 <unknown>
#14 0x5566978d860f <unknown>
#15 0x5566979361f8 <unknown>
#16 0x5566979363d6 <unknown>
#17 0x5566979475e6 <unknown>
#18 0x7f32e969caa4 <unknown>
#19 0x7f32e9729c3c <unknown>

2025-08-08 04:01:26,455 - INFO - 🎯 [58/95] Applying to: Senior Full Stack Developer / .NET Core & Angular / Charlotte - LINK: https://www.dice.com/job-detail/bcb8a4ed-2dec-46ac-9684-4ff5b5c0f011
2025-08-08 04:01:42,827 - INFO -    ✅ Successfully applied!
2025-08-08 04:01:52,378 - INFO - 🎯 [59/95] Applying to: Automation Testing with snowflake/DWH - Quincy, MA - Onsite - LINK: https://www.dice.com/job-detail/b495ae3e-cf96-4610-b586-2b5e50688050
2025-08-08 04:02:11,553 - ERROR -    ❌ Cannot click apply button: Message: 
Stacktrace:
#0 0x5566979482ca <unknown>
#1 0x5566973ef550 <unknown>
#2 0x5566974410f0 <unknown>
#3 0x5566974412e1 <unknown>
#4 0x55669748f5e4 <unknown>
#5 0x556697466bed <unknown>
#6 0x55669748c9e6 <unknown>
#7 0x556697466993 <unknown>
#8 0x556697432d6b <unknown>
#9 0x556697434141 <unknown>
#10 0x55669790d2ab <unknown>
#11 0x5566979110b9 <unknown>
#12 0x5566978f4139 <unknown>
#13 0x556697911c68 <unknown>
#14 0x5566978d860f <unknown>
#15 0x5566979361f8 <unknown>
#16 0x5566979363d6 <unknown>
#17 0x5566979475e6 <unknown>
#18 0x7f32e969caa4 <unknown>
#19 0x7f32e9729c3c <unknown>

2025-08-08 04:02:23,379 - INFO - 🎯 [60/95] Applying to: Bilingual Data Analyst - LINK: https://www.dice.com/job-detail/733ec8f8-86b7-4938-b219-49bf2d7e0755
2025-08-08 04:02:37,923 - INFO -    ✅ Successfully applied!
2025-08-08 04:02:47,370 - INFO - 🎯 [61/95] Applying to: UX Content Conversation Designer - LINK: https://www.dice.com/job-detail/06a14872-140a-432c-a677-40df3ee264ad
2025-08-08 04:03:06,099 - ERROR -    ❌ Cannot click apply button: Message: 
Stacktrace:
#0 0x5566979482ca <unknown>
#1 0x5566973ef550 <unknown>
#2 0x5566974410f0 <unknown>
#3 0x5566974412e1 <unknown>
#4 0x55669748f5e4 <unknown>
#5 0x556697466bed <unknown>
#6 0x55669748c9e6 <unknown>
#7 0x556697466993 <unknown>
#8 0x556697432d6b <unknown>
#9 0x556697434141 <unknown>
#10 0x55669790d2ab <unknown>
#11 0x5566979110b9 <unknown>
#12 0x5566978f4139 <unknown>
#13 0x556697911c68 <unknown>
#14 0x5566978d860f <unknown>
#15 0x5566979361f8 <unknown>
#16 0x5566979363d6 <unknown>
#17 0x5566979475e6 <unknown>
#18 0x7f32e969caa4 <unknown>
#19 0x7f32e9729c3c <unknown>

2025-08-08 04:03:17,176 - INFO - 🎯 [62/95] Applying to: Lead Data Engineering - LINK: https://www.dice.com/job-detail/bae1492d-0d21-46ad-ab8f-2546541c66fd
2025-08-08 04:03:33,149 - INFO -    ✅ Successfully applied!
2025-08-08 04:03:42,403 - INFO - 🎯 [63/95] Applying to: Palo Alto Technical Architect - LINK: https://www.dice.com/job-detail/fea872fe-a182-422b-9caf-eb23e1b06d43
2025-08-08 04:04:01,707 - ERROR -    ❌ Cannot click apply button: Message: 
Stacktrace:
#0 0x5566979482ca <unknown>
#1 0x5566973ef550 <unknown>
#2 0x5566974410f0 <unknown>
#3 0x5566974412e1 <unknown>
#4 0x55669748f5e4 <unknown>
#5 0x556697466bed <unknown>
#6 0x55669748c9e6 <unknown>
#7 0x556697466993 <unknown>
#8 0x556697432d6b <unknown>
#9 0x556697434141 <unknown>
#10 0x55669790d2ab <unknown>
#11 0x5566979110b9 <unknown>
#12 0x5566978f4139 <unknown>
#13 0x556697911c68 <unknown>
#14 0x5566978d860f <unknown>
#15 0x5566979361f8 <unknown>
#16 0x5566979363d6 <unknown>
#17 0x5566979475e6 <unknown>
#18 0x7f32e969caa4 <unknown>
#19 0x7f32e9729c3c <unknown>

2025-08-08 04:04:13,440 - INFO - 🎯 [64/95] Applying to: Solution Architect Cloud, CI/CD & AI/ML - LINK: https://www.dice.com/job-detail/7faf2de7-a4e7-42ae-abca-e7eb1c572573
2025-08-08 04:04:27,575 - INFO -    ✅ Successfully applied!
2025-08-08 04:04:38,639 - INFO - 🎯 [65/95] Applying to: AI/ML Engineer - LINK: https://www.dice.com/job-detail/40247549-551e-4728-be87-c234b9976453
2025-08-08 04:04:55,057 - INFO -    ✅ Successfully applied!
2025-08-08 04:05:07,296 - INFO - 🎯 [66/95] Applying to: Sr. Network Security Engineer - Lead Firewall Migrations & Implementations - LINK: https://www.dice.com/job-detail/328b7323-401d-4e31-98c0-e204a41f4783
2025-08-08 04:05:25,406 - INFO -    ✅ Successfully applied!
2025-08-08 04:05:35,824 - INFO - 🎯 [67/95] Applying to: Manufacturing Functional Architect - LINK: https://www.dice.com/job-detail/5d6e6b3d-d715-4041-ae0e-2095eb83f6b6
2025-08-08 04:05:54,499 - ERROR -    ❌ Cannot click apply button: Message: 
Stacktrace:
#0 0x5566979482ca <unknown>
#1 0x5566973ef550 <unknown>
#2 0x5566974410f0 <unknown>
#3 0x5566974412e1 <unknown>
#4 0x55669748f5e4 <unknown>
#5 0x556697466bed <unknown>
#6 0x55669748c9e6 <unknown>
#7 0x556697466993 <unknown>
#8 0x556697432d6b <unknown>
#9 0x556697434141 <unknown>
#10 0x55669790d2ab <unknown>
#11 0x5566979110b9 <unknown>
#12 0x5566978f4139 <unknown>
#13 0x556697911c68 <unknown>
#14 0x5566978d860f <unknown>
#15 0x5566979361f8 <unknown>
#16 0x5566979363d6 <unknown>
#17 0x5566979475e6 <unknown>
#18 0x7f32e969caa4 <unknown>
#19 0x7f32e9729c3c <unknown>

2025-08-08 04:06:05,683 - INFO - 🎯 [68/95] Applying to: GEN AI Developer/Python Developer - LINK: https://www.dice.com/job-detail/9806937c-d0c6-458e-8736-a68291f5c34b
2025-08-08 04:06:24,534 - ERROR -    ❌ Cannot click apply button: Message: 
Stacktrace:
#0 0x5566979482ca <unknown>
#1 0x5566973ef550 <unknown>
#2 0x5566974410f0 <unknown>
#3 0x5566974412e1 <unknown>
#4 0x55669748f5e4 <unknown>
#5 0x556697466bed <unknown>
#6 0x55669748c9e6 <unknown>
#7 0x556697466993 <unknown>
#8 0x556697432d6b <unknown>
#9 0x556697434141 <unknown>
#10 0x55669790d2ab <unknown>
#11 0x5566979110b9 <unknown>
#12 0x5566978f4139 <unknown>
#13 0x556697911c68 <unknown>
#14 0x5566978d860f <unknown>
#15 0x5566979361f8 <unknown>
#16 0x5566979363d6 <unknown>
#17 0x5566979475e6 <unknown>
#18 0x7f32e969caa4 <unknown>
#19 0x7f32e9729c3c <unknown>

2025-08-08 04:06:32,799 - INFO - 🎯 [69/95] Applying to: Business Analyst/Product Analyst - LINK: https://www.dice.com/job-detail/d18243b9-9d2e-4c31-8289-7e0a321578df
2025-08-08 04:06:51,501 - ERROR -    ❌ Cannot click apply button: Message: 
Stacktrace:
#0 0x5566979482ca <unknown>
#1 0x5566973ef550 <unknown>
#2 0x5566974410f0 <unknown>
#3 0x5566974412e1 <unknown>
#4 0x55669748f5e4 <unknown>
#5 0x556697466bed <unknown>
#6 0x55669748c9e6 <unknown>
#7 0x556697466993 <unknown>
#8 0x556697432d6b <unknown>
#9 0x556697434141 <unknown>
#10 0x55669790d2ab <unknown>
#11 0x5566979110b9 <unknown>
#12 0x5566978f4139 <unknown>
#13 0x556697911c68 <unknown>
#14 0x5566978d860f <unknown>
#15 0x5566979361f8 <unknown>
#16 0x5566979363d6 <unknown>
#17 0x5566979475e6 <unknown>
#18 0x7f32e969caa4 <unknown>
#19 0x7f32e9729c3c <unknown>

2025-08-08 04:07:02,943 - INFO - 🎯 [70/95] Applying to: System Controls Engineer - LINK: https://www.dice.com/job-detail/fbfe307a-9829-4e00-941b-1bc1eae5d7a2
2025-08-08 04:07:18,173 - INFO -    ✅ Successfully applied!
2025-08-08 04:07:29,960 - INFO - 🎯 [71/95] Applying to: Bussiness Analyst - LINK: https://www.dice.com/job-detail/63beae1a-c110-4cbe-9f29-8c049d371d1a
2025-08-08 04:07:46,045 - INFO -    ✅ Successfully applied!
2025-08-08 04:07:57,276 - INFO - 🎯 [72/95] Applying to: Generative AI Product Owner - LINK: https://www.dice.com/job-detail/0e1257d9-4896-400e-bc8e-627562419652
2025-08-08 04:08:16,507 - ERROR -    ❌ Cannot click apply button: Message: 
Stacktrace:
#0 0x5566979482ca <unknown>
#1 0x5566973ef550 <unknown>
#2 0x5566974410f0 <unknown>
#3 0x5566974412e1 <unknown>
#4 0x55669748f5e4 <unknown>
#5 0x556697466bed <unknown>
#6 0x55669748c9e6 <unknown>
#7 0x556697466993 <unknown>
#8 0x556697432d6b <unknown>
#9 0x556697434141 <unknown>
#10 0x55669790d2ab <unknown>
#11 0x5566979110b9 <unknown>
#12 0x5566978f4139 <unknown>
#13 0x556697911c68 <unknown>
#14 0x5566978d860f <unknown>
#15 0x5566979361f8 <unknown>
#16 0x5566979363d6 <unknown>
#17 0x5566979475e6 <unknown>
#18 0x7f32e969caa4 <unknown>
#19 0x7f32e9729c3c <unknown>

2025-08-08 04:08:29,117 - INFO - 🎯 [73/95] Applying to: Cloud Support Engineer - TS SCI Required - LINK: https://www.dice.com/job-detail/02c1eb4c-f4eb-44d6-962e-9625c82f8852
2025-08-08 04:08:46,462 - INFO -    ✅ Successfully applied!
2025-08-08 04:08:57,064 - INFO - 🎯 [74/95] Applying to: Cloud Solution Engineer - LINK: https://www.dice.com/job-detail/746978cb-33e7-4b0a-87a3-2e4d538fcd16
2025-08-08 04:09:12,089 - INFO -    ✅ Successfully applied!
2025-08-08 04:09:21,355 - INFO - 🎯 [75/95] Applying to: Data Scientist - LINK: https://www.dice.com/job-detail/cafa2cca-404b-4827-8b9b-ec9b09471baf
2025-08-08 04:09:34,475 - INFO -    ✅ Successfully applied!
2025-08-08 04:09:43,053 - INFO - 🎯 [76/95] Applying to: NVIDIA Architects--------Remote - LINK: https://www.dice.com/job-detail/429c0ec7-a51a-408f-89b3-ab383e14e02b
2025-08-08 04:10:02,063 - ERROR -    ❌ Cannot click apply button: Message: 
Stacktrace:
#0 0x5566979482ca <unknown>
#1 0x5566973ef550 <unknown>
#2 0x5566974410f0 <unknown>
#3 0x5566974412e1 <unknown>
#4 0x55669748f5e4 <unknown>
#5 0x556697466bed <unknown>
#6 0x55669748c9e6 <unknown>
#7 0x556697466993 <unknown>
#8 0x556697432d6b <unknown>
#9 0x556697434141 <unknown>
#10 0x55669790d2ab <unknown>
#11 0x5566979110b9 <unknown>
#12 0x5566978f4139 <unknown>
#13 0x556697911c68 <unknown>
#14 0x5566978d860f <unknown>
#15 0x5566979361f8 <unknown>
#16 0x5566979363d6 <unknown>
#17 0x5566979475e6 <unknown>
#18 0x7f32e969caa4 <unknown>
#19 0x7f32e9729c3c <unknown>

2025-08-08 04:10:10,692 - INFO - 🎯 [77/95] Applying to: Data Scientist - LINK: https://www.dice.com/job-detail/00a49ab0-d40f-4cc4-8751-abdd838e5fcb
2025-08-08 04:10:27,493 - INFO -    ✅ Successfully applied!
2025-08-08 04:10:39,077 - INFO - 🎯 [78/95] Applying to: Solutions Architect with strong Apache Airflow experience at Iselin, NJ - LINK: https://www.dice.com/job-detail/9f5fe5c5-30d2-49a3-a3fd-98275bf17fc8
2025-08-08 04:10:58,801 - ERROR -    ❌ Cannot click apply button: Message: 
Stacktrace:
#0 0x5566979482ca <unknown>
#1 0x5566973ef550 <unknown>
#2 0x5566974410f0 <unknown>
#3 0x5566974412e1 <unknown>
#4 0x55669748f5e4 <unknown>
#5 0x556697466bed <unknown>
#6 0x55669748c9e6 <unknown>
#7 0x556697466993 <unknown>
#8 0x556697432d6b <unknown>
#9 0x556697434141 <unknown>
#10 0x55669790d2ab <unknown>
#11 0x5566979110b9 <unknown>
#12 0x5566978f4139 <unknown>
#13 0x556697911c68 <unknown>
#14 0x5566978d860f <unknown>
#15 0x5566979361f8 <unknown>
#16 0x5566979363d6 <unknown>
#17 0x5566979475e6 <unknown>
#18 0x7f32e969caa4 <unknown>
#19 0x7f32e9729c3c <unknown>

2025-08-08 04:11:07,223 - INFO - 🎯 [79/95] Applying to: Software Engineer - LINK: https://www.dice.com/job-detail/16f77817-f180-40fa-bf08-f69ef5bdcfe7
2025-08-08 04:11:23,263 - INFO -    ✅ Successfully applied!
2025-08-08 04:11:33,246 - INFO - 🎯 [80/95] Applying to: Lead AWS Cloud Systems Engineer (Amazon Machine Image (AMI) + Cloudera + Linux Platform) - LINK: https://www.dice.com/job-detail/2c85c585-b55b-467c-b509-07e4c0a19fff
2025-08-08 04:11:53,094 - ERROR -    ❌ Cannot click apply button: Message: 
Stacktrace:
#0 0x5566979482ca <unknown>
#1 0x5566973ef550 <unknown>
#2 0x5566974410f0 <unknown>
#3 0x5566974412e1 <unknown>
#4 0x55669748f5e4 <unknown>
#5 0x556697466bed <unknown>
#6 0x55669748c9e6 <unknown>
#7 0x556697466993 <unknown>
#8 0x556697432d6b <unknown>
#9 0x556697434141 <unknown>
#10 0x55669790d2ab <unknown>
#11 0x5566979110b9 <unknown>
#12 0x5566978f4139 <unknown>
#13 0x556697911c68 <unknown>
#14 0x5566978d860f <unknown>
#15 0x5566979361f8 <unknown>
#16 0x5566979363d6 <unknown>
#17 0x5566979475e6 <unknown>
#18 0x7f32e969caa4 <unknown>
#19 0x7f32e9729c3c <unknown>

2025-08-08 04:12:02,540 - INFO - 🎯 [81/95] Applying to: Field Engineer Nokia Wavence Microwave (on site only) - LINK: https://www.dice.com/job-detail/5f326821-5abb-493d-a20e-1a2f1fc6a053
2025-08-08 04:12:19,127 - INFO -    ✅ Successfully applied!
2025-08-08 04:12:30,635 - INFO - 🎯 [82/95] Applying to: iStore Developer - LINK: https://www.dice.com/job-detail/dfebff17-740f-479c-9e97-8853c760891c
2025-08-08 04:12:48,437 - ERROR -    ❌ Cannot click apply button: Message: 
Stacktrace:
#0 0x5566979482ca <unknown>
#1 0x5566973ef550 <unknown>
#2 0x5566974410f0 <unknown>
#3 0x5566974412e1 <unknown>
#4 0x55669748f5e4 <unknown>
#5 0x556697466bed <unknown>
#6 0x55669748c9e6 <unknown>
#7 0x556697466993 <unknown>
#8 0x556697432d6b <unknown>
#9 0x556697434141 <unknown>
#10 0x55669790d2ab <unknown>
#11 0x5566979110b9 <unknown>
#12 0x5566978f4139 <unknown>
#13 0x556697911c68 <unknown>
#14 0x5566978d860f <unknown>
#15 0x5566979361f8 <unknown>
#16 0x5566979363d6 <unknown>
#17 0x5566979475e6 <unknown>
#18 0x7f32e969caa4 <unknown>
#19 0x7f32e9729c3c <unknown>

2025-08-08 04:12:57,706 - INFO - 🎯 [83/95] Applying to: Business/Market Data Analyst with equities and derivatives - LINK: https://www.dice.com/job-detail/e5784561-4807-43b5-92c3-3252ae4e914f
2025-08-08 04:13:17,196 - ERROR -    ❌ Cannot click apply button: Message: 
Stacktrace:
#0 0x5566979482ca <unknown>
#1 0x5566973ef550 <unknown>
#2 0x5566974410f0 <unknown>
#3 0x5566974412e1 <unknown>
#4 0x55669748f5e4 <unknown>
#5 0x556697466bed <unknown>
#6 0x55669748c9e6 <unknown>
#7 0x556697466993 <unknown>
#8 0x556697432d6b <unknown>
#9 0x556697434141 <unknown>
#10 0x55669790d2ab <unknown>
#11 0x5566979110b9 <unknown>
#12 0x5566978f4139 <unknown>
#13 0x556697911c68 <unknown>
#14 0x5566978d860f <unknown>
#15 0x5566979361f8 <unknown>
#16 0x5566979363d6 <unknown>
#17 0x5566979475e6 <unknown>
#18 0x7f32e969caa4 <unknown>
#19 0x7f32e9729c3c <unknown>

2025-08-08 04:13:24,445 - INFO - 🎯 [84/95] Applying to: Python Developer - LINK: https://www.dice.com/job-detail/8d071738-1b38-48bf-a3da-d41a4e2cf79d
2025-08-08 04:13:42,855 - ERROR -    ❌ Cannot click apply button: Message: 
Stacktrace:
#0 0x5566979482ca <unknown>
#1 0x5566973ef550 <unknown>
#2 0x5566974410f0 <unknown>
#3 0x5566974412e1 <unknown>
#4 0x55669748f5e4 <unknown>
#5 0x556697466bed <unknown>
#6 0x55669748c9e6 <unknown>
#7 0x556697466993 <unknown>
#8 0x556697432d6b <unknown>
#9 0x556697434141 <unknown>
#10 0x55669790d2ab <unknown>
#11 0x5566979110b9 <unknown>
#12 0x5566978f4139 <unknown>
#13 0x556697911c68 <unknown>
#14 0x5566978d860f <unknown>
#15 0x5566979361f8 <unknown>
#16 0x5566979363d6 <unknown>
#17 0x5566979475e6 <unknown>
#18 0x7f32e969caa4 <unknown>
#19 0x7f32e9729c3c <unknown>

2025-08-08 04:13:56,096 - INFO - 🎯 [85/95] Applying to: Cloud ML Engineer Vertex AI & DevOps Automation - LINK: https://www.dice.com/job-detail/cf90431b-ed2e-4e5c-a3be-4e9a5479c632
2025-08-08 04:14:15,695 - ERROR -    ❌ Cannot click apply button: Message: 
Stacktrace:
#0 0x5566979482ca <unknown>
#1 0x5566973ef550 <unknown>
#2 0x5566974410f0 <unknown>
#3 0x5566974412e1 <unknown>
#4 0x55669748f5e4 <unknown>
#5 0x556697466bed <unknown>
#6 0x55669748c9e6 <unknown>
#7 0x556697466993 <unknown>
#8 0x556697432d6b <unknown>
#9 0x556697434141 <unknown>
#10 0x55669790d2ab <unknown>
#11 0x5566979110b9 <unknown>
#12 0x5566978f4139 <unknown>
#13 0x556697911c68 <unknown>
#14 0x5566978d860f <unknown>
#15 0x5566979361f8 <unknown>
#16 0x5566979363d6 <unknown>
#17 0x5566979475e6 <unknown>
#18 0x7f32e969caa4 <unknown>
#19 0x7f32e9729c3c <unknown>

2025-08-08 04:14:26,421 - INFO - 🎯 [86/95] Applying to: Generative AI Engineer ---- Iselin, NJ or Charlotte, NC - LINK: https://www.dice.com/job-detail/bf7ebf9d-c8d5-42a1-99ec-52c3e0c3901d
2025-08-08 04:14:43,181 - INFO -    ✅ Successfully applied!
2025-08-08 04:14:51,526 - INFO - 🎯 [87/95] Applying to: AI/ ML Engineer - LINK: https://www.dice.com/job-detail/7783a7af-1be1-44ed-9500-a2201983c523
2025-08-08 04:15:09,229 - ERROR -    ❌ Cannot click apply button: Message: 
Stacktrace:
#0 0x5566979482ca <unknown>
#1 0x5566973ef550 <unknown>
#2 0x5566974410f0 <unknown>
#3 0x5566974412e1 <unknown>
#4 0x55669748f5e4 <unknown>
#5 0x556697466bed <unknown>
#6 0x55669748c9e6 <unknown>
#7 0x556697466993 <unknown>
#8 0x556697432d6b <unknown>
#9 0x556697434141 <unknown>
#10 0x55669790d2ab <unknown>
#11 0x5566979110b9 <unknown>
#12 0x5566978f4139 <unknown>
#13 0x556697911c68 <unknown>
#14 0x5566978d860f <unknown>
#15 0x5566979361f8 <unknown>
#16 0x5566979363d6 <unknown>
#17 0x5566979475e6 <unknown>
#18 0x7f32e969caa4 <unknown>
#19 0x7f32e9729c3c <unknown>

2025-08-08 04:15:17,621 - INFO - 🎯 [88/95] Applying to: Senior Software Engineer React, NodeJS, Java - LINK: https://www.dice.com/job-detail/80ea5aa4-ba84-46dd-b5ae-8de960c52f7f
2025-08-08 04:15:35,945 - ERROR -    ❌ Cannot click apply button: Message: 
Stacktrace:
#0 0x5566979482ca <unknown>
#1 0x5566973ef550 <unknown>
#2 0x5566974410f0 <unknown>
#3 0x5566974412e1 <unknown>
#4 0x55669748f5e4 <unknown>
#5 0x556697466bed <unknown>
#6 0x55669748c9e6 <unknown>
#7 0x556697466993 <unknown>
#8 0x556697432d6b <unknown>
#9 0x556697434141 <unknown>
#10 0x55669790d2ab <unknown>
#11 0x5566979110b9 <unknown>
#12 0x5566978f4139 <unknown>
#13 0x556697911c68 <unknown>
#14 0x5566978d860f <unknown>
#15 0x5566979361f8 <unknown>
#16 0x5566979363d6 <unknown>
#17 0x5566979475e6 <unknown>
#18 0x7f32e969caa4 <unknown>
#19 0x7f32e9729c3c <unknown>

2025-08-08 04:15:46,006 - INFO - 🎯 [89/95] Applying to: Azure Data Engineer with Snowflake exp- Remote - LINK: https://www.dice.com/job-detail/f3820c27-14a5-4a54-9810-2eea5e7528c3
2025-08-08 04:16:00,643 - INFO -    ✅ Successfully applied!
2025-08-08 04:16:11,509 - INFO - 🎯 [90/95] Applying to: Protein AI Scientist - LINK: https://www.dice.com/job-detail/77704ae7-d735-4495-bdb7-ab06b84c224f
2025-08-08 04:16:30,295 - ERROR -    ❌ Cannot click apply button: Message: 
Stacktrace:
#0 0x5566979482ca <unknown>
#1 0x5566973ef550 <unknown>
#2 0x5566974410f0 <unknown>
#3 0x5566974412e1 <unknown>
#4 0x55669748f5e4 <unknown>
#5 0x556697466bed <unknown>
#6 0x55669748c9e6 <unknown>
#7 0x556697466993 <unknown>
#8 0x556697432d6b <unknown>
#9 0x556697434141 <unknown>
#10 0x55669790d2ab <unknown>
#11 0x5566979110b9 <unknown>
#12 0x5566978f4139 <unknown>
#13 0x556697911c68 <unknown>
#14 0x5566978d860f <unknown>
#15 0x5566979361f8 <unknown>
#16 0x5566979363d6 <unknown>
#17 0x5566979475e6 <unknown>
#18 0x7f32e969caa4 <unknown>
#19 0x7f32e9729c3c <unknown>

2025-08-08 04:16:37,946 - INFO - 🎯 [91/95] Applying to: Senior SAP TM Consultant Global Logistics Transformation Expert-Columbus ohio - LINK: https://www.dice.com/job-detail/1e3c3c75-66bf-4746-923a-4f0e1cc33eea
2025-08-08 04:16:55,668 - INFO -    ✅ Successfully applied!
2025-08-08 04:17:04,840 - INFO - 🎯 [92/95] Applying to: Media Ads Sales Strategy Business Analyst - LINK: https://www.dice.com/job-detail/a51a8f52-3cfa-48c8-a606-78b82a6ee2c9
2025-08-08 04:17:22,956 - INFO -    ✅ Successfully applied!
2025-08-08 04:17:34,183 - INFO - 🎯 [93/95] Applying to: Data Analyst ( Banking Domain) - LINK: https://www.dice.com/job-detail/7fd692bd-f9e8-46eb-873d-ae03ee57ac5b
2025-08-08 04:17:52,533 - ERROR -    ❌ Cannot click apply button: Message: 
Stacktrace:
#0 0x5566979482ca <unknown>
#1 0x5566973ef550 <unknown>
#2 0x5566974410f0 <unknown>
#3 0x5566974412e1 <unknown>
#4 0x55669748f5e4 <unknown>
#5 0x556697466bed <unknown>
#6 0x55669748c9e6 <unknown>
#7 0x556697466993 <unknown>
#8 0x556697432d6b <unknown>
#9 0x556697434141 <unknown>
#10 0x55669790d2ab <unknown>
#11 0x5566979110b9 <unknown>
#12 0x5566978f4139 <unknown>
#13 0x556697911c68 <unknown>
#14 0x5566978d860f <unknown>
#15 0x5566979361f8 <unknown>
#16 0x5566979363d6 <unknown>
#17 0x5566979475e6 <unknown>
#18 0x7f32e969caa4 <unknown>
#19 0x7f32e9729c3c <unknown>

2025-08-08 04:18:03,112 - INFO - 🎯 [94/95] Applying to: AWS Engineer ML/AI - REMOTE - LINK: https://www.dice.com/job-detail/a4d8c2ce-25e2-4729-9dc7-a9f42558150d
2025-08-08 04:18:19,307 - INFO -    ✅ Successfully applied!
2025-08-08 04:18:28,813 - INFO - 🎯 [95/95] Applying to: Mobility Software Engineer III - LINK: https://www.dice.com/job-detail/b67a4b12-aa83-4224-ae45-aba60f50614e
2025-08-08 04:18:44,795 - INFO -    ✅ Successfully applied!
2025-08-08 04:18:46,783 - INFO - 📊 Processing results...
2025-08-08 04:18:46,882 - INFO - 🎉 Application run completed!
2025-08-08 04:18:46,882 - INFO -    ✅ Newly applied: 52
2025-08-08 04:18:46,883 - INFO -    ⏭️  Already applied: 0
2025-08-08 04:18:46,883 - INFO -    ❌ Failed: 43
2025-08-08 04:18:46,883 - INFO -    📊 Total processed: 95
2025-08-08 04:18:46,883 - INFO -    📁 Total jobs in CSV: 4832
2025-08-08 04:18:46,883 - INFO -    💾 Updated: output/final_ml_jobs.csv
2025-08-08 04:18:46,883 - INFO - 🔧 Closing browser...
