2025-09-17 11:49:10,847 - INFO - 🚀 Starting ROBUST stealth job application bot
2025-09-17 11:49:10,847 - INFO - ⚙️  Debug mode: OFF
2025-09-17 11:49:10,848 - INFO - ⚙️  Process failed jobs: False
2025-09-17 11:49:17,605 - INFO - 📂 Loading jobs from output/final_ml_jobs.csv
2025-09-17 11:49:17,633 - INFO -    📊 Total jobs in file: 3396
2025-09-17 11:49:17,637 - INFO -    🎯 Easy Apply jobs: 3396
2025-09-17 11:49:17,638 - INFO -    ⏳ Jobs to process: 47 (status: pending)
2025-09-17 11:49:17,638 - INFO - 🎲 Will attempt 47 applications this run (target: 100)
2025-09-17 11:49:17,638 - INFO - 🔑 Logging into Dice...
2025-09-17 11:49:19,525 - INFO - ✅ Login successful
2025-09-17 11:49:22,121 - INFO - 🔄 Starting job applications...
2025-09-17 11:49:22,122 - INFO - 🎯 [1/47] Applying to: IT Business Analyst - LINK: https://www.dice.com/job-detail/6103039e-5b11-4c37-85b0-eff5f23c58a9
2025-09-17 11:49:36,007 - INFO -    🔄 Looking for apply button...
2025-09-17 11:49:39,236 - INFO -    ✅ Apply button clicked (regular click)
2025-09-17 11:49:41,705 - INFO -    🔍 Checking if we're on application page...
2025-09-17 11:49:41,708 - INFO -    Current URL: https://www.dice.com/apply?eyJjb3JyZWxhdGlvbl9pZCI6IjU3NDUwNWZjLTM0NmMtNDA0NS1hM2ExLTgwNGVjYTgxZTkyMSIsImRqdlZlcnNpb24iOiJuZXciLCJqb2JJZCI6IjYxMDMwMzllLTViMTEtNGMzNy04NWIwLWVmZjVmMjNjNThhOSIsImpvYlVybCI6Imh0dHBzOi8vd3d3LmRpY2UuY29tL2pvYi1kZXRhaWwvNjEwMzAzOWUtNWIxMS00YzM3LTg1YjAtZWZmNWYyM2M1OGE5Iiwiam9iVGl0bGUiOiJJVCBCdXNpbmVzcyBBbmFseXN0Iiwic2VhcmNoTGluayI6IiJ9
2025-09-17 11:49:41,711 - INFO -    Page title: Apply
2025-09-17 11:49:47,093 - INFO -    ✅ Successfully on application page
2025-09-17 11:49:47,105 - INFO -    🔄 Looking for NEXT button...
2025-09-17 11:49:48,785 - INFO -    ✅ NEXT button clicked
2025-09-17 11:49:50,363 - INFO -    🔄 Looking for SUBMIT button...
2025-09-17 11:49:52,022 - INFO -    ✅ SUBMIT button clicked
2025-09-17 11:49:52,023 - INFO -    ✅ Successfully applied!
2025-09-17 11:50:02,397 - INFO - 🎯 [2/47] Applying to: Senior Software Engineer - LINK: https://www.dice.com/job-detail/50af3b85-4334-4d23-81d8-cc492a938995
2025-09-17 11:50:14,223 - INFO -    🔄 Looking for apply button...
2025-09-17 11:50:17,412 - INFO -    ✅ Apply button clicked (regular click)
2025-09-17 11:50:20,235 - INFO -    🔍 Checking if we're on application page...
2025-09-17 11:50:20,239 - INFO -    Current URL: https://www.dice.com/apply?eyJjb3JyZWxhdGlvbl9pZCI6ImFkZjFjYTMzLWMxNmItNDhjMC05MzUxLTEwOWUwMDA5NGYyNCIsImRqdlZlcnNpb24iOiJuZXciLCJqb2JJZCI6IjUwYWYzYjg1LTQzMzQtNGQyMy04MWQ4LWNjNDkyYTkzODk5NSIsImpvYlVybCI6Imh0dHBzOi8vd3d3LmRpY2UuY29tL2pvYi1kZXRhaWwvNTBhZjNiODUtNDMzNC00ZDIzLTgxZDgtY2M0OTJhOTM4OTk1Iiwiam9iVGl0bGUiOiJTZW5pb3IgU29mdHdhcmUgRW5naW5lZXIiLCJzZWFyY2hMaW5rIjoiIn0=
2025-09-17 11:50:20,242 - INFO -    Page title: Apply
2025-09-17 11:50:25,138 - INFO -    ✅ Successfully on application page
2025-09-17 11:50:25,150 - INFO -    🔄 Looking for NEXT button...
2025-09-17 11:50:27,200 - INFO -    ✅ NEXT button clicked
2025-09-17 11:50:30,312 - INFO -    🔄 Looking for SUBMIT button...
2025-09-17 11:50:31,932 - INFO -    ✅ SUBMIT button clicked
2025-09-17 11:50:31,932 - INFO -    ✅ Successfully applied!
2025-09-17 11:50:43,202 - INFO - 🎯 [3/47] Applying to: Lead Software Engineer Java/Spring Boot - LINK: https://www.dice.com/job-detail/5c975c40-23f7-4dfb-ace1-2cf53ed4e49e
2025-09-17 11:50:55,104 - WARNING -    ⚠️  Could not check application status: Message: no such element: Unable to locate element: {"method":"tag name","selector":"apply-button-wc"}
  (Session info: chrome=140.0.7339.127); For documentation on this error, please visit: https://www.selenium.dev/documentation/webdriver/troubleshooting/errors#nosuchelementexception
Stacktrace:
#0 0x560d87e6594a <unknown>
#1 0x560d878da8a0 <unknown>
#2 0x560d8792c540 <unknown>
#3 0x560d8792c731 <unknown>
#4 0x560d8797a824 <unknown>
#5 0x560d8795205d <unknown>
#6 0x560d87977c23 <unknown>
#7 0x560d87951e03 <unknown>
#8 0x560d8791e968 <unknown>
#9 0x560d8791f5e1 <unknown>
#10 0x560d87e29548 <unknown>
#11 0x560d87e2d272 <unknown>
#12 0x560d87e10313 <unknown>
#13 0x560d87e2ddc5 <unknown>
#14 0x560d87df549f <unknown>
#15 0x560d87e52158 <unknown>
#16 0x560d87e52332 <unknown>
#17 0x560d87e64a53 <unknown>
#18 0x7f5f1509caa4 <unknown>
#19 0x7f5f15129c3c <unknown>

2025-09-17 11:50:58,119 - INFO -    🔄 Looking for apply button...
2025-09-17 11:51:08,189 - ERROR -    ❌ Cannot find apply button: Message: 
Stacktrace:
#0 0x560d87e6594a <unknown>
#1 0x560d878da8a0 <unknown>
#2 0x560d8792c540 <unknown>
#3 0x560d8792c731 <unknown>
#4 0x560d8797a824 <unknown>
#5 0x560d8795205d <unknown>
#6 0x560d87977c23 <unknown>
#7 0x560d87951e03 <unknown>
#8 0x560d8791e968 <unknown>
#9 0x560d8791f5e1 <unknown>
#10 0x560d87e29548 <unknown>
#11 0x560d87e2d272 <unknown>
#12 0x560d87e10313 <unknown>
#13 0x560d87e2ddc5 <unknown>
#14 0x560d87df549f <unknown>
#15 0x560d87e52158 <unknown>
#16 0x560d87e52332 <unknown>
#17 0x560d87e64a53 <unknown>
#18 0x7f5f1509caa4 <unknown>
#19 0x7f5f15129c3c <unknown>

2025-09-17 11:51:18,633 - INFO - 🎯 [4/47] Applying to: Senior Data Engineer - Mississauga ON Canada - LINK: https://www.dice.com/job-detail/4c4135a3-263a-4e70-a39f-801f8d13a059
2025-09-17 11:51:30,700 - INFO -    🔄 Looking for apply button...
2025-09-17 11:51:33,480 - INFO -    ✅ Apply button clicked (regular click)
2025-09-17 11:51:37,018 - INFO -    🔍 Checking if we're on application page...
2025-09-17 11:51:37,021 - INFO -    Current URL: https://www.dice.com/apply?eyJjb3JyZWxhdGlvbl9pZCI6IjVlNzcwMDdiLTg4OWMtNGJlOS1hMzQwLTc5NDE0ODUyYmQxYSIsImRqdlZlcnNpb24iOiJuZXciLCJqb2JJZCI6IjRjNDEzNWEzLTI2M2EtNGU3MC1hMzlmLTgwMWY4ZDEzYTA1OSIsImpvYlVybCI6Imh0dHBzOi8vd3d3LmRpY2UuY29tL2pvYi1kZXRhaWwvNGM0MTM1YTMtMjYzYS00ZTcwLWEzOWYtODAxZjhkMTNhMDU5Iiwiam9iVGl0bGUiOiJTZW5pb3IgRGF0YSBFbmdpbmVlciAtIE1pc3Npc3NhdWdhIE9OIENhbmFkYSIsInNlYXJjaExpbmsiOiIifQ=%3D
2025-09-17 11:51:37,025 - INFO -    Page title: Apply
2025-09-17 11:51:41,537 - INFO -    ✅ Successfully on application page
2025-09-17 11:51:41,548 - INFO -    🔄 Looking for NEXT button...
2025-09-17 11:51:43,277 - INFO -    ✅ NEXT button clicked
2025-09-17 11:51:47,552 - INFO -    🔄 Looking for SUBMIT button...
2025-09-17 11:51:48,474 - INFO -    ✅ SUBMIT button clicked
2025-09-17 11:51:48,474 - INFO -    ✅ Successfully applied!
2025-09-17 11:51:58,846 - INFO - 🎯 [5/47] Applying to: Software Engineer - LINK: https://www.dice.com/job-detail/3fb7da37-0343-44cf-b723-08be168c6c1c
2025-09-17 11:52:10,284 - INFO -    🔄 Looking for apply button...
2025-09-17 11:52:12,433 - INFO -    ✅ Apply button clicked (regular click)
2025-09-17 11:52:15,373 - INFO -    🔍 Checking if we're on application page...
2025-09-17 11:52:15,377 - INFO -    Current URL: https://www.dice.com/apply?eyJjb3JyZWxhdGlvbl9pZCI6IjdmMDgyMjM2LTg3YWMtNDQxOS04OTM1LTQzMjFkNGU1MmJhOSIsImRqdlZlcnNpb24iOiJuZXciLCJqb2JJZCI6IjNmYjdkYTM3LTAzNDMtNDRjZi1iNzIzLTA4YmUxNjhjNmMxYyIsImpvYlVybCI6Imh0dHBzOi8vd3d3LmRpY2UuY29tL2pvYi1kZXRhaWwvM2ZiN2RhMzctMDM0My00NGNmLWI3MjMtMDhiZTE2OGM2YzFjIiwiam9iVGl0bGUiOiJTb2Z0d2FyZSBFbmdpbmVlciIsInNlYXJjaExpbmsiOiIifQ=%3D
2025-09-17 11:52:15,381 - INFO -    Page title: Apply
2025-09-17 11:52:20,468 - INFO -    ✅ Successfully on application page
2025-09-17 11:52:20,479 - INFO -    🔄 Looking for NEXT button...
2025-09-17 11:52:21,371 - INFO -    ✅ NEXT button clicked
2025-09-17 11:52:23,943 - INFO -    🔄 Looking for SUBMIT button...
2025-09-17 11:52:26,157 - INFO -    ✅ SUBMIT button clicked
2025-09-17 11:52:26,157 - INFO -    ✅ Successfully applied!
2025-09-17 11:52:35,432 - INFO - 🎯 [6/47] Applying to: Data Analyst - Real Estate Performance 100% Onsite - LINK: https://www.dice.com/job-detail/a8765593-bc86-4879-9f10-58273ec860b7
2025-09-17 11:52:48,115 - INFO -    🔄 Looking for apply button...
2025-09-17 11:52:51,166 - INFO -    ✅ Apply button clicked (regular click)
2025-09-17 11:52:54,034 - INFO -    🔍 Checking if we're on application page...
2025-09-17 11:52:54,037 - INFO -    Current URL: https://www.dice.com/apply?eyJjb3JyZWxhdGlvbl9pZCI6ImU3NDg3NjIyLTkxNmQtNGY0OS05MDUwLTE5Mzk3MjRhYThiOCIsImRqdlZlcnNpb24iOiJuZXciLCJqb2JJZCI6ImE4NzY1NTkzLWJjODYtNDg3OS05ZjEwLTU4MjczZWM4NjBiNyIsImpvYlVybCI6Imh0dHBzOi8vd3d3LmRpY2UuY29tL2pvYi1kZXRhaWwvYTg3NjU1OTMtYmM4Ni00ODc5LTlmMTAtNTgyNzNlYzg2MGI3Iiwiam9iVGl0bGUiOiJEYXRhIEFuYWx5c3QgLSBSZWFsIEVzdGF0ZSBQZXJmb3JtYW5jZSAxMDAlIE9uc2l0ZSIsInNlYXJjaExpbmsiOiIifQ=%3D
2025-09-17 11:52:54,040 - INFO -    Page title: Apply
2025-09-17 11:52:58,896 - INFO -    ✅ Successfully on application page
2025-09-17 11:52:58,908 - INFO -    🔄 Looking for NEXT button...
2025-09-17 11:53:00,742 - INFO -    ✅ NEXT button clicked
2025-09-17 11:53:03,457 - INFO -    🔄 Looking for SUBMIT button...
2025-09-17 11:53:04,448 - INFO -    ✅ SUBMIT button clicked
2025-09-17 11:53:04,448 - INFO -    ✅ Successfully applied!
2025-09-17 11:53:15,438 - INFO - 🎯 [7/47] Applying to: IT Business Analyst - LINK: https://www.dice.com/job-detail/115baaf8-454f-4b94-81f5-59394de13dcf
2025-09-17 11:53:27,159 - INFO -    🔄 Looking for apply button...
2025-09-17 11:53:29,965 - INFO -    ✅ Apply button clicked (regular click)
2025-09-17 11:53:33,018 - INFO -    🔍 Checking if we're on application page...
2025-09-17 11:53:33,022 - INFO -    Current URL: https://www.dice.com/apply?eyJjb3JyZWxhdGlvbl9pZCI6ImFkZDJiZDkzLWVmZWItNDAyZS05ZTBiLWZlNjg0NmVkNTUzOCIsImRqdlZlcnNpb24iOiJuZXciLCJqb2JJZCI6IjExNWJhYWY4LTQ1NGYtNGI5NC04MWY1LTU5Mzk0ZGUxM2RjZiIsImpvYlVybCI6Imh0dHBzOi8vd3d3LmRpY2UuY29tL2pvYi1kZXRhaWwvMTE1YmFhZjgtNDU0Zi00Yjk0LTgxZjUtNTkzOTRkZTEzZGNmIiwiam9iVGl0bGUiOiJJVCBCdXNpbmVzcyBBbmFseXN0Iiwic2VhcmNoTGluayI6IiJ9
2025-09-17 11:53:33,025 - INFO -    Page title: Apply
2025-09-17 11:53:38,148 - INFO -    ✅ Successfully on application page
2025-09-17 11:53:38,159 - INFO -    🔄 Looking for NEXT button...
2025-09-17 11:53:40,573 - INFO -    ✅ NEXT button clicked
2025-09-17 11:53:43,164 - INFO -    🔄 Looking for SUBMIT button...
2025-09-17 11:53:44,854 - INFO -    ✅ SUBMIT button clicked
2025-09-17 11:53:44,854 - INFO -    ✅ Successfully applied!
2025-09-17 11:53:57,548 - INFO - 🎯 [8/47] Applying to: ML Ops Engineer - LINK: https://www.dice.com/job-detail/d84e4474-d2d2-452a-b665-bdbba234439b
2025-09-17 11:54:08,066 - INFO -    🔄 Looking for apply button...
2025-09-17 11:54:09,452 - INFO -    ✅ Apply button clicked (regular click)
2025-09-17 11:54:12,988 - INFO -    🔍 Checking if we're on application page...
2025-09-17 11:54:12,991 - INFO -    Current URL: https://www.dice.com/apply?eyJjb3JyZWxhdGlvbl9pZCI6ImQwOTNhOTM2LWQyMTYtNGFlYy05YTA3LWE4OTdjMDA5ZTUyMCIsImRqdlZlcnNpb24iOiJuZXciLCJqb2JJZCI6ImQ4NGU0NDc0LWQyZDItNDUyYS1iNjY1LWJkYmJhMjM0NDM5YiIsImpvYlVybCI6Imh0dHBzOi8vd3d3LmRpY2UuY29tL2pvYi1kZXRhaWwvZDg0ZTQ0NzQtZDJkMi00NTJhLWI2NjUtYmRiYmEyMzQ0MzliIiwiam9iVGl0bGUiOiJNTCBPcHMgRW5naW5lZXIiLCJzZWFyY2hMaW5rIjoiIn0=
2025-09-17 11:54:12,994 - INFO -    Page title: Apply
2025-09-17 11:54:17,720 - INFO -    ✅ Successfully on application page
2025-09-17 11:54:17,731 - INFO -    🔄 Looking for NEXT button...
2025-09-17 11:54:19,644 - INFO -    ✅ NEXT button clicked
2025-09-17 11:54:22,878 - INFO -    🔄 Looking for SUBMIT button...
2025-09-17 11:54:24,540 - INFO -    ✅ SUBMIT button clicked
2025-09-17 11:54:24,541 - INFO -    ✅ Successfully applied!
2025-09-17 11:54:36,646 - INFO - 🎯 [9/47] Applying to: ML Architect/ML Engineer/ Machine Learning Engineer - LINK: https://www.dice.com/job-detail/7ed92d4b-79f0-41dc-b4a0-d51a763ff80a
2025-09-17 11:54:48,308 - INFO -    🔄 Looking for apply button...
2025-09-17 11:54:50,293 - INFO -    ✅ Apply button clicked (regular click)
2025-09-17 11:54:53,771 - INFO -    🔍 Checking if we're on application page...
2025-09-17 11:54:53,774 - INFO -    Current URL: https://www.dice.com/apply?eyJjb3JyZWxhdGlvbl9pZCI6IjY4N2E1YTQzLTM5NzUtNDRhMi1hMTI0LWI1MmJiOTI5ZjI4NyIsImRqdlZlcnNpb24iOiJuZXciLCJqb2JJZCI6IjdlZDkyZDRiLTc5ZjAtNDFkYy1iNGEwLWQ1MWE3NjNmZjgwYSIsImpvYlVybCI6Imh0dHBzOi8vd3d3LmRpY2UuY29tL2pvYi1kZXRhaWwvN2VkOTJkNGItNzlmMC00MWRjLWI0YTAtZDUxYTc2M2ZmODBhIiwiam9iVGl0bGUiOiJNTCBBcmNoaXRlY3QvTUwgRW5naW5lZXIvIE1hY2hpbmUgTGVhcm5pbmcgRW5naW5lZXIiLCJzZWFyY2hMaW5rIjoiIn0=
2025-09-17 11:54:53,777 - INFO -    Page title: Apply
2025-09-17 11:54:58,894 - INFO -    ✅ Successfully on application page
2025-09-17 11:54:58,906 - INFO -    🔄 Looking for NEXT button...
2025-09-17 11:55:00,368 - INFO -    ✅ NEXT button clicked
2025-09-17 11:55:03,289 - INFO -    🔄 Looking for SUBMIT button...
2025-09-17 11:55:04,742 - INFO -    ✅ SUBMIT button clicked
2025-09-17 11:55:04,742 - INFO -    ✅ Successfully applied!
2025-09-17 11:55:15,037 - INFO - 🎯 [10/47] Applying to: ML Engineer - LINK: https://www.dice.com/job-detail/b9714b7b-ef82-43f7-885b-bcb3adc2a1d2
2025-09-17 11:55:25,860 - INFO -    🔄 Looking for apply button...
2025-09-17 11:55:26,852 - INFO -    ✅ Apply button clicked (regular click)
2025-09-17 11:55:30,224 - INFO -    🔍 Checking if we're on application page...
2025-09-17 11:55:30,227 - INFO -    Current URL: https://www.dice.com/apply?eyJjb3JyZWxhdGlvbl9pZCI6IjVhYzk4ZWU4LTBmYWQtNGUwMS1hN2FmLTRjNTIzMDc3N2E4YyIsImRqdlZlcnNpb24iOiJuZXciLCJqb2JJZCI6ImI5NzE0YjdiLWVmODItNDNmNy04ODViLWJjYjNhZGMyYTFkMiIsImpvYlVybCI6Imh0dHBzOi8vd3d3LmRpY2UuY29tL2pvYi1kZXRhaWwvYjk3MTRiN2ItZWY4Mi00M2Y3LTg4NWItYmNiM2FkYzJhMWQyIiwiam9iVGl0bGUiOiJNTCBFbmdpbmVlciIsInNlYXJjaExpbmsiOiIifQ=%3D
2025-09-17 11:55:30,230 - INFO -    Page title: Apply
2025-09-17 11:55:35,324 - INFO -    ✅ Successfully on application page
2025-09-17 11:55:35,336 - INFO -    🔄 Looking for NEXT button...
2025-09-17 11:55:37,054 - INFO -    ✅ NEXT button clicked
2025-09-17 11:55:40,070 - INFO -    🔄 Looking for SUBMIT button...
2025-09-17 11:55:41,832 - INFO -    ✅ SUBMIT button clicked
2025-09-17 11:55:41,832 - INFO -    ✅ Successfully applied!
2025-09-17 11:55:49,754 - INFO - 🎯 [11/47] Applying to: Business Analyst - LINK: https://www.dice.com/job-detail/fde5e983-c6b4-4b87-bea3-24cadc8a1a81
2025-09-17 11:56:02,040 - INFO -    🔄 Looking for apply button...
2025-09-17 11:56:04,182 - INFO -    ✅ Apply button clicked (regular click)
2025-09-17 11:56:06,780 - INFO -    🔍 Checking if we're on application page...
2025-09-17 11:56:06,783 - INFO -    Current URL: https://www.dice.com/apply?eyJjb3JyZWxhdGlvbl9pZCI6IjFiMjliMTQ3LWRlZDktNGY1MC1iZGQzLTc4MzE4Yjk4YTAzMSIsImRqdlZlcnNpb24iOiJuZXciLCJqb2JJZCI6ImZkZTVlOTgzLWM2YjQtNGI4Ny1iZWEzLTI0Y2FkYzhhMWE4MSIsImpvYlVybCI6Imh0dHBzOi8vd3d3LmRpY2UuY29tL2pvYi1kZXRhaWwvZmRlNWU5ODMtYzZiNC00Yjg3LWJlYTMtMjRjYWRjOGExYTgxIiwiam9iVGl0bGUiOiJCdXNpbmVzcyBBbmFseXN0Iiwic2VhcmNoTGluayI6IiJ9
2025-09-17 11:56:06,786 - INFO -    Page title: Apply
2025-09-17 11:56:11,902 - INFO -    ✅ Successfully on application page
2025-09-17 11:56:11,914 - INFO -    🔄 Looking for NEXT button...
2025-09-17 11:56:12,313 - INFO -    ✅ NEXT button clicked
2025-09-17 11:56:15,287 - INFO -    🔄 Looking for SUBMIT button...
2025-09-17 11:56:16,225 - INFO -    ✅ SUBMIT button clicked
2025-09-17 11:56:16,225 - INFO -    ✅ Successfully applied!
2025-09-17 11:56:24,866 - INFO - 🎯 [12/47] Applying to: Artificial Intelligence Lead - LINK: https://www.dice.com/job-detail/0a1add6c-a09f-4014-94ea-dc634698bc6c
2025-09-17 11:56:36,627 - INFO -    🔄 Looking for apply button...
2025-09-17 11:56:38,824 - INFO -    ✅ Apply button clicked (regular click)
2025-09-17 11:56:41,861 - INFO -    🔍 Checking if we're on application page...
2025-09-17 11:56:41,865 - INFO -    Current URL: https://www.dice.com/apply?eyJjb3JyZWxhdGlvbl9pZCI6IjY5YTMxYjY0LTYyNjEtNGYwYi1hYjFiLTI3ODA1Y2E1YTVhNCIsImRqdlZlcnNpb24iOiJuZXciLCJqb2JJZCI6IjBhMWFkZDZjLWEwOWYtNDAxNC05NGVhLWRjNjM0Njk4YmM2YyIsImpvYlVybCI6Imh0dHBzOi8vd3d3LmRpY2UuY29tL2pvYi1kZXRhaWwvMGExYWRkNmMtYTA5Zi00MDE0LTk0ZWEtZGM2MzQ2OThiYzZjIiwiam9iVGl0bGUiOiJBcnRpZmljaWFsIEludGVsbGlnZW5jZSBMZWFkIiwic2VhcmNoTGluayI6IiJ9
2025-09-17 11:56:41,868 - INFO -    Page title: Apply
2025-09-17 11:56:46,647 - INFO -    ✅ Successfully on application page
2025-09-17 11:56:46,659 - INFO -    🔄 Looking for NEXT button...
2025-09-17 11:56:49,376 - INFO -    ✅ NEXT button clicked
2025-09-17 11:56:51,873 - INFO -    🔄 Looking for SUBMIT button...
2025-09-17 11:56:53,312 - INFO -    ✅ SUBMIT button clicked
2025-09-17 11:56:53,312 - INFO -    ✅ Successfully applied!
2025-09-17 11:57:00,336 - INFO - 🎯 [13/47] Applying to: [W2] Full-Stack Software Engineer - LINK: https://www.dice.com/job-detail/0a8f1a4c-af6a-4b2a-b7f7-7c8cc09489c8
2025-09-17 11:57:11,623 - INFO -    🔄 Looking for apply button...
2025-09-17 11:57:13,516 - INFO -    ✅ Apply button clicked (regular click)
2025-09-17 11:57:16,660 - INFO -    🔍 Checking if we're on application page...
2025-09-17 11:57:16,664 - INFO -    Current URL: https://www.dice.com/apply?eyJjb3JyZWxhdGlvbl9pZCI6IjI0NjNmZjkzLTJhMWMtNDViNy1hN2NiLTZjZmNlOTI2NTczNyIsImRqdlZlcnNpb24iOiJuZXciLCJqb2JJZCI6IjBhOGYxYTRjLWFmNmEtNGIyYS1iN2Y3LTdjOGNjMDk0ODljOCIsImpvYlVybCI6Imh0dHBzOi8vd3d3LmRpY2UuY29tL2pvYi1kZXRhaWwvMGE4ZjFhNGMtYWY2YS00YjJhLWI3ZjctN2M4Y2MwOTQ4OWM4Iiwiam9iVGl0bGUiOiJbVzJdIEZ1bGwtU3RhY2sgU29mdHdhcmUgRW5naW5lZXIiLCJzZWFyY2hMaW5rIjoiIn0=
2025-09-17 11:57:16,667 - INFO -    Page title: Apply
2025-09-17 11:57:21,762 - INFO -    ✅ Successfully on application page
2025-09-17 11:57:21,773 - INFO -    🔄 Looking for NEXT button...
2025-09-17 11:57:22,854 - INFO -    ✅ NEXT button clicked
2025-09-17 11:57:24,938 - INFO -    🔄 Looking for SUBMIT button...
2025-09-17 11:57:26,914 - INFO -    ✅ SUBMIT button clicked
2025-09-17 11:57:26,914 - INFO -    ✅ Successfully applied!
2025-09-17 11:57:35,407 - INFO - 🎯 [14/47] Applying to: BI Data Analyst - LINK: https://www.dice.com/job-detail/3e125d41-45b7-4f1e-8c22-81a8e94631f1
2025-09-17 11:57:47,174 - INFO -    🔄 Looking for apply button...
2025-09-17 11:57:48,912 - INFO -    ✅ Apply button clicked (regular click)
2025-09-17 11:57:52,786 - INFO -    🔍 Checking if we're on application page...
2025-09-17 11:57:52,789 - INFO -    Current URL: https://www.dice.com/apply?eyJjb3JyZWxhdGlvbl9pZCI6IjA5ZDJkMzAzLWQ4ODMtNDM3My1iNWY2LWNiYWYzYjk1YTFkNSIsImRqdlZlcnNpb24iOiJuZXciLCJqb2JJZCI6IjNlMTI1ZDQxLTQ1YjctNGYxZS04YzIyLTgxYThlOTQ2MzFmMSIsImpvYlVybCI6Imh0dHBzOi8vd3d3LmRpY2UuY29tL2pvYi1kZXRhaWwvM2UxMjVkNDEtNDViNy00ZjFlLThjMjItODFhOGU5NDYzMWYxIiwiam9iVGl0bGUiOiJCSSBEYXRhIEFuYWx5c3QiLCJzZWFyY2hMaW5rIjoiIn0=
2025-09-17 11:57:52,792 - INFO -    Page title: Apply
2025-09-17 11:57:56,792 - INFO -    ✅ Successfully on application page
2025-09-17 11:57:56,804 - INFO -    🔄 Looking for NEXT button...
2025-09-17 11:58:00,153 - INFO -    ✅ NEXT button clicked
2025-09-17 11:58:02,953 - INFO -    🔄 Looking for SUBMIT button...
2025-09-17 11:58:04,165 - INFO -    ✅ SUBMIT button clicked
2025-09-17 11:58:04,165 - INFO -    ✅ Successfully applied!
2025-09-17 11:58:16,406 - INFO - 🎯 [15/47] Applying to: Sr AI Engineer - Computer Vision - LINK: https://www.dice.com/job-detail/a7737d26-66a4-4b21-9698-3549fc7bea35
2025-09-17 11:58:27,792 - INFO -    🔄 Looking for apply button...
2025-09-17 11:58:28,901 - INFO -    ✅ Apply button clicked (regular click)
2025-09-17 11:58:31,433 - INFO -    🔍 Checking if we're on application page...
2025-09-17 11:58:31,437 - INFO -    Current URL: https://www.dice.com/apply?eyJjb3JyZWxhdGlvbl9pZCI6IjVhYzdkMGVlLWEwNzQtNGI5Ny1hMzQxLWNmMTBjZWQ1ZDRhMiIsImRqdlZlcnNpb24iOiJuZXciLCJqb2JJZCI6ImE3NzM3ZDI2LTY2YTQtNGIyMS05Njk4LTM1NDlmYzdiZWEzNSIsImpvYlVybCI6Imh0dHBzOi8vd3d3LmRpY2UuY29tL2pvYi1kZXRhaWwvYTc3MzdkMjYtNjZhNC00YjIxLTk2OTgtMzU0OWZjN2JlYTM1Iiwiam9iVGl0bGUiOiJTciBBSSBFbmdpbmVlciAtIENvbXB1dGVyIFZpc2lvbiIsInNlYXJjaExpbmsiOiIifQ=%3D
2025-09-17 11:58:31,440 - INFO -    Page title: Apply
2025-09-17 11:58:36,925 - INFO -    ✅ Successfully on application page
2025-09-17 11:58:36,936 - INFO -    🔄 Looking for NEXT button...
2025-09-17 11:58:38,261 - INFO -    ✅ NEXT button clicked
2025-09-17 11:58:40,112 - INFO -    🔄 Looking for SUBMIT button...
2025-09-17 11:58:42,468 - INFO -    ✅ SUBMIT button clicked
2025-09-17 11:58:42,469 - INFO -    ✅ Successfully applied!
2025-09-17 11:58:52,862 - INFO - 🎯 [16/47] Applying to: W2 Only - Full-Stack Software Engineer (Java, Spring boot and Salesforce) - LINK: https://www.dice.com/job-detail/27729008-ba80-49ed-a4bf-0866b27dbc33
2025-09-17 11:59:05,607 - INFO -    🔄 Looking for apply button...
2025-09-17 11:59:07,572 - INFO -    ✅ Apply button clicked (regular click)
2025-09-17 11:59:11,107 - INFO -    🔍 Checking if we're on application page...
2025-09-17 11:59:11,110 - INFO -    Current URL: https://www.dice.com/apply?eyJjb3JyZWxhdGlvbl9pZCI6ImIxYjZjMWMyLWYxYjktNDk2My1hNGQ3LTc5OWI2NjYzN2I1MSIsImRqdlZlcnNpb24iOiJuZXciLCJqb2JJZCI6IjI3NzI5MDA4LWJhODAtNDllZC1hNGJmLTA4NjZiMjdkYmMzMyIsImpvYlVybCI6Imh0dHBzOi8vd3d3LmRpY2UuY29tL2pvYi1kZXRhaWwvMjc3MjkwMDgtYmE4MC00OWVkLWE0YmYtMDg2NmIyN2RiYzMzIiwiam9iVGl0bGUiOiJXMiBPbmx5IC0gRnVsbC1TdGFjayBTb2Z0d2FyZSBFbmdpbmVlciAoSmF2YSwgU3ByaW5nIGJvb3QgYW5kIFNhbGVzZm9yY2UpIiwic2VhcmNoTGluayI6IiJ9
2025-09-17 11:59:11,113 - INFO -    Page title: Apply
2025-09-17 11:59:15,588 - INFO -    ✅ Successfully on application page
2025-09-17 11:59:15,600 - INFO -    🔄 Looking for NEXT button...
2025-09-17 11:59:16,614 - INFO -    ✅ NEXT button clicked
2025-09-17 11:59:19,445 - INFO -    🔄 Looking for SUBMIT button...
2025-09-17 11:59:21,645 - INFO -    ✅ SUBMIT button clicked
2025-09-17 11:59:21,645 - INFO -    ✅ Successfully applied!
2025-09-17 11:59:30,542 - INFO - 🎯 [17/47] Applying to: Azure Data Engineer (Only W2) - LINK: https://www.dice.com/job-detail/94c03434-7f38-4916-8abf-cd59b5940fcc
2025-09-17 11:59:42,021 - INFO -    🔄 Looking for apply button...
2025-09-17 11:59:43,538 - INFO -    ✅ Apply button clicked (regular click)
2025-09-17 11:59:45,079 - INFO -    🔍 Checking if we're on application page...
2025-09-17 11:59:45,082 - INFO -    Current URL: https://www.dice.com/apply?eyJjb3JyZWxhdGlvbl9pZCI6IjdmZGFhNTI4LWFmYTAtNGM4MC04NjE0LTJkMTg1ODJhMTIyMSIsImRqdlZlcnNpb24iOiJuZXciLCJqb2JJZCI6Ijk0YzAzNDM0LTdmMzgtNDkxNi04YWJmLWNkNTliNTk0MGZjYyIsImpvYlVybCI6Imh0dHBzOi8vd3d3LmRpY2UuY29tL2pvYi1kZXRhaWwvOTRjMDM0MzQtN2YzOC00OTE2LThhYmYtY2Q1OWI1OTQwZmNjIiwiam9iVGl0bGUiOiJBenVyZSBEYXRhIEVuZ2luZWVyIChPbmx5IFcyKSIsInNlYXJjaExpbmsiOiIifQ=%3D
2025-09-17 11:59:45,086 - INFO -    Page title: Apply
2025-09-17 11:59:49,765 - INFO -    ✅ Successfully on application page
2025-09-17 11:59:49,776 - INFO -    🔄 Looking for NEXT button...
2025-09-17 11:59:50,460 - INFO -    ✅ NEXT button clicked
2025-09-17 11:59:53,397 - INFO -    🔄 Looking for SUBMIT button...
2025-09-17 11:59:54,662 - INFO -    ✅ SUBMIT button clicked
2025-09-17 11:59:54,662 - INFO -    ✅ Successfully applied!
2025-09-17 12:00:05,538 - INFO - 🎯 [18/47] Applying to: Database admin/Data Engineer -Nashville, Tennessee- (Hybrid) - LINK: https://www.dice.com/job-detail/1b8dfbd7-bb54-4a89-9a2c-bcdb850c18ff
2025-09-17 12:00:18,468 - INFO -    🔄 Looking for apply button...
2025-09-17 12:00:20,594 - INFO -    ✅ Apply button clicked (regular click)
2025-09-17 12:00:22,749 - INFO -    🔍 Checking if we're on application page...
2025-09-17 12:00:22,753 - INFO -    Current URL: https://www.dice.com/apply?eyJjb3JyZWxhdGlvbl9pZCI6ImU2MzdhODY5LTQyYTEtNDFlYS1hNTZkLThiNGM1NjRkMDJmOSIsImRqdlZlcnNpb24iOiJuZXciLCJqb2JJZCI6IjFiOGRmYmQ3LWJiNTQtNGE4OS05YTJjLWJjZGI4NTBjMThmZiIsImpvYlVybCI6Imh0dHBzOi8vd3d3LmRpY2UuY29tL2pvYi1kZXRhaWwvMWI4ZGZiZDctYmI1NC00YTg5LTlhMmMtYmNkYjg1MGMxOGZmIiwiam9iVGl0bGUiOiJEYXRhYmFzZSBhZG1pbi9EYXRhIEVuZ2luZWVyIC1OYXNodmlsbGUsIFRlbm5lc3NlZS0gKEh5YnJpZCkiLCJzZWFyY2hMaW5rIjoiIn0=
2025-09-17 12:00:22,756 - INFO -    Page title: Apply
2025-09-17 12:00:27,301 - INFO -    ✅ Successfully on application page
2025-09-17 12:00:27,313 - INFO -    🔄 Looking for NEXT button...
2025-09-17 12:00:28,994 - INFO -    ✅ NEXT button clicked
2025-09-17 12:00:32,253 - INFO -    🔄 Looking for SUBMIT button...
2025-09-17 12:00:33,234 - INFO -    ✅ SUBMIT button clicked
2025-09-17 12:00:33,234 - INFO -    ✅ Successfully applied!
2025-09-17 12:00:43,874 - INFO - 🎯 [19/47] Applying to: Sr. Technical Engineer, Information Security (Data Security & Encryption) - LINK: https://www.dice.com/job-detail/3d0739db-b811-4430-864f-152d02dd5187
2025-09-17 12:00:54,874 - INFO -    🔄 Looking for apply button...
2025-09-17 12:00:57,267 - INFO -    ✅ Apply button clicked (regular click)
2025-09-17 12:01:00,671 - INFO -    🔍 Checking if we're on application page...
2025-09-17 12:01:00,674 - INFO -    Current URL: https://www.dice.com/apply?eyJjb3JyZWxhdGlvbl9pZCI6ImMyYTg5MmY3LTAyZTAtNDJjYS04NDZmLWJlYjQ5NDc3ZmE2NSIsImRqdlZlcnNpb24iOiJuZXciLCJqb2JJZCI6IjNkMDczOWRiLWI4MTEtNDQzMC04NjRmLTE1MmQwMmRkNTE4NyIsImpvYlVybCI6Imh0dHBzOi8vd3d3LmRpY2UuY29tL2pvYi1kZXRhaWwvM2QwNzM5ZGItYjgxMS00NDMwLTg2NGYtMTUyZDAyZGQ1MTg3Iiwiam9iVGl0bGUiOiJTci4gVGVjaG5pY2FsIEVuZ2luZWVyLCBJbmZvcm1hdGlvbiBTZWN1cml0eSAoRGF0YSBTZWN1cml0eSAmYW1wOyBFbmNyeXB0aW9uKSIsInNlYXJjaExpbmsiOiIifQ=%3D
2025-09-17 12:01:00,678 - INFO -    Page title: Apply
2025-09-17 12:01:06,199 - INFO -    ✅ Successfully on application page
2025-09-17 12:01:06,211 - INFO -    🔄 Looking for NEXT button...
2025-09-17 12:01:06,767 - INFO -    ✅ NEXT button clicked
2025-09-17 12:01:10,701 - INFO -    🔄 Looking for SUBMIT button...
2025-09-17 12:01:11,833 - INFO -    ✅ SUBMIT button clicked
2025-09-17 12:01:11,833 - INFO -    ✅ Successfully applied!
2025-09-17 12:01:22,835 - INFO - 🎯 [20/47] Applying to: CTRM (Commodity Trading & Price Risk Management) Business Analyst - LINK: https://www.dice.com/job-detail/793f6d10-f871-4d2b-b2fd-4f43587ed377
2025-09-17 12:01:34,983 - INFO -    🔄 Looking for apply button...
2025-09-17 12:01:37,496 - INFO -    ✅ Apply button clicked (regular click)
2025-09-17 12:01:40,359 - INFO -    🔍 Checking if we're on application page...
2025-09-17 12:01:40,362 - INFO -    Current URL: https://www.dice.com/apply?eyJjb3JyZWxhdGlvbl9pZCI6ImRiZmI3MjIyLWJiN2EtNDY4Yi04NDhlLWNhZTZmNjI5OTBkMSIsImRqdlZlcnNpb24iOiJuZXciLCJqb2JJZCI6Ijc5M2Y2ZDEwLWY4NzEtNGQyYi1iMmZkLTRmNDM1ODdlZDM3NyIsImpvYlVybCI6Imh0dHBzOi8vd3d3LmRpY2UuY29tL2pvYi1kZXRhaWwvNzkzZjZkMTAtZjg3MS00ZDJiLWIyZmQtNGY0MzU4N2VkMzc3Iiwiam9iVGl0bGUiOiJDVFJNIChDb21tb2RpdHkgVHJhZGluZyAmYW1wOyBQcmljZSBSaXNrIE1hbmFnZW1lbnQpIEJ1c2luZXNzIEFuYWx5c3QiLCJzZWFyY2hMaW5rIjoiIn0=
2025-09-17 12:01:40,366 - INFO -    Page title: Apply
2025-09-17 12:01:45,649 - INFO -    ✅ Successfully on application page
2025-09-17 12:01:45,663 - INFO -    🔄 Looking for NEXT button...
2025-09-17 12:01:47,647 - INFO -    ✅ NEXT button clicked
2025-09-17 12:01:50,926 - INFO -    🔄 Looking for SUBMIT button...
2025-09-17 12:01:53,070 - INFO -    ✅ SUBMIT button clicked
2025-09-17 12:01:53,070 - INFO -    ✅ Successfully applied!
2025-09-17 12:02:04,530 - INFO - 🎯 [21/47] Applying to: Go-To-Market Data Analyst - SQL - LINK: https://www.dice.com/job-detail/b517f6d1-822a-4a08-b3cc-5364713db748
2025-09-17 12:02:17,038 - INFO -    🔄 Looking for apply button...
2025-09-17 12:02:18,763 - INFO -    ✅ Apply button clicked (regular click)
2025-09-17 12:02:22,035 - INFO -    🔍 Checking if we're on application page...
2025-09-17 12:02:22,038 - INFO -    Current URL: https://www.dice.com/apply?eyJjb3JyZWxhdGlvbl9pZCI6IjNjNTFiMmNmLWVhMDYtNDRmMy1iN2M5LTMzMjU4MzRkNDcwYyIsImRqdlZlcnNpb24iOiJuZXciLCJqb2JJZCI6ImI1MTdmNmQxLTgyMmEtNGEwOC1iM2NjLTUzNjQ3MTNkYjc0OCIsImpvYlVybCI6Imh0dHBzOi8vd3d3LmRpY2UuY29tL2pvYi1kZXRhaWwvYjUxN2Y2ZDEtODIyYS00YTA4LWIzY2MtNTM2NDcxM2RiNzQ4Iiwiam9iVGl0bGUiOiJHby1Uby1NYXJrZXQgRGF0YSBBbmFseXN0IC0gU1FMIiwic2VhcmNoTGluayI6IiJ9
2025-09-17 12:02:22,042 - INFO -    Page title: Apply
2025-09-17 12:02:26,977 - INFO -    ✅ Successfully on application page
2025-09-17 12:02:26,989 - INFO -    🔄 Looking for NEXT button...
2025-09-17 12:02:28,944 - INFO -    ✅ NEXT button clicked
2025-09-17 12:02:31,405 - INFO -    🔄 Looking for SUBMIT button...
2025-09-17 12:02:32,815 - INFO -    ✅ SUBMIT button clicked
2025-09-17 12:02:32,815 - INFO -    ✅ Successfully applied!
2025-09-17 12:02:45,411 - INFO - 🎯 [22/47] Applying to: Senior Business Analyst- Locals to Austin, Texas( In Person Interview) - LINK: https://www.dice.com/job-detail/24e7039c-c82d-4486-987c-3ac28023c146
2025-09-17 12:02:57,627 - INFO -    🔄 Looking for apply button...
2025-09-17 12:02:58,726 - INFO -    ✅ Apply button clicked (regular click)
2025-09-17 12:03:01,801 - INFO -    🔍 Checking if we're on application page...
2025-09-17 12:03:01,804 - INFO -    Current URL: https://www.dice.com/apply?eyJjb3JyZWxhdGlvbl9pZCI6IjJmMGFhYTgwLWJkNjYtNDY5Mi1hZjk2LTkwMWRkNzUyMTQ0OCIsImRqdlZlcnNpb24iOiJuZXciLCJqb2JJZCI6IjI0ZTcwMzljLWM4MmQtNDQ4Ni05ODdjLTNhYzI4MDIzYzE0NiIsImpvYlVybCI6Imh0dHBzOi8vd3d3LmRpY2UuY29tL2pvYi1kZXRhaWwvMjRlNzAzOWMtYzgyZC00NDg2LTk4N2MtM2FjMjgwMjNjMTQ2Iiwiam9iVGl0bGUiOiJTZW5pb3IgQnVzaW5lc3MgQW5hbHlzdC0gTG9jYWxzIHRvIEF1c3RpbiwgVGV4YXMoIEluIFBlcnNvbiBJbnRlcnZpZXcpIiwic2VhcmNoTGluayI6IiJ9
2025-09-17 12:03:01,808 - INFO -    Page title: Apply
2025-09-17 12:03:07,560 - INFO -    ✅ Successfully on application page
2025-09-17 12:03:07,572 - INFO -    🔄 Looking for NEXT button...
2025-09-17 12:03:09,808 - INFO -    ✅ NEXT button clicked
2025-09-17 12:03:12,692 - INFO -    🔄 Looking for SUBMIT button...
2025-09-17 12:03:15,144 - INFO -    ✅ SUBMIT button clicked
2025-09-17 12:03:15,144 - INFO -    ✅ Successfully applied!
2025-09-17 12:03:22,633 - INFO - 🎯 [23/47] Applying to: Data Analyst W2 contract - LINK: https://www.dice.com/job-detail/627c9373-43b2-4f9e-b904-30fbf3fa394e
2025-09-17 12:03:35,006 - INFO -    🔄 Looking for apply button...
2025-09-17 12:03:37,434 - INFO -    ✅ Apply button clicked (regular click)
2025-09-17 12:03:40,197 - INFO -    🔍 Checking if we're on application page...
2025-09-17 12:03:40,200 - INFO -    Current URL: https://www.dice.com/apply?eyJjb3JyZWxhdGlvbl9pZCI6ImRlMjBiYjkwLWFiNGEtNGI2MS1hMzBjLTdiMDY0YzQxMzU5NSIsImRqdlZlcnNpb24iOiJuZXciLCJqb2JJZCI6IjYyN2M5MzczLTQzYjItNGY5ZS1iOTA0LTMwZmJmM2ZhMzk0ZSIsImpvYlVybCI6Imh0dHBzOi8vd3d3LmRpY2UuY29tL2pvYi1kZXRhaWwvNjI3YzkzNzMtNDNiMi00ZjllLWI5MDQtMzBmYmYzZmEzOTRlIiwiam9iVGl0bGUiOiJEYXRhIEFuYWx5c3QgVzIgY29udHJhY3QiLCJzZWFyY2hMaW5rIjoiIn0=
2025-09-17 12:03:40,204 - INFO -    Page title: Apply
2025-09-17 12:03:44,943 - INFO -    ✅ Successfully on application page
2025-09-17 12:03:44,954 - INFO -    🔄 Looking for NEXT button...
2025-09-17 12:03:46,793 - INFO -    ✅ NEXT button clicked
2025-09-17 12:03:49,936 - INFO -    🔄 Looking for SUBMIT button...
2025-09-17 12:03:51,377 - INFO -    ✅ SUBMIT button clicked
2025-09-17 12:03:51,377 - INFO -    ✅ Successfully applied!
2025-09-17 12:04:01,342 - INFO - 🎯 [24/47] Applying to: Data Analyst - LINK: https://www.dice.com/job-detail/f1896bf6-81ae-4115-8e2d-98170f11da1c
2025-09-17 12:04:13,843 - INFO -    🔄 Looking for apply button...
2025-09-17 12:04:15,508 - INFO -    ✅ Apply button clicked (regular click)
2025-09-17 12:04:18,740 - INFO -    🔍 Checking if we're on application page...
2025-09-17 12:04:18,743 - INFO -    Current URL: https://www.dice.com/apply?eyJjb3JyZWxhdGlvbl9pZCI6Ijg5MDBmOTE1LWYxNmYtNGM4Ny1iMDQ2LThhYWU2ZGZlODAzOCIsImRqdlZlcnNpb24iOiJuZXciLCJqb2JJZCI6ImYxODk2YmY2LTgxYWUtNDExNS04ZTJkLTk4MTcwZjExZGExYyIsImpvYlVybCI6Imh0dHBzOi8vd3d3LmRpY2UuY29tL2pvYi1kZXRhaWwvZjE4OTZiZjYtODFhZS00MTE1LThlMmQtOTgxNzBmMTFkYTFjIiwiam9iVGl0bGUiOiJEYXRhIEFuYWx5c3QiLCJzZWFyY2hMaW5rIjoiIn0=
2025-09-17 12:04:18,747 - INFO -    Page title: Apply
2025-09-17 12:04:24,045 - INFO -    ✅ Successfully on application page
2025-09-17 12:04:24,057 - INFO -    🔄 Looking for NEXT button...
2025-09-17 12:04:25,553 - INFO -    ✅ NEXT button clicked
2025-09-17 12:04:28,181 - INFO -    🔄 Looking for SUBMIT button...
2025-09-17 12:04:30,576 - INFO -    ✅ SUBMIT button clicked
2025-09-17 12:04:30,576 - INFO -    ✅ Successfully applied!
2025-09-17 12:04:40,054 - INFO - 🎯 [25/47] Applying to: Senior Data Engineer - LINK: https://www.dice.com/job-detail/71373ed0-f63f-46cd-a5b2-0cb34fcea051
2025-09-17 12:04:52,532 - INFO -    🔄 Looking for apply button...
2025-09-17 12:04:55,103 - INFO -    ✅ Apply button clicked (regular click)
2025-09-17 12:04:58,297 - INFO -    🔍 Checking if we're on application page...
2025-09-17 12:04:58,300 - INFO -    Current URL: https://www.dice.com/apply?eyJjb3JyZWxhdGlvbl9pZCI6ImZmNDMzMTE0LWFmN2MtNGE5OC1hNmNmLTI5YjA5NjYwNTljZSIsImRqdlZlcnNpb24iOiJuZXciLCJqb2JJZCI6IjcxMzczZWQwLWY2M2YtNDZjZC1hNWIyLTBjYjM0ZmNlYTA1MSIsImpvYlVybCI6Imh0dHBzOi8vd3d3LmRpY2UuY29tL2pvYi1kZXRhaWwvNzEzNzNlZDAtZjYzZi00NmNkLWE1YjItMGNiMzRmY2VhMDUxIiwiam9iVGl0bGUiOiJTZW5pb3IgRGF0YSBFbmdpbmVlciIsInNlYXJjaExpbmsiOiIifQ=%3D
2025-09-17 12:04:58,304 - INFO -    Page title: Apply
2025-09-17 12:05:03,605 - INFO -    ✅ Successfully on application page
2025-09-17 12:05:03,616 - INFO -    🔄 Looking for NEXT button...
2025-09-17 12:05:05,404 - INFO -    ✅ NEXT button clicked
2025-09-17 12:05:08,958 - INFO -    🔄 Looking for SUBMIT button...
2025-09-17 12:05:09,827 - INFO -    ✅ SUBMIT button clicked
2025-09-17 12:05:09,827 - INFO -    ✅ Successfully applied!
2025-09-17 12:05:20,203 - INFO - 🎯 [26/47] Applying to: Business Analyst - LINK: https://www.dice.com/job-detail/88b6ca14-754e-479a-8fae-667cf8ffa1f2
2025-09-17 12:05:32,749 - INFO -    🔄 Looking for apply button...
2025-09-17 12:05:35,232 - INFO -    ✅ Apply button clicked (regular click)
2025-09-17 12:05:38,276 - INFO -    🔍 Checking if we're on application page...
2025-09-17 12:05:38,279 - INFO -    Current URL: https://www.dice.com/apply?eyJjb3JyZWxhdGlvbl9pZCI6IjY4NWQxM2RiLTMzNDYtNGVkZi1iMDY0LWIzMWRmZjk4ZTVlNSIsImRqdlZlcnNpb24iOiJuZXciLCJqb2JJZCI6Ijg4YjZjYTE0LTc1NGUtNDc5YS04ZmFlLTY2N2NmOGZmYTFmMiIsImpvYlVybCI6Imh0dHBzOi8vd3d3LmRpY2UuY29tL2pvYi1kZXRhaWwvODhiNmNhMTQtNzU0ZS00NzlhLThmYWUtNjY3Y2Y4ZmZhMWYyIiwiam9iVGl0bGUiOiJCdXNpbmVzcyBBbmFseXN0Iiwic2VhcmNoTGluayI6IiJ9
2025-09-17 12:05:38,282 - INFO -    Page title: Apply
2025-09-17 12:05:42,996 - INFO -    ✅ Successfully on application page
2025-09-17 12:05:43,008 - INFO -    🔄 Looking for NEXT button...
2025-09-17 12:05:45,994 - INFO -    ✅ NEXT button clicked
2025-09-17 12:05:48,762 - INFO -    🔄 Looking for SUBMIT button...
2025-09-17 12:05:50,384 - INFO -    ✅ SUBMIT button clicked
2025-09-17 12:05:50,384 - INFO -    ✅ Successfully applied!
2025-09-17 12:06:00,326 - INFO - 🎯 [27/47] Applying to: Data Engineer - Strong Python, Tableau, SageMaker - ZL - LINK: https://www.dice.com/job-detail/e3ee94de-ad0f-4061-867f-1023123bb1e1
2025-09-17 12:06:13,424 - INFO -    🔄 Looking for apply button...
2025-09-17 12:06:14,253 - INFO -    ✅ Apply button clicked (regular click)
2025-09-17 12:06:18,541 - INFO -    🔍 Checking if we're on application page...
2025-09-17 12:06:18,544 - INFO -    Current URL: https://www.dice.com/apply?eyJjb3JyZWxhdGlvbl9pZCI6ImFhZDY3NTc3LTA1ZmUtNGM4ZS05OTgxLTQ5M2M2MDEwNDM4MyIsImRqdlZlcnNpb24iOiJuZXciLCJqb2JJZCI6ImUzZWU5NGRlLWFkMGYtNDA2MS04NjdmLTEwMjMxMjNiYjFlMSIsImpvYlVybCI6Imh0dHBzOi8vd3d3LmRpY2UuY29tL2pvYi1kZXRhaWwvZTNlZTk0ZGUtYWQwZi00MDYxLTg2N2YtMTAyMzEyM2JiMWUxIiwiam9iVGl0bGUiOiJEYXRhIEVuZ2luZWVyIC0gU3Ryb25nIFB5dGhvbiwgVGFibGVhdSwgU2FnZU1ha2VyIC0gWkwiLCJzZWFyY2hMaW5rIjoiIn0=
2025-09-17 12:06:18,548 - INFO -    Page title: Apply
2025-09-17 12:06:23,107 - INFO -    ✅ Successfully on application page
2025-09-17 12:06:23,119 - INFO -    🔄 Looking for NEXT button...
2025-09-17 12:06:24,141 - INFO -    ✅ NEXT button clicked
2025-09-17 12:06:27,648 - INFO -    🔄 Looking for SUBMIT button...
2025-09-17 12:06:29,539 - INFO -    ✅ SUBMIT button clicked
2025-09-17 12:06:29,539 - INFO -    ✅ Successfully applied!
2025-09-17 12:06:38,912 - INFO - 🎯 [28/47] Applying to: Business Analyst - LINK: https://www.dice.com/job-detail/37e6ed15-d7bc-408e-a722-e9ca48a92b8d
2025-09-17 12:06:52,087 - INFO -    🔄 Looking for apply button...
2025-09-17 12:06:54,224 - INFO -    ✅ Apply button clicked (regular click)
2025-09-17 12:06:57,073 - INFO -    🔍 Checking if we're on application page...
2025-09-17 12:06:57,076 - INFO -    Current URL: https://www.dice.com/apply?eyJjb3JyZWxhdGlvbl9pZCI6IjVhM2VmZDVlLWRlNjktNDUzYi05NWYxLTM2OTFkMGU4NjRmNSIsImRqdlZlcnNpb24iOiJuZXciLCJqb2JJZCI6IjM3ZTZlZDE1LWQ3YmMtNDA4ZS1hNzIyLWU5Y2E0OGE5MmI4ZCIsImpvYlVybCI6Imh0dHBzOi8vd3d3LmRpY2UuY29tL2pvYi1kZXRhaWwvMzdlNmVkMTUtZDdiYy00MDhlLWE3MjItZTljYTQ4YTkyYjhkIiwiam9iVGl0bGUiOiJCdXNpbmVzcyBBbmFseXN0Iiwic2VhcmNoTGluayI6IiJ9
2025-09-17 12:06:57,080 - INFO -    Page title: Apply
2025-09-17 12:07:01,290 - INFO -    ✅ Successfully on application page
2025-09-17 12:07:01,302 - INFO -    🔄 Looking for NEXT button...
2025-09-17 12:07:02,011 - INFO -    ✅ NEXT button clicked
2025-09-17 12:07:05,064 - INFO -    🔄 Looking for SUBMIT button...
2025-09-17 12:07:06,424 - INFO -    ✅ SUBMIT button clicked
2025-09-17 12:07:06,424 - INFO -    ✅ Successfully applied!
2025-09-17 12:07:15,513 - INFO - 🎯 [29/47] Applying to: Software Engineer - LINK: https://www.dice.com/job-detail/12539727-17ec-47d0-8a6f-5d74a53eafab
2025-09-17 12:07:28,748 - INFO -    🔄 Looking for apply button...
2025-09-17 12:07:30,216 - INFO -    ✅ Apply button clicked (regular click)
2025-09-17 12:07:33,590 - INFO -    🔍 Checking if we're on application page...
2025-09-17 12:07:33,593 - INFO -    Current URL: https://www.dice.com/apply?eyJjb3JyZWxhdGlvbl9pZCI6ImZmYjAzYjI3LWMxODItNDVhNS1hOTkzLWJjZThlNzVhNWI5NSIsImRqdlZlcnNpb24iOiJuZXciLCJqb2JJZCI6IjEyNTM5NzI3LTE3ZWMtNDdkMC04YTZmLTVkNzRhNTNlYWZhYiIsImpvYlVybCI6Imh0dHBzOi8vd3d3LmRpY2UuY29tL2pvYi1kZXRhaWwvMTI1Mzk3MjctMTdlYy00N2QwLThhNmYtNWQ3NGE1M2VhZmFiIiwiam9iVGl0bGUiOiJTb2Z0d2FyZSBFbmdpbmVlciIsInNlYXJjaExpbmsiOiIifQ=%3D
2025-09-17 12:07:33,597 - INFO -    Page title: Apply
2025-09-17 12:07:38,237 - INFO -    ✅ Successfully on application page
2025-09-17 12:07:38,277 - INFO -    🔄 Looking for NEXT button...
2025-09-17 12:07:39,391 - INFO -    ✅ NEXT button clicked
2025-09-17 12:07:41,348 - INFO -    🔄 Looking for SUBMIT button...
2025-09-17 12:07:42,990 - INFO -    ✅ SUBMIT button clicked
2025-09-17 12:07:42,991 - INFO -    ✅ Successfully applied!
2025-09-17 12:07:55,009 - INFO - 🎯 [30/47] Applying to: Onsite (Des Moines, IA) - Software Engineer - 12+ Months Contract - LINK: https://www.dice.com/job-detail/1c63b04a-f5d1-4d83-9f88-9aae6e482a37
2025-09-17 12:08:07,910 - INFO -    🔄 Looking for apply button...
2025-09-17 12:08:09,632 - INFO -    ✅ Apply button clicked (regular click)
2025-09-17 12:08:12,151 - INFO -    🔍 Checking if we're on application page...
2025-09-17 12:08:12,154 - INFO -    Current URL: https://www.dice.com/apply?eyJjb3JyZWxhdGlvbl9pZCI6IjQzYTlmMGZiLTUzMWItNDUxMi05ZmI2LTVjMjViNDMxYTgzMCIsImRqdlZlcnNpb24iOiJuZXciLCJqb2JJZCI6IjFjNjNiMDRhLWY1ZDEtNGQ4My05Zjg4LTlhYWU2ZTQ4MmEzNyIsImpvYlVybCI6Imh0dHBzOi8vd3d3LmRpY2UuY29tL2pvYi1kZXRhaWwvMWM2M2IwNGEtZjVkMS00ZDgzLTlmODgtOWFhZTZlNDgyYTM3Iiwiam9iVGl0bGUiOiJPbnNpdGUgKERlcyBNb2luZXMsIElBKSAtIFNvZnR3YXJlIEVuZ2luZWVyIC0gMTIrIE1vbnRocyBDb250cmFjdCIsInNlYXJjaExpbmsiOiIifQ=%3D
2025-09-17 12:08:12,157 - INFO -    Page title: Apply
2025-09-17 12:08:17,371 - INFO -    ✅ Successfully on application page
2025-09-17 12:08:17,383 - INFO -    🔄 Looking for NEXT button...
2025-09-17 12:08:19,742 - INFO -    ✅ NEXT button clicked
2025-09-17 12:08:21,656 - INFO -    🔄 Looking for SUBMIT button...
2025-09-17 12:08:22,609 - INFO -    ✅ SUBMIT button clicked
2025-09-17 12:08:22,609 - INFO -    ✅ Successfully applied!
2025-09-17 12:08:30,922 - INFO - 🎯 [31/47] Applying to: Senior Software Engineer // React Native // Greenfield - LINK: https://www.dice.com/job-detail/ea24cca7-9b9e-41b4-b177-f5c2929d6c70
2025-09-17 12:08:41,543 - INFO -    🔄 Looking for apply button...
2025-09-17 12:08:43,746 - INFO -    ✅ Apply button clicked (regular click)
2025-09-17 12:08:46,130 - INFO -    🔍 Checking if we're on application page...
2025-09-17 12:08:46,133 - INFO -    Current URL: https://www.dice.com/apply?eyJjb3JyZWxhdGlvbl9pZCI6ImE5NzEwOTAxLTFhNjEtNDFjZS1iMzM1LWMzNWVhZDgyOGM5MCIsImRqdlZlcnNpb24iOiJuZXciLCJqb2JJZCI6ImVhMjRjY2E3LTliOWUtNDFiNC1iMTc3LWY1YzI5MjlkNmM3MCIsImpvYlVybCI6Imh0dHBzOi8vd3d3LmRpY2UuY29tL2pvYi1kZXRhaWwvZWEyNGNjYTctOWI5ZS00MWI0LWIxNzctZjVjMjkyOWQ2YzcwIiwiam9iVGl0bGUiOiJTZW5pb3IgU29mdHdhcmUgRW5naW5lZXIgLy8gUmVhY3QgTmF0aXZlIC8vIEdyZWVuZmllbGQiLCJzZWFyY2hMaW5rIjoiIn0=
2025-09-17 12:08:46,136 - INFO -    Page title: Apply
2025-09-17 12:08:50,919 - INFO -    ✅ Successfully on application page
2025-09-17 12:08:50,931 - INFO -    🔄 Looking for NEXT button...
2025-09-17 12:08:52,127 - INFO -    ✅ NEXT button clicked
2025-09-17 12:08:55,191 - INFO -    🔄 Looking for SUBMIT button...
2025-09-17 12:08:56,904 - INFO -    ✅ SUBMIT button clicked
2025-09-17 12:08:56,904 - INFO -    ✅ Successfully applied!
2025-09-17 12:09:06,724 - INFO - 🎯 [32/47] Applying to: Business Analyst - LINK: https://www.dice.com/job-detail/d15d3efe-8fd6-465b-bf0b-d26010bd3cbc
2025-09-17 12:09:17,211 - INFO -    🔄 Looking for apply button...
2025-09-17 12:09:18,830 - INFO -    ✅ Apply button clicked (regular click)
2025-09-17 12:09:22,043 - INFO -    🔍 Checking if we're on application page...
2025-09-17 12:09:22,046 - INFO -    Current URL: https://www.dice.com/apply?eyJjb3JyZWxhdGlvbl9pZCI6ImQyZDkwMTZhLTgwYTEtNGMzZC1iYmY1LTkwYmYyZmFjNzUxYyIsImRqdlZlcnNpb24iOiJuZXciLCJqb2JJZCI6ImQxNWQzZWZlLThmZDYtNDY1Yi1iZjBiLWQyNjAxMGJkM2NiYyIsImpvYlVybCI6Imh0dHBzOi8vd3d3LmRpY2UuY29tL2pvYi1kZXRhaWwvZDE1ZDNlZmUtOGZkNi00NjViLWJmMGItZDI2MDEwYmQzY2JjIiwiam9iVGl0bGUiOiJCdXNpbmVzcyBBbmFseXN0Iiwic2VhcmNoTGluayI6IiJ9
2025-09-17 12:09:22,049 - INFO -    Page title: Apply
2025-09-17 12:09:27,179 - INFO -    ✅ Successfully on application page
2025-09-17 12:09:27,191 - INFO -    🔄 Looking for NEXT button...
2025-09-17 12:09:28,753 - INFO -    ✅ NEXT button clicked
2025-09-17 12:09:31,895 - INFO -    🔄 Looking for SUBMIT button...
2025-09-17 12:09:33,073 - INFO -    ✅ SUBMIT button clicked
2025-09-17 12:09:33,073 - INFO -    ✅ Successfully applied!
2025-09-17 12:09:44,723 - INFO - 🎯 [33/47] Applying to: Senior Data Operations Engineer - LINK: https://www.dice.com/job-detail/b6ea30a9-a2fa-4058-8abc-0425cb45e2a6
2025-09-17 12:09:55,944 - INFO -    🔄 Looking for apply button...
2025-09-17 12:09:57,464 - INFO -    ✅ Apply button clicked (regular click)
2025-09-17 12:10:00,515 - INFO -    🔍 Checking if we're on application page...
2025-09-17 12:10:00,519 - INFO -    Current URL: https://www.dice.com/apply?eyJjb3JyZWxhdGlvbl9pZCI6Ijc1ZDQxOWVmLTc0YTYtNDYzZi1hZDAxLWQzN2NkOTljZmNmZiIsImRqdlZlcnNpb24iOiJuZXciLCJqb2JJZCI6ImI2ZWEzMGE5LWEyZmEtNDA1OC04YWJjLTA0MjVjYjQ1ZTJhNiIsImpvYlVybCI6Imh0dHBzOi8vd3d3LmRpY2UuY29tL2pvYi1kZXRhaWwvYjZlYTMwYTktYTJmYS00MDU4LThhYmMtMDQyNWNiNDVlMmE2Iiwiam9iVGl0bGUiOiJTZW5pb3IgRGF0YSBPcGVyYXRpb25zIEVuZ2luZWVyIiwic2VhcmNoTGluayI6IiJ9
2025-09-17 12:10:00,522 - INFO -    Page title: Apply
2025-09-17 12:10:05,410 - INFO -    ✅ Successfully on application page
2025-09-17 12:10:05,421 - INFO -    🔄 Looking for NEXT button...
2025-09-17 12:10:07,681 - INFO -    ✅ NEXT button clicked
2025-09-17 12:10:10,657 - INFO -    🔄 Looking for SUBMIT button...
2025-09-17 12:10:11,902 - INFO -    ✅ SUBMIT button clicked
2025-09-17 12:10:11,902 - INFO -    ✅ Successfully applied!
2025-09-17 12:10:21,575 - INFO - 🎯 [34/47] Applying to: Business Analyst - LINK: https://www.dice.com/job-detail/caada1e3-303d-43b6-8173-fccc8f85f91d
2025-09-17 12:10:33,226 - INFO -    🔄 Looking for apply button...
2025-09-17 12:10:34,995 - INFO -    ✅ Apply button clicked (regular click)
2025-09-17 12:10:38,420 - INFO -    🔍 Checking if we're on application page...
2025-09-17 12:10:38,423 - INFO -    Current URL: https://www.dice.com/apply?eyJjb3JyZWxhdGlvbl9pZCI6ImZhYjkxMmE1LTk3ODUtNGUzNy04ODVmLTc3NGVkMGQxMWVmMCIsImRqdlZlcnNpb24iOiJuZXciLCJqb2JJZCI6ImNhYWRhMWUzLTMwM2QtNDNiNi04MTczLWZjY2M4Zjg1ZjkxZCIsImpvYlVybCI6Imh0dHBzOi8vd3d3LmRpY2UuY29tL2pvYi1kZXRhaWwvY2FhZGExZTMtMzAzZC00M2I2LTgxNzMtZmNjYzhmODVmOTFkIiwiam9iVGl0bGUiOiJCdXNpbmVzcyBBbmFseXN0Iiwic2VhcmNoTGluayI6IiJ9
2025-09-17 12:10:38,426 - INFO -    Page title: Apply
2025-09-17 12:10:44,977 - INFO -    ✅ Successfully on application page
2025-09-17 12:10:44,989 - INFO -    🔄 Looking for NEXT button...
2025-09-17 12:10:46,435 - INFO -    ✅ NEXT button clicked
2025-09-17 12:10:49,871 - INFO -    🔄 Looking for SUBMIT button...
2025-09-17 12:10:52,974 - INFO -    ✅ SUBMIT button clicked
2025-09-17 12:10:52,975 - INFO -    ✅ Successfully applied!
2025-09-17 12:11:02,699 - INFO - 🎯 [35/47] Applying to: Sr. Data Engineer/Informatica Developer - LINK: https://www.dice.com/job-detail/b866c312-afbe-4736-a3b9-1130df4040eb
2025-09-17 12:11:15,466 - INFO -    🔄 Looking for apply button...
2025-09-17 12:11:18,041 - INFO -    ✅ Apply button clicked (regular click)
2025-09-17 12:11:21,193 - INFO -    🔍 Checking if we're on application page...
2025-09-17 12:11:21,196 - INFO -    Current URL: https://www.dice.com/apply?eyJjb3JyZWxhdGlvbl9pZCI6IjFhNDljMzZkLWUwYmQtNDVkOS05YWY1LTNmNzI2NzgzOWZhNSIsImRqdlZlcnNpb24iOiJuZXciLCJqb2JJZCI6ImI4NjZjMzEyLWFmYmUtNDczNi1hM2I5LTExMzBkZjQwNDBlYiIsImpvYlVybCI6Imh0dHBzOi8vd3d3LmRpY2UuY29tL2pvYi1kZXRhaWwvYjg2NmMzMTItYWZiZS00NzM2LWEzYjktMTEzMGRmNDA0MGViIiwiam9iVGl0bGUiOiJTci4gRGF0YSBFbmdpbmVlciAvIEluZm9ybWF0aWNhIERldmVsb3BlciIsInNlYXJjaExpbmsiOiIifQ=%3D
2025-09-17 12:11:21,199 - INFO -    Page title: Apply
2025-09-17 12:11:27,151 - INFO -    ✅ Successfully on application page
2025-09-17 12:11:27,162 - INFO -    🔄 Looking for NEXT button...
2025-09-17 12:11:28,443 - INFO -    ✅ NEXT button clicked
2025-09-17 12:11:31,166 - INFO -    🔄 Looking for SUBMIT button...
2025-09-17 12:11:32,300 - INFO -    ✅ SUBMIT button clicked
2025-09-17 12:11:32,300 - INFO -    ✅ Successfully applied!
2025-09-17 12:11:41,438 - INFO - 🎯 [36/47] Applying to: DATA ANALYST -BANKING, CREDIT CARDS - LINK: https://www.dice.com/job-detail/423b6b9c-101b-49cb-a69b-cf4f73eaf941
2025-09-17 12:11:53,700 - INFO -    🔄 Looking for apply button...
2025-09-17 12:11:57,302 - INFO -    ✅ Apply button clicked (regular click)
2025-09-17 12:12:00,029 - INFO -    🔍 Checking if we're on application page...
2025-09-17 12:12:00,033 - INFO -    Current URL: https://www.dice.com/apply?eyJjb3JyZWxhdGlvbl9pZCI6IjFjOGRkNmQzLTYyYjQtNDk0MC1iYjNlLTFjNzY0ZmMxNzE4MCIsImRqdlZlcnNpb24iOiJuZXciLCJqb2JJZCI6IjQyM2I2YjljLTEwMWItNDljYi1hNjliLWNmNGY3M2VhZjk0MSIsImpvYlVybCI6Imh0dHBzOi8vd3d3LmRpY2UuY29tL2pvYi1kZXRhaWwvNDIzYjZiOWMtMTAxYi00OWNiLWE2OWItY2Y0ZjczZWFmOTQxIiwiam9iVGl0bGUiOiJEQVRBIEFOQUxZU1QgLUJBTktJTkcsIENSRURJVCBDQVJEUyIsInNlYXJjaExpbmsiOiIifQ=%3D
2025-09-17 12:12:00,036 - INFO -    Page title: Apply
2025-09-17 12:12:04,771 - INFO -    ✅ Successfully on application page
2025-09-17 12:12:04,783 - INFO -    🔄 Looking for NEXT button...
2025-09-17 12:12:05,608 - INFO -    ✅ NEXT button clicked
2025-09-17 12:12:09,555 - INFO -    🔄 Looking for SUBMIT button...
2025-09-17 12:12:12,825 - INFO -    ✅ SUBMIT button clicked
2025-09-17 12:12:12,825 - INFO -    ✅ Successfully applied!
2025-09-17 12:12:21,112 - INFO - 🎯 [37/47] Applying to: Data Engineer-W2only - LINK: https://www.dice.com/job-detail/b05e0478-bbbf-4688-926c-efc09f49c6f4
2025-09-17 12:12:33,417 - INFO -    🔄 Looking for apply button...
2025-09-17 12:12:36,084 - INFO -    ✅ Apply button clicked (regular click)
2025-09-17 12:12:39,562 - INFO -    🔍 Checking if we're on application page...
2025-09-17 12:12:39,565 - INFO -    Current URL: https://www.dice.com/apply?eyJjb3JyZWxhdGlvbl9pZCI6ImY4YjlhMTA5LTlkNTAtNDk2Ni04MzNkLWFhNDQzMzIzNTg3YSIsImRqdlZlcnNpb24iOiJuZXciLCJqb2JJZCI6ImIwNWUwNDc4LWJiYmYtNDY4OC05MjZjLWVmYzA5ZjQ5YzZmNCIsImpvYlVybCI6Imh0dHBzOi8vd3d3LmRpY2UuY29tL2pvYi1kZXRhaWwvYjA1ZTA0NzgtYmJiZi00Njg4LTkyNmMtZWZjMDlmNDljNmY0Iiwiam9iVGl0bGUiOiJEYXRhIEVuZ2luZWVyLVcyb25seSIsInNlYXJjaExpbmsiOiIifQ=%3D
2025-09-17 12:12:39,568 - INFO -    Page title: Apply
2025-09-17 12:12:44,810 - INFO -    ✅ Successfully on application page
2025-09-17 12:12:44,822 - INFO -    🔄 Looking for NEXT button...
2025-09-17 12:12:46,850 - INFO -    ✅ NEXT button clicked
2025-09-17 12:12:49,057 - INFO -    🔄 Looking for SUBMIT button...
2025-09-17 12:12:51,412 - INFO -    ✅ SUBMIT button clicked
2025-09-17 12:12:51,412 - INFO -    ✅ Successfully applied!
2025-09-17 12:13:02,709 - INFO - 🎯 [38/47] Applying to: MLOPS Engineer - LINK: https://www.dice.com/job-detail/cb673521-2664-41bc-8c9e-d4f30605f85b
2025-09-17 12:13:14,694 - INFO -    🔄 Looking for apply button...
2025-09-17 12:13:16,159 - INFO -    ✅ Apply button clicked (regular click)
2025-09-17 12:13:19,101 - INFO -    🔍 Checking if we're on application page...
2025-09-17 12:13:19,104 - INFO -    Current URL: https://www.dice.com/apply?eyJjb3JyZWxhdGlvbl9pZCI6IjMwMzA5ZDhlLTNhZDMtNDY1OS04YjQ4LTkwMDk0YTVkOGMwYSIsImRqdlZlcnNpb24iOiJuZXciLCJqb2JJZCI6ImNiNjczNTIxLTI2NjQtNDFiYy04YzllLWQ0ZjMwNjA1Zjg1YiIsImpvYlVybCI6Imh0dHBzOi8vd3d3LmRpY2UuY29tL2pvYi1kZXRhaWwvY2I2NzM1MjEtMjY2NC00MWJjLThjOWUtZDRmMzA2MDVmODViIiwiam9iVGl0bGUiOiJNTE9QUyBFbmdpbmVlciIsInNlYXJjaExpbmsiOiIifQ=%3D
2025-09-17 12:13:19,107 - INFO -    Page title: Apply
2025-09-17 12:13:24,544 - INFO -    ✅ Successfully on application page
2025-09-17 12:13:24,556 - INFO -    🔄 Looking for NEXT button...
2025-09-17 12:13:27,194 - INFO -    ✅ NEXT button clicked
2025-09-17 12:13:30,261 - INFO -    🔄 Looking for SUBMIT button...
2025-09-17 12:13:30,931 - INFO -    ✅ SUBMIT button clicked
2025-09-17 12:13:30,931 - INFO -    ✅ Successfully applied!
2025-09-17 12:13:41,349 - INFO - 🎯 [39/47] Applying to: Data Analyst - LINK: https://www.dice.com/job-detail/c9450af8-dc38-4232-9954-5018f1cdf9e8
2025-09-17 12:13:53,643 - WARNING -    ⚠️  Could not check application status: Message: no such element: Unable to locate element: {"method":"tag name","selector":"apply-button-wc"}
  (Session info: chrome=140.0.7339.127); For documentation on this error, please visit: https://www.selenium.dev/documentation/webdriver/troubleshooting/errors#nosuchelementexception
Stacktrace:
#0 0x560d87e6594a <unknown>
#1 0x560d878da8a0 <unknown>
#2 0x560d8792c540 <unknown>
#3 0x560d8792c731 <unknown>
#4 0x560d8797a824 <unknown>
#5 0x560d8795205d <unknown>
#6 0x560d87977c23 <unknown>
#7 0x560d87951e03 <unknown>
#8 0x560d8791e968 <unknown>
#9 0x560d8791f5e1 <unknown>
#10 0x560d87e29548 <unknown>
#11 0x560d87e2d272 <unknown>
#12 0x560d87e10313 <unknown>
#13 0x560d87e2ddc5 <unknown>
#14 0x560d87df549f <unknown>
#15 0x560d87e52158 <unknown>
#16 0x560d87e52332 <unknown>
#17 0x560d87e64a53 <unknown>
#18 0x7f5f1509caa4 <unknown>
#19 0x7f5f15129c3c <unknown>

2025-09-17 12:13:56,662 - INFO -    🔄 Looking for apply button...
2025-09-17 12:14:06,815 - ERROR -    ❌ Cannot find apply button: Message: 
Stacktrace:
#0 0x560d87e6594a <unknown>
#1 0x560d878da8a0 <unknown>
#2 0x560d8792c540 <unknown>
#3 0x560d8792c731 <unknown>
#4 0x560d8797a824 <unknown>
#5 0x560d8795205d <unknown>
#6 0x560d87977c23 <unknown>
#7 0x560d87951e03 <unknown>
#8 0x560d8791e968 <unknown>
#9 0x560d8791f5e1 <unknown>
#10 0x560d87e29548 <unknown>
#11 0x560d87e2d272 <unknown>
#12 0x560d87e10313 <unknown>
#13 0x560d87e2ddc5 <unknown>
#14 0x560d87df549f <unknown>
#15 0x560d87e52158 <unknown>
#16 0x560d87e52332 <unknown>
#17 0x560d87e64a53 <unknown>
#18 0x7f5f1509caa4 <unknown>
#19 0x7f5f15129c3c <unknown>

2025-09-17 12:14:18,523 - INFO - 🎯 [40/47] Applying to: AI Engineer - LINK: https://www.dice.com/job-detail/113e71b5-9e6c-4a09-ae77-10df377f070c
2025-09-17 12:14:30,709 - INFO -    🔄 Looking for apply button...
2025-09-17 12:14:33,284 - INFO -    ✅ Apply button clicked (regular click)
2025-09-17 12:14:35,298 - INFO -    🔍 Checking if we're on application page...
2025-09-17 12:14:35,301 - INFO -    Current URL: https://www.dice.com/apply?eyJjb3JyZWxhdGlvbl9pZCI6IjQzMTk5NTVhLTJmMzgtNDBmMi05ZWI5LTliM2NmMmNjNGJiYSIsImRqdlZlcnNpb24iOiJuZXciLCJqb2JJZCI6IjExM2U3MWI1LTllNmMtNGEwOS1hZTc3LTEwZGYzNzdmMDcwYyIsImpvYlVybCI6Imh0dHBzOi8vd3d3LmRpY2UuY29tL2pvYi1kZXRhaWwvMTEzZTcxYjUtOWU2Yy00YTA5LWFlNzctMTBkZjM3N2YwNzBjIiwiam9iVGl0bGUiOiJBSSBFbmdpbmVlciIsInNlYXJjaExpbmsiOiIifQ=%3D
2025-09-17 12:14:35,304 - INFO -    Page title: Apply
2025-09-17 12:14:40,367 - INFO -    ✅ Successfully on application page
2025-09-17 12:14:40,379 - INFO -    🔄 Looking for NEXT button...
2025-09-17 12:14:41,847 - INFO -    ✅ NEXT button clicked
2025-09-17 12:14:45,009 - INFO -    🔄 Looking for SUBMIT button...
2025-09-17 12:14:46,722 - INFO -    ✅ SUBMIT button clicked
2025-09-17 12:14:46,722 - INFO -    ✅ Successfully applied!
2025-09-17 12:14:58,712 - INFO - 🎯 [41/47] Applying to: Data Analyst (Transportation & Logistics) - LINK: https://www.dice.com/job-detail/871dc335-842b-48c9-8446-4b9568ce7df2
2025-09-17 12:15:10,940 - WARNING -    ⚠️  Could not check application status: Message: no such element: Unable to locate element: {"method":"tag name","selector":"apply-button-wc"}
  (Session info: chrome=140.0.7339.127); For documentation on this error, please visit: https://www.selenium.dev/documentation/webdriver/troubleshooting/errors#nosuchelementexception
Stacktrace:
#0 0x560d87e6594a <unknown>
#1 0x560d878da8a0 <unknown>
#2 0x560d8792c540 <unknown>
#3 0x560d8792c731 <unknown>
#4 0x560d8797a824 <unknown>
#5 0x560d8795205d <unknown>
#6 0x560d87977c23 <unknown>
#7 0x560d87951e03 <unknown>
#8 0x560d8791e968 <unknown>
#9 0x560d8791f5e1 <unknown>
#10 0x560d87e29548 <unknown>
#11 0x560d87e2d272 <unknown>
#12 0x560d87e10313 <unknown>
#13 0x560d87e2ddc5 <unknown>
#14 0x560d87df549f <unknown>
#15 0x560d87e52158 <unknown>
#16 0x560d87e52332 <unknown>
#17 0x560d87e64a53 <unknown>
#18 0x7f5f1509caa4 <unknown>
#19 0x7f5f15129c3c <unknown>

2025-09-17 12:15:13,949 - INFO -    🔄 Looking for apply button...
2025-09-17 12:15:24,098 - ERROR -    ❌ Cannot find apply button: Message: 
Stacktrace:
#0 0x560d87e6594a <unknown>
#1 0x560d878da8a0 <unknown>
#2 0x560d8792c540 <unknown>
#3 0x560d8792c731 <unknown>
#4 0x560d8797a824 <unknown>
#5 0x560d8795205d <unknown>
#6 0x560d87977c23 <unknown>
#7 0x560d87951e03 <unknown>
#8 0x560d8791e968 <unknown>
#9 0x560d8791f5e1 <unknown>
#10 0x560d87e29548 <unknown>
#11 0x560d87e2d272 <unknown>
#12 0x560d87e10313 <unknown>
#13 0x560d87e2ddc5 <unknown>
#14 0x560d87df549f <unknown>
#15 0x560d87e52158 <unknown>
#16 0x560d87e52332 <unknown>
#17 0x560d87e64a53 <unknown>
#18 0x7f5f1509caa4 <unknown>
#19 0x7f5f15129c3c <unknown>

2025-09-17 12:15:35,926 - INFO - 🎯 [42/47] Applying to: GenAI Engineer : Dallas, TX : Long-Term Contract - LINK: https://www.dice.com/job-detail/32fd80f4-984a-46cc-9df4-202b752d68ce
2025-09-17 12:15:47,440 - WARNING -    ⚠️  Could not check application status: Message: no such element: Unable to locate element: {"method":"tag name","selector":"apply-button-wc"}
  (Session info: chrome=140.0.7339.127); For documentation on this error, please visit: https://www.selenium.dev/documentation/webdriver/troubleshooting/errors#nosuchelementexception
Stacktrace:
#0 0x560d87e6594a <unknown>
#1 0x560d878da8a0 <unknown>
#2 0x560d8792c540 <unknown>
#3 0x560d8792c731 <unknown>
#4 0x560d8797a824 <unknown>
#5 0x560d8795205d <unknown>
#6 0x560d87977c23 <unknown>
#7 0x560d87951e03 <unknown>
#8 0x560d8791e968 <unknown>
#9 0x560d8791f5e1 <unknown>
#10 0x560d87e29548 <unknown>
#11 0x560d87e2d272 <unknown>
#12 0x560d87e10313 <unknown>
#13 0x560d87e2ddc5 <unknown>
#14 0x560d87df549f <unknown>
#15 0x560d87e52158 <unknown>
#16 0x560d87e52332 <unknown>
#17 0x560d87e64a53 <unknown>
#18 0x7f5f1509caa4 <unknown>
#19 0x7f5f15129c3c <unknown>

2025-09-17 12:15:50,477 - INFO -    🔄 Looking for apply button...
2025-09-17 12:16:00,612 - ERROR -    ❌ Cannot find apply button: Message: 
Stacktrace:
#0 0x560d87e6594a <unknown>
#1 0x560d878da8a0 <unknown>
#2 0x560d8792c540 <unknown>
#3 0x560d8792c731 <unknown>
#4 0x560d8797a824 <unknown>
#5 0x560d8795205d <unknown>
#6 0x560d87977c23 <unknown>
#7 0x560d87951e03 <unknown>
#8 0x560d8791e968 <unknown>
#9 0x560d8791f5e1 <unknown>
#10 0x560d87e29548 <unknown>
#11 0x560d87e2d272 <unknown>
#12 0x560d87e10313 <unknown>
#13 0x560d87e2ddc5 <unknown>
#14 0x560d87df549f <unknown>
#15 0x560d87e52158 <unknown>
#16 0x560d87e52332 <unknown>
#17 0x560d87e64a53 <unknown>
#18 0x7f5f1509caa4 <unknown>
#19 0x7f5f15129c3c <unknown>

2025-09-17 12:16:11,686 - INFO - 🎯 [43/47] Applying to: Senior Data Scientist - LINK: https://www.dice.com/job-detail/ead09a7b-009b-433a-9d25-eafe206bf466
2025-09-17 12:16:28,031 - INFO -    🔄 Looking for apply button...
2025-09-17 12:16:29,600 - INFO -    ✅ Apply button clicked (regular click)
2025-09-17 12:16:32,553 - INFO -    🔍 Checking if we're on application page...
2025-09-17 12:16:32,556 - INFO -    Current URL: https://www.dice.com/apply?eyJjb3JyZWxhdGlvbl9pZCI6IjVlODFlMDlmLWJiODUtNGY0Yi04OTNlLTAzYmMxYjY2MDU4OCIsImRqdlZlcnNpb24iOiJuZXciLCJqb2JJZCI6ImVhZDA5YTdiLTAwOWItNDMzYS05ZDI1LWVhZmUyMDZiZjQ2NiIsImpvYlVybCI6Imh0dHBzOi8vd3d3LmRpY2UuY29tL2pvYi1kZXRhaWwvZWFkMDlhN2ItMDA5Yi00MzNhLTlkMjUtZWFmZTIwNmJmNDY2Iiwiam9iVGl0bGUiOiJTZW5pb3IgRGF0YSBTY2llbnRpc3QiLCJzZWFyY2hMaW5rIjoiIn0=
2025-09-17 12:16:32,559 - INFO -    Page title: Apply
2025-09-17 12:16:36,928 - INFO -    ✅ Successfully on application page
2025-09-17 12:16:36,939 - INFO -    🔄 Looking for NEXT button...
2025-09-17 12:16:39,602 - INFO -    ✅ NEXT button clicked
2025-09-17 12:16:42,644 - INFO -    🔄 Looking for SUBMIT button...
2025-09-17 12:16:44,703 - INFO -    ✅ SUBMIT button clicked
2025-09-17 12:16:44,703 - INFO -    ✅ Successfully applied!
2025-09-17 12:16:55,159 - INFO - 🎯 [44/47] Applying to: Data Engineer - LINK: https://www.dice.com/job-detail/4a5eecc1-0277-4ecc-bf75-f5547bff5cfd
2025-09-17 12:17:08,463 - INFO -    🔄 Looking for apply button...
2025-09-17 12:17:10,485 - INFO -    ✅ Apply button clicked (regular click)
2025-09-17 12:17:13,814 - INFO -    🔍 Checking if we're on application page...
2025-09-17 12:17:13,817 - INFO -    Current URL: https://www.dice.com/apply?eyJjb3JyZWxhdGlvbl9pZCI6IjRhNGEzNGQ4LTRjZDYtNDViOC1iOTAxLTRmZmI0MTA5YmJkZCIsImRqdlZlcnNpb24iOiJuZXciLCJqb2JJZCI6IjRhNWVlY2MxLTAyNzctNGVjYy1iZjc1LWY1NTQ3YmZmNWNmZCIsImpvYlVybCI6Imh0dHBzOi8vd3d3LmRpY2UuY29tL2pvYi1kZXRhaWwvNGE1ZWVjYzEtMDI3Ny00ZWNjLWJmNzUtZjU1NDdiZmY1Y2ZkIiwiam9iVGl0bGUiOiJEYXRhIEVuZ2luZWVyIiwic2VhcmNoTGluayI6IiJ9
2025-09-17 12:17:13,820 - INFO -    Page title: Apply
2025-09-17 12:17:18,447 - INFO -    ✅ Successfully on application page
2025-09-17 12:17:18,458 - INFO -    🔄 Looking for NEXT button...
2025-09-17 12:17:19,615 - INFO -    ✅ NEXT button clicked
2025-09-17 12:17:23,070 - INFO -    🔄 Looking for SUBMIT button...
2025-09-17 12:17:25,279 - INFO -    ✅ SUBMIT button clicked
2025-09-17 12:17:25,279 - INFO -    ✅ Successfully applied!
2025-09-17 12:17:35,408 - INFO - 🎯 [45/47] Applying to: Data Engineer || Redmond, WA || Onsite - LINK: https://www.dice.com/job-detail/8784105f-6223-491b-9da8-4e4d36cf480b
2025-09-17 12:17:46,128 - INFO -    🔄 Looking for apply button...
2025-09-17 12:17:48,035 - INFO -    ✅ Apply button clicked (regular click)
2025-09-17 12:17:50,735 - INFO -    🔍 Checking if we're on application page...
2025-09-17 12:17:50,738 - INFO -    Current URL: https://www.dice.com/apply?eyJjb3JyZWxhdGlvbl9pZCI6ImFiZDQwNjIwLTU3ZTEtNGU4OS04ZGNmLThmYmZmMThiZWIxNCIsImRqdlZlcnNpb24iOiJuZXciLCJqb2JJZCI6Ijg3ODQxMDVmLTYyMjMtNDkxYi05ZGE4LTRlNGQzNmNmNDgwYiIsImpvYlVybCI6Imh0dHBzOi8vd3d3LmRpY2UuY29tL2pvYi1kZXRhaWwvODc4NDEwNWYtNjIyMy00OTFiLTlkYTgtNGU0ZDM2Y2Y0ODBiIiwiam9iVGl0bGUiOiJEYXRhIEVuZ2luZWVyIHx8IFJlZG1vbmQsIFdBIHx8IE9uc2l0ZSIsInNlYXJjaExpbmsiOiIifQ=%3D
2025-09-17 12:17:50,742 - INFO -    Page title: Apply
2025-09-17 12:17:56,622 - INFO -    ✅ Successfully on application page
2025-09-17 12:17:56,633 - INFO -    🔄 Looking for NEXT button...
2025-09-17 12:17:58,388 - INFO -    ✅ NEXT button clicked
2025-09-17 12:18:01,741 - INFO -    🔄 Looking for SUBMIT button...
2025-09-17 12:18:02,523 - INFO -    ✅ SUBMIT button clicked
2025-09-17 12:18:02,523 - INFO -    ✅ Successfully applied!
2025-09-17 12:18:13,510 - INFO - 🎯 [46/47] Applying to: AWS Data Engineer with AWS + Sage maker - LINK: https://www.dice.com/job-detail/32e3600c-70ac-4620-a323-deb284ebfe39
2025-09-17 12:18:25,875 - INFO -    🔄 Looking for apply button...
2025-09-17 12:18:28,592 - INFO -    ✅ Apply button clicked (regular click)
2025-09-17 12:18:30,441 - INFO -    🔍 Checking if we're on application page...
2025-09-17 12:18:30,445 - INFO -    Current URL: https://www.dice.com/apply?eyJjb3JyZWxhdGlvbl9pZCI6IjBhZWFhZmM0LTdlODgtNGEzNS04NzM0LTNiMWU2ODljMTJjZCIsImRqdlZlcnNpb24iOiJuZXciLCJqb2JJZCI6IjMyZTM2MDBjLTcwYWMtNDYyMC1hMzIzLWRlYjI4NGViZmUzOSIsImpvYlVybCI6Imh0dHBzOi8vd3d3LmRpY2UuY29tL2pvYi1kZXRhaWwvMzJlMzYwMGMtNzBhYy00NjIwLWEzMjMtZGViMjg0ZWJmZTM5Iiwiam9iVGl0bGUiOiJBV1MgRGF0YSBFbmdpbmVlciB3aXRoIEFXUyArIFNhZ2UgbWFrZXIiLCJzZWFyY2hMaW5rIjoiIn0=
2025-09-17 12:18:30,448 - INFO -    Page title: Apply
2025-09-17 12:18:36,548 - INFO -    ✅ Successfully on application page
2025-09-17 12:18:36,560 - INFO -    🔄 Looking for NEXT button...
2025-09-17 12:18:38,841 - INFO -    ✅ NEXT button clicked
2025-09-17 12:18:42,235 - INFO -    🔄 Looking for SUBMIT button...
2025-09-17 12:18:42,710 - INFO -    ✅ SUBMIT button clicked
2025-09-17 12:18:42,710 - INFO -    ✅ Successfully applied!
2025-09-17 12:18:50,833 - INFO - 🎯 [47/47] Applying to: 3D POINT CLOUD ML ARCHITECT/DEVELOPERS - LINK: https://www.dice.com/job-detail/bcf6b2d8-a860-4591-bf50-d64505d62d72
2025-09-17 12:19:03,457 - INFO -    🔄 Looking for apply button...
2025-09-17 12:19:06,342 - INFO -    ✅ Apply button clicked (regular click)
2025-09-17 12:19:10,239 - INFO -    🔍 Checking if we're on application page...
2025-09-17 12:19:10,242 - INFO -    Current URL: https://www.dice.com/apply?eyJjb3JyZWxhdGlvbl9pZCI6ImU2MTdjNTVmLWVkY2UtNGQ2MS1hMDQwLWYyODA3MzJjOWRjZSIsImRqdlZlcnNpb24iOiJuZXciLCJqb2JJZCI6ImJjZjZiMmQ4LWE4NjAtNDU5MS1iZjUwLWQ2NDUwNWQ2MmQ3MiIsImpvYlVybCI6Imh0dHBzOi8vd3d3LmRpY2UuY29tL2pvYi1kZXRhaWwvYmNmNmIyZDgtYTg2MC00NTkxLWJmNTAtZDY0NTA1ZDYyZDcyIiwiam9iVGl0bGUiOiIzRCBQT0lOVCBDTE9VRCBNTCBBUkNISVRFQ1QvREVWRUxPUEVSUyIsInNlYXJjaExpbmsiOiIifQ=%3D
2025-09-17 12:19:10,245 - INFO -    Page title: Apply
2025-09-17 12:19:15,539 - INFO -    ✅ Successfully on application page
2025-09-17 12:19:15,551 - INFO -    🔄 Looking for NEXT button...
2025-09-17 12:19:17,753 - INFO -    ✅ NEXT button clicked
2025-09-17 12:19:21,645 - INFO -    🔄 Looking for SUBMIT button...
2025-09-17 12:19:23,682 - INFO -    ✅ SUBMIT button clicked
2025-09-17 12:19:23,682 - INFO -    ✅ Successfully applied!
2025-09-17 12:19:26,186 - INFO - 📊 Processing results...
2025-09-17 12:19:26,230 - INFO - 🎉 Application run completed!
2025-09-17 12:19:26,230 - INFO -    ✅ Newly applied: 43
2025-09-17 12:19:26,230 - INFO -    ⏭️  Already applied: 0
2025-09-17 12:19:26,230 - INFO -    ❌ Failed: 4
2025-09-17 12:19:26,230 - INFO -    📊 Total processed: 47
2025-09-17 12:19:26,230 - INFO -    📁 Total jobs in CSV: 3396
2025-09-17 12:19:26,230 - INFO -    💾 Updated: output/final_ml_jobs.csv
2025-09-17 12:19:26,230 - INFO - 🔧 Closing browser...
