2025-09-13 23:52:58,390 - INFO - 🚀 Starting ROBUST stealth job application bot
2025-09-13 23:52:58,390 - INFO - ⚙️  Debug mode: OFF
2025-09-13 23:52:58,390 - INFO - ⚙️  Process failed jobs: False
2025-09-13 23:53:07,584 - INFO - 📂 Loading jobs from output/final_ml_jobs.csv
2025-09-13 23:53:07,609 - INFO -    📊 Total jobs in file: 2746
2025-09-13 23:53:07,612 - INFO -    🎯 Easy Apply jobs: 2746
2025-09-13 23:53:07,613 - INFO -    ⏳ Jobs to process: 19 (status: pending)
2025-09-13 23:53:07,614 - INFO - 🎲 Will attempt 19 applications this run (target: 73)
2025-09-13 23:53:07,614 - INFO - 🔑 Logging into Dice...
2025-09-13 23:53:11,012 - INFO - ✅ Login successful
2025-09-13 23:53:13,790 - INFO - 🔄 Starting job applications...
2025-09-13 23:53:13,791 - INFO - 🎯 [1/19] Applying to: SAP R2R Data Consultant - LINK: https://www.dice.com/job-detail/e89edfcd-e107-492b-b0dc-520bcea98da2
2025-09-13 23:53:27,034 - WARNING -    ⚠️  Could not check application status: Message: no such element: Unable to locate element: {"method":"tag name","selector":"apply-button-wc"}
  (Session info: chrome=140.0.7339.80); For documentation on this error, please visit: https://www.selenium.dev/documentation/webdriver/troubleshooting/errors#nosuchelementexception
Stacktrace:
#0 0x563fc675494a <unknown>
#1 0x563fc61c98a0 <unknown>
#2 0x563fc621b540 <unknown>
#3 0x563fc621b731 <unknown>
#4 0x563fc6269824 <unknown>
#5 0x563fc624105d <unknown>
#6 0x563fc6266c23 <unknown>
#7 0x563fc6240e03 <unknown>
#8 0x563fc620d968 <unknown>
#9 0x563fc620e5e1 <unknown>
#10 0x563fc6718548 <unknown>
#11 0x563fc671c272 <unknown>
#12 0x563fc66ff313 <unknown>
#13 0x563fc671cdc5 <unknown>
#14 0x563fc66e449f <unknown>
#15 0x563fc6741158 <unknown>
#16 0x563fc6741332 <unknown>
#17 0x563fc6753a53 <unknown>
#18 0x7f076ea9caa4 <unknown>
#19 0x7f076eb29c3c <unknown>

2025-09-13 23:53:30,065 - INFO -    🔄 Looking for apply button...
2025-09-13 23:53:40,152 - ERROR -    ❌ Cannot find apply button: Message: 
Stacktrace:
#0 0x563fc675494a <unknown>
#1 0x563fc61c98a0 <unknown>
#2 0x563fc621b540 <unknown>
#3 0x563fc621b731 <unknown>
#4 0x563fc6269824 <unknown>
#5 0x563fc624105d <unknown>
#6 0x563fc6266c23 <unknown>
#7 0x563fc6240e03 <unknown>
#8 0x563fc620d968 <unknown>
#9 0x563fc620e5e1 <unknown>
#10 0x563fc6718548 <unknown>
#11 0x563fc671c272 <unknown>
#12 0x563fc66ff313 <unknown>
#13 0x563fc671cdc5 <unknown>
#14 0x563fc66e449f <unknown>
#15 0x563fc6741158 <unknown>
#16 0x563fc6741332 <unknown>
#17 0x563fc6753a53 <unknown>
#18 0x7f076ea9caa4 <unknown>
#19 0x7f076eb29c3c <unknown>

2025-09-13 23:53:50,281 - INFO - 🎯 [2/19] Applying to: Senior Embedded Software Engineer - LINK: https://www.dice.com/job-detail/1109014d-2206-4fb2-89dc-f2235e9f0934
2025-09-13 23:54:02,321 - WARNING -    ⚠️  Could not check application status: Message: no such element: Unable to locate element: {"method":"tag name","selector":"apply-button-wc"}
  (Session info: chrome=140.0.7339.80); For documentation on this error, please visit: https://www.selenium.dev/documentation/webdriver/troubleshooting/errors#nosuchelementexception
Stacktrace:
#0 0x563fc675494a <unknown>
#1 0x563fc61c98a0 <unknown>
#2 0x563fc621b540 <unknown>
#3 0x563fc621b731 <unknown>
#4 0x563fc6269824 <unknown>
#5 0x563fc624105d <unknown>
#6 0x563fc6266c23 <unknown>
#7 0x563fc6240e03 <unknown>
#8 0x563fc620d968 <unknown>
#9 0x563fc620e5e1 <unknown>
#10 0x563fc6718548 <unknown>
#11 0x563fc671c272 <unknown>
#12 0x563fc66ff313 <unknown>
#13 0x563fc671cdc5 <unknown>
#14 0x563fc66e449f <unknown>
#15 0x563fc6741158 <unknown>
#16 0x563fc6741332 <unknown>
#17 0x563fc6753a53 <unknown>
#18 0x7f076ea9caa4 <unknown>
#19 0x7f076eb29c3c <unknown>

2025-09-13 23:54:05,347 - INFO -    🔄 Looking for apply button...
2025-09-13 23:54:15,465 - ERROR -    ❌ Cannot find apply button: Message: 
Stacktrace:
#0 0x563fc675494a <unknown>
#1 0x563fc61c98a0 <unknown>
#2 0x563fc621b540 <unknown>
#3 0x563fc621b731 <unknown>
#4 0x563fc6269824 <unknown>
#5 0x563fc624105d <unknown>
#6 0x563fc6266c23 <unknown>
#7 0x563fc6240e03 <unknown>
#8 0x563fc620d968 <unknown>
#9 0x563fc620e5e1 <unknown>
#10 0x563fc6718548 <unknown>
#11 0x563fc671c272 <unknown>
#12 0x563fc66ff313 <unknown>
#13 0x563fc671cdc5 <unknown>
#14 0x563fc66e449f <unknown>
#15 0x563fc6741158 <unknown>
#16 0x563fc6741332 <unknown>
#17 0x563fc6753a53 <unknown>
#18 0x7f076ea9caa4 <unknown>
#19 0x7f076eb29c3c <unknown>

2025-09-13 23:54:24,383 - INFO - 🎯 [3/19] Applying to: Lead Business Analyst - LINK: https://www.dice.com/job-detail/6fe5e79b-ca3a-46d9-8a8a-d37e029a9f4d
2025-09-13 23:54:36,498 - WARNING -    ⚠️  Could not check application status: Message: no such element: Unable to locate element: {"method":"tag name","selector":"apply-button-wc"}
  (Session info: chrome=140.0.7339.80); For documentation on this error, please visit: https://www.selenium.dev/documentation/webdriver/troubleshooting/errors#nosuchelementexception
Stacktrace:
#0 0x563fc675494a <unknown>
#1 0x563fc61c98a0 <unknown>
#2 0x563fc621b540 <unknown>
#3 0x563fc621b731 <unknown>
#4 0x563fc6269824 <unknown>
#5 0x563fc624105d <unknown>
#6 0x563fc6266c23 <unknown>
#7 0x563fc6240e03 <unknown>
#8 0x563fc620d968 <unknown>
#9 0x563fc620e5e1 <unknown>
#10 0x563fc6718548 <unknown>
#11 0x563fc671c272 <unknown>
#12 0x563fc66ff313 <unknown>
#13 0x563fc671cdc5 <unknown>
#14 0x563fc66e449f <unknown>
#15 0x563fc6741158 <unknown>
#16 0x563fc6741332 <unknown>
#17 0x563fc6753a53 <unknown>
#18 0x7f076ea9caa4 <unknown>
#19 0x7f076eb29c3c <unknown>

2025-09-13 23:54:39,524 - INFO -    🔄 Looking for apply button...
2025-09-13 23:54:49,597 - ERROR -    ❌ Cannot find apply button: Message: 
Stacktrace:
#0 0x563fc675494a <unknown>
#1 0x563fc61c98a0 <unknown>
#2 0x563fc621b540 <unknown>
#3 0x563fc621b731 <unknown>
#4 0x563fc6269824 <unknown>
#5 0x563fc624105d <unknown>
#6 0x563fc6266c23 <unknown>
#7 0x563fc6240e03 <unknown>
#8 0x563fc620d968 <unknown>
#9 0x563fc620e5e1 <unknown>
#10 0x563fc6718548 <unknown>
#11 0x563fc671c272 <unknown>
#12 0x563fc66ff313 <unknown>
#13 0x563fc671cdc5 <unknown>
#14 0x563fc66e449f <unknown>
#15 0x563fc6741158 <unknown>
#16 0x563fc6741332 <unknown>
#17 0x563fc6753a53 <unknown>
#18 0x7f076ea9caa4 <unknown>
#19 0x7f076eb29c3c <unknown>

2025-09-13 23:55:02,957 - INFO - 🎯 [4/19] Applying to: Cloud Data Engineer (AWS / Databricks) - LINK: https://www.dice.com/job-detail/5360eb71-b33c-4469-aa68-f282c65f3df6
2025-09-13 23:55:14,386 - WARNING -    ⚠️  Could not check application status: Message: no such element: Unable to locate element: {"method":"tag name","selector":"apply-button-wc"}
  (Session info: chrome=140.0.7339.80); For documentation on this error, please visit: https://www.selenium.dev/documentation/webdriver/troubleshooting/errors#nosuchelementexception
Stacktrace:
#0 0x563fc675494a <unknown>
#1 0x563fc61c98a0 <unknown>
#2 0x563fc621b540 <unknown>
#3 0x563fc621b731 <unknown>
#4 0x563fc6269824 <unknown>
#5 0x563fc624105d <unknown>
#6 0x563fc6266c23 <unknown>
#7 0x563fc6240e03 <unknown>
#8 0x563fc620d968 <unknown>
#9 0x563fc620e5e1 <unknown>
#10 0x563fc6718548 <unknown>
#11 0x563fc671c272 <unknown>
#12 0x563fc66ff313 <unknown>
#13 0x563fc671cdc5 <unknown>
#14 0x563fc66e449f <unknown>
#15 0x563fc6741158 <unknown>
#16 0x563fc6741332 <unknown>
#17 0x563fc6753a53 <unknown>
#18 0x7f076ea9caa4 <unknown>
#19 0x7f076eb29c3c <unknown>

2025-09-13 23:55:17,413 - INFO -    🔄 Looking for apply button...
2025-09-13 23:55:27,511 - ERROR -    ❌ Cannot find apply button: Message: 
Stacktrace:
#0 0x563fc675494a <unknown>
#1 0x563fc61c98a0 <unknown>
#2 0x563fc621b540 <unknown>
#3 0x563fc621b731 <unknown>
#4 0x563fc6269824 <unknown>
#5 0x563fc624105d <unknown>
#6 0x563fc6266c23 <unknown>
#7 0x563fc6240e03 <unknown>
#8 0x563fc620d968 <unknown>
#9 0x563fc620e5e1 <unknown>
#10 0x563fc6718548 <unknown>
#11 0x563fc671c272 <unknown>
#12 0x563fc66ff313 <unknown>
#13 0x563fc671cdc5 <unknown>
#14 0x563fc66e449f <unknown>
#15 0x563fc6741158 <unknown>
#16 0x563fc6741332 <unknown>
#17 0x563fc6753a53 <unknown>
#18 0x7f076ea9caa4 <unknown>
#19 0x7f076eb29c3c <unknown>

2025-09-13 23:55:40,331 - INFO - 🎯 [5/19] Applying to: Senior Data Analyst - Telecom OSS/BSS domain expertise and Locals mandatory - LINK: https://www.dice.com/job-detail/8c368857-87ff-4e0a-a944-f71e45bd75fe
2025-09-13 23:55:52,718 - INFO -    🔄 Looking for apply button...
2025-09-13 23:55:54,605 - INFO -    ✅ Apply button clicked (regular click)
2025-09-13 23:55:57,034 - INFO -    🔍 Checking if we're on application page...
2025-09-13 23:55:57,037 - INFO -    Current URL: https://www.dice.com/apply?eyJjb3JyZWxhdGlvbl9pZCI6IjZjYmFmZDMyLWUzMmEtNGIzNS1iYzRiLTc3MDMzNDM1MWM4OSIsImRqdlZlcnNpb24iOiJuZXciLCJqb2JJZCI6IjhjMzY4ODU3LTg3ZmYtNGUwYS1hOTQ0LWY3MWU0NWJkNzVmZSIsImpvYlVybCI6Imh0dHBzOi8vd3d3LmRpY2UuY29tL2pvYi1kZXRhaWwvOGMzNjg4NTctODdmZi00ZTBhLWE5NDQtZjcxZTQ1YmQ3NWZlIiwiam9iVGl0bGUiOiJTZW5pb3IgRGF0YSBBbmFseXN0IC0gVGVsZWNvbSBPU1MvQlNTIGRvbWFpbiBleHBlcnRpc2UgYW5kIExvY2FscyBtYW5kYXRvcnkiLCJzZWFyY2hMaW5rIjoiIn0=
2025-09-13 23:55:57,041 - INFO -    Page title: Apply
2025-09-13 23:56:02,144 - INFO -    ✅ Successfully on application page
2025-09-13 23:56:02,157 - INFO -    🔄 Looking for NEXT button...
2025-09-13 23:56:03,712 - INFO -    ✅ NEXT button clicked
2025-09-13 23:56:06,680 - INFO -    🔄 Looking for SUBMIT button...
2025-09-13 23:56:09,164 - INFO -    ✅ SUBMIT button clicked
2025-09-13 23:56:09,164 - INFO -    ✅ Successfully applied!
2025-09-13 23:56:18,565 - INFO - 🎯 [6/19] Applying to: Azure Data Engineer with Big Data - LINK: https://www.dice.com/job-detail/4e63ad2c-d1d3-4ee9-abc1-b81414853183
2025-09-13 23:56:31,443 - INFO -    🔄 Looking for apply button...
2025-09-13 23:56:34,043 - INFO -    ✅ Apply button clicked (regular click)
2025-09-13 23:56:37,970 - INFO -    🔍 Checking if we're on application page...
2025-09-13 23:56:37,973 - INFO -    Current URL: https://www.dice.com/apply?eyJjb3JyZWxhdGlvbl9pZCI6ImEyZTkxYTJmLTUyZTMtNDQ3Yy04ZTIzLTlmNWEzMzRhMzIxNyIsImRqdlZlcnNpb24iOiJuZXciLCJqb2JJZCI6IjRlNjNhZDJjLWQxZDMtNGVlOS1hYmMxLWI4MTQxNDg1MzE4MyIsImpvYlVybCI6Imh0dHBzOi8vd3d3LmRpY2UuY29tL2pvYi1kZXRhaWwvNGU2M2FkMmMtZDFkMy00ZWU5LWFiYzEtYjgxNDE0ODUzMTgzIiwiam9iVGl0bGUiOiJBenVyZSBEYXRhIEVuZ2luZWVyIHdpdGggQmlnIERhdGEiLCJzZWFyY2hMaW5rIjoiIn0=
2025-09-13 23:56:37,977 - INFO -    Page title: Apply
2025-09-13 23:56:43,690 - INFO -    ✅ Successfully on application page
2025-09-13 23:56:43,702 - INFO -    🔄 Looking for NEXT button...
2025-09-13 23:56:46,417 - INFO -    ✅ NEXT button clicked
2025-09-13 23:56:49,146 - INFO -    🔄 Looking for SUBMIT button...
2025-09-13 23:56:50,424 - INFO -    ✅ SUBMIT button clicked
2025-09-13 23:56:50,425 - INFO -    ✅ Successfully applied!
2025-09-13 23:56:58,525 - INFO - 🎯 [7/19] Applying to: AWS Data Engineer - LINK: https://www.dice.com/job-detail/16179aeb-faef-49e4-ad0f-7c7e50939b32
2025-09-13 23:57:09,466 - INFO -    🔄 Looking for apply button...
2025-09-13 23:57:11,662 - INFO -    ✅ Apply button clicked (regular click)
2025-09-13 23:57:14,730 - INFO -    🔍 Checking if we're on application page...
2025-09-13 23:57:14,735 - INFO -    Current URL: https://www.dice.com/apply?eyJjb3JyZWxhdGlvbl9pZCI6ImYxYTVjZDdhLWE0YTgtNGY0Ni1hNjkyLTA0NTU3ZTlmNmViMSIsImRqdlZlcnNpb24iOiJuZXciLCJqb2JJZCI6IjE2MTc5YWViLWZhZWYtNDllNC1hZDBmLTdjN2U1MDkzOWIzMiIsImpvYlVybCI6Imh0dHBzOi8vd3d3LmRpY2UuY29tL2pvYi1kZXRhaWwvMTYxNzlhZWItZmFlZi00OWU0LWFkMGYtN2M3ZTUwOTM5YjMyIiwiam9iVGl0bGUiOiJBV1MgRGF0YSBFbmdpbmVlciIsInNlYXJjaExpbmsiOiIifQ=%3D
2025-09-13 23:57:14,739 - INFO -    Page title: Apply
2025-09-13 23:57:19,903 - INFO -    ✅ Successfully on application page
2025-09-13 23:57:19,916 - INFO -    🔄 Looking for NEXT button...
2025-09-13 23:57:21,725 - INFO -    ✅ NEXT button clicked
2025-09-13 23:57:24,548 - INFO -    🔄 Looking for SUBMIT button...
2025-09-13 23:57:26,420 - INFO -    ✅ SUBMIT button clicked
2025-09-13 23:57:26,420 - INFO -    ✅ Successfully applied!
2025-09-13 23:57:35,890 - INFO - 🎯 [8/19] Applying to: Data Analyst - LINK: https://www.dice.com/job-detail/4d2d0bb9-4362-41b2-a254-244c5dea6b4c
2025-09-13 23:57:48,057 - INFO -    🔄 Looking for apply button...
2025-09-13 23:57:50,358 - INFO -    ✅ Apply button clicked (regular click)
2025-09-13 23:57:52,019 - INFO -    🔍 Checking if we're on application page...
2025-09-13 23:57:52,022 - INFO -    Current URL: https://www.dice.com/apply?eyJjb3JyZWxhdGlvbl9pZCI6ImFhZmRlNjU2LTg0OWQtNGFiMi1iYmQyLWQ3ZDM1ZTZmN2UzYiIsImRqdlZlcnNpb24iOiJuZXciLCJqb2JJZCI6IjRkMmQwYmI5LTQzNjItNDFiMi1hMjU0LTI0NGM1ZGVhNmI0YyIsImpvYlVybCI6Imh0dHBzOi8vd3d3LmRpY2UuY29tL2pvYi1kZXRhaWwvNGQyZDBiYjktNDM2Mi00MWIyLWEyNTQtMjQ0YzVkZWE2YjRjIiwiam9iVGl0bGUiOiJEYXRhIEFuYWx5c3QiLCJzZWFyY2hMaW5rIjoiIn0=
2025-09-13 23:57:52,026 - INFO -    Page title: Apply
2025-09-13 23:57:57,617 - INFO -    ✅ Successfully on application page
2025-09-13 23:57:57,636 - INFO -    🔄 Looking for NEXT button...
2025-09-13 23:57:59,541 - INFO -    ✅ NEXT button clicked
2025-09-13 23:58:02,710 - INFO -    🔄 Looking for SUBMIT button...
2025-09-13 23:58:03,820 - INFO -    ✅ SUBMIT button clicked
2025-09-13 23:58:03,820 - INFO -    ✅ Successfully applied!
2025-09-13 23:58:14,221 - INFO - 🎯 [9/19] Applying to: IAM consultant at Phoenix, AZ (Onsite) - LINK: https://www.dice.com/job-detail/fa3dee6c-1d00-46fd-ad95-12387a18083f
2025-09-13 23:58:24,998 - INFO -    ⏭️  Already applied - skipping
2025-09-13 23:58:37,181 - INFO - 🎯 [10/19] Applying to: GenAI Solution Architect - LINK: https://www.dice.com/job-detail/14a58fb4-dd1a-41bb-b728-e7a3587463be
2025-09-13 23:58:47,982 - INFO -    🔄 Looking for apply button...
2025-09-13 23:58:51,079 - INFO -    ✅ Apply button clicked (regular click)
2025-09-13 23:58:53,841 - INFO -    🔍 Checking if we're on application page...
2025-09-13 23:58:53,845 - INFO -    Current URL: https://www.dice.com/apply?eyJjb3JyZWxhdGlvbl9pZCI6ImZiZTQ2MDNjLWEzYjctNDJiYS04MzIyLTIzZjdhZDI4Mzc1NiIsImRqdlZlcnNpb24iOiJuZXciLCJqb2JJZCI6IjE0YTU4ZmI0LWRkMWEtNDFiYi1iNzI4LWU3YTM1ODc0NjNiZSIsImpvYlVybCI6Imh0dHBzOi8vd3d3LmRpY2UuY29tL2pvYi1kZXRhaWwvMTRhNThmYjQtZGQxYS00MWJiLWI3MjgtZTdhMzU4NzQ2M2JlIiwiam9iVGl0bGUiOiJHZW5BSSBTb2x1dGlvbiBBcmNoaXRlY3QiLCJzZWFyY2hMaW5rIjoiIn0=
2025-09-13 23:58:53,850 - INFO -    Page title: Apply
2025-09-13 23:58:59,706 - INFO -    ✅ Successfully on application page
2025-09-13 23:58:59,718 - INFO -    🔄 Looking for NEXT button...
2025-09-13 23:59:02,501 - INFO -    ✅ NEXT button clicked
2025-09-13 23:59:04,503 - INFO -    🔄 Looking for SUBMIT button...
2025-09-13 23:59:06,530 - INFO -    ✅ SUBMIT button clicked
2025-09-13 23:59:06,531 - INFO -    ✅ Successfully applied!
2025-09-13 23:59:15,654 - INFO - 🎯 [11/19] Applying to: Senior Java Software Engineer Backend Services ,Oracle DB & Snowflake - LINK: https://www.dice.com/job-detail/06e0cceb-cf5f-4848-948a-9821e77ee289
2025-09-13 23:59:28,237 - INFO -    🔄 Looking for apply button...
2025-09-13 23:59:31,077 - INFO -    ✅ Apply button clicked (regular click)
2025-09-13 23:59:33,623 - INFO -    🔍 Checking if we're on application page...
2025-09-13 23:59:33,627 - INFO -    Current URL: https://www.dice.com/apply?eyJjb3JyZWxhdGlvbl9pZCI6IjczZjFlNDQ1LWY4MTgtNDkwZC1iZDIxLWMxMjQzY2U1ODlmOSIsImRqdlZlcnNpb24iOiJuZXciLCJqb2JJZCI6IjA2ZTBjY2ViLWNmNWYtNDg0OC05NDhhLTk4MjFlNzdlZTI4OSIsImpvYlVybCI6Imh0dHBzOi8vd3d3LmRpY2UuY29tL2pvYi1kZXRhaWwvMDZlMGNjZWItY2Y1Zi00ODQ4LTk0OGEtOTgyMWU3N2VlMjg5Iiwiam9iVGl0bGUiOiJTZW5pb3IgSmF2YSBTb2Z0d2FyZSBFbmdpbmVlciAgQmFja2VuZCBTZXJ2aWNlcyAsT3JhY2xlIERCICZhbXA7IFNub3dmbGFrZSIsInNlYXJjaExpbmsiOiIifQ=%3D
2025-09-13 23:59:33,630 - INFO -    Page title: Apply
2025-09-13 23:59:37,823 - INFO -    ✅ Successfully on application page
2025-09-13 23:59:37,841 - INFO -    🔄 Looking for NEXT button...
2025-09-13 23:59:40,627 - INFO -    ✅ NEXT button clicked
2025-09-13 23:59:43,400 - INFO -    🔄 Looking for SUBMIT button...
2025-09-13 23:59:44,369 - INFO -    ✅ SUBMIT button clicked
2025-09-13 23:59:44,369 - INFO -    ✅ Successfully applied!
2025-09-13 23:59:53,987 - INFO - 🎯 [12/19] Applying to: Sr Data Analyst (12+ Years and locals)- Reading PA - Onsite -F2F interview for client round - LINK: https://www.dice.com/job-detail/17591c55-cdea-4949-9664-b7112053b6c4
2025-09-14 00:00:07,284 - INFO -    🔄 Looking for apply button...
2025-09-14 00:00:10,194 - INFO -    ✅ Apply button clicked (regular click)
2025-09-14 00:00:13,718 - INFO -    🔍 Checking if we're on application page...
2025-09-14 00:00:13,722 - INFO -    Current URL: https://www.dice.com/apply?eyJjb3JyZWxhdGlvbl9pZCI6ImNkMzRkZTc0LTY1OTctNDU3YS1iN2FhLTlkYzY0MjQ4ODdhMSIsImRqdlZlcnNpb24iOiJuZXciLCJqb2JJZCI6IjE3NTkxYzU1LWNkZWEtNDk0OS05NjY0LWI3MTEyMDUzYjZjNCIsImpvYlVybCI6Imh0dHBzOi8vd3d3LmRpY2UuY29tL2pvYi1kZXRhaWwvMTc1OTFjNTUtY2RlYS00OTQ5LTk2NjQtYjcxMTIwNTNiNmM0Iiwiam9iVGl0bGUiOiJTciBEYXRhIEFuYWx5c3QgKDEyKyBZZWFycyBhbmQgbG9jYWxzKS0gUmVhZGluZyBQQSAtIE9uc2l0ZSAtRjJGIGludGVydmlldyBmb3IgY2xpZW50IHJvdW5kIiwic2VhcmNoTGluayI6IiJ9
2025-09-14 00:00:13,726 - INFO -    Page title: Apply
2025-09-14 00:00:19,344 - INFO -    ✅ Successfully on application page
2025-09-14 00:00:19,358 - INFO -    🔄 Looking for NEXT button...
2025-09-14 00:00:21,038 - INFO -    ✅ NEXT button clicked
2025-09-14 00:00:23,723 - INFO -    🔄 Looking for SUBMIT button...
2025-09-14 00:00:25,303 - INFO -    ✅ SUBMIT button clicked
2025-09-14 00:00:25,303 - INFO -    ✅ Successfully applied!
2025-09-14 00:00:34,819 - INFO - 🎯 [13/19] Applying to: Senior Data Engineer Google Cloud Platform & Python (Architect Level) - LINK: https://www.dice.com/job-detail/86e218f5-19eb-470d-b085-1897a355c0e5
2025-09-14 00:00:46,453 - INFO -    🔄 Looking for apply button...
2025-09-14 00:00:48,923 - INFO -    ✅ Apply button clicked (regular click)
2025-09-14 00:00:51,534 - INFO -    🔍 Checking if we're on application page...
2025-09-14 00:00:51,538 - INFO -    Current URL: https://www.dice.com/apply?eyJjb3JyZWxhdGlvbl9pZCI6ImNkZTM5OTE1LTM5NWMtNGVjMy1hNDU5LWMwOTVlMTI3MmI3MCIsImRqdlZlcnNpb24iOiJuZXciLCJqb2JJZCI6Ijg2ZTIxOGY1LTE5ZWItNDcwZC1iMDg1LTE4OTdhMzU1YzBlNSIsImpvYlVybCI6Imh0dHBzOi8vd3d3LmRpY2UuY29tL2pvYi1kZXRhaWwvODZlMjE4ZjUtMTllYi00NzBkLWIwODUtMTg5N2EzNTVjMGU1Iiwiam9iVGl0bGUiOiJTZW5pb3IgRGF0YSBFbmdpbmVlciAgR29vZ2xlIENsb3VkIFBsYXRmb3JtICZhbXA7IFB5dGhvbiAoQXJjaGl0ZWN0IExldmVsKSIsInNlYXJjaExpbmsiOiIifQ=%3D
2025-09-14 00:00:51,547 - INFO -    Page title: Apply
2025-09-14 00:00:56,364 - INFO -    ✅ Successfully on application page
2025-09-14 00:00:56,375 - INFO -    🔄 Looking for NEXT button...
2025-09-14 00:00:58,822 - INFO -    ✅ NEXT button clicked
2025-09-14 00:01:01,559 - INFO -    🔄 Looking for SUBMIT button...
2025-09-14 00:01:03,494 - INFO -    ✅ SUBMIT button clicked
2025-09-14 00:01:03,494 - INFO -    ✅ Successfully applied!
2025-09-14 00:01:12,869 - INFO - 🎯 [14/19] Applying to: DATA ANALYST - ENTRY LEVEL - LINK: https://www.dice.com/job-detail/884174ba-3582-4980-a051-d4f9fe0c2f7b
2025-09-14 00:01:24,638 - INFO -    🔄 Looking for apply button...
2025-09-14 00:01:26,047 - INFO -    ✅ Apply button clicked (regular click)
2025-09-14 00:01:29,262 - INFO -    🔍 Checking if we're on application page...
2025-09-14 00:01:29,266 - INFO -    Current URL: https://www.dice.com/apply?eyJjb3JyZWxhdGlvbl9pZCI6IjJhODhkZDAwLTUwZTUtNGM0MS05MGE2LWVmMTYyMDBmN2QxNiIsImRqdlZlcnNpb24iOiJuZXciLCJqb2JJZCI6Ijg4NDE3NGJhLTM1ODItNDk4MC1hMDUxLWQ0ZjlmZTBjMmY3YiIsImpvYlVybCI6Imh0dHBzOi8vd3d3LmRpY2UuY29tL2pvYi1kZXRhaWwvODg0MTc0YmEtMzU4Mi00OTgwLWEwNTEtZDRmOWZlMGMyZjdiIiwiam9iVGl0bGUiOiJEQVRBIEFOQUxZU1QgLSBFTlRSWSBMRVZFTCIsInNlYXJjaExpbmsiOiIifQ=%3D
2025-09-14 00:01:29,269 - INFO -    Page title: Apply
2025-09-14 00:01:34,508 - INFO -    ✅ Successfully on application page
2025-09-14 00:01:34,519 - INFO -    🔄 Looking for NEXT button...
2025-09-14 00:01:35,280 - INFO -    ✅ NEXT button clicked
2025-09-14 00:01:39,793 - INFO -    🔄 Looking for SUBMIT button...
2025-09-14 00:01:42,695 - INFO -    ✅ SUBMIT button clicked
2025-09-14 00:01:42,695 - INFO -    ✅ Successfully applied!
2025-09-14 00:01:53,432 - INFO - 🎯 [15/19] Applying to: Senior Business Analyst - LINK: https://www.dice.com/job-detail/20d51081-38f3-4c89-ae00-0cbe5ae84abb
2025-09-14 00:02:05,767 - INFO -    🔄 Looking for apply button...
2025-09-14 00:02:07,161 - INFO -    ✅ Apply button clicked (regular click)
2025-09-14 00:02:10,271 - INFO -    🔍 Checking if we're on application page...
2025-09-14 00:02:10,275 - INFO -    Current URL: https://www.dice.com/apply?eyJjb3JyZWxhdGlvbl9pZCI6ImUzNWI5OTlhLTYyYjgtNDI0My04MDc3LWMxOGU1NWRhYWM5MCIsImRqdlZlcnNpb24iOiJuZXciLCJqb2JJZCI6IjIwZDUxMDgxLTM4ZjMtNGM4OS1hZTAwLTBjYmU1YWU4NGFiYiIsImpvYlVybCI6Imh0dHBzOi8vd3d3LmRpY2UuY29tL2pvYi1kZXRhaWwvMjBkNTEwODEtMzhmMy00Yzg5LWFlMDAtMGNiZTVhZTg0YWJiIiwiam9iVGl0bGUiOiJTZW5pb3IgQnVzaW5lc3MgQW5hbHlzdCIsInNlYXJjaExpbmsiOiIifQ=%3D
2025-09-14 00:02:10,278 - INFO -    Page title: Apply
2025-09-14 00:02:15,398 - INFO -    ✅ Successfully on application page
2025-09-14 00:02:15,410 - INFO -    🔄 Looking for NEXT button...
2025-09-14 00:02:17,165 - INFO -    ✅ NEXT button clicked
2025-09-14 00:02:21,000 - INFO -    🔄 Looking for SUBMIT button...
2025-09-14 00:02:22,439 - INFO -    ✅ SUBMIT button clicked
2025-09-14 00:02:22,439 - INFO -    ✅ Successfully applied!
2025-09-14 00:02:32,722 - INFO - 🎯 [16/19] Applying to: AWS Data Engineer - LINK: https://www.dice.com/job-detail/4875e25b-e801-4f47-894f-c128c5689a3e
2025-09-14 00:02:45,794 - WARNING -    ⚠️  Could not check application status: Message: no such element: Unable to locate element: {"method":"tag name","selector":"apply-button-wc"}
  (Session info: chrome=140.0.7339.80); For documentation on this error, please visit: https://www.selenium.dev/documentation/webdriver/troubleshooting/errors#nosuchelementexception
Stacktrace:
#0 0x563fc675494a <unknown>
#1 0x563fc61c98a0 <unknown>
#2 0x563fc621b540 <unknown>
#3 0x563fc621b731 <unknown>
#4 0x563fc6269824 <unknown>
#5 0x563fc624105d <unknown>
#6 0x563fc6266c23 <unknown>
#7 0x563fc6240e03 <unknown>
#8 0x563fc620d968 <unknown>
#9 0x563fc620e5e1 <unknown>
#10 0x563fc6718548 <unknown>
#11 0x563fc671c272 <unknown>
#12 0x563fc66ff313 <unknown>
#13 0x563fc671cdc5 <unknown>
#14 0x563fc66e449f <unknown>
#15 0x563fc6741158 <unknown>
#16 0x563fc6741332 <unknown>
#17 0x563fc6753a53 <unknown>
#18 0x7f076ea9caa4 <unknown>
#19 0x7f076eb29c3c <unknown>

2025-09-14 00:02:48,818 - INFO -    🔄 Looking for apply button...
2025-09-14 00:02:58,920 - ERROR -    ❌ Cannot find apply button: Message: 
Stacktrace:
#0 0x563fc675494a <unknown>
#1 0x563fc61c98a0 <unknown>
#2 0x563fc621b540 <unknown>
#3 0x563fc621b731 <unknown>
#4 0x563fc6269824 <unknown>
#5 0x563fc624105d <unknown>
#6 0x563fc6266c23 <unknown>
#7 0x563fc6240e03 <unknown>
#8 0x563fc620d968 <unknown>
#9 0x563fc620e5e1 <unknown>
#10 0x563fc6718548 <unknown>
#11 0x563fc671c272 <unknown>
#12 0x563fc66ff313 <unknown>
#13 0x563fc671cdc5 <unknown>
#14 0x563fc66e449f <unknown>
#15 0x563fc6741158 <unknown>
#16 0x563fc6741332 <unknown>
#17 0x563fc6753a53 <unknown>
#18 0x7f076ea9caa4 <unknown>
#19 0x7f076eb29c3c <unknown>

2025-09-14 00:03:08,063 - INFO - 🎯 [17/19] Applying to: Data Engineer - LINK: https://www.dice.com/job-detail/6b7704e4-7941-465d-8b41-6b0d3ae53b45
2025-09-14 00:03:18,571 - INFO -    🔄 Looking for apply button...
2025-09-14 00:03:19,283 - INFO -    ✅ Apply button clicked (regular click)
2025-09-14 00:03:22,821 - INFO -    🔍 Checking if we're on application page...
2025-09-14 00:03:22,824 - INFO -    Current URL: https://www.dice.com/apply?eyJjb3JyZWxhdGlvbl9pZCI6IjZhMDJmYWFlLTQ1YjktNGUwZi05ZDJjLTAwOTlmYzEwNDFkYSIsImRqdlZlcnNpb24iOiJuZXciLCJqb2JJZCI6IjZiNzcwNGU0LTc5NDEtNDY1ZC04YjQxLTZiMGQzYWU1M2I0NSIsImpvYlVybCI6Imh0dHBzOi8vd3d3LmRpY2UuY29tL2pvYi1kZXRhaWwvNmI3NzA0ZTQtNzk0MS00NjVkLThiNDEtNmIwZDNhZTUzYjQ1Iiwiam9iVGl0bGUiOiJEYXRhIEVuZ2luZWVyIiwic2VhcmNoTGluayI6IiJ9
2025-09-14 00:03:22,828 - INFO -    Page title: Apply
2025-09-14 00:03:28,811 - INFO -    ✅ Successfully on application page
2025-09-14 00:03:28,829 - INFO -    🔄 Looking for NEXT button...
2025-09-14 00:03:29,430 - INFO -    ✅ NEXT button clicked
2025-09-14 00:03:32,576 - INFO -    🔄 Looking for SUBMIT button...
2025-09-14 00:03:34,007 - INFO -    ✅ SUBMIT button clicked
2025-09-14 00:03:34,007 - INFO -    ✅ Successfully applied!
2025-09-14 00:03:43,516 - INFO - 🎯 [18/19] Applying to: AWS Data Engineer - Python - LINK: https://www.dice.com/job-detail/0f21d3cc-fd58-48bc-9fff-6a091a7df45b
2025-09-14 00:03:54,877 - INFO -    🔄 Looking for apply button...
2025-09-14 00:03:56,397 - INFO -    ✅ Apply button clicked (regular click)
2025-09-14 00:03:59,443 - INFO -    🔍 Checking if we're on application page...
2025-09-14 00:03:59,446 - INFO -    Current URL: https://www.dice.com/apply?eyJjb3JyZWxhdGlvbl9pZCI6ImVjNmM5NTJjLWViZDUtNDdhNi1hOWMzLTI3MGYyZmExYWI1ZSIsImRqdlZlcnNpb24iOiJuZXciLCJqb2JJZCI6IjBmMjFkM2NjLWZkNTgtNDhiYy05ZmZmLTZhMDkxYTdkZjQ1YiIsImpvYlVybCI6Imh0dHBzOi8vd3d3LmRpY2UuY29tL2pvYi1kZXRhaWwvMGYyMWQzY2MtZmQ1OC00OGJjLTlmZmYtNmEwOTFhN2RmNDViIiwiam9iVGl0bGUiOiJBV1MgRGF0YSBFbmdpbmVlciAtIFB5dGhvbiIsInNlYXJjaExpbmsiOiIifQ=%3D
2025-09-14 00:03:59,449 - INFO -    Page title: Apply
2025-09-14 00:04:04,266 - INFO -    ✅ Successfully on application page
2025-09-14 00:04:04,278 - INFO -    🔄 Looking for NEXT button...
2025-09-14 00:04:06,289 - INFO -    ✅ NEXT button clicked
2025-09-14 00:04:10,170 - INFO -    🔄 Looking for SUBMIT button...
2025-09-14 00:04:11,118 - INFO -    ✅ SUBMIT button clicked
2025-09-14 00:04:11,118 - INFO -    ✅ Successfully applied!
2025-09-14 00:04:20,782 - INFO - 🎯 [19/19] Applying to: AI Business Analyst - 10+ yrs - Iselin, NJ (Local candidates preferred) - Onsite - LINK: https://www.dice.com/job-detail/f156d12f-6746-47f3-b3fd-5885da470e37
2025-09-14 00:04:33,790 - INFO -    🔄 Looking for apply button...
2025-09-14 00:04:35,447 - INFO -    ✅ Apply button clicked (regular click)
2025-09-14 00:04:39,138 - INFO -    🔍 Checking if we're on application page...
2025-09-14 00:04:39,142 - INFO -    Current URL: https://www.dice.com/apply?eyJjb3JyZWxhdGlvbl9pZCI6ImFjMGZmNTEzLWMxZTEtNDhjYi05Y2NjLWQyY2EwMDMzZWU0MCIsImRqdlZlcnNpb24iOiJuZXciLCJqb2JJZCI6ImYxNTZkMTJmLTY3NDYtNDdmMy1iM2ZkLTU4ODVkYTQ3MGUzNyIsImpvYlVybCI6Imh0dHBzOi8vd3d3LmRpY2UuY29tL2pvYi1kZXRhaWwvZjE1NmQxMmYtNjc0Ni00N2YzLWIzZmQtNTg4NWRhNDcwZTM3Iiwiam9iVGl0bGUiOiJBSSBCdXNpbmVzcyBBbmFseXN0IC0gMTArIHlycyAtIElzZWxpbiwgTkogKExvY2FsIGNhbmRpZGF0ZXMgcHJlZmVycmVkKSAtIE9uc2l0ZSIsInNlYXJjaExpbmsiOiIifQ=%3D
2025-09-14 00:04:39,145 - INFO -    Page title: Apply
2025-09-14 00:04:44,118 - INFO -    ✅ Successfully on application page
2025-09-14 00:04:44,132 - INFO -    🔄 Looking for NEXT button...
2025-09-14 00:04:44,980 - INFO -    ✅ NEXT button clicked
2025-09-14 00:04:48,406 - INFO -    🔄 Looking for SUBMIT button...
2025-09-14 00:04:51,157 - INFO -    ✅ SUBMIT button clicked
2025-09-14 00:04:51,157 - INFO -    ✅ Successfully applied!
2025-09-14 00:04:54,069 - INFO - 📊 Processing results...
2025-09-14 00:04:54,105 - INFO - 🎉 Application run completed!
2025-09-14 00:04:54,105 - INFO -    ✅ Newly applied: 13
2025-09-14 00:04:54,105 - INFO -    ⏭️  Already applied: 1
2025-09-14 00:04:54,105 - INFO -    ❌ Failed: 5
2025-09-14 00:04:54,105 - INFO -    📊 Total processed: 19
2025-09-14 00:04:54,105 - INFO -    📁 Total jobs in CSV: 2746
2025-09-14 00:04:54,106 - INFO -    💾 Updated: output/final_ml_jobs.csv
2025-09-14 00:04:54,106 - INFO - 🔧 Closing browser...
