2025-08-08 17:42:52,218 - INFO - 🚀 Starting stealth job application bot
2025-08-08 17:43:03,669 - INFO - 📂 Loading jobs from output/final_ml_jobs.csv
2025-08-08 17:43:03,702 - INFO -    📊 Total jobs in file: 4993
2025-08-08 17:43:03,705 - INFO -    🎯 Easy Apply jobs: 4993
2025-08-08 17:43:03,706 - INFO -    ⏳ Jobs to process: 641 (status: pending)
2025-08-08 17:43:03,707 - INFO - 🎲 Will attempt 80 applications this run (target: 80)
2025-08-08 17:43:03,707 - INFO - 🔑 Logging into Dice...
2025-08-08 17:43:06,730 - INFO - ✅ Login successful
2025-08-08 17:43:10,389 - INFO - 🔄 Starting job applications...
2025-08-08 17:43:10,389 - INFO - 🎯 [1/80] Applying to: Data Architect - LINK: https://www.dice.com/job-detail/d36f79f1-acb6-4c77-962e-16f356452565
2025-08-08 17:43:30,400 - ERROR -    ❌ Cannot click apply button: Message: 
Stacktrace:
#0 0x555775a642ca <unknown>
#1 0x55577550b550 <unknown>
#2 0x55577555d0f0 <unknown>
#3 0x55577555d2e1 <unknown>
#4 0x5557755ab5e4 <unknown>
#5 0x555775582bed <unknown>
#6 0x5557755a89e6 <unknown>
#7 0x555775582993 <unknown>
#8 0x55577554ed6b <unknown>
#9 0x555775550141 <unknown>
#10 0x555775a292ab <unknown>
#11 0x555775a2d0b9 <unknown>
#12 0x555775a10139 <unknown>
#13 0x555775a2dc68 <unknown>
#14 0x5557759f460f <unknown>
#15 0x555775a521f8 <unknown>
#16 0x555775a523d6 <unknown>
#17 0x555775a635e6 <unknown>
#18 0x7fd935e9caa4 <unknown>
#19 0x7fd935f29c3c <unknown>

2025-08-08 17:43:41,514 - INFO - 🎯 [2/80] Applying to: Full Stack Engineer | Google Cloud Platform | Only W2 - LINK: https://www.dice.com/job-detail/de649447-80f7-444c-8ba5-33ebbf723ec3
2025-08-08 17:43:58,505 - INFO -    ✅ Successfully applied!
2025-08-08 17:44:05,805 - INFO - 🎯 [3/80] Applying to: Lead ML Data Engineer - LINK: https://www.dice.com/job-detail/6b7624ff-55ff-4fa4-8420-1a2580564dfc
2025-08-08 17:44:20,940 - INFO -    ✅ Successfully applied!
2025-08-08 17:44:30,409 - INFO - 🎯 [4/80] Applying to: Business Data Analyst - LINK: https://www.dice.com/job-detail/0152f431-4888-49ad-8aa7-907c9737c4b8
2025-08-08 17:44:47,306 - INFO -    ✅ Successfully applied!
2025-08-08 17:44:56,054 - INFO - 🎯 [5/80] Applying to: Cold Storage Equipment Technician - LINK: https://www.dice.com/job-detail/6fba3e8a-21c6-4239-b7c1-38db1bdcd254
2025-08-08 17:45:11,763 - INFO -    ✅ Successfully applied!
2025-08-08 17:45:24,657 - INFO - 🎯 [6/80] Applying to: Demand & Capacity Analyst – GPU Utilization & Modeling - LINK: https://www.dice.com/job-detail/72833b07-8767-4e55-8f66-bfd5d29e6502
2025-08-08 17:45:43,288 - ERROR -    ❌ Cannot click apply button: Message: 
Stacktrace:
#0 0x555775a642ca <unknown>
#1 0x55577550b550 <unknown>
#2 0x55577555d0f0 <unknown>
#3 0x55577555d2e1 <unknown>
#4 0x5557755ab5e4 <unknown>
#5 0x555775582bed <unknown>
#6 0x5557755a89e6 <unknown>
#7 0x555775582993 <unknown>
#8 0x55577554ed6b <unknown>
#9 0x555775550141 <unknown>
#10 0x555775a292ab <unknown>
#11 0x555775a2d0b9 <unknown>
#12 0x555775a10139 <unknown>
#13 0x555775a2dc68 <unknown>
#14 0x5557759f460f <unknown>
#15 0x555775a521f8 <unknown>
#16 0x555775a523d6 <unknown>
#17 0x555775a635e6 <unknown>
#18 0x7fd935e9caa4 <unknown>
#19 0x7fd935f29c3c <unknown>

2025-08-08 17:45:52,575 - INFO - 🎯 [7/80] Applying to: Business Intelligence Business Objects SQL Developer (32539) - LINK: https://www.dice.com/job-detail/efeab195-e2f1-4585-b947-7e5109dc5ea5
2025-08-08 17:46:11,710 - ERROR -    ❌ Cannot click apply button: Message: 
Stacktrace:
#0 0x555775a642ca <unknown>
#1 0x55577550b550 <unknown>
#2 0x55577555d0f0 <unknown>
#3 0x55577555d2e1 <unknown>
#4 0x5557755ab5e4 <unknown>
#5 0x555775582bed <unknown>
#6 0x5557755a89e6 <unknown>
#7 0x555775582993 <unknown>
#8 0x55577554ed6b <unknown>
#9 0x555775550141 <unknown>
#10 0x555775a292ab <unknown>
#11 0x555775a2d0b9 <unknown>
#12 0x555775a10139 <unknown>
#13 0x555775a2dc68 <unknown>
#14 0x5557759f460f <unknown>
#15 0x555775a521f8 <unknown>
#16 0x555775a523d6 <unknown>
#17 0x555775a635e6 <unknown>
#18 0x7fd935e9caa4 <unknown>
#19 0x7fd935f29c3c <unknown>

2025-08-08 17:46:21,009 - INFO - 🎯 [8/80] Applying to: PM/BA Workday & Epic Systems Integration (Healthcare) - LINK: https://www.dice.com/job-detail/52327f76-4a3f-4267-9bf8-c7b967bd9aab
2025-08-08 17:46:36,935 - INFO -    ✅ Successfully applied!
2025-08-08 17:46:49,731 - INFO - 🎯 [9/80] Applying to: Senior Systems Engineer - LINK: https://www.dice.com/job-detail/29379423-9cbe-44cd-9c94-84c1ec55bb27
2025-08-08 17:47:05,220 - INFO -    ✅ Successfully applied!
2025-08-08 17:47:14,248 - INFO - 🎯 [10/80] Applying to: Drupal Architect/lead - LINK: https://www.dice.com/job-detail/1a5c4228-7a17-4816-9d5a-3579dbc9722c
2025-08-08 17:47:32,036 - INFO -    ✅ Successfully applied!
2025-08-08 17:47:44,428 - INFO - 🎯 [11/80] Applying to: Sr. Data Engineer - LINK: https://www.dice.com/job-detail/2cda32e0-3388-4883-9c59-e48ea6a126e1
2025-08-08 17:48:04,655 - ERROR -    ❌ Cannot click apply button: Message: 
Stacktrace:
#0 0x555775a642ca <unknown>
#1 0x55577550b550 <unknown>
#2 0x55577555d0f0 <unknown>
#3 0x55577555d2e1 <unknown>
#4 0x5557755ab5e4 <unknown>
#5 0x555775582bed <unknown>
#6 0x5557755a89e6 <unknown>
#7 0x555775582993 <unknown>
#8 0x55577554ed6b <unknown>
#9 0x555775550141 <unknown>
#10 0x555775a292ab <unknown>
#11 0x555775a2d0b9 <unknown>
#12 0x555775a10139 <unknown>
#13 0x555775a2dc68 <unknown>
#14 0x5557759f460f <unknown>
#15 0x555775a521f8 <unknown>
#16 0x555775a523d6 <unknown>
#17 0x555775a635e6 <unknown>
#18 0x7fd935e9caa4 <unknown>
#19 0x7fd935f29c3c <unknown>

2025-08-08 17:48:13,397 - INFO - 🎯 [12/80] Applying to: Prompt Engineer - LINK: https://www.dice.com/job-detail/9c860924-661e-42bd-a629-71c0421c4ec5
2025-08-08 17:48:30,067 - INFO -    ✅ Successfully applied!
2025-08-08 17:48:41,961 - INFO - 🎯 [13/80] Applying to: SAP Business Analyst, $80 on W2 only, Remote - LINK: https://www.dice.com/job-detail/94b125cd-8894-4f3f-bacd-c86d9bd3d7ec
2025-08-08 17:48:56,195 - INFO -    ✅ Successfully applied!
2025-08-08 17:49:04,630 - INFO - 🎯 [14/80] Applying to: Data Analyst with Python and SQL - LINK: https://www.dice.com/job-detail/7f0bfefa-f127-4141-abc8-e1107c4fb3ef
2025-08-08 17:49:25,225 - ERROR -    ❌ Cannot click apply button: Message: 
Stacktrace:
#0 0x555775a642ca <unknown>
#1 0x55577550b550 <unknown>
#2 0x55577555d0f0 <unknown>
#3 0x55577555d2e1 <unknown>
#4 0x5557755ab5e4 <unknown>
#5 0x555775582bed <unknown>
#6 0x5557755a89e6 <unknown>
#7 0x555775582993 <unknown>
#8 0x55577554ed6b <unknown>
#9 0x555775550141 <unknown>
#10 0x555775a292ab <unknown>
#11 0x555775a2d0b9 <unknown>
#12 0x555775a10139 <unknown>
#13 0x555775a2dc68 <unknown>
#14 0x5557759f460f <unknown>
#15 0x555775a521f8 <unknown>
#16 0x555775a523d6 <unknown>
#17 0x555775a635e6 <unknown>
#18 0x7fd935e9caa4 <unknown>
#19 0x7fd935f29c3c <unknown>

2025-08-08 17:49:35,683 - INFO - 🎯 [15/80] Applying to: Business Analyst - LINK: https://www.dice.com/job-detail/c1c59657-1b55-4636-b71c-b8e7ad8cf923
2025-08-08 17:49:52,519 - INFO -    ✅ Successfully applied!
2025-08-08 17:50:03,588 - INFO - 🎯 [16/80] Applying to: Senior Business Analyst - LINK: https://www.dice.com/job-detail/d246753e-a1a6-4da1-8f00-1d640f598217
2025-08-08 17:50:19,658 - INFO -    ✅ Successfully applied!
2025-08-08 17:50:29,538 - INFO - 🎯 [17/80] Applying to: Market Data Principal Consultant, Only and USC - LINK: https://www.dice.com/job-detail/2260e7c2-2cc5-459a-858d-f316e6a7285f
2025-08-08 17:50:47,067 - INFO -    ✅ Successfully applied!
2025-08-08 17:50:58,497 - INFO - 🎯 [18/80] Applying to: Python Backend Full Stack Developer - LINK: https://www.dice.com/job-detail/5794cbd9-7c8d-47dc-9666-e72c81925d5b
2025-08-08 17:51:18,495 - ERROR -    ❌ Cannot click apply button: Message: 
Stacktrace:
#0 0x555775a642ca <unknown>
#1 0x55577550b550 <unknown>
#2 0x55577555d0f0 <unknown>
#3 0x55577555d2e1 <unknown>
#4 0x5557755ab5e4 <unknown>
#5 0x555775582bed <unknown>
#6 0x5557755a89e6 <unknown>
#7 0x555775582993 <unknown>
#8 0x55577554ed6b <unknown>
#9 0x555775550141 <unknown>
#10 0x555775a292ab <unknown>
#11 0x555775a2d0b9 <unknown>
#12 0x555775a10139 <unknown>
#13 0x555775a2dc68 <unknown>
#14 0x5557759f460f <unknown>
#15 0x555775a521f8 <unknown>
#16 0x555775a523d6 <unknown>
#17 0x555775a635e6 <unknown>
#18 0x7fd935e9caa4 <unknown>
#19 0x7fd935f29c3c <unknown>

2025-08-08 17:51:28,652 - INFO - 🎯 [19/80] Applying to: Data Engineer Oracle Fusion - LINK: https://www.dice.com/job-detail/f8e7accf-a309-4829-a20a-70a2362ee475
2025-08-08 17:51:45,289 - INFO -    ✅ Successfully applied!
2025-08-08 17:51:53,981 - INFO - 🎯 [20/80] Applying to: BI Data Analyst - Qliksense - LINK: https://www.dice.com/job-detail/5ea59d4c-4521-493e-85d0-ef6fbb140d24
2025-08-08 17:52:08,653 - INFO -    ✅ Successfully applied!
2025-08-08 17:52:19,805 - INFO - 🎯 [21/80] Applying to: Data Scientist with AI/ML(Full time role) - LINK: https://www.dice.com/job-detail/d49c5e31-2ad2-4798-9c49-d4404ed5d79b
2025-08-08 17:52:37,551 - INFO -    ✅ Successfully applied!
2025-08-08 17:52:45,291 - INFO - 🎯 [22/80] Applying to: Senior Data Engineer - LINK: https://www.dice.com/job-detail/4c2214af-c7f9-4a06-92d6-733a5bb9706c
2025-08-08 17:53:01,591 - INFO -    ✅ Successfully applied!
2025-08-08 17:53:07,632 - INFO - 🎯 [23/80] Applying to: SAP TM Consultant - LINK: https://www.dice.com/job-detail/834f6418-8ce2-4699-9cbe-aa54e020aa64
2025-08-08 17:53:25,454 - INFO -    ✅ Successfully applied!
2025-08-08 17:53:34,300 - INFO - 🎯 [24/80] Applying to: Lead Business Analyst - LINK: https://www.dice.com/job-detail/49dfe76a-2644-4639-ab16-5c9a60bc4d6b
2025-08-08 17:53:51,063 - INFO -    ✅ Successfully applied!
2025-08-08 17:54:02,063 - INFO - 🎯 [25/80] Applying to: Video AI Engineer - LINK: https://www.dice.com/job-detail/c36af8e5-f871-4723-a76a-58804fa6e8c9
2025-08-08 17:54:19,057 - INFO -    ✅ Successfully applied!
2025-08-08 17:54:31,174 - INFO - 🎯 [26/80] Applying to: Developer - LINK: https://www.dice.com/job-detail/a6186512-ce08-432a-b189-29b86057ae8f
2025-08-08 17:54:49,276 - INFO -    ✅ Successfully applied!
2025-08-08 17:54:57,138 - INFO - 🎯 [27/80] Applying to: ERP/CRM Consultant - LINK: https://www.dice.com/job-detail/b212d0ce-1134-4fe4-ac95-1940571b7ddb
2025-08-08 17:55:12,882 - INFO -    ✅ Successfully applied!
2025-08-08 17:55:24,688 - INFO - 🎯 [28/80] Applying to: Fiber/OTDR Lead Engineer (REMOTE) - LINK: https://www.dice.com/job-detail/f1f9c4c1-38e5-46fb-9e10-d050f0cc14f0
2025-08-08 17:55:44,242 - ERROR -    ❌ Cannot click apply button: Message: 
Stacktrace:
#0 0x555775a642ca <unknown>
#1 0x55577550b550 <unknown>
#2 0x55577555d0f0 <unknown>
#3 0x55577555d2e1 <unknown>
#4 0x5557755ab5e4 <unknown>
#5 0x555775582bed <unknown>
#6 0x5557755a89e6 <unknown>
#7 0x555775582993 <unknown>
#8 0x55577554ed6b <unknown>
#9 0x555775550141 <unknown>
#10 0x555775a292ab <unknown>
#11 0x555775a2d0b9 <unknown>
#12 0x555775a10139 <unknown>
#13 0x555775a2dc68 <unknown>
#14 0x5557759f460f <unknown>
#15 0x555775a521f8 <unknown>
#16 0x555775a523d6 <unknown>
#17 0x555775a635e6 <unknown>
#18 0x7fd935e9caa4 <unknown>
#19 0x7fd935f29c3c <unknown>

2025-08-08 17:55:56,342 - INFO - 🎯 [29/80] Applying to: Microsoft Fabric Architect - LINK: https://www.dice.com/job-detail/f0d95de2-5c7e-474c-9246-4f57f78ff222
2025-08-08 17:56:14,788 - INFO -    ✅ Successfully applied!
2025-08-08 17:56:24,620 - INFO - 🎯 [30/80] Applying to: Senior Software Developer ? Generative AI - LINK: https://www.dice.com/job-detail/9b93b70a-b268-4e3d-b7e5-52e83afa7c67
2025-08-08 17:56:42,743 - INFO -    ✅ Successfully applied!
2025-08-08 17:56:53,111 - INFO - 🎯 [31/80] Applying to: Senior Automation Engineers - LINK: https://www.dice.com/job-detail/d644cbc3-e3b2-41ed-a692-2a6c4ea63320
2025-08-08 17:57:10,644 - INFO -    ✅ Successfully applied!
2025-08-08 17:57:21,871 - INFO - 🎯 [32/80] Applying to: Sr. Data Engineer - LINK: https://www.dice.com/job-detail/97d5bfbb-ceb4-43e9-8c9c-a224d9195ebd
2025-08-08 17:57:36,383 - INFO -    ✅ Successfully applied!
2025-08-08 17:57:46,103 - INFO - 🎯 [33/80] Applying to: Data Engineer - LINK: https://www.dice.com/job-detail/9724ef3a-7da2-41e4-a788-3cddfd9a8169
2025-08-08 17:58:00,475 - INFO -    ✅ Successfully applied!
2025-08-08 17:58:09,279 - INFO - 🎯 [34/80] Applying to: Gen AI Lead Engineer - LINK: https://www.dice.com/job-detail/367daecc-bcdc-4605-a245-efda56f2334b
2025-08-08 17:58:30,979 - ERROR -    ❌ Cannot click apply button: Message: 
Stacktrace:
#0 0x555775a642ca <unknown>
#1 0x55577550b550 <unknown>
#2 0x55577555d0f0 <unknown>
#3 0x55577555d2e1 <unknown>
#4 0x5557755ab5e4 <unknown>
#5 0x555775582bed <unknown>
#6 0x5557755a89e6 <unknown>
#7 0x555775582993 <unknown>
#8 0x55577554ed6b <unknown>
#9 0x555775550141 <unknown>
#10 0x555775a292ab <unknown>
#11 0x555775a2d0b9 <unknown>
#12 0x555775a10139 <unknown>
#13 0x555775a2dc68 <unknown>
#14 0x5557759f460f <unknown>
#15 0x555775a521f8 <unknown>
#16 0x555775a523d6 <unknown>
#17 0x555775a635e6 <unknown>
#18 0x7fd935e9caa4 <unknown>
#19 0x7fd935f29c3c <unknown>

2025-08-08 17:58:42,923 - INFO - 🎯 [35/80] Applying to: Senior DeltaV Controls Engineer - LINK: https://www.dice.com/job-detail/77e024e6-14ee-42fc-a1ef-2b1746a64b3e
2025-08-08 17:59:01,262 - ERROR -    ❌ Cannot click apply button: Message: 
Stacktrace:
#0 0x555775a642ca <unknown>
#1 0x55577550b550 <unknown>
#2 0x55577555d0f0 <unknown>
#3 0x55577555d2e1 <unknown>
#4 0x5557755ab5e4 <unknown>
#5 0x555775582bed <unknown>
#6 0x5557755a89e6 <unknown>
#7 0x555775582993 <unknown>
#8 0x55577554ed6b <unknown>
#9 0x555775550141 <unknown>
#10 0x555775a292ab <unknown>
#11 0x555775a2d0b9 <unknown>
#12 0x555775a10139 <unknown>
#13 0x555775a2dc68 <unknown>
#14 0x5557759f460f <unknown>
#15 0x555775a521f8 <unknown>
#16 0x555775a523d6 <unknown>
#17 0x555775a635e6 <unknown>
#18 0x7fd935e9caa4 <unknown>
#19 0x7fd935f29c3c <unknown>

2025-08-08 17:59:09,141 - INFO - 🎯 [36/80] Applying to: Senior DevOps/Platform Engineer with AI Expertise - LINK: https://www.dice.com/job-detail/6c593a17-faa1-4086-b811-f5fe24d22812
2025-08-08 17:59:22,837 - INFO -    ✅ Successfully applied!
2025-08-08 17:59:34,499 - INFO - 🎯 [37/80] Applying to: HPE Nonstop TACL Engineer - LINK: https://www.dice.com/job-detail/3696b679-2c78-455b-a47b-9d3e1d876a5f
2025-08-08 17:59:50,720 - INFO -    ✅ Successfully applied!
2025-08-08 18:00:03,025 - INFO - 🎯 [38/80] Applying to: Embedded Software Engineer - LINK: https://www.dice.com/job-detail/f1c55e94-071e-46a2-a158-6bf34fc64e6b
2025-08-08 18:00:20,381 - INFO -    ✅ Successfully applied!
2025-08-08 18:00:26,397 - INFO - 🎯 [39/80] Applying to: Business Analyst - LINK: https://www.dice.com/job-detail/2039291e-3c86-4307-afa1-092916ae4585
2025-08-08 18:00:42,404 - INFO -    ✅ Successfully applied!
2025-08-08 18:00:51,953 - INFO - 🎯 [40/80] Applying to: Data Engineer - W2 Only - LINK: https://www.dice.com/job-detail/974e5d25-38c9-45fc-b9c2-79222b3bda1c
2025-08-08 18:01:11,880 - ERROR -    ❌ Cannot click apply button: Message: 
Stacktrace:
#0 0x555775a642ca <unknown>
#1 0x55577550b550 <unknown>
#2 0x55577555d0f0 <unknown>
#3 0x55577555d2e1 <unknown>
#4 0x5557755ab5e4 <unknown>
#5 0x555775582bed <unknown>
#6 0x5557755a89e6 <unknown>
#7 0x555775582993 <unknown>
#8 0x55577554ed6b <unknown>
#9 0x555775550141 <unknown>
#10 0x555775a292ab <unknown>
#11 0x555775a2d0b9 <unknown>
#12 0x555775a10139 <unknown>
#13 0x555775a2dc68 <unknown>
#14 0x5557759f460f <unknown>
#15 0x555775a521f8 <unknown>
#16 0x555775a523d6 <unknown>
#17 0x555775a635e6 <unknown>
#18 0x7fd935e9caa4 <unknown>
#19 0x7fd935f29c3c <unknown>

2025-08-08 18:01:22,911 - INFO - 🎯 [41/80] Applying to: Options Trading Quantitative Researcher - Work From Home - G - LINK: https://www.dice.com/job-detail/9d801c1d-eafb-4e80-ab33-3f051ddef2b9
2025-08-08 18:01:38,583 - INFO -    ✅ Successfully applied!
2025-08-08 18:01:51,678 - INFO - 🎯 [42/80] Applying to: Gen AI Engineer - Only 10+ YOE - LINK: https://www.dice.com/job-detail/e4d747ae-6468-4086-9294-17c32381f3fe
2025-08-08 18:02:08,046 - INFO -    ✅ Successfully applied!
2025-08-08 18:02:16,968 - INFO - 🎯 [43/80] Applying to: Senior Technical Lead (Data Science-Artificial Intelligence-AI-ML modelling) - LINK: https://www.dice.com/job-detail/2af6dc15-1138-4be0-9919-9c748e385420
2025-08-08 18:02:35,879 - ERROR -    ❌ Cannot click apply button: Message: 
Stacktrace:
#0 0x555775a642ca <unknown>
#1 0x55577550b550 <unknown>
#2 0x55577555d0f0 <unknown>
#3 0x55577555d2e1 <unknown>
#4 0x5557755ab5e4 <unknown>
#5 0x555775582bed <unknown>
#6 0x5557755a89e6 <unknown>
#7 0x555775582993 <unknown>
#8 0x55577554ed6b <unknown>
#9 0x555775550141 <unknown>
#10 0x555775a292ab <unknown>
#11 0x555775a2d0b9 <unknown>
#12 0x555775a10139 <unknown>
#13 0x555775a2dc68 <unknown>
#14 0x5557759f460f <unknown>
#15 0x555775a521f8 <unknown>
#16 0x555775a523d6 <unknown>
#17 0x555775a635e6 <unknown>
#18 0x7fd935e9caa4 <unknown>
#19 0x7fd935f29c3c <unknown>

2025-08-08 18:02:44,212 - INFO - 🎯 [44/80] Applying to: PL/SQL Software Engineer - Healthcare domain - LINK: https://www.dice.com/job-detail/ac410839-dabf-43c7-84fc-32737f096b89
2025-08-08 18:03:02,353 - INFO -    ✅ Successfully applied!
2025-08-08 18:03:11,975 - INFO - 🎯 [45/80] Applying to: IT Business Analyst/PM - LINK: https://www.dice.com/job-detail/89af57a3-d698-4bf9-807e-e9db473d62dc
2025-08-08 18:03:30,002 - INFO -    ✅ Successfully applied!
2025-08-08 18:03:40,153 - INFO - 🎯 [46/80] Applying to: Lead Software Engineer - LINK: https://www.dice.com/job-detail/64d3ada2-e15e-4434-83e2-267d5d5dc469
2025-08-08 18:03:59,727 - ERROR -    ❌ Cannot click apply button: Message: 
Stacktrace:
#0 0x555775a642ca <unknown>
#1 0x55577550b550 <unknown>
#2 0x55577555d0f0 <unknown>
#3 0x55577555d2e1 <unknown>
#4 0x5557755ab5e4 <unknown>
#5 0x555775582bed <unknown>
#6 0x5557755a89e6 <unknown>
#7 0x555775582993 <unknown>
#8 0x55577554ed6b <unknown>
#9 0x555775550141 <unknown>
#10 0x555775a292ab <unknown>
#11 0x555775a2d0b9 <unknown>
#12 0x555775a10139 <unknown>
#13 0x555775a2dc68 <unknown>
#14 0x5557759f460f <unknown>
#15 0x555775a521f8 <unknown>
#16 0x555775a523d6 <unknown>
#17 0x555775a635e6 <unknown>
#18 0x7fd935e9caa4 <unknown>
#19 0x7fd935f29c3c <unknown>

2025-08-08 18:04:07,498 - INFO - 🎯 [47/80] Applying to: Azure Cloud Data Engineer - Databricks & Python Experience - NY/NJ - LINK: https://www.dice.com/job-detail/25eb7951-daf7-4a54-9953-c790fab61c65
2025-08-08 18:04:23,817 - INFO -    ✅ Successfully applied!
2025-08-08 18:04:33,559 - INFO - 🎯 [48/80] Applying to: Data Engineer - LINK: https://www.dice.com/job-detail/beb19f09-a1cc-4013-a8b4-83a750e15c96
2025-08-08 18:04:52,314 - ERROR -    ❌ Cannot click apply button: Message: 
Stacktrace:
#0 0x555775a642ca <unknown>
#1 0x55577550b550 <unknown>
#2 0x55577555d0f0 <unknown>
#3 0x55577555d2e1 <unknown>
#4 0x5557755ab5e4 <unknown>
#5 0x555775582bed <unknown>
#6 0x5557755a89e6 <unknown>
#7 0x555775582993 <unknown>
#8 0x55577554ed6b <unknown>
#9 0x555775550141 <unknown>
#10 0x555775a292ab <unknown>
#11 0x555775a2d0b9 <unknown>
#12 0x555775a10139 <unknown>
#13 0x555775a2dc68 <unknown>
#14 0x5557759f460f <unknown>
#15 0x555775a521f8 <unknown>
#16 0x555775a523d6 <unknown>
#17 0x555775a635e6 <unknown>
#18 0x7fd935e9caa4 <unknown>
#19 0x7fd935f29c3c <unknown>

2025-08-08 18:05:01,425 - INFO - 🎯 [49/80] Applying to: Senior Technical Product Manager - GenAI - LINK: https://www.dice.com/job-detail/8449a111-fc06-4525-b19c-e68c63c07513
2025-08-08 18:05:17,963 - INFO -    ✅ Successfully applied!
2025-08-08 18:05:28,768 - INFO - 🎯 [50/80] Applying to: Embedded Software Engineer - LINK: https://www.dice.com/job-detail/bd35d994-4792-43a1-be45-c64cefe90933
2025-08-08 18:05:49,286 - ERROR -    ❌ Cannot click apply button: Message: 
Stacktrace:
#0 0x555775a642ca <unknown>
#1 0x55577550b550 <unknown>
#2 0x55577555d0f0 <unknown>
#3 0x55577555d2e1 <unknown>
#4 0x5557755ab5e4 <unknown>
#5 0x555775582bed <unknown>
#6 0x5557755a89e6 <unknown>
#7 0x555775582993 <unknown>
#8 0x55577554ed6b <unknown>
#9 0x555775550141 <unknown>
#10 0x555775a292ab <unknown>
#11 0x555775a2d0b9 <unknown>
#12 0x555775a10139 <unknown>
#13 0x555775a2dc68 <unknown>
#14 0x5557759f460f <unknown>
#15 0x555775a521f8 <unknown>
#16 0x555775a523d6 <unknown>
#17 0x555775a635e6 <unknown>
#18 0x7fd935e9caa4 <unknown>
#19 0x7fd935f29c3c <unknown>

2025-08-08 18:06:02,452 - INFO - 🎯 [51/80] Applying to: Sr. Business Analyst - LINK: https://www.dice.com/job-detail/8b425763-6c17-4a2f-afcc-18b846401394
2025-08-08 18:06:18,068 - INFO -    ✅ Successfully applied!
2025-08-08 18:06:27,202 - INFO - 🎯 [52/80] Applying to: Senior Data Engineer AVEVA PI System - LINK: https://www.dice.com/job-detail/df6967b6-152f-48e9-8eb9-56622da98a9f
2025-08-08 18:06:47,631 - ERROR -    ❌ Cannot click apply button: Message: 
Stacktrace:
#0 0x555775a642ca <unknown>
#1 0x55577550b550 <unknown>
#2 0x55577555d0f0 <unknown>
#3 0x55577555d2e1 <unknown>
#4 0x5557755ab5e4 <unknown>
#5 0x555775582bed <unknown>
#6 0x5557755a89e6 <unknown>
#7 0x555775582993 <unknown>
#8 0x55577554ed6b <unknown>
#9 0x555775550141 <unknown>
#10 0x555775a292ab <unknown>
#11 0x555775a2d0b9 <unknown>
#12 0x555775a10139 <unknown>
#13 0x555775a2dc68 <unknown>
#14 0x5557759f460f <unknown>
#15 0x555775a521f8 <unknown>
#16 0x555775a523d6 <unknown>
#17 0x555775a635e6 <unknown>
#18 0x7fd935e9caa4 <unknown>
#19 0x7fd935f29c3c <unknown>

2025-08-08 18:06:58,380 - INFO - 🎯 [53/80] Applying to: SAP Business Analyst - LINK: https://www.dice.com/job-detail/44ea2daa-4bf0-4c7a-b48e-4bf4b0e54241
2025-08-08 18:07:15,008 - INFO -    ✅ Successfully applied!
2025-08-08 18:07:26,283 - INFO - 🎯 [54/80] Applying to: ServiceNow Software Engineer-CSA certified- only W2 Candidate - LINK: https://www.dice.com/job-detail/332cd095-8c0d-47ed-ab03-837632c530ef
2025-08-08 18:07:43,147 - INFO -    ✅ Successfully applied!
2025-08-08 18:07:52,544 - INFO - 🎯 [55/80] Applying to: iOS Developer - LINK: https://www.dice.com/job-detail/d7da299e-d9cb-491a-a80a-90b25bcf1fd7
2025-08-08 18:08:12,716 - ERROR -    ❌ Cannot click apply button: Message: 
Stacktrace:
#0 0x555775a642ca <unknown>
#1 0x55577550b550 <unknown>
#2 0x55577555d0f0 <unknown>
#3 0x55577555d2e1 <unknown>
#4 0x5557755ab5e4 <unknown>
#5 0x555775582bed <unknown>
#6 0x5557755a89e6 <unknown>
#7 0x555775582993 <unknown>
#8 0x55577554ed6b <unknown>
#9 0x555775550141 <unknown>
#10 0x555775a292ab <unknown>
#11 0x555775a2d0b9 <unknown>
#12 0x555775a10139 <unknown>
#13 0x555775a2dc68 <unknown>
#14 0x5557759f460f <unknown>
#15 0x555775a521f8 <unknown>
#16 0x555775a523d6 <unknown>
#17 0x555775a635e6 <unknown>
#18 0x7fd935e9caa4 <unknown>
#19 0x7fd935f29c3c <unknown>

2025-08-08 18:08:23,524 - INFO - 🎯 [56/80] Applying to: Lead Fullstack Engineer - LINK: https://www.dice.com/job-detail/cf3f342f-3aab-4b68-9fca-4e18c729bf1a
2025-08-08 18:08:43,172 - ERROR -    ❌ Cannot click apply button: Message: 
Stacktrace:
#0 0x555775a642ca <unknown>
#1 0x55577550b550 <unknown>
#2 0x55577555d0f0 <unknown>
#3 0x55577555d2e1 <unknown>
#4 0x5557755ab5e4 <unknown>
#5 0x555775582bed <unknown>
#6 0x5557755a89e6 <unknown>
#7 0x555775582993 <unknown>
#8 0x55577554ed6b <unknown>
#9 0x555775550141 <unknown>
#10 0x555775a292ab <unknown>
#11 0x555775a2d0b9 <unknown>
#12 0x555775a10139 <unknown>
#13 0x555775a2dc68 <unknown>
#14 0x5557759f460f <unknown>
#15 0x555775a521f8 <unknown>
#16 0x555775a523d6 <unknown>
#17 0x555775a635e6 <unknown>
#18 0x7fd935e9caa4 <unknown>
#19 0x7fd935f29c3c <unknown>

2025-08-08 18:08:52,200 - INFO - 🎯 [57/80] Applying to: HealthCare Data Analyst with Python Experience : Remote Opportunity (NYC) : Long-Term Contract - LINK: https://www.dice.com/job-detail/a3f7b18a-7ab9-4070-b896-15d9f533837c
2025-08-08 18:09:11,241 - INFO -    ✅ Successfully applied!
2025-08-08 18:09:23,814 - INFO - 🎯 [58/80] Applying to: Business Analyst Jr - LINK: https://www.dice.com/job-detail/dbda0a20-8840-461d-89ed-fafef7d25064
2025-08-08 18:09:40,724 - INFO -    ✅ Successfully applied!
2025-08-08 18:09:50,436 - INFO - 🎯 [59/80] Applying to: Java Developer - LINK: https://www.dice.com/job-detail/28c4e051-307f-4a22-81b4-20fcd1f2e344
2025-08-08 18:10:10,160 - ERROR -    ❌ Cannot click apply button: Message: 
Stacktrace:
#0 0x555775a642ca <unknown>
#1 0x55577550b550 <unknown>
#2 0x55577555d0f0 <unknown>
#3 0x55577555d2e1 <unknown>
#4 0x5557755ab5e4 <unknown>
#5 0x555775582bed <unknown>
#6 0x5557755a89e6 <unknown>
#7 0x555775582993 <unknown>
#8 0x55577554ed6b <unknown>
#9 0x555775550141 <unknown>
#10 0x555775a292ab <unknown>
#11 0x555775a2d0b9 <unknown>
#12 0x555775a10139 <unknown>
#13 0x555775a2dc68 <unknown>
#14 0x5557759f460f <unknown>
#15 0x555775a521f8 <unknown>
#16 0x555775a523d6 <unknown>
#17 0x555775a635e6 <unknown>
#18 0x7fd935e9caa4 <unknown>
#19 0x7fd935f29c3c <unknown>

2025-08-08 18:10:19,562 - INFO - 🎯 [60/80] Applying to: Mid Level Software Engineer / .NET / Full Stack / Retail Industry - LINK: https://www.dice.com/job-detail/ff3787dc-ce1b-41a2-876e-e4c91c57d557
2025-08-08 18:10:35,635 - INFO -    ✅ Successfully applied!
2025-08-08 18:10:44,766 - INFO - 🎯 [61/80] Applying to: Business Analyst Sr - LINK: https://www.dice.com/job-detail/42a1e48b-6384-4ce4-83bb-b697c1dd9da5
2025-08-08 18:10:59,802 - INFO -    ✅ Successfully applied!
2025-08-08 18:11:07,158 - INFO - 🎯 [62/80] Applying to: Support Engineer - Citrix, VMware, VDI technologies - LINK: https://www.dice.com/job-detail/53d5bf86-122b-46f9-8f90-7db7cb3a1ede
2025-08-08 18:11:27,539 - ERROR -    ❌ Cannot click apply button: Message: 
Stacktrace:
#0 0x555775a642ca <unknown>
#1 0x55577550b550 <unknown>
#2 0x55577555d0f0 <unknown>
#3 0x55577555d2e1 <unknown>
#4 0x5557755ab5e4 <unknown>
#5 0x555775582bed <unknown>
#6 0x5557755a89e6 <unknown>
#7 0x555775582993 <unknown>
#8 0x55577554ed6b <unknown>
#9 0x555775550141 <unknown>
#10 0x555775a292ab <unknown>
#11 0x555775a2d0b9 <unknown>
#12 0x555775a10139 <unknown>
#13 0x555775a2dc68 <unknown>
#14 0x5557759f460f <unknown>
#15 0x555775a521f8 <unknown>
#16 0x555775a523d6 <unknown>
#17 0x555775a635e6 <unknown>
#18 0x7fd935e9caa4 <unknown>
#19 0x7fd935f29c3c <unknown>

2025-08-08 18:11:37,839 - INFO - 🎯 [63/80] Applying to: Senior Java Developer *** Fulltime Role*** - LINK: https://www.dice.com/job-detail/c8fd39fa-36c0-4876-8a99-2835ee37a44e
2025-08-08 18:11:57,169 - ERROR -    ❌ Cannot click apply button: Message: 
Stacktrace:
#0 0x555775a642ca <unknown>
#1 0x55577550b550 <unknown>
#2 0x55577555d0f0 <unknown>
#3 0x55577555d2e1 <unknown>
#4 0x5557755ab5e4 <unknown>
#5 0x555775582bed <unknown>
#6 0x5557755a89e6 <unknown>
#7 0x555775582993 <unknown>
#8 0x55577554ed6b <unknown>
#9 0x555775550141 <unknown>
#10 0x555775a292ab <unknown>
#11 0x555775a2d0b9 <unknown>
#12 0x555775a10139 <unknown>
#13 0x555775a2dc68 <unknown>
#14 0x5557759f460f <unknown>
#15 0x555775a521f8 <unknown>
#16 0x555775a523d6 <unknown>
#17 0x555775a635e6 <unknown>
#18 0x7fd935e9caa4 <unknown>
#19 0x7fd935f29c3c <unknown>

2025-08-08 18:12:08,222 - INFO - 🎯 [64/80] Applying to: Data Engineering Delivery Lead - LINK: https://www.dice.com/job-detail/18d79781-9fc2-400d-849d-f38d959759d7
2025-08-08 18:12:22,799 - INFO -    ✅ Successfully applied!
2025-08-08 18:12:35,420 - INFO - 🎯 [65/80] Applying to: Sr Software Engineer @Cary, NC (Onsite) - LINK: https://www.dice.com/job-detail/bb97c732-bf5b-422e-af15-f9985c015c06
2025-08-08 18:12:53,686 - INFO -    ✅ Successfully applied!
2025-08-08 18:13:02,793 - INFO - 🎯 [66/80] Applying to: AI Solutions Architect - Remote - LINK: https://www.dice.com/job-detail/3de18846-6097-4382-8c86-e59277336a6a
2025-08-08 18:13:21,978 - INFO -    ✅ Successfully applied!
2025-08-08 18:13:31,850 - INFO - 🎯 [67/80] Applying to: Google Cloud Platform Infra SCE - LINK: https://www.dice.com/job-detail/973fec2a-7170-45ff-bcd9-1bbce701992a
2025-08-08 18:13:50,588 - ERROR -    ❌ Cannot click apply button: Message: 
Stacktrace:
#0 0x555775a642ca <unknown>
#1 0x55577550b550 <unknown>
#2 0x55577555d0f0 <unknown>
#3 0x55577555d2e1 <unknown>
#4 0x5557755ab5e4 <unknown>
#5 0x555775582bed <unknown>
#6 0x5557755a89e6 <unknown>
#7 0x555775582993 <unknown>
#8 0x55577554ed6b <unknown>
#9 0x555775550141 <unknown>
#10 0x555775a292ab <unknown>
#11 0x555775a2d0b9 <unknown>
#12 0x555775a10139 <unknown>
#13 0x555775a2dc68 <unknown>
#14 0x5557759f460f <unknown>
#15 0x555775a521f8 <unknown>
#16 0x555775a523d6 <unknown>
#17 0x555775a635e6 <unknown>
#18 0x7fd935e9caa4 <unknown>
#19 0x7fd935f29c3c <unknown>

2025-08-08 18:13:59,381 - INFO - 🎯 [68/80] Applying to: Data Governance Associate - LINK: https://www.dice.com/job-detail/8db25449-12ad-47ad-b229-5124ea16a8f9
2025-08-08 18:14:15,108 - INFO -    ✅ Successfully applied!
2025-08-08 18:14:27,232 - INFO - 🎯 [69/80] Applying to: Data Engineer- AWS/Hadoop/Python -Only w2 & Strictly Onsite only. - LINK: https://www.dice.com/job-detail/24bcac18-c607-4256-8213-ad58128cea57
2025-08-08 18:14:46,615 - INFO -    ✅ Successfully applied!
2025-08-08 18:14:57,005 - INFO - 🎯 [70/80] Applying to: Snowflake Data Engineer - LINK: https://www.dice.com/job-detail/176aca29-7b7d-42b0-8a8e-cec084052d93
2025-08-08 18:15:13,924 - INFO -    ✅ Successfully applied!
2025-08-08 18:15:26,223 - INFO - 🎯 [71/80] Applying to: Software Engineer II - LINK: https://www.dice.com/job-detail/30689c81-a083-457f-8f0d-37e700bceb87
2025-08-08 18:15:41,434 - INFO -    ✅ Successfully applied!
2025-08-08 18:15:53,270 - INFO - 🎯 [72/80] Applying to: Data Engineer - LINK: https://www.dice.com/job-detail/36e52850-e19b-410b-9d85-d21dc79f412f
2025-08-08 18:16:09,986 - INFO -    ✅ Successfully applied!
2025-08-08 18:16:21,084 - INFO - 🎯 [73/80] Applying to: Data Engineers - LINK: https://www.dice.com/job-detail/c5fad540-aa68-443d-b206-82cd9819db77
2025-08-08 18:16:39,538 - ERROR -    ❌ Cannot click apply button: Message: 
Stacktrace:
#0 0x555775a642ca <unknown>
#1 0x55577550b550 <unknown>
#2 0x55577555d0f0 <unknown>
#3 0x55577555d2e1 <unknown>
#4 0x5557755ab5e4 <unknown>
#5 0x555775582bed <unknown>
#6 0x5557755a89e6 <unknown>
#7 0x555775582993 <unknown>
#8 0x55577554ed6b <unknown>
#9 0x555775550141 <unknown>
#10 0x555775a292ab <unknown>
#11 0x555775a2d0b9 <unknown>
#12 0x555775a10139 <unknown>
#13 0x555775a2dc68 <unknown>
#14 0x5557759f460f <unknown>
#15 0x555775a521f8 <unknown>
#16 0x555775a523d6 <unknown>
#17 0x555775a635e6 <unknown>
#18 0x7fd935e9caa4 <unknown>
#19 0x7fd935f29c3c <unknown>

2025-08-08 18:16:48,791 - INFO - 🎯 [74/80] Applying to: Data Engineer - LINK: https://www.dice.com/job-detail/0591ce98-aacd-4465-8928-5361d2df726c
2025-08-08 18:17:08,498 - ERROR -    ❌ Cannot click apply button: Message: 
Stacktrace:
#0 0x555775a642ca <unknown>
#1 0x55577550b550 <unknown>
#2 0x55577555d0f0 <unknown>
#3 0x55577555d2e1 <unknown>
#4 0x5557755ab5e4 <unknown>
#5 0x555775582bed <unknown>
#6 0x5557755a89e6 <unknown>
#7 0x555775582993 <unknown>
#8 0x55577554ed6b <unknown>
#9 0x555775550141 <unknown>
#10 0x555775a292ab <unknown>
#11 0x555775a2d0b9 <unknown>
#12 0x555775a10139 <unknown>
#13 0x555775a2dc68 <unknown>
#14 0x5557759f460f <unknown>
#15 0x555775a521f8 <unknown>
#16 0x555775a523d6 <unknown>
#17 0x555775a635e6 <unknown>
#18 0x7fd935e9caa4 <unknown>
#19 0x7fd935f29c3c <unknown>

2025-08-08 18:17:20,078 - INFO - 🎯 [75/80] Applying to: Data Analyst (Onsite) - LINK: https://www.dice.com/job-detail/8b9b88f3-23d3-4e00-afb3-2c61026cea4c
2025-08-08 18:17:40,577 - ERROR -    ❌ Cannot click apply button: Message: 
Stacktrace:
#0 0x555775a642ca <unknown>
#1 0x55577550b550 <unknown>
#2 0x55577555d0f0 <unknown>
#3 0x55577555d2e1 <unknown>
#4 0x5557755ab5e4 <unknown>
#5 0x555775582bed <unknown>
#6 0x5557755a89e6 <unknown>
#7 0x555775582993 <unknown>
#8 0x55577554ed6b <unknown>
#9 0x555775550141 <unknown>
#10 0x555775a292ab <unknown>
#11 0x555775a2d0b9 <unknown>
#12 0x555775a10139 <unknown>
#13 0x555775a2dc68 <unknown>
#14 0x5557759f460f <unknown>
#15 0x555775a521f8 <unknown>
#16 0x555775a523d6 <unknown>
#17 0x555775a635e6 <unknown>
#18 0x7fd935e9caa4 <unknown>
#19 0x7fd935f29c3c <unknown>

2025-08-08 18:17:49,320 - INFO - 🎯 [76/80] Applying to: Data Analyst in Travis AFB, CA(Visa Independents only) - LINK: https://www.dice.com/job-detail/308e6259-0649-45d7-8159-20c5546d30d3
2025-08-08 18:18:06,845 - INFO -    ✅ Successfully applied!
2025-08-08 18:18:18,133 - INFO - 🎯 [77/80] Applying to: Systems Engineer - LINK: https://www.dice.com/job-detail/c18260a1-bcd8-4bff-9134-b1d65b46b596
2025-08-08 18:18:32,099 - INFO -    ✅ Successfully applied!
2025-08-08 18:18:42,351 - INFO - 🎯 [78/80] Applying to: W2 - Quality Assurance Analyst II (Documentation, Manual & Automation Testing) - Remote/Local - LINK: https://www.dice.com/job-detail/998ec907-e30a-4bde-9a2a-ce5f29cc5e2f
2025-08-08 18:19:03,168 - ERROR -    ❌ Cannot click apply button: Message: 
Stacktrace:
#0 0x555775a642ca <unknown>
#1 0x55577550b550 <unknown>
#2 0x55577555d0f0 <unknown>
#3 0x55577555d2e1 <unknown>
#4 0x5557755ab5e4 <unknown>
#5 0x555775582bed <unknown>
#6 0x5557755a89e6 <unknown>
#7 0x555775582993 <unknown>
#8 0x55577554ed6b <unknown>
#9 0x555775550141 <unknown>
#10 0x555775a292ab <unknown>
#11 0x555775a2d0b9 <unknown>
#12 0x555775a10139 <unknown>
#13 0x555775a2dc68 <unknown>
#14 0x5557759f460f <unknown>
#15 0x555775a521f8 <unknown>
#16 0x555775a523d6 <unknown>
#17 0x555775a635e6 <unknown>
#18 0x7fd935e9caa4 <unknown>
#19 0x7fd935f29c3c <unknown>

2025-08-08 18:19:12,084 - INFO - 🎯 [79/80] Applying to: Java with Gen AI - LINK: https://www.dice.com/job-detail/4d9e32f1-4652-4889-8b55-8e971bfd02a5
2025-08-08 18:19:26,776 - INFO -    ✅ Successfully applied!
2025-08-08 18:19:38,077 - INFO - 🎯 [80/80] Applying to: Sr Java Developer with Angular - LINK: https://www.dice.com/job-detail/dab56f87-fc76-4780-915e-5a0b66f7c4a1
2025-08-08 18:19:58,786 - ERROR -    ❌ Cannot click apply button: Message: 
Stacktrace:
#0 0x555775a642ca <unknown>
#1 0x55577550b550 <unknown>
#2 0x55577555d0f0 <unknown>
#3 0x55577555d2e1 <unknown>
#4 0x5557755ab5e4 <unknown>
#5 0x555775582bed <unknown>
#6 0x5557755a89e6 <unknown>
#7 0x555775582993 <unknown>
#8 0x55577554ed6b <unknown>
#9 0x555775550141 <unknown>
#10 0x555775a292ab <unknown>
#11 0x555775a2d0b9 <unknown>
#12 0x555775a10139 <unknown>
#13 0x555775a2dc68 <unknown>
#14 0x5557759f460f <unknown>
#15 0x555775a521f8 <unknown>
#16 0x555775a523d6 <unknown>
#17 0x555775a635e6 <unknown>
#18 0x7fd935e9caa4 <unknown>
#19 0x7fd935f29c3c <unknown>

2025-08-08 18:20:02,349 - INFO - 📊 Processing results...
2025-08-08 18:20:02,413 - INFO - 🎉 Application run completed!
2025-08-08 18:20:02,414 - INFO -    ✅ Newly applied: 54
2025-08-08 18:20:02,414 - INFO -    ⏭️  Already applied: 0
2025-08-08 18:20:02,414 - INFO -    ❌ Failed: 26
2025-08-08 18:20:02,414 - INFO -    📊 Total processed: 80
2025-08-08 18:20:02,414 - INFO -    📁 Total jobs in CSV: 4993
2025-08-08 18:20:02,414 - INFO -    💾 Updated: output/final_ml_jobs.csv
2025-08-08 18:20:02,414 - INFO - 🔧 Closing browser...
