2025-08-04 23:40:23,501 - INFO - 🚀 Starting stealth job application bot
2025-08-04 23:40:24,451 - INFO - 📂 Loading jobs from output/final_ml_jobs.csv
2025-08-04 23:40:24,481 - INFO -    📊 Total jobs in file: 3798
2025-08-04 23:40:24,486 - INFO -    🎯 Easy Apply jobs: 3798
2025-08-04 23:40:24,488 - INFO -    ⏳ Jobs to process: 1507 (status: pending)
2025-08-04 23:40:24,488 - INFO - 🎲 Will attempt 90 applications this run (target: 90)
2025-08-04 23:40:24,489 - INFO - 🔑 Logging into Dice...
2025-08-04 23:40:26,894 - INFO - ✅ Login successful
2025-08-04 23:40:30,150 - INFO - 🔄 Starting job applications...
2025-08-04 23:40:30,150 - INFO - 🎯 [1/90] Applying to: Forward Deployed Engineer - LINK: https://www.dice.com/job-detail/3dc8facd-ff05-43d6-84cb-e8c8e10d4dcd
2025-08-04 23:40:50,037 - INFO -    ✅ Successfully applied!
2025-08-04 23:40:59,219 - INFO - 🎯 [2/90] Applying to: Statistical Data Scientist - LINK: https://www.dice.com/job-detail/c04801ea-5ed8-4292-9fd4-9230a31f2282
2025-08-04 23:41:13,970 - INFO -    ✅ Successfully applied!
2025-08-04 23:41:21,991 - INFO - 🎯 [3/90] Applying to: QE Engineer (Python+Automation) - LINK: https://www.dice.com/job-detail/92568e5c-3b29-4ef0-8bf4-aca4008e90e4
2025-08-04 23:41:41,184 - ERROR -    ❌ Cannot click apply button: Message: 
Stacktrace:
#0 0x561b96fd82ca <unknown>
#1 0x561b96a7f550 <unknown>
#2 0x561b96ad10f0 <unknown>
#3 0x561b96ad12e1 <unknown>
#4 0x561b96b1f5e4 <unknown>
#5 0x561b96af6bed <unknown>
#6 0x561b96b1c9e6 <unknown>
#7 0x561b96af6993 <unknown>
#8 0x561b96ac2d6b <unknown>
#9 0x561b96ac4141 <unknown>
#10 0x561b96f9d2ab <unknown>
#11 0x561b96fa10b9 <unknown>
#12 0x561b96f84139 <unknown>
#13 0x561b96fa1c68 <unknown>
#14 0x561b96f6860f <unknown>
#15 0x561b96fc61f8 <unknown>
#16 0x561b96fc63d6 <unknown>
#17 0x561b96fd75e6 <unknown>
#18 0x7fa35889caa4 <unknown>
#19 0x7fa358929c3c <unknown>

2025-08-04 23:41:51,042 - INFO - 🎯 [4/90] Applying to: Cloud Architect - Open Shift SME - LINK: https://www.dice.com/job-detail/499ae4a5-ef3d-465a-a2f2-c06b0a10755a
2025-08-04 23:42:11,261 - ERROR -    ❌ Cannot click apply button: Message: 
Stacktrace:
#0 0x561b96fd82ca <unknown>
#1 0x561b96a7f550 <unknown>
#2 0x561b96ad10f0 <unknown>
#3 0x561b96ad12e1 <unknown>
#4 0x561b96b1f5e4 <unknown>
#5 0x561b96af6bed <unknown>
#6 0x561b96b1c9e6 <unknown>
#7 0x561b96af6993 <unknown>
#8 0x561b96ac2d6b <unknown>
#9 0x561b96ac4141 <unknown>
#10 0x561b96f9d2ab <unknown>
#11 0x561b96fa10b9 <unknown>
#12 0x561b96f84139 <unknown>
#13 0x561b96fa1c68 <unknown>
#14 0x561b96f6860f <unknown>
#15 0x561b96fc61f8 <unknown>
#16 0x561b96fc63d6 <unknown>
#17 0x561b96fd75e6 <unknown>
#18 0x7fa35889caa4 <unknown>
#19 0x7fa358929c3c <unknown>

2025-08-04 23:42:22,949 - INFO - 🎯 [5/90] Applying to: .NET Software Engineer - LINK: https://www.dice.com/job-detail/30540e4e-ec4e-449b-9225-1bfac739626d
2025-08-04 23:42:41,572 - ERROR -    ❌ Cannot click apply button: Message: 
Stacktrace:
#0 0x561b96fd82ca <unknown>
#1 0x561b96a7f550 <unknown>
#2 0x561b96ad10f0 <unknown>
#3 0x561b96ad12e1 <unknown>
#4 0x561b96b1f5e4 <unknown>
#5 0x561b96af6bed <unknown>
#6 0x561b96b1c9e6 <unknown>
#7 0x561b96af6993 <unknown>
#8 0x561b96ac2d6b <unknown>
#9 0x561b96ac4141 <unknown>
#10 0x561b96f9d2ab <unknown>
#11 0x561b96fa10b9 <unknown>
#12 0x561b96f84139 <unknown>
#13 0x561b96fa1c68 <unknown>
#14 0x561b96f6860f <unknown>
#15 0x561b96fc61f8 <unknown>
#16 0x561b96fc63d6 <unknown>
#17 0x561b96fd75e6 <unknown>
#18 0x7fa35889caa4 <unknown>
#19 0x7fa358929c3c <unknown>

2025-08-04 23:42:51,900 - INFO - 🎯 [6/90] Applying to: Corporate IT Support Engineer / Desktop Support Tier 2 - LINK: https://www.dice.com/job-detail/268c18bc-6bcd-45de-8cf6-ac15b9d088ca
2025-08-04 23:43:07,893 - INFO -    ✅ Successfully applied!
2025-08-04 23:43:20,279 - INFO - 🎯 [7/90] Applying to: Business Analyst 5 --Only local to MI --12+ years of exp - LINK: https://www.dice.com/job-detail/571a578e-370f-471b-8138-e7a76b00feaf
2025-08-04 23:43:37,390 - INFO -    ✅ Successfully applied!
2025-08-04 23:43:47,771 - INFO - 🎯 [8/90] Applying to: Business Analyst - LINK: https://www.dice.com/job-detail/b15d6c03-a1e1-4b78-a5a7-0fca589a2264
2025-08-04 23:44:02,981 - INFO -    ✅ Successfully applied!
2025-08-04 23:44:15,927 - INFO - 🎯 [9/90] Applying to: Full Stack Engineer - LINK: https://www.dice.com/job-detail/f1da677b-b705-46a6-ada5-f937b729f624
2025-08-04 23:44:30,006 - INFO -    ✅ Successfully applied!
2025-08-04 23:44:40,143 - INFO - 🎯 [10/90] Applying to: IT Systems Analyst Specialist - LINK: https://www.dice.com/job-detail/fe58f7df-fbf9-4871-b777-d87e37698220
2025-08-04 23:44:58,009 - INFO -    ✅ Successfully applied!
2025-08-04 23:45:08,383 - INFO - 🎯 [11/90] Applying to: Jr Android / Mobile Developer with Cybersecurity Expertise - LINK: https://www.dice.com/job-detail/3868bdbe-3590-49e1-8cb1-c9dc46fdf7ba
2025-08-04 23:45:22,339 - INFO -    ✅ Successfully applied!
2025-08-04 23:45:33,627 - INFO - 🎯 [12/90] Applying to: Machine Learning Engineer - LINK: https://www.dice.com/job-detail/0f34690f-707e-431d-9af1-555c891616fa
2025-08-04 23:45:50,795 - INFO -    ✅ Successfully applied!
2025-08-04 23:46:03,552 - INFO - 🎯 [13/90] Applying to: Senior Data Engineer AVEVA PI System - LINK: https://www.dice.com/job-detail/3495d169-b21a-4a9b-80fb-4b170d38dbb2
2025-08-04 23:46:19,400 - INFO -    ✅ Successfully applied!
2025-08-04 23:46:33,786 - INFO - 🎯 [14/90] Applying to: Sr. Cloud Security Architect - LINK: https://www.dice.com/job-detail/ed562748-42f3-4c43-80f4-a0f73b5bff40
2025-08-04 23:46:52,771 - ERROR -    ❌ Cannot click apply button: Message: 
Stacktrace:
#0 0x561b96fd82ca <unknown>
#1 0x561b96a7f550 <unknown>
#2 0x561b96ad10f0 <unknown>
#3 0x561b96ad12e1 <unknown>
#4 0x561b96b1f5e4 <unknown>
#5 0x561b96af6bed <unknown>
#6 0x561b96b1c9e6 <unknown>
#7 0x561b96af6993 <unknown>
#8 0x561b96ac2d6b <unknown>
#9 0x561b96ac4141 <unknown>
#10 0x561b96f9d2ab <unknown>
#11 0x561b96fa10b9 <unknown>
#12 0x561b96f84139 <unknown>
#13 0x561b96fa1c68 <unknown>
#14 0x561b96f6860f <unknown>
#15 0x561b96fc61f8 <unknown>
#16 0x561b96fc63d6 <unknown>
#17 0x561b96fd75e6 <unknown>
#18 0x7fa35889caa4 <unknown>
#19 0x7fa358929c3c <unknown>

2025-08-04 23:47:01,848 - INFO - 🎯 [15/90] Applying to: Java Developer with Scala Experience Fraud Protection - LINK: https://www.dice.com/job-detail/87ca7311-cc64-44ae-b225-e64ae3bcfe73
2025-08-04 23:47:20,164 - ERROR -    ❌ Cannot click apply button: Message: 
Stacktrace:
#0 0x561b96fd82ca <unknown>
#1 0x561b96a7f550 <unknown>
#2 0x561b96ad10f0 <unknown>
#3 0x561b96ad12e1 <unknown>
#4 0x561b96b1f5e4 <unknown>
#5 0x561b96af6bed <unknown>
#6 0x561b96b1c9e6 <unknown>
#7 0x561b96af6993 <unknown>
#8 0x561b96ac2d6b <unknown>
#9 0x561b96ac4141 <unknown>
#10 0x561b96f9d2ab <unknown>
#11 0x561b96fa10b9 <unknown>
#12 0x561b96f84139 <unknown>
#13 0x561b96fa1c68 <unknown>
#14 0x561b96f6860f <unknown>
#15 0x561b96fc61f8 <unknown>
#16 0x561b96fc63d6 <unknown>
#17 0x561b96fd75e6 <unknown>
#18 0x7fa35889caa4 <unknown>
#19 0x7fa358929c3c <unknown>

2025-08-04 23:47:31,898 - INFO - 🎯 [16/90] Applying to: Technical Program Manager - LINK: https://www.dice.com/job-detail/669d77c7-2617-41fc-9403-e2bcc22a82a8
2025-08-04 23:47:46,555 - INFO -    ✅ Successfully applied!
2025-08-04 23:47:56,712 - INFO - 🎯 [17/90] Applying to: Jr React Frontend Developer - LINK: https://www.dice.com/job-detail/a48d625f-cb31-4235-8ea5-270f39e91c5b
2025-08-04 23:48:14,085 - INFO -    ✅ Successfully applied!
2025-08-04 23:48:22,527 - INFO - 🎯 [18/90] Applying to: Senior Full Stack Developer (Java, Angular, AWS Migration) - LINK: https://www.dice.com/job-detail/feadabe7-1dd5-46b5-91e4-65fbaea8295f
2025-08-04 23:48:41,239 - ERROR -    ❌ Cannot click apply button: Message: 
Stacktrace:
#0 0x561b96fd82ca <unknown>
#1 0x561b96a7f550 <unknown>
#2 0x561b96ad10f0 <unknown>
#3 0x561b96ad12e1 <unknown>
#4 0x561b96b1f5e4 <unknown>
#5 0x561b96af6bed <unknown>
#6 0x561b96b1c9e6 <unknown>
#7 0x561b96af6993 <unknown>
#8 0x561b96ac2d6b <unknown>
#9 0x561b96ac4141 <unknown>
#10 0x561b96f9d2ab <unknown>
#11 0x561b96fa10b9 <unknown>
#12 0x561b96f84139 <unknown>
#13 0x561b96fa1c68 <unknown>
#14 0x561b96f6860f <unknown>
#15 0x561b96fc61f8 <unknown>
#16 0x561b96fc63d6 <unknown>
#17 0x561b96fd75e6 <unknown>
#18 0x7fa35889caa4 <unknown>
#19 0x7fa358929c3c <unknown>

2025-08-04 23:48:50,286 - INFO - 🎯 [19/90] Applying to: Senior Trading Systems Engineer, Low Latency - R - LINK: https://www.dice.com/job-detail/42bdaf7f-1fc1-4410-9fcf-c44f100261f0
2025-08-04 23:49:07,250 - INFO -    ✅ Successfully applied!
2025-08-04 23:49:17,380 - INFO - 🎯 [20/90] Applying to: Technical Product Manager - Generative AI, Gen AI - (Innovation Labs Group) - LINK: https://www.dice.com/job-detail/9d748154-500c-4297-8ce9-94502527df97
2025-08-04 23:49:32,493 - INFO -    ✅ Successfully applied!
2025-08-04 23:49:41,313 - INFO - 🎯 [21/90] Applying to: Python developer - LINK: https://www.dice.com/job-detail/b7ad8891-89c4-407b-ae2c-b3c6b56de7c0
2025-08-04 23:49:56,792 - INFO -    ✅ Successfully applied!
2025-08-04 23:50:05,873 - INFO - 🎯 [22/90] Applying to: Network Engineer - LINK: https://www.dice.com/job-detail/12480693-a3cb-4453-94b1-a36ec9c3ebd4
2025-08-04 23:50:20,480 - INFO -    ✅ Successfully applied!
2025-08-04 23:50:29,145 - INFO - 🎯 [23/90] Applying to: Build Your Future Business Analyst Opportunity - LINK: https://www.dice.com/job-detail/0c519b4c-f188-4930-ac53-b6b6f5d53738
2025-08-04 23:50:45,563 - INFO -    ✅ Successfully applied!
2025-08-04 23:50:57,667 - INFO - 🎯 [24/90] Applying to: Test Automation Engineer | Hybrid | 2nd Interview F2F - LINK: https://www.dice.com/job-detail/94c999de-b131-4e72-a62a-322e88cb1a64
2025-08-04 23:51:13,350 - INFO -    ✅ Successfully applied!
2025-08-04 23:51:23,615 - INFO - 🎯 [25/90] Applying to: Senior Software Engineer - LINK: https://www.dice.com/job-detail/933ab890-1e7b-4ead-b83d-a8f6ed707582
2025-08-04 23:51:36,854 - INFO -    ✅ Successfully applied!
2025-08-04 23:51:46,105 - INFO - 🎯 [26/90] Applying to: Azure Cloud Architect - LINK: https://www.dice.com/job-detail/20f50e36-d429-4603-a0fc-d68bd669a6f8
2025-08-04 23:52:02,327 - INFO -    ✅ Successfully applied!
2025-08-04 23:52:12,843 - INFO - 🎯 [27/90] Applying to: Data Engineer - Remote - Exp in Java Script and React Js - Direct Client - W2 - LINK: https://www.dice.com/job-detail/e4526403-a022-4731-acc5-7a809d069684
2025-08-04 23:52:30,791 - INFO -    ✅ Successfully applied!
2025-08-04 23:52:40,424 - INFO - 🎯 [28/90] Applying to: Software Engineer - U.S. Citizen - This role sits within Optum Serves Technology Product organization - LINK: https://www.dice.com/job-detail/0dab2e38-76dd-4e4c-8737-67ac336eae5e
2025-08-04 23:52:59,726 - ERROR -    ❌ Cannot click apply button: Message: 
Stacktrace:
#0 0x561b96fd82ca <unknown>
#1 0x561b96a7f550 <unknown>
#2 0x561b96ad10f0 <unknown>
#3 0x561b96ad12e1 <unknown>
#4 0x561b96b1f5e4 <unknown>
#5 0x561b96af6bed <unknown>
#6 0x561b96b1c9e6 <unknown>
#7 0x561b96af6993 <unknown>
#8 0x561b96ac2d6b <unknown>
#9 0x561b96ac4141 <unknown>
#10 0x561b96f9d2ab <unknown>
#11 0x561b96fa10b9 <unknown>
#12 0x561b96f84139 <unknown>
#13 0x561b96fa1c68 <unknown>
#14 0x561b96f6860f <unknown>
#15 0x561b96fc61f8 <unknown>
#16 0x561b96fc63d6 <unknown>
#17 0x561b96fd75e6 <unknown>
#18 0x7fa35889caa4 <unknown>
#19 0x7fa358929c3c <unknown>

2025-08-04 23:53:12,190 - INFO - 🎯 [29/90] Applying to: Senior Java Developer - LINK: https://www.dice.com/job-detail/254230b8-e3f1-44e6-b5cd-23fa813a670e
2025-08-04 23:53:31,178 - ERROR -    ❌ Cannot click apply button: Message: 
Stacktrace:
#0 0x561b96fd82ca <unknown>
#1 0x561b96a7f550 <unknown>
#2 0x561b96ad10f0 <unknown>
#3 0x561b96ad12e1 <unknown>
#4 0x561b96b1f5e4 <unknown>
#5 0x561b96af6bed <unknown>
#6 0x561b96b1c9e6 <unknown>
#7 0x561b96af6993 <unknown>
#8 0x561b96ac2d6b <unknown>
#9 0x561b96ac4141 <unknown>
#10 0x561b96f9d2ab <unknown>
#11 0x561b96fa10b9 <unknown>
#12 0x561b96f84139 <unknown>
#13 0x561b96fa1c68 <unknown>
#14 0x561b96f6860f <unknown>
#15 0x561b96fc61f8 <unknown>
#16 0x561b96fc63d6 <unknown>
#17 0x561b96fd75e6 <unknown>
#18 0x7fa35889caa4 <unknown>
#19 0x7fa358929c3c <unknown>

2025-08-04 23:53:43,456 - INFO - 🎯 [30/90] Applying to: Data Architect/ Data Consultant (EPIC Migration) - LINK: https://www.dice.com/job-detail/8b49f0bb-2e90-468a-85fc-69334c38d808
2025-08-04 23:53:59,545 - INFO -    ✅ Successfully applied!
2025-08-04 23:54:09,887 - INFO - 🎯 [31/90] Applying to: Need Local Consultant: Senior Java Full Stack Developer_ McLean, VA (Onsite Position) - LINK: https://www.dice.com/job-detail/46cf3fc3-1a8f-4341-b8f4-d6d14d51cc14
2025-08-04 23:54:24,817 - INFO -    ✅ Successfully applied!
2025-08-04 23:54:34,152 - INFO - 🎯 [32/90] Applying to: Chief AI Scientist - LINK: https://www.dice.com/job-detail/8ff14fe4-7fef-4242-9ef1-5059ee0fcc93
2025-08-04 23:54:48,338 - INFO -    ✅ Successfully applied!
2025-08-04 23:54:57,629 - INFO - 🎯 [33/90] Applying to: Sr Data Engineer - LINK: https://www.dice.com/job-detail/d2b63f5d-47ad-4f15-af6a-6e978a51e7b2
2025-08-04 23:55:14,512 - INFO -    ✅ Successfully applied!
2025-08-04 23:55:24,875 - INFO - 🎯 [34/90] Applying to: Data Engineer with Snowflake and Apache Spark - Only W2 - LINK: https://www.dice.com/job-detail/2aa99410-0c95-4166-85cf-7f280c7e6bce
2025-08-04 23:55:40,977 - INFO -    ✅ Successfully applied!
2025-08-04 23:55:48,726 - INFO - 🎯 [35/90] Applying to: AWS Data Engineer | Independent candidates only | W2 role | Onsite interview in Plano, TX or Reston, VA - LINK: https://www.dice.com/job-detail/6b69986d-8325-4a93-9598-0b4be87c81fd
2025-08-04 23:56:02,774 - INFO -    ✅ Successfully applied!
2025-08-04 23:56:15,942 - INFO - 🎯 [36/90] Applying to: Principal Network Architect@ Atlanta,GA (Onsite) - LINK: https://www.dice.com/job-detail/eaab3453-40ca-44a4-8c8e-fbb526b2801b
2025-08-04 23:56:32,238 - INFO -    ✅ Successfully applied!
2025-08-04 23:56:41,789 - INFO - 🎯 [37/90] Applying to: Sr. Software test engineer - LINK: https://www.dice.com/job-detail/61c48f43-62b5-4f7a-a60c-94972621b9c1
2025-08-04 23:56:58,631 - INFO -    ✅ Successfully applied!
2025-08-04 23:57:07,651 - INFO - 🎯 [38/90] Applying to: Senior Data Engineer - LINK: https://www.dice.com/job-detail/5d1738c9-0c61-45e6-b87c-7a5bfd35acf1
2025-08-04 23:57:26,670 - ERROR -    ❌ Cannot click apply button: Message: 
Stacktrace:
#0 0x561b96fd82ca <unknown>
#1 0x561b96a7f550 <unknown>
#2 0x561b96ad10f0 <unknown>
#3 0x561b96ad12e1 <unknown>
#4 0x561b96b1f5e4 <unknown>
#5 0x561b96af6bed <unknown>
#6 0x561b96b1c9e6 <unknown>
#7 0x561b96af6993 <unknown>
#8 0x561b96ac2d6b <unknown>
#9 0x561b96ac4141 <unknown>
#10 0x561b96f9d2ab <unknown>
#11 0x561b96fa10b9 <unknown>
#12 0x561b96f84139 <unknown>
#13 0x561b96fa1c68 <unknown>
#14 0x561b96f6860f <unknown>
#15 0x561b96fc61f8 <unknown>
#16 0x561b96fc63d6 <unknown>
#17 0x561b96fd75e6 <unknown>
#18 0x7fa35889caa4 <unknown>
#19 0x7fa358929c3c <unknown>

2025-08-04 23:57:38,009 - INFO - 🎯 [39/90] Applying to: AI/ML Engineer --Tempa, FL/ Dallas, TX (Hydrid) --Contract. - LINK: https://www.dice.com/job-detail/cc58045d-ff51-4e4f-8838-990ce12ffae9
2025-08-04 23:57:52,770 - INFO -    ✅ Successfully applied!
2025-08-04 23:58:04,822 - INFO - 🎯 [40/90] Applying to: SAP Business Analyst - LINK: https://www.dice.com/job-detail/e6792d9d-590e-4e8c-ab88-86a787d5f91e
2025-08-04 23:58:23,876 - ERROR -    ❌ Cannot click apply button: Message: 
Stacktrace:
#0 0x561b96fd82ca <unknown>
#1 0x561b96a7f550 <unknown>
#2 0x561b96ad10f0 <unknown>
#3 0x561b96ad12e1 <unknown>
#4 0x561b96b1f5e4 <unknown>
#5 0x561b96af6bed <unknown>
#6 0x561b96b1c9e6 <unknown>
#7 0x561b96af6993 <unknown>
#8 0x561b96ac2d6b <unknown>
#9 0x561b96ac4141 <unknown>
#10 0x561b96f9d2ab <unknown>
#11 0x561b96fa10b9 <unknown>
#12 0x561b96f84139 <unknown>
#13 0x561b96fa1c68 <unknown>
#14 0x561b96f6860f <unknown>
#15 0x561b96fc61f8 <unknown>
#16 0x561b96fc63d6 <unknown>
#17 0x561b96fd75e6 <unknown>
#18 0x7fa35889caa4 <unknown>
#19 0x7fa358929c3c <unknown>

2025-08-04 23:58:31,273 - INFO - 🎯 [41/90] Applying to: AI Senior Integration Engineer - LINK: https://www.dice.com/job-detail/9d13cb53-5054-47ad-96fc-a85a4d218ebc
2025-08-04 23:58:45,397 - INFO -    ✅ Successfully applied!
2025-08-04 23:58:55,529 - INFO - 🎯 [42/90] Applying to: Senior SAP Automation Consultant - LINK: https://www.dice.com/job-detail/ceec26bc-4321-4065-8d3d-2f6c912b1968
2025-08-04 23:59:14,054 - ERROR -    ❌ Cannot click apply button: Message: 
Stacktrace:
#0 0x561b96fd82ca <unknown>
#1 0x561b96a7f550 <unknown>
#2 0x561b96ad10f0 <unknown>
#3 0x561b96ad12e1 <unknown>
#4 0x561b96b1f5e4 <unknown>
#5 0x561b96af6bed <unknown>
#6 0x561b96b1c9e6 <unknown>
#7 0x561b96af6993 <unknown>
#8 0x561b96ac2d6b <unknown>
#9 0x561b96ac4141 <unknown>
#10 0x561b96f9d2ab <unknown>
#11 0x561b96fa10b9 <unknown>
#12 0x561b96f84139 <unknown>
#13 0x561b96fa1c68 <unknown>
#14 0x561b96f6860f <unknown>
#15 0x561b96fc61f8 <unknown>
#16 0x561b96fc63d6 <unknown>
#17 0x561b96fd75e6 <unknown>
#18 0x7fa35889caa4 <unknown>
#19 0x7fa358929c3c <unknown>

2025-08-04 23:59:19,989 - INFO - 🎯 [43/90] Applying to: Fullstack Java Developer - LINK: https://www.dice.com/job-detail/ac6f9bc8-ae62-4bbf-9fc5-28800c862ad7
2025-08-04 23:59:33,562 - INFO -    ✅ Successfully applied!
2025-08-04 23:59:47,730 - INFO - 🎯 [44/90] Applying to: Data Engineer with snowflake and AWS - LINK: https://www.dice.com/job-detail/b21c1bb5-b06e-46b2-bdfe-8b21dfc91e9e
2025-08-05 00:00:03,877 - INFO -    ✅ Successfully applied!
2025-08-05 00:00:16,256 - INFO - 🎯 [45/90] Applying to: Senior Business Analyst - LINK: https://www.dice.com/job-detail/6d6c4fcc-c36d-47f6-8dac-9dda75787af3
2025-08-05 00:00:30,206 - INFO -    ✅ Successfully applied!
2025-08-05 00:00:40,270 - INFO - 🎯 [46/90] Applying to: Full Stack Engineer - LINK: https://www.dice.com/job-detail/3bfc9ece-19ae-47e5-9147-7a7294bc2cb6
2025-08-05 00:00:54,208 - INFO -    ✅ Successfully applied!
2025-08-05 00:01:02,520 - INFO - 🎯 [47/90] Applying to: Sr Windows Server And Azure Infrastructure Engineer - LINK: https://www.dice.com/job-detail/ad6ac348-f431-4216-9e6b-307dc4fdb593
2025-08-05 00:01:18,306 - INFO -    ✅ Successfully applied!
2025-08-05 00:01:30,530 - INFO - 🎯 [48/90] Applying to: Technical Lead (Fullstack Developer) - LINK: https://www.dice.com/job-detail/837eb7c8-4306-486b-87e6-386d36c543b8
2025-08-05 00:01:46,779 - INFO -    ✅ Successfully applied!
2025-08-05 00:01:56,184 - INFO - 🎯 [49/90] Applying to: ERP Business Analyst Infor M3 (SaaS ERP) - LINK: https://www.dice.com/job-detail/a2835827-bfd9-4ea3-93dc-3a1c93513a1f
2025-08-05 00:02:12,107 - INFO -    ✅ Successfully applied!
2025-08-05 00:02:22,526 - INFO - 🎯 [50/90] Applying to: Job Board Data Automation Engineer - LINK: https://www.dice.com/job-detail/ac2c0468-b74c-4f33-8e5c-25aaaff81500
2025-08-05 00:02:36,949 - INFO -    ✅ Successfully applied!
2025-08-05 00:02:47,993 - INFO - 🎯 [51/90] Applying to: Entry Level AML / KYC Analyst - LINK: https://www.dice.com/job-detail/30f307d9-b49f-4b5e-a17f-06efdfe6cd54
2025-08-05 00:03:05,061 - INFO -    ✅ Successfully applied!
2025-08-05 00:03:17,174 - INFO - 🎯 [52/90] Applying to: Senior Data Lakehouse Engineer Apache Iceberg - LINK: https://www.dice.com/job-detail/dd25615c-8ad6-475d-9c9c-a516b926e041
2025-08-05 00:03:36,459 - ERROR -    ❌ Cannot click apply button: Message: 
Stacktrace:
#0 0x561b96fd82ca <unknown>
#1 0x561b96a7f550 <unknown>
#2 0x561b96ad10f0 <unknown>
#3 0x561b96ad12e1 <unknown>
#4 0x561b96b1f5e4 <unknown>
#5 0x561b96af6bed <unknown>
#6 0x561b96b1c9e6 <unknown>
#7 0x561b96af6993 <unknown>
#8 0x561b96ac2d6b <unknown>
#9 0x561b96ac4141 <unknown>
#10 0x561b96f9d2ab <unknown>
#11 0x561b96fa10b9 <unknown>
#12 0x561b96f84139 <unknown>
#13 0x561b96fa1c68 <unknown>
#14 0x561b96f6860f <unknown>
#15 0x561b96fc61f8 <unknown>
#16 0x561b96fc63d6 <unknown>
#17 0x561b96fd75e6 <unknown>
#18 0x7fa35889caa4 <unknown>
#19 0x7fa358929c3c <unknown>

2025-08-05 00:03:49,190 - INFO - 🎯 [53/90] Applying to: Senior Software Engineer - LINK: https://www.dice.com/job-detail/ea01d94f-d6d5-4799-beb8-b86b9a87dcbd
2025-08-05 00:04:06,664 - INFO -    ✅ Successfully applied!
2025-08-05 00:04:15,503 - INFO - 🎯 [54/90] Applying to: Senior Data Engineer with FHIR Experience - LINK: https://www.dice.com/job-detail/7877765a-d671-4d66-a372-42ec34ef6231
2025-08-05 00:04:34,105 - ERROR -    ❌ Cannot click apply button: Message: 
Stacktrace:
#0 0x561b96fd82ca <unknown>
#1 0x561b96a7f550 <unknown>
#2 0x561b96ad10f0 <unknown>
#3 0x561b96ad12e1 <unknown>
#4 0x561b96b1f5e4 <unknown>
#5 0x561b96af6bed <unknown>
#6 0x561b96b1c9e6 <unknown>
#7 0x561b96af6993 <unknown>
#8 0x561b96ac2d6b <unknown>
#9 0x561b96ac4141 <unknown>
#10 0x561b96f9d2ab <unknown>
#11 0x561b96fa10b9 <unknown>
#12 0x561b96f84139 <unknown>
#13 0x561b96fa1c68 <unknown>
#14 0x561b96f6860f <unknown>
#15 0x561b96fc61f8 <unknown>
#16 0x561b96fc63d6 <unknown>
#17 0x561b96fd75e6 <unknown>
#18 0x7fa35889caa4 <unknown>
#19 0x7fa358929c3c <unknown>

2025-08-05 00:04:42,148 - INFO - 🎯 [55/90] Applying to: Lead Python/Django Data Engineer - LINK: https://www.dice.com/job-detail/7001cd44-9c85-49b3-9e33-a0c574ff8701
2025-08-05 00:04:57,510 - INFO -    ✅ Successfully applied!
2025-08-05 00:05:05,548 - INFO - 🎯 [56/90] Applying to: Chassis Design Engineer Passenger Vehicles (Creo) - LINK: https://www.dice.com/job-detail/7a3546a2-53a9-4dcd-a232-a0d9fd395495
2025-08-05 00:05:19,952 - INFO -    ✅ Successfully applied!
2025-08-05 00:05:31,598 - INFO - 🎯 [57/90] Applying to: Calypso Business Analyst Derivatives & Collateral Management | Hybrid - LINK: https://www.dice.com/job-detail/b975f324-f4d0-4ee8-be73-29bc792ea3db
2025-08-05 00:05:46,996 - INFO -    ✅ Successfully applied!
2025-08-05 00:05:56,614 - INFO - 🎯 [58/90] Applying to: Systems Engineer - LINK: https://www.dice.com/job-detail/00620ec0-ef1a-41cb-91d4-b282d7e86afe
2025-08-05 00:06:13,229 - INFO -    ✅ Successfully applied!
2025-08-05 00:06:23,303 - INFO - 🎯 [59/90] Applying to: Sr. Data Scientist - Demand Forecasting (Automotive Logistics, AWS Cloud) - LINK: https://www.dice.com/job-detail/9ac6f134-b80a-4c46-94a6-5610ac2fd0fc
2025-08-05 00:06:38,550 - INFO -    ✅ Successfully applied!
2025-08-05 00:06:48,780 - INFO - 🎯 [60/90] Applying to: SAP Data Analyst I/II,Location: FAYETTEVILLE, AR, US,Duration: Full-time - LINK: https://www.dice.com/job-detail/aa4e8bfe-f0d3-424e-8305-d3fa4df4e8ce
2025-08-05 00:07:05,480 - INFO -    ✅ Successfully applied!
2025-08-05 00:07:15,699 - INFO - 🎯 [61/90] Applying to: Mainframe Developer - LINK: https://www.dice.com/job-detail/a1e38404-dad9-4f98-954e-59d9830bf5a8
2025-08-05 00:07:31,105 - INFO -    ✅ Successfully applied!
2025-08-05 00:07:40,135 - INFO - 🎯 [62/90] Applying to: Senior Business Analyst - LINK: https://www.dice.com/job-detail/55cfd460-c240-4267-89db-89124edb9d1b
2025-08-05 00:07:56,143 - INFO -    ✅ Successfully applied!
2025-08-05 00:08:04,752 - INFO - 🎯 [63/90] Applying to: Big Data Engineer ( Scala , Spark) - LINK: https://www.dice.com/job-detail/8ca0b5a1-c865-444a-bbdb-c6ec5ab13635
2025-08-05 00:08:22,247 - INFO -    ✅ Successfully applied!
2025-08-05 00:08:30,176 - INFO - 🎯 [64/90] Applying to: Senior Software Engineer - LINK: https://www.dice.com/job-detail/d3cf2fda-ce9c-4a27-a4fa-88ac83e0298a
2025-08-05 00:08:45,028 - INFO -    ✅ Successfully applied!
2025-08-05 00:08:58,390 - INFO - 🎯 [65/90] Applying to: Business Analyst - LINK: https://www.dice.com/job-detail/07b6f296-6256-4b95-99fa-dc8f85545173
2025-08-05 00:09:14,217 - INFO -    ✅ Successfully applied!
2025-08-05 00:09:26,161 - INFO - 🎯 [66/90] Applying to: Quantitative Researcher with Machine Learning Experience Work From Home - G - LINK: https://www.dice.com/job-detail/15b75126-7809-41b2-bf52-9c31d0cefa49
2025-08-05 00:09:42,644 - INFO -    ✅ Successfully applied!
2025-08-05 00:09:51,035 - INFO - 🎯 [67/90] Applying to: Data Services .Net Developer - LINK: https://www.dice.com/job-detail/dbd13e1d-95d3-4e70-b47d-a20b73eb531a
2025-08-05 00:10:08,021 - INFO -    ✅ Successfully applied!
2025-08-05 00:10:20,108 - INFO - 🎯 [68/90] Applying to: Data ArchitectAzure - LINK: https://www.dice.com/job-detail/22688e75-68c0-4b13-999f-36fb1c6cddf8
2025-08-05 00:10:38,329 - INFO -    ✅ Successfully applied!
2025-08-05 00:10:50,388 - INFO - 🎯 [69/90] Applying to: Enterprise Solutions Architect - LINK: https://www.dice.com/job-detail/410d4c99-8eb4-4fd3-9ad8-843985dfb429
2025-08-05 00:11:10,108 - ERROR -    ❌ Cannot click apply button: Message: 
Stacktrace:
#0 0x561b96fd82ca <unknown>
#1 0x561b96a7f550 <unknown>
#2 0x561b96ad10f0 <unknown>
#3 0x561b96ad12e1 <unknown>
#4 0x561b96b1f5e4 <unknown>
#5 0x561b96af6bed <unknown>
#6 0x561b96b1c9e6 <unknown>
#7 0x561b96af6993 <unknown>
#8 0x561b96ac2d6b <unknown>
#9 0x561b96ac4141 <unknown>
#10 0x561b96f9d2ab <unknown>
#11 0x561b96fa10b9 <unknown>
#12 0x561b96f84139 <unknown>
#13 0x561b96fa1c68 <unknown>
#14 0x561b96f6860f <unknown>
#15 0x561b96fc61f8 <unknown>
#16 0x561b96fc63d6 <unknown>
#17 0x561b96fd75e6 <unknown>
#18 0x7fa35889caa4 <unknown>
#19 0x7fa358929c3c <unknown>

2025-08-05 00:11:20,951 - INFO - 🎯 [70/90] Applying to: .NET Developer - LINK: https://www.dice.com/job-detail/0e127b23-3528-4ef6-9d30-74196349fd99
2025-08-05 00:11:35,758 - INFO -    ✅ Successfully applied!
2025-08-05 00:11:48,316 - INFO - 🎯 [71/90] Applying to: Quantitative Researcher with Options Trading Experience - Work From Home - G - LINK: https://www.dice.com/job-detail/cdb3635a-176e-4495-8a3f-ccfe9ff0a78d
2025-08-05 00:12:05,940 - ERROR -    ❌ Cannot click apply button: Message: 
Stacktrace:
#0 0x561b96fd82ca <unknown>
#1 0x561b96a7f550 <unknown>
#2 0x561b96ad10f0 <unknown>
#3 0x561b96ad12e1 <unknown>
#4 0x561b96b1f5e4 <unknown>
#5 0x561b96af6bed <unknown>
#6 0x561b96b1c9e6 <unknown>
#7 0x561b96af6993 <unknown>
#8 0x561b96ac2d6b <unknown>
#9 0x561b96ac4141 <unknown>
#10 0x561b96f9d2ab <unknown>
#11 0x561b96fa10b9 <unknown>
#12 0x561b96f84139 <unknown>
#13 0x561b96fa1c68 <unknown>
#14 0x561b96f6860f <unknown>
#15 0x561b96fc61f8 <unknown>
#16 0x561b96fc63d6 <unknown>
#17 0x561b96fd75e6 <unknown>
#18 0x7fa35889caa4 <unknown>
#19 0x7fa358929c3c <unknown>

2025-08-05 00:12:14,938 - INFO - 🎯 [72/90] Applying to: Erwin Data Architect - LINK: https://www.dice.com/job-detail/e35ab1a8-9838-4bcd-b907-32fd8e9963b3
2025-08-05 00:12:34,688 - ERROR -    ❌ Cannot click apply button: Message: 
Stacktrace:
#0 0x561b96fd82ca <unknown>
#1 0x561b96a7f550 <unknown>
#2 0x561b96ad10f0 <unknown>
#3 0x561b96ad12e1 <unknown>
#4 0x561b96b1f5e4 <unknown>
#5 0x561b96af6bed <unknown>
#6 0x561b96b1c9e6 <unknown>
#7 0x561b96af6993 <unknown>
#8 0x561b96ac2d6b <unknown>
#9 0x561b96ac4141 <unknown>
#10 0x561b96f9d2ab <unknown>
#11 0x561b96fa10b9 <unknown>
#12 0x561b96f84139 <unknown>
#13 0x561b96fa1c68 <unknown>
#14 0x561b96f6860f <unknown>
#15 0x561b96fc61f8 <unknown>
#16 0x561b96fc63d6 <unknown>
#17 0x561b96fd75e6 <unknown>
#18 0x7fa35889caa4 <unknown>
#19 0x7fa358929c3c <unknown>

2025-08-05 00:12:47,713 - INFO - 🎯 [73/90] Applying to: Java Developer - LINK: https://www.dice.com/job-detail/ea672dcc-4637-47e2-9dcc-8d5a39ca3fd9
2025-08-05 00:13:02,054 - INFO -    ✅ Successfully applied!
2025-08-05 00:13:10,944 - INFO - 🎯 [74/90] Applying to: Data Architect - LINK: https://www.dice.com/job-detail/ff6d6b65-34d9-4874-a58c-d72b7066b110
2025-08-05 00:13:27,688 - INFO -    ✅ Successfully applied!
2025-08-05 00:13:38,124 - INFO - 🎯 [75/90] Applying to: Business Operations - Data Analyst Senior - LINK: https://www.dice.com/job-detail/f34d19a9-ecbd-49d0-b7e4-a5119038cd4a
2025-08-05 00:13:53,948 - INFO -    ✅ Successfully applied!
2025-08-05 00:14:04,464 - INFO - 🎯 [76/90] Applying to: Data Engineer - LINK: https://www.dice.com/job-detail/0db7cf50-670a-49ee-ab89-f7618b0dedba
2025-08-05 00:14:21,956 - INFO -    ✅ Successfully applied!
2025-08-05 00:14:30,775 - INFO - 🎯 [77/90] Applying to: Software Developer 2 - LINK: https://www.dice.com/job-detail/1f615757-b3ae-420b-a647-35dfac65fc35
2025-08-05 00:14:46,955 - INFO -    ✅ Successfully applied!
2025-08-05 00:14:57,366 - INFO - 🎯 [78/90] Applying to: Site Reliability Engineer with Python, Core Java, Jenkins, Groovy Knowledge of payments (desirable) Experience with HP Non-stop & FIS Connex - Chicago IL - Onsite work - LINK: https://www.dice.com/job-detail/ccb6606c-0527-4e6e-942b-127964f3a403
2025-08-05 00:15:11,300 - INFO -    ✅ Successfully applied!
2025-08-05 00:15:22,861 - INFO - 🎯 [79/90] Applying to: Backend Go Engineer - LINK: https://www.dice.com/job-detail/7fb8a10e-fbc5-453c-8e7d-0200b16657bd
2025-08-05 00:15:38,857 - INFO -    ✅ Successfully applied!
2025-08-05 00:15:48,236 - INFO - 🎯 [80/90] Applying to: Senior Data Engineer AVEVA PI System - LINK: https://www.dice.com/job-detail/68b1dcdf-b062-46a3-8350-4a71dc012d25
2025-08-05 00:16:07,349 - ERROR -    ❌ Cannot click apply button: Message: 
Stacktrace:
#0 0x561b96fd82ca <unknown>
#1 0x561b96a7f550 <unknown>
#2 0x561b96ad10f0 <unknown>
#3 0x561b96ad12e1 <unknown>
#4 0x561b96b1f5e4 <unknown>
#5 0x561b96af6bed <unknown>
#6 0x561b96b1c9e6 <unknown>
#7 0x561b96af6993 <unknown>
#8 0x561b96ac2d6b <unknown>
#9 0x561b96ac4141 <unknown>
#10 0x561b96f9d2ab <unknown>
#11 0x561b96fa10b9 <unknown>
#12 0x561b96f84139 <unknown>
#13 0x561b96fa1c68 <unknown>
#14 0x561b96f6860f <unknown>
#15 0x561b96fc61f8 <unknown>
#16 0x561b96fc63d6 <unknown>
#17 0x561b96fd75e6 <unknown>
#18 0x7fa35889caa4 <unknown>
#19 0x7fa358929c3c <unknown>

2025-08-05 00:16:18,149 - INFO - 🎯 [81/90] Applying to: Business Operations Specialist/Business Analyst - LINK: https://www.dice.com/job-detail/77b2bce1-69df-4334-9c8c-c0245995eec2
2025-08-05 00:16:33,931 - INFO -    ✅ Successfully applied!
2025-08-05 00:16:46,004 - INFO - 🎯 [82/90] Applying to: Big Data Developer (Python PySpark Big Data Developer) - Whippany, NJ - LINK: https://www.dice.com/job-detail/818d538d-398f-46c7-8792-a67abce620f4
2025-08-05 00:17:04,598 - ERROR -    ❌ Cannot click apply button: Message: 
Stacktrace:
#0 0x561b96fd82ca <unknown>
#1 0x561b96a7f550 <unknown>
#2 0x561b96ad10f0 <unknown>
#3 0x561b96ad12e1 <unknown>
#4 0x561b96b1f5e4 <unknown>
#5 0x561b96af6bed <unknown>
#6 0x561b96b1c9e6 <unknown>
#7 0x561b96af6993 <unknown>
#8 0x561b96ac2d6b <unknown>
#9 0x561b96ac4141 <unknown>
#10 0x561b96f9d2ab <unknown>
#11 0x561b96fa10b9 <unknown>
#12 0x561b96f84139 <unknown>
#13 0x561b96fa1c68 <unknown>
#14 0x561b96f6860f <unknown>
#15 0x561b96fc61f8 <unknown>
#16 0x561b96fc63d6 <unknown>
#17 0x561b96fd75e6 <unknown>
#18 0x7fa35889caa4 <unknown>
#19 0x7fa358929c3c <unknown>

2025-08-05 00:17:14,978 - INFO - 🎯 [83/90] Applying to: Google Cloud Platform Architect (.Net) - LINK: https://www.dice.com/job-detail/72dce675-3d9a-4ff0-b783-6788f3dbe161
2025-08-05 00:17:32,980 - ERROR -    ❌ Cannot click apply button: Message: 
Stacktrace:
#0 0x561b96fd82ca <unknown>
#1 0x561b96a7f550 <unknown>
#2 0x561b96ad10f0 <unknown>
#3 0x561b96ad12e1 <unknown>
#4 0x561b96b1f5e4 <unknown>
#5 0x561b96af6bed <unknown>
#6 0x561b96b1c9e6 <unknown>
#7 0x561b96af6993 <unknown>
#8 0x561b96ac2d6b <unknown>
#9 0x561b96ac4141 <unknown>
#10 0x561b96f9d2ab <unknown>
#11 0x561b96fa10b9 <unknown>
#12 0x561b96f84139 <unknown>
#13 0x561b96fa1c68 <unknown>
#14 0x561b96f6860f <unknown>
#15 0x561b96fc61f8 <unknown>
#16 0x561b96fc63d6 <unknown>
#17 0x561b96fd75e6 <unknown>
#18 0x7fa35889caa4 <unknown>
#19 0x7fa358929c3c <unknown>

2025-08-05 00:17:41,599 - INFO - 🎯 [84/90] Applying to: Lead Java Developer (PySpark) - LINK: https://www.dice.com/job-detail/19032108-0b72-4d6e-a202-bc6b3afdca0b
2025-08-05 00:17:57,797 - INFO -    ✅ Successfully applied!
2025-08-05 00:18:07,461 - INFO - 🎯 [85/90] Applying to: Programmer Analyst 3 - Salesforce Developer - LINK: https://www.dice.com/job-detail/b4878fc1-e9c1-4552-9429-2337bf339298
2025-08-05 00:18:22,170 - INFO -    ✅ Successfully applied!
2025-08-05 00:18:32,329 - INFO - 🎯 [86/90] Applying to: Android AI ML Engineer - On-Device - LINK: https://www.dice.com/job-detail/bfc2aef5-1bf4-4aea-9110-edee58c60de3
2025-08-05 00:18:51,504 - ERROR -    ❌ Cannot click apply button: Message: 
Stacktrace:
#0 0x561b96fd82ca <unknown>
#1 0x561b96a7f550 <unknown>
#2 0x561b96ad10f0 <unknown>
#3 0x561b96ad12e1 <unknown>
#4 0x561b96b1f5e4 <unknown>
#5 0x561b96af6bed <unknown>
#6 0x561b96b1c9e6 <unknown>
#7 0x561b96af6993 <unknown>
#8 0x561b96ac2d6b <unknown>
#9 0x561b96ac4141 <unknown>
#10 0x561b96f9d2ab <unknown>
#11 0x561b96fa10b9 <unknown>
#12 0x561b96f84139 <unknown>
#13 0x561b96fa1c68 <unknown>
#14 0x561b96f6860f <unknown>
#15 0x561b96fc61f8 <unknown>
#16 0x561b96fc63d6 <unknown>
#17 0x561b96fd75e6 <unknown>
#18 0x7fa35889caa4 <unknown>
#19 0x7fa358929c3c <unknown>

2025-08-05 00:18:59,007 - INFO - 🎯 [87/90] Applying to: C# Developer - LINK: https://www.dice.com/job-detail/dad97a5d-9a39-449c-a279-2ed81500c760
2025-08-05 00:19:14,124 - INFO -    ✅ Successfully applied!
2025-08-05 00:19:22,778 - INFO - 🎯 [88/90] Applying to: Lead DevOps Engineer - LINK: https://www.dice.com/job-detail/2a01abe4-af4f-4674-bb9d-50c8a6e5b566
2025-08-05 00:19:42,412 - ERROR -    ❌ Cannot click apply button: Message: 
Stacktrace:
#0 0x561b96fd82ca <unknown>
#1 0x561b96a7f550 <unknown>
#2 0x561b96ad10f0 <unknown>
#3 0x561b96ad12e1 <unknown>
#4 0x561b96b1f5e4 <unknown>
#5 0x561b96af6bed <unknown>
#6 0x561b96b1c9e6 <unknown>
#7 0x561b96af6993 <unknown>
#8 0x561b96ac2d6b <unknown>
#9 0x561b96ac4141 <unknown>
#10 0x561b96f9d2ab <unknown>
#11 0x561b96fa10b9 <unknown>
#12 0x561b96f84139 <unknown>
#13 0x561b96fa1c68 <unknown>
#14 0x561b96f6860f <unknown>
#15 0x561b96fc61f8 <unknown>
#16 0x561b96fc63d6 <unknown>
#17 0x561b96fd75e6 <unknown>
#18 0x7fa35889caa4 <unknown>
#19 0x7fa358929c3c <unknown>

2025-08-05 00:19:51,822 - INFO - 🎯 [89/90] Applying to: Frount End Engineer - LINK: https://www.dice.com/job-detail/f76771a5-3b71-403e-9949-053db436eaaa
2025-08-05 00:20:10,390 - ERROR -    ❌ Cannot click apply button: Message: 
Stacktrace:
#0 0x561b96fd82ca <unknown>
#1 0x561b96a7f550 <unknown>
#2 0x561b96ad10f0 <unknown>
#3 0x561b96ad12e1 <unknown>
#4 0x561b96b1f5e4 <unknown>
#5 0x561b96af6bed <unknown>
#6 0x561b96b1c9e6 <unknown>
#7 0x561b96af6993 <unknown>
#8 0x561b96ac2d6b <unknown>
#9 0x561b96ac4141 <unknown>
#10 0x561b96f9d2ab <unknown>
#11 0x561b96fa10b9 <unknown>
#12 0x561b96f84139 <unknown>
#13 0x561b96fa1c68 <unknown>
#14 0x561b96f6860f <unknown>
#15 0x561b96fc61f8 <unknown>
#16 0x561b96fc63d6 <unknown>
#17 0x561b96fd75e6 <unknown>
#18 0x7fa35889caa4 <unknown>
#19 0x7fa358929c3c <unknown>

2025-08-05 00:20:21,549 - INFO - 🎯 [90/90] Applying to: PeopleSoft Business Analyst - LINK: https://www.dice.com/job-detail/06a270b5-deb4-403a-aa89-1412a35c0c9f
2025-08-05 00:20:37,816 - INFO -    ✅ Successfully applied!
2025-08-05 00:20:40,985 - INFO - 📊 Processing results...
2025-08-05 00:20:41,033 - INFO - 🎉 Application run completed!
2025-08-05 00:20:41,033 - INFO -    ✅ Newly applied: 68
2025-08-05 00:20:41,034 - INFO -    ⏭️  Already applied: 0
2025-08-05 00:20:41,034 - INFO -    ❌ Failed: 22
2025-08-05 00:20:41,034 - INFO -    📊 Total processed: 90
2025-08-05 00:20:41,034 - INFO -    📁 Total jobs in CSV: 3798
2025-08-05 00:20:41,034 - INFO -    💾 Updated: output/final_ml_jobs.csv
2025-08-05 00:20:41,034 - INFO - 🔧 Closing browser...
