2025-08-09 15:38:52,058 - INFO - 🚀 Starting stealth job application bot
2025-08-09 15:38:58,586 - INFO - 📂 Loading jobs from output/final_ml_jobs.csv
2025-08-09 15:38:58,618 - INFO -    📊 Total jobs in file: 5122
2025-08-09 15:38:58,621 - INFO -    🎯 Easy Apply jobs: 5122
2025-08-09 15:38:58,622 - INFO -    ⏳ Jobs to process: 263 (status: pending)
2025-08-09 15:38:58,623 - INFO - 🎲 Will attempt 51 applications this run (target: 51)
2025-08-09 15:38:58,623 - INFO - 🔑 Logging into Dice...
2025-08-09 15:39:01,426 - INFO - ✅ Login successful
2025-08-09 15:39:03,784 - INFO - 🔄 Starting job applications...
2025-08-09 15:39:03,784 - INFO - 🎯 [1/51] Applying to: Data Engineer - LINK: https://www.dice.com/job-detail/b4f100d7-e164-47bc-87d7-4c7bfd8c17cd
2025-08-09 15:39:23,050 - ERROR -    ❌ Cannot click apply button: Message: 
Stacktrace:
#0 0x5559a0a352ca <unknown>
#1 0x5559a04dc550 <unknown>
#2 0x5559a052e0f0 <unknown>
#3 0x5559a052e2e1 <unknown>
#4 0x5559a057c5e4 <unknown>
#5 0x5559a0553bed <unknown>
#6 0x5559a05799e6 <unknown>
#7 0x5559a0553993 <unknown>
#8 0x5559a051fd6b <unknown>
#9 0x5559a0521141 <unknown>
#10 0x5559a09fa2ab <unknown>
#11 0x5559a09fe0b9 <unknown>
#12 0x5559a09e1139 <unknown>
#13 0x5559a09fec68 <unknown>
#14 0x5559a09c560f <unknown>
#15 0x5559a0a231f8 <unknown>
#16 0x5559a0a233d6 <unknown>
#17 0x5559a0a345e6 <unknown>
#18 0x7f06e349caa4 <unknown>
#19 0x7f06e3529c3c <unknown>

2025-08-09 15:39:34,687 - INFO - 🎯 [2/51] Applying to: Senior Python Developer with GenAI - LINK: https://www.dice.com/job-detail/e0ac3d34-5bb6-4419-8991-22f26f37184e
2025-08-09 15:39:53,106 - ERROR -    ❌ Cannot click apply button: Message: 
Stacktrace:
#0 0x5559a0a352ca <unknown>
#1 0x5559a04dc550 <unknown>
#2 0x5559a052e0f0 <unknown>
#3 0x5559a052e2e1 <unknown>
#4 0x5559a057c5e4 <unknown>
#5 0x5559a0553bed <unknown>
#6 0x5559a05799e6 <unknown>
#7 0x5559a0553993 <unknown>
#8 0x5559a051fd6b <unknown>
#9 0x5559a0521141 <unknown>
#10 0x5559a09fa2ab <unknown>
#11 0x5559a09fe0b9 <unknown>
#12 0x5559a09e1139 <unknown>
#13 0x5559a09fec68 <unknown>
#14 0x5559a09c560f <unknown>
#15 0x5559a0a231f8 <unknown>
#16 0x5559a0a233d6 <unknown>
#17 0x5559a0a345e6 <unknown>
#18 0x7f06e349caa4 <unknown>
#19 0x7f06e3529c3c <unknown>

2025-08-09 15:40:01,973 - INFO - 🎯 [3/51] Applying to: Business Analyst - LINK: https://www.dice.com/job-detail/2176ca88-f536-400c-aa46-37bcb29d45b1
2025-08-09 15:40:17,837 - INFO -    ✅ Successfully applied!
2025-08-09 15:40:29,025 - INFO - 🎯 [4/51] Applying to: Prompt and Context Engineer - LINK: https://www.dice.com/job-detail/a4cfae07-26e9-4e96-967b-dc310fdaf2d3
2025-08-09 15:40:44,056 - INFO -    ✅ Successfully applied!
2025-08-09 15:40:53,948 - INFO - 🎯 [5/51] Applying to: Business Data Analyst - LINK: https://www.dice.com/job-detail/a82b36cc-2aa7-469d-88a8-a1f442a952e7
2025-08-09 15:41:09,097 - INFO -    ✅ Successfully applied!
2025-08-09 15:41:20,451 - INFO - 🎯 [6/51] Applying to: Google Cloud Platform Data Engineer MLOPS - LINK: https://www.dice.com/job-detail/9f10a896-8844-4f25-b31e-f4a86d082828
2025-08-09 15:41:37,088 - INFO -    ✅ Successfully applied!
2025-08-09 15:41:47,257 - INFO - 🎯 [7/51] Applying to: Software Engineer 3 - LINK: https://www.dice.com/job-detail/3606cd5a-8323-4e45-bae7-059f8480cee5
2025-08-09 15:42:06,061 - INFO -    ✅ Successfully applied!
2025-08-09 15:42:18,371 - INFO - 🎯 [8/51] Applying to: IT Project Business ANalyst - LINK: https://www.dice.com/job-detail/004ed5b0-191f-424b-a128-ed4f2f634f58
2025-08-09 15:42:33,305 - INFO -    ✅ Successfully applied!
2025-08-09 15:42:43,576 - INFO - 🎯 [9/51] Applying to: OpenText Documentum Engineer - LINK: https://www.dice.com/job-detail/e61c0912-53f1-436e-b0a3-80633d55d920
2025-08-09 15:42:58,383 - INFO -    ✅ Successfully applied!
2025-08-09 15:43:07,307 - INFO - 🎯 [10/51] Applying to: Machine Learning Engineer(Operations) - LINK: https://www.dice.com/job-detail/a2a1a82c-0240-424b-9b3e-4f2be4f67103
2025-08-09 15:43:21,532 - INFO -    ✅ Successfully applied!
2025-08-09 15:43:32,775 - INFO - 🎯 [11/51] Applying to: Test Lead Engineer (3416) - Tampa - LINK: https://www.dice.com/job-detail/c4b09591-75bf-4caa-b32f-f2f086176228
2025-08-09 15:43:49,162 - INFO -    ✅ Successfully applied!
2025-08-09 15:43:57,957 - INFO - 🎯 [12/51] Applying to: Junior Technical Specialist - LINK: https://www.dice.com/job-detail/965013b7-9496-49fc-b38e-60e4eb101020
2025-08-09 15:44:11,990 - INFO -    ✅ Successfully applied!
2025-08-09 15:44:17,605 - INFO - 🎯 [13/51] Applying to: Python Developer with Snowflake & Datawarehouse - LINK: https://www.dice.com/job-detail/50b4aa4d-2c60-4c1b-8242-72b45d7c3a45
2025-08-09 15:44:36,206 - ERROR -    ❌ Cannot click apply button: Message: 
Stacktrace:
#0 0x5559a0a352ca <unknown>
#1 0x5559a04dc550 <unknown>
#2 0x5559a052e0f0 <unknown>
#3 0x5559a052e2e1 <unknown>
#4 0x5559a057c5e4 <unknown>
#5 0x5559a0553bed <unknown>
#6 0x5559a05799e6 <unknown>
#7 0x5559a0553993 <unknown>
#8 0x5559a051fd6b <unknown>
#9 0x5559a0521141 <unknown>
#10 0x5559a09fa2ab <unknown>
#11 0x5559a09fe0b9 <unknown>
#12 0x5559a09e1139 <unknown>
#13 0x5559a09fec68 <unknown>
#14 0x5559a09c560f <unknown>
#15 0x5559a0a231f8 <unknown>
#16 0x5559a0a233d6 <unknown>
#17 0x5559a0a345e6 <unknown>
#18 0x7f06e349caa4 <unknown>
#19 0x7f06e3529c3c <unknown>

2025-08-09 15:44:45,679 - INFO - 🎯 [14/51] Applying to: Business Intelligence Engineer - LINK: https://www.dice.com/job-detail/b5725810-2d16-4658-bbbe-645f3bbbd3bf
2025-08-09 15:45:00,591 - INFO -    ✅ Successfully applied!
2025-08-09 15:45:10,641 - INFO - 🎯 [15/51] Applying to: Product Analyst or Product Manager immediate need for onsite at NC!!!! - LINK: https://www.dice.com/job-detail/ae469bf7-7225-4428-bd00-c0a24cb07baf
2025-08-09 15:45:30,872 - ERROR -    ❌ Cannot click apply button: Message: 
Stacktrace:
#0 0x5559a0a352ca <unknown>
#1 0x5559a04dc550 <unknown>
#2 0x5559a052e0f0 <unknown>
#3 0x5559a052e2e1 <unknown>
#4 0x5559a057c5e4 <unknown>
#5 0x5559a0553bed <unknown>
#6 0x5559a05799e6 <unknown>
#7 0x5559a0553993 <unknown>
#8 0x5559a051fd6b <unknown>
#9 0x5559a0521141 <unknown>
#10 0x5559a09fa2ab <unknown>
#11 0x5559a09fe0b9 <unknown>
#12 0x5559a09e1139 <unknown>
#13 0x5559a09fec68 <unknown>
#14 0x5559a09c560f <unknown>
#15 0x5559a0a231f8 <unknown>
#16 0x5559a0a233d6 <unknown>
#17 0x5559a0a345e6 <unknown>
#18 0x7f06e349caa4 <unknown>
#19 0x7f06e3529c3c <unknown>

2025-08-09 15:45:39,070 - INFO - 🎯 [16/51] Applying to: Python Developer with AI-ML --- Toronto , Canada Onsite - LINK: https://www.dice.com/job-detail/5b4ad192-47a8-4695-aac7-c9dbac518371
2025-08-09 15:45:53,509 - INFO -    ✅ Successfully applied!
2025-08-09 15:46:04,844 - INFO - 🎯 [17/51] Applying to: Data Engineer - LINK: https://www.dice.com/job-detail/6f64f3c2-9564-41ba-b2d9-258b8c28b949
2025-08-09 15:46:20,566 - INFO -    ✅ Successfully applied!
2025-08-09 15:46:30,030 - INFO - 🎯 [18/51] Applying to: Data Engineer - LINK: https://www.dice.com/job-detail/9bdf9fba-93c1-48ab-9864-b0486f7711e0
2025-08-09 15:46:45,872 - INFO -    ✅ Successfully applied!
2025-08-09 15:46:57,108 - INFO - 🎯 [19/51] Applying to: Business Analyst - LINK: https://www.dice.com/job-detail/4959e3b2-ab76-4ee9-a161-8f5f3893c204
2025-08-09 15:47:14,803 - ERROR -    ❌ Cannot click apply button: Message: 
Stacktrace:
#0 0x5559a0a352ca <unknown>
#1 0x5559a04dc550 <unknown>
#2 0x5559a052e0f0 <unknown>
#3 0x5559a052e2e1 <unknown>
#4 0x5559a057c5e4 <unknown>
#5 0x5559a0553bed <unknown>
#6 0x5559a05799e6 <unknown>
#7 0x5559a0553993 <unknown>
#8 0x5559a051fd6b <unknown>
#9 0x5559a0521141 <unknown>
#10 0x5559a09fa2ab <unknown>
#11 0x5559a09fe0b9 <unknown>
#12 0x5559a09e1139 <unknown>
#13 0x5559a09fec68 <unknown>
#14 0x5559a09c560f <unknown>
#15 0x5559a0a231f8 <unknown>
#16 0x5559a0a233d6 <unknown>
#17 0x5559a0a345e6 <unknown>
#18 0x7f06e349caa4 <unknown>
#19 0x7f06e3529c3c <unknown>

2025-08-09 15:47:24,678 - INFO - 🎯 [20/51] Applying to: Sr. Embedded Software Engineer (WIFI) - LINK: https://www.dice.com/job-detail/b0069ecf-7dad-478c-b485-b5056fa4d8a0
2025-08-09 15:47:39,507 - INFO -    ✅ Successfully applied!
2025-08-09 15:47:51,253 - INFO - 🎯 [21/51] Applying to: IT Business Analyst - SharePoint & RFP Consultant (34103) - LINK: https://www.dice.com/job-detail/be886785-c1c4-4327-a1ce-d630ecbb0a4d
2025-08-09 15:48:09,932 - ERROR -    ❌ Cannot click apply button: Message: 
Stacktrace:
#0 0x5559a0a352ca <unknown>
#1 0x5559a04dc550 <unknown>
#2 0x5559a052e0f0 <unknown>
#3 0x5559a052e2e1 <unknown>
#4 0x5559a057c5e4 <unknown>
#5 0x5559a0553bed <unknown>
#6 0x5559a05799e6 <unknown>
#7 0x5559a0553993 <unknown>
#8 0x5559a051fd6b <unknown>
#9 0x5559a0521141 <unknown>
#10 0x5559a09fa2ab <unknown>
#11 0x5559a09fe0b9 <unknown>
#12 0x5559a09e1139 <unknown>
#13 0x5559a09fec68 <unknown>
#14 0x5559a09c560f <unknown>
#15 0x5559a0a231f8 <unknown>
#16 0x5559a0a233d6 <unknown>
#17 0x5559a0a345e6 <unknown>
#18 0x7f06e349caa4 <unknown>
#19 0x7f06e3529c3c <unknown>

2025-08-09 15:48:21,567 - INFO - 🎯 [22/51] Applying to: Snowflake Senior Data Engineers - LINK: https://www.dice.com/job-detail/36d7f18e-0209-4849-a393-384ea29b2370
2025-08-09 15:48:37,427 - INFO -    ✅ Successfully applied!
2025-08-09 15:48:44,065 - INFO - 🎯 [23/51] Applying to: Childcare Business Analyst - LINK: https://www.dice.com/job-detail/d879885b-1c01-4029-b749-dc09b0fdf8d5
2025-08-09 15:49:00,482 - INFO -    ✅ Successfully applied!
2025-08-09 15:49:08,629 - INFO - 🎯 [24/51] Applying to: FactoryLogix - System Engineer - LINK: https://www.dice.com/job-detail/b2487dc8-4b3a-4829-b1fa-68f2914c6eda
2025-08-09 15:49:23,849 - INFO -    ✅ Successfully applied!
2025-08-09 15:49:33,222 - INFO - 🎯 [25/51] Applying to: Data Engineer - LINK: https://www.dice.com/job-detail/344eb0af-b4fd-4a6a-8924-1979cee21fc0
2025-08-09 15:49:51,264 - ERROR -    ❌ Cannot click apply button: Message: 
Stacktrace:
#0 0x5559a0a352ca <unknown>
#1 0x5559a04dc550 <unknown>
#2 0x5559a052e0f0 <unknown>
#3 0x5559a052e2e1 <unknown>
#4 0x5559a057c5e4 <unknown>
#5 0x5559a0553bed <unknown>
#6 0x5559a05799e6 <unknown>
#7 0x5559a0553993 <unknown>
#8 0x5559a051fd6b <unknown>
#9 0x5559a0521141 <unknown>
#10 0x5559a09fa2ab <unknown>
#11 0x5559a09fe0b9 <unknown>
#12 0x5559a09e1139 <unknown>
#13 0x5559a09fec68 <unknown>
#14 0x5559a09c560f <unknown>
#15 0x5559a0a231f8 <unknown>
#16 0x5559a0a233d6 <unknown>
#17 0x5559a0a345e6 <unknown>
#18 0x7f06e349caa4 <unknown>
#19 0x7f06e3529c3c <unknown>

2025-08-09 15:50:03,497 - INFO - 🎯 [26/51] Applying to: Business Analyst - LINK: https://www.dice.com/job-detail/604e2576-5ae5-4b76-8b2c-fc41c2a4ddf0
2025-08-09 15:50:19,190 - INFO -    ✅ Successfully applied!
2025-08-09 15:50:26,474 - INFO - 🎯 [27/51] Applying to: Itential Software Engineer - LINK: https://www.dice.com/job-detail/ee64ddc8-a4d0-4d31-9a9b-a32ea68cf98f
2025-08-09 15:50:40,154 - INFO -    ✅ Successfully applied!
2025-08-09 15:50:50,246 - INFO - 🎯 [28/51] Applying to: Senior AI/GenAI Security Engineer Lev.3 - LINK: https://www.dice.com/job-detail/683412df-0697-4f30-83a9-2c9746f86281
2025-08-09 15:51:08,683 - INFO -    ✅ Successfully applied!
2025-08-09 15:51:16,871 - INFO - 🎯 [29/51] Applying to: Agentic AI Developer - LINK: https://www.dice.com/job-detail/a55ff153-2f40-41aa-a479-086f8ac4943b
2025-08-09 15:51:33,310 - INFO -    ✅ Successfully applied!
2025-08-09 15:51:44,979 - INFO - 🎯 [30/51] Applying to: Software Engineer - LINK: https://www.dice.com/job-detail/a8a4f74a-c98c-4744-b568-380c6df6b3d2
2025-08-09 15:52:00,116 - INFO -    ✅ Successfully applied!
2025-08-09 15:52:11,300 - INFO - 🎯 [31/51] Applying to: R&D Technician (Entry level/Junior/Recent Grads) - Onsite - LINK: https://www.dice.com/job-detail/7deba6c1-9f65-4db6-b013-b4f931fe9c4a
2025-08-09 15:52:25,628 - INFO -    ✅ Successfully applied!
2025-08-09 15:52:35,531 - INFO - 🎯 [32/51] Applying to: Senior UI Developer (Angular Specialist + Java) - LINK: https://www.dice.com/job-detail/c1e5c160-435a-4d4a-9292-7ee77edb7c43
2025-08-09 15:52:52,196 - INFO -    ✅ Successfully applied!
2025-08-09 15:53:00,459 - INFO - 🎯 [33/51] Applying to: Title: Site Reliability Engineer SRE ML platform - LINK: https://www.dice.com/job-detail/9f649fca-020a-4844-9ddb-30ea5b12f76e
2025-08-09 15:53:19,370 - ERROR -    ❌ Cannot click apply button: Message: 
Stacktrace:
#0 0x5559a0a352ca <unknown>
#1 0x5559a04dc550 <unknown>
#2 0x5559a052e0f0 <unknown>
#3 0x5559a052e2e1 <unknown>
#4 0x5559a057c5e4 <unknown>
#5 0x5559a0553bed <unknown>
#6 0x5559a05799e6 <unknown>
#7 0x5559a0553993 <unknown>
#8 0x5559a051fd6b <unknown>
#9 0x5559a0521141 <unknown>
#10 0x5559a09fa2ab <unknown>
#11 0x5559a09fe0b9 <unknown>
#12 0x5559a09e1139 <unknown>
#13 0x5559a09fec68 <unknown>
#14 0x5559a09c560f <unknown>
#15 0x5559a0a231f8 <unknown>
#16 0x5559a0a233d6 <unknown>
#17 0x5559a0a345e6 <unknown>
#18 0x7f06e349caa4 <unknown>
#19 0x7f06e3529c3c <unknown>

2025-08-09 15:53:29,465 - INFO - 🎯 [34/51] Applying to: Vertex AI Solutions Engineer Google Cloud Platform - LINK: https://www.dice.com/job-detail/1da7eb9e-0034-4f6d-a4b1-d742df4748e0
2025-08-09 15:53:48,979 - ERROR -    ❌ Cannot click apply button: Message: 
Stacktrace:
#0 0x5559a0a352ca <unknown>
#1 0x5559a04dc550 <unknown>
#2 0x5559a052e0f0 <unknown>
#3 0x5559a052e2e1 <unknown>
#4 0x5559a057c5e4 <unknown>
#5 0x5559a0553bed <unknown>
#6 0x5559a05799e6 <unknown>
#7 0x5559a0553993 <unknown>
#8 0x5559a051fd6b <unknown>
#9 0x5559a0521141 <unknown>
#10 0x5559a09fa2ab <unknown>
#11 0x5559a09fe0b9 <unknown>
#12 0x5559a09e1139 <unknown>
#13 0x5559a09fec68 <unknown>
#14 0x5559a09c560f <unknown>
#15 0x5559a0a231f8 <unknown>
#16 0x5559a0a233d6 <unknown>
#17 0x5559a0a345e6 <unknown>
#18 0x7f06e349caa4 <unknown>
#19 0x7f06e3529c3c <unknown>

2025-08-09 15:54:00,661 - INFO - 🎯 [35/51] Applying to: Data Analyst--Snowflake SQL - LINK: https://www.dice.com/job-detail/db93b692-6a53-4590-aef6-38133fa45807
2025-08-09 15:54:17,793 - INFO -    ✅ Successfully applied!
2025-08-09 15:54:28,041 - INFO - 🎯 [36/51] Applying to: Senior Software Engineer - LINK: https://www.dice.com/job-detail/dcf9b46f-645d-4954-9e58-c923d335a387
2025-08-09 15:54:41,365 - INFO -    ✅ Successfully applied!
2025-08-09 15:54:49,353 - INFO - 🎯 [37/51] Applying to: Data Scientist - LINK: https://www.dice.com/job-detail/7420a95e-1fee-4f78-8e88-4560669b20ec
2025-08-09 15:55:06,039 - INFO -    ✅ Successfully applied!
2025-08-09 15:55:15,118 - INFO - 🎯 [38/51] Applying to: Data Engineering with IAM- C2C- CH - LINK: https://www.dice.com/job-detail/c6b5eecb-b9f3-48e4-82b2-a83f9b3b4593
2025-08-09 15:55:29,315 - INFO -    ✅ Successfully applied!
2025-08-09 15:55:39,413 - INFO - 🎯 [39/51] Applying to: Azure Data Engineer with Investment Banking || Hybrid onsite || Weehawken NJ - LINK: https://www.dice.com/job-detail/ecc7e659-c648-4cdc-83a6-ba83af833737
2025-08-09 15:55:54,782 - INFO -    ✅ Successfully applied!
2025-08-09 15:56:02,010 - INFO - 🎯 [40/51] Applying to: Business Analyst - LINK: https://www.dice.com/job-detail/d8f165e5-589c-41ad-b789-5a2f6b9c21d9
2025-08-09 15:56:21,734 - ERROR -    ❌ Cannot click apply button: Message: 
Stacktrace:
#0 0x5559a0a352ca <unknown>
#1 0x5559a04dc550 <unknown>
#2 0x5559a052e0f0 <unknown>
#3 0x5559a052e2e1 <unknown>
#4 0x5559a057c5e4 <unknown>
#5 0x5559a0553bed <unknown>
#6 0x5559a05799e6 <unknown>
#7 0x5559a0553993 <unknown>
#8 0x5559a051fd6b <unknown>
#9 0x5559a0521141 <unknown>
#10 0x5559a09fa2ab <unknown>
#11 0x5559a09fe0b9 <unknown>
#12 0x5559a09e1139 <unknown>
#13 0x5559a09fec68 <unknown>
#14 0x5559a09c560f <unknown>
#15 0x5559a0a231f8 <unknown>
#16 0x5559a0a233d6 <unknown>
#17 0x5559a0a345e6 <unknown>
#18 0x7f06e349caa4 <unknown>
#19 0x7f06e3529c3c <unknown>

2025-08-09 15:56:33,560 - INFO - 🎯 [41/51] Applying to: Software Engineer 3 - LINK: https://www.dice.com/job-detail/00a77f70-5c8e-430d-878b-a117a4de552c
2025-08-09 15:56:47,297 - INFO -    ✅ Successfully applied!
2025-08-09 15:56:58,085 - INFO - 🎯 [42/51] Applying to: SAP IBP Functional Consultant - Senior - LINK: https://www.dice.com/job-detail/ca57e5b2-10f0-402c-8068-d1fce96c0d70
2025-08-09 15:57:16,313 - INFO -    ✅ Successfully applied!
2025-08-09 15:57:22,635 - INFO - 🎯 [43/51] Applying to: Python Developer - LINK: https://www.dice.com/job-detail/332f38c6-0261-4546-a874-7ec1ddaeef0b
2025-08-09 15:57:37,365 - INFO -    ✅ Successfully applied!
2025-08-09 15:57:47,496 - INFO - 🎯 [44/51] Applying to: Data Analyst - LINK: https://www.dice.com/job-detail/3bd0838e-cc3d-42a5-a59a-eeae777f0abb
2025-08-09 15:58:03,152 - INFO -    ✅ Successfully applied!
2025-08-09 15:58:11,746 - INFO - 🎯 [45/51] Applying to: Sr. Data Engineer with Unity Catalog - LINK: https://www.dice.com/job-detail/e76168d1-7884-429b-80e4-b2f6c51a6a1d
2025-08-09 15:58:30,187 - ERROR -    ❌ Cannot click apply button: Message: 
Stacktrace:
#0 0x5559a0a352ca <unknown>
#1 0x5559a04dc550 <unknown>
#2 0x5559a052e0f0 <unknown>
#3 0x5559a052e2e1 <unknown>
#4 0x5559a057c5e4 <unknown>
#5 0x5559a0553bed <unknown>
#6 0x5559a05799e6 <unknown>
#7 0x5559a0553993 <unknown>
#8 0x5559a051fd6b <unknown>
#9 0x5559a0521141 <unknown>
#10 0x5559a09fa2ab <unknown>
#11 0x5559a09fe0b9 <unknown>
#12 0x5559a09e1139 <unknown>
#13 0x5559a09fec68 <unknown>
#14 0x5559a09c560f <unknown>
#15 0x5559a0a231f8 <unknown>
#16 0x5559a0a233d6 <unknown>
#17 0x5559a0a345e6 <unknown>
#18 0x7f06e349caa4 <unknown>
#19 0x7f06e3529c3c <unknown>

2025-08-09 15:58:40,267 - INFO - 🎯 [46/51] Applying to: Junior-Mid Level .NET Engineer / Hybrid / Irving, TX - LINK: https://www.dice.com/job-detail/bdb91c7d-735c-42fd-a943-2000dc243e52
2025-08-09 15:58:55,522 - INFO -    ✅ Successfully applied!
2025-08-09 15:59:05,436 - INFO - 🎯 [47/51] Applying to: Gen AI Engineer - Frisco, TX - LINK: https://www.dice.com/job-detail/30595142-7fa6-4f00-8950-95b0197371fb
2025-08-09 15:59:24,348 - ERROR -    ❌ Cannot click apply button: Message: 
Stacktrace:
#0 0x5559a0a352ca <unknown>
#1 0x5559a04dc550 <unknown>
#2 0x5559a052e0f0 <unknown>
#3 0x5559a052e2e1 <unknown>
#4 0x5559a057c5e4 <unknown>
#5 0x5559a0553bed <unknown>
#6 0x5559a05799e6 <unknown>
#7 0x5559a0553993 <unknown>
#8 0x5559a051fd6b <unknown>
#9 0x5559a0521141 <unknown>
#10 0x5559a09fa2ab <unknown>
#11 0x5559a09fe0b9 <unknown>
#12 0x5559a09e1139 <unknown>
#13 0x5559a09fec68 <unknown>
#14 0x5559a09c560f <unknown>
#15 0x5559a0a231f8 <unknown>
#16 0x5559a0a233d6 <unknown>
#17 0x5559a0a345e6 <unknown>
#18 0x7f06e349caa4 <unknown>
#19 0x7f06e3529c3c <unknown>

2025-08-09 15:59:36,809 - INFO - 🎯 [48/51] Applying to: Azure Databricks Data Engineer - LINK: https://www.dice.com/job-detail/990ab005-befd-4dcd-a69d-0f9a5eff6379
2025-08-09 15:59:55,162 - ERROR -    ❌ Cannot click apply button: Message: 
Stacktrace:
#0 0x5559a0a352ca <unknown>
#1 0x5559a04dc550 <unknown>
#2 0x5559a052e0f0 <unknown>
#3 0x5559a052e2e1 <unknown>
#4 0x5559a057c5e4 <unknown>
#5 0x5559a0553bed <unknown>
#6 0x5559a05799e6 <unknown>
#7 0x5559a0553993 <unknown>
#8 0x5559a051fd6b <unknown>
#9 0x5559a0521141 <unknown>
#10 0x5559a09fa2ab <unknown>
#11 0x5559a09fe0b9 <unknown>
#12 0x5559a09e1139 <unknown>
#13 0x5559a09fec68 <unknown>
#14 0x5559a09c560f <unknown>
#15 0x5559a0a231f8 <unknown>
#16 0x5559a0a233d6 <unknown>
#17 0x5559a0a345e6 <unknown>
#18 0x7f06e349caa4 <unknown>
#19 0x7f06e3529c3c <unknown>

2025-08-09 16:00:05,726 - INFO - 🎯 [49/51] Applying to: Data Architect - LINK: https://www.dice.com/job-detail/6777b0f4-1444-4390-a993-b580a05c4b32
2025-08-09 16:00:22,508 - INFO -    ✅ Successfully applied!
2025-08-09 16:00:34,290 - INFO - 🎯 [50/51] Applying to: Entry Level Data Engineer - LINK: https://www.dice.com/job-detail/265d3873-10ca-4faf-b80f-fbc597e33e14
2025-08-09 16:00:53,266 - ERROR -    ❌ Cannot click apply button: Message: 
Stacktrace:
#0 0x5559a0a352ca <unknown>
#1 0x5559a04dc550 <unknown>
#2 0x5559a052e0f0 <unknown>
#3 0x5559a052e2e1 <unknown>
#4 0x5559a057c5e4 <unknown>
#5 0x5559a0553bed <unknown>
#6 0x5559a05799e6 <unknown>
#7 0x5559a0553993 <unknown>
#8 0x5559a051fd6b <unknown>
#9 0x5559a0521141 <unknown>
#10 0x5559a09fa2ab <unknown>
#11 0x5559a09fe0b9 <unknown>
#12 0x5559a09e1139 <unknown>
#13 0x5559a09fec68 <unknown>
#14 0x5559a09c560f <unknown>
#15 0x5559a0a231f8 <unknown>
#16 0x5559a0a233d6 <unknown>
#17 0x5559a0a345e6 <unknown>
#18 0x7f06e349caa4 <unknown>
#19 0x7f06e3529c3c <unknown>

2025-08-09 16:01:01,076 - INFO - 🎯 [51/51] Applying to: .NET Developer - LINK: https://www.dice.com/job-detail/3a3f211a-add0-4968-bcfe-a5ed8fe308a5
2025-08-09 16:01:23,746 - ERROR -    ❌ Cannot click apply button: Message: 
Stacktrace:
#0 0x5559a0a352ca <unknown>
#1 0x5559a04dc550 <unknown>
#2 0x5559a052e0f0 <unknown>
#3 0x5559a052e2e1 <unknown>
#4 0x5559a057c5e4 <unknown>
#5 0x5559a0553bed <unknown>
#6 0x5559a05799e6 <unknown>
#7 0x5559a0553993 <unknown>
#8 0x5559a051fd6b <unknown>
#9 0x5559a0521141 <unknown>
#10 0x5559a09fa2ab <unknown>
#11 0x5559a09fe0b9 <unknown>
#12 0x5559a09e1139 <unknown>
#13 0x5559a09fec68 <unknown>
#14 0x5559a09c560f <unknown>
#15 0x5559a0a231f8 <unknown>
#16 0x5559a0a233d6 <unknown>
#17 0x5559a0a345e6 <unknown>
#18 0x7f06e349caa4 <unknown>
#19 0x7f06e3529c3c <unknown>

2025-08-09 16:01:28,032 - INFO - 📊 Processing results...
2025-08-09 16:01:28,097 - INFO - 🎉 Application run completed!
2025-08-09 16:01:28,097 - INFO -    ✅ Newly applied: 36
2025-08-09 16:01:28,097 - INFO -    ⏭️  Already applied: 0
2025-08-09 16:01:28,097 - INFO -    ❌ Failed: 15
2025-08-09 16:01:28,097 - INFO -    📊 Total processed: 51
2025-08-09 16:01:28,097 - INFO -    📁 Total jobs in CSV: 5122
2025-08-09 16:01:28,097 - INFO -    💾 Updated: output/final_ml_jobs.csv
2025-08-09 16:01:28,097 - INFO - 🔧 Closing browser...
