2025-08-02 23:35:00,358 - INFO - 🚀 Starting stealth job application bot
2025-08-02 23:35:01,181 - INFO - 📂 Loading jobs from output/final_ml_jobs.csv
2025-08-02 23:35:01,221 - INFO -    📊 Total jobs in file: 4471
2025-08-02 23:35:01,226 - INFO -    🎯 Easy Apply jobs: 4471
2025-08-02 23:35:01,231 - INFO -    ⏳ Jobs to process: 2462 (status: pending)
2025-08-02 23:35:01,233 - INFO - 🎲 Will attempt 51 applications this run (target: 51)
2025-08-02 23:35:01,233 - INFO - 🔑 Logging into Dice...
2025-08-02 23:35:03,190 - INFO - ✅ Login successful
2025-08-02 23:35:07,345 - INFO - 🔄 Starting job applications...
2025-08-02 23:35:07,346 - INFO - 🎯 [1/51] Applying to: Network Engineer - LINK: https://www.dice.com/job-detail/48f5947b-75cc-4d0e-82fc-27b580dbd436
2025-08-02 23:35:28,106 - ERROR -    ❌ Cannot click apply button: Message: 
Stacktrace:
#0 0x56419b7cd2ca <unknown>
#1 0x56419b274550 <unknown>
#2 0x56419b2c60f0 <unknown>
#3 0x56419b2c62e1 <unknown>
#4 0x56419b3145e4 <unknown>
#5 0x56419b2ebbed <unknown>
#6 0x56419b3119e6 <unknown>
#7 0x56419b2eb993 <unknown>
#8 0x56419b2b7d6b <unknown>
#9 0x56419b2b9141 <unknown>
#10 0x56419b7922ab <unknown>
#11 0x56419b7960b9 <unknown>
#12 0x56419b779139 <unknown>
#13 0x56419b796c68 <unknown>
#14 0x56419b75d60f <unknown>
#15 0x56419b7bb1f8 <unknown>
#16 0x56419b7bb3d6 <unknown>
#17 0x56419b7cc5e6 <unknown>
#18 0x7f43bd09caa4 <unknown>
#19 0x7f43bd129c3c <unknown>

2025-08-02 23:35:38,985 - INFO - 🎯 [2/51] Applying to: RUST Developer - LINK: https://www.dice.com/job-detail/003d7f49-b7cf-45f6-abc7-c0ffb1ec3e49
2025-08-02 23:35:56,380 - INFO -    ✅ Successfully applied!
2025-08-02 23:36:07,566 - INFO - 🎯 [3/51] Applying to: Production Engineer - LINK: https://www.dice.com/job-detail/9e3c955c-19c6-4e5a-96ce-aa2e024bfc9e
2025-08-02 23:36:22,080 - INFO -    ✅ Successfully applied!
2025-08-02 23:36:33,538 - INFO - 🎯 [4/51] Applying to: Senior Big Data Developer - LINK: https://www.dice.com/job-detail/07de2196-26cc-4531-973b-7922026e63ef
2025-08-02 23:36:49,845 - INFO -    ✅ Successfully applied!
2025-08-02 23:37:01,376 - INFO - 🎯 [5/51] Applying to: Software Engineer - LINK: https://www.dice.com/job-detail/e480dee3-825d-4650-a277-907d80cd2a8d
2025-08-02 23:37:15,727 - INFO -    ✅ Successfully applied!
2025-08-02 23:37:26,752 - INFO - 🎯 [6/51] Applying to: Site Reliability Engineer - LINK: https://www.dice.com/job-detail/364eb4d4-2c8f-4c3b-aaaa-982c7ce183ac
2025-08-02 23:37:42,470 - INFO -    ✅ Successfully applied!
2025-08-02 23:37:54,771 - INFO - 🎯 [7/51] Applying to: Senior Python Developer (React and FastAPI) - LINK: https://www.dice.com/job-detail/3beb395b-b6fa-425b-a36d-177efc4d22ff
2025-08-02 23:38:08,377 - INFO -    ✅ Successfully applied!
2025-08-02 23:38:20,454 - INFO - 🎯 [8/51] Applying to: NetCracker Solution Architect - LINK: https://www.dice.com/job-detail/a8c70300-9908-4645-9a77-268e187b8a88
2025-08-02 23:38:34,350 - INFO -    ✅ Successfully applied!
2025-08-02 23:38:48,097 - INFO - 🎯 [9/51] Applying to: R Developer - LINK: https://www.dice.com/job-detail/26621ef7-3758-4506-a847-7c06924dc70e
2025-08-02 23:39:06,252 - ERROR -    ❌ Cannot click apply button: Message: 
Stacktrace:
#0 0x56419b7cd2ca <unknown>
#1 0x56419b274550 <unknown>
#2 0x56419b2c60f0 <unknown>
#3 0x56419b2c62e1 <unknown>
#4 0x56419b3145e4 <unknown>
#5 0x56419b2ebbed <unknown>
#6 0x56419b3119e6 <unknown>
#7 0x56419b2eb993 <unknown>
#8 0x56419b2b7d6b <unknown>
#9 0x56419b2b9141 <unknown>
#10 0x56419b7922ab <unknown>
#11 0x56419b7960b9 <unknown>
#12 0x56419b779139 <unknown>
#13 0x56419b796c68 <unknown>
#14 0x56419b75d60f <unknown>
#15 0x56419b7bb1f8 <unknown>
#16 0x56419b7bb3d6 <unknown>
#17 0x56419b7cc5e6 <unknown>
#18 0x7f43bd09caa4 <unknown>
#19 0x7f43bd129c3c <unknown>

2025-08-02 23:39:15,597 - INFO - 🎯 [10/51] Applying to: Sr. Business Analyst - LINK: https://www.dice.com/job-detail/031d557d-0b48-44bd-95d9-6035aa585775
2025-08-02 23:39:30,031 - INFO -    ✅ Successfully applied!
2025-08-02 23:39:41,457 - INFO - 🎯 [11/51] Applying to: Data Entry Specialist (Hybrid) - LINK: https://www.dice.com/job-detail/528030f8-3f07-4c3f-9a9f-35adf70587d9
2025-08-02 23:39:57,711 - INFO -    ✅ Successfully applied!
2025-08-02 23:40:06,101 - INFO - 🎯 [12/51] Applying to: Enterprise Architect - LINK: https://www.dice.com/job-detail/d3411c71-cc38-431c-8467-570c503f82ff
2025-08-02 23:40:25,294 - ERROR -    ❌ Cannot click apply button: Message: 
Stacktrace:
#0 0x56419b7cd2ca <unknown>
#1 0x56419b274550 <unknown>
#2 0x56419b2c60f0 <unknown>
#3 0x56419b2c62e1 <unknown>
#4 0x56419b3145e4 <unknown>
#5 0x56419b2ebbed <unknown>
#6 0x56419b3119e6 <unknown>
#7 0x56419b2eb993 <unknown>
#8 0x56419b2b7d6b <unknown>
#9 0x56419b2b9141 <unknown>
#10 0x56419b7922ab <unknown>
#11 0x56419b7960b9 <unknown>
#12 0x56419b779139 <unknown>
#13 0x56419b796c68 <unknown>
#14 0x56419b75d60f <unknown>
#15 0x56419b7bb1f8 <unknown>
#16 0x56419b7bb3d6 <unknown>
#17 0x56419b7cc5e6 <unknown>
#18 0x7f43bd09caa4 <unknown>
#19 0x7f43bd129c3c <unknown>

2025-08-02 23:40:33,952 - INFO - 🎯 [13/51] Applying to: Need locals: Senior Full-Stack .NET Developer/Technical Lead at Atlanta, GA - LINK: https://www.dice.com/job-detail/6e57aad6-9167-4b62-98c2-2b685783403b
2025-08-02 23:40:50,066 - INFO -    ✅ Successfully applied!
2025-08-02 23:40:59,516 - INFO - 🎯 [14/51] Applying to: Sr. Backend Developer - LINK: https://www.dice.com/job-detail/7d6d541b-ad21-49e8-8403-76f17f70dd40
2025-08-02 23:41:15,069 - INFO -    ✅ Successfully applied!
2025-08-02 23:41:25,825 - INFO - 🎯 [15/51] Applying to: Full Stack Developer - LINK: https://www.dice.com/job-detail/9846d57d-11a1-42e2-b818-02ae4540da32
2025-08-02 23:41:42,318 - INFO -    ✅ Successfully applied!
2025-08-02 23:41:53,822 - INFO - 🎯 [16/51] Applying to: Sr. Business Analyst - LINK: https://www.dice.com/job-detail/4f3d8ce5-53cb-4c13-bc5d-8e59462775ff
2025-08-02 23:42:09,960 - INFO -    ✅ Successfully applied!
2025-08-02 23:42:17,077 - INFO - 🎯 [17/51] Applying to: Senior Electrical Engineer - LINK: https://www.dice.com/job-detail/cf75e5ac-3eed-4659-b767-16b8d12fe383
2025-08-02 23:42:31,132 - INFO -    ✅ Successfully applied!
2025-08-02 23:42:39,871 - INFO - 🎯 [18/51] Applying to: .NET Developer - LINK: https://www.dice.com/job-detail/8603b187-8f36-4818-a0da-d955cd397c92
2025-08-02 23:42:59,572 - ERROR -    ❌ Cannot click apply button: Message: 
Stacktrace:
#0 0x56419b7cd2ca <unknown>
#1 0x56419b274550 <unknown>
#2 0x56419b2c60f0 <unknown>
#3 0x56419b2c62e1 <unknown>
#4 0x56419b3145e4 <unknown>
#5 0x56419b2ebbed <unknown>
#6 0x56419b3119e6 <unknown>
#7 0x56419b2eb993 <unknown>
#8 0x56419b2b7d6b <unknown>
#9 0x56419b2b9141 <unknown>
#10 0x56419b7922ab <unknown>
#11 0x56419b7960b9 <unknown>
#12 0x56419b779139 <unknown>
#13 0x56419b796c68 <unknown>
#14 0x56419b75d60f <unknown>
#15 0x56419b7bb1f8 <unknown>
#16 0x56419b7bb3d6 <unknown>
#17 0x56419b7cc5e6 <unknown>
#18 0x7f43bd09caa4 <unknown>
#19 0x7f43bd129c3c <unknown>

2025-08-02 23:43:08,357 - INFO - 🎯 [19/51] Applying to: Peoplesoft Developer - Location - Austin TX (Hybrid) Preferred TX Location - LINK: https://www.dice.com/job-detail/956a9c15-e8f4-4184-b821-13f5bb7fa9a6
2025-08-02 23:43:23,536 - INFO -    ✅ Successfully applied!
2025-08-02 23:43:33,942 - INFO - 🎯 [20/51] Applying to: AI application developer (WatsonX platform) - LINK: https://www.dice.com/job-detail/38d1a89f-2e3b-450f-903e-10bb750c9dea
2025-08-02 23:43:52,166 - ERROR -    ❌ Cannot click apply button: Message: 
Stacktrace:
#0 0x56419b7cd2ca <unknown>
#1 0x56419b274550 <unknown>
#2 0x56419b2c60f0 <unknown>
#3 0x56419b2c62e1 <unknown>
#4 0x56419b3145e4 <unknown>
#5 0x56419b2ebbed <unknown>
#6 0x56419b3119e6 <unknown>
#7 0x56419b2eb993 <unknown>
#8 0x56419b2b7d6b <unknown>
#9 0x56419b2b9141 <unknown>
#10 0x56419b7922ab <unknown>
#11 0x56419b7960b9 <unknown>
#12 0x56419b779139 <unknown>
#13 0x56419b796c68 <unknown>
#14 0x56419b75d60f <unknown>
#15 0x56419b7bb1f8 <unknown>
#16 0x56419b7bb3d6 <unknown>
#17 0x56419b7cc5e6 <unknown>
#18 0x7f43bd09caa4 <unknown>
#19 0x7f43bd129c3c <unknown>

2025-08-02 23:44:00,552 - INFO - 🎯 [21/51] Applying to: Data Analyst (Onsite- Wilmington, DE) - LINK: https://www.dice.com/job-detail/ef83fe94-c520-4fae-9636-74f48f3bf4ca
2025-08-02 23:44:14,562 - INFO -    ✅ Successfully applied!
2025-08-02 23:44:22,614 - INFO - 🎯 [22/51] Applying to: Solution Architect - LINK: https://www.dice.com/job-detail/e2ea5937-0dc1-4257-bf0f-fbabcc04b895
2025-08-02 23:44:38,802 - INFO -    ✅ Successfully applied!
2025-08-02 23:44:47,703 - INFO - 🎯 [23/51] Applying to: Senior Fullstack .NET Developer :: Onsite :: C2C - LINK: https://www.dice.com/job-detail/0197262f-bb76-4a4e-af13-897072a1f40e
2025-08-02 23:45:01,968 - INFO -    ✅ Successfully applied!
2025-08-02 23:45:10,429 - INFO - 🎯 [24/51] Applying to: Telco Enterprise Architect with Business Acumen and AI Experience - LINK: https://www.dice.com/job-detail/fc45a358-3744-44ff-9949-fe4b453ac46b
2025-08-02 23:45:29,795 - ERROR -    ❌ Cannot click apply button: Message: 
Stacktrace:
#0 0x56419b7cd2ca <unknown>
#1 0x56419b274550 <unknown>
#2 0x56419b2c60f0 <unknown>
#3 0x56419b2c62e1 <unknown>
#4 0x56419b3145e4 <unknown>
#5 0x56419b2ebbed <unknown>
#6 0x56419b3119e6 <unknown>
#7 0x56419b2eb993 <unknown>
#8 0x56419b2b7d6b <unknown>
#9 0x56419b2b9141 <unknown>
#10 0x56419b7922ab <unknown>
#11 0x56419b7960b9 <unknown>
#12 0x56419b779139 <unknown>
#13 0x56419b796c68 <unknown>
#14 0x56419b75d60f <unknown>
#15 0x56419b7bb1f8 <unknown>
#16 0x56419b7bb3d6 <unknown>
#17 0x56419b7cc5e6 <unknown>
#18 0x7f43bd09caa4 <unknown>
#19 0x7f43bd129c3c <unknown>

2025-08-02 23:45:38,546 - INFO - 🎯 [25/51] Applying to: Cloud Security engineer - LINK: https://www.dice.com/job-detail/b6612571-84f1-4603-a4ef-78bd8f6e8b19
2025-08-02 23:45:53,325 - INFO -    ✅ Successfully applied!
2025-08-02 23:46:03,869 - INFO - 🎯 [26/51] Applying to: Senior Java Developer - LINK: https://www.dice.com/job-detail/5583612d-229d-4032-8d4c-e105cde4c558
2025-08-02 23:46:19,139 - INFO -    ✅ Successfully applied!
2025-08-02 23:46:29,226 - INFO - 🎯 [27/51] Applying to: Lead Java Software Engineer - LINK: https://www.dice.com/job-detail/4cde5958-2449-4808-b7d6-d0eae764974f
2025-08-02 23:46:45,415 - INFO -    ✅ Successfully applied!
2025-08-02 23:46:58,402 - INFO - 🎯 [28/51] Applying to: Solution Architect-W2- Remote - LINK: https://www.dice.com/job-detail/1c446745-7986-4d3f-8d41-9a2816ad0375
2025-08-02 23:47:17,312 - ERROR -    ❌ Cannot click apply button: Message: 
Stacktrace:
#0 0x56419b7cd2ca <unknown>
#1 0x56419b274550 <unknown>
#2 0x56419b2c60f0 <unknown>
#3 0x56419b2c62e1 <unknown>
#4 0x56419b3145e4 <unknown>
#5 0x56419b2ebbed <unknown>
#6 0x56419b3119e6 <unknown>
#7 0x56419b2eb993 <unknown>
#8 0x56419b2b7d6b <unknown>
#9 0x56419b2b9141 <unknown>
#10 0x56419b7922ab <unknown>
#11 0x56419b7960b9 <unknown>
#12 0x56419b779139 <unknown>
#13 0x56419b796c68 <unknown>
#14 0x56419b75d60f <unknown>
#15 0x56419b7bb1f8 <unknown>
#16 0x56419b7bb3d6 <unknown>
#17 0x56419b7cc5e6 <unknown>
#18 0x7f43bd09caa4 <unknown>
#19 0x7f43bd129c3c <unknown>

2025-08-02 23:47:27,681 - INFO - 🎯 [29/51] Applying to: Python and Azure - LINK: https://www.dice.com/job-detail/61064154-a4fd-46d4-8663-09e7bb5b9ede
2025-08-02 23:47:46,688 - ERROR -    ❌ Cannot click apply button: Message: 
Stacktrace:
#0 0x56419b7cd2ca <unknown>
#1 0x56419b274550 <unknown>
#2 0x56419b2c60f0 <unknown>
#3 0x56419b2c62e1 <unknown>
#4 0x56419b3145e4 <unknown>
#5 0x56419b2ebbed <unknown>
#6 0x56419b3119e6 <unknown>
#7 0x56419b2eb993 <unknown>
#8 0x56419b2b7d6b <unknown>
#9 0x56419b2b9141 <unknown>
#10 0x56419b7922ab <unknown>
#11 0x56419b7960b9 <unknown>
#12 0x56419b779139 <unknown>
#13 0x56419b796c68 <unknown>
#14 0x56419b75d60f <unknown>
#15 0x56419b7bb1f8 <unknown>
#16 0x56419b7bb3d6 <unknown>
#17 0x56419b7cc5e6 <unknown>
#18 0x7f43bd09caa4 <unknown>
#19 0x7f43bd129c3c <unknown>

2025-08-02 23:47:57,993 - INFO - 🎯 [30/51] Applying to: Full Stack Developer Position in Phoenix, AZ - LINK: https://www.dice.com/job-detail/5918841f-b6a7-419a-bde4-07b2c2be5839
2025-08-02 23:48:11,218 - INFO -    ✅ Successfully applied!
2025-08-02 23:48:23,076 - INFO - 🎯 [31/51] Applying to: Project Manager - Engineering Support - LINK: https://www.dice.com/job-detail/e54c24c5-ea7d-4e77-86b5-b5985e28f5c5
2025-08-02 23:48:41,200 - ERROR -    ❌ Cannot click apply button: Message: 
Stacktrace:
#0 0x56419b7cd2ca <unknown>
#1 0x56419b274550 <unknown>
#2 0x56419b2c60f0 <unknown>
#3 0x56419b2c62e1 <unknown>
#4 0x56419b3145e4 <unknown>
#5 0x56419b2ebbed <unknown>
#6 0x56419b3119e6 <unknown>
#7 0x56419b2eb993 <unknown>
#8 0x56419b2b7d6b <unknown>
#9 0x56419b2b9141 <unknown>
#10 0x56419b7922ab <unknown>
#11 0x56419b7960b9 <unknown>
#12 0x56419b779139 <unknown>
#13 0x56419b796c68 <unknown>
#14 0x56419b75d60f <unknown>
#15 0x56419b7bb1f8 <unknown>
#16 0x56419b7bb3d6 <unknown>
#17 0x56419b7cc5e6 <unknown>
#18 0x7f43bd09caa4 <unknown>
#19 0x7f43bd129c3c <unknown>

2025-08-02 23:48:53,022 - INFO - 🎯 [32/51] Applying to: Senior UI Developer || Onsiite Interview || Local Candidate - LINK: https://www.dice.com/job-detail/40ef7382-8d17-484e-a309-43b414578001
2025-08-02 23:49:06,779 - INFO -    ✅ Successfully applied!
2025-08-02 23:49:15,199 - INFO - 🎯 [33/51] Applying to: Python full stack developer - LINK: https://www.dice.com/job-detail/7fccfb9e-28b0-4a91-b560-333a8aaaeba4
2025-08-02 23:49:29,252 - INFO -    ✅ Successfully applied!
2025-08-02 23:49:40,291 - INFO - 🎯 [34/51] Applying to: Lead Software Engineer Full Stack - LINK: https://www.dice.com/job-detail/8f7c07c2-3914-4a65-97a7-932ca4faed90
2025-08-02 23:49:54,650 - INFO -    ✅ Successfully applied!
2025-08-02 23:50:05,618 - INFO - 🎯 [35/51] Applying to: Business Analyst - LINK: https://www.dice.com/job-detail/6c8f5d53-d34b-42e1-b44a-8e4b6d461175
2025-08-02 23:50:20,383 - INFO -    ✅ Successfully applied!
2025-08-02 23:50:29,133 - INFO - 🎯 [36/51] Applying to: Senior Business Analyst - LINK: https://www.dice.com/job-detail/aa1a53d7-73ca-4333-9f88-0b6b82b57435
2025-08-02 23:50:45,583 - INFO -    ✅ Successfully applied!
2025-08-02 23:50:56,805 - INFO - 🎯 [37/51] Applying to: Azure Al Engineer - LINK: https://www.dice.com/job-detail/cbfd4626-5eda-4669-a5bf-1730f535e156
2025-08-02 23:51:15,758 - ERROR -    ❌ Cannot click apply button: Message: 
Stacktrace:
#0 0x56419b7cd2ca <unknown>
#1 0x56419b274550 <unknown>
#2 0x56419b2c60f0 <unknown>
#3 0x56419b2c62e1 <unknown>
#4 0x56419b3145e4 <unknown>
#5 0x56419b2ebbed <unknown>
#6 0x56419b3119e6 <unknown>
#7 0x56419b2eb993 <unknown>
#8 0x56419b2b7d6b <unknown>
#9 0x56419b2b9141 <unknown>
#10 0x56419b7922ab <unknown>
#11 0x56419b7960b9 <unknown>
#12 0x56419b779139 <unknown>
#13 0x56419b796c68 <unknown>
#14 0x56419b75d60f <unknown>
#15 0x56419b7bb1f8 <unknown>
#16 0x56419b7bb3d6 <unknown>
#17 0x56419b7cc5e6 <unknown>
#18 0x7f43bd09caa4 <unknown>
#19 0x7f43bd129c3c <unknown>

2025-08-02 23:51:24,620 - INFO - 🎯 [38/51] Applying to: Network Security Engineer || Phoenix, AZ Onsite - LINK: https://www.dice.com/job-detail/ff4b7be4-6db9-4c66-964c-2deb3485c979
2025-08-02 23:51:43,337 - ERROR -    ❌ Cannot click apply button: Message: 
Stacktrace:
#0 0x56419b7cd2ca <unknown>
#1 0x56419b274550 <unknown>
#2 0x56419b2c60f0 <unknown>
#3 0x56419b2c62e1 <unknown>
#4 0x56419b3145e4 <unknown>
#5 0x56419b2ebbed <unknown>
#6 0x56419b3119e6 <unknown>
#7 0x56419b2eb993 <unknown>
#8 0x56419b2b7d6b <unknown>
#9 0x56419b2b9141 <unknown>
#10 0x56419b7922ab <unknown>
#11 0x56419b7960b9 <unknown>
#12 0x56419b779139 <unknown>
#13 0x56419b796c68 <unknown>
#14 0x56419b75d60f <unknown>
#15 0x56419b7bb1f8 <unknown>
#16 0x56419b7bb3d6 <unknown>
#17 0x56419b7cc5e6 <unknown>
#18 0x7f43bd09caa4 <unknown>
#19 0x7f43bd129c3c <unknown>

2025-08-02 23:51:54,570 - INFO - 🎯 [39/51] Applying to: Automation Engineer III #3331597 - LINK: https://www.dice.com/job-detail/b66915ea-aed6-4054-bc5d-8d1fc7138bdd
2025-08-02 23:52:14,076 - ERROR -    ❌ Cannot click apply button: Message: 
Stacktrace:
#0 0x56419b7cd2ca <unknown>
#1 0x56419b274550 <unknown>
#2 0x56419b2c60f0 <unknown>
#3 0x56419b2c62e1 <unknown>
#4 0x56419b3145e4 <unknown>
#5 0x56419b2ebbed <unknown>
#6 0x56419b3119e6 <unknown>
#7 0x56419b2eb993 <unknown>
#8 0x56419b2b7d6b <unknown>
#9 0x56419b2b9141 <unknown>
#10 0x56419b7922ab <unknown>
#11 0x56419b7960b9 <unknown>
#12 0x56419b779139 <unknown>
#13 0x56419b796c68 <unknown>
#14 0x56419b75d60f <unknown>
#15 0x56419b7bb1f8 <unknown>
#16 0x56419b7bb3d6 <unknown>
#17 0x56419b7cc5e6 <unknown>
#18 0x7f43bd09caa4 <unknown>
#19 0x7f43bd129c3c <unknown>

2025-08-02 23:52:21,383 - INFO - 🎯 [40/51] Applying to: AI Security Engineer - LINK: https://www.dice.com/job-detail/73adcf94-cd27-4dda-8afc-c75ffbfac630
2025-08-02 23:52:35,978 - INFO -    ✅ Successfully applied!
2025-08-02 23:52:46,220 - INFO - 🎯 [41/51] Applying to: SAP Data Migration Consultant - LINK: https://www.dice.com/job-detail/d5e1bb0a-bca7-4f2a-9d89-0e97c9585c03
2025-08-02 23:53:04,880 - ERROR -    ❌ Cannot click apply button: Message: 
Stacktrace:
#0 0x56419b7cd2ca <unknown>
#1 0x56419b274550 <unknown>
#2 0x56419b2c60f0 <unknown>
#3 0x56419b2c62e1 <unknown>
#4 0x56419b3145e4 <unknown>
#5 0x56419b2ebbed <unknown>
#6 0x56419b3119e6 <unknown>
#7 0x56419b2eb993 <unknown>
#8 0x56419b2b7d6b <unknown>
#9 0x56419b2b9141 <unknown>
#10 0x56419b7922ab <unknown>
#11 0x56419b7960b9 <unknown>
#12 0x56419b779139 <unknown>
#13 0x56419b796c68 <unknown>
#14 0x56419b75d60f <unknown>
#15 0x56419b7bb1f8 <unknown>
#16 0x56419b7bb3d6 <unknown>
#17 0x56419b7cc5e6 <unknown>
#18 0x7f43bd09caa4 <unknown>
#19 0x7f43bd129c3c <unknown>

2025-08-02 23:53:14,557 - INFO - 🎯 [42/51] Applying to: Cloud Platform Architect - LINK: https://www.dice.com/job-detail/9cd69ffc-7f68-4089-a960-a43c266534c2
2025-08-02 23:53:32,573 - INFO -    ✅ Successfully applied!
2025-08-02 23:53:41,878 - INFO - 🎯 [43/51] Applying to: Platform Engineer - LINK: https://www.dice.com/job-detail/dc0eaa69-b66a-4fcf-8390-6be758d46f1c
2025-08-02 23:53:57,969 - INFO -    ✅ Successfully applied!
2025-08-02 23:54:04,923 - INFO - 🎯 [44/51] Applying to: Data Governance Engineer Google Cloud Platform & Vertex AI - LINK: https://www.dice.com/job-detail/762b644e-c709-4baa-bf61-1711af927eef
2025-08-02 23:54:24,212 - ERROR -    ❌ Cannot click apply button: Message: 
Stacktrace:
#0 0x56419b7cd2ca <unknown>
#1 0x56419b274550 <unknown>
#2 0x56419b2c60f0 <unknown>
#3 0x56419b2c62e1 <unknown>
#4 0x56419b3145e4 <unknown>
#5 0x56419b2ebbed <unknown>
#6 0x56419b3119e6 <unknown>
#7 0x56419b2eb993 <unknown>
#8 0x56419b2b7d6b <unknown>
#9 0x56419b2b9141 <unknown>
#10 0x56419b7922ab <unknown>
#11 0x56419b7960b9 <unknown>
#12 0x56419b779139 <unknown>
#13 0x56419b796c68 <unknown>
#14 0x56419b75d60f <unknown>
#15 0x56419b7bb1f8 <unknown>
#16 0x56419b7bb3d6 <unknown>
#17 0x56419b7cc5e6 <unknown>
#18 0x7f43bd09caa4 <unknown>
#19 0x7f43bd129c3c <unknown>

2025-08-02 23:54:35,322 - INFO - 🎯 [45/51] Applying to: IT Analyst - LINK: https://www.dice.com/job-detail/332b3221-2488-40d0-a79c-6804721246f1
2025-08-02 23:54:49,602 - INFO -    ✅ Successfully applied!
2025-08-02 23:55:00,915 - INFO - 🎯 [46/51] Applying to: ServiceNow CMDB Developer - LINK: https://www.dice.com/job-detail/9a7d341c-3d5d-4473-8184-8d49535a3d5d
2025-08-02 23:55:15,524 - INFO -    ✅ Successfully applied!
2025-08-02 23:55:24,453 - INFO - 🎯 [47/51] Applying to: Solution Architect - LINK: https://www.dice.com/job-detail/c9d95b6e-b384-427c-9315-30709f50aebf
2025-08-02 23:55:38,460 - INFO -    ✅ Successfully applied!
2025-08-02 23:55:48,258 - INFO - 🎯 [48/51] Applying to: Senior Scrum Master, Software Developer, SAFe - LINK: https://www.dice.com/job-detail/dcd4b6b7-fcd4-4e16-afcd-a92bd0d0898e
2025-08-02 23:56:03,209 - INFO -    ✅ Successfully applied!
2025-08-02 23:56:11,613 - INFO - 🎯 [49/51] Applying to: Senior Network Engineer - LINK: https://www.dice.com/job-detail/7394a4c4-ae4a-4423-9383-e1c6123aeef1
2025-08-02 23:56:30,978 - ERROR -    ❌ Cannot click apply button: Message: 
Stacktrace:
#0 0x56419b7cd2ca <unknown>
#1 0x56419b274550 <unknown>
#2 0x56419b2c60f0 <unknown>
#3 0x56419b2c62e1 <unknown>
#4 0x56419b3145e4 <unknown>
#5 0x56419b2ebbed <unknown>
#6 0x56419b3119e6 <unknown>
#7 0x56419b2eb993 <unknown>
#8 0x56419b2b7d6b <unknown>
#9 0x56419b2b9141 <unknown>
#10 0x56419b7922ab <unknown>
#11 0x56419b7960b9 <unknown>
#12 0x56419b779139 <unknown>
#13 0x56419b796c68 <unknown>
#14 0x56419b75d60f <unknown>
#15 0x56419b7bb1f8 <unknown>
#16 0x56419b7bb3d6 <unknown>
#17 0x56419b7cc5e6 <unknown>
#18 0x7f43bd09caa4 <unknown>
#19 0x7f43bd129c3c <unknown>

2025-08-02 23:56:42,260 - INFO - 🎯 [50/51] Applying to: Senior Quantitative Researcher, Buy-Side - R - LINK: https://www.dice.com/job-detail/a7f7c1c9-e60e-4319-94b5-83d7e53ff2d4
2025-08-02 23:56:57,956 - INFO -    ✅ Successfully applied!
2025-08-02 23:57:09,537 - INFO - 🎯 [51/51] Applying to: Dataiku Engineer - LINK: https://www.dice.com/job-detail/8309fba3-1652-451c-8953-95e7b324cca0
2025-08-02 23:57:27,583 - ERROR -    ❌ Cannot click apply button: Message: 
Stacktrace:
#0 0x56419b7cd2ca <unknown>
#1 0x56419b274550 <unknown>
#2 0x56419b2c60f0 <unknown>
#3 0x56419b2c62e1 <unknown>
#4 0x56419b3145e4 <unknown>
#5 0x56419b2ebbed <unknown>
#6 0x56419b3119e6 <unknown>
#7 0x56419b2eb993 <unknown>
#8 0x56419b2b7d6b <unknown>
#9 0x56419b2b9141 <unknown>
#10 0x56419b7922ab <unknown>
#11 0x56419b7960b9 <unknown>
#12 0x56419b779139 <unknown>
#13 0x56419b796c68 <unknown>
#14 0x56419b75d60f <unknown>
#15 0x56419b7bb1f8 <unknown>
#16 0x56419b7bb3d6 <unknown>
#17 0x56419b7cc5e6 <unknown>
#18 0x7f43bd09caa4 <unknown>
#19 0x7f43bd129c3c <unknown>

2025-08-02 23:57:29,250 - INFO - 📊 Processing results...
2025-08-02 23:57:29,306 - INFO - 🎉 Application run completed!
2025-08-02 23:57:29,306 - INFO -    ✅ Newly applied: 35
2025-08-02 23:57:29,306 - INFO -    ⏭️  Already applied: 0
2025-08-02 23:57:29,306 - INFO -    ❌ Failed: 16
2025-08-02 23:57:29,306 - INFO -    📊 Total processed: 51
2025-08-02 23:57:29,306 - INFO -    📁 Total jobs in CSV: 4471
2025-08-02 23:57:29,306 - INFO -    💾 Updated: output/final_ml_jobs.csv
2025-08-02 23:57:29,306 - INFO - 🔧 Closing browser...
