2025-09-07 11:32:34,606 - INFO - 🚀 Starting stealth job application bot
2025-09-07 11:32:48,464 - INFO - 📂 Loading jobs from output/final_ml_jobs.csv
2025-09-07 11:32:48,487 - INFO -    📊 Total jobs in file: 2757
2025-09-07 11:32:48,490 - INFO -    🎯 Easy Apply jobs: 2757
2025-09-07 11:32:48,492 - INFO -    ⏳ Jobs to process: 186 (status: pending)
2025-09-07 11:32:48,492 - INFO - 🎲 Will attempt 76 applications this run (target: 76)
2025-09-07 11:32:48,493 - INFO - 🔑 Logging into Dice...
2025-09-07 11:32:51,034 - INFO - ✅ Login successful
2025-09-07 11:32:54,010 - INFO - 🔄 Starting job applications...
2025-09-07 11:32:54,011 - INFO - 🎯 [1/76] Applying to: Medicaid Business Analyst (Required Local Candidates with Public Sector/Healthcare experience) - LINK: https://www.dice.com/job-detail/051d53d4-c004-45e7-a7fb-c06ecc2948ff
2025-09-07 11:33:09,083 - INFO -    ✅ Successfully applied!
2025-09-07 11:33:18,219 - INFO - 🎯 [2/76] Applying to: Software Engineering - Firmware Software Engineer IV - LINK: https://www.dice.com/job-detail/3c6d3e59-5478-4718-97bd-62e8f96d9f37
2025-09-07 11:33:34,428 - INFO -    ✅ Successfully applied!
2025-09-07 11:33:42,841 - INFO - 🎯 [3/76] Applying to: Software Engineer - LINK: https://www.dice.com/job-detail/f930b074-e5ec-4e15-b7ea-acbe832bd1db
2025-09-07 11:33:58,336 - INFO -    ✅ Successfully applied!
2025-09-07 11:34:06,366 - INFO - 🎯 [4/76] Applying to: Data Engineer - LINK: https://www.dice.com/job-detail/fa078617-2021-4590-a5cf-d9efe5348083
2025-09-07 11:34:21,194 - INFO -    ✅ Successfully applied!
2025-09-07 11:34:31,294 - INFO - 🎯 [5/76] Applying to: Data Engineer - LINK: https://www.dice.com/job-detail/9136f555-41c9-403c-8092-9e5da56d35a5
2025-09-07 11:34:45,789 - INFO -    ✅ Successfully applied!
2025-09-07 11:34:55,696 - INFO - 🎯 [6/76] Applying to: Senior Data Scientist - remote sensing data AWS (PHD Only) - LINK: https://www.dice.com/job-detail/e88415b6-4e1f-4ce3-8a15-4fe92a0bf32d
2025-09-07 11:35:11,804 - INFO -    ✅ Successfully applied!
2025-09-07 11:35:23,113 - INFO - 🎯 [7/76] Applying to: Data Engineer - LINK: https://www.dice.com/job-detail/62db2bf1-7d04-4667-b7a1-c3284102ae95
2025-09-07 11:35:39,259 - INFO -    ✅ Successfully applied!
2025-09-07 11:35:49,024 - INFO - 🎯 [8/76] Applying to: Junior Data Scientist - LINK: https://www.dice.com/job-detail/dd741f03-05f2-4018-8626-cb7b0abf46a3
2025-09-07 11:36:07,137 - INFO -    ✅ Successfully applied!
2025-09-07 11:36:16,783 - INFO - 🎯 [9/76] Applying to: Business Analyst - LINK: https://www.dice.com/job-detail/c5aad436-3855-42b0-9163-69aaa2dcbe61
2025-09-07 11:36:34,239 - INFO -    ✅ Successfully applied!
2025-09-07 11:36:45,385 - INFO - 🎯 [10/76] Applying to: Data Analyst - LINK: https://www.dice.com/job-detail/e5565089-9085-454f-8a58-abbf802c0480
2025-09-07 11:37:01,081 - INFO -    ✅ Successfully applied!
2025-09-07 11:37:13,890 - INFO - 🎯 [11/76] Applying to: Java with Gen AI - LINK: https://www.dice.com/job-detail/7691aed9-26cb-4699-8875-97f37024af64
2025-09-07 11:37:33,577 - ERROR -    ❌ Cannot click apply button: Message: 
Stacktrace:
#0 0x55fb122fb2ca <unknown>
#1 0x55fb11da2550 <unknown>
#2 0x55fb11df40f0 <unknown>
#3 0x55fb11df42e1 <unknown>
#4 0x55fb11e425e4 <unknown>
#5 0x55fb11e19bed <unknown>
#6 0x55fb11e3f9e6 <unknown>
#7 0x55fb11e19993 <unknown>
#8 0x55fb11de5d6b <unknown>
#9 0x55fb11de7141 <unknown>
#10 0x55fb122c02ab <unknown>
#11 0x55fb122c40b9 <unknown>
#12 0x55fb122a7139 <unknown>
#13 0x55fb122c4c68 <unknown>
#14 0x55fb1228b60f <unknown>
#15 0x55fb122e91f8 <unknown>
#16 0x55fb122e93d6 <unknown>
#17 0x55fb122fa5e6 <unknown>
#18 0x7fc80d09caa4 <unknown>
#19 0x7fc80d129c3c <unknown>

2025-09-07 11:37:43,113 - INFO - 🎯 [12/76] Applying to: Data Engineer (10+ Years) - W2 - LINK: https://www.dice.com/job-detail/08237bb2-1872-4abb-86d8-7955e19af70a
2025-09-07 11:37:57,716 - INFO -    ✅ Successfully applied!
2025-09-07 11:38:08,728 - INFO - 🎯 [13/76] Applying to: Software Engineer - LINK: https://www.dice.com/job-detail/d5370bb1-a7ee-49fa-a8a5-f51ddaf144c0
2025-09-07 11:38:24,236 - INFO -    ✅ Successfully applied!
2025-09-07 11:38:30,826 - INFO - 🎯 [14/76] Applying to: GIS Business Analyst (Part time)- Onsite - LINK: https://www.dice.com/job-detail/02ca89ee-4633-430e-bcb7-d6ebb93af244
2025-09-07 11:38:48,144 - INFO -    ✅ Successfully applied!
2025-09-07 11:38:56,671 - INFO - 🎯 [15/76] Applying to: Video Systems Engineer -EAS/DASDEC platforms - LINK: https://www.dice.com/job-detail/85100cf0-8bfc-4c88-81c4-dd65f576c5e5
2025-09-07 11:39:11,613 - INFO -    ✅ Successfully applied!
2025-09-07 11:39:21,880 - INFO - 🎯 [16/76] Applying to: Data Analyst - LINK: https://www.dice.com/job-detail/95025de9-9eee-4193-9943-3af5aea05838
2025-09-07 11:39:41,859 - ERROR -    ❌ Cannot click apply button: Message: 
Stacktrace:
#0 0x55fb122fb2ca <unknown>
#1 0x55fb11da2550 <unknown>
#2 0x55fb11df40f0 <unknown>
#3 0x55fb11df42e1 <unknown>
#4 0x55fb11e425e4 <unknown>
#5 0x55fb11e19bed <unknown>
#6 0x55fb11e3f9e6 <unknown>
#7 0x55fb11e19993 <unknown>
#8 0x55fb11de5d6b <unknown>
#9 0x55fb11de7141 <unknown>
#10 0x55fb122c02ab <unknown>
#11 0x55fb122c40b9 <unknown>
#12 0x55fb122a7139 <unknown>
#13 0x55fb122c4c68 <unknown>
#14 0x55fb1228b60f <unknown>
#15 0x55fb122e91f8 <unknown>
#16 0x55fb122e93d6 <unknown>
#17 0x55fb122fa5e6 <unknown>
#18 0x7fc80d09caa4 <unknown>
#19 0x7fc80d129c3c <unknown>

2025-09-07 11:39:52,182 - INFO - 🎯 [17/76] Applying to: Sr. Azure Data Architect (Databricks & Strong Banking Domain) - Only W2 - LINK: https://www.dice.com/job-detail/e8a04a78-7764-4af5-8bb4-fd5476a25020
2025-09-07 11:40:06,119 - INFO -    ✅ Successfully applied!
2025-09-07 11:40:18,520 - INFO - 🎯 [18/76] Applying to: Lead Data Engineer Azure - LINK: https://www.dice.com/job-detail/9f5cdeae-8eb1-4568-82f4-97513bec4772
2025-09-07 11:40:34,834 - INFO -    ✅ Successfully applied!
2025-09-07 11:40:46,140 - INFO - 🎯 [19/76] Applying to: Business Analyst - LINK: https://www.dice.com/job-detail/17947235-e70a-43ed-845c-9c05a8e843a6
2025-09-07 11:41:05,365 - ERROR -    ❌ Cannot click apply button: Message: 
Stacktrace:
#0 0x55fb122fb2ca <unknown>
#1 0x55fb11da2550 <unknown>
#2 0x55fb11df40f0 <unknown>
#3 0x55fb11df42e1 <unknown>
#4 0x55fb11e425e4 <unknown>
#5 0x55fb11e19bed <unknown>
#6 0x55fb11e3f9e6 <unknown>
#7 0x55fb11e19993 <unknown>
#8 0x55fb11de5d6b <unknown>
#9 0x55fb11de7141 <unknown>
#10 0x55fb122c02ab <unknown>
#11 0x55fb122c40b9 <unknown>
#12 0x55fb122a7139 <unknown>
#13 0x55fb122c4c68 <unknown>
#14 0x55fb1228b60f <unknown>
#15 0x55fb122e91f8 <unknown>
#16 0x55fb122e93d6 <unknown>
#17 0x55fb122fa5e6 <unknown>
#18 0x7fc80d09caa4 <unknown>
#19 0x7fc80d129c3c <unknown>

2025-09-07 11:41:16,557 - INFO - 🎯 [20/76] Applying to: F2F Interview || Senior Azure Data Engineer || Weehawken NJ (ONSITE) || Contract - LINK: https://www.dice.com/job-detail/85c162cc-b700-4b8a-87d1-73d59beae09b
2025-09-07 11:41:33,630 - INFO -    ✅ Successfully applied!
2025-09-07 11:41:43,690 - INFO - 🎯 [21/76] Applying to: Data Engineer - Ab Initio to Google Cloud Platform Migration - LINK: https://www.dice.com/job-detail/f9ed6288-0983-431d-a1a8-64d2602c33c3
2025-09-07 11:41:57,273 - INFO -    ✅ Successfully applied!
2025-09-07 11:42:05,776 - INFO - 🎯 [22/76] Applying to: Specialty Software Engineer 3 - Contingent - LINK: https://www.dice.com/job-detail/ea0d547e-0b0d-4bdd-a66f-3043dd3ef3ff
2025-09-07 11:42:21,681 - INFO -    ✅ Successfully applied!
2025-09-07 11:42:31,149 - INFO - 🎯 [23/76] Applying to: Hybrid Technical Business analyst (Oracle) - LINK: https://www.dice.com/job-detail/df8d9c6f-f556-4b81-8c26-0cf4d055e116
2025-09-07 11:42:44,675 - INFO -    ✅ Successfully applied!
2025-09-07 11:42:55,207 - INFO - 🎯 [24/76] Applying to: Specialty Software Engineer - LINK: https://www.dice.com/job-detail/ec51c341-92fe-432d-aeef-db9aaa343664
2025-09-07 11:43:10,877 - INFO -    ✅ Successfully applied!
2025-09-07 11:43:22,473 - INFO - 🎯 [25/76] Applying to: AI ML Engineer/Architect - LINK: https://www.dice.com/job-detail/b952da3e-9628-4b39-891d-db5321e15b3c
2025-09-07 11:43:36,929 - INFO -    ✅ Successfully applied!
2025-09-07 11:43:47,176 - INFO - 🎯 [26/76] Applying to: AI/ML Architect with Azure - LINK: https://www.dice.com/job-detail/a744a836-d201-4718-b7e8-71cae04a68e8
2025-09-07 11:44:04,520 - INFO -    ✅ Successfully applied!
2025-09-07 11:44:15,526 - INFO - 🎯 [27/76] Applying to: Data Analyst III - LINK: https://www.dice.com/job-detail/195de9d1-f7f5-4807-a256-4e950e068d55
2025-09-07 11:44:31,917 - INFO -    ✅ Successfully applied!
2025-09-07 11:44:42,473 - INFO - 🎯 [28/76] Applying to: AI/ML Engineer - LINK: https://www.dice.com/job-detail/59fefbcf-4afe-4614-b282-a1851441a4e2
2025-09-07 11:44:57,746 - INFO -    ✅ Successfully applied!
2025-09-07 11:45:08,528 - INFO - 🎯 [29/76] Applying to: Machine Learning Engineer Specialized in ML and Gen AI - LINK: https://www.dice.com/job-detail/fb49742f-39d4-4d2b-a4a3-b9ebb6617608
2025-09-07 11:45:22,390 - INFO -    ✅ Successfully applied!
2025-09-07 11:45:31,620 - INFO - 🎯 [30/76] Applying to: AI/MLEngineer - LINK: https://www.dice.com/job-detail/460ba2a4-ab5e-458c-b7fd-7e1f3ae78280
2025-09-07 11:45:47,200 - INFO -    ✅ Successfully applied!
2025-09-07 11:45:57,242 - INFO - 🎯 [31/76] Applying to: IT Data Engineer - LINK: https://www.dice.com/job-detail/db4f0c64-43b7-4655-ae89-6b74aa153f25
2025-09-07 11:46:14,066 - INFO -    ✅ Successfully applied!
2025-09-07 11:46:23,264 - INFO - 🎯 [32/76] Applying to: Bussiness Analyst - LINK: https://www.dice.com/job-detail/04ea08bc-9cd7-411d-aadd-99310d75f256
2025-09-07 11:46:38,346 - INFO -    ✅ Successfully applied!
2025-09-07 11:46:47,289 - INFO - 🎯 [33/76] Applying to: Senior Software Engineer in Sacramento, California - LINK: https://www.dice.com/job-detail/1ffdacfc-840f-4869-9aa6-627d4fb1e827
2025-09-07 11:47:00,661 - INFO -    ✅ Successfully applied!
2025-09-07 11:47:10,458 - INFO - 🎯 [34/76] Applying to: IT Governance Manager - LINK: https://www.dice.com/job-detail/d58f0537-f55c-40bd-8421-a3d9d31e979a
2025-09-07 11:47:27,406 - INFO -    ✅ Successfully applied!
2025-09-07 11:47:39,160 - INFO - 🎯 [35/76] Applying to: Technical Data Analyst with DataStage (10+ Yrs exp) - LINK: https://www.dice.com/job-detail/e610fe32-b921-4a4a-a89b-69cd7682675c
2025-09-07 11:47:55,806 - INFO -    ✅ Successfully applied!
2025-09-07 11:48:05,475 - INFO - 🎯 [36/76] Applying to: IT Architect - LINK: https://www.dice.com/job-detail/258a9406-6871-4b3a-91f6-506d504f0940
2025-09-07 11:48:20,734 - INFO -    ✅ Successfully applied!
2025-09-07 11:48:32,057 - INFO - 🎯 [37/76] Applying to: Sr. Software Engineer - LINK: https://www.dice.com/job-detail/20493204-13eb-4a17-859f-964c6c50f1b5
2025-09-07 11:48:46,632 - INFO -    ✅ Successfully applied!
2025-09-07 11:48:57,188 - INFO - 🎯 [38/76] Applying to: Developer 2 - LINK: https://www.dice.com/job-detail/1e7638d9-efa3-4298-90df-7293dcf442d5
2025-09-07 11:49:09,806 - INFO -    ✅ Successfully applied!
2025-09-07 11:49:19,187 - INFO - 🎯 [39/76] Applying to: AI Architect - Plano, TX (Remote) - Hire Type: Contract - LINK: https://www.dice.com/job-detail/ce77a28b-e113-45ce-bb1e-9bc9a7aaf25b
2025-09-07 11:49:39,317 - ERROR -    ❌ Cannot click apply button: Message: 
Stacktrace:
#0 0x55fb122fb2ca <unknown>
#1 0x55fb11da2550 <unknown>
#2 0x55fb11df40f0 <unknown>
#3 0x55fb11df42e1 <unknown>
#4 0x55fb11e425e4 <unknown>
#5 0x55fb11e19bed <unknown>
#6 0x55fb11e3f9e6 <unknown>
#7 0x55fb11e19993 <unknown>
#8 0x55fb11de5d6b <unknown>
#9 0x55fb11de7141 <unknown>
#10 0x55fb122c02ab <unknown>
#11 0x55fb122c40b9 <unknown>
#12 0x55fb122a7139 <unknown>
#13 0x55fb122c4c68 <unknown>
#14 0x55fb1228b60f <unknown>
#15 0x55fb122e91f8 <unknown>
#16 0x55fb122e93d6 <unknown>
#17 0x55fb122fa5e6 <unknown>
#18 0x7fc80d09caa4 <unknown>
#19 0x7fc80d129c3c <unknown>

2025-09-07 11:49:51,660 - INFO - 🎯 [40/76] Applying to: NetSuite Functional Consultant Manufacturing & Costing - LINK: https://www.dice.com/job-detail/c7ea0344-e540-4a48-a432-8db20c3b1219
2025-09-07 11:50:05,547 - INFO -    ✅ Successfully applied!
2025-09-07 11:50:17,316 - INFO - 🎯 [41/76] Applying to: Principal AI/Data Science Lead - LINK: https://www.dice.com/job-detail/c65f673a-84d0-4cb1-a51c-58b97b9fc6e4
2025-09-07 11:50:33,926 - INFO -    ✅ Successfully applied!
2025-09-07 11:50:37,507 - INFO - 🎯 [42/76] Applying to: Electrical Audio Systems Engineer | Full Time Job - LINK: https://www.dice.com/job-detail/01b523ea-10b9-4f60-9597-2217263a288b
2025-09-07 11:50:54,794 - INFO -    ✅ Successfully applied!
2025-09-07 11:51:04,428 - INFO - 🎯 [43/76] Applying to: Appian Developer / Appian Lead / Appian Architect / Appian Business Analyst - 4 Positions - LINK: https://www.dice.com/job-detail/1a1e8034-4ce9-4ff1-b1a5-f62d16bb4e16
2025-09-07 11:51:19,276 - INFO -    ✅ Successfully applied!
2025-09-07 11:51:29,644 - INFO - 🎯 [44/76] Applying to: Data Analyst - LINK: https://www.dice.com/job-detail/771f1726-99b5-47e8-a10c-5cefb2dadc6e
2025-09-07 11:51:44,776 - INFO -    ✅ Successfully applied!
2025-09-07 11:51:56,524 - INFO - 🎯 [45/76] Applying to: Payments Business Analyst - LINK: https://www.dice.com/job-detail/168d3536-c114-45c7-b34f-a31b9d369ccd
2025-09-07 11:52:09,256 - INFO -    ✅ Successfully applied!
2025-09-07 11:52:20,504 - INFO - 🎯 [46/76] Applying to: Business Analyst - LINK: https://www.dice.com/job-detail/fc2c707b-c29f-49ba-b19a-daf45ceb4b61
2025-09-07 11:52:35,059 - INFO -    ✅ Successfully applied!
2025-09-07 11:52:43,608 - INFO - 🎯 [47/76] Applying to: ServiceNow Architect/Senior Technical Consultant - Agentic AI - LINK: https://www.dice.com/job-detail/01fa0df5-3bc8-427f-a58d-571dd229e560
2025-09-07 11:52:57,361 - INFO -    ✅ Successfully applied!
2025-09-07 11:53:09,730 - INFO - 🎯 [48/76] Applying to: NOC Engineer - LINK: https://www.dice.com/job-detail/fb3046ce-8a9a-4af8-ab97-9d65b8e54a27
2025-09-07 11:53:25,744 - INFO -    ✅ Successfully applied!
2025-09-07 11:53:35,937 - INFO - 🎯 [49/76] Applying to: Data Engineer - LINK: https://www.dice.com/job-detail/c779fa3e-33ca-4d7c-a3f7-8938d3411b63
2025-09-07 11:53:48,774 - INFO -    ✅ Successfully applied!
2025-09-07 11:53:57,541 - INFO - 🎯 [50/76] Applying to: Artificial Intelligence/Machine Learning Engineer II - LINK: https://www.dice.com/job-detail/5a51a428-1dc1-494c-8574-7a0c06f89ec5
2025-09-07 11:54:13,908 - INFO -    ✅ Successfully applied!
2025-09-07 11:54:21,876 - INFO - 🎯 [51/76] Applying to: Senior Analytics Engineer - LINK: https://www.dice.com/job-detail/7a3f7dec-f30f-496c-8c23-945278591a93
2025-09-07 11:54:37,466 - INFO -    ✅ Successfully applied!
2025-09-07 11:54:46,186 - INFO - 🎯 [52/76] Applying to: Data Engineer - LINK: https://www.dice.com/job-detail/5a9246b6-11dc-446e-95e1-4279822844e6
2025-09-07 11:54:59,531 - INFO -    ✅ Successfully applied!
2025-09-07 11:55:09,228 - INFO - 🎯 [53/76] Applying to: Principal Mechanical Engineer - Aerospace - LINK: https://www.dice.com/job-detail/a7ba1110-df33-48ae-9496-aa229289a57d
2025-09-07 11:55:24,841 - INFO -    ✅ Successfully applied!
2025-09-07 11:55:36,915 - INFO - 🎯 [54/76] Applying to: IAM Business Analyst - LINK: https://www.dice.com/job-detail/a492ef20-30c2-429d-99bb-b3082213eb25
2025-09-07 11:55:53,791 - INFO -    ✅ Successfully applied!
2025-09-07 11:56:01,638 - INFO - 🎯 [55/76] Applying to: Business Analyst - LINK: https://www.dice.com/job-detail/72ee50a3-3f91-46b5-939e-29cb4e1f99a9
2025-09-07 11:56:21,167 - ERROR -    ❌ Cannot click apply button: Message: 
Stacktrace:
#0 0x55fb122fb2ca <unknown>
#1 0x55fb11da2550 <unknown>
#2 0x55fb11df40f0 <unknown>
#3 0x55fb11df42e1 <unknown>
#4 0x55fb11e425e4 <unknown>
#5 0x55fb11e19bed <unknown>
#6 0x55fb11e3f9e6 <unknown>
#7 0x55fb11e19993 <unknown>
#8 0x55fb11de5d6b <unknown>
#9 0x55fb11de7141 <unknown>
#10 0x55fb122c02ab <unknown>
#11 0x55fb122c40b9 <unknown>
#12 0x55fb122a7139 <unknown>
#13 0x55fb122c4c68 <unknown>
#14 0x55fb1228b60f <unknown>
#15 0x55fb122e91f8 <unknown>
#16 0x55fb122e93d6 <unknown>
#17 0x55fb122fa5e6 <unknown>
#18 0x7fc80d09caa4 <unknown>
#19 0x7fc80d129c3c <unknown>

2025-09-07 11:56:31,866 - INFO - 🎯 [56/76] Applying to: Data Engineer (Azure Databricks, DBT, Snowflake) - LINK: https://www.dice.com/job-detail/7d395933-0275-4d3a-aafe-5bdd36a4cbba
2025-09-07 11:56:46,279 - INFO -    ✅ Successfully applied!
2025-09-07 11:56:54,071 - INFO - 🎯 [57/76] Applying to: Data Analyst - LINK: https://www.dice.com/job-detail/b9e43899-4214-4aa1-907b-3f0935737ae0
2025-09-07 11:57:09,771 - INFO -    ✅ Successfully applied!
2025-09-07 11:57:22,996 - INFO - 🎯 [58/76] Applying to: Frontend Software Engineer - LINK: https://www.dice.com/job-detail/78e0d671-6afc-4dfa-b43c-c469c15535ec
2025-09-07 11:57:40,521 - INFO -    ✅ Successfully applied!
2025-09-07 11:57:49,393 - INFO - 🎯 [59/76] Applying to: Business Analyst - LINK: https://www.dice.com/job-detail/f2d12fc2-0cef-4fbe-8536-6cd28f53414c
2025-09-07 11:58:05,556 - INFO -    ✅ Successfully applied!
2025-09-07 11:58:16,158 - INFO - 🎯 [60/76] Applying to: Data Engineer - LINK: https://www.dice.com/job-detail/caea9282-9e7b-4e95-82e7-e5f4d12390b4
2025-09-07 11:58:35,543 - ERROR -    ❌ Cannot click apply button: Message: 
Stacktrace:
#0 0x55fb122fb2ca <unknown>
#1 0x55fb11da2550 <unknown>
#2 0x55fb11df40f0 <unknown>
#3 0x55fb11df42e1 <unknown>
#4 0x55fb11e425e4 <unknown>
#5 0x55fb11e19bed <unknown>
#6 0x55fb11e3f9e6 <unknown>
#7 0x55fb11e19993 <unknown>
#8 0x55fb11de5d6b <unknown>
#9 0x55fb11de7141 <unknown>
#10 0x55fb122c02ab <unknown>
#11 0x55fb122c40b9 <unknown>
#12 0x55fb122a7139 <unknown>
#13 0x55fb122c4c68 <unknown>
#14 0x55fb1228b60f <unknown>
#15 0x55fb122e91f8 <unknown>
#16 0x55fb122e93d6 <unknown>
#17 0x55fb122fa5e6 <unknown>
#18 0x7fc80d09caa4 <unknown>
#19 0x7fc80d129c3c <unknown>

2025-09-07 11:58:47,762 - INFO - 🎯 [61/76] Applying to: Hardware Support IT Engineer- New York - 10019 - LINK: https://www.dice.com/job-detail/d461d85a-292b-4be1-94f6-7952f9aa74b6
2025-09-07 11:59:05,920 - ERROR -    ❌ Cannot click apply button: Message: 
Stacktrace:
#0 0x55fb122fb2ca <unknown>
#1 0x55fb11da2550 <unknown>
#2 0x55fb11df40f0 <unknown>
#3 0x55fb11df42e1 <unknown>
#4 0x55fb11e425e4 <unknown>
#5 0x55fb11e19bed <unknown>
#6 0x55fb11e3f9e6 <unknown>
#7 0x55fb11e19993 <unknown>
#8 0x55fb11de5d6b <unknown>
#9 0x55fb11de7141 <unknown>
#10 0x55fb122c02ab <unknown>
#11 0x55fb122c40b9 <unknown>
#12 0x55fb122a7139 <unknown>
#13 0x55fb122c4c68 <unknown>
#14 0x55fb1228b60f <unknown>
#15 0x55fb122e91f8 <unknown>
#16 0x55fb122e93d6 <unknown>
#17 0x55fb122fa5e6 <unknown>
#18 0x7fc80d09caa4 <unknown>
#19 0x7fc80d129c3c <unknown>

2025-09-07 11:59:14,345 - INFO - 🎯 [62/76] Applying to: Data Engineer - LINK: https://www.dice.com/job-detail/fe2d83d1-55ca-42e0-addb-58a6b5cb5c0a
2025-09-07 11:59:32,626 - INFO -    ✅ Successfully applied!
2025-09-07 11:59:40,120 - INFO - 🎯 [63/76] Applying to: (IAM) Engineer - LINK: https://www.dice.com/job-detail/8aa62f02-33e0-4cb3-a8b8-1bd42f5f31ea
2025-09-07 11:59:55,843 - INFO -    ✅ Successfully applied!
2025-09-07 12:00:04,868 - INFO - 🎯 [64/76] Applying to: Senior Software Engineer - Android - LINK: https://www.dice.com/job-detail/d5c72db1-5ac9-4b82-83b5-c76733504a68
2025-09-07 12:00:19,806 - INFO -    ✅ Successfully applied!
2025-09-07 12:00:31,020 - INFO - 🎯 [65/76] Applying to: Tableau Developer/ Data Analyst - LINK: https://www.dice.com/job-detail/d65e03df-e849-4e15-b5c6-19c17610a5ac
2025-09-07 12:00:46,055 - INFO -    ✅ Successfully applied!
2025-09-07 12:00:54,329 - INFO - 🎯 [66/76] Applying to: Data Engineer - 10+yrs -Only W2 - LINK: https://www.dice.com/job-detail/3f0a89c2-9354-480e-807a-69f3c46bf99c
2025-09-07 12:01:09,822 - INFO -    ✅ Successfully applied!
2025-09-07 12:01:18,979 - INFO - 🎯 [67/76] Applying to: ML Ops Lead/ ML Ops Engineer - LINK: https://www.dice.com/job-detail/e9574c52-4da4-47a5-aa1e-091c3970578a
2025-09-07 12:01:37,837 - ERROR -    ❌ Cannot click apply button: Message: 
Stacktrace:
#0 0x55fb122fb2ca <unknown>
#1 0x55fb11da2550 <unknown>
#2 0x55fb11df40f0 <unknown>
#3 0x55fb11df42e1 <unknown>
#4 0x55fb11e425e4 <unknown>
#5 0x55fb11e19bed <unknown>
#6 0x55fb11e3f9e6 <unknown>
#7 0x55fb11e19993 <unknown>
#8 0x55fb11de5d6b <unknown>
#9 0x55fb11de7141 <unknown>
#10 0x55fb122c02ab <unknown>
#11 0x55fb122c40b9 <unknown>
#12 0x55fb122a7139 <unknown>
#13 0x55fb122c4c68 <unknown>
#14 0x55fb1228b60f <unknown>
#15 0x55fb122e91f8 <unknown>
#16 0x55fb122e93d6 <unknown>
#17 0x55fb122fa5e6 <unknown>
#18 0x7fc80d09caa4 <unknown>
#19 0x7fc80d129c3c <unknown>

2025-09-07 12:01:49,486 - INFO - 🎯 [68/76] Applying to: Microsoft Cloud Architect & Power Platform Engineer - LINK: https://www.dice.com/job-detail/4768388f-4cc1-4d17-aecb-a3f7a0239e98
2025-09-07 12:02:03,732 - INFO -    ✅ Successfully applied!
2025-09-07 12:02:15,831 - INFO - 🎯 [69/76] Applying to: Python Software Engineer - LINK: https://www.dice.com/job-detail/72d383b9-7d86-4f2b-b123-1fee766161de
2025-09-07 12:02:33,059 - INFO -    ✅ Successfully applied!
2025-09-07 12:02:41,048 - INFO - 🎯 [70/76] Applying to: Neo4j Architect (Wealth Management/Fraud/AML/Surveillance Exp) - LINK: https://www.dice.com/job-detail/bf0483f7-e8dd-444a-9514-53ff57b6980a
2025-09-07 12:02:57,097 - INFO -    ✅ Successfully applied!
2025-09-07 12:03:04,259 - INFO - 🎯 [71/76] Applying to: Business Analyst - LINK: https://www.dice.com/job-detail/1370290b-7f1b-4448-963a-af5eee3f2a1d
2025-09-07 12:03:23,070 - ERROR -    ❌ Cannot click apply button: Message: 
Stacktrace:
#0 0x55fb122fb2ca <unknown>
#1 0x55fb11da2550 <unknown>
#2 0x55fb11df40f0 <unknown>
#3 0x55fb11df42e1 <unknown>
#4 0x55fb11e425e4 <unknown>
#5 0x55fb11e19bed <unknown>
#6 0x55fb11e3f9e6 <unknown>
#7 0x55fb11e19993 <unknown>
#8 0x55fb11de5d6b <unknown>
#9 0x55fb11de7141 <unknown>
#10 0x55fb122c02ab <unknown>
#11 0x55fb122c40b9 <unknown>
#12 0x55fb122a7139 <unknown>
#13 0x55fb122c4c68 <unknown>
#14 0x55fb1228b60f <unknown>
#15 0x55fb122e91f8 <unknown>
#16 0x55fb122e93d6 <unknown>
#17 0x55fb122fa5e6 <unknown>
#18 0x7fc80d09caa4 <unknown>
#19 0x7fc80d129c3c <unknown>

2025-09-07 12:03:33,001 - INFO - 🎯 [72/76] Applying to: Technical Specialist- Junior - LINK: https://www.dice.com/job-detail/d6fd0b86-2c71-4084-8f77-a2671052315c
2025-09-07 12:03:49,016 - INFO -    ✅ Successfully applied!
2025-09-07 12:03:56,310 - INFO - 🎯 [73/76] Applying to: Full-Stack Software Engineer - LINK: https://www.dice.com/job-detail/c8db3e70-9872-4493-9427-a39dcb2d06ff
2025-09-07 12:04:11,512 - INFO -    ✅ Successfully applied!
2025-09-07 12:04:22,536 - INFO - 🎯 [74/76] Applying to: Data Engineer II - LINK: https://www.dice.com/job-detail/1d293ae0-2d9b-43fd-9a05-5bb056a79ccc
2025-09-07 12:04:42,206 - INFO -    ✅ Successfully applied!
2025-09-07 12:04:51,196 - INFO - 🎯 [75/76] Applying to: Data Engineer Lead - Manager - LINK: https://www.dice.com/job-detail/a0397a3b-c2bf-4555-bf71-3b0488203d29
2025-09-07 12:05:10,640 - ERROR -    ❌ Cannot click apply button: Message: 
Stacktrace:
#0 0x55fb122fb2ca <unknown>
#1 0x55fb11da2550 <unknown>
#2 0x55fb11df40f0 <unknown>
#3 0x55fb11df42e1 <unknown>
#4 0x55fb11e425e4 <unknown>
#5 0x55fb11e19bed <unknown>
#6 0x55fb11e3f9e6 <unknown>
#7 0x55fb11e19993 <unknown>
#8 0x55fb11de5d6b <unknown>
#9 0x55fb11de7141 <unknown>
#10 0x55fb122c02ab <unknown>
#11 0x55fb122c40b9 <unknown>
#12 0x55fb122a7139 <unknown>
#13 0x55fb122c4c68 <unknown>
#14 0x55fb1228b60f <unknown>
#15 0x55fb122e91f8 <unknown>
#16 0x55fb122e93d6 <unknown>
#17 0x55fb122fa5e6 <unknown>
#18 0x7fc80d09caa4 <unknown>
#19 0x7fc80d129c3c <unknown>

2025-09-07 12:05:22,620 - INFO - 🎯 [76/76] Applying to: Azure Data Engineer - LINK: https://www.dice.com/job-detail/ae9835ac-4a63-465b-a6bb-79b1aa1acdf6
2025-09-07 12:05:38,954 - INFO -    ✅ Successfully applied!
2025-09-07 12:05:41,785 - INFO - 📊 Processing results...
2025-09-07 12:05:41,821 - INFO - 🎉 Application run completed!
2025-09-07 12:05:41,821 - INFO -    ✅ Newly applied: 66
2025-09-07 12:05:41,821 - INFO -    ⏭️  Already applied: 0
2025-09-07 12:05:41,821 - INFO -    ❌ Failed: 10
2025-09-07 12:05:41,822 - INFO -    📊 Total processed: 76
2025-09-07 12:05:41,822 - INFO -    📁 Total jobs in CSV: 2757
2025-09-07 12:05:41,822 - INFO -    💾 Updated: output/final_ml_jobs.csv
2025-09-07 12:05:41,822 - INFO - 🔧 Closing browser...
