2025-08-02 17:17:50,729 - INFO - 🚀 Starting stealth job application bot
2025-08-02 17:17:57,976 - INFO - 📂 Loading jobs from output/final_ml_jobs.csv
2025-08-02 17:17:58,013 - INFO -    📊 Total jobs in file: 4459
2025-08-02 17:17:58,016 - INFO -    🎯 Easy Apply jobs: 4459
2025-08-02 17:17:58,017 - INFO -    ⏳ Jobs to process: 2699 (status: pending)
2025-08-02 17:17:58,018 - INFO - 🎲 Will attempt 73 applications this run (target: 73)
2025-08-02 17:17:58,018 - INFO - 🔑 Logging into Dice...
2025-08-02 17:18:02,216 - INFO - ✅ Login successful
2025-08-02 17:18:04,727 - INFO - 🔄 Starting job applications...
2025-08-02 17:18:04,728 - INFO - 🎯 [1/73] Applying to: node.js Backend developer (JavaScript/TypeScript/ AI Integrations) - LINK: https://www.dice.com/job-detail/74f4f086-6a5a-4fad-89e5-85fa77de1101
2025-08-02 17:18:25,092 - ERROR -    ❌ Cannot click apply button: Message: 
Stacktrace:
#0 0x55fa7da362ca <unknown>
#1 0x55fa7d4dd550 <unknown>
#2 0x55fa7d52f0f0 <unknown>
#3 0x55fa7d52f2e1 <unknown>
#4 0x55fa7d57d5e4 <unknown>
#5 0x55fa7d554bed <unknown>
#6 0x55fa7d57a9e6 <unknown>
#7 0x55fa7d554993 <unknown>
#8 0x55fa7d520d6b <unknown>
#9 0x55fa7d522141 <unknown>
#10 0x55fa7d9fb2ab <unknown>
#11 0x55fa7d9ff0b9 <unknown>
#12 0x55fa7d9e2139 <unknown>
#13 0x55fa7d9ffc68 <unknown>
#14 0x55fa7d9c660f <unknown>
#15 0x55fa7da241f8 <unknown>
#16 0x55fa7da243d6 <unknown>
#17 0x55fa7da355e6 <unknown>
#18 0x7f0b77a9caa4 <unknown>
#19 0x7f0b77b29c3c <unknown>

2025-08-02 17:18:32,156 - INFO - 🎯 [2/73] Applying to: Java Developer - LINK: https://www.dice.com/job-detail/be79fc6f-2514-4779-9ae3-4bd6f1c0ec5e
2025-08-02 17:18:51,463 - INFO -    ✅ Successfully applied!
2025-08-02 17:19:03,801 - INFO - 🎯 [3/73] Applying to: Technical Program Manager (Data & AI) - LINK: https://www.dice.com/job-detail/5ae50665-75a9-4665-8051-7d9ad48906fe
2025-08-02 17:19:18,122 - INFO -    ✅ Successfully applied!
2025-08-02 17:19:28,258 - INFO - 🎯 [4/73] Applying to: Datastage ETL Developer - LINK: https://www.dice.com/job-detail/47affef6-fcfe-4145-b8cf-980035700ea0
2025-08-02 17:19:47,135 - ERROR -    ❌ Cannot click apply button: Message: 
Stacktrace:
#0 0x55fa7da362ca <unknown>
#1 0x55fa7d4dd550 <unknown>
#2 0x55fa7d52f0f0 <unknown>
#3 0x55fa7d52f2e1 <unknown>
#4 0x55fa7d57d5e4 <unknown>
#5 0x55fa7d554bed <unknown>
#6 0x55fa7d57a9e6 <unknown>
#7 0x55fa7d554993 <unknown>
#8 0x55fa7d520d6b <unknown>
#9 0x55fa7d522141 <unknown>
#10 0x55fa7d9fb2ab <unknown>
#11 0x55fa7d9ff0b9 <unknown>
#12 0x55fa7d9e2139 <unknown>
#13 0x55fa7d9ffc68 <unknown>
#14 0x55fa7d9c660f <unknown>
#15 0x55fa7da241f8 <unknown>
#16 0x55fa7da243d6 <unknown>
#17 0x55fa7da355e6 <unknown>
#18 0x7f0b77a9caa4 <unknown>
#19 0x7f0b77b29c3c <unknown>

2025-08-02 17:19:56,015 - INFO - 🎯 [5/73] Applying to: Lead Java Developer - LINK: https://www.dice.com/job-detail/35edfa19-2f3d-4da7-9c9d-5bf64608ea17
2025-08-02 17:20:15,911 - ERROR -    ❌ Cannot click apply button: Message: 
Stacktrace:
#0 0x55fa7da362ca <unknown>
#1 0x55fa7d4dd550 <unknown>
#2 0x55fa7d52f0f0 <unknown>
#3 0x55fa7d52f2e1 <unknown>
#4 0x55fa7d57d5e4 <unknown>
#5 0x55fa7d554bed <unknown>
#6 0x55fa7d57a9e6 <unknown>
#7 0x55fa7d554993 <unknown>
#8 0x55fa7d520d6b <unknown>
#9 0x55fa7d522141 <unknown>
#10 0x55fa7d9fb2ab <unknown>
#11 0x55fa7d9ff0b9 <unknown>
#12 0x55fa7d9e2139 <unknown>
#13 0x55fa7d9ffc68 <unknown>
#14 0x55fa7d9c660f <unknown>
#15 0x55fa7da241f8 <unknown>
#16 0x55fa7da243d6 <unknown>
#17 0x55fa7da355e6 <unknown>
#18 0x7f0b77a9caa4 <unknown>
#19 0x7f0b77b29c3c <unknown>

2025-08-02 17:20:23,210 - INFO - 🎯 [6/73] Applying to: Software Development Engineer - LINK: https://www.dice.com/job-detail/943dadd4-d133-410a-b841-3ae6ba4d6250
2025-08-02 17:20:39,015 - INFO -    ✅ Successfully applied!
2025-08-02 17:20:48,715 - INFO - 🎯 [7/73] Applying to: DOCSIS Engineer III - LINK: https://www.dice.com/job-detail/f0d4c455-9021-4335-a4a6-8186d56117c7
2025-08-02 17:21:06,012 - INFO -    ✅ Successfully applied!
2025-08-02 17:21:13,322 - INFO - 🎯 [8/73] Applying to: Senior Data Engineer - LINK: https://www.dice.com/job-detail/8df21e54-ecfb-413c-8b39-2c528cfce5e7
2025-08-02 17:21:30,014 - INFO -    ✅ Successfully applied!
2025-08-02 17:21:41,317 - INFO - 🎯 [9/73] Applying to: automation engineer - LINK: https://www.dice.com/job-detail/f3995564-e99f-4b04-a259-d73c09822d7d
2025-08-02 17:21:54,871 - INFO -    ✅ Successfully applied!
2025-08-02 17:22:04,507 - INFO - 🎯 [10/73] Applying to: Senior Business Intelligence Engineer - LINK: https://www.dice.com/job-detail/22f61114-c50b-4d62-a6f5-0b74bcb6674c
2025-08-02 17:22:24,353 - ERROR -    ❌ Cannot click apply button: Message: 
Stacktrace:
#0 0x55fa7da362ca <unknown>
#1 0x55fa7d4dd550 <unknown>
#2 0x55fa7d52f0f0 <unknown>
#3 0x55fa7d52f2e1 <unknown>
#4 0x55fa7d57d5e4 <unknown>
#5 0x55fa7d554bed <unknown>
#6 0x55fa7d57a9e6 <unknown>
#7 0x55fa7d554993 <unknown>
#8 0x55fa7d520d6b <unknown>
#9 0x55fa7d522141 <unknown>
#10 0x55fa7d9fb2ab <unknown>
#11 0x55fa7d9ff0b9 <unknown>
#12 0x55fa7d9e2139 <unknown>
#13 0x55fa7d9ffc68 <unknown>
#14 0x55fa7d9c660f <unknown>
#15 0x55fa7da241f8 <unknown>
#16 0x55fa7da243d6 <unknown>
#17 0x55fa7da355e6 <unknown>
#18 0x7f0b77a9caa4 <unknown>
#19 0x7f0b77b29c3c <unknown>

2025-08-02 17:22:36,530 - INFO - 🎯 [11/73] Applying to: iOS Developer- Local to Ohio - LINK: https://www.dice.com/job-detail/40c56823-5784-4727-a9da-a16ef5e227f6
2025-08-02 17:22:56,815 - ERROR -    ❌ Cannot click apply button: Message: 
Stacktrace:
#0 0x55fa7da362ca <unknown>
#1 0x55fa7d4dd550 <unknown>
#2 0x55fa7d52f0f0 <unknown>
#3 0x55fa7d52f2e1 <unknown>
#4 0x55fa7d57d5e4 <unknown>
#5 0x55fa7d554bed <unknown>
#6 0x55fa7d57a9e6 <unknown>
#7 0x55fa7d554993 <unknown>
#8 0x55fa7d520d6b <unknown>
#9 0x55fa7d522141 <unknown>
#10 0x55fa7d9fb2ab <unknown>
#11 0x55fa7d9ff0b9 <unknown>
#12 0x55fa7d9e2139 <unknown>
#13 0x55fa7d9ffc68 <unknown>
#14 0x55fa7d9c660f <unknown>
#15 0x55fa7da241f8 <unknown>
#16 0x55fa7da243d6 <unknown>
#17 0x55fa7da355e6 <unknown>
#18 0x7f0b77a9caa4 <unknown>
#19 0x7f0b77b29c3c <unknown>

2025-08-02 17:23:08,635 - INFO - 🎯 [12/73] Applying to: Data Analyst Santa Clara, CA (Onsite) - LINK: https://www.dice.com/job-detail/2d55337d-b674-4353-a385-2857c74d1632
2025-08-02 17:23:24,074 - INFO -    ✅ Successfully applied!
2025-08-02 17:23:33,489 - INFO - 🎯 [13/73] Applying to: Lead Platform Engineer / Solution Architect (Financial Crime Domain) | Local to Georgia | Visa Independent - LINK: https://www.dice.com/job-detail/7cd94e45-b8a4-436d-b69a-c91b327cd21c
2025-08-02 17:23:52,642 - INFO -    ✅ Successfully applied!
2025-08-02 17:24:02,815 - INFO - 🎯 [14/73] Applying to: RF Engineer - LINK: https://www.dice.com/job-detail/06ceb6c9-0de0-4e67-b7d5-a15f1f72fafa
2025-08-02 17:24:19,663 - INFO -    ✅ Successfully applied!
2025-08-02 17:24:31,352 - INFO - 🎯 [15/73] Applying to: Sr Data & Analytics Consultant - LINK: https://www.dice.com/job-detail/efd95c80-fbda-4963-a51e-a6e066afe553
2025-08-02 17:24:46,844 - INFO -    ✅ Successfully applied!
2025-08-02 17:24:57,779 - INFO - 🎯 [16/73] Applying to: Business Analyst IT III - LINK: https://www.dice.com/job-detail/a32d830f-289f-4229-b256-b5569e35e4c4
2025-08-02 17:25:13,136 - INFO -    ✅ Successfully applied!
2025-08-02 17:25:22,667 - INFO - 🎯 [17/73] Applying to: Project Manager / Business Analyst / Operations - LINK: https://www.dice.com/job-detail/0234da70-060b-4d2e-9c9e-e18e170879f7
2025-08-02 17:25:39,386 - INFO -    ✅ Successfully applied!
2025-08-02 17:25:51,712 - INFO - 🎯 [18/73] Applying to: Test Automation Engineer/SDET Interview Face to Face - LINK: https://www.dice.com/job-detail/312dd5d4-f098-47ee-a096-8a3d495d852d
2025-08-02 17:26:11,413 - ERROR -    ❌ Cannot click apply button: Message: 
Stacktrace:
#0 0x55fa7da362ca <unknown>
#1 0x55fa7d4dd550 <unknown>
#2 0x55fa7d52f0f0 <unknown>
#3 0x55fa7d52f2e1 <unknown>
#4 0x55fa7d57d5e4 <unknown>
#5 0x55fa7d554bed <unknown>
#6 0x55fa7d57a9e6 <unknown>
#7 0x55fa7d554993 <unknown>
#8 0x55fa7d520d6b <unknown>
#9 0x55fa7d522141 <unknown>
#10 0x55fa7d9fb2ab <unknown>
#11 0x55fa7d9ff0b9 <unknown>
#12 0x55fa7d9e2139 <unknown>
#13 0x55fa7d9ffc68 <unknown>
#14 0x55fa7d9c660f <unknown>
#15 0x55fa7da241f8 <unknown>
#16 0x55fa7da243d6 <unknown>
#17 0x55fa7da355e6 <unknown>
#18 0x7f0b77a9caa4 <unknown>
#19 0x7f0b77b29c3c <unknown>

2025-08-02 17:26:22,597 - INFO - 🎯 [19/73] Applying to: Oracle HCM Business Analyst - LINK: https://www.dice.com/job-detail/13bd8027-be7e-4777-b862-7e9e1ebada46
2025-08-02 17:26:38,674 - INFO -    ✅ Successfully applied!
2025-08-02 17:26:48,039 - INFO - 🎯 [20/73] Applying to: Senior IT Business Analyst -- Healthcare Domain || Phoenix, AZ (Hybrid) - LINK: https://www.dice.com/job-detail/404148cb-d97d-4185-a7cc-4d0be742f2f0
2025-08-02 17:27:06,876 - ERROR -    ❌ Cannot click apply button: Message: 
Stacktrace:
#0 0x55fa7da362ca <unknown>
#1 0x55fa7d4dd550 <unknown>
#2 0x55fa7d52f0f0 <unknown>
#3 0x55fa7d52f2e1 <unknown>
#4 0x55fa7d57d5e4 <unknown>
#5 0x55fa7d554bed <unknown>
#6 0x55fa7d57a9e6 <unknown>
#7 0x55fa7d554993 <unknown>
#8 0x55fa7d520d6b <unknown>
#9 0x55fa7d522141 <unknown>
#10 0x55fa7d9fb2ab <unknown>
#11 0x55fa7d9ff0b9 <unknown>
#12 0x55fa7d9e2139 <unknown>
#13 0x55fa7d9ffc68 <unknown>
#14 0x55fa7d9c660f <unknown>
#15 0x55fa7da241f8 <unknown>
#16 0x55fa7da243d6 <unknown>
#17 0x55fa7da355e6 <unknown>
#18 0x7f0b77a9caa4 <unknown>
#19 0x7f0b77b29c3c <unknown>

2025-08-02 17:27:15,544 - INFO - 🎯 [21/73] Applying to: UX Researcher - LINK: https://www.dice.com/job-detail/82afe664-6aa7-4287-96a0-8bd6aa957c50
2025-08-02 17:27:32,582 - INFO -    ✅ Successfully applied!
2025-08-02 17:27:43,483 - INFO - 🎯 [22/73] Applying to: Network Engineer - LINK: https://www.dice.com/job-detail/95789468-6f0a-49de-97a0-5ac33e0bbd35
2025-08-02 17:28:02,696 - ERROR -    ❌ Cannot click apply button: Message: 
Stacktrace:
#0 0x55fa7da362ca <unknown>
#1 0x55fa7d4dd550 <unknown>
#2 0x55fa7d52f0f0 <unknown>
#3 0x55fa7d52f2e1 <unknown>
#4 0x55fa7d57d5e4 <unknown>
#5 0x55fa7d554bed <unknown>
#6 0x55fa7d57a9e6 <unknown>
#7 0x55fa7d554993 <unknown>
#8 0x55fa7d520d6b <unknown>
#9 0x55fa7d522141 <unknown>
#10 0x55fa7d9fb2ab <unknown>
#11 0x55fa7d9ff0b9 <unknown>
#12 0x55fa7d9e2139 <unknown>
#13 0x55fa7d9ffc68 <unknown>
#14 0x55fa7d9c660f <unknown>
#15 0x55fa7da241f8 <unknown>
#16 0x55fa7da243d6 <unknown>
#17 0x55fa7da355e6 <unknown>
#18 0x7f0b77a9caa4 <unknown>
#19 0x7f0b77b29c3c <unknown>

2025-08-02 17:28:12,245 - INFO - 🎯 [23/73] Applying to: Airflow Orchestration - Solutions Architect at Iselin NJ(Hybrid Onsite) - LINK: https://www.dice.com/job-detail/736b3d94-1d87-4d6d-870e-116270286a91
2025-08-02 17:28:31,789 - ERROR -    ❌ Cannot click apply button: Message: 
Stacktrace:
#0 0x55fa7da362ca <unknown>
#1 0x55fa7d4dd550 <unknown>
#2 0x55fa7d52f0f0 <unknown>
#3 0x55fa7d52f2e1 <unknown>
#4 0x55fa7d57d5e4 <unknown>
#5 0x55fa7d554bed <unknown>
#6 0x55fa7d57a9e6 <unknown>
#7 0x55fa7d554993 <unknown>
#8 0x55fa7d520d6b <unknown>
#9 0x55fa7d522141 <unknown>
#10 0x55fa7d9fb2ab <unknown>
#11 0x55fa7d9ff0b9 <unknown>
#12 0x55fa7d9e2139 <unknown>
#13 0x55fa7d9ffc68 <unknown>
#14 0x55fa7d9c660f <unknown>
#15 0x55fa7da241f8 <unknown>
#16 0x55fa7da243d6 <unknown>
#17 0x55fa7da355e6 <unknown>
#18 0x7f0b77a9caa4 <unknown>
#19 0x7f0b77b29c3c <unknown>

2025-08-02 17:28:42,290 - INFO - 🎯 [24/73] Applying to: IAM Solution Architect - LINK: https://www.dice.com/job-detail/7188ec4b-7e00-408f-916b-fcd22f8264d1
2025-08-02 17:29:01,776 - ERROR -    ❌ Cannot click apply button: Message: 
Stacktrace:
#0 0x55fa7da362ca <unknown>
#1 0x55fa7d4dd550 <unknown>
#2 0x55fa7d52f0f0 <unknown>
#3 0x55fa7d52f2e1 <unknown>
#4 0x55fa7d57d5e4 <unknown>
#5 0x55fa7d554bed <unknown>
#6 0x55fa7d57a9e6 <unknown>
#7 0x55fa7d554993 <unknown>
#8 0x55fa7d520d6b <unknown>
#9 0x55fa7d522141 <unknown>
#10 0x55fa7d9fb2ab <unknown>
#11 0x55fa7d9ff0b9 <unknown>
#12 0x55fa7d9e2139 <unknown>
#13 0x55fa7d9ffc68 <unknown>
#14 0x55fa7d9c660f <unknown>
#15 0x55fa7da241f8 <unknown>
#16 0x55fa7da243d6 <unknown>
#17 0x55fa7da355e6 <unknown>
#18 0x7f0b77a9caa4 <unknown>
#19 0x7f0b77b29c3c <unknown>

2025-08-02 17:29:13,523 - INFO - 🎯 [25/73] Applying to: Data Pipeline/ Migration Engineer - LINK: https://www.dice.com/job-detail/81e4d246-0f2f-4026-9118-a6486831ee08
2025-08-02 17:29:30,295 - INFO -    ✅ Successfully applied!
2025-08-02 17:29:38,430 - INFO - 🎯 [26/73] Applying to: .NET Developer - LINK: https://www.dice.com/job-detail/d2598f1c-6730-400c-834a-f79a8240d311
2025-08-02 17:29:56,382 - INFO -    ✅ Successfully applied!
2025-08-02 17:30:06,191 - INFO - 🎯 [27/73] Applying to: REMOTE - Senior Conversational AI Designer - LINK: https://www.dice.com/job-detail/f8302326-959f-49b8-96c7-5f8eab124668
2025-08-02 17:30:25,153 - ERROR -    ❌ Cannot click apply button: Message: 
Stacktrace:
#0 0x55fa7da362ca <unknown>
#1 0x55fa7d4dd550 <unknown>
#2 0x55fa7d52f0f0 <unknown>
#3 0x55fa7d52f2e1 <unknown>
#4 0x55fa7d57d5e4 <unknown>
#5 0x55fa7d554bed <unknown>
#6 0x55fa7d57a9e6 <unknown>
#7 0x55fa7d554993 <unknown>
#8 0x55fa7d520d6b <unknown>
#9 0x55fa7d522141 <unknown>
#10 0x55fa7d9fb2ab <unknown>
#11 0x55fa7d9ff0b9 <unknown>
#12 0x55fa7d9e2139 <unknown>
#13 0x55fa7d9ffc68 <unknown>
#14 0x55fa7d9c660f <unknown>
#15 0x55fa7da241f8 <unknown>
#16 0x55fa7da243d6 <unknown>
#17 0x55fa7da355e6 <unknown>
#18 0x7f0b77a9caa4 <unknown>
#19 0x7f0b77b29c3c <unknown>

2025-08-02 17:30:34,853 - INFO - 🎯 [28/73] Applying to: Data Warehouse Architect w/ AI & R Python - LINK: https://www.dice.com/job-detail/29fc7512-bc78-4dae-bc8a-91afe5e2b756
2025-08-02 17:30:53,882 - INFO -    ✅ Successfully applied!
2025-08-02 17:31:04,465 - INFO - 🎯 [29/73] Applying to: Enterprise Solution Architect - AI & Automation - LINK: https://www.dice.com/job-detail/b012e79a-afe3-4b98-abc9-b6a7ddc81be9
2025-08-02 17:31:20,936 - INFO -    ✅ Successfully applied!
2025-08-02 17:31:29,899 - INFO - 🎯 [30/73] Applying to: Mobile App Development Lead & Architect - LINK: https://www.dice.com/job-detail/7a2772f3-f7de-4fa8-be1f-0ae9cf5c0faf
2025-08-02 17:31:47,204 - INFO -    ✅ Successfully applied!
2025-08-02 17:31:56,796 - INFO - 🎯 [31/73] Applying to: Senior Software Developer - LINK: https://www.dice.com/job-detail/aa45a0a6-11dd-4f8c-9082-55f77798884f
2025-08-02 17:32:14,110 - INFO -    ✅ Successfully applied!
2025-08-02 17:32:26,283 - INFO - 🎯 [32/73] Applying to: .NET Developer - LINK: https://www.dice.com/job-detail/edb64d91-b51d-4cc6-b6bb-72bd32065cb8
2025-08-02 17:32:46,276 - ERROR -    ❌ Cannot click apply button: Message: 
Stacktrace:
#0 0x55fa7da362ca <unknown>
#1 0x55fa7d4dd550 <unknown>
#2 0x55fa7d52f0f0 <unknown>
#3 0x55fa7d52f2e1 <unknown>
#4 0x55fa7d57d5e4 <unknown>
#5 0x55fa7d554bed <unknown>
#6 0x55fa7d57a9e6 <unknown>
#7 0x55fa7d554993 <unknown>
#8 0x55fa7d520d6b <unknown>
#9 0x55fa7d522141 <unknown>
#10 0x55fa7d9fb2ab <unknown>
#11 0x55fa7d9ff0b9 <unknown>
#12 0x55fa7d9e2139 <unknown>
#13 0x55fa7d9ffc68 <unknown>
#14 0x55fa7d9c660f <unknown>
#15 0x55fa7da241f8 <unknown>
#16 0x55fa7da243d6 <unknown>
#17 0x55fa7da355e6 <unknown>
#18 0x7f0b77a9caa4 <unknown>
#19 0x7f0b77b29c3c <unknown>

2025-08-02 17:32:57,104 - INFO - 🎯 [33/73] Applying to: Staff Engineer (AWS Connect) @ Englewood, CO (Onsite) - LINK: https://www.dice.com/job-detail/b6692652-cb09-4b38-8e7d-5ef93ff19b62
2025-08-02 17:33:13,859 - INFO -    ✅ Successfully applied!
2025-08-02 17:33:26,224 - INFO - 🎯 [34/73] Applying to: AI Integration Architect (Salesforce) - LINK: https://www.dice.com/job-detail/6f101775-97df-42d4-851c-c68030a8c61b
2025-08-02 17:33:45,196 - ERROR -    ❌ Cannot click apply button: Message: 
Stacktrace:
#0 0x55fa7da362ca <unknown>
#1 0x55fa7d4dd550 <unknown>
#2 0x55fa7d52f0f0 <unknown>
#3 0x55fa7d52f2e1 <unknown>
#4 0x55fa7d57d5e4 <unknown>
#5 0x55fa7d554bed <unknown>
#6 0x55fa7d57a9e6 <unknown>
#7 0x55fa7d554993 <unknown>
#8 0x55fa7d520d6b <unknown>
#9 0x55fa7d522141 <unknown>
#10 0x55fa7d9fb2ab <unknown>
#11 0x55fa7d9ff0b9 <unknown>
#12 0x55fa7d9e2139 <unknown>
#13 0x55fa7d9ffc68 <unknown>
#14 0x55fa7d9c660f <unknown>
#15 0x55fa7da241f8 <unknown>
#16 0x55fa7da243d6 <unknown>
#17 0x55fa7da355e6 <unknown>
#18 0x7f0b77a9caa4 <unknown>
#19 0x7f0b77b29c3c <unknown>

2025-08-02 17:33:53,828 - INFO - 🎯 [35/73] Applying to: QA Analyst - LINK: https://www.dice.com/job-detail/3f522ddb-3dfc-4eee-bdc0-47939d0ae85e
2025-08-02 17:34:13,626 - ERROR -    ❌ Cannot click apply button: Message: 
Stacktrace:
#0 0x55fa7da362ca <unknown>
#1 0x55fa7d4dd550 <unknown>
#2 0x55fa7d52f0f0 <unknown>
#3 0x55fa7d52f2e1 <unknown>
#4 0x55fa7d57d5e4 <unknown>
#5 0x55fa7d554bed <unknown>
#6 0x55fa7d57a9e6 <unknown>
#7 0x55fa7d554993 <unknown>
#8 0x55fa7d520d6b <unknown>
#9 0x55fa7d522141 <unknown>
#10 0x55fa7d9fb2ab <unknown>
#11 0x55fa7d9ff0b9 <unknown>
#12 0x55fa7d9e2139 <unknown>
#13 0x55fa7d9ffc68 <unknown>
#14 0x55fa7d9c660f <unknown>
#15 0x55fa7da241f8 <unknown>
#16 0x55fa7da243d6 <unknown>
#17 0x55fa7da355e6 <unknown>
#18 0x7f0b77a9caa4 <unknown>
#19 0x7f0b77b29c3c <unknown>

2025-08-02 17:34:23,908 - INFO - 🎯 [36/73] Applying to: Azure Solution Architect - LINK: https://www.dice.com/job-detail/191470d6-1276-4e12-81b4-d89a48a71ac5
2025-08-02 17:34:45,293 - ERROR -    ❌ Cannot click apply button: Message: 
Stacktrace:
#0 0x55fa7da362ca <unknown>
#1 0x55fa7d4dd550 <unknown>
#2 0x55fa7d52f0f0 <unknown>
#3 0x55fa7d52f2e1 <unknown>
#4 0x55fa7d57d5e4 <unknown>
#5 0x55fa7d554bed <unknown>
#6 0x55fa7d57a9e6 <unknown>
#7 0x55fa7d554993 <unknown>
#8 0x55fa7d520d6b <unknown>
#9 0x55fa7d522141 <unknown>
#10 0x55fa7d9fb2ab <unknown>
#11 0x55fa7d9ff0b9 <unknown>
#12 0x55fa7d9e2139 <unknown>
#13 0x55fa7d9ffc68 <unknown>
#14 0x55fa7d9c660f <unknown>
#15 0x55fa7da241f8 <unknown>
#16 0x55fa7da243d6 <unknown>
#17 0x55fa7da355e6 <unknown>
#18 0x7f0b77a9caa4 <unknown>
#19 0x7f0b77b29c3c <unknown>

2025-08-02 17:34:56,714 - INFO - 🎯 [37/73] Applying to: Project Engineer - LINK: https://www.dice.com/job-detail/cf9e4057-7369-42c6-b505-6fe95199a7a5
2025-08-02 17:35:14,310 - INFO -    ✅ Successfully applied!
2025-08-02 17:35:26,091 - INFO - 🎯 [38/73] Applying to: Sr. Data Solutions Engineer at Raleigh, NC - LINK: https://www.dice.com/job-detail/7852959d-3424-4131-b2f2-87c52d0e9a25
2025-08-02 17:35:43,770 - INFO -    ✅ Successfully applied!
2025-08-02 17:35:54,943 - INFO - 🎯 [39/73] Applying to: Dataiku Engineer - LINK: https://www.dice.com/job-detail/2812566a-0d21-423c-8d13-84d0136dba12
2025-08-02 17:36:13,236 - ERROR -    ❌ Cannot click apply button: Message: 
Stacktrace:
#0 0x55fa7da362ca <unknown>
#1 0x55fa7d4dd550 <unknown>
#2 0x55fa7d52f0f0 <unknown>
#3 0x55fa7d52f2e1 <unknown>
#4 0x55fa7d57d5e4 <unknown>
#5 0x55fa7d554bed <unknown>
#6 0x55fa7d57a9e6 <unknown>
#7 0x55fa7d554993 <unknown>
#8 0x55fa7d520d6b <unknown>
#9 0x55fa7d522141 <unknown>
#10 0x55fa7d9fb2ab <unknown>
#11 0x55fa7d9ff0b9 <unknown>
#12 0x55fa7d9e2139 <unknown>
#13 0x55fa7d9ffc68 <unknown>
#14 0x55fa7d9c660f <unknown>
#15 0x55fa7da241f8 <unknown>
#16 0x55fa7da243d6 <unknown>
#17 0x55fa7da355e6 <unknown>
#18 0x7f0b77a9caa4 <unknown>
#19 0x7f0b77b29c3c <unknown>

2025-08-02 17:36:23,224 - INFO - 🎯 [40/73] Applying to: ServiceNow Technical Architect - LINK: https://www.dice.com/job-detail/bdd072f7-a745-491f-9771-0bbd671cc8c1
2025-08-02 17:36:40,320 - INFO -    ✅ Successfully applied!
2025-08-02 17:36:49,729 - INFO - 🎯 [41/73] Applying to: Java Lead Developer - LINK: https://www.dice.com/job-detail/53d64688-7879-4482-a98f-40e0ea21a9fe
2025-08-02 17:37:08,484 - INFO -    ✅ Successfully applied!
2025-08-02 17:37:14,692 - INFO - 🎯 [42/73] Applying to: Clojure Developer - LINK: https://www.dice.com/job-detail/ccf8c789-a05a-4dd7-ba68-ff7892f55328
2025-08-02 17:37:33,716 - ERROR -    ❌ Cannot click apply button: Message: 
Stacktrace:
#0 0x55fa7da362ca <unknown>
#1 0x55fa7d4dd550 <unknown>
#2 0x55fa7d52f0f0 <unknown>
#3 0x55fa7d52f2e1 <unknown>
#4 0x55fa7d57d5e4 <unknown>
#5 0x55fa7d554bed <unknown>
#6 0x55fa7d57a9e6 <unknown>
#7 0x55fa7d554993 <unknown>
#8 0x55fa7d520d6b <unknown>
#9 0x55fa7d522141 <unknown>
#10 0x55fa7d9fb2ab <unknown>
#11 0x55fa7d9ff0b9 <unknown>
#12 0x55fa7d9e2139 <unknown>
#13 0x55fa7d9ffc68 <unknown>
#14 0x55fa7d9c660f <unknown>
#15 0x55fa7da241f8 <unknown>
#16 0x55fa7da243d6 <unknown>
#17 0x55fa7da355e6 <unknown>
#18 0x7f0b77a9caa4 <unknown>
#19 0x7f0b77b29c3c <unknown>

2025-08-02 17:37:43,350 - INFO - 🎯 [43/73] Applying to: Full-Stack Engineer / .NET and React / On-Site / Wheaton, IL - LINK: https://www.dice.com/job-detail/4187406e-8557-47db-b798-1467040e9027
2025-08-02 17:38:00,018 - INFO -    ✅ Successfully applied!
2025-08-02 17:38:11,992 - INFO - 🎯 [44/73] Applying to: Senior Business Developer Manager - LINK: https://www.dice.com/job-detail/333736b5-d4bf-4f13-8723-d17da237434c
2025-08-02 17:38:31,247 - ERROR -    ❌ Cannot click apply button: Message: 
Stacktrace:
#0 0x55fa7da362ca <unknown>
#1 0x55fa7d4dd550 <unknown>
#2 0x55fa7d52f0f0 <unknown>
#3 0x55fa7d52f2e1 <unknown>
#4 0x55fa7d57d5e4 <unknown>
#5 0x55fa7d554bed <unknown>
#6 0x55fa7d57a9e6 <unknown>
#7 0x55fa7d554993 <unknown>
#8 0x55fa7d520d6b <unknown>
#9 0x55fa7d522141 <unknown>
#10 0x55fa7d9fb2ab <unknown>
#11 0x55fa7d9ff0b9 <unknown>
#12 0x55fa7d9e2139 <unknown>
#13 0x55fa7d9ffc68 <unknown>
#14 0x55fa7d9c660f <unknown>
#15 0x55fa7da241f8 <unknown>
#16 0x55fa7da243d6 <unknown>
#17 0x55fa7da355e6 <unknown>
#18 0x7f0b77a9caa4 <unknown>
#19 0x7f0b77b29c3c <unknown>

2025-08-02 17:38:40,535 - INFO - 🎯 [45/73] Applying to: Senior Databricks Consultant (Capital Markets Focus) - LINK: https://www.dice.com/job-detail/53943f50-4cd9-4bb3-9cb2-373a164f1693
2025-08-02 17:38:53,217 - INFO -    ✅ Successfully applied!
2025-08-02 17:39:03,738 - INFO - 🎯 [46/73] Applying to: Sr. Java Engineer 3 - LINK: https://www.dice.com/job-detail/b167aef6-68e8-418c-b2ad-dc740f1ff936
2025-08-02 17:39:18,919 - INFO -    ✅ Successfully applied!
2025-08-02 17:39:29,015 - INFO - 🎯 [47/73] Applying to: Computer and Information Systems Manager - LINK: https://www.dice.com/job-detail/d0d1019e-4bde-4621-87a3-bdfc446d3964
2025-08-02 17:39:44,416 - INFO -    ✅ Successfully applied!
2025-08-02 17:39:52,051 - INFO - 🎯 [48/73] Applying to: Network Security Engineer || Phoenix, AZ (Onsite) - LINK: https://www.dice.com/job-detail/47e6eaa0-bba0-4387-96df-6e7d1dedf5a5
2025-08-02 17:40:09,570 - ERROR -    ❌ Cannot click apply button: Message: 
Stacktrace:
#0 0x55fa7da362ca <unknown>
#1 0x55fa7d4dd550 <unknown>
#2 0x55fa7d52f0f0 <unknown>
#3 0x55fa7d52f2e1 <unknown>
#4 0x55fa7d57d5e4 <unknown>
#5 0x55fa7d554bed <unknown>
#6 0x55fa7d57a9e6 <unknown>
#7 0x55fa7d554993 <unknown>
#8 0x55fa7d520d6b <unknown>
#9 0x55fa7d522141 <unknown>
#10 0x55fa7d9fb2ab <unknown>
#11 0x55fa7d9ff0b9 <unknown>
#12 0x55fa7d9e2139 <unknown>
#13 0x55fa7d9ffc68 <unknown>
#14 0x55fa7d9c660f <unknown>
#15 0x55fa7da241f8 <unknown>
#16 0x55fa7da243d6 <unknown>
#17 0x55fa7da355e6 <unknown>
#18 0x7f0b77a9caa4 <unknown>
#19 0x7f0b77b29c3c <unknown>

2025-08-02 17:40:21,246 - INFO - 🎯 [49/73] Applying to: Software Engineer - Distributed Systems - LINK: https://www.dice.com/job-detail/442fe80c-a019-4037-8560-cd1a48a5be09
2025-08-02 17:40:40,324 - ERROR -    ❌ Cannot click apply button: Message: 
Stacktrace:
#0 0x55fa7da362ca <unknown>
#1 0x55fa7d4dd550 <unknown>
#2 0x55fa7d52f0f0 <unknown>
#3 0x55fa7d52f2e1 <unknown>
#4 0x55fa7d57d5e4 <unknown>
#5 0x55fa7d554bed <unknown>
#6 0x55fa7d57a9e6 <unknown>
#7 0x55fa7d554993 <unknown>
#8 0x55fa7d520d6b <unknown>
#9 0x55fa7d522141 <unknown>
#10 0x55fa7d9fb2ab <unknown>
#11 0x55fa7d9ff0b9 <unknown>
#12 0x55fa7d9e2139 <unknown>
#13 0x55fa7d9ffc68 <unknown>
#14 0x55fa7d9c660f <unknown>
#15 0x55fa7da241f8 <unknown>
#16 0x55fa7da243d6 <unknown>
#17 0x55fa7da355e6 <unknown>
#18 0x7f0b77a9caa4 <unknown>
#19 0x7f0b77b29c3c <unknown>

2025-08-02 17:40:51,544 - INFO - 🎯 [50/73] Applying to: SDET / .NET / Azure / Automation Framework / Hybrid / Atlanta - LINK: https://www.dice.com/job-detail/b1e284a7-a3a5-4a21-b00a-bb1b28fdab8e
2025-08-02 17:41:08,130 - INFO -    ✅ Successfully applied!
2025-08-02 17:41:19,687 - INFO - 🎯 [51/73] Applying to: Power Platform Engineer - REMOTE - (Contract - W2) - LINK: https://www.dice.com/job-detail/dcc440de-61b2-438b-bfc4-32ab4ccd8526
2025-08-02 17:41:38,678 - ERROR -    ❌ Cannot click apply button: Message: 
Stacktrace:
#0 0x55fa7da362ca <unknown>
#1 0x55fa7d4dd550 <unknown>
#2 0x55fa7d52f0f0 <unknown>
#3 0x55fa7d52f2e1 <unknown>
#4 0x55fa7d57d5e4 <unknown>
#5 0x55fa7d554bed <unknown>
#6 0x55fa7d57a9e6 <unknown>
#7 0x55fa7d554993 <unknown>
#8 0x55fa7d520d6b <unknown>
#9 0x55fa7d522141 <unknown>
#10 0x55fa7d9fb2ab <unknown>
#11 0x55fa7d9ff0b9 <unknown>
#12 0x55fa7d9e2139 <unknown>
#13 0x55fa7d9ffc68 <unknown>
#14 0x55fa7d9c660f <unknown>
#15 0x55fa7da241f8 <unknown>
#16 0x55fa7da243d6 <unknown>
#17 0x55fa7da355e6 <unknown>
#18 0x7f0b77a9caa4 <unknown>
#19 0x7f0b77b29c3c <unknown>

2025-08-02 17:41:49,681 - INFO - 🎯 [52/73] Applying to: ServiceNow Developer - LINK: https://www.dice.com/job-detail/abfa934c-4814-46d0-a2f0-04017bf5ac91
2025-08-02 17:42:08,933 - ERROR -    ❌ Cannot click apply button: Message: 
Stacktrace:
#0 0x55fa7da362ca <unknown>
#1 0x55fa7d4dd550 <unknown>
#2 0x55fa7d52f0f0 <unknown>
#3 0x55fa7d52f2e1 <unknown>
#4 0x55fa7d57d5e4 <unknown>
#5 0x55fa7d554bed <unknown>
#6 0x55fa7d57a9e6 <unknown>
#7 0x55fa7d554993 <unknown>
#8 0x55fa7d520d6b <unknown>
#9 0x55fa7d522141 <unknown>
#10 0x55fa7d9fb2ab <unknown>
#11 0x55fa7d9ff0b9 <unknown>
#12 0x55fa7d9e2139 <unknown>
#13 0x55fa7d9ffc68 <unknown>
#14 0x55fa7d9c660f <unknown>
#15 0x55fa7da241f8 <unknown>
#16 0x55fa7da243d6 <unknown>
#17 0x55fa7da355e6 <unknown>
#18 0x7f0b77a9caa4 <unknown>
#19 0x7f0b77b29c3c <unknown>

2025-08-02 17:42:15,403 - INFO - 🎯 [53/73] Applying to: Pyspark Developer (W2 only) - LINK: https://www.dice.com/job-detail/1fc24d8d-feec-4ec8-a8a6-cad9f11a37e5
2025-08-02 17:42:34,848 - ERROR -    ❌ Cannot click apply button: Message: 
Stacktrace:
#0 0x55fa7da362ca <unknown>
#1 0x55fa7d4dd550 <unknown>
#2 0x55fa7d52f0f0 <unknown>
#3 0x55fa7d52f2e1 <unknown>
#4 0x55fa7d57d5e4 <unknown>
#5 0x55fa7d554bed <unknown>
#6 0x55fa7d57a9e6 <unknown>
#7 0x55fa7d554993 <unknown>
#8 0x55fa7d520d6b <unknown>
#9 0x55fa7d522141 <unknown>
#10 0x55fa7d9fb2ab <unknown>
#11 0x55fa7d9ff0b9 <unknown>
#12 0x55fa7d9e2139 <unknown>
#13 0x55fa7d9ffc68 <unknown>
#14 0x55fa7d9c660f <unknown>
#15 0x55fa7da241f8 <unknown>
#16 0x55fa7da243d6 <unknown>
#17 0x55fa7da355e6 <unknown>
#18 0x7f0b77a9caa4 <unknown>
#19 0x7f0b77b29c3c <unknown>

2025-08-02 17:42:47,469 - INFO - 🎯 [54/73] Applying to: Azure Devops Engineer - Vienna, VA/ Edison, NJ - LINK: https://www.dice.com/job-detail/a04afd74-5190-42d2-a539-093996ac851e
2025-08-02 17:43:07,081 - ERROR -    ❌ Cannot click apply button: Message: 
Stacktrace:
#0 0x55fa7da362ca <unknown>
#1 0x55fa7d4dd550 <unknown>
#2 0x55fa7d52f0f0 <unknown>
#3 0x55fa7d52f2e1 <unknown>
#4 0x55fa7d57d5e4 <unknown>
#5 0x55fa7d554bed <unknown>
#6 0x55fa7d57a9e6 <unknown>
#7 0x55fa7d554993 <unknown>
#8 0x55fa7d520d6b <unknown>
#9 0x55fa7d522141 <unknown>
#10 0x55fa7d9fb2ab <unknown>
#11 0x55fa7d9ff0b9 <unknown>
#12 0x55fa7d9e2139 <unknown>
#13 0x55fa7d9ffc68 <unknown>
#14 0x55fa7d9c660f <unknown>
#15 0x55fa7da241f8 <unknown>
#16 0x55fa7da243d6 <unknown>
#17 0x55fa7da355e6 <unknown>
#18 0x7f0b77a9caa4 <unknown>
#19 0x7f0b77b29c3c <unknown>

2025-08-02 17:43:18,690 - INFO - 🎯 [55/73] Applying to: Senior Business Analyst - LINK: https://www.dice.com/job-detail/5ad0785d-2a65-4b51-b3f1-4c912c278551
2025-08-02 17:43:36,845 - INFO -    ✅ Successfully applied!
2025-08-02 17:43:45,716 - INFO - 🎯 [56/73] Applying to: Job Title: Backend Java Developer (Ex Apple/ Walmart/ TCS/ Google. )W2 - LINK: https://www.dice.com/job-detail/4e94d863-f856-46f6-84c3-7a8cef358f35
2025-08-02 17:44:00,333 - INFO -    ✅ Successfully applied!
2025-08-02 17:44:07,886 - INFO - 🎯 [57/73] Applying to: BackFill - DataScientist - Visa Independent - LINK: https://www.dice.com/job-detail/2019a95f-0891-4bba-9f42-897372ca0513
2025-08-02 17:44:27,175 - ERROR -    ❌ Cannot click apply button: Message: 
Stacktrace:
#0 0x55fa7da362ca <unknown>
#1 0x55fa7d4dd550 <unknown>
#2 0x55fa7d52f0f0 <unknown>
#3 0x55fa7d52f2e1 <unknown>
#4 0x55fa7d57d5e4 <unknown>
#5 0x55fa7d554bed <unknown>
#6 0x55fa7d57a9e6 <unknown>
#7 0x55fa7d554993 <unknown>
#8 0x55fa7d520d6b <unknown>
#9 0x55fa7d522141 <unknown>
#10 0x55fa7d9fb2ab <unknown>
#11 0x55fa7d9ff0b9 <unknown>
#12 0x55fa7d9e2139 <unknown>
#13 0x55fa7d9ffc68 <unknown>
#14 0x55fa7d9c660f <unknown>
#15 0x55fa7da241f8 <unknown>
#16 0x55fa7da243d6 <unknown>
#17 0x55fa7da355e6 <unknown>
#18 0x7f0b77a9caa4 <unknown>
#19 0x7f0b77b29c3c <unknown>

2025-08-02 17:44:40,303 - INFO - 🎯 [58/73] Applying to: Network Monitoring Tools Administrator | AKIPS, Spectrum & Sate Seeker Specialist - LINK: https://www.dice.com/job-detail/6fabae1a-3988-46c7-bd9f-231d839d1792
2025-08-02 17:44:57,474 - INFO -    ✅ Successfully applied!
2025-08-02 17:45:08,344 - INFO - 🎯 [59/73] Applying to: Cloud Solutions Architect - LINK: https://www.dice.com/job-detail/37a56407-fc0f-47c4-bde9-ab4d4ba2f251
2025-08-02 17:45:25,175 - INFO -    ✅ Successfully applied!
2025-08-02 17:45:33,543 - INFO - 🎯 [60/73] Applying to: AWS Sagemaker - LINK: https://www.dice.com/job-detail/eccfe96b-32da-4822-8416-5bc4748b0e55
2025-08-02 17:45:50,107 - INFO -    ✅ Successfully applied!
2025-08-02 17:45:58,859 - INFO - 🎯 [61/73] Applying to: Senior Principal Oracle Retail P2P Consultant - LINK: https://www.dice.com/job-detail/b9086d3b-751a-47cd-ae9f-b780e136f627
2025-08-02 17:46:16,581 - INFO -    ✅ Successfully applied!
2025-08-02 17:46:26,346 - INFO - 🎯 [62/73] Applying to: Capital Markets Business Analyst with strong exp. With SQL. (ONLY LOCAL TO New York , NJ, NC) - LINK: https://www.dice.com/job-detail/06289c34-549c-47bb-9989-fb5b6aea1300
2025-08-02 17:46:44,294 - INFO -    ✅ Successfully applied!
2025-08-02 17:46:57,214 - INFO - 🎯 [63/73] Applying to: Data Solution Architect - LINK: https://www.dice.com/job-detail/8ee53cd9-4021-45e3-8068-dcc903859163
2025-08-02 17:47:17,211 - ERROR -    ❌ Cannot click apply button: Message: 
Stacktrace:
#0 0x55fa7da362ca <unknown>
#1 0x55fa7d4dd550 <unknown>
#2 0x55fa7d52f0f0 <unknown>
#3 0x55fa7d52f2e1 <unknown>
#4 0x55fa7d57d5e4 <unknown>
#5 0x55fa7d554bed <unknown>
#6 0x55fa7d57a9e6 <unknown>
#7 0x55fa7d554993 <unknown>
#8 0x55fa7d520d6b <unknown>
#9 0x55fa7d522141 <unknown>
#10 0x55fa7d9fb2ab <unknown>
#11 0x55fa7d9ff0b9 <unknown>
#12 0x55fa7d9e2139 <unknown>
#13 0x55fa7d9ffc68 <unknown>
#14 0x55fa7d9c660f <unknown>
#15 0x55fa7da241f8 <unknown>
#16 0x55fa7da243d6 <unknown>
#17 0x55fa7da355e6 <unknown>
#18 0x7f0b77a9caa4 <unknown>
#19 0x7f0b77b29c3c <unknown>

2025-08-02 17:47:27,600 - INFO - 🎯 [64/73] Applying to: Mainframe IMS DB2 Developer Onsite Role - TX/DE - LINK: https://www.dice.com/job-detail/ec96a320-c7c7-4cbb-824b-ff722dc28834
2025-08-02 17:47:46,607 - ERROR -    ❌ Cannot click apply button: Message: 
Stacktrace:
#0 0x55fa7da362ca <unknown>
#1 0x55fa7d4dd550 <unknown>
#2 0x55fa7d52f0f0 <unknown>
#3 0x55fa7d52f2e1 <unknown>
#4 0x55fa7d57d5e4 <unknown>
#5 0x55fa7d554bed <unknown>
#6 0x55fa7d57a9e6 <unknown>
#7 0x55fa7d554993 <unknown>
#8 0x55fa7d520d6b <unknown>
#9 0x55fa7d522141 <unknown>
#10 0x55fa7d9fb2ab <unknown>
#11 0x55fa7d9ff0b9 <unknown>
#12 0x55fa7d9e2139 <unknown>
#13 0x55fa7d9ffc68 <unknown>
#14 0x55fa7d9c660f <unknown>
#15 0x55fa7da241f8 <unknown>
#16 0x55fa7da243d6 <unknown>
#17 0x55fa7da355e6 <unknown>
#18 0x7f0b77a9caa4 <unknown>
#19 0x7f0b77b29c3c <unknown>

2025-08-02 17:47:55,819 - INFO - 🎯 [65/73] Applying to: Senior Product Manager - Data & Analytics - LINK: https://www.dice.com/job-detail/de3ec0dc-d9b7-4322-8c59-5b5af6086996
2025-08-02 17:48:09,022 - INFO -    ✅ Successfully applied!
2025-08-02 17:48:16,506 - INFO - 🎯 [66/73] Applying to: ServiceNow HRSD Consultant - LINK: https://www.dice.com/job-detail/fdeac26b-c605-49e0-8631-278334bada0c
2025-08-02 17:48:31,784 - INFO -    ✅ Successfully applied!
2025-08-02 17:48:43,973 - INFO - 🎯 [67/73] Applying to: Archer GRC Platform Engineer III - LINK: https://www.dice.com/job-detail/088610e6-6e02-4428-83dd-38f1f1f591c3
2025-08-02 17:49:00,548 - INFO -    ✅ Successfully applied!
2025-08-02 17:49:10,014 - INFO - 🎯 [68/73] Applying to: Technical Business Analyst (Remote - Only W2) - LINK: https://www.dice.com/job-detail/412479de-aad9-4866-89ac-5a1b24422d46
2025-08-02 17:49:26,786 - INFO -    ✅ Successfully applied!
2025-08-02 17:49:35,595 - INFO - 🎯 [69/73] Applying to: Software Engineer - LINK: https://www.dice.com/job-detail/c68a8eba-af73-42d8-8302-3da5ace9d2d2
2025-08-02 17:49:54,983 - ERROR -    ❌ Cannot click apply button: Message: 
Stacktrace:
#0 0x55fa7da362ca <unknown>
#1 0x55fa7d4dd550 <unknown>
#2 0x55fa7d52f0f0 <unknown>
#3 0x55fa7d52f2e1 <unknown>
#4 0x55fa7d57d5e4 <unknown>
#5 0x55fa7d554bed <unknown>
#6 0x55fa7d57a9e6 <unknown>
#7 0x55fa7d554993 <unknown>
#8 0x55fa7d520d6b <unknown>
#9 0x55fa7d522141 <unknown>
#10 0x55fa7d9fb2ab <unknown>
#11 0x55fa7d9ff0b9 <unknown>
#12 0x55fa7d9e2139 <unknown>
#13 0x55fa7d9ffc68 <unknown>
#14 0x55fa7d9c660f <unknown>
#15 0x55fa7da241f8 <unknown>
#16 0x55fa7da243d6 <unknown>
#17 0x55fa7da355e6 <unknown>
#18 0x7f0b77a9caa4 <unknown>
#19 0x7f0b77b29c3c <unknown>

2025-08-02 17:50:05,039 - INFO - 🎯 [70/73] Applying to: Emergency Communications Engineer - LINK: https://www.dice.com/job-detail/ab2acafc-1219-4e95-ab44-a0c8b8eb8f64
2025-08-02 17:50:20,534 - INFO -    ✅ Successfully applied!
2025-08-02 17:50:29,505 - INFO - 🎯 [71/73] Applying to: Quality Engineer/SDET - Nexa - U.S. Citizen - This role sits within Optum Serves Technology Product organization - LINK: https://www.dice.com/job-detail/4204b670-9c4e-4cb1-a83a-0d454311c1ff
2025-08-02 17:50:48,278 - ERROR -    ❌ Cannot click apply button: Message: 
Stacktrace:
#0 0x55fa7da362ca <unknown>
#1 0x55fa7d4dd550 <unknown>
#2 0x55fa7d52f0f0 <unknown>
#3 0x55fa7d52f2e1 <unknown>
#4 0x55fa7d57d5e4 <unknown>
#5 0x55fa7d554bed <unknown>
#6 0x55fa7d57a9e6 <unknown>
#7 0x55fa7d554993 <unknown>
#8 0x55fa7d520d6b <unknown>
#9 0x55fa7d522141 <unknown>
#10 0x55fa7d9fb2ab <unknown>
#11 0x55fa7d9ff0b9 <unknown>
#12 0x55fa7d9e2139 <unknown>
#13 0x55fa7d9ffc68 <unknown>
#14 0x55fa7d9c660f <unknown>
#15 0x55fa7da241f8 <unknown>
#16 0x55fa7da243d6 <unknown>
#17 0x55fa7da355e6 <unknown>
#18 0x7f0b77a9caa4 <unknown>
#19 0x7f0b77b29c3c <unknown>

2025-08-02 17:50:58,169 - INFO - 🎯 [72/73] Applying to: OpenText Full Stack Developer - LINK: https://www.dice.com/job-detail/b00585ae-8681-491e-8523-433e3dd0c686
2025-08-02 17:51:16,232 - INFO -    ✅ Successfully applied!
2025-08-02 17:51:27,696 - INFO - 🎯 [73/73] Applying to: MedNet Software Engineer (USC) - LINK: https://www.dice.com/job-detail/c516aeec-2c4d-468d-9a51-9a54b878e6c1
2025-08-02 17:51:43,546 - INFO -    ✅ Successfully applied!
2025-08-02 17:51:48,006 - INFO - 📊 Processing results...
2025-08-02 17:51:48,063 - INFO - 🎉 Application run completed!
2025-08-02 17:51:48,063 - INFO -    ✅ Newly applied: 44
2025-08-02 17:51:48,063 - INFO -    ⏭️  Already applied: 0
2025-08-02 17:51:48,063 - INFO -    ❌ Failed: 29
2025-08-02 17:51:48,064 - INFO -    📊 Total processed: 73
2025-08-02 17:51:48,064 - INFO -    📁 Total jobs in CSV: 4459
2025-08-02 17:51:48,064 - INFO -    💾 Updated: output/final_ml_jobs.csv
2025-08-02 17:51:48,064 - INFO - 🔧 Closing browser...
