2025-08-02 11:35:15,859 - INFO - 🚀 Starting stealth job application bot
2025-08-02 11:35:23,925 - INFO - 📂 Loading jobs from output/final_ml_jobs.csv
2025-08-02 11:35:23,958 - INFO -    📊 Total jobs in file: 4456
2025-08-02 11:35:23,962 - INFO -    🎯 Easy Apply jobs: 4456
2025-08-02 11:35:23,964 - INFO -    ⏳ Jobs to process: 2915 (status: pending)
2025-08-02 11:35:23,964 - INFO - 🎲 Will attempt 87 applications this run (target: 87)
2025-08-02 11:35:23,964 - INFO - 🔑 Logging into Dice...
2025-08-02 11:35:27,081 - INFO - ✅ Login successful
2025-08-02 11:35:30,173 - INFO - 🔄 Starting job applications...
2025-08-02 11:35:30,173 - INFO - 🎯 [1/87] Applying to: Software Engineer II - LINK: https://www.dice.com/job-detail/b92f1e9a-4f3b-4c33-825f-e58f2d36253f
2025-08-02 11:35:46,699 - INFO -    ✅ Successfully applied!
2025-08-02 11:35:55,668 - INFO - 🎯 [2/87] Applying to: ServiceNow Developer (expertise in AI integration) - LINK: https://www.dice.com/job-detail/90f07f17-8b0c-4f9a-8282-0a05cabd80f8
2025-08-02 11:36:15,309 - ERROR -    ❌ Cannot click apply button: Message: 
Stacktrace:
#0 0x556946e862ca <unknown>
#1 0x55694692d550 <unknown>
#2 0x55694697f0f0 <unknown>
#3 0x55694697f2e1 <unknown>
#4 0x5569469cd5e4 <unknown>
#5 0x5569469a4bed <unknown>
#6 0x5569469ca9e6 <unknown>
#7 0x5569469a4993 <unknown>
#8 0x556946970d6b <unknown>
#9 0x556946972141 <unknown>
#10 0x556946e4b2ab <unknown>
#11 0x556946e4f0b9 <unknown>
#12 0x556946e32139 <unknown>
#13 0x556946e4fc68 <unknown>
#14 0x556946e1660f <unknown>
#15 0x556946e741f8 <unknown>
#16 0x556946e743d6 <unknown>
#17 0x556946e855e6 <unknown>
#18 0x7fea7f69caa4 <unknown>
#19 0x7fea7f729c3c <unknown>

2025-08-02 11:36:23,361 - INFO - 🎯 [3/87] Applying to: Senior AWS Cloud Engineer (AWS DMS) - LINK: https://www.dice.com/job-detail/b062c44f-292e-4c55-bf21-3434be7929e3
2025-08-02 11:36:42,193 - ERROR -    ❌ Cannot click apply button: Message: 
Stacktrace:
#0 0x556946e862ca <unknown>
#1 0x55694692d550 <unknown>
#2 0x55694697f0f0 <unknown>
#3 0x55694697f2e1 <unknown>
#4 0x5569469cd5e4 <unknown>
#5 0x5569469a4bed <unknown>
#6 0x5569469ca9e6 <unknown>
#7 0x5569469a4993 <unknown>
#8 0x556946970d6b <unknown>
#9 0x556946972141 <unknown>
#10 0x556946e4b2ab <unknown>
#11 0x556946e4f0b9 <unknown>
#12 0x556946e32139 <unknown>
#13 0x556946e4fc68 <unknown>
#14 0x556946e1660f <unknown>
#15 0x556946e741f8 <unknown>
#16 0x556946e743d6 <unknown>
#17 0x556946e855e6 <unknown>
#18 0x7fea7f69caa4 <unknown>
#19 0x7fea7f729c3c <unknown>

2025-08-02 11:36:52,821 - INFO - 🎯 [4/87] Applying to: Solution Architect - Cloud Product || Local to Berkeley Heights, NJ & Alpharetta, GA - LINK: https://www.dice.com/job-detail/fcf4b374-69b3-4205-8e16-68e32f6dc67b
2025-08-02 11:37:12,706 - ERROR -    ❌ Cannot click apply button: Message: 
Stacktrace:
#0 0x556946e862ca <unknown>
#1 0x55694692d550 <unknown>
#2 0x55694697f0f0 <unknown>
#3 0x55694697f2e1 <unknown>
#4 0x5569469cd5e4 <unknown>
#5 0x5569469a4bed <unknown>
#6 0x5569469ca9e6 <unknown>
#7 0x5569469a4993 <unknown>
#8 0x556946970d6b <unknown>
#9 0x556946972141 <unknown>
#10 0x556946e4b2ab <unknown>
#11 0x556946e4f0b9 <unknown>
#12 0x556946e32139 <unknown>
#13 0x556946e4fc68 <unknown>
#14 0x556946e1660f <unknown>
#15 0x556946e741f8 <unknown>
#16 0x556946e743d6 <unknown>
#17 0x556946e855e6 <unknown>
#18 0x7fea7f69caa4 <unknown>
#19 0x7fea7f729c3c <unknown>

2025-08-02 11:37:22,492 - INFO - 🎯 [5/87] Applying to: Embedded Engineer - LINK: https://www.dice.com/job-detail/88e3e4d3-4f64-42cc-855e-78f037c94de7
2025-08-02 11:37:38,247 - INFO -    ✅ Successfully applied!
2025-08-02 11:37:48,529 - INFO - 🎯 [6/87] Applying to: Enterprise Architect 3 - LINK: https://www.dice.com/job-detail/fa778764-4589-4e02-b90b-848360a5d027
2025-08-02 11:38:06,821 - ERROR -    ❌ Cannot click apply button: Message: 
Stacktrace:
#0 0x556946e862ca <unknown>
#1 0x55694692d550 <unknown>
#2 0x55694697f0f0 <unknown>
#3 0x55694697f2e1 <unknown>
#4 0x5569469cd5e4 <unknown>
#5 0x5569469a4bed <unknown>
#6 0x5569469ca9e6 <unknown>
#7 0x5569469a4993 <unknown>
#8 0x556946970d6b <unknown>
#9 0x556946972141 <unknown>
#10 0x556946e4b2ab <unknown>
#11 0x556946e4f0b9 <unknown>
#12 0x556946e32139 <unknown>
#13 0x556946e4fc68 <unknown>
#14 0x556946e1660f <unknown>
#15 0x556946e741f8 <unknown>
#16 0x556946e743d6 <unknown>
#17 0x556946e855e6 <unknown>
#18 0x7fea7f69caa4 <unknown>
#19 0x7fea7f729c3c <unknown>

2025-08-02 11:38:18,736 - INFO - 🎯 [7/87] Applying to: Cloud Architect - OpenShift SME - LINK: https://www.dice.com/job-detail/fd906b00-23d3-46e2-bbb0-10f3e2e4c4c8
2025-08-02 11:38:35,595 - INFO -    ✅ Successfully applied!
2025-08-02 11:38:45,470 - INFO - 🎯 [8/87] Applying to: Sr Fullstack JavaScript / Python Engineers - LINK: https://www.dice.com/job-detail/3b074a80-8115-40f8-93ca-e4914467c6a0
2025-08-02 11:38:59,672 - INFO -    ✅ Successfully applied!
2025-08-02 11:39:11,660 - INFO - 🎯 [9/87] Applying to: Middleware Operations Support || Westerville, OH / Phoenix, AZ(Onsite) - LINK: https://www.dice.com/job-detail/dc00e23c-5205-4ec3-b512-dcf73da5af1b
2025-08-02 11:39:31,174 - ERROR -    ❌ Cannot click apply button: Message: 
Stacktrace:
#0 0x556946e862ca <unknown>
#1 0x55694692d550 <unknown>
#2 0x55694697f0f0 <unknown>
#3 0x55694697f2e1 <unknown>
#4 0x5569469cd5e4 <unknown>
#5 0x5569469a4bed <unknown>
#6 0x5569469ca9e6 <unknown>
#7 0x5569469a4993 <unknown>
#8 0x556946970d6b <unknown>
#9 0x556946972141 <unknown>
#10 0x556946e4b2ab <unknown>
#11 0x556946e4f0b9 <unknown>
#12 0x556946e32139 <unknown>
#13 0x556946e4fc68 <unknown>
#14 0x556946e1660f <unknown>
#15 0x556946e741f8 <unknown>
#16 0x556946e743d6 <unknown>
#17 0x556946e855e6 <unknown>
#18 0x7fea7f69caa4 <unknown>
#19 0x7fea7f729c3c <unknown>

2025-08-02 11:39:42,334 - INFO - 🎯 [10/87] Applying to: Python/Angular Developer || Hybrid in Mclean, VA, Richmond, VA, or Plano, TX || Must work on our W2 - LINK: https://www.dice.com/job-detail/9f333be2-8674-4b69-a447-56b291c88f83
2025-08-02 11:39:58,226 - INFO -    ✅ Successfully applied!
2025-08-02 11:40:11,094 - INFO - 🎯 [11/87] Applying to: Watson Solutions Consultant/Watson Architect - LINK: https://www.dice.com/job-detail/8c7b73e9-3a28-43ac-8028-da3cce86c05e
2025-08-02 11:40:28,998 - ERROR -    ❌ Cannot click apply button: Message: 
Stacktrace:
#0 0x556946e862ca <unknown>
#1 0x55694692d550 <unknown>
#2 0x55694697f0f0 <unknown>
#3 0x55694697f2e1 <unknown>
#4 0x5569469cd5e4 <unknown>
#5 0x5569469a4bed <unknown>
#6 0x5569469ca9e6 <unknown>
#7 0x5569469a4993 <unknown>
#8 0x556946970d6b <unknown>
#9 0x556946972141 <unknown>
#10 0x556946e4b2ab <unknown>
#11 0x556946e4f0b9 <unknown>
#12 0x556946e32139 <unknown>
#13 0x556946e4fc68 <unknown>
#14 0x556946e1660f <unknown>
#15 0x556946e741f8 <unknown>
#16 0x556946e743d6 <unknown>
#17 0x556946e855e6 <unknown>
#18 0x7fea7f69caa4 <unknown>
#19 0x7fea7f729c3c <unknown>

2025-08-02 11:40:39,785 - INFO - 🎯 [12/87] Applying to: Data Engineer Snowflake & Apache Spark - LINK: https://www.dice.com/job-detail/178fb38e-fcb5-4b92-aea7-218c2c9f241f
2025-08-02 11:40:55,084 - INFO -    ✅ Successfully applied!
2025-08-02 11:41:06,223 - INFO - 🎯 [13/87] Applying to: Sr. System Engineer - LINK: https://www.dice.com/job-detail/d45f96d9-4006-45ca-b1a4-60302b3e7595
2025-08-02 11:41:25,876 - ERROR -    ❌ Cannot click apply button: Message: 
Stacktrace:
#0 0x556946e862ca <unknown>
#1 0x55694692d550 <unknown>
#2 0x55694697f0f0 <unknown>
#3 0x55694697f2e1 <unknown>
#4 0x5569469cd5e4 <unknown>
#5 0x5569469a4bed <unknown>
#6 0x5569469ca9e6 <unknown>
#7 0x5569469a4993 <unknown>
#8 0x556946970d6b <unknown>
#9 0x556946972141 <unknown>
#10 0x556946e4b2ab <unknown>
#11 0x556946e4f0b9 <unknown>
#12 0x556946e32139 <unknown>
#13 0x556946e4fc68 <unknown>
#14 0x556946e1660f <unknown>
#15 0x556946e741f8 <unknown>
#16 0x556946e743d6 <unknown>
#17 0x556946e855e6 <unknown>
#18 0x7fea7f69caa4 <unknown>
#19 0x7fea7f729c3c <unknown>

2025-08-02 11:41:38,370 - INFO - 🎯 [14/87] Applying to: QA Engineer - LINK: https://www.dice.com/job-detail/d501c324-25dd-4bbd-84c2-ab20ee0ceb0f
2025-08-02 11:41:54,207 - INFO -    ✅ Successfully applied!
2025-08-02 11:42:05,905 - INFO - 🎯 [15/87] Applying to: MDM Data Architect - LINK: https://www.dice.com/job-detail/1d413685-ba70-4bd6-9bc3-6241d14a3738
2025-08-02 11:42:24,116 - ERROR -    ❌ Cannot click apply button: Message: 
Stacktrace:
#0 0x556946e862ca <unknown>
#1 0x55694692d550 <unknown>
#2 0x55694697f0f0 <unknown>
#3 0x55694697f2e1 <unknown>
#4 0x5569469cd5e4 <unknown>
#5 0x5569469a4bed <unknown>
#6 0x5569469ca9e6 <unknown>
#7 0x5569469a4993 <unknown>
#8 0x556946970d6b <unknown>
#9 0x556946972141 <unknown>
#10 0x556946e4b2ab <unknown>
#11 0x556946e4f0b9 <unknown>
#12 0x556946e32139 <unknown>
#13 0x556946e4fc68 <unknown>
#14 0x556946e1660f <unknown>
#15 0x556946e741f8 <unknown>
#16 0x556946e743d6 <unknown>
#17 0x556946e855e6 <unknown>
#18 0x7fea7f69caa4 <unknown>
#19 0x7fea7f729c3c <unknown>

2025-08-02 11:42:32,195 - INFO - 🎯 [16/87] Applying to: Full Stack Java Developer - LINK: https://www.dice.com/job-detail/f9aa1164-129f-4616-b3b3-5d3b9345595b
2025-08-02 11:42:50,784 - ERROR -    ❌ Cannot click apply button: Message: 
Stacktrace:
#0 0x556946e862ca <unknown>
#1 0x55694692d550 <unknown>
#2 0x55694697f0f0 <unknown>
#3 0x55694697f2e1 <unknown>
#4 0x5569469cd5e4 <unknown>
#5 0x5569469a4bed <unknown>
#6 0x5569469ca9e6 <unknown>
#7 0x5569469a4993 <unknown>
#8 0x556946970d6b <unknown>
#9 0x556946972141 <unknown>
#10 0x556946e4b2ab <unknown>
#11 0x556946e4f0b9 <unknown>
#12 0x556946e32139 <unknown>
#13 0x556946e4fc68 <unknown>
#14 0x556946e1660f <unknown>
#15 0x556946e741f8 <unknown>
#16 0x556946e743d6 <unknown>
#17 0x556946e855e6 <unknown>
#18 0x7fea7f69caa4 <unknown>
#19 0x7fea7f729c3c <unknown>

2025-08-02 11:43:04,275 - INFO - 🎯 [17/87] Applying to: Software Engineer III - LINK: https://www.dice.com/job-detail/76bac01d-96b4-42e6-bbce-dc9bc1e24a87
2025-08-02 11:43:20,828 - INFO -    ✅ Successfully applied!
2025-08-02 11:43:32,645 - INFO - 🎯 [18/87] Applying to: Lead Business Analyst/SR BA Healthcare - Onsite day 1 - LINK: https://www.dice.com/job-detail/9082db13-a411-402d-affc-582f798d38a2
2025-08-02 11:43:47,556 - INFO -    ✅ Successfully applied!
2025-08-02 11:43:56,877 - INFO - 🎯 [19/87] Applying to: AI Security Engineer - LINK: https://www.dice.com/job-detail/47735c94-259a-464c-b8cf-f91e61c6a745
2025-08-02 11:44:11,889 - INFO -    ✅ Successfully applied!
2025-08-02 11:44:23,140 - INFO - 🎯 [20/87] Applying to: Bioinformatics Scientist - II - LINK: https://www.dice.com/job-detail/8634b44c-4289-4663-a086-cb2c11d395a9
2025-08-02 11:44:42,067 - ERROR -    ❌ Cannot click apply button: Message: 
Stacktrace:
#0 0x556946e862ca <unknown>
#1 0x55694692d550 <unknown>
#2 0x55694697f0f0 <unknown>
#3 0x55694697f2e1 <unknown>
#4 0x5569469cd5e4 <unknown>
#5 0x5569469a4bed <unknown>
#6 0x5569469ca9e6 <unknown>
#7 0x5569469a4993 <unknown>
#8 0x556946970d6b <unknown>
#9 0x556946972141 <unknown>
#10 0x556946e4b2ab <unknown>
#11 0x556946e4f0b9 <unknown>
#12 0x556946e32139 <unknown>
#13 0x556946e4fc68 <unknown>
#14 0x556946e1660f <unknown>
#15 0x556946e741f8 <unknown>
#16 0x556946e743d6 <unknown>
#17 0x556946e855e6 <unknown>
#18 0x7fea7f69caa4 <unknown>
#19 0x7fea7f729c3c <unknown>

2025-08-02 11:44:52,832 - INFO - 🎯 [21/87] Applying to: AWS DevOps Engineer - LINK: https://www.dice.com/job-detail/a9adff11-a9a7-478d-abc5-83756db1a547
2025-08-02 11:45:12,124 - ERROR -    ❌ Cannot click apply button: Message: 
Stacktrace:
#0 0x556946e862ca <unknown>
#1 0x55694692d550 <unknown>
#2 0x55694697f0f0 <unknown>
#3 0x55694697f2e1 <unknown>
#4 0x5569469cd5e4 <unknown>
#5 0x5569469a4bed <unknown>
#6 0x5569469ca9e6 <unknown>
#7 0x5569469a4993 <unknown>
#8 0x556946970d6b <unknown>
#9 0x556946972141 <unknown>
#10 0x556946e4b2ab <unknown>
#11 0x556946e4f0b9 <unknown>
#12 0x556946e32139 <unknown>
#13 0x556946e4fc68 <unknown>
#14 0x556946e1660f <unknown>
#15 0x556946e741f8 <unknown>
#16 0x556946e743d6 <unknown>
#17 0x556946e855e6 <unknown>
#18 0x7fea7f69caa4 <unknown>
#19 0x7fea7f729c3c <unknown>

2025-08-02 11:45:20,991 - INFO - 🎯 [22/87] Applying to: Senior Data Engineer - LINK: https://www.dice.com/job-detail/ddbf799e-ddde-4789-97e0-b1d1415c3cef
2025-08-02 11:45:35,482 - INFO -    ✅ Successfully applied!
2025-08-02 11:45:47,733 - INFO - 🎯 [23/87] Applying to: .NET Developer - LINK: https://www.dice.com/job-detail/d57b0aff-81fc-4f67-9c55-4b7028e41afd
2025-08-02 11:46:07,528 - ERROR -    ❌ Cannot click apply button: Message: 
Stacktrace:
#0 0x556946e862ca <unknown>
#1 0x55694692d550 <unknown>
#2 0x55694697f0f0 <unknown>
#3 0x55694697f2e1 <unknown>
#4 0x5569469cd5e4 <unknown>
#5 0x5569469a4bed <unknown>
#6 0x5569469ca9e6 <unknown>
#7 0x5569469a4993 <unknown>
#8 0x556946970d6b <unknown>
#9 0x556946972141 <unknown>
#10 0x556946e4b2ab <unknown>
#11 0x556946e4f0b9 <unknown>
#12 0x556946e32139 <unknown>
#13 0x556946e4fc68 <unknown>
#14 0x556946e1660f <unknown>
#15 0x556946e741f8 <unknown>
#16 0x556946e743d6 <unknown>
#17 0x556946e855e6 <unknown>
#18 0x7fea7f69caa4 <unknown>
#19 0x7fea7f729c3c <unknown>

2025-08-02 11:46:17,783 - INFO - 🎯 [24/87] Applying to: Python SQL Developer (Contract-to-Hire) - LINK: https://www.dice.com/job-detail/7164359a-5328-4ecf-9458-cb717293be0e
2025-08-02 11:46:37,367 - ERROR -    ❌ Cannot click apply button: Message: 
Stacktrace:
#0 0x556946e862ca <unknown>
#1 0x55694692d550 <unknown>
#2 0x55694697f0f0 <unknown>
#3 0x55694697f2e1 <unknown>
#4 0x5569469cd5e4 <unknown>
#5 0x5569469a4bed <unknown>
#6 0x5569469ca9e6 <unknown>
#7 0x5569469a4993 <unknown>
#8 0x556946970d6b <unknown>
#9 0x556946972141 <unknown>
#10 0x556946e4b2ab <unknown>
#11 0x556946e4f0b9 <unknown>
#12 0x556946e32139 <unknown>
#13 0x556946e4fc68 <unknown>
#14 0x556946e1660f <unknown>
#15 0x556946e741f8 <unknown>
#16 0x556946e743d6 <unknown>
#17 0x556946e855e6 <unknown>
#18 0x7fea7f69caa4 <unknown>
#19 0x7fea7f729c3c <unknown>

2025-08-02 11:46:47,418 - INFO - 🎯 [25/87] Applying to: Lead Software Engineer - U.S. Citizen - This role sits within Optum Serves Technology Product organization - LINK: https://www.dice.com/job-detail/3027c2ef-cf6d-4985-8d7a-a08b9a417684
2025-08-02 11:47:06,503 - ERROR -    ❌ Cannot click apply button: Message: 
Stacktrace:
#0 0x556946e862ca <unknown>
#1 0x55694692d550 <unknown>
#2 0x55694697f0f0 <unknown>
#3 0x55694697f2e1 <unknown>
#4 0x5569469cd5e4 <unknown>
#5 0x5569469a4bed <unknown>
#6 0x5569469ca9e6 <unknown>
#7 0x5569469a4993 <unknown>
#8 0x556946970d6b <unknown>
#9 0x556946972141 <unknown>
#10 0x556946e4b2ab <unknown>
#11 0x556946e4f0b9 <unknown>
#12 0x556946e32139 <unknown>
#13 0x556946e4fc68 <unknown>
#14 0x556946e1660f <unknown>
#15 0x556946e741f8 <unknown>
#16 0x556946e743d6 <unknown>
#17 0x556946e855e6 <unknown>
#18 0x7fea7f69caa4 <unknown>
#19 0x7fea7f729c3c <unknown>

2025-08-02 11:47:16,880 - INFO - 🎯 [26/87] Applying to: RUBY ON RAILS RoR ENGINEER - LINK: https://www.dice.com/job-detail/5da2237e-50e5-48c0-8716-1483af68adc1
2025-08-02 11:47:32,700 - INFO -    ✅ Successfully applied!
2025-08-02 11:47:44,588 - INFO - 🎯 [27/87] Applying to: Business Systems Analyst - LINK: https://www.dice.com/job-detail/95315377-7fce-4314-b73e-4f670b3dc9ca
2025-08-02 11:48:00,908 - INFO -    ✅ Successfully applied!
2025-08-02 11:48:08,230 - INFO - 🎯 [28/87] Applying to: FinOps Engineer - LINK: https://www.dice.com/job-detail/98969128-11e6-49c1-b390-40eb3053b0c8
2025-08-02 11:48:23,690 - INFO -    ✅ Successfully applied!
2025-08-02 11:48:34,498 - INFO - 🎯 [29/87] Applying to: ServiceNow AIOps Architect` - LINK: https://www.dice.com/job-detail/5e9bee47-3c7f-4a09-99e8-0a91e0eee2f2
2025-08-02 11:48:53,263 - ERROR -    ❌ Cannot click apply button: Message: 
Stacktrace:
#0 0x556946e862ca <unknown>
#1 0x55694692d550 <unknown>
#2 0x55694697f0f0 <unknown>
#3 0x55694697f2e1 <unknown>
#4 0x5569469cd5e4 <unknown>
#5 0x5569469a4bed <unknown>
#6 0x5569469ca9e6 <unknown>
#7 0x5569469a4993 <unknown>
#8 0x556946970d6b <unknown>
#9 0x556946972141 <unknown>
#10 0x556946e4b2ab <unknown>
#11 0x556946e4f0b9 <unknown>
#12 0x556946e32139 <unknown>
#13 0x556946e4fc68 <unknown>
#14 0x556946e1660f <unknown>
#15 0x556946e741f8 <unknown>
#16 0x556946e743d6 <unknown>
#17 0x556946e855e6 <unknown>
#18 0x7fea7f69caa4 <unknown>
#19 0x7fea7f729c3c <unknown>

2025-08-02 11:49:00,316 - INFO - 🎯 [30/87] Applying to: Electrical Pitch Engineer - LINK: https://www.dice.com/job-detail/e305bc2b-0f89-4c51-a943-c370ea951405
2025-08-02 11:49:15,880 - INFO -    ✅ Successfully applied!
2025-08-02 11:49:26,870 - INFO - 🎯 [31/87] Applying to: Entry Level React Software Engineer - LINK: https://www.dice.com/job-detail/4c6bc5d4-bc28-4ae3-9f91-3326aac5e35c
2025-08-02 11:49:40,363 - INFO -    ✅ Successfully applied!
2025-08-02 11:49:53,721 - INFO - 🎯 [32/87] Applying to: Business Systems Analyst - LINK: https://www.dice.com/job-detail/94eb14bc-00ab-4f58-bbd7-2b2195505e97
2025-08-02 11:50:13,434 - ERROR -    ❌ Cannot click apply button: Message: 
Stacktrace:
#0 0x556946e862ca <unknown>
#1 0x55694692d550 <unknown>
#2 0x55694697f0f0 <unknown>
#3 0x55694697f2e1 <unknown>
#4 0x5569469cd5e4 <unknown>
#5 0x5569469a4bed <unknown>
#6 0x5569469ca9e6 <unknown>
#7 0x5569469a4993 <unknown>
#8 0x556946970d6b <unknown>
#9 0x556946972141 <unknown>
#10 0x556946e4b2ab <unknown>
#11 0x556946e4f0b9 <unknown>
#12 0x556946e32139 <unknown>
#13 0x556946e4fc68 <unknown>
#14 0x556946e1660f <unknown>
#15 0x556946e741f8 <unknown>
#16 0x556946e743d6 <unknown>
#17 0x556946e855e6 <unknown>
#18 0x7fea7f69caa4 <unknown>
#19 0x7fea7f729c3c <unknown>

2025-08-02 11:50:23,605 - INFO - 🎯 [33/87] Applying to: Lead Java developer - LINK: https://www.dice.com/job-detail/562b2408-c370-4ef3-8d8b-abe5b43c0af1
2025-08-02 11:50:40,903 - INFO -    ✅ Successfully applied!
2025-08-02 11:50:50,533 - INFO - 🎯 [34/87] Applying to: Data Governance Analyst - LINK: https://www.dice.com/job-detail/15861fdd-9d45-4252-8c15-a1e149a9e280
2025-08-02 11:51:05,626 - INFO -    ✅ Successfully applied!
2025-08-02 11:51:15,722 - INFO - 🎯 [35/87] Applying to: Desktop Engineer - LINK: https://www.dice.com/job-detail/65c8e2d7-467d-4006-8514-3228a8a3fdf9
2025-08-02 11:51:32,403 - INFO -    ✅ Successfully applied!
2025-08-02 11:51:43,291 - INFO - 🎯 [36/87] Applying to: IAM Business Analyst - LINK: https://www.dice.com/job-detail/e6cc09cf-f82c-4135-98f8-98df95af8db1
2025-08-02 11:52:02,314 - ERROR -    ❌ Cannot click apply button: Message: 
Stacktrace:
#0 0x556946e862ca <unknown>
#1 0x55694692d550 <unknown>
#2 0x55694697f0f0 <unknown>
#3 0x55694697f2e1 <unknown>
#4 0x5569469cd5e4 <unknown>
#5 0x5569469a4bed <unknown>
#6 0x5569469ca9e6 <unknown>
#7 0x5569469a4993 <unknown>
#8 0x556946970d6b <unknown>
#9 0x556946972141 <unknown>
#10 0x556946e4b2ab <unknown>
#11 0x556946e4f0b9 <unknown>
#12 0x556946e32139 <unknown>
#13 0x556946e4fc68 <unknown>
#14 0x556946e1660f <unknown>
#15 0x556946e741f8 <unknown>
#16 0x556946e743d6 <unknown>
#17 0x556946e855e6 <unknown>
#18 0x7fea7f69caa4 <unknown>
#19 0x7fea7f729c3c <unknown>

2025-08-02 11:52:12,477 - INFO - 🎯 [37/87] Applying to: IT Security Engineer - LINK: https://www.dice.com/job-detail/bf3d22b8-d938-4f8b-99a3-46f48134da3c
2025-08-02 11:52:28,183 - INFO -    ✅ Successfully applied!
2025-08-02 11:52:40,509 - INFO - 🎯 [38/87] Applying to: Peoplesoft Business Analyst ( Locals to Austin, TX) - LINK: https://www.dice.com/job-detail/cd165ae6-7635-4ece-900d-5c0eabe0f04b
2025-08-02 11:52:56,546 - INFO -    ✅ Successfully applied!
2025-08-02 11:53:09,842 - INFO - 🎯 [39/87] Applying to: Java Full stack Developer - LINK: https://www.dice.com/job-detail/72da3962-78f9-49ed-a444-d07dbb4cac6d
2025-08-02 11:53:24,874 - INFO -    ✅ Successfully applied!
2025-08-02 11:53:34,880 - INFO - 🎯 [40/87] Applying to: Business Analyst - Lansing, MI - LINK: https://www.dice.com/job-detail/c70cc0db-278e-4054-89e0-592261b46315
2025-08-02 11:53:50,427 - INFO -    ✅ Successfully applied!
2025-08-02 11:53:58,701 - INFO - 🎯 [41/87] Applying to: PowerBI Specialist - LINK: https://www.dice.com/job-detail/88b9611c-e4b6-443e-9f66-7cd499e1d6d5
2025-08-02 11:54:12,312 - INFO -    ✅ Successfully applied!
2025-08-02 11:54:24,172 - INFO - 🎯 [42/87] Applying to: BA With FHIR Principal Consultant - LINK: https://www.dice.com/job-detail/22659a49-287d-4568-a5eb-d47457a6c149
2025-08-02 11:54:37,580 - INFO -    ✅ Successfully applied!
2025-08-02 11:54:51,930 - INFO - 🎯 [43/87] Applying to: Jr. Tech Delivery - BA - BA - SFDC, Dev, Design - LINK: https://www.dice.com/job-detail/0fdccb4b-1e6f-40e5-832e-35145026d18a
2025-08-02 11:55:11,822 - ERROR -    ❌ Cannot click apply button: Message: 
Stacktrace:
#0 0x556946e862ca <unknown>
#1 0x55694692d550 <unknown>
#2 0x55694697f0f0 <unknown>
#3 0x55694697f2e1 <unknown>
#4 0x5569469cd5e4 <unknown>
#5 0x5569469a4bed <unknown>
#6 0x5569469ca9e6 <unknown>
#7 0x5569469a4993 <unknown>
#8 0x556946970d6b <unknown>
#9 0x556946972141 <unknown>
#10 0x556946e4b2ab <unknown>
#11 0x556946e4f0b9 <unknown>
#12 0x556946e32139 <unknown>
#13 0x556946e4fc68 <unknown>
#14 0x556946e1660f <unknown>
#15 0x556946e741f8 <unknown>
#16 0x556946e743d6 <unknown>
#17 0x556946e855e6 <unknown>
#18 0x7fea7f69caa4 <unknown>
#19 0x7fea7f729c3c <unknown>

2025-08-02 11:55:20,963 - INFO - 🎯 [44/87] Applying to: Salesforce Solution Architect - LINK: https://www.dice.com/job-detail/d580c264-7d8f-4b97-bd2f-715d96989988
2025-08-02 11:55:35,762 - INFO -    ✅ Successfully applied!
2025-08-02 11:55:48,656 - INFO - 🎯 [45/87] Applying to: Staff Database Engineer - LINK: https://www.dice.com/job-detail/c70bf22d-7704-44f4-853b-617dc9eab690
2025-08-02 11:56:08,279 - INFO -    ✅ Successfully applied!
2025-08-02 11:56:18,710 - INFO - 🎯 [46/87] Applying to: Varicent Developer - LINK: https://www.dice.com/job-detail/1e2a64d7-6b04-483c-a308-effe1f5b91fa
2025-08-02 11:56:34,445 - INFO -    ✅ Successfully applied!
2025-08-02 11:56:47,171 - INFO - 🎯 [47/87] Applying to: Pension Customer Support Specialist - LINK: https://www.dice.com/job-detail/149663de-eb70-4a5f-9649-72e20099cf5c
2025-08-02 11:57:04,622 - INFO -    ✅ Successfully applied!
2025-08-02 11:57:15,503 - INFO - 🎯 [48/87] Applying to: Python SDET - LINK: https://www.dice.com/job-detail/d3977d38-17d7-491a-b846-859e001d6172
2025-08-02 11:57:30,472 - INFO -    ✅ Successfully applied!
2025-08-02 11:57:38,772 - INFO - 🎯 [49/87] Applying to: Azure Administrator/Cloud Architect - LINK: https://www.dice.com/job-detail/90d85c2c-bd07-4e62-9438-771173c1f3f2
2025-08-02 11:57:57,741 - ERROR -    ❌ Cannot click apply button: Message: 
Stacktrace:
#0 0x556946e862ca <unknown>
#1 0x55694692d550 <unknown>
#2 0x55694697f0f0 <unknown>
#3 0x55694697f2e1 <unknown>
#4 0x5569469cd5e4 <unknown>
#5 0x5569469a4bed <unknown>
#6 0x5569469ca9e6 <unknown>
#7 0x5569469a4993 <unknown>
#8 0x556946970d6b <unknown>
#9 0x556946972141 <unknown>
#10 0x556946e4b2ab <unknown>
#11 0x556946e4f0b9 <unknown>
#12 0x556946e32139 <unknown>
#13 0x556946e4fc68 <unknown>
#14 0x556946e1660f <unknown>
#15 0x556946e741f8 <unknown>
#16 0x556946e743d6 <unknown>
#17 0x556946e855e6 <unknown>
#18 0x7fea7f69caa4 <unknown>
#19 0x7fea7f729c3c <unknown>

2025-08-02 11:58:08,106 - INFO - 🎯 [50/87] Applying to: Staff Database Engineer - Onsite - LINK: https://www.dice.com/job-detail/fa821081-728a-41dc-830f-ca0cbff255ec
2025-08-02 11:58:23,103 - INFO -    ✅ Successfully applied!
2025-08-02 11:58:35,502 - INFO - 🎯 [51/87] Applying to: RF Engineer - LINK: https://www.dice.com/job-detail/322315ce-eceb-4736-9bf9-6c24bc76687f
2025-08-02 11:58:52,035 - INFO -    ✅ Successfully applied!
2025-08-02 11:59:00,032 - INFO - 🎯 [52/87] Applying to: Fullstack .NET Developer Houston TX Local - LINK: https://www.dice.com/job-detail/c5cfb35f-b3ed-4336-805f-7ef5ac193695
2025-08-02 11:59:20,014 - ERROR -    ❌ Cannot click apply button: Message: 
Stacktrace:
#0 0x556946e862ca <unknown>
#1 0x55694692d550 <unknown>
#2 0x55694697f0f0 <unknown>
#3 0x55694697f2e1 <unknown>
#4 0x5569469cd5e4 <unknown>
#5 0x5569469a4bed <unknown>
#6 0x5569469ca9e6 <unknown>
#7 0x5569469a4993 <unknown>
#8 0x556946970d6b <unknown>
#9 0x556946972141 <unknown>
#10 0x556946e4b2ab <unknown>
#11 0x556946e4f0b9 <unknown>
#12 0x556946e32139 <unknown>
#13 0x556946e4fc68 <unknown>
#14 0x556946e1660f <unknown>
#15 0x556946e741f8 <unknown>
#16 0x556946e743d6 <unknown>
#17 0x556946e855e6 <unknown>
#18 0x7fea7f69caa4 <unknown>
#19 0x7fea7f729c3c <unknown>

2025-08-02 11:59:31,625 - INFO - 🎯 [53/87] Applying to: Sr. React Native Developer (USA and Canada) - LINK: https://www.dice.com/job-detail/67549f20-259c-4bab-8433-1f8c93ec5918
2025-08-02 11:59:48,154 - INFO -    ✅ Successfully applied!
2025-08-02 11:59:57,294 - INFO - 🎯 [54/87] Applying to: Medical Management Intake Specialist | Remote | Detroit, MI | Contract - LINK: https://www.dice.com/job-detail/e6fbd82d-3d87-4df7-98f0-d7dcf5672349
2025-08-02 12:00:12,722 - INFO -    ✅ Successfully applied!
2025-08-02 12:00:23,762 - INFO - 🎯 [55/87] Applying to: ServiceNow FSM Developer - LINK: https://www.dice.com/job-detail/3634e50a-e54a-4537-9bfa-b8f389a34ea1
2025-08-02 12:00:40,090 - INFO -    ✅ Successfully applied!
2025-08-02 12:00:49,316 - INFO - 🎯 [56/87] Applying to: .NET Junior Architect - LINK: https://www.dice.com/job-detail/aad6850f-34ed-4a57-9fa2-f65d42e757da
2025-08-02 12:01:02,856 - INFO -    ✅ Successfully applied!
2025-08-02 12:01:12,702 - INFO - 🎯 [57/87] Applying to: Application Developer II - LINK: https://www.dice.com/job-detail/220d4d12-cabd-40c9-9fd7-9544acdba173
2025-08-02 12:01:28,722 - INFO -    ✅ Successfully applied!
2025-08-02 12:01:39,683 - INFO - 🎯 [58/87] Applying to: Sr. Cloud Security Architect - LINK: https://www.dice.com/job-detail/48033de7-58b5-4d2f-ad30-e5b35e108c66
2025-08-02 12:01:58,425 - ERROR -    ❌ Cannot click apply button: Message: 
Stacktrace:
#0 0x556946e862ca <unknown>
#1 0x55694692d550 <unknown>
#2 0x55694697f0f0 <unknown>
#3 0x55694697f2e1 <unknown>
#4 0x5569469cd5e4 <unknown>
#5 0x5569469a4bed <unknown>
#6 0x5569469ca9e6 <unknown>
#7 0x5569469a4993 <unknown>
#8 0x556946970d6b <unknown>
#9 0x556946972141 <unknown>
#10 0x556946e4b2ab <unknown>
#11 0x556946e4f0b9 <unknown>
#12 0x556946e32139 <unknown>
#13 0x556946e4fc68 <unknown>
#14 0x556946e1660f <unknown>
#15 0x556946e741f8 <unknown>
#16 0x556946e743d6 <unknown>
#17 0x556946e855e6 <unknown>
#18 0x7fea7f69caa4 <unknown>
#19 0x7fea7f729c3c <unknown>

2025-08-02 12:02:07,050 - INFO - 🎯 [59/87] Applying to: Senior Quality Engineer || In person interview (F2F) - LINK: https://www.dice.com/job-detail/b8f15d0d-1f0f-4800-9c8a-1204f60eb33a
2025-08-02 12:02:27,255 - ERROR -    ❌ Cannot click apply button: Message: 
Stacktrace:
#0 0x556946e862ca <unknown>
#1 0x55694692d550 <unknown>
#2 0x55694697f0f0 <unknown>
#3 0x55694697f2e1 <unknown>
#4 0x5569469cd5e4 <unknown>
#5 0x5569469a4bed <unknown>
#6 0x5569469ca9e6 <unknown>
#7 0x5569469a4993 <unknown>
#8 0x556946970d6b <unknown>
#9 0x556946972141 <unknown>
#10 0x556946e4b2ab <unknown>
#11 0x556946e4f0b9 <unknown>
#12 0x556946e32139 <unknown>
#13 0x556946e4fc68 <unknown>
#14 0x556946e1660f <unknown>
#15 0x556946e741f8 <unknown>
#16 0x556946e743d6 <unknown>
#17 0x556946e855e6 <unknown>
#18 0x7fea7f69caa4 <unknown>
#19 0x7fea7f729c3c <unknown>

2025-08-02 12:02:36,697 - INFO - 🎯 [60/87] Applying to: Middleware DevOps Engineer || Oakland, CA or Atlanta GA Onsite - LINK: https://www.dice.com/job-detail/87191d8e-fb33-41e3-a47b-073aae27def1
2025-08-02 12:02:56,780 - ERROR -    ❌ Cannot click apply button: Message: 
Stacktrace:
#0 0x556946e862ca <unknown>
#1 0x55694692d550 <unknown>
#2 0x55694697f0f0 <unknown>
#3 0x55694697f2e1 <unknown>
#4 0x5569469cd5e4 <unknown>
#5 0x5569469a4bed <unknown>
#6 0x5569469ca9e6 <unknown>
#7 0x5569469a4993 <unknown>
#8 0x556946970d6b <unknown>
#9 0x556946972141 <unknown>
#10 0x556946e4b2ab <unknown>
#11 0x556946e4f0b9 <unknown>
#12 0x556946e32139 <unknown>
#13 0x556946e4fc68 <unknown>
#14 0x556946e1660f <unknown>
#15 0x556946e741f8 <unknown>
#16 0x556946e743d6 <unknown>
#17 0x556946e855e6 <unknown>
#18 0x7fea7f69caa4 <unknown>
#19 0x7fea7f729c3c <unknown>

2025-08-02 12:03:07,519 - INFO - 🎯 [61/87] Applying to: Azure & AI Platform Architect - LINK: https://www.dice.com/job-detail/816503cc-c9c3-4619-81de-f420d0f3f39d
2025-08-02 12:03:27,547 - ERROR -    ❌ Cannot click apply button: Message: 
Stacktrace:
#0 0x556946e862ca <unknown>
#1 0x55694692d550 <unknown>
#2 0x55694697f0f0 <unknown>
#3 0x55694697f2e1 <unknown>
#4 0x5569469cd5e4 <unknown>
#5 0x5569469a4bed <unknown>
#6 0x5569469ca9e6 <unknown>
#7 0x5569469a4993 <unknown>
#8 0x556946970d6b <unknown>
#9 0x556946972141 <unknown>
#10 0x556946e4b2ab <unknown>
#11 0x556946e4f0b9 <unknown>
#12 0x556946e32139 <unknown>
#13 0x556946e4fc68 <unknown>
#14 0x556946e1660f <unknown>
#15 0x556946e741f8 <unknown>
#16 0x556946e743d6 <unknown>
#17 0x556946e855e6 <unknown>
#18 0x7fea7f69caa4 <unknown>
#19 0x7fea7f729c3c <unknown>

2025-08-02 12:03:37,445 - INFO - 🎯 [62/87] Applying to: DataStage Developer - LINK: https://www.dice.com/job-detail/8c7253ac-07c1-4404-b933-2dbbb7955678
2025-08-02 12:03:50,835 - INFO -    ✅ Successfully applied!
2025-08-02 12:04:04,596 - INFO - 🎯 [63/87] Applying to: Fulltime Role: Fullstack Developer -Dallas, TX - LINK: https://www.dice.com/job-detail/6ff29e28-97d9-4b22-973f-794cc9f4ac09
2025-08-02 12:04:19,883 - INFO -    ✅ Successfully applied!
2025-08-02 12:04:29,591 - INFO - 🎯 [64/87] Applying to: Network Automation Engineer (Prefer local candidates, WatsonX, AI, Python, Ansible) - LINK: https://www.dice.com/job-detail/299f2ab5-b9a9-46b0-8161-19926dd6af6e
2025-08-02 12:04:45,964 - INFO -    ✅ Successfully applied!
2025-08-02 12:04:55,951 - INFO - 🎯 [65/87] Applying to: SEO Specialist - LINK: https://www.dice.com/job-detail/94a7064d-1e77-4ca0-a09e-fd818fe22778
2025-08-02 12:05:13,038 - INFO -    ✅ Successfully applied!
2025-08-02 12:05:23,725 - INFO - 🎯 [66/87] Applying to: Business Analyst 5 - LINK: https://www.dice.com/job-detail/799f643e-d9e2-4b75-b65d-9ee002c531b9
2025-08-02 12:05:40,186 - INFO -    ✅ Successfully applied!
2025-08-02 12:05:52,446 - INFO - 🎯 [67/87] Applying to: Java Fullstack Developer - LINK: https://www.dice.com/job-detail/5aef6766-8cd6-46af-9b40-c2a4df882b58
2025-08-02 12:06:08,819 - INFO -    ✅ Successfully applied!
2025-08-02 12:06:18,340 - INFO - 🎯 [68/87] Applying to: Senior Financial Systems Analyst (NetSuite) R2R / Contract /Hybrid - LINK: https://www.dice.com/job-detail/808a5a43-31d1-4ca0-89d9-92cd36a43c2e
2025-08-02 12:06:32,127 - INFO -    ✅ Successfully applied!
2025-08-02 12:06:44,608 - INFO - 🎯 [69/87] Applying to: Enterprise Architect - LINK: https://www.dice.com/job-detail/6c8abdc2-5034-41dd-a9d2-d4b28ebf3b59
2025-08-02 12:07:02,380 - ERROR -    ❌ Cannot click apply button: Message: 
Stacktrace:
#0 0x556946e862ca <unknown>
#1 0x55694692d550 <unknown>
#2 0x55694697f0f0 <unknown>
#3 0x55694697f2e1 <unknown>
#4 0x5569469cd5e4 <unknown>
#5 0x5569469a4bed <unknown>
#6 0x5569469ca9e6 <unknown>
#7 0x5569469a4993 <unknown>
#8 0x556946970d6b <unknown>
#9 0x556946972141 <unknown>
#10 0x556946e4b2ab <unknown>
#11 0x556946e4f0b9 <unknown>
#12 0x556946e32139 <unknown>
#13 0x556946e4fc68 <unknown>
#14 0x556946e1660f <unknown>
#15 0x556946e741f8 <unknown>
#16 0x556946e743d6 <unknown>
#17 0x556946e855e6 <unknown>
#18 0x7fea7f69caa4 <unknown>
#19 0x7fea7f729c3c <unknown>

2025-08-02 12:07:14,271 - INFO - 🎯 [70/87] Applying to: Software Engineer Sr - LINK: https://www.dice.com/job-detail/bc0c1738-375d-43c5-be68-09bd8df2fd64
2025-08-02 12:07:33,428 - INFO -    ✅ Successfully applied!
2025-08-02 12:07:43,884 - INFO - 🎯 [71/87] Applying to: W2 Role - AI RPA Engineer - Remote Visa: GC - LINK: https://www.dice.com/job-detail/abaf49b2-1dfc-4937-be7a-c9c458e261a4
2025-08-02 12:07:59,820 - INFO -    ✅ Successfully applied!
2025-08-02 12:08:09,258 - INFO - 🎯 [72/87] Applying to: PCB Design Engineer - Autonomous Vehicle Systems - LINK: https://www.dice.com/job-detail/3e831741-28bc-4c89-a9b1-2ff354bbf92f
2025-08-02 12:08:25,707 - INFO -    ✅ Successfully applied!
2025-08-02 12:08:34,598 - INFO - 🎯 [73/87] Applying to: Embedded Platform Engineer, Time Sensitive Networking (TSN) - LINK: https://www.dice.com/job-detail/94aa5bf0-1200-47b2-8798-fec47b6be9c4
2025-08-02 12:08:52,407 - INFO -    ✅ Successfully applied!
2025-08-02 12:09:03,549 - INFO - 🎯 [74/87] Applying to: HYBRID WORK: Information Security Engineer (Need ONLY Local Candidates) - LINK: https://www.dice.com/job-detail/4c4414f1-3cb3-4c88-9bfa-fe491545a51e
2025-08-02 12:09:18,850 - INFO -    ✅ Successfully applied!
2025-08-02 12:09:27,159 - INFO - 🎯 [75/87] Applying to: SSIS Developer - LINK: https://www.dice.com/job-detail/91c56422-69fb-4dce-9d60-3bb61f91b918
2025-08-02 12:09:42,666 - INFO -    ✅ Successfully applied!
2025-08-02 12:09:53,322 - INFO - 🎯 [76/87] Applying to: Fircosoft Developer - LINK: https://www.dice.com/job-detail/bf2a78f9-38db-4533-b1fd-aa79a796d7aa
2025-08-02 12:10:09,585 - INFO -    ✅ Successfully applied!
2025-08-02 12:10:19,559 - INFO - 🎯 [77/87] Applying to: Java Microservices Developer - LINK: https://www.dice.com/job-detail/4abf6a83-d8ae-49f7-85b4-5f550e5d1af4
2025-08-02 12:10:34,772 - INFO -    ✅ Successfully applied!
2025-08-02 12:10:46,501 - INFO - 🎯 [78/87] Applying to: Power BI Developer - LINK: https://www.dice.com/job-detail/b13178c8-5cfc-4020-b5d4-b12b72dca5e3
2025-08-02 12:11:05,190 - ERROR -    ❌ Cannot click apply button: Message: 
Stacktrace:
#0 0x556946e862ca <unknown>
#1 0x55694692d550 <unknown>
#2 0x55694697f0f0 <unknown>
#3 0x55694697f2e1 <unknown>
#4 0x5569469cd5e4 <unknown>
#5 0x5569469a4bed <unknown>
#6 0x5569469ca9e6 <unknown>
#7 0x5569469a4993 <unknown>
#8 0x556946970d6b <unknown>
#9 0x556946972141 <unknown>
#10 0x556946e4b2ab <unknown>
#11 0x556946e4f0b9 <unknown>
#12 0x556946e32139 <unknown>
#13 0x556946e4fc68 <unknown>
#14 0x556946e1660f <unknown>
#15 0x556946e741f8 <unknown>
#16 0x556946e743d6 <unknown>
#17 0x556946e855e6 <unknown>
#18 0x7fea7f69caa4 <unknown>
#19 0x7fea7f729c3c <unknown>

2025-08-02 12:11:14,963 - INFO - 🎯 [79/87] Applying to: Sr. ETL IDMC Informativa - APM lead Developer - Local to MN or WI Only (Hybrid) - LINK: https://www.dice.com/job-detail/438913f7-c01d-4558-bfe3-65bfa4d74b6e
2025-08-02 12:11:34,191 - ERROR -    ❌ Cannot click apply button: Message: 
Stacktrace:
#0 0x556946e862ca <unknown>
#1 0x55694692d550 <unknown>
#2 0x55694697f0f0 <unknown>
#3 0x55694697f2e1 <unknown>
#4 0x5569469cd5e4 <unknown>
#5 0x5569469a4bed <unknown>
#6 0x5569469ca9e6 <unknown>
#7 0x5569469a4993 <unknown>
#8 0x556946970d6b <unknown>
#9 0x556946972141 <unknown>
#10 0x556946e4b2ab <unknown>
#11 0x556946e4f0b9 <unknown>
#12 0x556946e32139 <unknown>
#13 0x556946e4fc68 <unknown>
#14 0x556946e1660f <unknown>
#15 0x556946e741f8 <unknown>
#16 0x556946e743d6 <unknown>
#17 0x556946e855e6 <unknown>
#18 0x7fea7f69caa4 <unknown>
#19 0x7fea7f729c3c <unknown>

2025-08-02 12:11:43,648 - INFO - 🎯 [80/87] Applying to: Business Analyst 5 - LINK: https://www.dice.com/job-detail/944d81db-cfae-40e5-a5dd-dc42e1e28607
2025-08-02 12:12:03,453 - ERROR -    ❌ Cannot click apply button: Message: 
Stacktrace:
#0 0x556946e862ca <unknown>
#1 0x55694692d550 <unknown>
#2 0x55694697f0f0 <unknown>
#3 0x55694697f2e1 <unknown>
#4 0x5569469cd5e4 <unknown>
#5 0x5569469a4bed <unknown>
#6 0x5569469ca9e6 <unknown>
#7 0x5569469a4993 <unknown>
#8 0x556946970d6b <unknown>
#9 0x556946972141 <unknown>
#10 0x556946e4b2ab <unknown>
#11 0x556946e4f0b9 <unknown>
#12 0x556946e32139 <unknown>
#13 0x556946e4fc68 <unknown>
#14 0x556946e1660f <unknown>
#15 0x556946e741f8 <unknown>
#16 0x556946e743d6 <unknown>
#17 0x556946e855e6 <unknown>
#18 0x7fea7f69caa4 <unknown>
#19 0x7fea7f729c3c <unknown>

2025-08-02 12:12:12,948 - INFO - 🎯 [81/87] Applying to: Backend Engineer (General) - LINK: https://www.dice.com/job-detail/c5c71302-6dff-4014-aa10-8f681a8a0c04
2025-08-02 12:12:28,277 - INFO -    ✅ Successfully applied!
2025-08-02 12:12:37,868 - INFO - 🎯 [82/87] Applying to: Data Governance Consultant - LINK: https://www.dice.com/job-detail/12018ed5-ebcb-4e07-85bc-9e07a2337145
2025-08-02 12:12:54,228 - INFO -    ✅ Successfully applied!
2025-08-02 12:13:03,245 - INFO - 🎯 [83/87] Applying to: ORACLE DEVELOPER - LINK: https://www.dice.com/job-detail/df9cd0f5-6a4d-46d2-93c3-4cde0191ccf7
2025-08-02 12:13:20,320 - INFO -    ✅ Successfully applied!
2025-08-02 12:13:33,114 - INFO - 🎯 [84/87] Applying to: Senior Business Analyst - Media - LINK: https://www.dice.com/job-detail/a3f24944-4945-4d24-8043-a18e317cac46
2025-08-02 12:13:48,346 - INFO -    ✅ Successfully applied!
2025-08-02 12:13:57,264 - INFO - 🎯 [85/87] Applying to: Network / System Engineer - LINK: https://www.dice.com/job-detail/2d839f0b-0f62-4abb-9b6d-e7230a2282ef
2025-08-02 12:14:15,405 - ERROR -    ❌ Cannot click apply button: Message: 
Stacktrace:
#0 0x556946e862ca <unknown>
#1 0x55694692d550 <unknown>
#2 0x55694697f0f0 <unknown>
#3 0x55694697f2e1 <unknown>
#4 0x5569469cd5e4 <unknown>
#5 0x5569469a4bed <unknown>
#6 0x5569469ca9e6 <unknown>
#7 0x5569469a4993 <unknown>
#8 0x556946970d6b <unknown>
#9 0x556946972141 <unknown>
#10 0x556946e4b2ab <unknown>
#11 0x556946e4f0b9 <unknown>
#12 0x556946e32139 <unknown>
#13 0x556946e4fc68 <unknown>
#14 0x556946e1660f <unknown>
#15 0x556946e741f8 <unknown>
#16 0x556946e743d6 <unknown>
#17 0x556946e855e6 <unknown>
#18 0x7fea7f69caa4 <unknown>
#19 0x7fea7f729c3c <unknown>

2025-08-02 12:14:27,623 - INFO - 🎯 [86/87] Applying to: Technical Business Analyst (Commercial Lending) - LINK: https://www.dice.com/job-detail/ba284aa4-f9b1-4760-ad30-fa7e7b5bbc4d
2025-08-02 12:14:43,868 - INFO -    ✅ Successfully applied!
2025-08-02 12:14:53,009 - INFO - 🎯 [87/87] Applying to: ServiceNow Sr Developer - Remote - LINK: https://www.dice.com/job-detail/a3d4ff1b-f2fe-4661-b16e-617c3e1a5868
2025-08-02 12:15:12,249 - ERROR -    ❌ Cannot click apply button: Message: 
Stacktrace:
#0 0x556946e862ca <unknown>
#1 0x55694692d550 <unknown>
#2 0x55694697f0f0 <unknown>
#3 0x55694697f2e1 <unknown>
#4 0x5569469cd5e4 <unknown>
#5 0x5569469a4bed <unknown>
#6 0x5569469ca9e6 <unknown>
#7 0x5569469a4993 <unknown>
#8 0x556946970d6b <unknown>
#9 0x556946972141 <unknown>
#10 0x556946e4b2ab <unknown>
#11 0x556946e4f0b9 <unknown>
#12 0x556946e32139 <unknown>
#13 0x556946e4fc68 <unknown>
#14 0x556946e1660f <unknown>
#15 0x556946e741f8 <unknown>
#16 0x556946e743d6 <unknown>
#17 0x556946e855e6 <unknown>
#18 0x7fea7f69caa4 <unknown>
#19 0x7fea7f729c3c <unknown>

2025-08-02 12:15:15,387 - INFO - 📊 Processing results...
2025-08-02 12:15:15,443 - INFO - 🎉 Application run completed!
2025-08-02 12:15:15,443 - INFO -    ✅ Newly applied: 57
2025-08-02 12:15:15,443 - INFO -    ⏭️  Already applied: 0
2025-08-02 12:15:15,443 - INFO -    ❌ Failed: 30
2025-08-02 12:15:15,443 - INFO -    📊 Total processed: 87
2025-08-02 12:15:15,443 - INFO -    📁 Total jobs in CSV: 4456
2025-08-02 12:15:15,443 - INFO -    💾 Updated: output/final_ml_jobs.csv
2025-08-02 12:15:15,443 - INFO - 🔧 Closing browser...
