2025-08-06 19:43:51,104 - INFO - 🚀 Starting stealth job application bot
2025-08-06 19:44:00,902 - INFO - 📂 Loading jobs from output/final_ml_jobs.csv
2025-08-06 19:44:00,933 - INFO -    📊 Total jobs in file: 4417
2025-08-06 19:44:00,936 - INFO -    🎯 Easy Apply jobs: 4417
2025-08-06 19:44:00,938 - INFO -    ⏳ Jobs to process: 1097 (status: pending)
2025-08-06 19:44:00,938 - INFO - 🎲 Will attempt 58 applications this run (target: 58)
2025-08-06 19:44:00,938 - INFO - 🔑 Logging into Dice...
2025-08-06 19:44:04,367 - INFO - ✅ Login successful
2025-08-06 19:44:07,339 - INFO - 🔄 Starting job applications...
2025-08-06 19:44:07,339 - INFO - 🎯 [1/58] Applying to: Business Analyst - LINK: https://www.dice.com/job-detail/99b2e0a5-4cf5-4189-b2ce-50aa316f0dc7
2025-08-06 19:44:28,759 - ERROR -    ❌ Cannot click apply button: Message: 
Stacktrace:
#0 0x561c96efb2ca <unknown>
#1 0x561c969a2550 <unknown>
#2 0x561c969f40f0 <unknown>
#3 0x561c969f42e1 <unknown>
#4 0x561c96a425e4 <unknown>
#5 0x561c96a19bed <unknown>
#6 0x561c96a3f9e6 <unknown>
#7 0x561c96a19993 <unknown>
#8 0x561c969e5d6b <unknown>
#9 0x561c969e7141 <unknown>
#10 0x561c96ec02ab <unknown>
#11 0x561c96ec40b9 <unknown>
#12 0x561c96ea7139 <unknown>
#13 0x561c96ec4c68 <unknown>
#14 0x561c96e8b60f <unknown>
#15 0x561c96ee91f8 <unknown>
#16 0x561c96ee93d6 <unknown>
#17 0x561c96efa5e6 <unknown>
#18 0x7ff3a689caa4 <unknown>
#19 0x7ff3a6929c3c <unknown>

2025-08-06 19:44:41,202 - INFO - 🎯 [2/58] Applying to: Senior Software Engineer with Teststand and LabView for lisle, IL on W2 basis - LINK: https://www.dice.com/job-detail/3c684d73-b3a5-4667-8117-6075d28408b7
2025-08-06 19:44:57,554 - INFO -    ✅ Successfully applied!
2025-08-06 19:45:07,989 - INFO - 🎯 [3/58] Applying to: Data Scientist - AI, Artificial Intelligenc, Agentic - LINK: https://www.dice.com/job-detail/d1f4930a-b647-4428-9ac4-13bb68bd417c
2025-08-06 19:45:27,323 - ERROR -    ❌ Cannot click apply button: Message: 
Stacktrace:
#0 0x561c96efb2ca <unknown>
#1 0x561c969a2550 <unknown>
#2 0x561c969f40f0 <unknown>
#3 0x561c969f42e1 <unknown>
#4 0x561c96a425e4 <unknown>
#5 0x561c96a19bed <unknown>
#6 0x561c96a3f9e6 <unknown>
#7 0x561c96a19993 <unknown>
#8 0x561c969e5d6b <unknown>
#9 0x561c969e7141 <unknown>
#10 0x561c96ec02ab <unknown>
#11 0x561c96ec40b9 <unknown>
#12 0x561c96ea7139 <unknown>
#13 0x561c96ec4c68 <unknown>
#14 0x561c96e8b60f <unknown>
#15 0x561c96ee91f8 <unknown>
#16 0x561c96ee93d6 <unknown>
#17 0x561c96efa5e6 <unknown>
#18 0x7ff3a689caa4 <unknown>
#19 0x7ff3a6929c3c <unknown>

2025-08-06 19:45:39,005 - INFO - 🎯 [4/58] Applying to: Senior Business Analyst - LINK: https://www.dice.com/job-detail/098f3ba8-174f-407f-9adb-9a0b6bd9aa0c
2025-08-06 19:45:54,123 - INFO -    ✅ Successfully applied!
2025-08-06 19:46:03,769 - INFO - 🎯 [5/58] Applying to: Sitecore Full Stack Developer/Sitecore CMS Specialist React/.NET Stack - LINK: https://www.dice.com/job-detail/d5f4d795-f670-4091-9841-90aab0937772
2025-08-06 19:46:19,244 - INFO -    ✅ Successfully applied!
2025-08-06 19:46:27,584 - INFO - 🎯 [6/58] Applying to: Lead Web Developer - PHP, Vue 3, MySQL, AWS - G - LINK: https://www.dice.com/job-detail/cfc5e55f-64f4-42dd-a7d3-80a002e2e1f5
2025-08-06 19:46:43,859 - INFO -    ✅ Successfully applied!
2025-08-06 19:46:52,605 - INFO - 🎯 [7/58] Applying to: Data Engineer - LINK: https://www.dice.com/job-detail/9bdbb80c-8363-4420-aaee-874649d3fce1
2025-08-06 19:47:08,052 - INFO -    ✅ Successfully applied!
2025-08-06 19:47:19,427 - INFO - 🎯 [8/58] Applying to: URGENT NEED - "ASP.NET Alfresco Developer - REMOTE" - LINK: https://www.dice.com/job-detail/1367a48b-f255-4a5b-8660-c4372cb923af
2025-08-06 19:47:35,717 - INFO -    ✅ Successfully applied!
2025-08-06 19:47:46,974 - INFO - 🎯 [9/58] Applying to: AWS Cloud Engineer - LINK: https://www.dice.com/job-detail/45379cb1-db5b-40ce-8a86-615aa300afb8
2025-08-06 19:48:07,422 - ERROR -    ❌ Cannot click apply button: Message: 
Stacktrace:
#0 0x561c96efb2ca <unknown>
#1 0x561c969a2550 <unknown>
#2 0x561c969f40f0 <unknown>
#3 0x561c969f42e1 <unknown>
#4 0x561c96a425e4 <unknown>
#5 0x561c96a19bed <unknown>
#6 0x561c96a3f9e6 <unknown>
#7 0x561c96a19993 <unknown>
#8 0x561c969e5d6b <unknown>
#9 0x561c969e7141 <unknown>
#10 0x561c96ec02ab <unknown>
#11 0x561c96ec40b9 <unknown>
#12 0x561c96ea7139 <unknown>
#13 0x561c96ec4c68 <unknown>
#14 0x561c96e8b60f <unknown>
#15 0x561c96ee91f8 <unknown>
#16 0x561c96ee93d6 <unknown>
#17 0x561c96efa5e6 <unknown>
#18 0x7ff3a689caa4 <unknown>
#19 0x7ff3a6929c3c <unknown>

2025-08-06 19:48:13,927 - INFO - 🎯 [10/58] Applying to: Data Scientist - LINK: https://www.dice.com/job-detail/3c714a6d-8cb5-42ef-ae68-efa43270c62b
2025-08-06 19:48:29,893 - INFO -    ✅ Successfully applied!
2025-08-06 19:48:41,134 - INFO - 🎯 [11/58] Applying to: QA SDET Consultant - No C2C - Onsight Role - LINK: https://www.dice.com/job-detail/d9f7c1c9-7125-4f61-b7e2-1eeb2514c8d0
2025-08-06 19:48:58,927 - INFO -    ✅ Successfully applied!
2025-08-06 19:49:08,870 - INFO - 🎯 [12/58] Applying to: Data Architect - LINK: https://www.dice.com/job-detail/36c8f41b-73b2-4648-88db-0fde074dd908
2025-08-06 19:49:23,378 - INFO -    ✅ Successfully applied!
2025-08-06 19:49:34,298 - INFO - 🎯 [13/58] Applying to: Go Developer - LINK: https://www.dice.com/job-detail/50e42f35-e450-4d01-9497-d0a479ed62e3
2025-08-06 19:49:53,362 - ERROR -    ❌ Cannot click apply button: Message: 
Stacktrace:
#0 0x561c96efb2ca <unknown>
#1 0x561c969a2550 <unknown>
#2 0x561c969f40f0 <unknown>
#3 0x561c969f42e1 <unknown>
#4 0x561c96a425e4 <unknown>
#5 0x561c96a19bed <unknown>
#6 0x561c96a3f9e6 <unknown>
#7 0x561c96a19993 <unknown>
#8 0x561c969e5d6b <unknown>
#9 0x561c969e7141 <unknown>
#10 0x561c96ec02ab <unknown>
#11 0x561c96ec40b9 <unknown>
#12 0x561c96ea7139 <unknown>
#13 0x561c96ec4c68 <unknown>
#14 0x561c96e8b60f <unknown>
#15 0x561c96ee91f8 <unknown>
#16 0x561c96ee93d6 <unknown>
#17 0x561c96efa5e6 <unknown>
#18 0x7ff3a689caa4 <unknown>
#19 0x7ff3a6929c3c <unknown>

2025-08-06 19:50:03,669 - INFO - 🎯 [14/58] Applying to: Business Analyst - LINK: https://www.dice.com/job-detail/52204446-1ae2-43dc-a839-a8a3a2417d73
2025-08-06 19:50:23,152 - ERROR -    ❌ Cannot click apply button: Message: 
Stacktrace:
#0 0x561c96efb2ca <unknown>
#1 0x561c969a2550 <unknown>
#2 0x561c969f40f0 <unknown>
#3 0x561c969f42e1 <unknown>
#4 0x561c96a425e4 <unknown>
#5 0x561c96a19bed <unknown>
#6 0x561c96a3f9e6 <unknown>
#7 0x561c96a19993 <unknown>
#8 0x561c969e5d6b <unknown>
#9 0x561c969e7141 <unknown>
#10 0x561c96ec02ab <unknown>
#11 0x561c96ec40b9 <unknown>
#12 0x561c96ea7139 <unknown>
#13 0x561c96ec4c68 <unknown>
#14 0x561c96e8b60f <unknown>
#15 0x561c96ee91f8 <unknown>
#16 0x561c96ee93d6 <unknown>
#17 0x561c96efa5e6 <unknown>
#18 0x7ff3a689caa4 <unknown>
#19 0x7ff3a6929c3c <unknown>

2025-08-06 19:50:33,992 - INFO - 🎯 [15/58] Applying to: Data Engineer (Onsite) - Detroit MI - LINK: https://www.dice.com/job-detail/7dfe15b3-be7a-41d6-8a71-b8dea2d209c0
2025-08-06 19:50:52,561 - ERROR -    ❌ Cannot click apply button: Message: 
Stacktrace:
#0 0x561c96efb2ca <unknown>
#1 0x561c969a2550 <unknown>
#2 0x561c969f40f0 <unknown>
#3 0x561c969f42e1 <unknown>
#4 0x561c96a425e4 <unknown>
#5 0x561c96a19bed <unknown>
#6 0x561c96a3f9e6 <unknown>
#7 0x561c96a19993 <unknown>
#8 0x561c969e5d6b <unknown>
#9 0x561c969e7141 <unknown>
#10 0x561c96ec02ab <unknown>
#11 0x561c96ec40b9 <unknown>
#12 0x561c96ea7139 <unknown>
#13 0x561c96ec4c68 <unknown>
#14 0x561c96e8b60f <unknown>
#15 0x561c96ee91f8 <unknown>
#16 0x561c96ee93d6 <unknown>
#17 0x561c96efa5e6 <unknown>
#18 0x7ff3a689caa4 <unknown>
#19 0x7ff3a6929c3c <unknown>

2025-08-06 19:51:01,808 - INFO - 🎯 [16/58] Applying to: Oracle Cloud OTM Consultant --Atlanta, GA--Onsite - LINK: https://www.dice.com/job-detail/46979c37-e9c3-4394-96a0-bc62f489f3e4
2025-08-06 19:51:21,118 - ERROR -    ❌ Cannot click apply button: Message: 
Stacktrace:
#0 0x561c96efb2ca <unknown>
#1 0x561c969a2550 <unknown>
#2 0x561c969f40f0 <unknown>
#3 0x561c969f42e1 <unknown>
#4 0x561c96a425e4 <unknown>
#5 0x561c96a19bed <unknown>
#6 0x561c96a3f9e6 <unknown>
#7 0x561c96a19993 <unknown>
#8 0x561c969e5d6b <unknown>
#9 0x561c969e7141 <unknown>
#10 0x561c96ec02ab <unknown>
#11 0x561c96ec40b9 <unknown>
#12 0x561c96ea7139 <unknown>
#13 0x561c96ec4c68 <unknown>
#14 0x561c96e8b60f <unknown>
#15 0x561c96ee91f8 <unknown>
#16 0x561c96ee93d6 <unknown>
#17 0x561c96efa5e6 <unknown>
#18 0x7ff3a689caa4 <unknown>
#19 0x7ff3a6929c3c <unknown>

2025-08-06 19:51:31,922 - INFO - 🎯 [17/58] Applying to: Sr.Business developer Manager - LINK: https://www.dice.com/job-detail/c9284ad3-7884-4f8d-858d-58b3d0371a71
2025-08-06 19:51:50,623 - ERROR -    ❌ Cannot click apply button: Message: 
Stacktrace:
#0 0x561c96efb2ca <unknown>
#1 0x561c969a2550 <unknown>
#2 0x561c969f40f0 <unknown>
#3 0x561c969f42e1 <unknown>
#4 0x561c96a425e4 <unknown>
#5 0x561c96a19bed <unknown>
#6 0x561c96a3f9e6 <unknown>
#7 0x561c96a19993 <unknown>
#8 0x561c969e5d6b <unknown>
#9 0x561c969e7141 <unknown>
#10 0x561c96ec02ab <unknown>
#11 0x561c96ec40b9 <unknown>
#12 0x561c96ea7139 <unknown>
#13 0x561c96ec4c68 <unknown>
#14 0x561c96e8b60f <unknown>
#15 0x561c96ee91f8 <unknown>
#16 0x561c96ee93d6 <unknown>
#17 0x561c96efa5e6 <unknown>
#18 0x7ff3a689caa4 <unknown>
#19 0x7ff3a6929c3c <unknown>

2025-08-06 19:51:59,675 - INFO - 🎯 [18/58] Applying to: Data Engineer - LINK: https://www.dice.com/job-detail/373f4887-8fef-4faf-bbfd-eea6f483b33d
2025-08-06 19:52:14,272 - INFO -    ✅ Successfully applied!
2025-08-06 19:52:25,604 - INFO - 🎯 [19/58] Applying to: Data Analyst - LINK: https://www.dice.com/job-detail/877882b9-6b4a-4035-b464-5cb3b14e4384
2025-08-06 19:52:42,668 - INFO -    ✅ Successfully applied!
2025-08-06 19:52:52,502 - INFO - 🎯 [20/58] Applying to: Electrical Engineer - LINK: https://www.dice.com/job-detail/d1159368-ad12-4d45-a85c-7a918dc55baa
2025-08-06 19:53:06,908 - INFO -    ✅ Successfully applied!
2025-08-06 19:53:17,162 - INFO - 🎯 [21/58] Applying to: Mainframe IMS Engineer - LINK: https://www.dice.com/job-detail/c48feb22-3d96-48a5-a9b1-a68501de71ba
2025-08-06 19:53:36,086 - ERROR -    ❌ Cannot click apply button: Message: 
Stacktrace:
#0 0x561c96efb2ca <unknown>
#1 0x561c969a2550 <unknown>
#2 0x561c969f40f0 <unknown>
#3 0x561c969f42e1 <unknown>
#4 0x561c96a425e4 <unknown>
#5 0x561c96a19bed <unknown>
#6 0x561c96a3f9e6 <unknown>
#7 0x561c96a19993 <unknown>
#8 0x561c969e5d6b <unknown>
#9 0x561c969e7141 <unknown>
#10 0x561c96ec02ab <unknown>
#11 0x561c96ec40b9 <unknown>
#12 0x561c96ea7139 <unknown>
#13 0x561c96ec4c68 <unknown>
#14 0x561c96e8b60f <unknown>
#15 0x561c96ee91f8 <unknown>
#16 0x561c96ee93d6 <unknown>
#17 0x561c96efa5e6 <unknown>
#18 0x7ff3a689caa4 <unknown>
#19 0x7ff3a6929c3c <unknown>

2025-08-06 19:53:45,422 - INFO - 🎯 [22/58] Applying to: Supply Chain Analyst/ Data Analyst - Remote - LINK: https://www.dice.com/job-detail/d0471f29-3e50-4bda-8d66-2b32598f1748
2025-08-06 19:54:04,311 - ERROR -    ❌ Cannot click apply button: Message: 
Stacktrace:
#0 0x561c96efb2ca <unknown>
#1 0x561c969a2550 <unknown>
#2 0x561c969f40f0 <unknown>
#3 0x561c969f42e1 <unknown>
#4 0x561c96a425e4 <unknown>
#5 0x561c96a19bed <unknown>
#6 0x561c96a3f9e6 <unknown>
#7 0x561c96a19993 <unknown>
#8 0x561c969e5d6b <unknown>
#9 0x561c969e7141 <unknown>
#10 0x561c96ec02ab <unknown>
#11 0x561c96ec40b9 <unknown>
#12 0x561c96ea7139 <unknown>
#13 0x561c96ec4c68 <unknown>
#14 0x561c96e8b60f <unknown>
#15 0x561c96ee91f8 <unknown>
#16 0x561c96ee93d6 <unknown>
#17 0x561c96efa5e6 <unknown>
#18 0x7ff3a689caa4 <unknown>
#19 0x7ff3a6929c3c <unknown>

2025-08-06 19:54:15,170 - INFO - 🎯 [23/58] Applying to: Need submission details for Senior Java Developer or Solution Architect Spring Boot, New York, NY ,On-site - LINK: https://www.dice.com/job-detail/c7a302f0-74fa-4d4c-8534-2be49bc8220c
2025-08-06 19:54:34,543 - ERROR -    ❌ Cannot click apply button: Message: 
Stacktrace:
#0 0x561c96efb2ca <unknown>
#1 0x561c969a2550 <unknown>
#2 0x561c969f40f0 <unknown>
#3 0x561c969f42e1 <unknown>
#4 0x561c96a425e4 <unknown>
#5 0x561c96a19bed <unknown>
#6 0x561c96a3f9e6 <unknown>
#7 0x561c96a19993 <unknown>
#8 0x561c969e5d6b <unknown>
#9 0x561c969e7141 <unknown>
#10 0x561c96ec02ab <unknown>
#11 0x561c96ec40b9 <unknown>
#12 0x561c96ea7139 <unknown>
#13 0x561c96ec4c68 <unknown>
#14 0x561c96e8b60f <unknown>
#15 0x561c96ee91f8 <unknown>
#16 0x561c96ee93d6 <unknown>
#17 0x561c96efa5e6 <unknown>
#18 0x7ff3a689caa4 <unknown>
#19 0x7ff3a6929c3c <unknown>

2025-08-06 19:54:43,931 - INFO - 🎯 [24/58] Applying to: Data analyst - 10+ Years of Experience - LINK: https://www.dice.com/job-detail/f54c3b1f-1d46-4af2-8606-9176a67ab280
2025-08-06 19:55:03,501 - ERROR -    ❌ Cannot click apply button: Message: 
Stacktrace:
#0 0x561c96efb2ca <unknown>
#1 0x561c969a2550 <unknown>
#2 0x561c969f40f0 <unknown>
#3 0x561c969f42e1 <unknown>
#4 0x561c96a425e4 <unknown>
#5 0x561c96a19bed <unknown>
#6 0x561c96a3f9e6 <unknown>
#7 0x561c96a19993 <unknown>
#8 0x561c969e5d6b <unknown>
#9 0x561c969e7141 <unknown>
#10 0x561c96ec02ab <unknown>
#11 0x561c96ec40b9 <unknown>
#12 0x561c96ea7139 <unknown>
#13 0x561c96ec4c68 <unknown>
#14 0x561c96e8b60f <unknown>
#15 0x561c96ee91f8 <unknown>
#16 0x561c96ee93d6 <unknown>
#17 0x561c96efa5e6 <unknown>
#18 0x7ff3a689caa4 <unknown>
#19 0x7ff3a6929c3c <unknown>

2025-08-06 19:55:12,865 - INFO - 🎯 [25/58] Applying to: Data engineer - Pyspark developer - LINK: https://www.dice.com/job-detail/d86f3cd5-d9c5-4f05-8ade-61be255b0323
2025-08-06 19:55:32,671 - ERROR -    ❌ Cannot click apply button: Message: 
Stacktrace:
#0 0x561c96efb2ca <unknown>
#1 0x561c969a2550 <unknown>
#2 0x561c969f40f0 <unknown>
#3 0x561c969f42e1 <unknown>
#4 0x561c96a425e4 <unknown>
#5 0x561c96a19bed <unknown>
#6 0x561c96a3f9e6 <unknown>
#7 0x561c96a19993 <unknown>
#8 0x561c969e5d6b <unknown>
#9 0x561c969e7141 <unknown>
#10 0x561c96ec02ab <unknown>
#11 0x561c96ec40b9 <unknown>
#12 0x561c96ea7139 <unknown>
#13 0x561c96ec4c68 <unknown>
#14 0x561c96e8b60f <unknown>
#15 0x561c96ee91f8 <unknown>
#16 0x561c96ee93d6 <unknown>
#17 0x561c96efa5e6 <unknown>
#18 0x7ff3a689caa4 <unknown>
#19 0x7ff3a6929c3c <unknown>

2025-08-06 19:55:42,411 - INFO - 🎯 [26/58] Applying to: Senior Data Engineer with Unity Catalog (Onsite Position) - LINK: https://www.dice.com/job-detail/138fe4ee-472c-46f7-827f-c8ab6fee7d83
2025-08-06 19:55:56,377 - INFO -    ✅ Successfully applied!
2025-08-06 19:56:06,299 - INFO - 🎯 [27/58] Applying to: Business Analyst - LINK: https://www.dice.com/job-detail/36874473-4b55-4c84-851c-c2cf08e15560
2025-08-06 19:56:23,459 - INFO -    ✅ Successfully applied!
2025-08-06 19:56:32,546 - INFO - 🎯 [28/58] Applying to: Python Developer with AI Experience - Sagemaker, Gen AI - onsite in Reston, VA - LINK: https://www.dice.com/job-detail/7d7e98fb-dee2-4984-a89a-88e1285146d5
2025-08-06 19:56:52,454 - ERROR -    ❌ Cannot click apply button: Message: 
Stacktrace:
#0 0x561c96efb2ca <unknown>
#1 0x561c969a2550 <unknown>
#2 0x561c969f40f0 <unknown>
#3 0x561c969f42e1 <unknown>
#4 0x561c96a425e4 <unknown>
#5 0x561c96a19bed <unknown>
#6 0x561c96a3f9e6 <unknown>
#7 0x561c96a19993 <unknown>
#8 0x561c969e5d6b <unknown>
#9 0x561c969e7141 <unknown>
#10 0x561c96ec02ab <unknown>
#11 0x561c96ec40b9 <unknown>
#12 0x561c96ea7139 <unknown>
#13 0x561c96ec4c68 <unknown>
#14 0x561c96e8b60f <unknown>
#15 0x561c96ee91f8 <unknown>
#16 0x561c96ee93d6 <unknown>
#17 0x561c96efa5e6 <unknown>
#18 0x7ff3a689caa4 <unknown>
#19 0x7ff3a6929c3c <unknown>

2025-08-06 19:57:02,681 - INFO - 🎯 [29/58] Applying to: Senior Business Analyst - LINK: https://www.dice.com/job-detail/f67e78f1-ab53-4ba5-8961-8e3301c57ed6
2025-08-06 19:57:16,514 - INFO -    ✅ Successfully applied!
2025-08-06 19:57:26,546 - INFO - 🎯 [30/58] Applying to: Gen AI Product Owner - LINK: https://www.dice.com/job-detail/1f1b20d4-58ad-4cd8-b302-9619c412ca5c
2025-08-06 19:57:43,480 - INFO -    ✅ Successfully applied!
2025-08-06 19:57:52,094 - INFO - 🎯 [31/58] Applying to: Security Engineer - LINK: https://www.dice.com/job-detail/2ca85ee5-6033-41ac-ac41-32382c34361b
2025-08-06 19:58:10,938 - ERROR -    ❌ Cannot click apply button: Message: 
Stacktrace:
#0 0x561c96efb2ca <unknown>
#1 0x561c969a2550 <unknown>
#2 0x561c969f40f0 <unknown>
#3 0x561c969f42e1 <unknown>
#4 0x561c96a425e4 <unknown>
#5 0x561c96a19bed <unknown>
#6 0x561c96a3f9e6 <unknown>
#7 0x561c96a19993 <unknown>
#8 0x561c969e5d6b <unknown>
#9 0x561c969e7141 <unknown>
#10 0x561c96ec02ab <unknown>
#11 0x561c96ec40b9 <unknown>
#12 0x561c96ea7139 <unknown>
#13 0x561c96ec4c68 <unknown>
#14 0x561c96e8b60f <unknown>
#15 0x561c96ee91f8 <unknown>
#16 0x561c96ee93d6 <unknown>
#17 0x561c96efa5e6 <unknown>
#18 0x7ff3a689caa4 <unknown>
#19 0x7ff3a6929c3c <unknown>

2025-08-06 19:58:21,970 - INFO - 🎯 [32/58] Applying to: Sr. Full Stack Java Engineer - LINK: https://www.dice.com/job-detail/41c63d45-cc0e-410c-802c-f49a8219d8e2
2025-08-06 19:58:38,548 - INFO -    ✅ Successfully applied!
2025-08-06 19:58:45,869 - INFO - 🎯 [33/58] Applying to: Lead Engineer - LINK: https://www.dice.com/job-detail/336fae85-9a9e-4929-95e9-c19f34589092
2025-08-06 19:59:02,159 - INFO -    ✅ Successfully applied!
2025-08-06 19:59:10,993 - INFO - 🎯 [34/58] Applying to: Sr. Java Engineer-Onsite in Indianapolis - LINK: https://www.dice.com/job-detail/e77794d2-263d-4589-aec7-c83e7b9c4c64
2025-08-06 19:59:27,861 - INFO -    ✅ Successfully applied!
2025-08-06 19:59:35,956 - INFO - 🎯 [35/58] Applying to: Security Architect Premium III - LINK: https://www.dice.com/job-detail/968eed7e-865f-4b3b-aad5-77140f022f40
2025-08-06 19:59:51,714 - INFO -    ✅ Successfully applied!
2025-08-06 20:00:03,059 - INFO - 🎯 [36/58] Applying to: Gen AI Solution Architect - LINK: https://www.dice.com/job-detail/932964dd-1ace-4432-aa95-aeb74cc9cfd8
2025-08-06 20:00:17,672 - INFO -    ✅ Successfully applied!
2025-08-06 20:00:28,537 - INFO - 🎯 [37/58] Applying to: UiPath RPA Developer -Denver, CO-Day 1 onsite - LINK: https://www.dice.com/job-detail/1fa8402d-80d5-45c3-8a6c-7579c8216fa9
2025-08-06 20:00:47,836 - ERROR -    ❌ Cannot click apply button: Message: 
Stacktrace:
#0 0x561c96efb2ca <unknown>
#1 0x561c969a2550 <unknown>
#2 0x561c969f40f0 <unknown>
#3 0x561c969f42e1 <unknown>
#4 0x561c96a425e4 <unknown>
#5 0x561c96a19bed <unknown>
#6 0x561c96a3f9e6 <unknown>
#7 0x561c96a19993 <unknown>
#8 0x561c969e5d6b <unknown>
#9 0x561c969e7141 <unknown>
#10 0x561c96ec02ab <unknown>
#11 0x561c96ec40b9 <unknown>
#12 0x561c96ea7139 <unknown>
#13 0x561c96ec4c68 <unknown>
#14 0x561c96e8b60f <unknown>
#15 0x561c96ee91f8 <unknown>
#16 0x561c96ee93d6 <unknown>
#17 0x561c96efa5e6 <unknown>
#18 0x7ff3a689caa4 <unknown>
#19 0x7ff3a6929c3c <unknown>

2025-08-06 20:00:57,028 - INFO - 🎯 [38/58] Applying to: Azure Data Scientist - W2 (H1B/OPT) Accepted - LINK: https://www.dice.com/job-detail/acc34719-d845-4720-8907-5f9d1a0052cb
2025-08-06 20:01:13,481 - INFO -    ✅ Successfully applied!
2025-08-06 20:01:25,450 - INFO - 🎯 [39/58] Applying to: Senior Software Engineer (Python Developer) - LINK: https://www.dice.com/job-detail/b9ed7817-7a32-4de0-8a86-38742e44b676
2025-08-06 20:01:43,287 - INFO -    ✅ Successfully applied!
2025-08-06 20:01:53,373 - INFO - 🎯 [40/58] Applying to: Data Engineer(W2 Opportunity) - LINK: https://www.dice.com/job-detail/68c57279-60ee-4a67-9d04-68f6620f187d
2025-08-06 20:02:09,789 - INFO -    ✅ Successfully applied!
2025-08-06 20:02:20,807 - INFO - 🎯 [41/58] Applying to: Sr. Business Analyst (Hybrid) - LINK: https://www.dice.com/job-detail/e4aa1cb6-f29f-4a62-810e-d7d7711ac31f
2025-08-06 20:02:40,747 - ERROR -    ❌ Cannot click apply button: Message: 
Stacktrace:
#0 0x561c96efb2ca <unknown>
#1 0x561c969a2550 <unknown>
#2 0x561c969f40f0 <unknown>
#3 0x561c969f42e1 <unknown>
#4 0x561c96a425e4 <unknown>
#5 0x561c96a19bed <unknown>
#6 0x561c96a3f9e6 <unknown>
#7 0x561c96a19993 <unknown>
#8 0x561c969e5d6b <unknown>
#9 0x561c969e7141 <unknown>
#10 0x561c96ec02ab <unknown>
#11 0x561c96ec40b9 <unknown>
#12 0x561c96ea7139 <unknown>
#13 0x561c96ec4c68 <unknown>
#14 0x561c96e8b60f <unknown>
#15 0x561c96ee91f8 <unknown>
#16 0x561c96ee93d6 <unknown>
#17 0x561c96efa5e6 <unknown>
#18 0x7ff3a689caa4 <unknown>
#19 0x7ff3a6929c3c <unknown>

2025-08-06 20:02:49,707 - INFO - 🎯 [42/58] Applying to: Java Developer (Onsite) - LINK: https://www.dice.com/job-detail/26d1c7a1-3c29-49c0-a053-0219807d6051
2025-08-06 20:03:08,685 - ERROR -    ❌ Cannot click apply button: Message: 
Stacktrace:
#0 0x561c96efb2ca <unknown>
#1 0x561c969a2550 <unknown>
#2 0x561c969f40f0 <unknown>
#3 0x561c969f42e1 <unknown>
#4 0x561c96a425e4 <unknown>
#5 0x561c96a19bed <unknown>
#6 0x561c96a3f9e6 <unknown>
#7 0x561c96a19993 <unknown>
#8 0x561c969e5d6b <unknown>
#9 0x561c969e7141 <unknown>
#10 0x561c96ec02ab <unknown>
#11 0x561c96ec40b9 <unknown>
#12 0x561c96ea7139 <unknown>
#13 0x561c96ec4c68 <unknown>
#14 0x561c96e8b60f <unknown>
#15 0x561c96ee91f8 <unknown>
#16 0x561c96ee93d6 <unknown>
#17 0x561c96efa5e6 <unknown>
#18 0x7ff3a689caa4 <unknown>
#19 0x7ff3a6929c3c <unknown>

2025-08-06 20:03:21,409 - INFO - 🎯 [43/58] Applying to: Banking Business Analyst - LINK: https://www.dice.com/job-detail/1321ad6e-d581-46d1-b6ec-42a7057b727a
2025-08-06 20:03:35,584 - INFO -    ✅ Successfully applied!
2025-08-06 20:03:44,010 - INFO - 🎯 [44/58] Applying to: Senior Cloud Data Architect - LINK: https://www.dice.com/job-detail/8d923f75-7b2c-43eb-a3cf-4229e6b75827
2025-08-06 20:04:01,420 - INFO -    ✅ Successfully applied!
2025-08-06 20:04:12,327 - INFO - 🎯 [45/58] Applying to: QA Architect - LINK: https://www.dice.com/job-detail/1f7e3165-954a-469b-a4f9-b454e4ea4ba1
2025-08-06 20:04:30,969 - ERROR -    ❌ Cannot click apply button: Message: 
Stacktrace:
#0 0x561c96efb2ca <unknown>
#1 0x561c969a2550 <unknown>
#2 0x561c969f40f0 <unknown>
#3 0x561c969f42e1 <unknown>
#4 0x561c96a425e4 <unknown>
#5 0x561c96a19bed <unknown>
#6 0x561c96a3f9e6 <unknown>
#7 0x561c96a19993 <unknown>
#8 0x561c969e5d6b <unknown>
#9 0x561c969e7141 <unknown>
#10 0x561c96ec02ab <unknown>
#11 0x561c96ec40b9 <unknown>
#12 0x561c96ea7139 <unknown>
#13 0x561c96ec4c68 <unknown>
#14 0x561c96e8b60f <unknown>
#15 0x561c96ee91f8 <unknown>
#16 0x561c96ee93d6 <unknown>
#17 0x561c96efa5e6 <unknown>
#18 0x7ff3a689caa4 <unknown>
#19 0x7ff3a6929c3c <unknown>

2025-08-06 20:04:38,219 - INFO - 🎯 [46/58] Applying to: Manager of AWS Cloud Engineering - LINK: https://www.dice.com/job-detail/fa272e0a-f740-4663-b77e-fa438865c6fc
2025-08-06 20:04:54,597 - INFO -    ✅ Successfully applied!
2025-08-06 20:05:04,282 - INFO - 🎯 [47/58] Applying to: Full Time Neo4j Graph Data Scientist Experience with Neo4j Database is MUST With banking Sector Full Time At Multiple Locations Pittsburgh& Dallas &Cleveland - LINK: https://www.dice.com/job-detail/d70d7362-58e4-4788-92a4-d25747687422
2025-08-06 20:05:23,310 - ERROR -    ❌ Cannot click apply button: Message: 
Stacktrace:
#0 0x561c96efb2ca <unknown>
#1 0x561c969a2550 <unknown>
#2 0x561c969f40f0 <unknown>
#3 0x561c969f42e1 <unknown>
#4 0x561c96a425e4 <unknown>
#5 0x561c96a19bed <unknown>
#6 0x561c96a3f9e6 <unknown>
#7 0x561c96a19993 <unknown>
#8 0x561c969e5d6b <unknown>
#9 0x561c969e7141 <unknown>
#10 0x561c96ec02ab <unknown>
#11 0x561c96ec40b9 <unknown>
#12 0x561c96ea7139 <unknown>
#13 0x561c96ec4c68 <unknown>
#14 0x561c96e8b60f <unknown>
#15 0x561c96ee91f8 <unknown>
#16 0x561c96ee93d6 <unknown>
#17 0x561c96efa5e6 <unknown>
#18 0x7ff3a689caa4 <unknown>
#19 0x7ff3a6929c3c <unknown>

2025-08-06 20:05:32,268 - INFO - 🎯 [48/58] Applying to: Database Applications Developer - LINK: https://www.dice.com/job-detail/0564d7c2-45f7-4292-89c9-96b976b844c6
2025-08-06 20:05:51,404 - ERROR -    ❌ Cannot click apply button: Message: 
Stacktrace:
#0 0x561c96efb2ca <unknown>
#1 0x561c969a2550 <unknown>
#2 0x561c969f40f0 <unknown>
#3 0x561c969f42e1 <unknown>
#4 0x561c96a425e4 <unknown>
#5 0x561c96a19bed <unknown>
#6 0x561c96a3f9e6 <unknown>
#7 0x561c96a19993 <unknown>
#8 0x561c969e5d6b <unknown>
#9 0x561c969e7141 <unknown>
#10 0x561c96ec02ab <unknown>
#11 0x561c96ec40b9 <unknown>
#12 0x561c96ea7139 <unknown>
#13 0x561c96ec4c68 <unknown>
#14 0x561c96e8b60f <unknown>
#15 0x561c96ee91f8 <unknown>
#16 0x561c96ee93d6 <unknown>
#17 0x561c96efa5e6 <unknown>
#18 0x7ff3a689caa4 <unknown>
#19 0x7ff3a6929c3c <unknown>

2025-08-06 20:06:00,976 - INFO - 🎯 [49/58] Applying to: Cloud Data Engineer - LINK: https://www.dice.com/job-detail/9b5cb0d5-3d72-448e-a6f2-5e4f5c76c60e
2025-08-06 20:06:17,742 - INFO -    ✅ Successfully applied!
2025-08-06 20:06:29,070 - INFO - 🎯 [50/58] Applying to: Digital Accessibility Business Analyst - DABA 25-26046 - LINK: https://www.dice.com/job-detail/60929e6a-2681-4b50-9d6e-3630e5ef9a41
2025-08-06 20:06:47,960 - ERROR -    ❌ Cannot click apply button: Message: 
Stacktrace:
#0 0x561c96efb2ca <unknown>
#1 0x561c969a2550 <unknown>
#2 0x561c969f40f0 <unknown>
#3 0x561c969f42e1 <unknown>
#4 0x561c96a425e4 <unknown>
#5 0x561c96a19bed <unknown>
#6 0x561c96a3f9e6 <unknown>
#7 0x561c96a19993 <unknown>
#8 0x561c969e5d6b <unknown>
#9 0x561c969e7141 <unknown>
#10 0x561c96ec02ab <unknown>
#11 0x561c96ec40b9 <unknown>
#12 0x561c96ea7139 <unknown>
#13 0x561c96ec4c68 <unknown>
#14 0x561c96e8b60f <unknown>
#15 0x561c96ee91f8 <unknown>
#16 0x561c96ee93d6 <unknown>
#17 0x561c96efa5e6 <unknown>
#18 0x7ff3a689caa4 <unknown>
#19 0x7ff3a6929c3c <unknown>

2025-08-06 20:06:58,700 - INFO - 🎯 [51/58] Applying to: AI Solution Architect - Remote / Telecommute - LINK: https://www.dice.com/job-detail/0d8ce87a-f103-46f1-bccd-e644e00f80bf
2025-08-06 20:07:18,784 - ERROR -    ❌ Cannot click apply button: Message: 
Stacktrace:
#0 0x561c96efb2ca <unknown>
#1 0x561c969a2550 <unknown>
#2 0x561c969f40f0 <unknown>
#3 0x561c969f42e1 <unknown>
#4 0x561c96a425e4 <unknown>
#5 0x561c96a19bed <unknown>
#6 0x561c96a3f9e6 <unknown>
#7 0x561c96a19993 <unknown>
#8 0x561c969e5d6b <unknown>
#9 0x561c969e7141 <unknown>
#10 0x561c96ec02ab <unknown>
#11 0x561c96ec40b9 <unknown>
#12 0x561c96ea7139 <unknown>
#13 0x561c96ec4c68 <unknown>
#14 0x561c96e8b60f <unknown>
#15 0x561c96ee91f8 <unknown>
#16 0x561c96ee93d6 <unknown>
#17 0x561c96efa5e6 <unknown>
#18 0x7ff3a689caa4 <unknown>
#19 0x7ff3a6929c3c <unknown>

2025-08-06 20:07:28,454 - INFO - 🎯 [52/58] Applying to: Google Cloud Platform Data Engineer | Python | Only W2 - LINK: https://www.dice.com/job-detail/18925577-558b-48fa-a1ce-82e976041ca3
2025-08-06 20:07:44,391 - INFO -    ✅ Successfully applied!
2025-08-06 20:07:53,084 - INFO - 🎯 [53/58] Applying to: SAP ABAP Technical Consultant - LINK: https://www.dice.com/job-detail/1f26afc0-6fb9-42bd-ad73-21b3155fb3d2
2025-08-06 20:08:07,663 - INFO -    ✅ Successfully applied!
2025-08-06 20:08:18,899 - INFO - 🎯 [54/58] Applying to: Cybersecurity Operations Engineer #8677 - LINK: https://www.dice.com/job-detail/0943ca41-1223-466d-b01d-ef00b317a579
2025-08-06 20:08:35,549 - INFO -    ✅ Successfully applied!
2025-08-06 20:08:46,591 - INFO - 🎯 [55/58] Applying to: Expert Software Developer AWS, Informatica, Python - LINK: https://www.dice.com/job-detail/74930731-fcb8-40df-81e0-1748e6cda1c1
2025-08-06 20:09:03,746 - INFO -    ✅ Successfully applied!
2025-08-06 20:09:12,831 - INFO - 🎯 [56/58] Applying to: Healthcare EDI Business Analyst - ONLY W2 - DC, MD, VA - LINK: https://www.dice.com/job-detail/04b0e9f0-c54b-4810-ae79-f5119f4e6fe0
2025-08-06 20:09:29,274 - INFO -    ✅ Successfully applied!
2025-08-06 20:09:39,268 - INFO - 🎯 [57/58] Applying to: Lead Data Scientist - LINK: https://www.dice.com/job-detail/14e82f88-8414-482e-aed8-91d49954a9f9
2025-08-06 20:09:55,051 - INFO -    ✅ Successfully applied!
2025-08-06 20:10:07,037 - INFO - 🎯 [58/58] Applying to: Python Developer With ML Exp. - LINK: https://www.dice.com/job-detail/055423db-cf42-4100-a21f-5e0e3018ef94
2025-08-06 20:10:19,733 - INFO -    ✅ Successfully applied!
2025-08-06 20:10:21,907 - INFO - 📊 Processing results...
2025-08-06 20:10:21,962 - INFO - 🎉 Application run completed!
2025-08-06 20:10:21,962 - INFO -    ✅ Newly applied: 35
2025-08-06 20:10:21,962 - INFO -    ⏭️  Already applied: 0
2025-08-06 20:10:21,962 - INFO -    ❌ Failed: 23
2025-08-06 20:10:21,962 - INFO -    📊 Total processed: 58
2025-08-06 20:10:21,962 - INFO -    📁 Total jobs in CSV: 4417
2025-08-06 20:10:21,962 - INFO -    💾 Updated: output/final_ml_jobs.csv
2025-08-06 20:10:21,962 - INFO - 🔧 Closing browser...
