2025-08-03 23:40:20,395 - INFO - 🚀 Starting stealth job application bot
2025-08-03 23:40:38,891 - INFO - 📂 Loading jobs from output/final_ml_jobs.csv
2025-08-03 23:40:38,918 - INFO -    📊 Total jobs in file: 4488
2025-08-03 23:40:38,921 - INFO -    🎯 Easy Apply jobs: 4488
2025-08-03 23:40:38,922 - INFO -    ⏳ Jobs to process: 2021 (status: pending)
2025-08-03 23:40:38,923 - INFO - 🎲 Will attempt 58 applications this run (target: 58)
2025-08-03 23:40:38,923 - INFO - 🔑 Logging into Dice...
2025-08-03 23:40:41,571 - INFO - ✅ Login successful
2025-08-03 23:40:43,171 - INFO - 🔄 Starting job applications...
2025-08-03 23:40:43,172 - INFO - 🎯 [1/58] Applying to: Peoplesoft (FSCM 9.2) Business Analyst - LINK: https://www.dice.com/job-detail/b9c476cd-bba0-4973-8263-56a0722bf694
2025-08-03 23:41:00,490 - INFO -    ✅ Successfully applied!
2025-08-03 23:41:10,287 - INFO - 🎯 [2/58] Applying to: Lead UI Developer - LINK: https://www.dice.com/job-detail/6b34d6dd-1e7f-4f98-87ca-8a6b1364cdd3
2025-08-03 23:41:28,422 - ERROR -    ❌ Cannot click apply button: Message: 
Stacktrace:
#0 0x56214e25e2ca <unknown>
#1 0x56214dd05550 <unknown>
#2 0x56214dd570f0 <unknown>
#3 0x56214dd572e1 <unknown>
#4 0x56214dda55e4 <unknown>
#5 0x56214dd7cbed <unknown>
#6 0x56214dda29e6 <unknown>
#7 0x56214dd7c993 <unknown>
#8 0x56214dd48d6b <unknown>
#9 0x56214dd4a141 <unknown>
#10 0x56214e2232ab <unknown>
#11 0x56214e2270b9 <unknown>
#12 0x56214e20a139 <unknown>
#13 0x56214e227c68 <unknown>
#14 0x56214e1ee60f <unknown>
#15 0x56214e24c1f8 <unknown>
#16 0x56214e24c3d6 <unknown>
#17 0x56214e25d5e6 <unknown>
#18 0x7f7f2349caa4 <unknown>
#19 0x7f7f23529c3c <unknown>

2025-08-03 23:41:36,665 - INFO - 🎯 [3/58] Applying to: Associate Consultant - Utilities Sector - LINK: https://www.dice.com/job-detail/41717dda-3157-4419-a5be-37b64503088b
2025-08-03 23:41:53,896 - INFO -    ✅ Successfully applied!
2025-08-03 23:42:04,951 - INFO - 🎯 [4/58] Applying to: Business Systems Analyst - LINK: https://www.dice.com/job-detail/6c17df7b-98f3-4cd9-9643-67a46faa0965
2025-08-03 23:42:21,726 - INFO -    ✅ Successfully applied!
2025-08-03 23:42:33,318 - INFO - 🎯 [5/58] Applying to: Sr. Java Full Stack Developer - LINK: https://www.dice.com/job-detail/7857ea7d-013d-49c9-bef8-fa49dc211536
2025-08-03 23:42:49,276 - INFO -    ✅ Successfully applied!
2025-08-03 23:43:02,279 - INFO - 🎯 [6/58] Applying to: Business Analyst with Trade Surveillance--New York City(On Site) - LINK: https://www.dice.com/job-detail/c5a65a33-d484-4d8e-bd5b-ad1dcd621d8e
2025-08-03 23:43:18,576 - INFO -    ✅ Successfully applied!
2025-08-03 23:43:29,489 - INFO - 🎯 [7/58] Applying to: Operations Support Engineer || Westerville, OH / Phoenix, AZ (Onsite) - LINK: https://www.dice.com/job-detail/4fd651bc-455c-4149-af53-85ad7cb38046
2025-08-03 23:43:47,582 - ERROR -    ❌ Cannot click apply button: Message: 
Stacktrace:
#0 0x56214e25e2ca <unknown>
#1 0x56214dd05550 <unknown>
#2 0x56214dd570f0 <unknown>
#3 0x56214dd572e1 <unknown>
#4 0x56214dda55e4 <unknown>
#5 0x56214dd7cbed <unknown>
#6 0x56214dda29e6 <unknown>
#7 0x56214dd7c993 <unknown>
#8 0x56214dd48d6b <unknown>
#9 0x56214dd4a141 <unknown>
#10 0x56214e2232ab <unknown>
#11 0x56214e2270b9 <unknown>
#12 0x56214e20a139 <unknown>
#13 0x56214e227c68 <unknown>
#14 0x56214e1ee60f <unknown>
#15 0x56214e24c1f8 <unknown>
#16 0x56214e24c3d6 <unknown>
#17 0x56214e25d5e6 <unknown>
#18 0x7f7f2349caa4 <unknown>
#19 0x7f7f23529c3c <unknown>

2025-08-03 23:43:59,774 - INFO - 🎯 [8/58] Applying to: Java Full Stack Architect - LINK: https://www.dice.com/job-detail/13d9af8b-3b79-484e-b326-628bba4a9995
2025-08-03 23:44:17,813 - INFO -    ✅ Successfully applied!
2025-08-03 23:44:25,931 - INFO - 🎯 [9/58] Applying to: Platform Engineer Architect - LINK: https://www.dice.com/job-detail/acdc76f9-3407-4a65-b408-bfbcfa23a6f0
2025-08-03 23:44:42,915 - INFO -    ✅ Successfully applied!
2025-08-03 23:44:54,594 - INFO - 🎯 [10/58] Applying to: Developer - LINK: https://www.dice.com/job-detail/7bc5865e-d393-4b84-9725-e32d284a9df1
2025-08-03 23:45:09,904 - INFO -    ✅ Successfully applied!
2025-08-03 23:45:20,661 - INFO - 🎯 [11/58] Applying to: Business Analyst () - LINK: https://www.dice.com/job-detail/792c5fb5-d60a-4e47-b2c4-6a4a006d9f40
2025-08-03 23:45:38,470 - INFO -    ✅ Successfully applied!
2025-08-03 23:45:50,079 - INFO - 🎯 [12/58] Applying to: Information Security Architect II - LINK: https://www.dice.com/job-detail/35b30aae-c789-406d-96be-ddb61997ef81
2025-08-03 23:46:08,622 - ERROR -    ❌ Cannot click apply button: Message: 
Stacktrace:
#0 0x56214e25e2ca <unknown>
#1 0x56214dd05550 <unknown>
#2 0x56214dd570f0 <unknown>
#3 0x56214dd572e1 <unknown>
#4 0x56214dda55e4 <unknown>
#5 0x56214dd7cbed <unknown>
#6 0x56214dda29e6 <unknown>
#7 0x56214dd7c993 <unknown>
#8 0x56214dd48d6b <unknown>
#9 0x56214dd4a141 <unknown>
#10 0x56214e2232ab <unknown>
#11 0x56214e2270b9 <unknown>
#12 0x56214e20a139 <unknown>
#13 0x56214e227c68 <unknown>
#14 0x56214e1ee60f <unknown>
#15 0x56214e24c1f8 <unknown>
#16 0x56214e24c3d6 <unknown>
#17 0x56214e25d5e6 <unknown>
#18 0x7f7f2349caa4 <unknown>
#19 0x7f7f23529c3c <unknown>

2025-08-03 23:46:21,253 - INFO - 🎯 [13/58] Applying to: ServiceNow Technical Solutions Consultant - LINK: https://www.dice.com/job-detail/3233c041-01e3-4347-a4b3-b488e381ab17
2025-08-03 23:46:37,021 - INFO -    ✅ Successfully applied!
2025-08-03 23:46:45,501 - INFO - 🎯 [14/58] Applying to: W2 - QA automation engineer - Atlanta, GA (Prefer locals) (Onsite) - LINK: https://www.dice.com/job-detail/866472a5-4918-4959-b357-ba8ce3ee5678
2025-08-03 23:47:05,047 - ERROR -    ❌ Cannot click apply button: Message: 
Stacktrace:
#0 0x56214e25e2ca <unknown>
#1 0x56214dd05550 <unknown>
#2 0x56214dd570f0 <unknown>
#3 0x56214dd572e1 <unknown>
#4 0x56214dda55e4 <unknown>
#5 0x56214dd7cbed <unknown>
#6 0x56214dda29e6 <unknown>
#7 0x56214dd7c993 <unknown>
#8 0x56214dd48d6b <unknown>
#9 0x56214dd4a141 <unknown>
#10 0x56214e2232ab <unknown>
#11 0x56214e2270b9 <unknown>
#12 0x56214e20a139 <unknown>
#13 0x56214e227c68 <unknown>
#14 0x56214e1ee60f <unknown>
#15 0x56214e24c1f8 <unknown>
#16 0x56214e24c3d6 <unknown>
#17 0x56214e25d5e6 <unknown>
#18 0x7f7f2349caa4 <unknown>
#19 0x7f7f23529c3c <unknown>

2025-08-03 23:47:13,263 - INFO - 🎯 [15/58] Applying to: Business Analyst - Contract - Hybrid - LINK: https://www.dice.com/job-detail/7c96d85b-acb5-48e5-b22b-b868fa130ab8
2025-08-03 23:47:31,136 - INFO -    ✅ Successfully applied!
2025-08-03 23:47:40,397 - INFO - 🎯 [16/58] Applying to: Epic PB - Resolute Professional Billing Consultant - LINK: https://www.dice.com/job-detail/16d4f961-440f-4bc8-87b6-bc66fd2be57f
2025-08-03 23:47:56,223 - INFO -    ✅ Successfully applied!
2025-08-03 23:48:05,452 - INFO - 🎯 [17/58] Applying to: IT Systems Analyst Specialist -- 100% REMOTE- (Only W2) - LINK: https://www.dice.com/job-detail/664d824d-d128-475b-9c59-e5dcd6de2dbf
2025-08-03 23:48:24,662 - ERROR -    ❌ Cannot click apply button: Message: 
Stacktrace:
#0 0x56214e25e2ca <unknown>
#1 0x56214dd05550 <unknown>
#2 0x56214dd570f0 <unknown>
#3 0x56214dd572e1 <unknown>
#4 0x56214dda55e4 <unknown>
#5 0x56214dd7cbed <unknown>
#6 0x56214dda29e6 <unknown>
#7 0x56214dd7c993 <unknown>
#8 0x56214dd48d6b <unknown>
#9 0x56214dd4a141 <unknown>
#10 0x56214e2232ab <unknown>
#11 0x56214e2270b9 <unknown>
#12 0x56214e20a139 <unknown>
#13 0x56214e227c68 <unknown>
#14 0x56214e1ee60f <unknown>
#15 0x56214e24c1f8 <unknown>
#16 0x56214e24c3d6 <unknown>
#17 0x56214e25d5e6 <unknown>
#18 0x7f7f2349caa4 <unknown>
#19 0x7f7f23529c3c <unknown>

2025-08-03 23:48:34,428 - INFO - 🎯 [18/58] Applying to: AEM Developer - LINK: https://www.dice.com/job-detail/75bc1a66-94d2-4d6e-90ac-c5edde6e6974
2025-08-03 23:48:48,339 - INFO -    ✅ Successfully applied!
2025-08-03 23:48:56,956 - INFO - 🎯 [19/58] Applying to: QA Engineer - LINK: https://www.dice.com/job-detail/a37f9e8a-17a0-455d-963e-0929ef1dc025
2025-08-03 23:49:14,111 - INFO -    ✅ Successfully applied!
2025-08-03 23:49:26,229 - INFO - 🎯 [20/58] Applying to: Cloud Data Architect with Databricks//Remote//10+ years exp - LINK: https://www.dice.com/job-detail/4ce12992-8d9a-4877-8394-e607b993532b
2025-08-03 23:49:45,175 - ERROR -    ❌ Cannot click apply button: Message: 
Stacktrace:
#0 0x56214e25e2ca <unknown>
#1 0x56214dd05550 <unknown>
#2 0x56214dd570f0 <unknown>
#3 0x56214dd572e1 <unknown>
#4 0x56214dda55e4 <unknown>
#5 0x56214dd7cbed <unknown>
#6 0x56214dda29e6 <unknown>
#7 0x56214dd7c993 <unknown>
#8 0x56214dd48d6b <unknown>
#9 0x56214dd4a141 <unknown>
#10 0x56214e2232ab <unknown>
#11 0x56214e2270b9 <unknown>
#12 0x56214e20a139 <unknown>
#13 0x56214e227c68 <unknown>
#14 0x56214e1ee60f <unknown>
#15 0x56214e24c1f8 <unknown>
#16 0x56214e24c3d6 <unknown>
#17 0x56214e25d5e6 <unknown>
#18 0x7f7f2349caa4 <unknown>
#19 0x7f7f23529c3c <unknown>

2025-08-03 23:49:55,980 - INFO - 🎯 [21/58] Applying to: Enterprise Architect - LINK: https://www.dice.com/job-detail/c50f4dc1-40a4-49ea-9770-d3aa30e0a06d
2025-08-03 23:50:10,561 - INFO -    ✅ Successfully applied!
2025-08-03 23:50:23,128 - INFO - 🎯 [22/58] Applying to: Scala Developer - LINK: https://www.dice.com/job-detail/614c3a11-9cce-4223-9bfb-2f26558b424f
2025-08-03 23:50:39,669 - INFO -    ✅ Successfully applied!
2025-08-03 23:50:50,472 - INFO - 🎯 [23/58] Applying to: Email Developer - LINK: https://www.dice.com/job-detail/e502a0a4-f195-4424-b199-548bc0010a9c
2025-08-03 23:51:05,757 - INFO -    ✅ Successfully applied!
2025-08-03 23:51:17,461 - INFO - 🎯 [24/58] Applying to: Cloud Automation Developer - LINK: https://www.dice.com/job-detail/0119a860-179f-4630-a0d2-57cdfad6f48c
2025-08-03 23:51:31,574 - INFO -    ✅ Successfully applied!
2025-08-03 23:51:43,500 - INFO - 🎯 [25/58] Applying to: AI Workflow Developer - Media and Entertainment - LINK: https://www.dice.com/job-detail/ea14e9d2-c602-4d4a-8239-3878c44ad418
2025-08-03 23:51:59,489 - INFO -    ✅ Successfully applied!
2025-08-03 23:52:09,157 - INFO - 🎯 [26/58] Applying to: Senior Salesforce Engineer - Data Cloud & CRMA - LINK: https://www.dice.com/job-detail/01fbe019-ceff-4218-8a46-750c20c03bbd
2025-08-03 23:52:25,191 - INFO -    ✅ Successfully applied!
2025-08-03 23:52:36,570 - INFO - 🎯 [27/58] Applying to: Web Developer - LINK: https://www.dice.com/job-detail/dd175737-38a2-41cd-82d1-e9227de2dda3
2025-08-03 23:52:51,912 - INFO -    ✅ Successfully applied!
2025-08-03 23:53:03,399 - INFO - 🎯 [28/58] Applying to: Full Stack Developer - Identity & Access Management - LINK: https://www.dice.com/job-detail/d51283fd-ed13-4c3f-96a1-e7e856fd04a2
2025-08-03 23:53:17,750 - INFO -    ✅ Successfully applied!
2025-08-03 23:53:29,155 - INFO - 🎯 [29/58] Applying to: Project Manager/Sr. Consultant - LINK: https://www.dice.com/job-detail/c3f777ec-72bd-4e47-8aa7-813d268a99d3
2025-08-03 23:53:43,707 - INFO -    ✅ Successfully applied!
2025-08-03 23:53:54,040 - INFO - 🎯 [30/58] Applying to: Robotics Software Engineer - LINK: https://www.dice.com/job-detail/cb9c0792-98d9-430f-92f7-c27cf9c96c90
2025-08-03 23:54:11,868 - INFO -    ✅ Successfully applied!
2025-08-03 23:54:20,338 - INFO - 🎯 [31/58] Applying to: QA Engineer Automated 3, - LINK: https://www.dice.com/job-detail/54ce00d3-0eba-4a41-9791-a2f42657a290
2025-08-03 23:54:37,779 - INFO -    ✅ Successfully applied!
2025-08-03 23:54:48,486 - INFO - 🎯 [32/58] Applying to: IT SYSTEMS ANALYST SPECIALIST(W2 Contract) - LINK: https://www.dice.com/job-detail/e447ebff-0df4-4f23-9c44-c022d3733c19
2025-08-03 23:55:06,872 - ERROR -    ❌ Cannot click apply button: Message: 
Stacktrace:
#0 0x56214e25e2ca <unknown>
#1 0x56214dd05550 <unknown>
#2 0x56214dd570f0 <unknown>
#3 0x56214dd572e1 <unknown>
#4 0x56214dda55e4 <unknown>
#5 0x56214dd7cbed <unknown>
#6 0x56214dda29e6 <unknown>
#7 0x56214dd7c993 <unknown>
#8 0x56214dd48d6b <unknown>
#9 0x56214dd4a141 <unknown>
#10 0x56214e2232ab <unknown>
#11 0x56214e2270b9 <unknown>
#12 0x56214e20a139 <unknown>
#13 0x56214e227c68 <unknown>
#14 0x56214e1ee60f <unknown>
#15 0x56214e24c1f8 <unknown>
#16 0x56214e24c3d6 <unknown>
#17 0x56214e25d5e6 <unknown>
#18 0x7f7f2349caa4 <unknown>
#19 0x7f7f23529c3c <unknown>

2025-08-03 23:55:18,115 - INFO - 🎯 [33/58] Applying to: Google Cloud Platform Cloud Architect - Seattle, WA (Fully Onsite) - CG - LINK: https://www.dice.com/job-detail/34d958e8-7570-4510-8206-2f200337202b
2025-08-03 23:55:37,085 - ERROR -    ❌ Cannot click apply button: Message: 
Stacktrace:
#0 0x56214e25e2ca <unknown>
#1 0x56214dd05550 <unknown>
#2 0x56214dd570f0 <unknown>
#3 0x56214dd572e1 <unknown>
#4 0x56214dda55e4 <unknown>
#5 0x56214dd7cbed <unknown>
#6 0x56214dda29e6 <unknown>
#7 0x56214dd7c993 <unknown>
#8 0x56214dd48d6b <unknown>
#9 0x56214dd4a141 <unknown>
#10 0x56214e2232ab <unknown>
#11 0x56214e2270b9 <unknown>
#12 0x56214e20a139 <unknown>
#13 0x56214e227c68 <unknown>
#14 0x56214e1ee60f <unknown>
#15 0x56214e24c1f8 <unknown>
#16 0x56214e24c3d6 <unknown>
#17 0x56214e25d5e6 <unknown>
#18 0x7f7f2349caa4 <unknown>
#19 0x7f7f23529c3c <unknown>

2025-08-03 23:55:48,176 - INFO - 🎯 [34/58] Applying to: Systems Engineer - LINK: https://www.dice.com/job-detail/931ad432-76a4-4fd6-a0c7-2e4a69688ab4
2025-08-03 23:56:03,514 - INFO -    ✅ Successfully applied!
2025-08-03 23:56:13,374 - INFO - 🎯 [35/58] Applying to: Data Engineer - LINK: https://www.dice.com/job-detail/0fef9ae6-6259-42b2-90ec-2ccbcb2fcaec
2025-08-03 23:56:30,542 - INFO -    ✅ Successfully applied!
2025-08-03 23:56:42,343 - INFO - 🎯 [36/58] Applying to: Grafana L3 Administrator | Senior Grafana Engineer - LINK: https://www.dice.com/job-detail/c74f8f83-02a4-418f-8e7e-8f9fcee9a4cd
2025-08-03 23:56:58,273 - INFO -    ✅ Successfully applied!
2025-08-03 23:57:10,337 - INFO - 🎯 [37/58] Applying to: Plant Information System Developer with Google Cloud Platform - LINK: https://www.dice.com/job-detail/2f3ac1ab-3deb-4c15-8e22-058af65d8c80
2025-08-03 23:57:29,644 - ERROR -    ❌ Cannot click apply button: Message: 
Stacktrace:
#0 0x56214e25e2ca <unknown>
#1 0x56214dd05550 <unknown>
#2 0x56214dd570f0 <unknown>
#3 0x56214dd572e1 <unknown>
#4 0x56214dda55e4 <unknown>
#5 0x56214dd7cbed <unknown>
#6 0x56214dda29e6 <unknown>
#7 0x56214dd7c993 <unknown>
#8 0x56214dd48d6b <unknown>
#9 0x56214dd4a141 <unknown>
#10 0x56214e2232ab <unknown>
#11 0x56214e2270b9 <unknown>
#12 0x56214e20a139 <unknown>
#13 0x56214e227c68 <unknown>
#14 0x56214e1ee60f <unknown>
#15 0x56214e24c1f8 <unknown>
#16 0x56214e24c3d6 <unknown>
#17 0x56214e25d5e6 <unknown>
#18 0x7f7f2349caa4 <unknown>
#19 0x7f7f23529c3c <unknown>

2025-08-03 23:57:39,319 - INFO - 🎯 [38/58] Applying to: Need .NET Web Application Developer in Jersey City, NJ - Hybrid - Need locals within a 1-hour commute - LINK: https://www.dice.com/job-detail/2d952b6c-72d5-4f81-b7b7-2033989bea14
2025-08-03 23:57:58,632 - ERROR -    ❌ Cannot click apply button: Message: 
Stacktrace:
#0 0x56214e25e2ca <unknown>
#1 0x56214dd05550 <unknown>
#2 0x56214dd570f0 <unknown>
#3 0x56214dd572e1 <unknown>
#4 0x56214dda55e4 <unknown>
#5 0x56214dd7cbed <unknown>
#6 0x56214dda29e6 <unknown>
#7 0x56214dd7c993 <unknown>
#8 0x56214dd48d6b <unknown>
#9 0x56214dd4a141 <unknown>
#10 0x56214e2232ab <unknown>
#11 0x56214e2270b9 <unknown>
#12 0x56214e20a139 <unknown>
#13 0x56214e227c68 <unknown>
#14 0x56214e1ee60f <unknown>
#15 0x56214e24c1f8 <unknown>
#16 0x56214e24c3d6 <unknown>
#17 0x56214e25d5e6 <unknown>
#18 0x7f7f2349caa4 <unknown>
#19 0x7f7f23529c3c <unknown>

2025-08-03 23:58:10,022 - INFO - 🎯 [39/58] Applying to: Java Full Stack Developer - LINK: https://www.dice.com/job-detail/584721f0-2fdd-40a2-9485-d83e3a3aa1e6
2025-08-03 23:58:28,051 - INFO -    ✅ Successfully applied!
2025-08-03 23:58:37,236 - INFO - 🎯 [40/58] Applying to: W2 position:: Need Sr/Lead Fullstack Java Developer with strong Banking & New Account Opening Flows Experience:: 100% Remote - LINK: https://www.dice.com/job-detail/18fbf8d5-dced-4c34-b43c-7e3b1552857d
2025-08-03 23:58:54,552 - INFO -    ✅ Successfully applied!
2025-08-03 23:59:06,479 - INFO - 🎯 [41/58] Applying to: Lab & Equipment Technician (Automotive) - LINK: https://www.dice.com/job-detail/c2c378af-1d1d-4f98-afa6-8778492bb115
2025-08-03 23:59:25,255 - ERROR -    ❌ Cannot click apply button: Message: 
Stacktrace:
#0 0x56214e25e2ca <unknown>
#1 0x56214dd05550 <unknown>
#2 0x56214dd570f0 <unknown>
#3 0x56214dd572e1 <unknown>
#4 0x56214dda55e4 <unknown>
#5 0x56214dd7cbed <unknown>
#6 0x56214dda29e6 <unknown>
#7 0x56214dd7c993 <unknown>
#8 0x56214dd48d6b <unknown>
#9 0x56214dd4a141 <unknown>
#10 0x56214e2232ab <unknown>
#11 0x56214e2270b9 <unknown>
#12 0x56214e20a139 <unknown>
#13 0x56214e227c68 <unknown>
#14 0x56214e1ee60f <unknown>
#15 0x56214e24c1f8 <unknown>
#16 0x56214e24c3d6 <unknown>
#17 0x56214e25d5e6 <unknown>
#18 0x7f7f2349caa4 <unknown>
#19 0x7f7f23529c3c <unknown>

2025-08-03 23:59:35,750 - INFO - 🎯 [42/58] Applying to: Java Senior Software Engineer, $175K - $190K - LINK: https://www.dice.com/job-detail/c2dab984-7773-41ff-bb79-173c017921f6
2025-08-03 23:59:53,540 - INFO -    ✅ Successfully applied!
2025-08-04 00:00:01,380 - INFO - 🎯 [43/58] Applying to: Business Analyst - LINK: https://www.dice.com/job-detail/82788f49-28b1-46f4-ae4f-81b6ff818ff5
2025-08-04 00:00:14,495 - INFO -    ✅ Successfully applied!
2025-08-04 00:00:24,452 - INFO - 🎯 [44/58] Applying to: Database Engineer - TS/SCI Security Clearance Required - LINK: https://www.dice.com/job-detail/5699fbee-37ea-4cf8-93e9-9fd159e7b528
2025-08-04 00:00:41,348 - INFO -    ✅ Successfully applied!
2025-08-04 00:00:50,035 - INFO - 🎯 [45/58] Applying to: TACL / HPE NONSTOP Developer -- Jersey City NJ, Columbus OH, Plano TX, Tampa FL - LINK: https://www.dice.com/job-detail/f02d2640-fed7-47a6-b2c7-0358e2a68425
2025-08-04 00:01:06,286 - INFO -    ✅ Successfully applied!
2025-08-04 00:01:14,574 - INFO - 🎯 [46/58] Applying to: Workflow Architect - LINK: https://www.dice.com/job-detail/c4be820c-d0f4-47cf-b0dc-f184aba3abcb
2025-08-04 00:01:28,772 - INFO -    ✅ Successfully applied!
2025-08-04 00:01:40,418 - INFO - 🎯 [47/58] Applying to: Sr. Workato Lead/Architect - LINK: https://www.dice.com/job-detail/6aafb7e6-70c9-4ea7-a7cd-e912f68e41a3
2025-08-04 00:01:57,181 - INFO -    ✅ Successfully applied!
2025-08-04 00:02:09,465 - INFO - 🎯 [48/58] Applying to: Data Engineer/Python Developer - LINK: https://www.dice.com/job-detail/f71616fd-ffcc-45aa-9b97-bde19ebe30b5
2025-08-04 00:02:25,808 - INFO -    ✅ Successfully applied!
2025-08-04 00:02:35,329 - INFO - 🎯 [49/58] Applying to: Python and Azure - LINK: https://www.dice.com/job-detail/5f646bb5-b6f9-46c8-9002-0ae41abd6292
2025-08-04 00:02:54,299 - ERROR -    ❌ Cannot click apply button: Message: 
Stacktrace:
#0 0x56214e25e2ca <unknown>
#1 0x56214dd05550 <unknown>
#2 0x56214dd570f0 <unknown>
#3 0x56214dd572e1 <unknown>
#4 0x56214dda55e4 <unknown>
#5 0x56214dd7cbed <unknown>
#6 0x56214dda29e6 <unknown>
#7 0x56214dd7c993 <unknown>
#8 0x56214dd48d6b <unknown>
#9 0x56214dd4a141 <unknown>
#10 0x56214e2232ab <unknown>
#11 0x56214e2270b9 <unknown>
#12 0x56214e20a139 <unknown>
#13 0x56214e227c68 <unknown>
#14 0x56214e1ee60f <unknown>
#15 0x56214e24c1f8 <unknown>
#16 0x56214e24c3d6 <unknown>
#17 0x56214e25d5e6 <unknown>
#18 0x7f7f2349caa4 <unknown>
#19 0x7f7f23529c3c <unknown>

2025-08-04 00:03:03,424 - INFO - 🎯 [50/58] Applying to: R Developer - LINK: https://www.dice.com/job-detail/a8025716-fa3e-4de3-8452-5cb241e1e5b9
2025-08-04 00:03:22,005 - ERROR -    ❌ Cannot click apply button: Message: 
Stacktrace:
#0 0x56214e25e2ca <unknown>
#1 0x56214dd05550 <unknown>
#2 0x56214dd570f0 <unknown>
#3 0x56214dd572e1 <unknown>
#4 0x56214dda55e4 <unknown>
#5 0x56214dd7cbed <unknown>
#6 0x56214dda29e6 <unknown>
#7 0x56214dd7c993 <unknown>
#8 0x56214dd48d6b <unknown>
#9 0x56214dd4a141 <unknown>
#10 0x56214e2232ab <unknown>
#11 0x56214e2270b9 <unknown>
#12 0x56214e20a139 <unknown>
#13 0x56214e227c68 <unknown>
#14 0x56214e1ee60f <unknown>
#15 0x56214e24c1f8 <unknown>
#16 0x56214e24c3d6 <unknown>
#17 0x56214e25d5e6 <unknown>
#18 0x7f7f2349caa4 <unknown>
#19 0x7f7f23529c3c <unknown>

2025-08-04 00:03:32,991 - INFO - 🎯 [51/58] Applying to: Senior Software Developers - LINK: https://www.dice.com/job-detail/63a6293d-8bc3-457e-8ed4-6e2236f7b857
2025-08-04 00:03:48,310 - INFO -    ✅ Successfully applied!
2025-08-04 00:03:57,052 - INFO - 🎯 [52/58] Applying to: Cloud Engineer - LINK: https://www.dice.com/job-detail/e44e8e47-2ca3-4a7c-a88b-142eba198375
2025-08-04 00:04:11,211 - INFO -    ✅ Successfully applied!
2025-08-04 00:04:24,091 - INFO - 🎯 [53/58] Applying to: Sr. Unity Engineer - LINK: https://www.dice.com/job-detail/ada739cc-ce80-499d-a7e9-16fb0bfe703f
2025-08-04 00:04:43,303 - ERROR -    ❌ Cannot click apply button: Message: 
Stacktrace:
#0 0x56214e25e2ca <unknown>
#1 0x56214dd05550 <unknown>
#2 0x56214dd570f0 <unknown>
#3 0x56214dd572e1 <unknown>
#4 0x56214dda55e4 <unknown>
#5 0x56214dd7cbed <unknown>
#6 0x56214dda29e6 <unknown>
#7 0x56214dd7c993 <unknown>
#8 0x56214dd48d6b <unknown>
#9 0x56214dd4a141 <unknown>
#10 0x56214e2232ab <unknown>
#11 0x56214e2270b9 <unknown>
#12 0x56214e20a139 <unknown>
#13 0x56214e227c68 <unknown>
#14 0x56214e1ee60f <unknown>
#15 0x56214e24c1f8 <unknown>
#16 0x56214e24c3d6 <unknown>
#17 0x56214e25d5e6 <unknown>
#18 0x7f7f2349caa4 <unknown>
#19 0x7f7f23529c3c <unknown>

2025-08-04 00:04:54,827 - INFO - 🎯 [54/58] Applying to: Saleforce Developer - LINK: https://www.dice.com/job-detail/b0aade92-3447-43e3-90a8-ab3fc899caf1
2025-08-04 00:05:10,193 - INFO -    ✅ Successfully applied!
2025-08-04 00:05:23,626 - INFO - 🎯 [55/58] Applying to: URGENT NEED - .NET Full Stack Engineer Westlake Village, CA - Onsite - LINK: https://www.dice.com/job-detail/fd2a9e75-bb3a-4298-b10d-9326128de722
2025-08-04 00:05:40,726 - INFO -    ✅ Successfully applied!
2025-08-04 00:05:51,858 - INFO - 🎯 [56/58] Applying to: Senior Full-Stack .NET Developer/Technical Lead - LINK: https://www.dice.com/job-detail/4f22097a-cc93-4efd-9ec7-e33cbca82dc2
2025-08-04 00:06:11,380 - ERROR -    ❌ Cannot click apply button: Message: 
Stacktrace:
#0 0x56214e25e2ca <unknown>
#1 0x56214dd05550 <unknown>
#2 0x56214dd570f0 <unknown>
#3 0x56214dd572e1 <unknown>
#4 0x56214dda55e4 <unknown>
#5 0x56214dd7cbed <unknown>
#6 0x56214dda29e6 <unknown>
#7 0x56214dd7c993 <unknown>
#8 0x56214dd48d6b <unknown>
#9 0x56214dd4a141 <unknown>
#10 0x56214e2232ab <unknown>
#11 0x56214e2270b9 <unknown>
#12 0x56214e20a139 <unknown>
#13 0x56214e227c68 <unknown>
#14 0x56214e1ee60f <unknown>
#15 0x56214e24c1f8 <unknown>
#16 0x56214e24c3d6 <unknown>
#17 0x56214e25d5e6 <unknown>
#18 0x7f7f2349caa4 <unknown>
#19 0x7f7f23529c3c <unknown>

2025-08-04 00:06:20,276 - INFO - 🎯 [57/58] Applying to: AI Solution Architect :: Preferred from PST time zone - LINK: https://www.dice.com/job-detail/dcb952d6-270e-41e6-b5f7-aedd64700c74
2025-08-04 00:06:35,725 - INFO -    ✅ Successfully applied!
2025-08-04 00:06:47,866 - INFO - 🎯 [58/58] Applying to: UI Production Designer - Mobile App Design - LINK: https://www.dice.com/job-detail/f1838979-c3f1-4cb7-a028-5b7d3fd45e19
2025-08-04 00:07:07,119 - ERROR -    ❌ Cannot click apply button: Message: 
Stacktrace:
#0 0x56214e25e2ca <unknown>
#1 0x56214dd05550 <unknown>
#2 0x56214dd570f0 <unknown>
#3 0x56214dd572e1 <unknown>
#4 0x56214dda55e4 <unknown>
#5 0x56214dd7cbed <unknown>
#6 0x56214dda29e6 <unknown>
#7 0x56214dd7c993 <unknown>
#8 0x56214dd48d6b <unknown>
#9 0x56214dd4a141 <unknown>
#10 0x56214e2232ab <unknown>
#11 0x56214e2270b9 <unknown>
#12 0x56214e20a139 <unknown>
#13 0x56214e227c68 <unknown>
#14 0x56214e1ee60f <unknown>
#15 0x56214e24c1f8 <unknown>
#16 0x56214e24c3d6 <unknown>
#17 0x56214e25d5e6 <unknown>
#18 0x7f7f2349caa4 <unknown>
#19 0x7f7f23529c3c <unknown>

2025-08-04 00:07:09,789 - INFO - 📊 Processing results...
2025-08-04 00:07:09,846 - INFO - 🎉 Application run completed!
2025-08-04 00:07:09,846 - INFO -    ✅ Newly applied: 42
2025-08-04 00:07:09,846 - INFO -    ⏭️  Already applied: 0
2025-08-04 00:07:09,846 - INFO -    ❌ Failed: 16
2025-08-04 00:07:09,846 - INFO -    📊 Total processed: 58
2025-08-04 00:07:09,846 - INFO -    📁 Total jobs in CSV: 4488
2025-08-04 00:07:09,846 - INFO -    💾 Updated: output/final_ml_jobs.csv
2025-08-04 00:07:09,846 - INFO - 🔧 Closing browser...
