2025-08-07 19:45:09,690 - INFO - 🚀 Starting stealth job application bot
2025-08-07 19:45:10,419 - INFO - 📂 Loading jobs from output/final_ml_jobs.csv
2025-08-07 19:45:10,459 - INFO -    📊 Total jobs in file: 4723
2025-08-07 19:45:10,464 - INFO -    🎯 Easy Apply jobs: 4723
2025-08-07 19:45:10,469 - INFO -    ⏳ Jobs to process: 898 (status: pending)
2025-08-07 19:45:10,470 - INFO - 🎲 Will attempt 67 applications this run (target: 67)
2025-08-07 19:45:10,470 - INFO - 🔑 Logging into Dice...
2025-08-07 19:45:12,376 - INFO - ✅ Login successful
2025-08-07 19:45:16,732 - INFO - 🔄 Starting job applications...
2025-08-07 19:45:16,733 - INFO - 🎯 [1/67] Applying to: Snowflake Data Engineer - LINK: https://www.dice.com/job-detail/e5a2a690-c8bd-4625-be6e-86005480bf11
2025-08-07 19:45:36,763 - ERROR -    ❌ Cannot click apply button: Message: 
Stacktrace:
#0 0x55e12b01c2ca <unknown>
#1 0x55e12aac3550 <unknown>
#2 0x55e12ab150f0 <unknown>
#3 0x55e12ab152e1 <unknown>
#4 0x55e12ab635e4 <unknown>
#5 0x55e12ab3abed <unknown>
#6 0x55e12ab609e6 <unknown>
#7 0x55e12ab3a993 <unknown>
#8 0x55e12ab06d6b <unknown>
#9 0x55e12ab08141 <unknown>
#10 0x55e12afe12ab <unknown>
#11 0x55e12afe50b9 <unknown>
#12 0x55e12afc8139 <unknown>
#13 0x55e12afe5c68 <unknown>
#14 0x55e12afac60f <unknown>
#15 0x55e12b00a1f8 <unknown>
#16 0x55e12b00a3d6 <unknown>
#17 0x55e12b01b5e6 <unknown>
#18 0x7ff947a9caa4 <unknown>
#19 0x7ff947b29c3c <unknown>

2025-08-07 19:45:49,272 - INFO - 🎯 [2/67] Applying to: Senior Salesforce Developer - LINK: https://www.dice.com/job-detail/3ea80082-40ec-4770-8eb6-01232467076b
2025-08-07 19:46:07,993 - ERROR -    ❌ Cannot click apply button: Message: 
Stacktrace:
#0 0x55e12b01c2ca <unknown>
#1 0x55e12aac3550 <unknown>
#2 0x55e12ab150f0 <unknown>
#3 0x55e12ab152e1 <unknown>
#4 0x55e12ab635e4 <unknown>
#5 0x55e12ab3abed <unknown>
#6 0x55e12ab609e6 <unknown>
#7 0x55e12ab3a993 <unknown>
#8 0x55e12ab06d6b <unknown>
#9 0x55e12ab08141 <unknown>
#10 0x55e12afe12ab <unknown>
#11 0x55e12afe50b9 <unknown>
#12 0x55e12afc8139 <unknown>
#13 0x55e12afe5c68 <unknown>
#14 0x55e12afac60f <unknown>
#15 0x55e12b00a1f8 <unknown>
#16 0x55e12b00a3d6 <unknown>
#17 0x55e12b01b5e6 <unknown>
#18 0x7ff947a9caa4 <unknown>
#19 0x7ff947b29c3c <unknown>

2025-08-07 19:46:16,430 - INFO - 🎯 [3/67] Applying to: Data Architect- AWS - LINK: https://www.dice.com/job-detail/08e7858b-8ffc-4fc8-8f55-cb1e9852634f
2025-08-07 19:46:35,406 - ERROR -    ❌ Cannot click apply button: Message: 
Stacktrace:
#0 0x55e12b01c2ca <unknown>
#1 0x55e12aac3550 <unknown>
#2 0x55e12ab150f0 <unknown>
#3 0x55e12ab152e1 <unknown>
#4 0x55e12ab635e4 <unknown>
#5 0x55e12ab3abed <unknown>
#6 0x55e12ab609e6 <unknown>
#7 0x55e12ab3a993 <unknown>
#8 0x55e12ab06d6b <unknown>
#9 0x55e12ab08141 <unknown>
#10 0x55e12afe12ab <unknown>
#11 0x55e12afe50b9 <unknown>
#12 0x55e12afc8139 <unknown>
#13 0x55e12afe5c68 <unknown>
#14 0x55e12afac60f <unknown>
#15 0x55e12b00a1f8 <unknown>
#16 0x55e12b00a3d6 <unknown>
#17 0x55e12b01b5e6 <unknown>
#18 0x7ff947a9caa4 <unknown>
#19 0x7ff947b29c3c <unknown>

2025-08-07 19:46:46,976 - INFO - 🎯 [4/67] Applying to: Android AI ML Engineer - Infrastructure - LINK: https://www.dice.com/job-detail/cbe1865e-632e-4e99-a49b-b707af7497cd
2025-08-07 19:47:03,704 - INFO -    ✅ Successfully applied!
2025-08-07 19:47:12,390 - INFO - 🎯 [5/67] Applying to: Oracle Transportation Management (OTM) Cloud Functional Architect - LINK: https://www.dice.com/job-detail/21661ef5-a405-4fd4-983a-5b9427f6ff02
2025-08-07 19:47:31,501 - ERROR -    ❌ Cannot click apply button: Message: 
Stacktrace:
#0 0x55e12b01c2ca <unknown>
#1 0x55e12aac3550 <unknown>
#2 0x55e12ab150f0 <unknown>
#3 0x55e12ab152e1 <unknown>
#4 0x55e12ab635e4 <unknown>
#5 0x55e12ab3abed <unknown>
#6 0x55e12ab609e6 <unknown>
#7 0x55e12ab3a993 <unknown>
#8 0x55e12ab06d6b <unknown>
#9 0x55e12ab08141 <unknown>
#10 0x55e12afe12ab <unknown>
#11 0x55e12afe50b9 <unknown>
#12 0x55e12afc8139 <unknown>
#13 0x55e12afe5c68 <unknown>
#14 0x55e12afac60f <unknown>
#15 0x55e12b00a1f8 <unknown>
#16 0x55e12b00a3d6 <unknown>
#17 0x55e12b01b5e6 <unknown>
#18 0x7ff947a9caa4 <unknown>
#19 0x7ff947b29c3c <unknown>

2025-08-07 19:47:41,409 - INFO - 🎯 [6/67] Applying to: Python Lead Developer - LINK: https://www.dice.com/job-detail/3514e6c6-e77f-421f-a863-69cbd50d4479
2025-08-07 19:48:00,304 - ERROR -    ❌ Cannot click apply button: Message: 
Stacktrace:
#0 0x55e12b01c2ca <unknown>
#1 0x55e12aac3550 <unknown>
#2 0x55e12ab150f0 <unknown>
#3 0x55e12ab152e1 <unknown>
#4 0x55e12ab635e4 <unknown>
#5 0x55e12ab3abed <unknown>
#6 0x55e12ab609e6 <unknown>
#7 0x55e12ab3a993 <unknown>
#8 0x55e12ab06d6b <unknown>
#9 0x55e12ab08141 <unknown>
#10 0x55e12afe12ab <unknown>
#11 0x55e12afe50b9 <unknown>
#12 0x55e12afc8139 <unknown>
#13 0x55e12afe5c68 <unknown>
#14 0x55e12afac60f <unknown>
#15 0x55e12b00a1f8 <unknown>
#16 0x55e12b00a3d6 <unknown>
#17 0x55e12b01b5e6 <unknown>
#18 0x7ff947a9caa4 <unknown>
#19 0x7ff947b29c3c <unknown>

2025-08-07 19:48:12,229 - INFO - 🎯 [7/67] Applying to: Lead Data Engineer Informatica IICS - LINK: https://www.dice.com/job-detail/3231cfda-bd74-4b33-8d01-8e2a5034441f
2025-08-07 19:48:27,143 - INFO -    ✅ Successfully applied!
2025-08-07 19:48:36,924 - INFO - 🎯 [8/67] Applying to: Data Engineer Pyspark/Scala - LINK: https://www.dice.com/job-detail/e01b503a-5b3a-4af1-bb86-2648f9721e25
2025-08-07 19:48:55,870 - ERROR -    ❌ Cannot click apply button: Message: 
Stacktrace:
#0 0x55e12b01c2ca <unknown>
#1 0x55e12aac3550 <unknown>
#2 0x55e12ab150f0 <unknown>
#3 0x55e12ab152e1 <unknown>
#4 0x55e12ab635e4 <unknown>
#5 0x55e12ab3abed <unknown>
#6 0x55e12ab609e6 <unknown>
#7 0x55e12ab3a993 <unknown>
#8 0x55e12ab06d6b <unknown>
#9 0x55e12ab08141 <unknown>
#10 0x55e12afe12ab <unknown>
#11 0x55e12afe50b9 <unknown>
#12 0x55e12afc8139 <unknown>
#13 0x55e12afe5c68 <unknown>
#14 0x55e12afac60f <unknown>
#15 0x55e12b00a1f8 <unknown>
#16 0x55e12b00a3d6 <unknown>
#17 0x55e12b01b5e6 <unknown>
#18 0x7ff947a9caa4 <unknown>
#19 0x7ff947b29c3c <unknown>

2025-08-07 19:49:07,183 - INFO - 🎯 [9/67] Applying to: AWS Python developer - LINK: https://www.dice.com/job-detail/9fecd4bb-2a9b-4053-af37-54cf506c3f0a
2025-08-07 19:49:22,742 - INFO -    ✅ Successfully applied!
2025-08-07 19:49:33,843 - INFO - 🎯 [10/67] Applying to: Information Assurance Compliance Specialist II - LINK: https://www.dice.com/job-detail/9e2b0a21-6b69-4a25-abea-f69726ea81de
2025-08-07 19:49:48,645 - INFO -    ✅ Successfully applied!
2025-08-07 19:50:01,086 - INFO - 🎯 [11/67] Applying to: PeopleSoft FSCM Consultant - LINK: https://www.dice.com/job-detail/fed5fe8c-56eb-4d16-a9c1-b316294d1047
2025-08-07 19:50:15,611 - INFO -    ✅ Successfully applied!
2025-08-07 19:50:26,265 - INFO - 🎯 [12/67] Applying to: Position for AI & Gen AI Data Scientist- Director Location : Location: Chicago, Boston, Denver ( Hybrid - Work ) - LINK: https://www.dice.com/job-detail/4553a8b4-d9f0-43a4-a406-47aa55412387
2025-08-07 19:50:41,220 - INFO -    ✅ Successfully applied!
2025-08-07 19:50:52,380 - INFO - 🎯 [13/67] Applying to: Lead Data Engineer - LINK: https://www.dice.com/job-detail/4ec6e02d-bbc0-469c-be5c-ac60d80a19ac
2025-08-07 19:51:10,545 - ERROR -    ❌ Cannot click apply button: Message: 
Stacktrace:
#0 0x55e12b01c2ca <unknown>
#1 0x55e12aac3550 <unknown>
#2 0x55e12ab150f0 <unknown>
#3 0x55e12ab152e1 <unknown>
#4 0x55e12ab635e4 <unknown>
#5 0x55e12ab3abed <unknown>
#6 0x55e12ab609e6 <unknown>
#7 0x55e12ab3a993 <unknown>
#8 0x55e12ab06d6b <unknown>
#9 0x55e12ab08141 <unknown>
#10 0x55e12afe12ab <unknown>
#11 0x55e12afe50b9 <unknown>
#12 0x55e12afc8139 <unknown>
#13 0x55e12afe5c68 <unknown>
#14 0x55e12afac60f <unknown>
#15 0x55e12b00a1f8 <unknown>
#16 0x55e12b00a3d6 <unknown>
#17 0x55e12b01b5e6 <unknown>
#18 0x7ff947a9caa4 <unknown>
#19 0x7ff947b29c3c <unknown>

2025-08-07 19:51:21,195 - INFO - 🎯 [14/67] Applying to: Generative AI Engineer - LINK: https://www.dice.com/job-detail/96ed4049-5440-4f54-9cde-e9ca20992be3
2025-08-07 19:51:35,668 - INFO -    ✅ Successfully applied!
2025-08-07 19:51:45,810 - INFO - 🎯 [15/67] Applying to: Senior Machine Learning Egineer - LINK: https://www.dice.com/job-detail/5d037a29-033e-423c-8802-9ee1b0ba7c3a
2025-08-07 19:52:02,452 - INFO -    ✅ Successfully applied!
2025-08-07 19:52:14,433 - INFO - 🎯 [16/67] Applying to: Senior Braking Systems Engineer - LINK: https://www.dice.com/job-detail/a5776cef-c1b9-4699-97fe-9d1f4f883aa2
2025-08-07 19:52:29,870 - INFO -    ✅ Successfully applied!
2025-08-07 19:52:41,296 - INFO - 🎯 [17/67] Applying to: Fabric Data Engineer - LINK: https://www.dice.com/job-detail/c4cad2a6-e0e4-4ed9-880b-ab087896f0fa
2025-08-07 19:52:58,936 - INFO -    ✅ Successfully applied!
2025-08-07 19:53:11,319 - INFO - 🎯 [18/67] Applying to: Java Developer (Web Services, Spring, RESTful) IV (Contra... - LINK: https://www.dice.com/job-detail/5e100836-fd12-45a9-b9df-5d1a2abebcf4
2025-08-07 19:53:30,567 - ERROR -    ❌ Cannot click apply button: Message: 
Stacktrace:
#0 0x55e12b01c2ca <unknown>
#1 0x55e12aac3550 <unknown>
#2 0x55e12ab150f0 <unknown>
#3 0x55e12ab152e1 <unknown>
#4 0x55e12ab635e4 <unknown>
#5 0x55e12ab3abed <unknown>
#6 0x55e12ab609e6 <unknown>
#7 0x55e12ab3a993 <unknown>
#8 0x55e12ab06d6b <unknown>
#9 0x55e12ab08141 <unknown>
#10 0x55e12afe12ab <unknown>
#11 0x55e12afe50b9 <unknown>
#12 0x55e12afc8139 <unknown>
#13 0x55e12afe5c68 <unknown>
#14 0x55e12afac60f <unknown>
#15 0x55e12b00a1f8 <unknown>
#16 0x55e12b00a3d6 <unknown>
#17 0x55e12b01b5e6 <unknown>
#18 0x7ff947a9caa4 <unknown>
#19 0x7ff947b29c3c <unknown>

2025-08-07 19:53:38,580 - INFO - 🎯 [19/67] Applying to: Senior Data Security Engineer Sensitivity Classification & DLP Exp - LINK: https://www.dice.com/job-detail/34783e5f-371b-4dcb-ae1e-68fb2b97adcd
2025-08-07 19:53:56,674 - ERROR -    ❌ Cannot click apply button: Message: 
Stacktrace:
#0 0x55e12b01c2ca <unknown>
#1 0x55e12aac3550 <unknown>
#2 0x55e12ab150f0 <unknown>
#3 0x55e12ab152e1 <unknown>
#4 0x55e12ab635e4 <unknown>
#5 0x55e12ab3abed <unknown>
#6 0x55e12ab609e6 <unknown>
#7 0x55e12ab3a993 <unknown>
#8 0x55e12ab06d6b <unknown>
#9 0x55e12ab08141 <unknown>
#10 0x55e12afe12ab <unknown>
#11 0x55e12afe50b9 <unknown>
#12 0x55e12afc8139 <unknown>
#13 0x55e12afe5c68 <unknown>
#14 0x55e12afac60f <unknown>
#15 0x55e12b00a1f8 <unknown>
#16 0x55e12b00a3d6 <unknown>
#17 0x55e12b01b5e6 <unknown>
#18 0x7ff947a9caa4 <unknown>
#19 0x7ff947b29c3c <unknown>

2025-08-07 19:54:09,452 - INFO - 🎯 [20/67] Applying to: Senior Data Scientist Lead - LINK: https://www.dice.com/job-detail/ce5f867d-b3e7-4644-89e4-51814d6334c5
2025-08-07 19:54:22,974 - INFO -    ✅ Successfully applied!
2025-08-07 19:54:29,923 - INFO - 🎯 [21/67] Applying to: AI Solution Engineer - LINK: https://www.dice.com/job-detail/9f70f480-6450-4236-9f34-15340ad33deb
2025-08-07 19:54:47,868 - ERROR -    ❌ Cannot click apply button: Message: 
Stacktrace:
#0 0x55e12b01c2ca <unknown>
#1 0x55e12aac3550 <unknown>
#2 0x55e12ab150f0 <unknown>
#3 0x55e12ab152e1 <unknown>
#4 0x55e12ab635e4 <unknown>
#5 0x55e12ab3abed <unknown>
#6 0x55e12ab609e6 <unknown>
#7 0x55e12ab3a993 <unknown>
#8 0x55e12ab06d6b <unknown>
#9 0x55e12ab08141 <unknown>
#10 0x55e12afe12ab <unknown>
#11 0x55e12afe50b9 <unknown>
#12 0x55e12afc8139 <unknown>
#13 0x55e12afe5c68 <unknown>
#14 0x55e12afac60f <unknown>
#15 0x55e12b00a1f8 <unknown>
#16 0x55e12b00a3d6 <unknown>
#17 0x55e12b01b5e6 <unknown>
#18 0x7ff947a9caa4 <unknown>
#19 0x7ff947b29c3c <unknown>

2025-08-07 19:54:58,699 - INFO - 🎯 [22/67] Applying to: Data Management Analyst 4 - Contingent - LINK: https://www.dice.com/job-detail/121abfe1-4e5d-4a9c-b765-7679523cfaaf
2025-08-07 19:55:16,772 - ERROR -    ❌ Cannot click apply button: Message: 
Stacktrace:
#0 0x55e12b01c2ca <unknown>
#1 0x55e12aac3550 <unknown>
#2 0x55e12ab150f0 <unknown>
#3 0x55e12ab152e1 <unknown>
#4 0x55e12ab635e4 <unknown>
#5 0x55e12ab3abed <unknown>
#6 0x55e12ab609e6 <unknown>
#7 0x55e12ab3a993 <unknown>
#8 0x55e12ab06d6b <unknown>
#9 0x55e12ab08141 <unknown>
#10 0x55e12afe12ab <unknown>
#11 0x55e12afe50b9 <unknown>
#12 0x55e12afc8139 <unknown>
#13 0x55e12afe5c68 <unknown>
#14 0x55e12afac60f <unknown>
#15 0x55e12b00a1f8 <unknown>
#16 0x55e12b00a3d6 <unknown>
#17 0x55e12b01b5e6 <unknown>
#18 0x7ff947a9caa4 <unknown>
#19 0x7ff947b29c3c <unknown>

2025-08-07 19:55:28,249 - INFO - 🎯 [23/67] Applying to: Data Analyst Developer - LINK: https://www.dice.com/job-detail/e0e2e1ed-b2ae-455b-8444-804e20d099ab
2025-08-07 19:55:44,210 - INFO -    ✅ Successfully applied!
2025-08-07 19:55:50,272 - INFO - 🎯 [24/67] Applying to: Senior Data Scientist - LINK: https://www.dice.com/job-detail/a207b191-096a-4ce0-8e9a-5fb441d352c8
2025-08-07 19:56:05,444 - INFO -    ✅ Successfully applied!
2025-08-07 19:56:17,338 - INFO - 🎯 [25/67] Applying to: Python AI Developer - NY/NJ/IL - LINK: https://www.dice.com/job-detail/6e61a0d1-0deb-4a44-a361-0698b9c0c6df
2025-08-07 19:56:34,366 - INFO -    ✅ Successfully applied!
2025-08-07 19:56:43,138 - INFO - 🎯 [26/67] Applying to: Data Engineer - LINK: https://www.dice.com/job-detail/9ba3247b-ac81-4f3a-9a0e-fc21cb290aa0
2025-08-07 19:57:01,710 - INFO -    ✅ Successfully applied!
2025-08-07 19:57:12,369 - INFO - 🎯 [27/67] Applying to: .NET Full Stack Developer - LINK: https://www.dice.com/job-detail/8c21ab4a-54a6-465a-baaf-f69c0885a8dd
2025-08-07 19:57:30,968 - ERROR -    ❌ Cannot click apply button: Message: 
Stacktrace:
#0 0x55e12b01c2ca <unknown>
#1 0x55e12aac3550 <unknown>
#2 0x55e12ab150f0 <unknown>
#3 0x55e12ab152e1 <unknown>
#4 0x55e12ab635e4 <unknown>
#5 0x55e12ab3abed <unknown>
#6 0x55e12ab609e6 <unknown>
#7 0x55e12ab3a993 <unknown>
#8 0x55e12ab06d6b <unknown>
#9 0x55e12ab08141 <unknown>
#10 0x55e12afe12ab <unknown>
#11 0x55e12afe50b9 <unknown>
#12 0x55e12afc8139 <unknown>
#13 0x55e12afe5c68 <unknown>
#14 0x55e12afac60f <unknown>
#15 0x55e12b00a1f8 <unknown>
#16 0x55e12b00a3d6 <unknown>
#17 0x55e12b01b5e6 <unknown>
#18 0x7ff947a9caa4 <unknown>
#19 0x7ff947b29c3c <unknown>

2025-08-07 19:57:42,684 - INFO - 🎯 [28/67] Applying to: Senior Front End / Angular Developer - LINK: https://www.dice.com/job-detail/44b3ea38-e8f1-43dd-bb89-cfe5e745ff56
2025-08-07 19:57:56,694 - INFO -    ✅ Successfully applied!
2025-08-07 19:58:03,519 - INFO - 🎯 [29/67] Applying to: Airflow Orchestration - Solutions Architect - LINK: https://www.dice.com/job-detail/b2c98efe-585e-4e99-a7cd-cdd176ccad3a
2025-08-07 19:58:21,978 - ERROR -    ❌ Cannot click apply button: Message: 
Stacktrace:
#0 0x55e12b01c2ca <unknown>
#1 0x55e12aac3550 <unknown>
#2 0x55e12ab150f0 <unknown>
#3 0x55e12ab152e1 <unknown>
#4 0x55e12ab635e4 <unknown>
#5 0x55e12ab3abed <unknown>
#6 0x55e12ab609e6 <unknown>
#7 0x55e12ab3a993 <unknown>
#8 0x55e12ab06d6b <unknown>
#9 0x55e12ab08141 <unknown>
#10 0x55e12afe12ab <unknown>
#11 0x55e12afe50b9 <unknown>
#12 0x55e12afc8139 <unknown>
#13 0x55e12afe5c68 <unknown>
#14 0x55e12afac60f <unknown>
#15 0x55e12b00a1f8 <unknown>
#16 0x55e12b00a3d6 <unknown>
#17 0x55e12b01b5e6 <unknown>
#18 0x7ff947a9caa4 <unknown>
#19 0x7ff947b29c3c <unknown>

2025-08-07 19:58:32,209 - INFO - 🎯 [30/67] Applying to: iOS Engineer - LINK: https://www.dice.com/job-detail/7c6f7e6f-244c-441d-a9c8-896e8b83a018
2025-08-07 19:58:47,787 - INFO -    ✅ Successfully applied!
2025-08-07 19:58:56,621 - INFO - 🎯 [31/67] Applying to: Azure AI/ML Architect OR Lead - LINK: https://www.dice.com/job-detail/7f626f54-cafd-4476-b7e2-9f1f80f3fa68
2025-08-07 19:59:11,483 - INFO -    ✅ Successfully applied!
2025-08-07 19:59:21,838 - INFO - 🎯 [32/67] Applying to: Full Stack Developer - LINK: https://www.dice.com/job-detail/6e4d4e65-37c3-48ae-8688-501e571ffe44
2025-08-07 19:59:38,203 - INFO -    ✅ Successfully applied!
2025-08-07 19:59:47,442 - INFO - 🎯 [33/67] Applying to: Software Engineer IV - LINK: https://www.dice.com/job-detail/2daf3c6d-44cb-41ec-bdf5-31f5dc9bba40
2025-08-07 20:00:03,190 - INFO -    ✅ Successfully applied!
2025-08-07 20:00:13,845 - INFO - 🎯 [34/67] Applying to: Senior SQL Developer / Administrator - LINK: https://www.dice.com/job-detail/cda04d9a-3927-42ef-b2de-01318a44cabe
2025-08-07 20:00:30,162 - INFO -    ✅ Successfully applied!
2025-08-07 20:00:38,017 - INFO - 🎯 [35/67] Applying to: Business Analyst - LINK: https://www.dice.com/job-detail/dc4df8b8-ade0-4700-8ebd-13f32942cdd9
2025-08-07 20:00:53,482 - INFO -    ✅ Successfully applied!
2025-08-07 20:01:01,204 - INFO - 🎯 [36/67] Applying to: ASP .Net Developer (TypeScript & Angular) (Onsite & Local to TX) - LINK: https://www.dice.com/job-detail/e68abae3-4964-41f6-8373-f594a7d035c3
2025-08-07 20:01:19,734 - ERROR -    ❌ Cannot click apply button: Message: 
Stacktrace:
#0 0x55e12b01c2ca <unknown>
#1 0x55e12aac3550 <unknown>
#2 0x55e12ab150f0 <unknown>
#3 0x55e12ab152e1 <unknown>
#4 0x55e12ab635e4 <unknown>
#5 0x55e12ab3abed <unknown>
#6 0x55e12ab609e6 <unknown>
#7 0x55e12ab3a993 <unknown>
#8 0x55e12ab06d6b <unknown>
#9 0x55e12ab08141 <unknown>
#10 0x55e12afe12ab <unknown>
#11 0x55e12afe50b9 <unknown>
#12 0x55e12afc8139 <unknown>
#13 0x55e12afe5c68 <unknown>
#14 0x55e12afac60f <unknown>
#15 0x55e12b00a1f8 <unknown>
#16 0x55e12b00a3d6 <unknown>
#17 0x55e12b01b5e6 <unknown>
#18 0x7ff947a9caa4 <unknown>
#19 0x7ff947b29c3c <unknown>

2025-08-07 20:01:28,185 - INFO - 🎯 [37/67] Applying to: Data Science Senior Manager - LINK: https://www.dice.com/job-detail/98c54451-a0f5-4467-9dde-db9dd4ceaa38
2025-08-07 20:01:44,414 - INFO -    ✅ Successfully applied!
2025-08-07 20:01:54,659 - INFO - 🎯 [38/67] Applying to: Java Solution Architect - LINK: https://www.dice.com/job-detail/2777533c-ef65-4bf9-8eac-841401f6cb64
2025-08-07 20:02:12,874 - ERROR -    ❌ Cannot click apply button: Message: 
Stacktrace:
#0 0x55e12b01c2ca <unknown>
#1 0x55e12aac3550 <unknown>
#2 0x55e12ab150f0 <unknown>
#3 0x55e12ab152e1 <unknown>
#4 0x55e12ab635e4 <unknown>
#5 0x55e12ab3abed <unknown>
#6 0x55e12ab609e6 <unknown>
#7 0x55e12ab3a993 <unknown>
#8 0x55e12ab06d6b <unknown>
#9 0x55e12ab08141 <unknown>
#10 0x55e12afe12ab <unknown>
#11 0x55e12afe50b9 <unknown>
#12 0x55e12afc8139 <unknown>
#13 0x55e12afe5c68 <unknown>
#14 0x55e12afac60f <unknown>
#15 0x55e12b00a1f8 <unknown>
#16 0x55e12b00a3d6 <unknown>
#17 0x55e12b01b5e6 <unknown>
#18 0x7ff947a9caa4 <unknown>
#19 0x7ff947b29c3c <unknown>

2025-08-07 20:02:23,231 - INFO - 🎯 [39/67] Applying to: DevOps/Build Engineer - LINK: https://www.dice.com/job-detail/88b50153-4f45-4f2f-9003-98c08c91dd96
2025-08-07 20:02:39,530 - INFO -    ✅ Successfully applied!
2025-08-07 20:02:49,343 - INFO - 🎯 [40/67] Applying to: System integration Specialist (Golang, Python) - LINK: https://www.dice.com/job-detail/5e206b13-462a-4667-9f0e-43cdc748d9c9
2025-08-07 20:03:04,407 - INFO -    ✅ Successfully applied!
2025-08-07 20:03:13,940 - INFO - 🎯 [41/67] Applying to: Data Engineer - LINK: https://www.dice.com/job-detail/e8ae105f-4f7c-42a3-b3df-2ec27086c767
2025-08-07 20:03:31,856 - ERROR -    ❌ Cannot click apply button: Message: 
Stacktrace:
#0 0x55e12b01c2ca <unknown>
#1 0x55e12aac3550 <unknown>
#2 0x55e12ab150f0 <unknown>
#3 0x55e12ab152e1 <unknown>
#4 0x55e12ab635e4 <unknown>
#5 0x55e12ab3abed <unknown>
#6 0x55e12ab609e6 <unknown>
#7 0x55e12ab3a993 <unknown>
#8 0x55e12ab06d6b <unknown>
#9 0x55e12ab08141 <unknown>
#10 0x55e12afe12ab <unknown>
#11 0x55e12afe50b9 <unknown>
#12 0x55e12afc8139 <unknown>
#13 0x55e12afe5c68 <unknown>
#14 0x55e12afac60f <unknown>
#15 0x55e12b00a1f8 <unknown>
#16 0x55e12b00a3d6 <unknown>
#17 0x55e12b01b5e6 <unknown>
#18 0x7ff947a9caa4 <unknown>
#19 0x7ff947b29c3c <unknown>

2025-08-07 20:03:43,643 - INFO - 🎯 [42/67] Applying to: Sr Android Mobile Developer--Fort Worth, TX(Hybrid)(Only locals to Texas)(F2F Interview) - LINK: https://www.dice.com/job-detail/e104ab1c-dba8-42e5-b4b7-65bb6a299129
2025-08-07 20:03:56,897 - INFO -    ✅ Successfully applied!
2025-08-07 20:04:06,439 - INFO - 🎯 [43/67] Applying to: Azure Cloud Engineer / Architect / Addison, TX - LINK: https://www.dice.com/job-detail/bcf0aea2-8bcc-421e-af58-2eb7034b7568
2025-08-07 20:04:21,582 - INFO -    ✅ Successfully applied!
2025-08-07 20:04:28,953 - INFO - 🎯 [44/67] Applying to: Data Engineer - LINK: https://www.dice.com/job-detail/f5c0ecbc-c337-49d9-a62a-c99097411b57
2025-08-07 20:04:41,834 - INFO -    ✅ Successfully applied!
2025-08-07 20:04:55,704 - INFO - 🎯 [45/67] Applying to: Senior Principal Scientist - LINK: https://www.dice.com/job-detail/562fc459-55d6-4033-beff-fe2e6a85c142
2025-08-07 20:05:13,925 - ERROR -    ❌ Cannot click apply button: Message: 
Stacktrace:
#0 0x55e12b01c2ca <unknown>
#1 0x55e12aac3550 <unknown>
#2 0x55e12ab150f0 <unknown>
#3 0x55e12ab152e1 <unknown>
#4 0x55e12ab635e4 <unknown>
#5 0x55e12ab3abed <unknown>
#6 0x55e12ab609e6 <unknown>
#7 0x55e12ab3a993 <unknown>
#8 0x55e12ab06d6b <unknown>
#9 0x55e12ab08141 <unknown>
#10 0x55e12afe12ab <unknown>
#11 0x55e12afe50b9 <unknown>
#12 0x55e12afc8139 <unknown>
#13 0x55e12afe5c68 <unknown>
#14 0x55e12afac60f <unknown>
#15 0x55e12b00a1f8 <unknown>
#16 0x55e12b00a3d6 <unknown>
#17 0x55e12b01b5e6 <unknown>
#18 0x7ff947a9caa4 <unknown>
#19 0x7ff947b29c3c <unknown>

2025-08-07 20:05:25,590 - INFO - 🎯 [46/67] Applying to: Software Engineer - LINK: https://www.dice.com/job-detail/d892db27-20d5-4949-8d18-2fc29197eca3
2025-08-07 20:05:41,455 - INFO -    ✅ Successfully applied!
2025-08-07 20:05:52,401 - INFO - 🎯 [47/67] Applying to: Data Engineer II - LINK: https://www.dice.com/job-detail/1bf825ac-6a80-4599-81ac-1c3a0c457f03
2025-08-07 20:06:07,384 - INFO -    ✅ Successfully applied!
2025-08-07 20:06:14,676 - INFO - 🎯 [48/67] Applying to: Remote :: Data Architect || Perm Role - LINK: https://www.dice.com/job-detail/6eeabcb8-725e-4db7-9622-5e850e8b6477
2025-08-07 20:06:30,124 - INFO -    ✅ Successfully applied!
2025-08-07 20:06:39,871 - INFO - 🎯 [49/67] Applying to: Sr. AI/ML Engineer || Jersey City, NJ/ NYC, NY (Day 1 Onsite - Locals only) || Max. rate $55-58/hr on C2C || Must have linkedin and 9+ years of exp.|| - LINK: https://www.dice.com/job-detail/355e0b8c-f8d0-4592-acab-6d4130e0609d
2025-08-07 20:06:59,085 - ERROR -    ❌ Cannot click apply button: Message: 
Stacktrace:
#0 0x55e12b01c2ca <unknown>
#1 0x55e12aac3550 <unknown>
#2 0x55e12ab150f0 <unknown>
#3 0x55e12ab152e1 <unknown>
#4 0x55e12ab635e4 <unknown>
#5 0x55e12ab3abed <unknown>
#6 0x55e12ab609e6 <unknown>
#7 0x55e12ab3a993 <unknown>
#8 0x55e12ab06d6b <unknown>
#9 0x55e12ab08141 <unknown>
#10 0x55e12afe12ab <unknown>
#11 0x55e12afe50b9 <unknown>
#12 0x55e12afc8139 <unknown>
#13 0x55e12afe5c68 <unknown>
#14 0x55e12afac60f <unknown>
#15 0x55e12b00a1f8 <unknown>
#16 0x55e12b00a3d6 <unknown>
#17 0x55e12b01b5e6 <unknown>
#18 0x7ff947a9caa4 <unknown>
#19 0x7ff947b29c3c <unknown>

2025-08-07 20:07:07,199 - INFO - 🎯 [50/67] Applying to: Data Analyst - LINK: https://www.dice.com/job-detail/b7b4559e-aa22-4ae5-ab53-5f48e3ea1f61
2025-08-07 20:07:21,082 - INFO -    ✅ Successfully applied!
2025-08-07 20:07:30,863 - INFO - 🎯 [51/67] Applying to: Senior Software Engineer - TestStand & LabVIEW (on W2 Position/Requirement) - LINK: https://www.dice.com/job-detail/438d07ff-f261-45f3-9379-bb2098b73eb9
2025-08-07 20:07:44,765 - INFO -    ✅ Successfully applied!
2025-08-07 20:07:56,618 - INFO - 🎯 [52/67] Applying to: Generative AI Specialist - LINK: https://www.dice.com/job-detail/8659e62f-d66d-42b1-94fb-e8dbc885a96e
2025-08-07 20:08:13,430 - INFO -    ✅ Successfully applied!
2025-08-07 20:08:25,394 - INFO - 🎯 [53/67] Applying to: Python Developer - LINK: https://www.dice.com/job-detail/e17ceee7-bf24-49e9-882d-2c08d8bd8d29
2025-08-07 20:08:38,873 - INFO -    ✅ Successfully applied!
2025-08-07 20:08:50,683 - INFO - 🎯 [54/67] Applying to: Salesforce Software Engineer (Only for EST time zone) - LINK: https://www.dice.com/job-detail/6ab23c46-46aa-41ec-b279-72ce1ebf0e38
2025-08-07 20:09:09,152 - ERROR -    ❌ Cannot click apply button: Message: 
Stacktrace:
#0 0x55e12b01c2ca <unknown>
#1 0x55e12aac3550 <unknown>
#2 0x55e12ab150f0 <unknown>
#3 0x55e12ab152e1 <unknown>
#4 0x55e12ab635e4 <unknown>
#5 0x55e12ab3abed <unknown>
#6 0x55e12ab609e6 <unknown>
#7 0x55e12ab3a993 <unknown>
#8 0x55e12ab06d6b <unknown>
#9 0x55e12ab08141 <unknown>
#10 0x55e12afe12ab <unknown>
#11 0x55e12afe50b9 <unknown>
#12 0x55e12afc8139 <unknown>
#13 0x55e12afe5c68 <unknown>
#14 0x55e12afac60f <unknown>
#15 0x55e12b00a1f8 <unknown>
#16 0x55e12b00a3d6 <unknown>
#17 0x55e12b01b5e6 <unknown>
#18 0x7ff947a9caa4 <unknown>
#19 0x7ff947b29c3c <unknown>

2025-08-07 20:09:19,491 - INFO - 🎯 [55/67] Applying to: Onsite: Data Engineer - LINK: https://www.dice.com/job-detail/08c9d0a1-95b2-45f5-ae79-4e512b6f2edd
2025-08-07 20:09:37,900 - ERROR -    ❌ Cannot click apply button: Message: 
Stacktrace:
#0 0x55e12b01c2ca <unknown>
#1 0x55e12aac3550 <unknown>
#2 0x55e12ab150f0 <unknown>
#3 0x55e12ab152e1 <unknown>
#4 0x55e12ab635e4 <unknown>
#5 0x55e12ab3abed <unknown>
#6 0x55e12ab609e6 <unknown>
#7 0x55e12ab3a993 <unknown>
#8 0x55e12ab06d6b <unknown>
#9 0x55e12ab08141 <unknown>
#10 0x55e12afe12ab <unknown>
#11 0x55e12afe50b9 <unknown>
#12 0x55e12afc8139 <unknown>
#13 0x55e12afe5c68 <unknown>
#14 0x55e12afac60f <unknown>
#15 0x55e12b00a1f8 <unknown>
#16 0x55e12b00a3d6 <unknown>
#17 0x55e12b01b5e6 <unknown>
#18 0x7ff947a9caa4 <unknown>
#19 0x7ff947b29c3c <unknown>

2025-08-07 20:09:47,163 - INFO - 🎯 [56/67] Applying to: Cloud ML Engineer Vertex AI & DevOps Automation - LINK: https://www.dice.com/job-detail/07645599-9797-4908-bbe8-dd410cab0c30
2025-08-07 20:10:03,093 - INFO -    ✅ Successfully applied!
2025-08-07 20:10:14,897 - INFO - 🎯 [57/67] Applying to: Sr. Data Analyst - LINK: https://www.dice.com/job-detail/461a1dfe-6769-4b00-baca-3bbf56d827c8
2025-08-07 20:10:30,072 - INFO -    ✅ Successfully applied!
2025-08-07 20:10:42,265 - INFO - 🎯 [58/67] Applying to: IAM Specialist - LINK: https://www.dice.com/job-detail/66cf5cf3-a93e-4dd6-ac9d-0e5fa1402675
2025-08-07 20:10:55,867 - INFO -    ✅ Successfully applied!
2025-08-07 20:11:06,770 - INFO - 🎯 [59/67] Applying to: Lead Data Engineer (Insurance Domain), Jersey City, NJ/Bedford, MA (Hybrid) - LINK: https://www.dice.com/job-detail/8db29ab3-a1b1-4d84-af70-1c9cd9172b34
2025-08-07 20:11:26,604 - ERROR -    ❌ Cannot click apply button: Message: 
Stacktrace:
#0 0x55e12b01c2ca <unknown>
#1 0x55e12aac3550 <unknown>
#2 0x55e12ab150f0 <unknown>
#3 0x55e12ab152e1 <unknown>
#4 0x55e12ab635e4 <unknown>
#5 0x55e12ab3abed <unknown>
#6 0x55e12ab609e6 <unknown>
#7 0x55e12ab3a993 <unknown>
#8 0x55e12ab06d6b <unknown>
#9 0x55e12ab08141 <unknown>
#10 0x55e12afe12ab <unknown>
#11 0x55e12afe50b9 <unknown>
#12 0x55e12afc8139 <unknown>
#13 0x55e12afe5c68 <unknown>
#14 0x55e12afac60f <unknown>
#15 0x55e12b00a1f8 <unknown>
#16 0x55e12b00a3d6 <unknown>
#17 0x55e12b01b5e6 <unknown>
#18 0x7ff947a9caa4 <unknown>
#19 0x7ff947b29c3c <unknown>

2025-08-07 20:11:34,462 - INFO - 🎯 [60/67] Applying to: AI developers who can built agents for Quality and testing. - LINK: https://www.dice.com/job-detail/46b06b79-e324-458a-a892-a3857cf76ed0
2025-08-07 20:11:48,684 - INFO -    ✅ Successfully applied!
2025-08-07 20:11:59,095 - INFO - 🎯 [61/67] Applying to: Dataiku Expert Technical Specialist - LINK: https://www.dice.com/job-detail/9f810ca8-e3a0-42d5-b689-a890a1f96c23
2025-08-07 20:12:14,057 - INFO -    ✅ Successfully applied!
2025-08-07 20:12:23,650 - INFO - 🎯 [62/67] Applying to: Senior Business Analyst - LINK: https://www.dice.com/job-detail/707e6f28-e68f-40b8-9ac5-7f6d9eddee36
2025-08-07 20:12:38,466 - INFO -    ✅ Successfully applied!
2025-08-07 20:12:46,556 - INFO - 🎯 [63/67] Applying to: DeltaV Engineer (Pharma/Biotech) - LINK: https://www.dice.com/job-detail/fd4fc65c-7bb5-4e0b-902c-da954cea2fb2
2025-08-07 20:12:59,994 - INFO -    ✅ Successfully applied!
2025-08-07 20:13:11,175 - INFO - 🎯 [64/67] Applying to: Telecom Engineer - LINK: https://www.dice.com/job-detail/c8a987f7-8c22-47b6-9d99-baab9e48131f
2025-08-07 20:13:25,475 - INFO -    ✅ Successfully applied!
2025-08-07 20:13:35,207 - INFO - 🎯 [65/67] Applying to: Generative AI Product Owner Property & casualty insurance - LINK: https://www.dice.com/job-detail/c14fde20-3ad6-4310-9651-b9cab1e4d638
2025-08-07 20:13:50,380 - INFO -    ✅ Successfully applied!
2025-08-07 20:14:01,513 - INFO - 🎯 [66/67] Applying to: FullStack Engineer - LINK: https://www.dice.com/job-detail/3b60ed15-8195-4aaa-b418-3ebfd1deeef2
2025-08-07 20:14:15,138 - INFO -    ✅ Successfully applied!
2025-08-07 20:14:22,854 - INFO - 🎯 [67/67] Applying to: Robotic Software Engineer - LINK: https://www.dice.com/job-detail/d413c471-4ca2-4016-8120-e7709ce133e3
2025-08-07 20:14:39,445 - INFO -    ✅ Successfully applied!
2025-08-07 20:14:41,980 - INFO - 📊 Processing results...
2025-08-07 20:14:42,040 - INFO - 🎉 Application run completed!
2025-08-07 20:14:42,040 - INFO -    ✅ Newly applied: 46
2025-08-07 20:14:42,040 - INFO -    ⏭️  Already applied: 0
2025-08-07 20:14:42,040 - INFO -    ❌ Failed: 21
2025-08-07 20:14:42,040 - INFO -    📊 Total processed: 67
2025-08-07 20:14:42,040 - INFO -    📁 Total jobs in CSV: 4723
2025-08-07 20:14:42,040 - INFO -    💾 Updated: output/final_ml_jobs.csv
2025-08-07 20:14:42,040 - INFO - 🔧 Closing browser...
