2025-08-02 21:38:59,581 - INFO - 🚀 Starting stealth job application bot
2025-08-02 21:39:20,268 - INFO - 📂 Loading jobs from output/final_ml_jobs.csv
2025-08-02 21:39:20,299 - INFO -    📊 Total jobs in file: 4468
2025-08-02 21:39:20,303 - INFO -    🎯 Easy Apply jobs: 4468
2025-08-02 21:39:20,305 - INFO -    ⏳ Jobs to process: 2544 (status: pending)
2025-08-02 21:39:20,306 - INFO - 🎲 Will attempt 85 applications this run (target: 85)
2025-08-02 21:39:20,306 - INFO - 🔑 Logging into Dice...
2025-08-02 21:39:22,823 - INFO - ✅ Login successful
2025-08-02 21:39:24,876 - INFO - 🔄 Starting job applications...
2025-08-02 21:39:24,877 - INFO - 🎯 [1/85] Applying to: Senior Quantitative Researcher, Strategy Developer, Buy-Side - R - LINK: https://www.dice.com/job-detail/58e4d4d0-b9ad-4715-b546-77665d3cc8e4
2025-08-02 21:39:45,732 - ERROR -    ❌ Cannot click apply button: Message: 
Stacktrace:
#0 0x560a91c272ca <unknown>
#1 0x560a916ce550 <unknown>
#2 0x560a917200f0 <unknown>
#3 0x560a917202e1 <unknown>
#4 0x560a9176e5e4 <unknown>
#5 0x560a91745bed <unknown>
#6 0x560a9176b9e6 <unknown>
#7 0x560a91745993 <unknown>
#8 0x560a91711d6b <unknown>
#9 0x560a91713141 <unknown>
#10 0x560a91bec2ab <unknown>
#11 0x560a91bf00b9 <unknown>
#12 0x560a91bd3139 <unknown>
#13 0x560a91bf0c68 <unknown>
#14 0x560a91bb760f <unknown>
#15 0x560a91c151f8 <unknown>
#16 0x560a91c153d6 <unknown>
#17 0x560a91c265e6 <unknown>
#18 0x7fce7ec9caa4 <unknown>
#19 0x7fce7ed29c3c <unknown>

2025-08-02 21:39:56,951 - INFO - 🎯 [2/85] Applying to: Senior Analytics Engineer (NYC, On-site) - LINK: https://www.dice.com/job-detail/98f21c75-824c-4850-9762-f932bf2e3df9
2025-08-02 21:40:12,737 - INFO -    ✅ Successfully applied!
2025-08-02 21:40:24,968 - INFO - 🎯 [3/85] Applying to: Data Program Manager- - LINK: https://www.dice.com/job-detail/627cc1e8-d4de-480a-82a7-f68353875aae
2025-08-02 21:40:39,755 - INFO -    ✅ Successfully applied!
2025-08-02 21:40:51,657 - INFO - 🎯 [4/85] Applying to: Computer Scientist - LINK: https://www.dice.com/job-detail/1b0284f3-78dc-44a7-9f1d-ef0bce14dcfa
2025-08-02 21:41:11,460 - ERROR -    ❌ Cannot click apply button: Message: 
Stacktrace:
#0 0x560a91c272ca <unknown>
#1 0x560a916ce550 <unknown>
#2 0x560a917200f0 <unknown>
#3 0x560a917202e1 <unknown>
#4 0x560a9176e5e4 <unknown>
#5 0x560a91745bed <unknown>
#6 0x560a9176b9e6 <unknown>
#7 0x560a91745993 <unknown>
#8 0x560a91711d6b <unknown>
#9 0x560a91713141 <unknown>
#10 0x560a91bec2ab <unknown>
#11 0x560a91bf00b9 <unknown>
#12 0x560a91bd3139 <unknown>
#13 0x560a91bf0c68 <unknown>
#14 0x560a91bb760f <unknown>
#15 0x560a91c151f8 <unknown>
#16 0x560a91c153d6 <unknown>
#17 0x560a91c265e6 <unknown>
#18 0x7fce7ec9caa4 <unknown>
#19 0x7fce7ed29c3c <unknown>

2025-08-02 21:41:21,332 - INFO - 🎯 [5/85] Applying to: Principal Systems Engineer - LINK: https://www.dice.com/job-detail/5e374dff-edc0-4300-8ee4-bf427188f5f4
2025-08-02 21:41:36,794 - INFO -    ✅ Successfully applied!
2025-08-02 21:41:48,123 - INFO - 🎯 [6/85] Applying to: SharePoint Developer -Sacramento, CA (Hybrid) - LINK: https://www.dice.com/job-detail/f6b955f1-8b40-4a1d-8663-61a3dfdfa7e2
2025-08-02 21:42:04,364 - INFO -    ✅ Successfully applied!
2025-08-02 21:42:14,267 - INFO - 🎯 [7/85] Applying to: Python Developer with AI Experience - Sagemaker, Gen AI - onsite in Reston, VA - LINK: https://www.dice.com/job-detail/941e1e20-9fdd-4b3e-aedb-4fbd13bf5efc
2025-08-02 21:42:28,028 - INFO -    ✅ Successfully applied!
2025-08-02 21:42:35,417 - INFO - 🎯 [8/85] Applying to: Product Analyst-Telephony, Contact Centre & Healthcare - LINK: https://www.dice.com/job-detail/a6071a8c-c511-41e6-a5c6-32aa9ddcfbf7
2025-08-02 21:42:51,271 - INFO -    ✅ Successfully applied!
2025-08-02 21:43:00,668 - INFO - 🎯 [9/85] Applying to: Business Analyst with PeopleSoft FSCM - $102 CTC - HYBRID (LOCAL TO AUSTIN, TX ONLY) - LINK: https://www.dice.com/job-detail/034d9e73-2d52-454f-b67b-e24998a53219
2025-08-02 21:43:16,186 - INFO -    ✅ Successfully applied!
2025-08-02 21:43:24,341 - INFO - 🎯 [10/85] Applying to: Business Analyst (Hybrid in Des Moines, Iowa | MUST have ITIL v4 Cert) - LINK: https://www.dice.com/job-detail/544b9d8c-3340-4234-ac8b-42d2c4335b95
2025-08-02 21:43:40,882 - INFO -    ✅ Successfully applied!
2025-08-02 21:43:53,832 - INFO - 🎯 [11/85] Applying to: Senior Ruby on Rails Engineer / SaaS / Product - LINK: https://www.dice.com/job-detail/9c6a4f05-bcbe-42a3-a9d3-67dc6c383316
2025-08-02 21:44:08,610 - INFO -    ✅ Successfully applied!
2025-08-02 21:44:18,859 - INFO - 🎯 [12/85] Applying to: Senior Data Analyst Salesforce - LINK: https://www.dice.com/job-detail/cad264a1-2187-48ef-99e1-f7d8cffdfd93
2025-08-02 21:44:31,896 - INFO -    ✅ Successfully applied!
2025-08-02 21:44:39,107 - INFO - 🎯 [13/85] Applying to: IT Engineer III - ETL Developer - LINK: https://www.dice.com/job-detail/2ed90b26-42f5-4a1b-98db-59be466101ec
2025-08-02 21:44:53,686 - INFO -    ✅ Successfully applied!
2025-08-02 21:45:01,335 - INFO - 🎯 [14/85] Applying to: Data Loss Prevention - DLP Engineer - LINK: https://www.dice.com/job-detail/e3c1a7f6-903f-4446-a079-455a239bff0f
2025-08-02 21:45:17,328 - INFO -    ✅ Successfully applied!
2025-08-02 21:45:26,599 - INFO - 🎯 [15/85] Applying to: ServiceNow Developer - LINK: https://www.dice.com/job-detail/7e9d4204-e1c1-47c1-ae74-ad857673b68d
2025-08-02 21:45:43,466 - INFO -    ✅ Successfully applied!
2025-08-02 21:45:54,700 - INFO - 🎯 [16/85] Applying to: St. George - Mid Level Software Engineer - LINK: https://www.dice.com/job-detail/d361989b-d0df-429e-8dc6-b6f462bee402
2025-08-02 21:46:09,354 - INFO -    ✅ Successfully applied!
2025-08-02 21:46:16,568 - INFO - 🎯 [17/85] Applying to: Senior .NET Core/Azure PaaS Engineer - LINK: https://www.dice.com/job-detail/979cb151-356c-4dfe-b154-972d24e8dfce
2025-08-02 21:46:31,520 - INFO -    ✅ Successfully applied!
2025-08-02 21:46:41,596 - INFO - 🎯 [18/85] Applying to: Full-Stack .NET Developer - LINK: https://www.dice.com/job-detail/c1597c25-5946-4f44-99b0-740efd1a940d
2025-08-02 21:46:59,122 - INFO -    ✅ Successfully applied!
2025-08-02 21:47:10,467 - INFO - 🎯 [19/85] Applying to: Senior Business Analyst (w/ Financial App) - LINK: https://www.dice.com/job-detail/82360329-f5be-48b9-9e27-3a4e2794901b
2025-08-02 21:47:28,894 - ERROR -    ❌ Cannot click apply button: Message: 
Stacktrace:
#0 0x560a91c272ca <unknown>
#1 0x560a916ce550 <unknown>
#2 0x560a917200f0 <unknown>
#3 0x560a917202e1 <unknown>
#4 0x560a9176e5e4 <unknown>
#5 0x560a91745bed <unknown>
#6 0x560a9176b9e6 <unknown>
#7 0x560a91745993 <unknown>
#8 0x560a91711d6b <unknown>
#9 0x560a91713141 <unknown>
#10 0x560a91bec2ab <unknown>
#11 0x560a91bf00b9 <unknown>
#12 0x560a91bd3139 <unknown>
#13 0x560a91bf0c68 <unknown>
#14 0x560a91bb760f <unknown>
#15 0x560a91c151f8 <unknown>
#16 0x560a91c153d6 <unknown>
#17 0x560a91c265e6 <unknown>
#18 0x7fce7ec9caa4 <unknown>
#19 0x7fce7ed29c3c <unknown>

2025-08-02 21:47:37,274 - INFO - 🎯 [20/85] Applying to: Network / System Engineer - LINK: https://www.dice.com/job-detail/a0b1aafb-808e-4166-beaa-66434ba875db
2025-08-02 21:47:52,233 - INFO -    ✅ Successfully applied!
2025-08-02 21:48:00,356 - INFO - 🎯 [21/85] Applying to: AWS Solution Architect - LINK: https://www.dice.com/job-detail/229c7ca2-b186-460f-9b00-87f160afde53
2025-08-02 21:48:15,007 - INFO -    ✅ Successfully applied!
2025-08-02 21:48:25,654 - INFO - 🎯 [22/85] Applying to: AWS Data Engineer - LINK: https://www.dice.com/job-detail/7a54e3b9-a2cf-4ba3-bf05-f315f4a559b7
2025-08-02 21:48:39,349 - INFO -    ✅ Successfully applied!
2025-08-02 21:48:47,443 - INFO - 🎯 [23/85] Applying to: iSeries Engineer - LINK: https://www.dice.com/job-detail/5dd8130d-685f-4e61-a3bd-49c5e2df82c2
2025-08-02 21:49:04,929 - INFO -    ✅ Successfully applied!
2025-08-02 21:49:14,035 - INFO - 🎯 [24/85] Applying to: Cloud Data Governance Specialist Google Cloud Platform & AI Compliance - LINK: https://www.dice.com/job-detail/bc083205-4e62-488f-bf86-dced49a0d06b
2025-08-02 21:49:33,608 - ERROR -    ❌ Cannot click apply button: Message: 
Stacktrace:
#0 0x560a91c272ca <unknown>
#1 0x560a916ce550 <unknown>
#2 0x560a917200f0 <unknown>
#3 0x560a917202e1 <unknown>
#4 0x560a9176e5e4 <unknown>
#5 0x560a91745bed <unknown>
#6 0x560a9176b9e6 <unknown>
#7 0x560a91745993 <unknown>
#8 0x560a91711d6b <unknown>
#9 0x560a91713141 <unknown>
#10 0x560a91bec2ab <unknown>
#11 0x560a91bf00b9 <unknown>
#12 0x560a91bd3139 <unknown>
#13 0x560a91bf0c68 <unknown>
#14 0x560a91bb760f <unknown>
#15 0x560a91c151f8 <unknown>
#16 0x560a91c153d6 <unknown>
#17 0x560a91c265e6 <unknown>
#18 0x7fce7ec9caa4 <unknown>
#19 0x7fce7ed29c3c <unknown>

2025-08-02 21:49:46,417 - INFO - 🎯 [25/85] Applying to: Azure & AI Platform Architect - LINK: https://www.dice.com/job-detail/5b6f7d75-d9c4-47a5-a340-b0bd3e846470
2025-08-02 21:50:04,903 - ERROR -    ❌ Cannot click apply button: Message: 
Stacktrace:
#0 0x560a91c272ca <unknown>
#1 0x560a916ce550 <unknown>
#2 0x560a917200f0 <unknown>
#3 0x560a917202e1 <unknown>
#4 0x560a9176e5e4 <unknown>
#5 0x560a91745bed <unknown>
#6 0x560a9176b9e6 <unknown>
#7 0x560a91745993 <unknown>
#8 0x560a91711d6b <unknown>
#9 0x560a91713141 <unknown>
#10 0x560a91bec2ab <unknown>
#11 0x560a91bf00b9 <unknown>
#12 0x560a91bd3139 <unknown>
#13 0x560a91bf0c68 <unknown>
#14 0x560a91bb760f <unknown>
#15 0x560a91c151f8 <unknown>
#16 0x560a91c153d6 <unknown>
#17 0x560a91c265e6 <unknown>
#18 0x7fce7ec9caa4 <unknown>
#19 0x7fce7ed29c3c <unknown>

2025-08-02 21:50:15,728 - INFO - 🎯 [26/85] Applying to: IAM Architect - LINK: https://www.dice.com/job-detail/b44f5112-f773-4eaf-bf2d-5331e6990be2
2025-08-02 21:50:30,019 - INFO -    ✅ Successfully applied!
2025-08-02 21:50:41,675 - INFO - 🎯 [27/85] Applying to: Data Business Analyst - LINK: https://www.dice.com/job-detail/f86f9336-6ac1-464c-a3a7-a5c801930795
2025-08-02 21:50:55,680 - INFO -    ✅ Successfully applied!
2025-08-02 21:51:04,346 - INFO - 🎯 [28/85] Applying to: Sr Python Backend Engineer - LINK: https://www.dice.com/job-detail/c863aa1f-0796-4c62-98cd-ae7f52ead3a6
2025-08-02 21:51:22,356 - ERROR -    ❌ Cannot click apply button: Message: 
Stacktrace:
#0 0x560a91c272ca <unknown>
#1 0x560a916ce550 <unknown>
#2 0x560a917200f0 <unknown>
#3 0x560a917202e1 <unknown>
#4 0x560a9176e5e4 <unknown>
#5 0x560a91745bed <unknown>
#6 0x560a9176b9e6 <unknown>
#7 0x560a91745993 <unknown>
#8 0x560a91711d6b <unknown>
#9 0x560a91713141 <unknown>
#10 0x560a91bec2ab <unknown>
#11 0x560a91bf00b9 <unknown>
#12 0x560a91bd3139 <unknown>
#13 0x560a91bf0c68 <unknown>
#14 0x560a91bb760f <unknown>
#15 0x560a91c151f8 <unknown>
#16 0x560a91c153d6 <unknown>
#17 0x560a91c265e6 <unknown>
#18 0x7fce7ec9caa4 <unknown>
#19 0x7fce7ed29c3c <unknown>

2025-08-02 21:51:30,769 - INFO - 🎯 [29/85] Applying to: Finance Analyst - (Entry Level) - LINK: https://www.dice.com/job-detail/1270ff9b-eed3-4fb8-af92-8d3bff40d0b9
2025-08-02 21:51:45,867 - INFO -    ✅ Successfully applied!
2025-08-02 21:51:57,364 - INFO - 🎯 [30/85] Applying to: Software Engineer - LINK: https://www.dice.com/job-detail/8206e5fd-0f5f-466e-ac3b-587fc2b117d7
2025-08-02 21:52:13,405 - INFO -    ✅ Successfully applied!
2025-08-02 21:52:22,480 - INFO - 🎯 [31/85] Applying to: Senior Business Analyst - LINK: https://www.dice.com/job-detail/20b0d20a-fd3a-45db-9f41-a5e1e7bbe12b
2025-08-02 21:52:35,423 - INFO -    ✅ Successfully applied!
2025-08-02 21:52:44,635 - INFO - 🎯 [32/85] Applying to: Senior Database Developers multiple positions - LINK: https://www.dice.com/job-detail/518ea19a-2df6-4f01-8d28-e340d35e0bdf
2025-08-02 21:53:01,620 - INFO -    ✅ Successfully applied!
2025-08-02 21:53:11,925 - INFO - 🎯 [33/85] Applying to: Content Specialist III - LINK: https://www.dice.com/job-detail/54bf5447-8486-4e28-b183-3ef551067d88
2025-08-02 21:53:27,362 - INFO -    ✅ Successfully applied!
2025-08-02 21:53:36,189 - INFO - 🎯 [34/85] Applying to: Hiring - Senior SAP ABAP Developer Finance & Banking - Johnston, Iowa - LINK: https://www.dice.com/job-detail/a42bb0d9-eebe-4543-9eec-095b8cae6fde
2025-08-02 21:53:56,579 - ERROR -    ❌ Cannot click apply button: Message: 
Stacktrace:
#0 0x560a91c272ca <unknown>
#1 0x560a916ce550 <unknown>
#2 0x560a917200f0 <unknown>
#3 0x560a917202e1 <unknown>
#4 0x560a9176e5e4 <unknown>
#5 0x560a91745bed <unknown>
#6 0x560a9176b9e6 <unknown>
#7 0x560a91745993 <unknown>
#8 0x560a91711d6b <unknown>
#9 0x560a91713141 <unknown>
#10 0x560a91bec2ab <unknown>
#11 0x560a91bf00b9 <unknown>
#12 0x560a91bd3139 <unknown>
#13 0x560a91bf0c68 <unknown>
#14 0x560a91bb760f <unknown>
#15 0x560a91c151f8 <unknown>
#16 0x560a91c153d6 <unknown>
#17 0x560a91c265e6 <unknown>
#18 0x7fce7ec9caa4 <unknown>
#19 0x7fce7ed29c3c <unknown>

2025-08-02 21:54:07,284 - INFO - 🎯 [35/85] Applying to: Software Engineer (specialized in Frontend development) - LINK: https://www.dice.com/job-detail/49839f36-cb25-4aca-9956-d9b67ce36ca7
2025-08-02 21:54:26,114 - ERROR -    ❌ Cannot click apply button: Message: 
Stacktrace:
#0 0x560a91c272ca <unknown>
#1 0x560a916ce550 <unknown>
#2 0x560a917200f0 <unknown>
#3 0x560a917202e1 <unknown>
#4 0x560a9176e5e4 <unknown>
#5 0x560a91745bed <unknown>
#6 0x560a9176b9e6 <unknown>
#7 0x560a91745993 <unknown>
#8 0x560a91711d6b <unknown>
#9 0x560a91713141 <unknown>
#10 0x560a91bec2ab <unknown>
#11 0x560a91bf00b9 <unknown>
#12 0x560a91bd3139 <unknown>
#13 0x560a91bf0c68 <unknown>
#14 0x560a91bb760f <unknown>
#15 0x560a91c151f8 <unknown>
#16 0x560a91c153d6 <unknown>
#17 0x560a91c265e6 <unknown>
#18 0x7fce7ec9caa4 <unknown>
#19 0x7fce7ed29c3c <unknown>

2025-08-02 21:54:34,944 - INFO - 🎯 [36/85] Applying to: Senior Automation Architect - LINK: https://www.dice.com/job-detail/e0703b9a-9eb8-4405-942f-a997a72e40ff
2025-08-02 21:54:54,777 - ERROR -    ❌ Cannot click apply button: Message: 
Stacktrace:
#0 0x560a91c272ca <unknown>
#1 0x560a916ce550 <unknown>
#2 0x560a917200f0 <unknown>
#3 0x560a917202e1 <unknown>
#4 0x560a9176e5e4 <unknown>
#5 0x560a91745bed <unknown>
#6 0x560a9176b9e6 <unknown>
#7 0x560a91745993 <unknown>
#8 0x560a91711d6b <unknown>
#9 0x560a91713141 <unknown>
#10 0x560a91bec2ab <unknown>
#11 0x560a91bf00b9 <unknown>
#12 0x560a91bd3139 <unknown>
#13 0x560a91bf0c68 <unknown>
#14 0x560a91bb760f <unknown>
#15 0x560a91c151f8 <unknown>
#16 0x560a91c153d6 <unknown>
#17 0x560a91c265e6 <unknown>
#18 0x7fce7ec9caa4 <unknown>
#19 0x7fce7ed29c3c <unknown>

2025-08-02 21:55:05,605 - INFO - 🎯 [37/85] Applying to: Enterprise Architect - LINK: https://www.dice.com/job-detail/5367f137-b4a9-4738-b55b-ef53e8678dc9
2025-08-02 21:55:24,604 - ERROR -    ❌ Cannot click apply button: Message: 
Stacktrace:
#0 0x560a91c272ca <unknown>
#1 0x560a916ce550 <unknown>
#2 0x560a917200f0 <unknown>
#3 0x560a917202e1 <unknown>
#4 0x560a9176e5e4 <unknown>
#5 0x560a91745bed <unknown>
#6 0x560a9176b9e6 <unknown>
#7 0x560a91745993 <unknown>
#8 0x560a91711d6b <unknown>
#9 0x560a91713141 <unknown>
#10 0x560a91bec2ab <unknown>
#11 0x560a91bf00b9 <unknown>
#12 0x560a91bd3139 <unknown>
#13 0x560a91bf0c68 <unknown>
#14 0x560a91bb760f <unknown>
#15 0x560a91c151f8 <unknown>
#16 0x560a91c153d6 <unknown>
#17 0x560a91c265e6 <unknown>
#18 0x7fce7ec9caa4 <unknown>
#19 0x7fce7ed29c3c <unknown>

2025-08-02 21:55:34,396 - INFO - 🎯 [38/85] Applying to: Python Developer - LINK: https://www.dice.com/job-detail/40d3d78b-6d37-4cdd-8235-9dedcd1b871e
2025-08-02 21:55:49,187 - INFO -    ✅ Successfully applied!
2025-08-02 21:56:00,147 - INFO - 🎯 [39/85] Applying to: Software Engineering Manager - LINK: https://www.dice.com/job-detail/8d43a438-17ad-45c9-88fa-3318ce7e99bf
2025-08-02 21:56:16,335 - INFO -    ✅ Successfully applied!
2025-08-02 21:56:26,826 - INFO - 🎯 [40/85] Applying to: Salesforce Solutions Architect - LINK: https://www.dice.com/job-detail/32dedccd-8edb-4ec7-9312-480e106d20fa
2025-08-02 21:56:46,525 - ERROR -    ❌ Cannot click apply button: Message: 
Stacktrace:
#0 0x560a91c272ca <unknown>
#1 0x560a916ce550 <unknown>
#2 0x560a917200f0 <unknown>
#3 0x560a917202e1 <unknown>
#4 0x560a9176e5e4 <unknown>
#5 0x560a91745bed <unknown>
#6 0x560a9176b9e6 <unknown>
#7 0x560a91745993 <unknown>
#8 0x560a91711d6b <unknown>
#9 0x560a91713141 <unknown>
#10 0x560a91bec2ab <unknown>
#11 0x560a91bf00b9 <unknown>
#12 0x560a91bd3139 <unknown>
#13 0x560a91bf0c68 <unknown>
#14 0x560a91bb760f <unknown>
#15 0x560a91c151f8 <unknown>
#16 0x560a91c153d6 <unknown>
#17 0x560a91c265e6 <unknown>
#18 0x7fce7ec9caa4 <unknown>
#19 0x7fce7ed29c3c <unknown>

2025-08-02 21:56:56,261 - INFO - 🎯 [41/85] Applying to: ERWIN data architect/NYC, NY or Boston, MA (Onsite)-6-12 months - LINK: https://www.dice.com/job-detail/56583bc1-cba9-45e4-b926-90b916edeeb2
2025-08-02 21:57:13,898 - INFO -    ✅ Successfully applied!
2025-08-02 21:57:25,377 - INFO - 🎯 [42/85] Applying to: Cloud Full Stack Engineer - LINK: https://www.dice.com/job-detail/66eeace9-de5e-4177-9a8e-bdae94bc545f
2025-08-02 21:57:39,899 - INFO -    ✅ Successfully applied!
2025-08-02 21:57:49,534 - INFO - 🎯 [43/85] Applying to: OpenText Documentum Engineer | Hybrid - LINK: https://www.dice.com/job-detail/2ae77652-ce41-44f4-8ffe-b86364f84928
2025-08-02 21:58:06,241 - INFO -    ✅ Successfully applied!
2025-08-02 21:58:17,656 - INFO - 🎯 [44/85] Applying to: Contact Center Business Systems Analyst - LINK: https://www.dice.com/job-detail/cd07ee67-77b0-42c6-8ec4-64731180cbe2
2025-08-02 21:58:36,368 - ERROR -    ❌ Cannot click apply button: Message: 
Stacktrace:
#0 0x560a91c272ca <unknown>
#1 0x560a916ce550 <unknown>
#2 0x560a917200f0 <unknown>
#3 0x560a917202e1 <unknown>
#4 0x560a9176e5e4 <unknown>
#5 0x560a91745bed <unknown>
#6 0x560a9176b9e6 <unknown>
#7 0x560a91745993 <unknown>
#8 0x560a91711d6b <unknown>
#9 0x560a91713141 <unknown>
#10 0x560a91bec2ab <unknown>
#11 0x560a91bf00b9 <unknown>
#12 0x560a91bd3139 <unknown>
#13 0x560a91bf0c68 <unknown>
#14 0x560a91bb760f <unknown>
#15 0x560a91c151f8 <unknown>
#16 0x560a91c153d6 <unknown>
#17 0x560a91c265e6 <unknown>
#18 0x7fce7ec9caa4 <unknown>
#19 0x7fce7ed29c3c <unknown>

2025-08-02 21:58:48,109 - INFO - 🎯 [45/85] Applying to: R Developer - LINK: https://www.dice.com/job-detail/1639d64a-913a-435e-b8dc-8729a0cad2ed
2025-08-02 21:59:06,428 - ERROR -    ❌ Cannot click apply button: Message: 
Stacktrace:
#0 0x560a91c272ca <unknown>
#1 0x560a916ce550 <unknown>
#2 0x560a917200f0 <unknown>
#3 0x560a917202e1 <unknown>
#4 0x560a9176e5e4 <unknown>
#5 0x560a91745bed <unknown>
#6 0x560a9176b9e6 <unknown>
#7 0x560a91745993 <unknown>
#8 0x560a91711d6b <unknown>
#9 0x560a91713141 <unknown>
#10 0x560a91bec2ab <unknown>
#11 0x560a91bf00b9 <unknown>
#12 0x560a91bd3139 <unknown>
#13 0x560a91bf0c68 <unknown>
#14 0x560a91bb760f <unknown>
#15 0x560a91c151f8 <unknown>
#16 0x560a91c153d6 <unknown>
#17 0x560a91c265e6 <unknown>
#18 0x7fce7ec9caa4 <unknown>
#19 0x7fce7ed29c3c <unknown>

2025-08-02 21:59:17,698 - INFO - 🎯 [46/85] Applying to: Technology Architect/Enterprise Architect - LINK: https://www.dice.com/job-detail/181e7cc1-e51d-4256-98a4-6f47473335da
2025-08-02 21:59:36,478 - ERROR -    ❌ Cannot click apply button: Message: 
Stacktrace:
#0 0x560a91c272ca <unknown>
#1 0x560a916ce550 <unknown>
#2 0x560a917200f0 <unknown>
#3 0x560a917202e1 <unknown>
#4 0x560a9176e5e4 <unknown>
#5 0x560a91745bed <unknown>
#6 0x560a9176b9e6 <unknown>
#7 0x560a91745993 <unknown>
#8 0x560a91711d6b <unknown>
#9 0x560a91713141 <unknown>
#10 0x560a91bec2ab <unknown>
#11 0x560a91bf00b9 <unknown>
#12 0x560a91bd3139 <unknown>
#13 0x560a91bf0c68 <unknown>
#14 0x560a91bb760f <unknown>
#15 0x560a91c151f8 <unknown>
#16 0x560a91c153d6 <unknown>
#17 0x560a91c265e6 <unknown>
#18 0x7fce7ec9caa4 <unknown>
#19 0x7fce7ed29c3c <unknown>

2025-08-02 21:59:45,301 - INFO - 🎯 [47/85] Applying to: Business Development Manager (BDM) Digital Transformation Sales - LINK: https://www.dice.com/job-detail/398546e4-c1dd-4c7c-b805-f16272edcc3a
2025-08-02 22:00:01,677 - INFO -    ✅ Successfully applied!
2025-08-02 22:00:10,533 - INFO - 🎯 [48/85] Applying to: Digital Marketing Specialist - LINK: https://www.dice.com/job-detail/63487f1f-e902-4aac-b217-17f6de1e515b
2025-08-02 22:00:28,053 - ERROR -    ❌ Cannot click apply button: Message: 
Stacktrace:
#0 0x560a91c272ca <unknown>
#1 0x560a916ce550 <unknown>
#2 0x560a917200f0 <unknown>
#3 0x560a917202e1 <unknown>
#4 0x560a9176e5e4 <unknown>
#5 0x560a91745bed <unknown>
#6 0x560a9176b9e6 <unknown>
#7 0x560a91745993 <unknown>
#8 0x560a91711d6b <unknown>
#9 0x560a91713141 <unknown>
#10 0x560a91bec2ab <unknown>
#11 0x560a91bf00b9 <unknown>
#12 0x560a91bd3139 <unknown>
#13 0x560a91bf0c68 <unknown>
#14 0x560a91bb760f <unknown>
#15 0x560a91c151f8 <unknown>
#16 0x560a91c153d6 <unknown>
#17 0x560a91c265e6 <unknown>
#18 0x7fce7ec9caa4 <unknown>
#19 0x7fce7ed29c3c <unknown>

2025-08-02 22:00:35,246 - INFO - 🎯 [49/85] Applying to: Full Stack Angular Developer - W2 Contract - LINK: https://www.dice.com/job-detail/857f0692-4b8a-47ce-a48d-be30e4715a10
2025-08-02 22:00:49,936 - INFO -    ✅ Successfully applied!
2025-08-02 22:00:58,180 - INFO - 🎯 [50/85] Applying to: Senior Business Analyst (Hybrid Onsite) - LINK: https://www.dice.com/job-detail/07904c05-775c-44a5-9ca3-7cc0d800144c
2025-08-02 22:01:14,353 - INFO -    ✅ Successfully applied!
2025-08-02 22:01:26,804 - INFO - 🎯 [51/85] Applying to: ServiceNow Developer / Architect - LINK: https://www.dice.com/job-detail/a4dddade-fa70-449f-8fdf-703f333c1668
2025-08-02 22:01:40,195 - INFO -    ✅ Successfully applied!
2025-08-02 22:01:52,031 - INFO - 🎯 [52/85] Applying to: Data Visualization Specialist - LINK: https://www.dice.com/job-detail/d6b8c712-37df-47b9-b7bc-98974bb6fe33
2025-08-02 22:02:09,922 - INFO -    ✅ Successfully applied!
2025-08-02 22:02:21,689 - INFO - 🎯 [53/85] Applying to: QA Engineer II - LINK: https://www.dice.com/job-detail/1d024d8d-4c15-4735-9f95-f06b099cc113
2025-08-02 22:02:40,713 - ERROR -    ❌ Cannot click apply button: Message: 
Stacktrace:
#0 0x560a91c272ca <unknown>
#1 0x560a916ce550 <unknown>
#2 0x560a917200f0 <unknown>
#3 0x560a917202e1 <unknown>
#4 0x560a9176e5e4 <unknown>
#5 0x560a91745bed <unknown>
#6 0x560a9176b9e6 <unknown>
#7 0x560a91745993 <unknown>
#8 0x560a91711d6b <unknown>
#9 0x560a91713141 <unknown>
#10 0x560a91bec2ab <unknown>
#11 0x560a91bf00b9 <unknown>
#12 0x560a91bd3139 <unknown>
#13 0x560a91bf0c68 <unknown>
#14 0x560a91bb760f <unknown>
#15 0x560a91c151f8 <unknown>
#16 0x560a91c153d6 <unknown>
#17 0x560a91c265e6 <unknown>
#18 0x7fce7ec9caa4 <unknown>
#19 0x7fce7ed29c3c <unknown>

2025-08-02 22:02:52,242 - INFO - 🎯 [54/85] Applying to: Senior Full-Stack .NET Developer/Technical Lead - LINK: https://www.dice.com/job-detail/5ba0be11-3627-440d-b3ce-f8741648a1e0
2025-08-02 22:03:07,966 - INFO -    ✅ Successfully applied!
2025-08-02 22:03:18,982 - INFO - 🎯 [55/85] Applying to: Adobe Target Lead Strategist - LINK: https://www.dice.com/job-detail/12ae6f57-e39a-4bee-b561-ae8c787e761d
2025-08-02 22:03:37,688 - ERROR -    ❌ Cannot click apply button: Message: 
Stacktrace:
#0 0x560a91c272ca <unknown>
#1 0x560a916ce550 <unknown>
#2 0x560a917200f0 <unknown>
#3 0x560a917202e1 <unknown>
#4 0x560a9176e5e4 <unknown>
#5 0x560a91745bed <unknown>
#6 0x560a9176b9e6 <unknown>
#7 0x560a91745993 <unknown>
#8 0x560a91711d6b <unknown>
#9 0x560a91713141 <unknown>
#10 0x560a91bec2ab <unknown>
#11 0x560a91bf00b9 <unknown>
#12 0x560a91bd3139 <unknown>
#13 0x560a91bf0c68 <unknown>
#14 0x560a91bb760f <unknown>
#15 0x560a91c151f8 <unknown>
#16 0x560a91c153d6 <unknown>
#17 0x560a91c265e6 <unknown>
#18 0x7fce7ec9caa4 <unknown>
#19 0x7fce7ed29c3c <unknown>

2025-08-02 22:03:49,605 - INFO - 🎯 [56/85] Applying to: Senior Linux Systems Engineer, Low Latency - R - LINK: https://www.dice.com/job-detail/82b876d2-2215-493d-8688-4cbef149b913
2025-08-02 22:04:04,639 - INFO -    ✅ Successfully applied!
2025-08-02 22:04:15,144 - INFO - 🎯 [57/85] Applying to: Java Software Engineer - LINK: https://www.dice.com/job-detail/f4ffcd6a-c047-4915-a4d1-e0e41509b3ba
2025-08-02 22:04:33,310 - ERROR -    ❌ Cannot click apply button: Message: 
Stacktrace:
#0 0x560a91c272ca <unknown>
#1 0x560a916ce550 <unknown>
#2 0x560a917200f0 <unknown>
#3 0x560a917202e1 <unknown>
#4 0x560a9176e5e4 <unknown>
#5 0x560a91745bed <unknown>
#6 0x560a9176b9e6 <unknown>
#7 0x560a91745993 <unknown>
#8 0x560a91711d6b <unknown>
#9 0x560a91713141 <unknown>
#10 0x560a91bec2ab <unknown>
#11 0x560a91bf00b9 <unknown>
#12 0x560a91bd3139 <unknown>
#13 0x560a91bf0c68 <unknown>
#14 0x560a91bb760f <unknown>
#15 0x560a91c151f8 <unknown>
#16 0x560a91c153d6 <unknown>
#17 0x560a91c265e6 <unknown>
#18 0x7fce7ec9caa4 <unknown>
#19 0x7fce7ed29c3c <unknown>

2025-08-02 22:04:44,421 - INFO - 🎯 [58/85] Applying to: .NetSupportEngineer - LINK: https://www.dice.com/job-detail/f0596d2c-a499-4f41-9bbc-7bdadfb6c889
2025-08-02 22:05:00,863 - INFO -    ✅ Successfully applied!
2025-08-02 22:05:09,023 - INFO - 🎯 [59/85] Applying to: Digital Marketing Consultant (32563) - LINK: https://www.dice.com/job-detail/2330fcd4-6f22-4e0d-8201-51993be6df25
2025-08-02 22:05:27,513 - ERROR -    ❌ Cannot click apply button: Message: 
Stacktrace:
#0 0x560a91c272ca <unknown>
#1 0x560a916ce550 <unknown>
#2 0x560a917200f0 <unknown>
#3 0x560a917202e1 <unknown>
#4 0x560a9176e5e4 <unknown>
#5 0x560a91745bed <unknown>
#6 0x560a9176b9e6 <unknown>
#7 0x560a91745993 <unknown>
#8 0x560a91711d6b <unknown>
#9 0x560a91713141 <unknown>
#10 0x560a91bec2ab <unknown>
#11 0x560a91bf00b9 <unknown>
#12 0x560a91bd3139 <unknown>
#13 0x560a91bf0c68 <unknown>
#14 0x560a91bb760f <unknown>
#15 0x560a91c151f8 <unknown>
#16 0x560a91c153d6 <unknown>
#17 0x560a91c265e6 <unknown>
#18 0x7fce7ec9caa4 <unknown>
#19 0x7fce7ed29c3c <unknown>

2025-08-02 22:05:39,288 - INFO - 🎯 [60/85] Applying to: AWS Cloud Engineer with Python - LINK: https://www.dice.com/job-detail/a7eae9d0-2285-4df0-9c94-ab71b60ecfa1
2025-08-02 22:05:55,247 - INFO -    ✅ Successfully applied!
2025-08-02 22:06:04,352 - INFO - 🎯 [61/85] Applying to: Google Cloud Platform Data Architect - LINK: https://www.dice.com/job-detail/166c392e-f1db-4a86-9197-51c454936910
2025-08-02 22:06:22,955 - ERROR -    ❌ Cannot click apply button: Message: 
Stacktrace:
#0 0x560a91c272ca <unknown>
#1 0x560a916ce550 <unknown>
#2 0x560a917200f0 <unknown>
#3 0x560a917202e1 <unknown>
#4 0x560a9176e5e4 <unknown>
#5 0x560a91745bed <unknown>
#6 0x560a9176b9e6 <unknown>
#7 0x560a91745993 <unknown>
#8 0x560a91711d6b <unknown>
#9 0x560a91713141 <unknown>
#10 0x560a91bec2ab <unknown>
#11 0x560a91bf00b9 <unknown>
#12 0x560a91bd3139 <unknown>
#13 0x560a91bf0c68 <unknown>
#14 0x560a91bb760f <unknown>
#15 0x560a91c151f8 <unknown>
#16 0x560a91c153d6 <unknown>
#17 0x560a91c265e6 <unknown>
#18 0x7fce7ec9caa4 <unknown>
#19 0x7fce7ed29c3c <unknown>

2025-08-02 22:06:34,912 - INFO - 🎯 [62/85] Applying to: Scientific Software Engineer - LINK: https://www.dice.com/job-detail/3a6972f0-50de-4890-9450-29b1c6b78b26
2025-08-02 22:06:48,933 - INFO -    ✅ Successfully applied!
2025-08-02 22:06:57,514 - INFO - 🎯 [63/85] Applying to: COBOL Software Engineer - LINK: https://www.dice.com/job-detail/27b3235c-5f44-4c33-acc4-d2388f3c18ee
2025-08-02 22:07:14,281 - INFO -    ✅ Successfully applied!
2025-08-02 22:07:27,155 - INFO - 🎯 [64/85] Applying to: Google Cloud Platform Security Engineer - LINK: https://www.dice.com/job-detail/39c749ae-cb6f-4ea4-9477-e149d0aa98ff
2025-08-02 22:07:46,370 - ERROR -    ❌ Cannot click apply button: Message: 
Stacktrace:
#0 0x560a91c272ca <unknown>
#1 0x560a916ce550 <unknown>
#2 0x560a917200f0 <unknown>
#3 0x560a917202e1 <unknown>
#4 0x560a9176e5e4 <unknown>
#5 0x560a91745bed <unknown>
#6 0x560a9176b9e6 <unknown>
#7 0x560a91745993 <unknown>
#8 0x560a91711d6b <unknown>
#9 0x560a91713141 <unknown>
#10 0x560a91bec2ab <unknown>
#11 0x560a91bf00b9 <unknown>
#12 0x560a91bd3139 <unknown>
#13 0x560a91bf0c68 <unknown>
#14 0x560a91bb760f <unknown>
#15 0x560a91c151f8 <unknown>
#16 0x560a91c153d6 <unknown>
#17 0x560a91c265e6 <unknown>
#18 0x7fce7ec9caa4 <unknown>
#19 0x7fce7ed29c3c <unknown>

2025-08-02 22:07:54,697 - INFO - 🎯 [65/85] Applying to: Sr. Full Stack Engineer - W2 - Plano, TX or Remote - LINK: https://www.dice.com/job-detail/8ebe7032-7486-4a70-906b-f2a643d55689
2025-08-02 22:08:10,961 - INFO -    ✅ Successfully applied!
2025-08-02 22:08:22,311 - INFO - 🎯 [66/85] Applying to: Azure Architect - LINK: https://www.dice.com/job-detail/0ae9b4f1-dca9-47e4-a5a5-0108b132bbec
2025-08-02 22:08:37,116 - INFO -    ✅ Successfully applied!
2025-08-02 22:08:49,913 - INFO - 🎯 [67/85] Applying to: Business Data Governance Analyst - LINK: https://www.dice.com/job-detail/9ca0cd80-3d1f-4aed-8664-1b397ffa15b8
2025-08-02 22:09:08,494 - ERROR -    ❌ Cannot click apply button: Message: 
Stacktrace:
#0 0x560a91c272ca <unknown>
#1 0x560a916ce550 <unknown>
#2 0x560a917200f0 <unknown>
#3 0x560a917202e1 <unknown>
#4 0x560a9176e5e4 <unknown>
#5 0x560a91745bed <unknown>
#6 0x560a9176b9e6 <unknown>
#7 0x560a91745993 <unknown>
#8 0x560a91711d6b <unknown>
#9 0x560a91713141 <unknown>
#10 0x560a91bec2ab <unknown>
#11 0x560a91bf00b9 <unknown>
#12 0x560a91bd3139 <unknown>
#13 0x560a91bf0c68 <unknown>
#14 0x560a91bb760f <unknown>
#15 0x560a91c151f8 <unknown>
#16 0x560a91c153d6 <unknown>
#17 0x560a91c265e6 <unknown>
#18 0x7fce7ec9caa4 <unknown>
#19 0x7fce7ed29c3c <unknown>

2025-08-02 22:09:18,604 - INFO - 🎯 [68/85] Applying to: WPF Software Engineer (Mid-level) - LINK: https://www.dice.com/job-detail/ddc61867-ea42-4fdc-b273-fb9aad91328b
2025-08-02 22:09:34,837 - INFO -    ✅ Successfully applied!
2025-08-02 22:09:44,584 - INFO - 🎯 [69/85] Applying to: Director Contract Research Organization (CRO) SME (Customer Success) - LINK: https://www.dice.com/job-detail/b12d5c89-e605-4e39-8b32-afabb138dd29
2025-08-02 22:09:58,066 - INFO -    ✅ Successfully applied!
2025-08-02 22:10:07,308 - INFO - 🎯 [70/85] Applying to: Test Data Management (TDM) Engineer - LINK: https://www.dice.com/job-detail/8b3ef4f1-79be-45e4-9aaa-2ecdfe3eaba7
2025-08-02 22:10:22,684 - INFO -    ✅ Successfully applied!
2025-08-02 22:10:32,758 - INFO - 🎯 [71/85] Applying to: IT Systems Analyst Specialist in Memphis, TN 38125 (100% Remote) - LINK: https://www.dice.com/job-detail/f7dcfd87-b55b-4782-9ce1-f5a33d73caab
2025-08-02 22:10:51,613 - ERROR -    ❌ Cannot click apply button: Message: 
Stacktrace:
#0 0x560a91c272ca <unknown>
#1 0x560a916ce550 <unknown>
#2 0x560a917200f0 <unknown>
#3 0x560a917202e1 <unknown>
#4 0x560a9176e5e4 <unknown>
#5 0x560a91745bed <unknown>
#6 0x560a9176b9e6 <unknown>
#7 0x560a91745993 <unknown>
#8 0x560a91711d6b <unknown>
#9 0x560a91713141 <unknown>
#10 0x560a91bec2ab <unknown>
#11 0x560a91bf00b9 <unknown>
#12 0x560a91bd3139 <unknown>
#13 0x560a91bf0c68 <unknown>
#14 0x560a91bb760f <unknown>
#15 0x560a91c151f8 <unknown>
#16 0x560a91c153d6 <unknown>
#17 0x560a91c265e6 <unknown>
#18 0x7fce7ec9caa4 <unknown>
#19 0x7fce7ed29c3c <unknown>

2025-08-02 22:11:01,563 - INFO - 🎯 [72/85] Applying to: Cloud Functional Architect - (OTM) - LINK: https://www.dice.com/job-detail/76517dd5-1895-428c-9d9c-990d80c95263
2025-08-02 22:11:15,554 - INFO -    ✅ Successfully applied!
2025-08-02 22:11:27,536 - INFO - 🎯 [73/85] Applying to: Instructional Systems Designer - LINK: https://www.dice.com/job-detail/f360a2dc-a8c6-4b6d-877e-0d1f0f2e8b7c
2025-08-02 22:11:42,900 - INFO -    ✅ Successfully applied!
2025-08-02 22:11:52,497 - INFO - 🎯 [74/85] Applying to: Data Scientist - AI, Artificial Intelligenc, Agentic, - LINK: https://www.dice.com/job-detail/03d1c719-e5be-435d-b9cd-9de306ef2645
2025-08-02 22:12:08,352 - INFO -    ✅ Successfully applied!
2025-08-02 22:12:18,381 - INFO - 🎯 [75/85] Applying to: Senior Quality Engineer - LINK: https://www.dice.com/job-detail/28ffc998-7358-4d36-8344-80458f04e4e3
2025-08-02 22:12:37,429 - ERROR -    ❌ Cannot click apply button: Message: 
Stacktrace:
#0 0x560a91c272ca <unknown>
#1 0x560a916ce550 <unknown>
#2 0x560a917200f0 <unknown>
#3 0x560a917202e1 <unknown>
#4 0x560a9176e5e4 <unknown>
#5 0x560a91745bed <unknown>
#6 0x560a9176b9e6 <unknown>
#7 0x560a91745993 <unknown>
#8 0x560a91711d6b <unknown>
#9 0x560a91713141 <unknown>
#10 0x560a91bec2ab <unknown>
#11 0x560a91bf00b9 <unknown>
#12 0x560a91bd3139 <unknown>
#13 0x560a91bf0c68 <unknown>
#14 0x560a91bb760f <unknown>
#15 0x560a91c151f8 <unknown>
#16 0x560a91c153d6 <unknown>
#17 0x560a91c265e6 <unknown>
#18 0x7fce7ec9caa4 <unknown>
#19 0x7fce7ed29c3c <unknown>

2025-08-02 22:12:44,258 - INFO - 🎯 [76/85] Applying to: Strategic & Administrative Support Specialist for Marketing Operations - LINK: https://www.dice.com/job-detail/aa760327-7e01-43e2-bf3c-a1218c82fb30
2025-08-02 22:13:04,375 - ERROR -    ❌ Cannot click apply button: Message: 
Stacktrace:
#0 0x560a91c272ca <unknown>
#1 0x560a916ce550 <unknown>
#2 0x560a917200f0 <unknown>
#3 0x560a917202e1 <unknown>
#4 0x560a9176e5e4 <unknown>
#5 0x560a91745bed <unknown>
#6 0x560a9176b9e6 <unknown>
#7 0x560a91745993 <unknown>
#8 0x560a91711d6b <unknown>
#9 0x560a91713141 <unknown>
#10 0x560a91bec2ab <unknown>
#11 0x560a91bf00b9 <unknown>
#12 0x560a91bd3139 <unknown>
#13 0x560a91bf0c68 <unknown>
#14 0x560a91bb760f <unknown>
#15 0x560a91c151f8 <unknown>
#16 0x560a91c153d6 <unknown>
#17 0x560a91c265e6 <unknown>
#18 0x7fce7ec9caa4 <unknown>
#19 0x7fce7ed29c3c <unknown>

2025-08-02 22:13:15,612 - INFO - 🎯 [77/85] Applying to: Senior Software Developers - LINK: https://www.dice.com/job-detail/688cd930-c1f6-4457-9656-30e137c9fc13
2025-08-02 22:13:30,370 - INFO -    ✅ Successfully applied!
2025-08-02 22:13:38,799 - INFO - 🎯 [78/85] Applying to: DOCSIS Test engineer - LINK: https://www.dice.com/job-detail/51751082-e8aa-493c-96cc-23e553ff26ee
2025-08-02 22:13:54,012 - INFO -    ✅ Successfully applied!
2025-08-02 22:14:04,289 - INFO - 🎯 [79/85] Applying to: Java Solution Architect with healthcare exp - LINK: https://www.dice.com/job-detail/9214a562-d79a-4a3f-a52d-e0ec7b4b0658
2025-08-02 22:14:18,752 - INFO -    ✅ Successfully applied!
2025-08-02 22:14:26,219 - INFO - 🎯 [80/85] Applying to: Data Engineer - LINK: https://www.dice.com/job-detail/1375cf1d-cfe9-4caa-b6e7-036aedc5eabc
2025-08-02 22:14:40,717 - INFO -    ✅ Successfully applied!
2025-08-02 22:14:48,632 - INFO - 🎯 [81/85] Applying to: Java Full Stack developer (exp with Digital Cinema or Entertainment) - LINK: https://www.dice.com/job-detail/5c24de57-6fc3-4835-8071-c9163b203701
2025-08-02 22:15:03,068 - INFO -    ✅ Successfully applied!
2025-08-02 22:15:11,781 - INFO - 🎯 [82/85] Applying to: CAPA Quality Engineer (2 Openings)(ONSITE)(No C2C/H1B) - LINK: https://www.dice.com/job-detail/16611440-aa3c-42c3-b9c4-ae97bfd8f55c
2025-08-02 22:15:26,629 - INFO -    ✅ Successfully applied!
2025-08-02 22:15:38,150 - INFO - 🎯 [83/85] Applying to: Electrical Validation Engineer - LINK: https://www.dice.com/job-detail/4dc5dc14-32d3-45bf-af9c-b9725e7657a2
2025-08-02 22:15:56,734 - INFO -    ✅ Successfully applied!
2025-08-02 22:16:07,200 - INFO - 🎯 [84/85] Applying to: Google Cloud Platform Security Engineer - LINK: https://www.dice.com/job-detail/256b31f1-aa69-4909-89b8-ce811b1e113d
2025-08-02 22:16:26,256 - ERROR -    ❌ Cannot click apply button: Message: 
Stacktrace:
#0 0x560a91c272ca <unknown>
#1 0x560a916ce550 <unknown>
#2 0x560a917200f0 <unknown>
#3 0x560a917202e1 <unknown>
#4 0x560a9176e5e4 <unknown>
#5 0x560a91745bed <unknown>
#6 0x560a9176b9e6 <unknown>
#7 0x560a91745993 <unknown>
#8 0x560a91711d6b <unknown>
#9 0x560a91713141 <unknown>
#10 0x560a91bec2ab <unknown>
#11 0x560a91bf00b9 <unknown>
#12 0x560a91bd3139 <unknown>
#13 0x560a91bf0c68 <unknown>
#14 0x560a91bb760f <unknown>
#15 0x560a91c151f8 <unknown>
#16 0x560a91c153d6 <unknown>
#17 0x560a91c265e6 <unknown>
#18 0x7fce7ec9caa4 <unknown>
#19 0x7fce7ed29c3c <unknown>

2025-08-02 22:16:33,606 - INFO - 🎯 [85/85] Applying to: Data Engineer Medicaid Data Warehouse (AWS) - LINK: https://www.dice.com/job-detail/3e8f5cdf-350c-48f0-b147-2af9d38de4ee
2025-08-02 22:16:51,732 - INFO -    ✅ Successfully applied!
2025-08-02 22:16:55,276 - INFO - 📊 Processing results...
2025-08-02 22:16:55,333 - INFO - 🎉 Application run completed!
2025-08-02 22:16:55,333 - INFO -    ✅ Newly applied: 59
2025-08-02 22:16:55,333 - INFO -    ⏭️  Already applied: 0
2025-08-02 22:16:55,333 - INFO -    ❌ Failed: 26
2025-08-02 22:16:55,333 - INFO -    📊 Total processed: 85
2025-08-02 22:16:55,333 - INFO -    📁 Total jobs in CSV: 4468
2025-08-02 22:16:55,333 - INFO -    💾 Updated: output/final_ml_jobs.csv
2025-08-02 22:16:55,334 - INFO - 🔧 Closing browser...
