2025-08-03 03:43:52,086 - INFO - 🚀 Starting stealth job application bot
2025-08-03 03:44:00,903 - INFO - 📂 Loading jobs from output/final_ml_jobs.csv
2025-08-03 03:44:00,940 - INFO -    📊 Total jobs in file: 4480
2025-08-03 03:44:00,945 - INFO -    🎯 Easy Apply jobs: 4480
2025-08-03 03:44:00,947 - INFO -    ⏳ Jobs to process: 2420 (status: pending)
2025-08-03 03:44:00,948 - INFO - 🎲 Will attempt 90 applications this run (target: 90)
2025-08-03 03:44:00,948 - INFO - 🔑 Logging into Dice...
2025-08-03 03:44:03,593 - INFO - ✅ Login successful
2025-08-03 03:44:06,303 - INFO - 🔄 Starting job applications...
2025-08-03 03:44:06,303 - INFO - 🎯 [1/90] Applying to: Senior Platform Engineer - LINK: https://www.dice.com/job-detail/4cf475de-96fa-4010-b1dc-d25297747f8c
2025-08-03 03:44:25,042 - ERROR -    ❌ Cannot click apply button: Message: 
Stacktrace:
#0 0x557703eab2ca <unknown>
#1 0x557703952550 <unknown>
#2 0x5577039a40f0 <unknown>
#3 0x5577039a42e1 <unknown>
#4 0x5577039f25e4 <unknown>
#5 0x5577039c9bed <unknown>
#6 0x5577039ef9e6 <unknown>
#7 0x5577039c9993 <unknown>
#8 0x557703995d6b <unknown>
#9 0x557703997141 <unknown>
#10 0x557703e702ab <unknown>
#11 0x557703e740b9 <unknown>
#12 0x557703e57139 <unknown>
#13 0x557703e74c68 <unknown>
#14 0x557703e3b60f <unknown>
#15 0x557703e991f8 <unknown>
#16 0x557703e993d6 <unknown>
#17 0x557703eaa5e6 <unknown>
#18 0x7f42eb29caa4 <unknown>
#19 0x7f42eb329c3c <unknown>

2025-08-03 03:44:34,989 - INFO - 🎯 [2/90] Applying to: ERP Specialist - LINK: https://www.dice.com/job-detail/38508e04-6627-489d-b99a-dd9af7a1f4d4
2025-08-03 03:44:51,432 - INFO -    ✅ Successfully applied!
2025-08-03 03:45:02,791 - INFO - 🎯 [3/90] Applying to: Azure Certified .NET Developer - LINK: https://www.dice.com/job-detail/9d44fc75-db0a-479b-9fcf-938775c65ee6
2025-08-03 03:45:16,486 - INFO -    ✅ Successfully applied!
2025-08-03 03:45:23,994 - INFO - 🎯 [4/90] Applying to: Power BI Developer - LINK: https://www.dice.com/job-detail/6a805dc0-eaaa-4557-9d26-625f3c121265
2025-08-03 03:45:38,750 - INFO -    ✅ Successfully applied!
2025-08-03 03:45:50,217 - INFO - 🎯 [5/90] Applying to: ERP/CRM Developer - LINK: https://www.dice.com/job-detail/01cf3ef7-9ef3-4927-afb1-9cbbcfc075bd
2025-08-03 03:46:05,826 - INFO -    ✅ Successfully applied!
2025-08-03 03:46:15,580 - INFO - 🎯 [6/90] Applying to: R DEVELOPER,Location: REMOTE,Duration: Longterm Contract - LINK: https://www.dice.com/job-detail/4caffe4b-cd2d-4948-af9a-20f88bdcb152
2025-08-03 03:46:29,901 - INFO -    ✅ Successfully applied!
2025-08-03 03:46:41,153 - INFO - 🎯 [7/90] Applying to: Software Engineer - LINK: https://www.dice.com/job-detail/f272b2b2-9812-4993-b753-d39cb6a1fbaa
2025-08-03 03:47:00,421 - ERROR -    ❌ Cannot click apply button: Message: 
Stacktrace:
#0 0x557703eab2ca <unknown>
#1 0x557703952550 <unknown>
#2 0x5577039a40f0 <unknown>
#3 0x5577039a42e1 <unknown>
#4 0x5577039f25e4 <unknown>
#5 0x5577039c9bed <unknown>
#6 0x5577039ef9e6 <unknown>
#7 0x5577039c9993 <unknown>
#8 0x557703995d6b <unknown>
#9 0x557703997141 <unknown>
#10 0x557703e702ab <unknown>
#11 0x557703e740b9 <unknown>
#12 0x557703e57139 <unknown>
#13 0x557703e74c68 <unknown>
#14 0x557703e3b60f <unknown>
#15 0x557703e991f8 <unknown>
#16 0x557703e993d6 <unknown>
#17 0x557703eaa5e6 <unknown>
#18 0x7f42eb29caa4 <unknown>
#19 0x7f42eb329c3c <unknown>

2025-08-03 03:47:09,027 - INFO - 🎯 [8/90] Applying to: SDET/QA Automation Engineer - LINK: https://www.dice.com/job-detail/2dfb7648-1d02-423a-92a5-7ffb2e176053
2025-08-03 03:47:23,034 - INFO -    ✅ Successfully applied!
2025-08-03 03:47:36,041 - INFO - 🎯 [9/90] Applying to: Lead Technical Business Analyst Telco Network Applications - LINK: https://www.dice.com/job-detail/e58a4176-3bcc-4061-8f5a-9978ea843b1b
2025-08-03 03:47:52,829 - INFO -    ✅ Successfully applied!
2025-08-03 03:47:59,883 - INFO - 🎯 [10/90] Applying to: Business Analyst ( BA with Clinical Experience) - LINK: https://www.dice.com/job-detail/f034ac40-5dee-4a19-90f3-ed21277631fb
2025-08-03 03:48:15,788 - INFO -    ✅ Successfully applied!
2025-08-03 03:48:26,391 - INFO - 🎯 [11/90] Applying to: Sr Lead Data Engineer/ Architect - LINK: https://www.dice.com/job-detail/aacf6055-0eec-4599-9438-5094918705b5
2025-08-03 03:48:40,892 - INFO -    ✅ Successfully applied!
2025-08-03 03:48:50,898 - INFO - 🎯 [12/90] Applying to: Sr Business Analyst W2 Contract - LINK: https://www.dice.com/job-detail/da9cfd6b-6200-4211-b214-3f9d4b48a7de
2025-08-03 03:49:05,194 - INFO -    ✅ Successfully applied!
2025-08-03 03:49:15,705 - INFO - 🎯 [13/90] Applying to: Enterprise Architect - LINK: https://www.dice.com/job-detail/87c92312-d2f2-4505-bdad-f351bed706ab
2025-08-03 03:49:35,092 - ERROR -    ❌ Cannot click apply button: Message: 
Stacktrace:
#0 0x557703eab2ca <unknown>
#1 0x557703952550 <unknown>
#2 0x5577039a40f0 <unknown>
#3 0x5577039a42e1 <unknown>
#4 0x5577039f25e4 <unknown>
#5 0x5577039c9bed <unknown>
#6 0x5577039ef9e6 <unknown>
#7 0x5577039c9993 <unknown>
#8 0x557703995d6b <unknown>
#9 0x557703997141 <unknown>
#10 0x557703e702ab <unknown>
#11 0x557703e740b9 <unknown>
#12 0x557703e57139 <unknown>
#13 0x557703e74c68 <unknown>
#14 0x557703e3b60f <unknown>
#15 0x557703e991f8 <unknown>
#16 0x557703e993d6 <unknown>
#17 0x557703eaa5e6 <unknown>
#18 0x7f42eb29caa4 <unknown>
#19 0x7f42eb329c3c <unknown>

2025-08-03 03:49:46,726 - INFO - 🎯 [14/90] Applying to: Commercial Lending Consultant - LINK: https://www.dice.com/job-detail/be175351-2263-4ad5-bf40-587abb8297af
2025-08-03 03:50:01,332 - INFO -    ✅ Successfully applied!
2025-08-03 03:50:10,074 - INFO - 🎯 [15/90] Applying to: Lead Engineer- Cloud - LINK: https://www.dice.com/job-detail/f2fb2ef3-bbb7-4c7f-a6da-58b70943aa98
2025-08-03 03:50:29,354 - ERROR -    ❌ Cannot click apply button: Message: 
Stacktrace:
#0 0x557703eab2ca <unknown>
#1 0x557703952550 <unknown>
#2 0x5577039a40f0 <unknown>
#3 0x5577039a42e1 <unknown>
#4 0x5577039f25e4 <unknown>
#5 0x5577039c9bed <unknown>
#6 0x5577039ef9e6 <unknown>
#7 0x5577039c9993 <unknown>
#8 0x557703995d6b <unknown>
#9 0x557703997141 <unknown>
#10 0x557703e702ab <unknown>
#11 0x557703e740b9 <unknown>
#12 0x557703e57139 <unknown>
#13 0x557703e74c68 <unknown>
#14 0x557703e3b60f <unknown>
#15 0x557703e991f8 <unknown>
#16 0x557703e993d6 <unknown>
#17 0x557703eaa5e6 <unknown>
#18 0x7f42eb29caa4 <unknown>
#19 0x7f42eb329c3c <unknown>

2025-08-03 03:50:37,771 - INFO - 🎯 [16/90] Applying to: Sr. Software Engineer - LINK: https://www.dice.com/job-detail/f54b2d14-9863-4d05-8fef-fc4fe81d9646
2025-08-03 03:50:52,785 - INFO -    ✅ Successfully applied!
2025-08-03 03:51:04,473 - INFO - 🎯 [17/90] Applying to: System Debug and Configuration Engineer - LINK: https://www.dice.com/job-detail/08515bd3-ce73-4824-858d-ec72f0bc6fc3
2025-08-03 03:51:23,583 - ERROR -    ❌ Cannot click apply button: Message: 
Stacktrace:
#0 0x557703eab2ca <unknown>
#1 0x557703952550 <unknown>
#2 0x5577039a40f0 <unknown>
#3 0x5577039a42e1 <unknown>
#4 0x5577039f25e4 <unknown>
#5 0x5577039c9bed <unknown>
#6 0x5577039ef9e6 <unknown>
#7 0x5577039c9993 <unknown>
#8 0x557703995d6b <unknown>
#9 0x557703997141 <unknown>
#10 0x557703e702ab <unknown>
#11 0x557703e740b9 <unknown>
#12 0x557703e57139 <unknown>
#13 0x557703e74c68 <unknown>
#14 0x557703e3b60f <unknown>
#15 0x557703e991f8 <unknown>
#16 0x557703e993d6 <unknown>
#17 0x557703eaa5e6 <unknown>
#18 0x7f42eb29caa4 <unknown>
#19 0x7f42eb329c3c <unknown>

2025-08-03 03:51:34,568 - INFO - 🎯 [18/90] Applying to: Senior Threat Analyst (SOC) Nights/Weekends (Onsite) - 2 Year Contract - Brooklyn, NY - LINK: https://www.dice.com/job-detail/fb25a5cf-2119-4dd2-bdcc-0013bf9e5235
2025-08-03 03:51:48,958 - INFO -    ✅ Successfully applied!
2025-08-03 03:52:00,202 - INFO - 🎯 [19/90] Applying to: Enterprise Cloud Solutions Architect @ Austin, TX - Hybrid - Only Locals - LINK: https://www.dice.com/job-detail/e223c913-38e0-4389-b8fb-05e50ed6db39
2025-08-03 03:52:19,824 - ERROR -    ❌ Cannot click apply button: Message: 
Stacktrace:
#0 0x557703eab2ca <unknown>
#1 0x557703952550 <unknown>
#2 0x5577039a40f0 <unknown>
#3 0x5577039a42e1 <unknown>
#4 0x5577039f25e4 <unknown>
#5 0x5577039c9bed <unknown>
#6 0x5577039ef9e6 <unknown>
#7 0x5577039c9993 <unknown>
#8 0x557703995d6b <unknown>
#9 0x557703997141 <unknown>
#10 0x557703e702ab <unknown>
#11 0x557703e740b9 <unknown>
#12 0x557703e57139 <unknown>
#13 0x557703e74c68 <unknown>
#14 0x557703e3b60f <unknown>
#15 0x557703e991f8 <unknown>
#16 0x557703e993d6 <unknown>
#17 0x557703eaa5e6 <unknown>
#18 0x7f42eb29caa4 <unknown>
#19 0x7f42eb329c3c <unknown>

2025-08-03 03:52:27,664 - INFO - 🎯 [20/90] Applying to: Jr. Salesforce Developer / Admin - LINK: https://www.dice.com/job-detail/d52cbe6a-a207-4975-a6cd-23ff2d8ed2ed
2025-08-03 03:52:42,484 - INFO -    ✅ Successfully applied!
2025-08-03 03:52:51,543 - INFO - 🎯 [21/90] Applying to: Enterprise Solution Architect AI & Automation - LINK: https://www.dice.com/job-detail/ff897a03-2ead-4dbb-8277-effb3c575ed0
2025-08-03 03:53:11,348 - ERROR -    ❌ Cannot click apply button: Message: 
Stacktrace:
#0 0x557703eab2ca <unknown>
#1 0x557703952550 <unknown>
#2 0x5577039a40f0 <unknown>
#3 0x5577039a42e1 <unknown>
#4 0x5577039f25e4 <unknown>
#5 0x5577039c9bed <unknown>
#6 0x5577039ef9e6 <unknown>
#7 0x5577039c9993 <unknown>
#8 0x557703995d6b <unknown>
#9 0x557703997141 <unknown>
#10 0x557703e702ab <unknown>
#11 0x557703e740b9 <unknown>
#12 0x557703e57139 <unknown>
#13 0x557703e74c68 <unknown>
#14 0x557703e3b60f <unknown>
#15 0x557703e991f8 <unknown>
#16 0x557703e993d6 <unknown>
#17 0x557703eaa5e6 <unknown>
#18 0x7f42eb29caa4 <unknown>
#19 0x7f42eb329c3c <unknown>

2025-08-03 03:53:20,764 - INFO - 🎯 [22/90] Applying to: SAP SAC Architect-Utilites - LINK: https://www.dice.com/job-detail/c5aecd8e-4ae1-4d40-9e70-d2a6de7a1b25
2025-08-03 03:53:37,103 - INFO -    ✅ Successfully applied!
2025-08-03 03:53:45,531 - INFO - 🎯 [23/90] Applying to: Senior Software Developers - LINK: https://www.dice.com/job-detail/93ea7a43-0546-4701-80ae-77a7b1588b59
2025-08-03 03:54:01,827 - INFO -    ✅ Successfully applied!
2025-08-03 03:54:11,003 - INFO - 🎯 [24/90] Applying to: Technical PreSales Engineer - LINK: https://www.dice.com/job-detail/5b8f1c32-f21a-4cd7-a6dc-f9e347079337
2025-08-03 03:54:29,589 - ERROR -    ❌ Cannot click apply button: Message: 
Stacktrace:
#0 0x557703eab2ca <unknown>
#1 0x557703952550 <unknown>
#2 0x5577039a40f0 <unknown>
#3 0x5577039a42e1 <unknown>
#4 0x5577039f25e4 <unknown>
#5 0x5577039c9bed <unknown>
#6 0x5577039ef9e6 <unknown>
#7 0x5577039c9993 <unknown>
#8 0x557703995d6b <unknown>
#9 0x557703997141 <unknown>
#10 0x557703e702ab <unknown>
#11 0x557703e740b9 <unknown>
#12 0x557703e57139 <unknown>
#13 0x557703e74c68 <unknown>
#14 0x557703e3b60f <unknown>
#15 0x557703e991f8 <unknown>
#16 0x557703e993d6 <unknown>
#17 0x557703eaa5e6 <unknown>
#18 0x7f42eb29caa4 <unknown>
#19 0x7f42eb329c3c <unknown>

2025-08-03 03:54:41,598 - INFO - 🎯 [25/90] Applying to: Data Analyst - LINK: https://www.dice.com/job-detail/e76bd7bf-c7fe-4fde-8630-0d7ad7e8f509
2025-08-03 03:54:55,169 - INFO -    ✅ Successfully applied!
2025-08-03 03:55:05,255 - INFO - 🎯 [26/90] Applying to: Lead Java Software Engineer-React Native APIs, ReactJS - LINK: https://www.dice.com/job-detail/4adb538b-74ff-4bec-a22c-4a4533f2aa01
2025-08-03 03:55:21,956 - INFO -    ✅ Successfully applied!
2025-08-03 03:55:30,109 - INFO - 🎯 [27/90] Applying to: Data Engineer - LINK: https://www.dice.com/job-detail/78ebc962-bdf3-4c8d-ba50-c2d98c2306c0
2025-08-03 03:55:46,456 - INFO -    ✅ Successfully applied!
2025-08-03 03:55:55,846 - INFO - 🎯 [28/90] Applying to: NICE IVR consultant Fort Mill,SC (Charlotte) - LINK: https://www.dice.com/job-detail/66b12bc8-78d1-476b-94de-49cb8fd9722f
2025-08-03 03:56:14,676 - ERROR -    ❌ Cannot click apply button: Message: 
Stacktrace:
#0 0x557703eab2ca <unknown>
#1 0x557703952550 <unknown>
#2 0x5577039a40f0 <unknown>
#3 0x5577039a42e1 <unknown>
#4 0x5577039f25e4 <unknown>
#5 0x5577039c9bed <unknown>
#6 0x5577039ef9e6 <unknown>
#7 0x5577039c9993 <unknown>
#8 0x557703995d6b <unknown>
#9 0x557703997141 <unknown>
#10 0x557703e702ab <unknown>
#11 0x557703e740b9 <unknown>
#12 0x557703e57139 <unknown>
#13 0x557703e74c68 <unknown>
#14 0x557703e3b60f <unknown>
#15 0x557703e991f8 <unknown>
#16 0x557703e993d6 <unknown>
#17 0x557703eaa5e6 <unknown>
#18 0x7f42eb29caa4 <unknown>
#19 0x7f42eb329c3c <unknown>

2025-08-03 03:56:24,805 - INFO - 🎯 [29/90] Applying to: Senior Full Stack Developer with Voice AI Infrastructure (Google Cloud Platform, Azure & AWS) - LINK: https://www.dice.com/job-detail/755dcd6e-a4b7-4f9f-aa57-ac9ee247d943
2025-08-03 03:56:41,685 - INFO -    ✅ Successfully applied!
2025-08-03 03:56:50,280 - INFO - 🎯 [30/90] Applying to: Full Stack Developer - LINK: https://www.dice.com/job-detail/72ebd6fa-397e-464b-9990-66ab7d9e8d17
2025-08-03 03:57:07,094 - INFO -    ✅ Successfully applied!
2025-08-03 03:57:15,795 - INFO - 🎯 [31/90] Applying to: Senior Software Developers II, Java multiple positions - LINK: https://www.dice.com/job-detail/d7d5fbbb-ec24-4081-8404-39113ff212b3
2025-08-03 03:57:32,886 - INFO -    ✅ Successfully applied!
2025-08-03 03:57:46,722 - INFO - 🎯 [32/90] Applying to: Solution Architect - LINK: https://www.dice.com/job-detail/c683d3b4-648f-4321-afe8-9ed0a1158298
2025-08-03 03:58:06,118 - ERROR -    ❌ Cannot click apply button: Message: 
Stacktrace:
#0 0x557703eab2ca <unknown>
#1 0x557703952550 <unknown>
#2 0x5577039a40f0 <unknown>
#3 0x5577039a42e1 <unknown>
#4 0x5577039f25e4 <unknown>
#5 0x5577039c9bed <unknown>
#6 0x5577039ef9e6 <unknown>
#7 0x5577039c9993 <unknown>
#8 0x557703995d6b <unknown>
#9 0x557703997141 <unknown>
#10 0x557703e702ab <unknown>
#11 0x557703e740b9 <unknown>
#12 0x557703e57139 <unknown>
#13 0x557703e74c68 <unknown>
#14 0x557703e3b60f <unknown>
#15 0x557703e991f8 <unknown>
#16 0x557703e993d6 <unknown>
#17 0x557703eaa5e6 <unknown>
#18 0x7f42eb29caa4 <unknown>
#19 0x7f42eb329c3c <unknown>

2025-08-03 03:58:18,723 - INFO - 🎯 [33/90] Applying to: Android Engineer - LINK: https://www.dice.com/job-detail/b66e698f-8bdc-46f7-9135-f1552e1386b3
2025-08-03 03:58:34,275 - INFO -    ✅ Successfully applied!
2025-08-03 03:58:46,067 - INFO - 🎯 [34/90] Applying to: Informatica MDM Lead with Oracle PL/SQL, Python - LINK: https://www.dice.com/job-detail/767adaee-cfa1-4c07-bc6c-ecc38b4e221b
2025-08-03 03:59:01,362 - INFO -    ✅ Successfully applied!
2025-08-03 03:59:13,326 - INFO - 🎯 [35/90] Applying to: ERP/CRM Consultant - LINK: https://www.dice.com/job-detail/72f56b7d-e84a-40e0-a510-2cba8025a235
2025-08-03 03:59:27,853 - INFO -    ✅ Successfully applied!
2025-08-03 03:59:39,672 - INFO - 🎯 [36/90] Applying to: Python developer - LINK: https://www.dice.com/job-detail/ac77457c-8b51-40ab-b95a-9f773fa18c40
2025-08-03 03:59:54,539 - INFO -    ✅ Successfully applied!
2025-08-03 04:00:02,402 - INFO - 🎯 [37/90] Applying to: VMware / vSphere Engineer - LINK: https://www.dice.com/job-detail/fbf8980f-0440-416d-8f5b-68c891a89250
2025-08-03 04:00:18,853 - INFO -    ✅ Successfully applied!
2025-08-03 04:00:28,522 - INFO - 🎯 [38/90] Applying to: IDMS - Mainframe Systems Programmer - LINK: https://www.dice.com/job-detail/56ba1485-0161-4fd7-b148-cdc519dcfafa
2025-08-03 04:00:47,673 - ERROR -    ❌ Cannot click apply button: Message: 
Stacktrace:
#0 0x557703eab2ca <unknown>
#1 0x557703952550 <unknown>
#2 0x5577039a40f0 <unknown>
#3 0x5577039a42e1 <unknown>
#4 0x5577039f25e4 <unknown>
#5 0x5577039c9bed <unknown>
#6 0x5577039ef9e6 <unknown>
#7 0x5577039c9993 <unknown>
#8 0x557703995d6b <unknown>
#9 0x557703997141 <unknown>
#10 0x557703e702ab <unknown>
#11 0x557703e740b9 <unknown>
#12 0x557703e57139 <unknown>
#13 0x557703e74c68 <unknown>
#14 0x557703e3b60f <unknown>
#15 0x557703e991f8 <unknown>
#16 0x557703e993d6 <unknown>
#17 0x557703eaa5e6 <unknown>
#18 0x7f42eb29caa4 <unknown>
#19 0x7f42eb329c3c <unknown>

2025-08-03 04:00:56,502 - INFO - 🎯 [39/90] Applying to: Informatics Specialist - LINK: https://www.dice.com/job-detail/efe47d1b-9aa5-405c-a1e8-b6f11b184faf
2025-08-03 04:01:11,711 - INFO -    ✅ Successfully applied!
2025-08-03 04:01:19,434 - INFO - 🎯 [40/90] Applying to: Senior Cloud Engineer / Google Cloud Platform Architect - LINK: https://www.dice.com/job-detail/139ef87d-8ede-46c0-9ec6-06eeaa45b43c
2025-08-03 04:01:38,640 - ERROR -    ❌ Cannot click apply button: Message: 
Stacktrace:
#0 0x557703eab2ca <unknown>
#1 0x557703952550 <unknown>
#2 0x5577039a40f0 <unknown>
#3 0x5577039a42e1 <unknown>
#4 0x5577039f25e4 <unknown>
#5 0x5577039c9bed <unknown>
#6 0x5577039ef9e6 <unknown>
#7 0x5577039c9993 <unknown>
#8 0x557703995d6b <unknown>
#9 0x557703997141 <unknown>
#10 0x557703e702ab <unknown>
#11 0x557703e740b9 <unknown>
#12 0x557703e57139 <unknown>
#13 0x557703e74c68 <unknown>
#14 0x557703e3b60f <unknown>
#15 0x557703e991f8 <unknown>
#16 0x557703e993d6 <unknown>
#17 0x557703eaa5e6 <unknown>
#18 0x7f42eb29caa4 <unknown>
#19 0x7f42eb329c3c <unknown>

2025-08-03 04:01:47,585 - INFO - 🎯 [41/90] Applying to: Azure infrastructure Engineer - LINK: https://www.dice.com/job-detail/eca489ab-131d-4d39-8be0-0d536d843919
2025-08-03 04:02:05,694 - INFO -    ✅ Successfully applied!
2025-08-03 04:02:18,675 - INFO - 🎯 [42/90] Applying to: Salesforce CRM Business Analyst - LINK: https://www.dice.com/job-detail/abe0f14e-ded4-4f1a-ab20-28efc7296054
2025-08-03 04:02:35,389 - INFO -    ✅ Successfully applied!
2025-08-03 04:02:47,157 - INFO - 🎯 [43/90] Applying to: RTL Design Engineer - LINK: https://www.dice.com/job-detail/00f08512-f732-4ea0-9ae3-edf1b3e0e97a
2025-08-03 04:03:02,578 - INFO -    ✅ Successfully applied!
2025-08-03 04:03:12,049 - INFO - 🎯 [44/90] Applying to: Senior Backend Engineer / Solutions Architect (Node.js | Google Cloud Platform |OAuth2, TypeScript | Finance) - LINK: https://www.dice.com/job-detail/49182417-32a5-427e-90d2-f94b8a357daa
2025-08-03 04:03:32,264 - ERROR -    ❌ Cannot click apply button: Message: 
Stacktrace:
#0 0x557703eab2ca <unknown>
#1 0x557703952550 <unknown>
#2 0x5577039a40f0 <unknown>
#3 0x5577039a42e1 <unknown>
#4 0x5577039f25e4 <unknown>
#5 0x5577039c9bed <unknown>
#6 0x5577039ef9e6 <unknown>
#7 0x5577039c9993 <unknown>
#8 0x557703995d6b <unknown>
#9 0x557703997141 <unknown>
#10 0x557703e702ab <unknown>
#11 0x557703e740b9 <unknown>
#12 0x557703e57139 <unknown>
#13 0x557703e74c68 <unknown>
#14 0x557703e3b60f <unknown>
#15 0x557703e991f8 <unknown>
#16 0x557703e993d6 <unknown>
#17 0x557703eaa5e6 <unknown>
#18 0x7f42eb29caa4 <unknown>
#19 0x7f42eb329c3c <unknown>

2025-08-03 04:03:41,318 - INFO - 🎯 [45/90] Applying to: Enterprise Architect 3 - LINK: https://www.dice.com/job-detail/118d4a84-c33d-4da9-addf-53e64f6946d7
2025-08-03 04:04:00,773 - ERROR -    ❌ Cannot click apply button: Message: 
Stacktrace:
#0 0x557703eab2ca <unknown>
#1 0x557703952550 <unknown>
#2 0x5577039a40f0 <unknown>
#3 0x5577039a42e1 <unknown>
#4 0x5577039f25e4 <unknown>
#5 0x5577039c9bed <unknown>
#6 0x5577039ef9e6 <unknown>
#7 0x5577039c9993 <unknown>
#8 0x557703995d6b <unknown>
#9 0x557703997141 <unknown>
#10 0x557703e702ab <unknown>
#11 0x557703e740b9 <unknown>
#12 0x557703e57139 <unknown>
#13 0x557703e74c68 <unknown>
#14 0x557703e3b60f <unknown>
#15 0x557703e991f8 <unknown>
#16 0x557703e993d6 <unknown>
#17 0x557703eaa5e6 <unknown>
#18 0x7f42eb29caa4 <unknown>
#19 0x7f42eb329c3c <unknown>

2025-08-03 04:04:12,086 - INFO - 🎯 [46/90] Applying to: SAP Automation Engineer - LINK: https://www.dice.com/job-detail/b382285e-60f4-4d74-8dd8-64bdc06af87b
2025-08-03 04:04:26,838 - INFO -    ✅ Successfully applied!
2025-08-03 04:04:35,644 - INFO - 🎯 [47/90] Applying to: Sr Data Lake Engineer - LINK: https://www.dice.com/job-detail/5ea0bbb1-5059-465e-a78d-39fe777fe412
2025-08-03 04:04:50,371 - INFO -    ✅ Successfully applied!
2025-08-03 04:05:02,890 - INFO - 🎯 [48/90] Applying to: Business Systems Analyst - LINK: https://www.dice.com/job-detail/94d15ea9-3748-4a56-b98c-c6f5222d9455
2025-08-03 04:05:21,749 - ERROR -    ❌ Cannot click apply button: Message: 
Stacktrace:
#0 0x557703eab2ca <unknown>
#1 0x557703952550 <unknown>
#2 0x5577039a40f0 <unknown>
#3 0x5577039a42e1 <unknown>
#4 0x5577039f25e4 <unknown>
#5 0x5577039c9bed <unknown>
#6 0x5577039ef9e6 <unknown>
#7 0x5577039c9993 <unknown>
#8 0x557703995d6b <unknown>
#9 0x557703997141 <unknown>
#10 0x557703e702ab <unknown>
#11 0x557703e740b9 <unknown>
#12 0x557703e57139 <unknown>
#13 0x557703e74c68 <unknown>
#14 0x557703e3b60f <unknown>
#15 0x557703e991f8 <unknown>
#16 0x557703e993d6 <unknown>
#17 0x557703eaa5e6 <unknown>
#18 0x7f42eb29caa4 <unknown>
#19 0x7f42eb329c3c <unknown>

2025-08-03 04:05:30,967 - INFO - 🎯 [49/90] Applying to: NICE Architect/ LEAD - LINK: https://www.dice.com/job-detail/b128bb18-a257-4854-b6d2-6b5d707d6261
2025-08-03 04:05:49,889 - ERROR -    ❌ Cannot click apply button: Message: 
Stacktrace:
#0 0x557703eab2ca <unknown>
#1 0x557703952550 <unknown>
#2 0x5577039a40f0 <unknown>
#3 0x5577039a42e1 <unknown>
#4 0x5577039f25e4 <unknown>
#5 0x5577039c9bed <unknown>
#6 0x5577039ef9e6 <unknown>
#7 0x5577039c9993 <unknown>
#8 0x557703995d6b <unknown>
#9 0x557703997141 <unknown>
#10 0x557703e702ab <unknown>
#11 0x557703e740b9 <unknown>
#12 0x557703e57139 <unknown>
#13 0x557703e74c68 <unknown>
#14 0x557703e3b60f <unknown>
#15 0x557703e991f8 <unknown>
#16 0x557703e993d6 <unknown>
#17 0x557703eaa5e6 <unknown>
#18 0x7f42eb29caa4 <unknown>
#19 0x7f42eb329c3c <unknown>

2025-08-03 04:05:58,213 - INFO - 🎯 [50/90] Applying to: Software Engineer -.NET - LINK: https://www.dice.com/job-detail/ad7dc398-ce3b-4cdf-9620-8bbea4a55c80
2025-08-03 04:06:16,873 - ERROR -    ❌ Cannot click apply button: Message: 
Stacktrace:
#0 0x557703eab2ca <unknown>
#1 0x557703952550 <unknown>
#2 0x5577039a40f0 <unknown>
#3 0x5577039a42e1 <unknown>
#4 0x5577039f25e4 <unknown>
#5 0x5577039c9bed <unknown>
#6 0x5577039ef9e6 <unknown>
#7 0x5577039c9993 <unknown>
#8 0x557703995d6b <unknown>
#9 0x557703997141 <unknown>
#10 0x557703e702ab <unknown>
#11 0x557703e740b9 <unknown>
#12 0x557703e57139 <unknown>
#13 0x557703e74c68 <unknown>
#14 0x557703e3b60f <unknown>
#15 0x557703e991f8 <unknown>
#16 0x557703e993d6 <unknown>
#17 0x557703eaa5e6 <unknown>
#18 0x7f42eb29caa4 <unknown>
#19 0x7f42eb329c3c <unknown>

2025-08-03 04:06:25,381 - INFO - 🎯 [51/90] Applying to: Scala Developer - LINK: https://www.dice.com/job-detail/f514760e-b8f8-46cf-84d7-a5d1fa9ddae7
2025-08-03 04:06:41,355 - INFO -    ✅ Successfully applied!
2025-08-03 04:06:49,798 - INFO - 🎯 [52/90] Applying to: Java Full Stack Developer - LINK: https://www.dice.com/job-detail/3e2b7f57-179c-476c-8535-f5909dc86d26
2025-08-03 04:07:04,263 - INFO -    ✅ Successfully applied!
2025-08-03 04:07:14,604 - INFO - 🎯 [53/90] Applying to: Desktop Support Engineer - LINK: https://www.dice.com/job-detail/6c348452-8946-4516-8071-183cde5a3a26
2025-08-03 04:07:30,665 - INFO -    ✅ Successfully applied!
2025-08-03 04:07:42,836 - INFO - 🎯 [54/90] Applying to: GRC Archer Platform Architect - LINK: https://www.dice.com/job-detail/c120fe10-5409-422d-97ac-3e7a6b0a1915
2025-08-03 04:07:56,961 - INFO -    ✅ Successfully applied!
2025-08-03 04:08:07,486 - INFO - 🎯 [55/90] Applying to: Full Stack Java Developer - LINK: https://www.dice.com/job-detail/6b7e99b5-709b-4f44-a925-9846ed9e86b2
2025-08-03 04:08:22,552 - INFO -    ✅ Successfully applied!
2025-08-03 04:08:31,342 - INFO - 🎯 [56/90] Applying to: Full Time Role - Information Security Architect - Remote - LINK: https://www.dice.com/job-detail/82263fd5-dffd-4c02-8172-e204607a03ad
2025-08-03 04:08:50,512 - ERROR -    ❌ Cannot click apply button: Message: 
Stacktrace:
#0 0x557703eab2ca <unknown>
#1 0x557703952550 <unknown>
#2 0x5577039a40f0 <unknown>
#3 0x5577039a42e1 <unknown>
#4 0x5577039f25e4 <unknown>
#5 0x5577039c9bed <unknown>
#6 0x5577039ef9e6 <unknown>
#7 0x5577039c9993 <unknown>
#8 0x557703995d6b <unknown>
#9 0x557703997141 <unknown>
#10 0x557703e702ab <unknown>
#11 0x557703e740b9 <unknown>
#12 0x557703e57139 <unknown>
#13 0x557703e74c68 <unknown>
#14 0x557703e3b60f <unknown>
#15 0x557703e991f8 <unknown>
#16 0x557703e993d6 <unknown>
#17 0x557703eaa5e6 <unknown>
#18 0x7f42eb29caa4 <unknown>
#19 0x7f42eb329c3c <unknown>

2025-08-03 04:08:59,257 - INFO - 🎯 [57/90] Applying to: Software Engineer-POS - LINK: https://www.dice.com/job-detail/908d1c5b-fd6b-4b76-ab00-a9087568310b
2025-08-03 04:09:13,700 - INFO -    ✅ Successfully applied!
2025-08-03 04:09:24,606 - INFO - 🎯 [58/90] Applying to: Azure AI Platform Architect (VISA INDEPENDENT CANDIDATES ONLY) - LINK: https://www.dice.com/job-detail/1c45d8b0-73dc-43f8-b838-22de162c4fb7
2025-08-03 04:09:43,524 - ERROR -    ❌ Cannot click apply button: Message: 
Stacktrace:
#0 0x557703eab2ca <unknown>
#1 0x557703952550 <unknown>
#2 0x5577039a40f0 <unknown>
#3 0x5577039a42e1 <unknown>
#4 0x5577039f25e4 <unknown>
#5 0x5577039c9bed <unknown>
#6 0x5577039ef9e6 <unknown>
#7 0x5577039c9993 <unknown>
#8 0x557703995d6b <unknown>
#9 0x557703997141 <unknown>
#10 0x557703e702ab <unknown>
#11 0x557703e740b9 <unknown>
#12 0x557703e57139 <unknown>
#13 0x557703e74c68 <unknown>
#14 0x557703e3b60f <unknown>
#15 0x557703e991f8 <unknown>
#16 0x557703e993d6 <unknown>
#17 0x557703eaa5e6 <unknown>
#18 0x7f42eb29caa4 <unknown>
#19 0x7f42eb329c3c <unknown>

2025-08-03 04:09:52,854 - INFO - 🎯 [59/90] Applying to: Senior Software Engineer (Kubernetes, ARM) - LINK: https://www.dice.com/job-detail/d3cdb5a6-9145-4b87-af97-d7433ff9bfed
2025-08-03 04:10:10,017 - INFO -    ✅ Successfully applied!
2025-08-03 04:10:19,275 - INFO - 🎯 [60/90] Applying to: Python Developer - LINK: https://www.dice.com/job-detail/1e58eccd-c84e-4f71-89c8-a6f25bfaed21
2025-08-03 04:10:35,538 - INFO -    ✅ Successfully applied!
2025-08-03 04:10:45,882 - INFO - 🎯 [61/90] Applying to: Azure SQL Database Administrator / Databricks Administrator - LINK: https://www.dice.com/job-detail/da37a5da-cfc5-4dd4-b321-63deb7572e88
2025-08-03 04:11:04,729 - ERROR -    ❌ Cannot click apply button: Message: 
Stacktrace:
#0 0x557703eab2ca <unknown>
#1 0x557703952550 <unknown>
#2 0x5577039a40f0 <unknown>
#3 0x5577039a42e1 <unknown>
#4 0x5577039f25e4 <unknown>
#5 0x5577039c9bed <unknown>
#6 0x5577039ef9e6 <unknown>
#7 0x5577039c9993 <unknown>
#8 0x557703995d6b <unknown>
#9 0x557703997141 <unknown>
#10 0x557703e702ab <unknown>
#11 0x557703e740b9 <unknown>
#12 0x557703e57139 <unknown>
#13 0x557703e74c68 <unknown>
#14 0x557703e3b60f <unknown>
#15 0x557703e991f8 <unknown>
#16 0x557703e993d6 <unknown>
#17 0x557703eaa5e6 <unknown>
#18 0x7f42eb29caa4 <unknown>
#19 0x7f42eb329c3c <unknown>

2025-08-03 04:11:14,935 - INFO - 🎯 [62/90] Applying to: Lead Java Developer - LINK: https://www.dice.com/job-detail/42b45bae-e066-45da-a132-c9a435c5e7d4
2025-08-03 04:11:30,008 - INFO -    ✅ Successfully applied!
2025-08-03 04:11:40,649 - INFO - 🎯 [63/90] Applying to: Sr. Full Stack .Net Developer (Equity Trading) - LINK: https://www.dice.com/job-detail/dd1a9681-023c-4f11-bea0-efa92cdc7fd5
2025-08-03 04:11:56,466 - INFO -    ✅ Successfully applied!
2025-08-03 04:12:06,283 - INFO - 🎯 [64/90] Applying to: Business Systems Analyst - LINK: https://www.dice.com/job-detail/2e8891a9-b660-4aa8-91fa-f139e8c16455
2025-08-03 04:12:21,349 - INFO -    ✅ Successfully applied!
2025-08-03 04:12:30,343 - INFO - 🎯 [65/90] Applying to: Java AWS Developer/ FullStack - LINK: https://www.dice.com/job-detail/d43816a0-664d-4e9c-90b7-56140c10bc4d
2025-08-03 04:12:46,176 - INFO -    ✅ Successfully applied!
2025-08-03 04:12:57,916 - INFO - 🎯 [66/90] Applying to: Senior Business Developer Manager - LINK: https://www.dice.com/job-detail/c72b112e-3c6d-47dd-8b14-cab897106fdb
2025-08-03 04:13:12,653 - INFO -    ✅ Successfully applied!
2025-08-03 04:13:23,161 - INFO - 🎯 [67/90] Applying to: *Data Engineer* (W2 Only, Contract to Hire) - LINK: https://www.dice.com/job-detail/96715793-4191-4571-b7f2-22c144afa162
2025-08-03 04:13:39,570 - INFO -    ✅ Successfully applied!
2025-08-03 04:13:49,651 - INFO - 🎯 [68/90] Applying to: IT Business Analyst - LINK: https://www.dice.com/job-detail/7b8960fa-c91d-430f-b26a-44fa8d13423e
2025-08-03 04:14:05,767 - INFO -    ✅ Successfully applied!
2025-08-03 04:14:15,659 - INFO - 🎯 [69/90] Applying to: Mid Level .NET Engineer / .NET and React / Charlotte - LINK: https://www.dice.com/job-detail/ab435300-28c1-4eb2-99db-976d772b9bc4
2025-08-03 04:14:31,130 - INFO -    ✅ Successfully applied!
2025-08-03 04:14:42,396 - INFO - 🎯 [70/90] Applying to: Eagle Product Consultant - Charlotte, NC or Iselin, NJ (3 days/ week) ) - LINK: https://www.dice.com/job-detail/aafffe5a-c1e7-48fc-bb31-01dc13d5af94
2025-08-03 04:14:59,215 - INFO -    ✅ Successfully applied!
2025-08-03 04:15:12,131 - INFO - 🎯 [71/90] Applying to: DATA ANALYST -BANKING 10+ YEARS EXPERIENCE - LINK: https://www.dice.com/job-detail/9202f344-262b-406e-94c0-cbf1eacffbdb
2025-08-03 04:15:28,921 - INFO -    ✅ Successfully applied!
2025-08-03 04:15:38,212 - INFO - 🎯 [72/90] Applying to: AI Transformation Architect- 10+ yrs- Chicago IL Remote - LINK: https://www.dice.com/job-detail/8bf5d095-04fa-471a-bdb5-32f9fea21640
2025-08-03 04:15:57,533 - ERROR -    ❌ Cannot click apply button: Message: 
Stacktrace:
#0 0x557703eab2ca <unknown>
#1 0x557703952550 <unknown>
#2 0x5577039a40f0 <unknown>
#3 0x5577039a42e1 <unknown>
#4 0x5577039f25e4 <unknown>
#5 0x5577039c9bed <unknown>
#6 0x5577039ef9e6 <unknown>
#7 0x5577039c9993 <unknown>
#8 0x557703995d6b <unknown>
#9 0x557703997141 <unknown>
#10 0x557703e702ab <unknown>
#11 0x557703e740b9 <unknown>
#12 0x557703e57139 <unknown>
#13 0x557703e74c68 <unknown>
#14 0x557703e3b60f <unknown>
#15 0x557703e991f8 <unknown>
#16 0x557703e993d6 <unknown>
#17 0x557703eaa5e6 <unknown>
#18 0x7f42eb29caa4 <unknown>
#19 0x7f42eb329c3c <unknown>

2025-08-03 04:16:07,036 - INFO - 🎯 [73/90] Applying to: Senior Software Engineer React, NodeJS, Java - LINK: https://www.dice.com/job-detail/1aecf269-ed1d-4b6b-aea8-46ca886c4294
2025-08-03 04:16:21,387 - INFO -    ✅ Successfully applied!
2025-08-03 04:16:34,824 - INFO - 🎯 [74/90] Applying to: Python Software Engineer - LINK: https://www.dice.com/job-detail/2c538030-b41c-4f0d-96af-7660d8025649
2025-08-03 04:16:52,293 - INFO -    ✅ Successfully applied!
2025-08-03 04:17:02,842 - INFO - 🎯 [75/90] Applying to: QA Engineer - LINK: https://www.dice.com/job-detail/cdb247cd-4878-4c96-9290-258bbf324bc9
2025-08-03 04:17:17,884 - INFO -    ✅ Successfully applied!
2025-08-03 04:17:29,649 - INFO - 🎯 [76/90] Applying to: Fulltime (Hybrid) - Cloud Services Software Engineer - Denver, CO - Lorven Technologies - LINK: https://www.dice.com/job-detail/46d0f066-d1d4-46b5-9e82-b48c1d4e8a4f
2025-08-03 04:17:47,834 - ERROR -    ❌ Cannot click apply button: Message: 
Stacktrace:
#0 0x557703eab2ca <unknown>
#1 0x557703952550 <unknown>
#2 0x5577039a40f0 <unknown>
#3 0x5577039a42e1 <unknown>
#4 0x5577039f25e4 <unknown>
#5 0x5577039c9bed <unknown>
#6 0x5577039ef9e6 <unknown>
#7 0x5577039c9993 <unknown>
#8 0x557703995d6b <unknown>
#9 0x557703997141 <unknown>
#10 0x557703e702ab <unknown>
#11 0x557703e740b9 <unknown>
#12 0x557703e57139 <unknown>
#13 0x557703e74c68 <unknown>
#14 0x557703e3b60f <unknown>
#15 0x557703e991f8 <unknown>
#16 0x557703e993d6 <unknown>
#17 0x557703eaa5e6 <unknown>
#18 0x7f42eb29caa4 <unknown>
#19 0x7f42eb329c3c <unknown>

2025-08-03 04:17:56,991 - INFO - 🎯 [77/90] Applying to: Middleware DevOps Engineer || Oakland, CA or Atlanta GA Onsite - LINK: https://www.dice.com/job-detail/4a98a74f-159f-4e49-bfd3-9b4830fb6fef
2025-08-03 04:18:16,064 - ERROR -    ❌ Cannot click apply button: Message: 
Stacktrace:
#0 0x557703eab2ca <unknown>
#1 0x557703952550 <unknown>
#2 0x5577039a40f0 <unknown>
#3 0x5577039a42e1 <unknown>
#4 0x5577039f25e4 <unknown>
#5 0x5577039c9bed <unknown>
#6 0x5577039ef9e6 <unknown>
#7 0x5577039c9993 <unknown>
#8 0x557703995d6b <unknown>
#9 0x557703997141 <unknown>
#10 0x557703e702ab <unknown>
#11 0x557703e740b9 <unknown>
#12 0x557703e57139 <unknown>
#13 0x557703e74c68 <unknown>
#14 0x557703e3b60f <unknown>
#15 0x557703e991f8 <unknown>
#16 0x557703e993d6 <unknown>
#17 0x557703eaa5e6 <unknown>
#18 0x7f42eb29caa4 <unknown>
#19 0x7f42eb329c3c <unknown>

2025-08-03 04:18:25,239 - INFO - 🎯 [78/90] Applying to: Databricks Platform Administrator - LINK: https://www.dice.com/job-detail/7e1015f4-fd46-4b4b-ba5f-15138d34b7a9
2025-08-03 04:18:39,334 - INFO -    ✅ Successfully applied!
2025-08-03 04:18:50,780 - INFO - 🎯 [79/90] Applying to: Product Support Specialist - LINK: https://www.dice.com/job-detail/5affb398-6b1a-4e3c-80ef-a3d9ecdba84c
2025-08-03 04:19:07,117 - INFO -    ✅ Successfully applied!
2025-08-03 04:19:17,201 - INFO - 🎯 [80/90] Applying to: Database Architect - LINK: https://www.dice.com/job-detail/a2f711ab-e3d9-4e92-b658-45e29dcac8b3
2025-08-03 04:19:37,174 - ERROR -    ❌ Cannot click apply button: Message: 
Stacktrace:
#0 0x557703eab2ca <unknown>
#1 0x557703952550 <unknown>
#2 0x5577039a40f0 <unknown>
#3 0x5577039a42e1 <unknown>
#4 0x5577039f25e4 <unknown>
#5 0x5577039c9bed <unknown>
#6 0x5577039ef9e6 <unknown>
#7 0x5577039c9993 <unknown>
#8 0x557703995d6b <unknown>
#9 0x557703997141 <unknown>
#10 0x557703e702ab <unknown>
#11 0x557703e740b9 <unknown>
#12 0x557703e57139 <unknown>
#13 0x557703e74c68 <unknown>
#14 0x557703e3b60f <unknown>
#15 0x557703e991f8 <unknown>
#16 0x557703e993d6 <unknown>
#17 0x557703eaa5e6 <unknown>
#18 0x7f42eb29caa4 <unknown>
#19 0x7f42eb329c3c <unknown>

2025-08-03 04:19:50,739 - INFO - 🎯 [81/90] Applying to: (ETRM) Energy Trading and Risk management Business Analyst - LINK: https://www.dice.com/job-detail/ab13748d-5945-41e6-87d1-5cad8c46777e
2025-08-03 04:20:07,392 - INFO -    ✅ Successfully applied!
2025-08-03 04:20:18,464 - INFO - 🎯 [82/90] Applying to: Business Systems Anaylst - Senior - LINK: https://www.dice.com/job-detail/03485b5f-558a-41f2-9010-889c98e9203d
2025-08-03 04:20:35,358 - INFO -    ✅ Successfully applied!
2025-08-03 04:20:46,740 - INFO - 🎯 [83/90] Applying to: Sr Data Engineer - LINK: https://www.dice.com/job-detail/747ec8c9-c106-43a8-bbf4-9214d8d56e0e
2025-08-03 04:21:01,939 - INFO -    ✅ Successfully applied!
2025-08-03 04:21:13,310 - INFO - 🎯 [84/90] Applying to: Data & AI - AI Infrastructure Architect - LINK: https://www.dice.com/job-detail/6c8de6ec-98bc-4287-badd-9bb293637667
2025-08-03 04:21:33,017 - ERROR -    ❌ Cannot click apply button: Message: 
Stacktrace:
#0 0x557703eab2ca <unknown>
#1 0x557703952550 <unknown>
#2 0x5577039a40f0 <unknown>
#3 0x5577039a42e1 <unknown>
#4 0x5577039f25e4 <unknown>
#5 0x5577039c9bed <unknown>
#6 0x5577039ef9e6 <unknown>
#7 0x5577039c9993 <unknown>
#8 0x557703995d6b <unknown>
#9 0x557703997141 <unknown>
#10 0x557703e702ab <unknown>
#11 0x557703e740b9 <unknown>
#12 0x557703e57139 <unknown>
#13 0x557703e74c68 <unknown>
#14 0x557703e3b60f <unknown>
#15 0x557703e991f8 <unknown>
#16 0x557703e993d6 <unknown>
#17 0x557703eaa5e6 <unknown>
#18 0x7f42eb29caa4 <unknown>
#19 0x7f42eb329c3c <unknown>

2025-08-03 04:21:40,875 - INFO - 🎯 [85/90] Applying to: Sr. Java Developer (W2 only) - LINK: https://www.dice.com/job-detail/74c1b0be-f66b-4989-8c35-405e8c538b43
2025-08-03 04:21:59,198 - ERROR -    ❌ Cannot click apply button: Message: 
Stacktrace:
#0 0x557703eab2ca <unknown>
#1 0x557703952550 <unknown>
#2 0x5577039a40f0 <unknown>
#3 0x5577039a42e1 <unknown>
#4 0x5577039f25e4 <unknown>
#5 0x5577039c9bed <unknown>
#6 0x5577039ef9e6 <unknown>
#7 0x5577039c9993 <unknown>
#8 0x557703995d6b <unknown>
#9 0x557703997141 <unknown>
#10 0x557703e702ab <unknown>
#11 0x557703e740b9 <unknown>
#12 0x557703e57139 <unknown>
#13 0x557703e74c68 <unknown>
#14 0x557703e3b60f <unknown>
#15 0x557703e991f8 <unknown>
#16 0x557703e993d6 <unknown>
#17 0x557703eaa5e6 <unknown>
#18 0x7f42eb29caa4 <unknown>
#19 0x7f42eb329c3c <unknown>

2025-08-03 04:22:10,290 - INFO - 🎯 [86/90] Applying to: Sr. Biostatistician consultant - LINK: https://www.dice.com/job-detail/927a9b03-fb1c-46bd-ae41-00b8c6c63f57
2025-08-03 04:22:29,563 - ERROR -    ❌ Cannot click apply button: Message: 
Stacktrace:
#0 0x557703eab2ca <unknown>
#1 0x557703952550 <unknown>
#2 0x5577039a40f0 <unknown>
#3 0x5577039a42e1 <unknown>
#4 0x5577039f25e4 <unknown>
#5 0x5577039c9bed <unknown>
#6 0x5577039ef9e6 <unknown>
#7 0x5577039c9993 <unknown>
#8 0x557703995d6b <unknown>
#9 0x557703997141 <unknown>
#10 0x557703e702ab <unknown>
#11 0x557703e740b9 <unknown>
#12 0x557703e57139 <unknown>
#13 0x557703e74c68 <unknown>
#14 0x557703e3b60f <unknown>
#15 0x557703e991f8 <unknown>
#16 0x557703e993d6 <unknown>
#17 0x557703eaa5e6 <unknown>
#18 0x7f42eb29caa4 <unknown>
#19 0x7f42eb329c3c <unknown>

2025-08-03 04:22:40,560 - INFO - 🎯 [87/90] Applying to: Entry level Administractive Assistant - LINK: https://www.dice.com/job-detail/5eac9f40-837d-4f83-bffe-81ac3ab55c8c
2025-08-03 04:22:55,214 - INFO -    ✅ Successfully applied!
2025-08-03 04:23:04,356 - INFO - 🎯 [88/90] Applying to: Software Design Engineer 2 - LINK: https://www.dice.com/job-detail/6fe9d6e8-6e2f-4cd5-a890-e69cd98e6cd4
2025-08-03 04:23:20,427 - INFO -    ✅ Successfully applied!
2025-08-03 04:23:31,235 - INFO - 🎯 [89/90] Applying to: Senior Frontend Fullstack Developer - LINK: https://www.dice.com/job-detail/639de720-edce-4080-b6b0-0ccb2dacbf31
2025-08-03 04:23:47,381 - INFO -    ✅ Successfully applied!
2025-08-03 04:23:56,045 - INFO - 🎯 [90/90] Applying to: Voice Data Communication Engineer - LINK: https://www.dice.com/job-detail/ea9ee013-7715-4eac-9e33-a6f3985188bd
2025-08-03 04:24:11,768 - INFO -    ✅ Successfully applied!
2025-08-03 04:24:14,306 - INFO - 📊 Processing results...
2025-08-03 04:24:14,365 - INFO - 🎉 Application run completed!
2025-08-03 04:24:14,365 - INFO -    ✅ Newly applied: 63
2025-08-03 04:24:14,365 - INFO -    ⏭️  Already applied: 0
2025-08-03 04:24:14,365 - INFO -    ❌ Failed: 27
2025-08-03 04:24:14,365 - INFO -    📊 Total processed: 90
2025-08-03 04:24:14,365 - INFO -    📁 Total jobs in CSV: 4480
2025-08-03 04:24:14,365 - INFO -    💾 Updated: output/final_ml_jobs.csv
2025-08-03 04:24:14,365 - INFO - 🔧 Closing browser...
