2025-08-07 21:44:34,318 - INFO - 🚀 Starting stealth job application bot
2025-08-07 21:44:56,307 - INFO - 📂 Loading jobs from output/final_ml_jobs.csv
2025-08-07 21:44:56,338 - INFO -    📊 Total jobs in file: 4773
2025-08-07 21:44:56,340 - INFO -    🎯 Easy Apply jobs: 4773
2025-08-07 21:44:56,341 - INFO -    ⏳ Jobs to process: 881 (status: pending)
2025-08-07 21:44:56,342 - INFO - 🎲 Will attempt 50 applications this run (target: 50)
2025-08-07 21:44:56,342 - INFO - 🔑 Logging into Dice...
2025-08-07 21:44:58,930 - INFO - ✅ Login successful
2025-08-07 21:45:01,896 - INFO - 🔄 Starting job applications...
2025-08-07 21:45:01,897 - INFO - 🎯 [1/50] Applying to: Sr. DevOps Engineer - LINK: https://www.dice.com/job-detail/28e2cad7-6fb6-450e-85ce-ba9a0a8ab41b
2025-08-07 21:45:21,471 - ERROR -    ❌ Cannot click apply button: Message: 
Stacktrace:
#0 0x558a770422ca <unknown>
#1 0x558a76ae9550 <unknown>
#2 0x558a76b3b0f0 <unknown>
#3 0x558a76b3b2e1 <unknown>
#4 0x558a76b895e4 <unknown>
#5 0x558a76b60bed <unknown>
#6 0x558a76b869e6 <unknown>
#7 0x558a76b60993 <unknown>
#8 0x558a76b2cd6b <unknown>
#9 0x558a76b2e141 <unknown>
#10 0x558a770072ab <unknown>
#11 0x558a7700b0b9 <unknown>
#12 0x558a76fee139 <unknown>
#13 0x558a7700bc68 <unknown>
#14 0x558a76fd260f <unknown>
#15 0x558a770301f8 <unknown>
#16 0x558a770303d6 <unknown>
#17 0x558a770415e6 <unknown>
#18 0x7ffa8da9caa4 <unknown>
#19 0x7ffa8db29c3c <unknown>

2025-08-07 21:45:30,731 - INFO - 🎯 [2/50] Applying to: AWS Data Engineer with Healthcare Exp. - LINK: https://www.dice.com/job-detail/420acfbf-255c-49a2-bd0a-9fd126cb48cb
2025-08-07 21:45:49,885 - ERROR -    ❌ Cannot click apply button: Message: 
Stacktrace:
#0 0x558a770422ca <unknown>
#1 0x558a76ae9550 <unknown>
#2 0x558a76b3b0f0 <unknown>
#3 0x558a76b3b2e1 <unknown>
#4 0x558a76b895e4 <unknown>
#5 0x558a76b60bed <unknown>
#6 0x558a76b869e6 <unknown>
#7 0x558a76b60993 <unknown>
#8 0x558a76b2cd6b <unknown>
#9 0x558a76b2e141 <unknown>
#10 0x558a770072ab <unknown>
#11 0x558a7700b0b9 <unknown>
#12 0x558a76fee139 <unknown>
#13 0x558a7700bc68 <unknown>
#14 0x558a76fd260f <unknown>
#15 0x558a770301f8 <unknown>
#16 0x558a770303d6 <unknown>
#17 0x558a770415e6 <unknown>
#18 0x7ffa8da9caa4 <unknown>
#19 0x7ffa8db29c3c <unknown>

2025-08-07 21:45:59,629 - INFO - 🎯 [3/50] Applying to: Business Data Analyst with Collibra - LINK: https://www.dice.com/job-detail/e3e44dd6-7e82-4c3f-be30-349dfd4d78b2
2025-08-07 21:46:14,314 - INFO -    ✅ Successfully applied!
2025-08-07 21:46:21,917 - INFO - 🎯 [4/50] Applying to: Business Analyst - LINK: https://www.dice.com/job-detail/6346d260-5992-4085-9bd3-576816397c79
2025-08-07 21:46:39,859 - ERROR -    ❌ Cannot click apply button: Message: 
Stacktrace:
#0 0x558a770422ca <unknown>
#1 0x558a76ae9550 <unknown>
#2 0x558a76b3b0f0 <unknown>
#3 0x558a76b3b2e1 <unknown>
#4 0x558a76b895e4 <unknown>
#5 0x558a76b60bed <unknown>
#6 0x558a76b869e6 <unknown>
#7 0x558a76b60993 <unknown>
#8 0x558a76b2cd6b <unknown>
#9 0x558a76b2e141 <unknown>
#10 0x558a770072ab <unknown>
#11 0x558a7700b0b9 <unknown>
#12 0x558a76fee139 <unknown>
#13 0x558a7700bc68 <unknown>
#14 0x558a76fd260f <unknown>
#15 0x558a770301f8 <unknown>
#16 0x558a770303d6 <unknown>
#17 0x558a770415e6 <unknown>
#18 0x7ffa8da9caa4 <unknown>
#19 0x7ffa8db29c3c <unknown>

2025-08-07 21:46:51,518 - INFO - 🎯 [5/50] Applying to: Snowflake ETL Data Engineer - LINK: https://www.dice.com/job-detail/cab5862d-2452-4d69-992f-270bd6735b54
2025-08-07 21:47:07,608 - INFO -    ✅ Successfully applied!
2025-08-07 21:47:20,631 - INFO - 🎯 [6/50] Applying to: Senior Data Engineer AVEVA PI System - LINK: https://www.dice.com/job-detail/389eb500-e107-4e32-a9dc-d0a041d68957
2025-08-07 21:47:39,257 - ERROR -    ❌ Cannot click apply button: Message: 
Stacktrace:
#0 0x558a770422ca <unknown>
#1 0x558a76ae9550 <unknown>
#2 0x558a76b3b0f0 <unknown>
#3 0x558a76b3b2e1 <unknown>
#4 0x558a76b895e4 <unknown>
#5 0x558a76b60bed <unknown>
#6 0x558a76b869e6 <unknown>
#7 0x558a76b60993 <unknown>
#8 0x558a76b2cd6b <unknown>
#9 0x558a76b2e141 <unknown>
#10 0x558a770072ab <unknown>
#11 0x558a7700b0b9 <unknown>
#12 0x558a76fee139 <unknown>
#13 0x558a7700bc68 <unknown>
#14 0x558a76fd260f <unknown>
#15 0x558a770301f8 <unknown>
#16 0x558a770303d6 <unknown>
#17 0x558a770415e6 <unknown>
#18 0x7ffa8da9caa4 <unknown>
#19 0x7ffa8db29c3c <unknown>

2025-08-07 21:47:47,656 - INFO - 🎯 [7/50] Applying to: Lead-Data Engineering - FTE - LINK: https://www.dice.com/job-detail/dfffcf0d-5158-4f31-9343-e7a04ffd2d7d
2025-08-07 21:48:01,762 - INFO -    ✅ Successfully applied!
2025-08-07 21:48:10,761 - INFO - 🎯 [8/50] Applying to: Data Scientist -Python SAS SQL-Hybrid-Extensive statistical analysis exp.required - LINK: https://www.dice.com/job-detail/78f1e5d2-e758-45c1-87e4-ba8c5c8c50f8
2025-08-07 21:48:25,292 - INFO -    ✅ Successfully applied!
2025-08-07 21:48:35,988 - INFO - 🎯 [9/50] Applying to: QA Engineer - LINK: https://www.dice.com/job-detail/f81a323b-3086-47a1-b53c-24878c977f1f
2025-08-07 21:48:52,444 - INFO -    ✅ Successfully applied!
2025-08-07 21:49:03,283 - INFO - 🎯 [10/50] Applying to: Machine Learning/Deep Learning Engineer - LINK: https://www.dice.com/job-detail/e0b725f0-e77a-4719-84f2-cad996f3814a
2025-08-07 21:49:18,161 - INFO -    ✅ Successfully applied!
2025-08-07 21:49:30,641 - INFO - 🎯 [11/50] Applying to: Senior Business Analyst - Enterprise Systems - LINK: https://www.dice.com/job-detail/180deb14-1ca8-4d71-bd58-239025b66442
2025-08-07 21:49:47,039 - INFO -    ✅ Successfully applied!
2025-08-07 21:49:58,610 - INFO - 🎯 [12/50] Applying to: Urgent Opening :: Business Analyst :: 100% onsite Jacksonville, FL - LINK: https://www.dice.com/job-detail/a1e5ce60-465f-456c-be1c-8b9006ed7b8f
2025-08-07 21:50:11,644 - INFO -    ✅ Successfully applied!
2025-08-07 21:50:20,445 - INFO - 🎯 [13/50] Applying to: Software Engineer 4 - Contingent - LINK: https://www.dice.com/job-detail/2566c0a2-15ae-4ce9-ab95-6b407a785cee
2025-08-07 21:50:35,911 - INFO -    ✅ Successfully applied!
2025-08-07 21:50:44,451 - INFO - 🎯 [14/50] Applying to: Artificial Intelligence Engineer - LINK: https://www.dice.com/job-detail/6e2ef5cb-60f8-4e4e-aa3c-d21a7268d23e
2025-08-07 21:51:00,229 - INFO -    ✅ Successfully applied!
2025-08-07 21:51:10,435 - INFO - 🎯 [15/50] Applying to: Full-Stack Developer - LINK: https://www.dice.com/job-detail/8f6d819f-b548-45e7-b92e-f9266e9c15b7
2025-08-07 21:51:28,155 - ERROR -    ❌ Cannot click apply button: Message: 
Stacktrace:
#0 0x558a770422ca <unknown>
#1 0x558a76ae9550 <unknown>
#2 0x558a76b3b0f0 <unknown>
#3 0x558a76b3b2e1 <unknown>
#4 0x558a76b895e4 <unknown>
#5 0x558a76b60bed <unknown>
#6 0x558a76b869e6 <unknown>
#7 0x558a76b60993 <unknown>
#8 0x558a76b2cd6b <unknown>
#9 0x558a76b2e141 <unknown>
#10 0x558a770072ab <unknown>
#11 0x558a7700b0b9 <unknown>
#12 0x558a76fee139 <unknown>
#13 0x558a7700bc68 <unknown>
#14 0x558a76fd260f <unknown>
#15 0x558a770301f8 <unknown>
#16 0x558a770303d6 <unknown>
#17 0x558a770415e6 <unknown>
#18 0x7ffa8da9caa4 <unknown>
#19 0x7ffa8db29c3c <unknown>

2025-08-07 21:51:38,329 - INFO - 🎯 [16/50] Applying to: Data Analyst I || Colorado (Onsite) - LINK: https://www.dice.com/job-detail/104ff560-3402-4487-a943-810659511bba
2025-08-07 21:51:57,637 - ERROR -    ❌ Cannot click apply button: Message: 
Stacktrace:
#0 0x558a770422ca <unknown>
#1 0x558a76ae9550 <unknown>
#2 0x558a76b3b0f0 <unknown>
#3 0x558a76b3b2e1 <unknown>
#4 0x558a76b895e4 <unknown>
#5 0x558a76b60bed <unknown>
#6 0x558a76b869e6 <unknown>
#7 0x558a76b60993 <unknown>
#8 0x558a76b2cd6b <unknown>
#9 0x558a76b2e141 <unknown>
#10 0x558a770072ab <unknown>
#11 0x558a7700b0b9 <unknown>
#12 0x558a76fee139 <unknown>
#13 0x558a7700bc68 <unknown>
#14 0x558a76fd260f <unknown>
#15 0x558a770301f8 <unknown>
#16 0x558a770303d6 <unknown>
#17 0x558a770415e6 <unknown>
#18 0x7ffa8da9caa4 <unknown>
#19 0x7ffa8db29c3c <unknown>

2025-08-07 21:52:08,265 - INFO - 🎯 [17/50] Applying to: Data Governance Lead - Hybrid(New York City) - LINK: https://www.dice.com/job-detail/93f5e291-aa9d-46c9-b6fa-c015b7843966
2025-08-07 21:52:24,455 - INFO -    ✅ Successfully applied!
2025-08-07 21:52:33,239 - INFO - 🎯 [18/50] Applying to: Principal Software Engineer React Native - LINK: https://www.dice.com/job-detail/fcd4e67f-ebe7-4489-a15e-072b1fd1c27b
2025-08-07 21:52:49,044 - INFO -    ✅ Successfully applied!
2025-08-07 21:52:56,926 - INFO - 🎯 [19/50] Applying to: Senior System Engineer/ UAV - LINK: https://www.dice.com/job-detail/aab874a5-9db8-4937-93ff-9bbb6b625601
2025-08-07 21:53:10,916 - INFO -    ✅ Successfully applied!
2025-08-07 21:53:22,141 - INFO - 🎯 [20/50] Applying to: PSA Engineer - Network/Transmission - LINK: https://www.dice.com/job-detail/9b414d96-bf99-413b-bbda-f2bb3833f373
2025-08-07 21:53:36,674 - INFO -    ✅ Successfully applied!
2025-08-07 21:53:46,409 - INFO - 🎯 [21/50] Applying to: Embedded Software Engineer - LINK: https://www.dice.com/job-detail/2e96e39c-0894-40d4-97b1-ec1fa43cc94e
2025-08-07 21:54:04,792 - ERROR -    ❌ Cannot click apply button: Message: 
Stacktrace:
#0 0x558a770422ca <unknown>
#1 0x558a76ae9550 <unknown>
#2 0x558a76b3b0f0 <unknown>
#3 0x558a76b3b2e1 <unknown>
#4 0x558a76b895e4 <unknown>
#5 0x558a76b60bed <unknown>
#6 0x558a76b869e6 <unknown>
#7 0x558a76b60993 <unknown>
#8 0x558a76b2cd6b <unknown>
#9 0x558a76b2e141 <unknown>
#10 0x558a770072ab <unknown>
#11 0x558a7700b0b9 <unknown>
#12 0x558a76fee139 <unknown>
#13 0x558a7700bc68 <unknown>
#14 0x558a76fd260f <unknown>
#15 0x558a770301f8 <unknown>
#16 0x558a770303d6 <unknown>
#17 0x558a770415e6 <unknown>
#18 0x7ffa8da9caa4 <unknown>
#19 0x7ffa8db29c3c <unknown>

2025-08-07 21:54:15,266 - INFO - 🎯 [22/50] Applying to: PeopleSoft FSCM Business Analyst - LINK: https://www.dice.com/job-detail/580dba38-c4fb-4fb5-970b-1421a82c008c
2025-08-07 21:54:34,560 - ERROR -    ❌ Cannot click apply button: Message: 
Stacktrace:
#0 0x558a770422ca <unknown>
#1 0x558a76ae9550 <unknown>
#2 0x558a76b3b0f0 <unknown>
#3 0x558a76b3b2e1 <unknown>
#4 0x558a76b895e4 <unknown>
#5 0x558a76b60bed <unknown>
#6 0x558a76b869e6 <unknown>
#7 0x558a76b60993 <unknown>
#8 0x558a76b2cd6b <unknown>
#9 0x558a76b2e141 <unknown>
#10 0x558a770072ab <unknown>
#11 0x558a7700b0b9 <unknown>
#12 0x558a76fee139 <unknown>
#13 0x558a7700bc68 <unknown>
#14 0x558a76fd260f <unknown>
#15 0x558a770301f8 <unknown>
#16 0x558a770303d6 <unknown>
#17 0x558a770415e6 <unknown>
#18 0x7ffa8da9caa4 <unknown>
#19 0x7ffa8db29c3c <unknown>

2025-08-07 21:54:45,201 - INFO - 🎯 [23/50] Applying to: Data Engineer - LINK: https://www.dice.com/job-detail/aefad955-6daa-4440-9098-268671c00a70
2025-08-07 21:55:03,885 - ERROR -    ❌ Cannot click apply button: Message: 
Stacktrace:
#0 0x558a770422ca <unknown>
#1 0x558a76ae9550 <unknown>
#2 0x558a76b3b0f0 <unknown>
#3 0x558a76b3b2e1 <unknown>
#4 0x558a76b895e4 <unknown>
#5 0x558a76b60bed <unknown>
#6 0x558a76b869e6 <unknown>
#7 0x558a76b60993 <unknown>
#8 0x558a76b2cd6b <unknown>
#9 0x558a76b2e141 <unknown>
#10 0x558a770072ab <unknown>
#11 0x558a7700b0b9 <unknown>
#12 0x558a76fee139 <unknown>
#13 0x558a7700bc68 <unknown>
#14 0x558a76fd260f <unknown>
#15 0x558a770301f8 <unknown>
#16 0x558a770303d6 <unknown>
#17 0x558a770415e6 <unknown>
#18 0x7ffa8da9caa4 <unknown>
#19 0x7ffa8db29c3c <unknown>

2025-08-07 21:55:14,802 - INFO - 🎯 [24/50] Applying to: Lead AWS Data Engineer - LINK: https://www.dice.com/job-detail/b532c42e-9030-4ad5-8d1e-99df27dca224
2025-08-07 21:55:30,423 - INFO -    ✅ Successfully applied!
2025-08-07 21:55:38,709 - INFO - 🎯 [25/50] Applying to: Java Full stack Developer - LINK: https://www.dice.com/job-detail/da75d72e-bdb1-4933-a403-986c819471c0
2025-08-07 21:55:54,763 - INFO -    ✅ Successfully applied!
2025-08-07 21:56:06,439 - INFO - 🎯 [26/50] Applying to: Senior Data Scientist - LINK: https://www.dice.com/job-detail/89e3ba8e-5153-4a40-8c81-63cf8979587c
2025-08-07 21:56:21,285 - INFO -    ✅ Successfully applied!
2025-08-07 21:56:32,264 - INFO - 🎯 [27/50] Applying to: Full Stack Developer (W2 only) (local to Hopkins MN) - LINK: https://www.dice.com/job-detail/78646520-7a5d-454c-86b4-e7881d96ff8d
2025-08-07 21:56:48,809 - INFO -    ✅ Successfully applied!
2025-08-07 21:56:59,758 - INFO - 🎯 [28/50] Applying to: SAP MM Lead Consultant - LINK: https://www.dice.com/job-detail/9986a59d-c64e-478b-9b68-4cb96321b603
2025-08-07 21:57:13,699 - INFO -    ✅ Successfully applied!
2025-08-07 21:57:22,275 - INFO - 🎯 [29/50] Applying to: Scrum Master / Senior Business Data Analyst (Hybrid Role) - LINK: https://www.dice.com/job-detail/0b7bf765-b197-4b2a-97d0-ed57c7f33ed3
2025-08-07 21:57:42,778 - ERROR -    ❌ Cannot click apply button: Message: 
Stacktrace:
#0 0x558a770422ca <unknown>
#1 0x558a76ae9550 <unknown>
#2 0x558a76b3b0f0 <unknown>
#3 0x558a76b3b2e1 <unknown>
#4 0x558a76b895e4 <unknown>
#5 0x558a76b60bed <unknown>
#6 0x558a76b869e6 <unknown>
#7 0x558a76b60993 <unknown>
#8 0x558a76b2cd6b <unknown>
#9 0x558a76b2e141 <unknown>
#10 0x558a770072ab <unknown>
#11 0x558a7700b0b9 <unknown>
#12 0x558a76fee139 <unknown>
#13 0x558a7700bc68 <unknown>
#14 0x558a76fd260f <unknown>
#15 0x558a770301f8 <unknown>
#16 0x558a770303d6 <unknown>
#17 0x558a770415e6 <unknown>
#18 0x7ffa8da9caa4 <unknown>
#19 0x7ffa8db29c3c <unknown>

2025-08-07 21:57:52,965 - INFO - 🎯 [30/50] Applying to: ServiceNow Developer - CMDB / Discovery || Phoenix, AZ (Onsite) - LINK: https://www.dice.com/job-detail/433e25fb-d3ef-49cd-9836-5a7bd318dda3
2025-08-07 21:58:12,161 - ERROR -    ❌ Cannot click apply button: Message: 
Stacktrace:
#0 0x558a770422ca <unknown>
#1 0x558a76ae9550 <unknown>
#2 0x558a76b3b0f0 <unknown>
#3 0x558a76b3b2e1 <unknown>
#4 0x558a76b895e4 <unknown>
#5 0x558a76b60bed <unknown>
#6 0x558a76b869e6 <unknown>
#7 0x558a76b60993 <unknown>
#8 0x558a76b2cd6b <unknown>
#9 0x558a76b2e141 <unknown>
#10 0x558a770072ab <unknown>
#11 0x558a7700b0b9 <unknown>
#12 0x558a76fee139 <unknown>
#13 0x558a7700bc68 <unknown>
#14 0x558a76fd260f <unknown>
#15 0x558a770301f8 <unknown>
#16 0x558a770303d6 <unknown>
#17 0x558a770415e6 <unknown>
#18 0x7ffa8da9caa4 <unknown>
#19 0x7ffa8db29c3c <unknown>

2025-08-07 21:58:23,813 - INFO - 🎯 [31/50] Applying to: Data Engineer - LINK: https://www.dice.com/job-detail/eee629a3-15bc-4ee4-9c67-960fd675bb5f
2025-08-07 21:58:38,818 - INFO -    ✅ Successfully applied!
2025-08-07 21:58:47,813 - INFO - 🎯 [32/50] Applying to: Data Governance Engineer Google Cloud Platform & Vertex AI - LINK: https://www.dice.com/job-detail/3f095b84-3e3e-4dc3-8beb-cb7fb8879c81
2025-08-07 21:59:03,085 - INFO -    ✅ Successfully applied!
2025-08-07 21:59:11,741 - INFO - 🎯 [33/50] Applying to: Sr. Financial Systems Analyst - LINK: https://www.dice.com/job-detail/1bf1aff1-625d-4e86-9bc2-0497ae3edcc9
2025-08-07 21:59:29,369 - INFO -    ✅ Successfully applied!
2025-08-07 21:59:38,540 - INFO - 🎯 [34/50] Applying to: Sr. AI/ML Engineer - LINK: https://www.dice.com/job-detail/736def70-bcd9-4273-b5b5-9ae41e489f67
2025-08-07 21:59:56,182 - INFO -    ✅ Successfully applied!
2025-08-07 22:00:06,656 - INFO - 🎯 [35/50] Applying to: Data Scientist/AI/ML Engineer - LINK: https://www.dice.com/job-detail/cd4204d7-15b2-4fc0-92be-45c00249ff56
2025-08-07 22:00:25,935 - ERROR -    ❌ Cannot click apply button: Message: 
Stacktrace:
#0 0x558a770422ca <unknown>
#1 0x558a76ae9550 <unknown>
#2 0x558a76b3b0f0 <unknown>
#3 0x558a76b3b2e1 <unknown>
#4 0x558a76b895e4 <unknown>
#5 0x558a76b60bed <unknown>
#6 0x558a76b869e6 <unknown>
#7 0x558a76b60993 <unknown>
#8 0x558a76b2cd6b <unknown>
#9 0x558a76b2e141 <unknown>
#10 0x558a770072ab <unknown>
#11 0x558a7700b0b9 <unknown>
#12 0x558a76fee139 <unknown>
#13 0x558a7700bc68 <unknown>
#14 0x558a76fd260f <unknown>
#15 0x558a770301f8 <unknown>
#16 0x558a770303d6 <unknown>
#17 0x558a770415e6 <unknown>
#18 0x7ffa8da9caa4 <unknown>
#19 0x7ffa8db29c3c <unknown>

2025-08-07 22:00:36,020 - INFO - 🎯 [36/50] Applying to: Junior QA Engineer - Test Plan Manager (ServiceNow) - LINK: https://www.dice.com/job-detail/2af07424-38f6-4758-a7b4-2086d37105bf
2025-08-07 22:00:55,794 - ERROR -    ❌ Cannot click apply button: Message: 
Stacktrace:
#0 0x558a770422ca <unknown>
#1 0x558a76ae9550 <unknown>
#2 0x558a76b3b0f0 <unknown>
#3 0x558a76b3b2e1 <unknown>
#4 0x558a76b895e4 <unknown>
#5 0x558a76b60bed <unknown>
#6 0x558a76b869e6 <unknown>
#7 0x558a76b60993 <unknown>
#8 0x558a76b2cd6b <unknown>
#9 0x558a76b2e141 <unknown>
#10 0x558a770072ab <unknown>
#11 0x558a7700b0b9 <unknown>
#12 0x558a76fee139 <unknown>
#13 0x558a7700bc68 <unknown>
#14 0x558a76fd260f <unknown>
#15 0x558a770301f8 <unknown>
#16 0x558a770303d6 <unknown>
#17 0x558a770415e6 <unknown>
#18 0x7ffa8da9caa4 <unknown>
#19 0x7ffa8db29c3c <unknown>

2025-08-07 22:01:05,491 - INFO - 🎯 [37/50] Applying to: Data Scientist - LINK: https://www.dice.com/job-detail/91c23335-2446-4e49-a7b2-1d6b683fbf49
2025-08-07 22:01:25,407 - ERROR -    ❌ Cannot click apply button: Message: 
Stacktrace:
#0 0x558a770422ca <unknown>
#1 0x558a76ae9550 <unknown>
#2 0x558a76b3b0f0 <unknown>
#3 0x558a76b3b2e1 <unknown>
#4 0x558a76b895e4 <unknown>
#5 0x558a76b60bed <unknown>
#6 0x558a76b869e6 <unknown>
#7 0x558a76b60993 <unknown>
#8 0x558a76b2cd6b <unknown>
#9 0x558a76b2e141 <unknown>
#10 0x558a770072ab <unknown>
#11 0x558a7700b0b9 <unknown>
#12 0x558a76fee139 <unknown>
#13 0x558a7700bc68 <unknown>
#14 0x558a76fd260f <unknown>
#15 0x558a770301f8 <unknown>
#16 0x558a770303d6 <unknown>
#17 0x558a770415e6 <unknown>
#18 0x7ffa8da9caa4 <unknown>
#19 0x7ffa8db29c3c <unknown>

2025-08-07 22:01:38,041 - INFO - 🎯 [38/50] Applying to: Sr Engineer || Contract Job || Plano. TX - LINK: https://www.dice.com/job-detail/ce8b9138-7cd4-4d2f-8372-1fdc1722116d
2025-08-07 22:01:56,594 - ERROR -    ❌ Cannot click apply button: Message: 
Stacktrace:
#0 0x558a770422ca <unknown>
#1 0x558a76ae9550 <unknown>
#2 0x558a76b3b0f0 <unknown>
#3 0x558a76b3b2e1 <unknown>
#4 0x558a76b895e4 <unknown>
#5 0x558a76b60bed <unknown>
#6 0x558a76b869e6 <unknown>
#7 0x558a76b60993 <unknown>
#8 0x558a76b2cd6b <unknown>
#9 0x558a76b2e141 <unknown>
#10 0x558a770072ab <unknown>
#11 0x558a7700b0b9 <unknown>
#12 0x558a76fee139 <unknown>
#13 0x558a7700bc68 <unknown>
#14 0x558a76fd260f <unknown>
#15 0x558a770301f8 <unknown>
#16 0x558a770303d6 <unknown>
#17 0x558a770415e6 <unknown>
#18 0x7ffa8da9caa4 <unknown>
#19 0x7ffa8db29c3c <unknown>

2025-08-07 22:02:04,802 - INFO - 🎯 [39/50] Applying to: Junior Entry Level Business Anlayst - LINK: https://www.dice.com/job-detail/ea5a53cc-5f15-4bc4-b660-6207d1d60fb2
2025-08-07 22:02:20,462 - INFO -    ✅ Successfully applied!
2025-08-07 22:02:29,683 - INFO - 🎯 [40/50] Applying to: Data Engineer with Palantir - LINK: https://www.dice.com/job-detail/43799da9-fa2c-43c4-93f2-2fe0148e489b
2025-08-07 22:02:46,728 - INFO -    ✅ Successfully applied!
2025-08-07 22:02:56,989 - INFO - 🎯 [41/50] Applying to: Mechanical Engineer - LINK: https://www.dice.com/job-detail/ccc09365-d202-47d9-9a31-9c313603c5cc
2025-08-07 22:03:12,005 - INFO -    ✅ Successfully applied!
2025-08-07 22:03:20,655 - INFO - 🎯 [42/50] Applying to: Entry Level Data Engineer - LINK: https://www.dice.com/job-detail/9b2b6b08-c8bb-4b30-9e6a-9566b3533cc5
2025-08-07 22:03:35,751 - INFO -    ✅ Successfully applied!
2025-08-07 22:03:44,378 - INFO - 🎯 [43/50] Applying to: Python Developer - LINK: https://www.dice.com/job-detail/837a1ad1-4e8a-4b14-87f5-a1a5f28c7e67
2025-08-07 22:04:03,314 - ERROR -    ❌ Cannot click apply button: Message: 
Stacktrace:
#0 0x558a770422ca <unknown>
#1 0x558a76ae9550 <unknown>
#2 0x558a76b3b0f0 <unknown>
#3 0x558a76b3b2e1 <unknown>
#4 0x558a76b895e4 <unknown>
#5 0x558a76b60bed <unknown>
#6 0x558a76b869e6 <unknown>
#7 0x558a76b60993 <unknown>
#8 0x558a76b2cd6b <unknown>
#9 0x558a76b2e141 <unknown>
#10 0x558a770072ab <unknown>
#11 0x558a7700b0b9 <unknown>
#12 0x558a76fee139 <unknown>
#13 0x558a7700bc68 <unknown>
#14 0x558a76fd260f <unknown>
#15 0x558a770301f8 <unknown>
#16 0x558a770303d6 <unknown>
#17 0x558a770415e6 <unknown>
#18 0x7ffa8da9caa4 <unknown>
#19 0x7ffa8db29c3c <unknown>

2025-08-07 22:04:11,465 - INFO - 🎯 [44/50] Applying to: Front End UI Developer - LINK: https://www.dice.com/job-detail/b5cf82f6-f249-4fed-8966-4afaa768c2cc
2025-08-07 22:04:26,683 - INFO -    ✅ Successfully applied!
2025-08-07 22:04:34,486 - INFO - 🎯 [45/50] Applying to: Bussiness Analyst - LINK: https://www.dice.com/job-detail/50615d6b-7831-4104-a786-08ec8109f7df
2025-08-07 22:04:52,673 - ERROR -    ❌ Cannot click apply button: Message: 
Stacktrace:
#0 0x558a770422ca <unknown>
#1 0x558a76ae9550 <unknown>
#2 0x558a76b3b0f0 <unknown>
#3 0x558a76b3b2e1 <unknown>
#4 0x558a76b895e4 <unknown>
#5 0x558a76b60bed <unknown>
#6 0x558a76b869e6 <unknown>
#7 0x558a76b60993 <unknown>
#8 0x558a76b2cd6b <unknown>
#9 0x558a76b2e141 <unknown>
#10 0x558a770072ab <unknown>
#11 0x558a7700b0b9 <unknown>
#12 0x558a76fee139 <unknown>
#13 0x558a7700bc68 <unknown>
#14 0x558a76fd260f <unknown>
#15 0x558a770301f8 <unknown>
#16 0x558a770303d6 <unknown>
#17 0x558a770415e6 <unknown>
#18 0x7ffa8da9caa4 <unknown>
#19 0x7ffa8db29c3c <unknown>

2025-08-07 22:05:03,064 - INFO - 🎯 [46/50] Applying to: Business Analyst - LINK: https://www.dice.com/job-detail/d850a81d-6378-4cea-a9e7-bd534a1c11f7
2025-08-07 22:05:20,009 - INFO -    ✅ Successfully applied!
2025-08-07 22:05:28,412 - INFO - 🎯 [47/50] Applying to: Director of Data Architecture - LINK: https://www.dice.com/job-detail/228fc522-4497-48d0-a0ff-3c634932dacb
2025-08-07 22:05:42,625 - INFO -    ✅ Successfully applied!
2025-08-07 22:05:51,627 - INFO - 🎯 [48/50] Applying to: Data Engineer (Onsite) - Detroit MI - LINK: https://www.dice.com/job-detail/72997cdd-6af5-435d-8fd3-7bc1556367d4
2025-08-07 22:06:11,128 - ERROR -    ❌ Cannot click apply button: Message: 
Stacktrace:
#0 0x558a770422ca <unknown>
#1 0x558a76ae9550 <unknown>
#2 0x558a76b3b0f0 <unknown>
#3 0x558a76b3b2e1 <unknown>
#4 0x558a76b895e4 <unknown>
#5 0x558a76b60bed <unknown>
#6 0x558a76b869e6 <unknown>
#7 0x558a76b60993 <unknown>
#8 0x558a76b2cd6b <unknown>
#9 0x558a76b2e141 <unknown>
#10 0x558a770072ab <unknown>
#11 0x558a7700b0b9 <unknown>
#12 0x558a76fee139 <unknown>
#13 0x558a7700bc68 <unknown>
#14 0x558a76fd260f <unknown>
#15 0x558a770301f8 <unknown>
#16 0x558a770303d6 <unknown>
#17 0x558a770415e6 <unknown>
#18 0x7ffa8da9caa4 <unknown>
#19 0x7ffa8db29c3c <unknown>

2025-08-07 22:06:19,124 - INFO - 🎯 [49/50] Applying to: Data Scientist AI/ML - Bentonville, AR - LINK: https://www.dice.com/job-detail/f3ed6883-bf77-48e4-8ea6-a092bc71da41
2025-08-07 22:06:38,010 - ERROR -    ❌ Cannot click apply button: Message: 
Stacktrace:
#0 0x558a770422ca <unknown>
#1 0x558a76ae9550 <unknown>
#2 0x558a76b3b0f0 <unknown>
#3 0x558a76b3b2e1 <unknown>
#4 0x558a76b895e4 <unknown>
#5 0x558a76b60bed <unknown>
#6 0x558a76b869e6 <unknown>
#7 0x558a76b60993 <unknown>
#8 0x558a76b2cd6b <unknown>
#9 0x558a76b2e141 <unknown>
#10 0x558a770072ab <unknown>
#11 0x558a7700b0b9 <unknown>
#12 0x558a76fee139 <unknown>
#13 0x558a7700bc68 <unknown>
#14 0x558a76fd260f <unknown>
#15 0x558a770301f8 <unknown>
#16 0x558a770303d6 <unknown>
#17 0x558a770415e6 <unknown>
#18 0x7ffa8da9caa4 <unknown>
#19 0x7ffa8db29c3c <unknown>

2025-08-07 22:06:49,653 - INFO - 🎯 [50/50] Applying to: Data engineer/Network Engineer (773649)//F2F Required - LINK: https://www.dice.com/job-detail/67efa366-dcba-4617-b718-236a65f16e89
2025-08-07 22:07:08,586 - ERROR -    ❌ Cannot click apply button: Message: 
Stacktrace:
#0 0x558a770422ca <unknown>
#1 0x558a76ae9550 <unknown>
#2 0x558a76b3b0f0 <unknown>
#3 0x558a76b3b2e1 <unknown>
#4 0x558a76b895e4 <unknown>
#5 0x558a76b60bed <unknown>
#6 0x558a76b869e6 <unknown>
#7 0x558a76b60993 <unknown>
#8 0x558a76b2cd6b <unknown>
#9 0x558a76b2e141 <unknown>
#10 0x558a770072ab <unknown>
#11 0x558a7700b0b9 <unknown>
#12 0x558a76fee139 <unknown>
#13 0x558a7700bc68 <unknown>
#14 0x558a76fd260f <unknown>
#15 0x558a770301f8 <unknown>
#16 0x558a770303d6 <unknown>
#17 0x558a770415e6 <unknown>
#18 0x7ffa8da9caa4 <unknown>
#19 0x7ffa8db29c3c <unknown>

2025-08-07 22:07:10,366 - INFO - 📊 Processing results...
2025-08-07 22:07:10,426 - INFO - 🎉 Application run completed!
2025-08-07 22:07:10,426 - INFO -    ✅ Newly applied: 30
2025-08-07 22:07:10,426 - INFO -    ⏭️  Already applied: 0
2025-08-07 22:07:10,426 - INFO -    ❌ Failed: 20
2025-08-07 22:07:10,426 - INFO -    📊 Total processed: 50
2025-08-07 22:07:10,426 - INFO -    📁 Total jobs in CSV: 4773
2025-08-07 22:07:10,427 - INFO -    💾 Updated: output/final_ml_jobs.csv
2025-08-07 22:07:10,427 - INFO - 🔧 Closing browser...
