2025-08-01 19:33:50,609 - INFO - 🚀 Starting stealth job application bot
2025-08-01 19:34:38,197 - INFO - 📂 Loading jobs from output/final_ml_jobs.csv
2025-08-01 19:34:38,208 - INFO -    📊 Total jobs in file: 1433
2025-08-01 19:34:38,210 - INFO -    🎯 Easy Apply jobs: 1433
2025-08-01 19:34:38,211 - INFO -    ⏳ Jobs to process: 10 (status: pending)
2025-08-01 19:34:38,211 - INFO - 🎲 Will attempt 10 applications this run (target: 96)
2025-08-01 19:34:38,211 - INFO - 🔑 Logging into Dice...
2025-08-01 19:34:41,458 - INFO - ✅ Login successful
2025-08-01 19:34:44,205 - INFO - 🔄 Starting job applications...
2025-08-01 19:34:44,205 - INFO - 🎯 [1/10] Applying to: Machine Learning Engineer || Seattle, WA (Onsite) - LINK: https://www.dice.com/job-detail/2706d9db-3224-46cc-b50b-8fb5949c8d5b
2025-08-01 19:35:08,167 - ERROR -    ❌ Cannot click first NEXT button: Message: 
Stacktrace:
#0 0x5563d21592ca <unknown>
#1 0x5563d1c00550 <unknown>
#2 0x5563d1c520f0 <unknown>
#3 0x5563d1c522e1 <unknown>
#4 0x5563d1ca05e4 <unknown>
#5 0x5563d1c77bed <unknown>
#6 0x5563d1c9d9e6 <unknown>
#7 0x5563d1c77993 <unknown>
#8 0x5563d1c43d6b <unknown>
#9 0x5563d1c45141 <unknown>
#10 0x5563d211e2ab <unknown>
#11 0x5563d21220b9 <unknown>
#12 0x5563d2105139 <unknown>
#13 0x5563d2122c68 <unknown>
#14 0x5563d20e960f <unknown>
#15 0x5563d21471f8 <unknown>
#16 0x5563d21473d6 <unknown>
#17 0x5563d21585e6 <unknown>
#18 0x7ff0d449caa4 <unknown>
#19 0x7ff0d4529c3c <unknown>

2025-08-01 19:35:17,947 - INFO - 🎯 [2/10] Applying to: AI/ML Engineer at Seattle, WA - LINK: https://www.dice.com/job-detail/0235fea9-0aeb-4fad-8190-f2002e5b5d80
2025-08-01 19:35:40,275 - ERROR -    ❌ Cannot click first NEXT button: Message: 
Stacktrace:
#0 0x5563d21592ca <unknown>
#1 0x5563d1c00550 <unknown>
#2 0x5563d1c520f0 <unknown>
#3 0x5563d1c522e1 <unknown>
#4 0x5563d1ca05e4 <unknown>
#5 0x5563d1c77bed <unknown>
#6 0x5563d1c9d9e6 <unknown>
#7 0x5563d1c77993 <unknown>
#8 0x5563d1c43d6b <unknown>
#9 0x5563d1c45141 <unknown>
#10 0x5563d211e2ab <unknown>
#11 0x5563d21220b9 <unknown>
#12 0x5563d2105139 <unknown>
#13 0x5563d2122c68 <unknown>
#14 0x5563d20e960f <unknown>
#15 0x5563d21471f8 <unknown>
#16 0x5563d21473d6 <unknown>
#17 0x5563d21585e6 <unknown>
#18 0x7ff0d449caa4 <unknown>
#19 0x7ff0d4529c3c <unknown>

2025-08-01 19:35:50,970 - INFO - 🎯 [3/10] Applying to: AI/ML Data Scientist - LINK: https://www.dice.com/job-detail/f682ac43-350b-42be-aaf9-216f062c5324
2025-08-01 19:36:12,202 - ERROR -    ❌ Cannot click first NEXT button: Message: 
Stacktrace:
#0 0x5563d21592ca <unknown>
#1 0x5563d1c00550 <unknown>
#2 0x5563d1c520f0 <unknown>
#3 0x5563d1c522e1 <unknown>
#4 0x5563d1ca05e4 <unknown>
#5 0x5563d1c77bed <unknown>
#6 0x5563d1c9d9e6 <unknown>
#7 0x5563d1c77993 <unknown>
#8 0x5563d1c43d6b <unknown>
#9 0x5563d1c45141 <unknown>
#10 0x5563d211e2ab <unknown>
#11 0x5563d21220b9 <unknown>
#12 0x5563d2105139 <unknown>
#13 0x5563d2122c68 <unknown>
#14 0x5563d20e960f <unknown>
#15 0x5563d21471f8 <unknown>
#16 0x5563d21473d6 <unknown>
#17 0x5563d21585e6 <unknown>
#18 0x7ff0d449caa4 <unknown>
#19 0x7ff0d4529c3c <unknown>

2025-08-01 19:36:23,816 - INFO - 🎯 [4/10] Applying to: Data Scientist - LINK: https://www.dice.com/job-detail/724c8716-22ae-41ca-9e38-2f363557037b
2025-08-01 19:36:44,641 - ERROR -    ❌ Cannot click first NEXT button: Message: 
Stacktrace:
#0 0x5563d21592ca <unknown>
#1 0x5563d1c00550 <unknown>
#2 0x5563d1c520f0 <unknown>
#3 0x5563d1c522e1 <unknown>
#4 0x5563d1ca05e4 <unknown>
#5 0x5563d1c77bed <unknown>
#6 0x5563d1c9d9e6 <unknown>
#7 0x5563d1c77993 <unknown>
#8 0x5563d1c43d6b <unknown>
#9 0x5563d1c45141 <unknown>
#10 0x5563d211e2ab <unknown>
#11 0x5563d21220b9 <unknown>
#12 0x5563d2105139 <unknown>
#13 0x5563d2122c68 <unknown>
#14 0x5563d20e960f <unknown>
#15 0x5563d21471f8 <unknown>
#16 0x5563d21473d6 <unknown>
#17 0x5563d21585e6 <unknown>
#18 0x7ff0d449caa4 <unknown>
#19 0x7ff0d4529c3c <unknown>

2025-08-01 19:36:52,993 - INFO - 🎯 [5/10] Applying to: GEN AI Developer - LINK: https://www.dice.com/job-detail/58b81fa7-e950-4705-83fe-ccdf53958ddc
2025-08-01 19:37:12,728 - ERROR -    ❌ Cannot click first NEXT button: Message: 
Stacktrace:
#0 0x5563d21592ca <unknown>
#1 0x5563d1c00550 <unknown>
#2 0x5563d1c520f0 <unknown>
#3 0x5563d1c522e1 <unknown>
#4 0x5563d1ca05e4 <unknown>
#5 0x5563d1c77bed <unknown>
#6 0x5563d1c9d9e6 <unknown>
#7 0x5563d1c77993 <unknown>
#8 0x5563d1c43d6b <unknown>
#9 0x5563d1c45141 <unknown>
#10 0x5563d211e2ab <unknown>
#11 0x5563d21220b9 <unknown>
#12 0x5563d2105139 <unknown>
#13 0x5563d2122c68 <unknown>
#14 0x5563d20e960f <unknown>
#15 0x5563d21471f8 <unknown>
#16 0x5563d21473d6 <unknown>
#17 0x5563d21585e6 <unknown>
#18 0x7ff0d449caa4 <unknown>
#19 0x7ff0d4529c3c <unknown>

2025-08-01 19:37:22,582 - INFO - 🎯 [6/10] Applying to: Principal Data Scientist - LINK: https://www.dice.com/job-detail/0d7f9e52-e904-4a95-8f8f-da24626ceffa
2025-08-01 19:37:44,256 - ERROR -    ❌ Cannot click first NEXT button: Message: 
Stacktrace:
#0 0x5563d21592ca <unknown>
#1 0x5563d1c00550 <unknown>
#2 0x5563d1c520f0 <unknown>
#3 0x5563d1c522e1 <unknown>
#4 0x5563d1ca05e4 <unknown>
#5 0x5563d1c77bed <unknown>
#6 0x5563d1c9d9e6 <unknown>
#7 0x5563d1c77993 <unknown>
#8 0x5563d1c43d6b <unknown>
#9 0x5563d1c45141 <unknown>
#10 0x5563d211e2ab <unknown>
#11 0x5563d21220b9 <unknown>
#12 0x5563d2105139 <unknown>
#13 0x5563d2122c68 <unknown>
#14 0x5563d20e960f <unknown>
#15 0x5563d21471f8 <unknown>
#16 0x5563d21473d6 <unknown>
#17 0x5563d21585e6 <unknown>
#18 0x7ff0d449caa4 <unknown>
#19 0x7ff0d4529c3c <unknown>

2025-08-01 19:37:55,797 - INFO - 🎯 [7/10] Applying to: Generative AI Engineer - LINK: https://www.dice.com/job-detail/5a6edc27-aa40-460b-82df-7e71e137cce9
2025-08-01 19:38:16,610 - ERROR -    ❌ Cannot click first NEXT button: Message: 
Stacktrace:
#0 0x5563d21592ca <unknown>
#1 0x5563d1c00550 <unknown>
#2 0x5563d1c520f0 <unknown>
#3 0x5563d1c522e1 <unknown>
#4 0x5563d1ca05e4 <unknown>
#5 0x5563d1c77bed <unknown>
#6 0x5563d1c9d9e6 <unknown>
#7 0x5563d1c77993 <unknown>
#8 0x5563d1c43d6b <unknown>
#9 0x5563d1c45141 <unknown>
#10 0x5563d211e2ab <unknown>
#11 0x5563d21220b9 <unknown>
#12 0x5563d2105139 <unknown>
#13 0x5563d2122c68 <unknown>
#14 0x5563d20e960f <unknown>
#15 0x5563d21471f8 <unknown>
#16 0x5563d21473d6 <unknown>
#17 0x5563d21585e6 <unknown>
#18 0x7ff0d449caa4 <unknown>
#19 0x7ff0d4529c3c <unknown>

2025-08-01 19:38:25,592 - INFO - 🎯 [8/10] Applying to: Senior Data Scientist - LINK: https://www.dice.com/job-detail/c8c41a27-95c2-48fe-8c8b-6c65a80244eb
2025-08-01 19:38:45,682 - ERROR -    ❌ Cannot click first NEXT button: Message: 
Stacktrace:
#0 0x5563d21592ca <unknown>
#1 0x5563d1c00550 <unknown>
#2 0x5563d1c520f0 <unknown>
#3 0x5563d1c522e1 <unknown>
#4 0x5563d1ca05e4 <unknown>
#5 0x5563d1c77bed <unknown>
#6 0x5563d1c9d9e6 <unknown>
#7 0x5563d1c77993 <unknown>
#8 0x5563d1c43d6b <unknown>
#9 0x5563d1c45141 <unknown>
#10 0x5563d211e2ab <unknown>
#11 0x5563d21220b9 <unknown>
#12 0x5563d2105139 <unknown>
#13 0x5563d2122c68 <unknown>
#14 0x5563d20e960f <unknown>
#15 0x5563d21471f8 <unknown>
#16 0x5563d21473d6 <unknown>
#17 0x5563d21585e6 <unknown>
#18 0x7ff0d449caa4 <unknown>
#19 0x7ff0d4529c3c <unknown>

2025-08-01 19:38:57,184 - INFO - 🎯 [9/10] Applying to: Lead Data Scientist - LINK: https://www.dice.com/job-detail/8baac261-b478-4734-9a2a-e909e1dacd21
2025-08-01 19:39:17,927 - ERROR -    ❌ Cannot click first NEXT button: Message: 
Stacktrace:
#0 0x5563d21592ca <unknown>
#1 0x5563d1c00550 <unknown>
#2 0x5563d1c520f0 <unknown>
#3 0x5563d1c522e1 <unknown>
#4 0x5563d1ca05e4 <unknown>
#5 0x5563d1c77bed <unknown>
#6 0x5563d1c9d9e6 <unknown>
#7 0x5563d1c77993 <unknown>
#8 0x5563d1c43d6b <unknown>
#9 0x5563d1c45141 <unknown>
#10 0x5563d211e2ab <unknown>
#11 0x5563d21220b9 <unknown>
#12 0x5563d2105139 <unknown>
#13 0x5563d2122c68 <unknown>
#14 0x5563d20e960f <unknown>
#15 0x5563d21471f8 <unknown>
#16 0x5563d21473d6 <unknown>
#17 0x5563d21585e6 <unknown>
#18 0x7ff0d449caa4 <unknown>
#19 0x7ff0d4529c3c <unknown>

2025-08-01 19:39:28,173 - INFO - 🎯 [10/10] Applying to: AI Architect - LINK: https://www.dice.com/job-detail/1b2e8b1c-83f0-4832-a13e-96233deb7d49
2025-08-01 19:39:49,250 - ERROR -    ❌ Cannot click first NEXT button: Message: 
Stacktrace:
#0 0x5563d21592ca <unknown>
#1 0x5563d1c00550 <unknown>
#2 0x5563d1c520f0 <unknown>
#3 0x5563d1c522e1 <unknown>
#4 0x5563d1ca05e4 <unknown>
#5 0x5563d1c77bed <unknown>
#6 0x5563d1c9d9e6 <unknown>
#7 0x5563d1c77993 <unknown>
#8 0x5563d1c43d6b <unknown>
#9 0x5563d1c45141 <unknown>
#10 0x5563d211e2ab <unknown>
#11 0x5563d21220b9 <unknown>
#12 0x5563d2105139 <unknown>
#13 0x5563d2122c68 <unknown>
#14 0x5563d20e960f <unknown>
#15 0x5563d21471f8 <unknown>
#16 0x5563d21473d6 <unknown>
#17 0x5563d21585e6 <unknown>
#18 0x7ff0d449caa4 <unknown>
#19 0x7ff0d4529c3c <unknown>

2025-08-01 19:39:50,698 - INFO - 📊 Processing results...
2025-08-01 19:39:50,722 - INFO - 🎉 Application run completed!
2025-08-01 19:39:50,722 - INFO -    ✅ Newly applied: 0
2025-08-01 19:39:50,722 - INFO -    ⏭️  Already applied: 0
2025-08-01 19:39:50,723 - INFO -    ❌ Failed: 10
2025-08-01 19:39:50,723 - INFO -    📊 Total processed: 10
2025-08-01 19:39:50,723 - INFO -    📁 Total jobs in CSV: 1433
2025-08-01 19:39:50,723 - INFO -    💾 Updated: output/final_ml_jobs.csv
2025-08-01 19:39:50,723 - INFO - 🔧 Closing browser...
