2025-08-07 15:43:11,438 - INFO - 🚀 Starting stealth job application bot
2025-08-07 15:43:21,939 - INFO - 📂 Loading jobs from output/final_ml_jobs.csv
2025-08-07 15:43:21,970 - INFO -    📊 Total jobs in file: 4637
2025-08-07 15:43:21,972 - INFO -    🎯 Easy Apply jobs: 4637
2025-08-07 15:43:21,973 - INFO -    ⏳ Jobs to process: 955 (status: pending)
2025-08-07 15:43:21,974 - INFO - 🎲 Will attempt 64 applications this run (target: 64)
2025-08-07 15:43:21,974 - INFO - 🔑 Logging into Dice...
2025-08-07 15:43:25,572 - INFO - ✅ Login successful
2025-08-07 15:43:29,359 - INFO - 🔄 Starting job applications...
2025-08-07 15:43:29,360 - INFO - 🎯 [1/64] Applying to: Full Stack Java Developer - Google Cloud Platform Preferred - **ONLY W2 - LINK: https://www.dice.com/job-detail/3a2f8297-9a1d-4d5d-b2b1-4ff149143ede
2025-08-07 15:43:47,913 - INFO -    ✅ Successfully applied!
2025-08-07 15:43:56,660 - INFO - 🎯 [2/64] Applying to: Senior Cloud Engineer (Kubernetes) - LINK: https://www.dice.com/job-detail/acebcdde-fe83-45c1-adb8-8a38b61c6d1a
2025-08-07 15:44:11,154 - INFO -    ✅ Successfully applied!
2025-08-07 15:44:21,946 - INFO - 🎯 [3/64] Applying to: Lead Atlassian Consultant, Rovo AI, Cloud, Must be local to Dallas area - LINK: https://www.dice.com/job-detail/e8674644-8444-452e-83f1-ffe50caeafba
2025-08-07 15:44:37,134 - INFO -    ✅ Successfully applied!
2025-08-07 15:44:46,270 - INFO - 🎯 [4/64] Applying to: Sr. Data Engineer - LINK: https://www.dice.com/job-detail/1968ccff-307e-4256-aa5d-396c4aefb3da
2025-08-07 15:45:05,954 - ERROR -    ❌ Cannot click apply button: Message: 
Stacktrace:
#0 0x5569304912ca <unknown>
#1 0x55692ff38550 <unknown>
#2 0x55692ff8a0f0 <unknown>
#3 0x55692ff8a2e1 <unknown>
#4 0x55692ffd85e4 <unknown>
#5 0x55692ffafbed <unknown>
#6 0x55692ffd59e6 <unknown>
#7 0x55692ffaf993 <unknown>
#8 0x55692ff7bd6b <unknown>
#9 0x55692ff7d141 <unknown>
#10 0x5569304562ab <unknown>
#11 0x55693045a0b9 <unknown>
#12 0x55693043d139 <unknown>
#13 0x55693045ac68 <unknown>
#14 0x55693042160f <unknown>
#15 0x55693047f1f8 <unknown>
#16 0x55693047f3d6 <unknown>
#17 0x5569304905e6 <unknown>
#18 0x7fcd72e9caa4 <unknown>
#19 0x7fcd72f29c3c <unknown>

2025-08-07 15:45:18,587 - INFO - 🎯 [5/64] Applying to: Continuous Improvement Engineer: Just-in-time manufacturing Lean Six Sigma (DMAIC, A3), SMED, RISE, Cellular Flow, etc. - LINK: https://www.dice.com/job-detail/e511cf68-984d-498f-85ae-c5c01313a19a
2025-08-07 15:45:35,595 - INFO -    ✅ Successfully applied!
2025-08-07 15:45:43,388 - INFO - 🎯 [6/64] Applying to: AI ML Lead - LINK: https://www.dice.com/job-detail/3757020c-d3eb-4331-a70e-3c6eb0483af6
2025-08-07 15:46:02,912 - ERROR -    ❌ Cannot click apply button: Message: 
Stacktrace:
#0 0x5569304912ca <unknown>
#1 0x55692ff38550 <unknown>
#2 0x55692ff8a0f0 <unknown>
#3 0x55692ff8a2e1 <unknown>
#4 0x55692ffd85e4 <unknown>
#5 0x55692ffafbed <unknown>
#6 0x55692ffd59e6 <unknown>
#7 0x55692ffaf993 <unknown>
#8 0x55692ff7bd6b <unknown>
#9 0x55692ff7d141 <unknown>
#10 0x5569304562ab <unknown>
#11 0x55693045a0b9 <unknown>
#12 0x55693043d139 <unknown>
#13 0x55693045ac68 <unknown>
#14 0x55693042160f <unknown>
#15 0x55693047f1f8 <unknown>
#16 0x55693047f3d6 <unknown>
#17 0x5569304905e6 <unknown>
#18 0x7fcd72e9caa4 <unknown>
#19 0x7fcd72f29c3c <unknown>

2025-08-07 15:46:13,433 - INFO - 🎯 [7/64] Applying to: Node Js Developer - LINK: https://www.dice.com/job-detail/8042dc04-84af-443f-967e-62d869a1e077
2025-08-07 15:46:32,981 - ERROR -    ❌ Cannot click apply button: Message: 
Stacktrace:
#0 0x5569304912ca <unknown>
#1 0x55692ff38550 <unknown>
#2 0x55692ff8a0f0 <unknown>
#3 0x55692ff8a2e1 <unknown>
#4 0x55692ffd85e4 <unknown>
#5 0x55692ffafbed <unknown>
#6 0x55692ffd59e6 <unknown>
#7 0x55692ffaf993 <unknown>
#8 0x55692ff7bd6b <unknown>
#9 0x55692ff7d141 <unknown>
#10 0x5569304562ab <unknown>
#11 0x55693045a0b9 <unknown>
#12 0x55693043d139 <unknown>
#13 0x55693045ac68 <unknown>
#14 0x55693042160f <unknown>
#15 0x55693047f1f8 <unknown>
#16 0x55693047f3d6 <unknown>
#17 0x5569304905e6 <unknown>
#18 0x7fcd72e9caa4 <unknown>
#19 0x7fcd72f29c3c <unknown>

2025-08-07 15:46:40,624 - INFO - 🎯 [8/64] Applying to: CRM Solution Architect - LINK: https://www.dice.com/job-detail/75eed3a4-1af0-4f63-9d9e-e24b2a1f78e9
2025-08-07 15:46:58,083 - INFO -    ✅ Successfully applied!
2025-08-07 15:47:07,716 - INFO - 🎯 [9/64] Applying to: Sr Software Engineer - Cloud Native Enterprise SaaS - LINK: https://www.dice.com/job-detail/81f0e44e-7ba6-4de7-b666-e8175d34fb7d
2025-08-07 15:47:27,524 - ERROR -    ❌ Cannot click apply button: Message: 
Stacktrace:
#0 0x5569304912ca <unknown>
#1 0x55692ff38550 <unknown>
#2 0x55692ff8a0f0 <unknown>
#3 0x55692ff8a2e1 <unknown>
#4 0x55692ffd85e4 <unknown>
#5 0x55692ffafbed <unknown>
#6 0x55692ffd59e6 <unknown>
#7 0x55692ffaf993 <unknown>
#8 0x55692ff7bd6b <unknown>
#9 0x55692ff7d141 <unknown>
#10 0x5569304562ab <unknown>
#11 0x55693045a0b9 <unknown>
#12 0x55693043d139 <unknown>
#13 0x55693045ac68 <unknown>
#14 0x55693042160f <unknown>
#15 0x55693047f1f8 <unknown>
#16 0x55693047f3d6 <unknown>
#17 0x5569304905e6 <unknown>
#18 0x7fcd72e9caa4 <unknown>
#19 0x7fcd72f29c3c <unknown>

2025-08-07 15:47:39,518 - INFO - 🎯 [10/64] Applying to: Data Analyst III - LINK: https://www.dice.com/job-detail/06f7b94b-564c-4f48-bc72-14f9ef05924c
2025-08-07 15:47:57,499 - INFO -    ✅ Successfully applied!
2025-08-07 15:48:07,702 - INFO - 🎯 [11/64] Applying to: Data Scientist - LINK: https://www.dice.com/job-detail/b20fb427-d53d-4a55-8351-be7d93b1f491
2025-08-07 15:48:22,935 - INFO -    ✅ Successfully applied!
2025-08-07 15:48:33,871 - INFO - 🎯 [12/64] Applying to: Junior IOS Developer - LINK: https://www.dice.com/job-detail/dcd59791-b2d4-4c59-85f4-b2549f35ead9
2025-08-07 15:48:49,520 - INFO -    ✅ Successfully applied!
2025-08-07 15:48:57,253 - INFO - 🎯 [13/64] Applying to: Full Stack Developer Node.js / Next.js - LINK: https://www.dice.com/job-detail/cc52c004-ddf4-48a6-af30-9ec737e0607d
2025-08-07 15:49:13,447 - INFO -    ✅ Successfully applied!
2025-08-07 15:49:26,035 - INFO - 🎯 [14/64] Applying to: Business Analyst with Azure DevOps - LINK: https://www.dice.com/job-detail/76a2e4b2-d978-4e00-82ca-260916dc3ddd
2025-08-07 15:49:40,795 - INFO -    ✅ Successfully applied!
2025-08-07 15:49:51,613 - INFO - 🎯 [15/64] Applying to: Chief Enterprise Architect - P&C Insurance - LINK: https://www.dice.com/job-detail/22121bf1-8013-494f-8a37-cd49d9c44dc6
2025-08-07 15:50:07,645 - INFO -    ✅ Successfully applied!
2025-08-07 15:50:18,245 - INFO - 🎯 [16/64] Applying to: Senior Data Engineer III - LINK: https://www.dice.com/job-detail/4f8c8a8f-71f9-4d96-95ae-c6d951bf1f7f
2025-08-07 15:50:32,587 - INFO -    ✅ Successfully applied!
2025-08-07 15:50:42,392 - INFO - 🎯 [17/64] Applying to: Python Full Stack Developer with Gen AI - LINK: https://www.dice.com/job-detail/5c0d4a6b-fc0d-4da6-9adb-0504ce40dd94
2025-08-07 15:51:01,392 - ERROR -    ❌ Cannot click apply button: Message: 
Stacktrace:
#0 0x5569304912ca <unknown>
#1 0x55692ff38550 <unknown>
#2 0x55692ff8a0f0 <unknown>
#3 0x55692ff8a2e1 <unknown>
#4 0x55692ffd85e4 <unknown>
#5 0x55692ffafbed <unknown>
#6 0x55692ffd59e6 <unknown>
#7 0x55692ffaf993 <unknown>
#8 0x55692ff7bd6b <unknown>
#9 0x55692ff7d141 <unknown>
#10 0x5569304562ab <unknown>
#11 0x55693045a0b9 <unknown>
#12 0x55693043d139 <unknown>
#13 0x55693045ac68 <unknown>
#14 0x55693042160f <unknown>
#15 0x55693047f1f8 <unknown>
#16 0x55693047f3d6 <unknown>
#17 0x5569304905e6 <unknown>
#18 0x7fcd72e9caa4 <unknown>
#19 0x7fcd72f29c3c <unknown>

2025-08-07 15:51:11,033 - INFO - 🎯 [18/64] Applying to: Systems Engineer (Onsite in Detroit, MI) - LINK: https://www.dice.com/job-detail/7ae246a0-cadd-4f6b-a1c5-c323edfb5376
2025-08-07 15:51:27,002 - INFO -    ✅ Successfully applied!
2025-08-07 15:51:34,498 - INFO - 🎯 [19/64] Applying to: Senior Data Scientist with Computer Vision Model Experience - LINK: https://www.dice.com/job-detail/10227bc1-da75-451f-ba4a-8d60af16126a
2025-08-07 15:51:50,103 - INFO -    ✅ Successfully applied!
2025-08-07 15:52:00,519 - INFO - 🎯 [20/64] Applying to: Sr. OCR Software Engineer - LINK: https://www.dice.com/job-detail/faa5ad62-a825-433f-8d15-e344d39a4ff6
2025-08-07 15:52:16,778 - INFO -    ✅ Successfully applied!
2025-08-07 15:52:25,147 - INFO - 🎯 [21/64] Applying to: (Palantir Experience Mandatory) Data Scientist - LINK: https://www.dice.com/job-detail/7c7e4f61-caa4-40a6-b250-6cb919c1b6b8
2025-08-07 15:52:41,135 - INFO -    ✅ Successfully applied!
2025-08-07 15:52:52,293 - INFO - 🎯 [22/64] Applying to: Co-pilot Engineer (Voice Testing) - LINK: https://www.dice.com/job-detail/22eae0e2-3f19-48c1-82b7-f15eeacf1936
2025-08-07 15:53:11,465 - ERROR -    ❌ Cannot click apply button: Message: 
Stacktrace:
#0 0x5569304912ca <unknown>
#1 0x55692ff38550 <unknown>
#2 0x55692ff8a0f0 <unknown>
#3 0x55692ff8a2e1 <unknown>
#4 0x55692ffd85e4 <unknown>
#5 0x55692ffafbed <unknown>
#6 0x55692ffd59e6 <unknown>
#7 0x55692ffaf993 <unknown>
#8 0x55692ff7bd6b <unknown>
#9 0x55692ff7d141 <unknown>
#10 0x5569304562ab <unknown>
#11 0x55693045a0b9 <unknown>
#12 0x55693043d139 <unknown>
#13 0x55693045ac68 <unknown>
#14 0x55693042160f <unknown>
#15 0x55693047f1f8 <unknown>
#16 0x55693047f3d6 <unknown>
#17 0x5569304905e6 <unknown>
#18 0x7fcd72e9caa4 <unknown>
#19 0x7fcd72f29c3c <unknown>

2025-08-07 15:53:21,814 - INFO - 🎯 [23/64] Applying to: Senior Data Analyst Salesforce - LINK: https://www.dice.com/job-detail/350c9b4f-8d4b-423e-a28d-2d3ddf1c69fc
2025-08-07 15:53:40,572 - ERROR -    ❌ Cannot click apply button: Message: 
Stacktrace:
#0 0x5569304912ca <unknown>
#1 0x55692ff38550 <unknown>
#2 0x55692ff8a0f0 <unknown>
#3 0x55692ff8a2e1 <unknown>
#4 0x55692ffd85e4 <unknown>
#5 0x55692ffafbed <unknown>
#6 0x55692ffd59e6 <unknown>
#7 0x55692ffaf993 <unknown>
#8 0x55692ff7bd6b <unknown>
#9 0x55692ff7d141 <unknown>
#10 0x5569304562ab <unknown>
#11 0x55693045a0b9 <unknown>
#12 0x55693043d139 <unknown>
#13 0x55693045ac68 <unknown>
#14 0x55693042160f <unknown>
#15 0x55693047f1f8 <unknown>
#16 0x55693047f3d6 <unknown>
#17 0x5569304905e6 <unknown>
#18 0x7fcd72e9caa4 <unknown>
#19 0x7fcd72f29c3c <unknown>

2025-08-07 15:53:49,116 - INFO - 🎯 [24/64] Applying to: Senior Developer Telecom & Unified Communications Integration with Twilio Flex Exp Must-Remote - LINK: https://www.dice.com/job-detail/7b8cbfdc-fd67-4ebf-b58d-f922e50f7bdb
2025-08-07 15:54:08,594 - ERROR -    ❌ Cannot click apply button: Message: 
Stacktrace:
#0 0x5569304912ca <unknown>
#1 0x55692ff38550 <unknown>
#2 0x55692ff8a0f0 <unknown>
#3 0x55692ff8a2e1 <unknown>
#4 0x55692ffd85e4 <unknown>
#5 0x55692ffafbed <unknown>
#6 0x55692ffd59e6 <unknown>
#7 0x55692ffaf993 <unknown>
#8 0x55692ff7bd6b <unknown>
#9 0x55692ff7d141 <unknown>
#10 0x5569304562ab <unknown>
#11 0x55693045a0b9 <unknown>
#12 0x55693043d139 <unknown>
#13 0x55693045ac68 <unknown>
#14 0x55693042160f <unknown>
#15 0x55693047f1f8 <unknown>
#16 0x55693047f3d6 <unknown>
#17 0x5569304905e6 <unknown>
#18 0x7fcd72e9caa4 <unknown>
#19 0x7fcd72f29c3c <unknown>

2025-08-07 15:54:16,522 - INFO - 🎯 [25/64] Applying to: Sr. Genesys Engineer // Denver, CO (Onsite) (W2 only) - LINK: https://www.dice.com/job-detail/e02c1062-a4e7-47de-af2d-e3ee5ec9e8d8
2025-08-07 15:54:33,109 - INFO -    ✅ Successfully applied!
2025-08-07 15:54:45,183 - INFO - 🎯 [26/64] Applying to: Security Architect - LINK: https://www.dice.com/job-detail/b3ae1ee6-c6b1-4952-a955-e543bbe18fc4
2025-08-07 15:55:04,812 - ERROR -    ❌ Cannot click apply button: Message: 
Stacktrace:
#0 0x5569304912ca <unknown>
#1 0x55692ff38550 <unknown>
#2 0x55692ff8a0f0 <unknown>
#3 0x55692ff8a2e1 <unknown>
#4 0x55692ffd85e4 <unknown>
#5 0x55692ffafbed <unknown>
#6 0x55692ffd59e6 <unknown>
#7 0x55692ffaf993 <unknown>
#8 0x55692ff7bd6b <unknown>
#9 0x55692ff7d141 <unknown>
#10 0x5569304562ab <unknown>
#11 0x55693045a0b9 <unknown>
#12 0x55693043d139 <unknown>
#13 0x55693045ac68 <unknown>
#14 0x55693042160f <unknown>
#15 0x55693047f1f8 <unknown>
#16 0x55693047f3d6 <unknown>
#17 0x5569304905e6 <unknown>
#18 0x7fcd72e9caa4 <unknown>
#19 0x7fcd72f29c3c <unknown>

2025-08-07 15:55:13,167 - INFO - 🎯 [27/64] Applying to: Azure Data Architect - LINK: https://www.dice.com/job-detail/fc60a905-a99e-4453-b787-4902f4684f78
2025-08-07 15:55:27,833 - INFO -    ✅ Successfully applied!
2025-08-07 15:55:41,362 - INFO - 🎯 [28/64] Applying to: Sr. Data Engineer with Unity Catalog - LINK: https://www.dice.com/job-detail/553d3ce3-acb0-4f67-ab7c-755a208b2921
2025-08-07 15:55:57,832 - INFO -    ✅ Successfully applied!
2025-08-07 15:56:09,219 - INFO - 🎯 [29/64] Applying to: Lead Data Engineer/Architect - LINK: https://www.dice.com/job-detail/c4a8d227-2b5c-47c4-84b3-598b61e1fd4d
2025-08-07 15:56:27,925 - ERROR -    ❌ Cannot click apply button: Message: 
Stacktrace:
#0 0x5569304912ca <unknown>
#1 0x55692ff38550 <unknown>
#2 0x55692ff8a0f0 <unknown>
#3 0x55692ff8a2e1 <unknown>
#4 0x55692ffd85e4 <unknown>
#5 0x55692ffafbed <unknown>
#6 0x55692ffd59e6 <unknown>
#7 0x55692ffaf993 <unknown>
#8 0x55692ff7bd6b <unknown>
#9 0x55692ff7d141 <unknown>
#10 0x5569304562ab <unknown>
#11 0x55693045a0b9 <unknown>
#12 0x55693043d139 <unknown>
#13 0x55693045ac68 <unknown>
#14 0x55693042160f <unknown>
#15 0x55693047f1f8 <unknown>
#16 0x55693047f3d6 <unknown>
#17 0x5569304905e6 <unknown>
#18 0x7fcd72e9caa4 <unknown>
#19 0x7fcd72f29c3c <unknown>

2025-08-07 15:56:39,474 - INFO - 🎯 [30/64] Applying to: Sr. Software Engineer(Capital Markets-Trading and Risk systems) - LINK: https://www.dice.com/job-detail/68c65fad-67b8-4f03-b11e-e6c0b7647cfc
2025-08-07 15:56:55,625 - INFO -    ✅ Successfully applied!
2025-08-07 15:57:07,661 - INFO - 🎯 [31/64] Applying to: Data Analytics & Engineering - Data Engineer III - LINK: https://www.dice.com/job-detail/6eff7c43-bd8d-40b4-b00e-64724a1aa378
2025-08-07 15:57:25,498 - INFO -    ✅ Successfully applied!
2025-08-07 15:57:38,180 - INFO - 🎯 [32/64] Applying to: Data Scientist - LINK: https://www.dice.com/job-detail/40bd464e-8de8-4158-88c3-cb79d065f7c7
2025-08-07 15:57:54,430 - INFO -    ✅ Successfully applied!
2025-08-07 15:58:03,189 - INFO - 🎯 [33/64] Applying to: Data Warehouse Architect - LINK: https://www.dice.com/job-detail/bcf227ca-d068-4d2e-af4f-0a8cd1050bdb
2025-08-07 15:58:19,054 - INFO -    ✅ Successfully applied!
2025-08-07 15:58:25,320 - INFO - 🎯 [34/64] Applying to: Enterprise Architect - P&C Insurance - LINK: https://www.dice.com/job-detail/0a807b20-3784-404d-b385-bbe1732f4d9b
2025-08-07 15:58:44,398 - ERROR -    ❌ Cannot click apply button: Message: 
Stacktrace:
#0 0x5569304912ca <unknown>
#1 0x55692ff38550 <unknown>
#2 0x55692ff8a0f0 <unknown>
#3 0x55692ff8a2e1 <unknown>
#4 0x55692ffd85e4 <unknown>
#5 0x55692ffafbed <unknown>
#6 0x55692ffd59e6 <unknown>
#7 0x55692ffaf993 <unknown>
#8 0x55692ff7bd6b <unknown>
#9 0x55692ff7d141 <unknown>
#10 0x5569304562ab <unknown>
#11 0x55693045a0b9 <unknown>
#12 0x55693043d139 <unknown>
#13 0x55693045ac68 <unknown>
#14 0x55693042160f <unknown>
#15 0x55693047f1f8 <unknown>
#16 0x55693047f3d6 <unknown>
#17 0x5569304905e6 <unknown>
#18 0x7fcd72e9caa4 <unknown>
#19 0x7fcd72f29c3c <unknown>

2025-08-07 15:58:56,344 - INFO - 🎯 [35/64] Applying to: OTM Cloud Architect - LINK: https://www.dice.com/job-detail/5e8b9649-adac-43f7-8860-e5a71a4e6596
2025-08-07 15:59:11,824 - INFO -    ✅ Successfully applied!
2025-08-07 15:59:24,357 - INFO - 🎯 [36/64] Applying to: Senior Business Analyst - LINK: https://www.dice.com/job-detail/222d61d6-3c0d-4c07-98bf-ed88112a0779
2025-08-07 15:59:39,808 - INFO -    ✅ Successfully applied!
2025-08-07 15:59:50,939 - INFO - 🎯 [37/64] Applying to: Data Engineer (W2) - LINK: https://www.dice.com/job-detail/3fd7bc1b-8cef-4faf-ab72-2d6f190b6fa7
2025-08-07 16:00:10,969 - ERROR -    ❌ Cannot click apply button: Message: 
Stacktrace:
#0 0x5569304912ca <unknown>
#1 0x55692ff38550 <unknown>
#2 0x55692ff8a0f0 <unknown>
#3 0x55692ff8a2e1 <unknown>
#4 0x55692ffd85e4 <unknown>
#5 0x55692ffafbed <unknown>
#6 0x55692ffd59e6 <unknown>
#7 0x55692ffaf993 <unknown>
#8 0x55692ff7bd6b <unknown>
#9 0x55692ff7d141 <unknown>
#10 0x5569304562ab <unknown>
#11 0x55693045a0b9 <unknown>
#12 0x55693043d139 <unknown>
#13 0x55693045ac68 <unknown>
#14 0x55693042160f <unknown>
#15 0x55693047f1f8 <unknown>
#16 0x55693047f3d6 <unknown>
#17 0x5569304905e6 <unknown>
#18 0x7fcd72e9caa4 <unknown>
#19 0x7fcd72f29c3c <unknown>

2025-08-07 16:00:18,700 - INFO - 🎯 [38/64] Applying to: Python AI Developer - LINK: https://www.dice.com/job-detail/25211df0-d054-4157-a203-aa0827357a30
2025-08-07 16:00:36,070 - INFO -    ✅ Successfully applied!
2025-08-07 16:00:43,523 - INFO - 🎯 [39/64] Applying to: Sr. Data Engineer - LINK: https://www.dice.com/job-detail/c6f39514-c217-4afe-9579-35a91eed2873
2025-08-07 16:01:02,005 - INFO -    ✅ Successfully applied!
2025-08-07 16:01:12,464 - INFO - 🎯 [40/64] Applying to: Risk Business Analyst - LINK: https://www.dice.com/job-detail/9dc20899-c33f-4f4d-ae3c-70d35a3d94bd
2025-08-07 16:01:28,940 - INFO -    ✅ Successfully applied!
2025-08-07 16:01:38,866 - INFO - 🎯 [41/64] Applying to: Software Engineering Manager (hands-on) - LINK: https://www.dice.com/job-detail/469e2ca6-2a85-4f14-9cdc-1e7d5f6bb27b
2025-08-07 16:01:59,798 - ERROR -    ❌ Cannot click apply button: Message: 
Stacktrace:
#0 0x5569304912ca <unknown>
#1 0x55692ff38550 <unknown>
#2 0x55692ff8a0f0 <unknown>
#3 0x55692ff8a2e1 <unknown>
#4 0x55692ffd85e4 <unknown>
#5 0x55692ffafbed <unknown>
#6 0x55692ffd59e6 <unknown>
#7 0x55692ffaf993 <unknown>
#8 0x55692ff7bd6b <unknown>
#9 0x55692ff7d141 <unknown>
#10 0x5569304562ab <unknown>
#11 0x55693045a0b9 <unknown>
#12 0x55693043d139 <unknown>
#13 0x55693045ac68 <unknown>
#14 0x55693042160f <unknown>
#15 0x55693047f1f8 <unknown>
#16 0x55693047f3d6 <unknown>
#17 0x5569304905e6 <unknown>
#18 0x7fcd72e9caa4 <unknown>
#19 0x7fcd72f29c3c <unknown>

2025-08-07 16:02:09,848 - INFO - 🎯 [42/64] Applying to: SAP BUSINESS ANALYST - LINK: https://www.dice.com/job-detail/4c31dadc-ce81-42d2-8a79-e44c58b71511
2025-08-07 16:02:26,701 - INFO -    ✅ Successfully applied!
2025-08-07 16:02:37,718 - INFO - 🎯 [43/64] Applying to: Data Engineer with Java -Fidelity Investments - W2 Only - LINK: https://www.dice.com/job-detail/44cfd51d-9ccd-4164-abd7-55a22c82b5e4
2025-08-07 16:02:54,706 - INFO -    ✅ Successfully applied!
2025-08-07 16:03:04,790 - INFO - 🎯 [44/64] Applying to: Lead Threat Analyst - LINK: https://www.dice.com/job-detail/6785ea96-2eb1-40ee-a12b-8e632503583e
2025-08-07 16:03:23,961 - ERROR -    ❌ Cannot click apply button: Message: 
Stacktrace:
#0 0x5569304912ca <unknown>
#1 0x55692ff38550 <unknown>
#2 0x55692ff8a0f0 <unknown>
#3 0x55692ff8a2e1 <unknown>
#4 0x55692ffd85e4 <unknown>
#5 0x55692ffafbed <unknown>
#6 0x55692ffd59e6 <unknown>
#7 0x55692ffaf993 <unknown>
#8 0x55692ff7bd6b <unknown>
#9 0x55692ff7d141 <unknown>
#10 0x5569304562ab <unknown>
#11 0x55693045a0b9 <unknown>
#12 0x55693043d139 <unknown>
#13 0x55693045ac68 <unknown>
#14 0x55693042160f <unknown>
#15 0x55693047f1f8 <unknown>
#16 0x55693047f3d6 <unknown>
#17 0x5569304905e6 <unknown>
#18 0x7fcd72e9caa4 <unknown>
#19 0x7fcd72f29c3c <unknown>

2025-08-07 16:03:35,649 - INFO - 🎯 [45/64] Applying to: Entry Level Data Engineer - LINK: https://www.dice.com/job-detail/65bc1e40-719a-4064-b8f3-84b9020cc193
2025-08-07 16:03:50,691 - INFO -    ✅ Successfully applied!
2025-08-07 16:04:00,039 - INFO - 🎯 [46/64] Applying to: Senior Embedded Software Engineer - LINK: https://www.dice.com/job-detail/c6e85772-44eb-47b2-bcd1-ce509e4ed5b7
2025-08-07 16:04:20,115 - ERROR -    ❌ Cannot click apply button: Message: 
Stacktrace:
#0 0x5569304912ca <unknown>
#1 0x55692ff38550 <unknown>
#2 0x55692ff8a0f0 <unknown>
#3 0x55692ff8a2e1 <unknown>
#4 0x55692ffd85e4 <unknown>
#5 0x55692ffafbed <unknown>
#6 0x55692ffd59e6 <unknown>
#7 0x55692ffaf993 <unknown>
#8 0x55692ff7bd6b <unknown>
#9 0x55692ff7d141 <unknown>
#10 0x5569304562ab <unknown>
#11 0x55693045a0b9 <unknown>
#12 0x55693043d139 <unknown>
#13 0x55693045ac68 <unknown>
#14 0x55693042160f <unknown>
#15 0x55693047f1f8 <unknown>
#16 0x55693047f3d6 <unknown>
#17 0x5569304905e6 <unknown>
#18 0x7fcd72e9caa4 <unknown>
#19 0x7fcd72f29c3c <unknown>

2025-08-07 16:04:32,010 - INFO - 🎯 [47/64] Applying to: Senior Data Scientist - AI/ML, Cost Optimization and Performance Optimization - LINK: https://www.dice.com/job-detail/5aadbe73-8073-4153-ae58-a81cf8d3b099
2025-08-07 16:04:52,247 - ERROR -    ❌ Cannot click apply button: Message: 
Stacktrace:
#0 0x5569304912ca <unknown>
#1 0x55692ff38550 <unknown>
#2 0x55692ff8a0f0 <unknown>
#3 0x55692ff8a2e1 <unknown>
#4 0x55692ffd85e4 <unknown>
#5 0x55692ffafbed <unknown>
#6 0x55692ffd59e6 <unknown>
#7 0x55692ffaf993 <unknown>
#8 0x55692ff7bd6b <unknown>
#9 0x55692ff7d141 <unknown>
#10 0x5569304562ab <unknown>
#11 0x55693045a0b9 <unknown>
#12 0x55693043d139 <unknown>
#13 0x55693045ac68 <unknown>
#14 0x55693042160f <unknown>
#15 0x55693047f1f8 <unknown>
#16 0x55693047f3d6 <unknown>
#17 0x5569304905e6 <unknown>
#18 0x7fcd72e9caa4 <unknown>
#19 0x7fcd72f29c3c <unknown>

2025-08-07 16:04:59,998 - INFO - 🎯 [48/64] Applying to: Embaded Software Engineering - LINK: https://www.dice.com/job-detail/a2128b5f-383f-46a0-8830-cea8e9183313
2025-08-07 16:05:14,272 - INFO -    ✅ Successfully applied!
2025-08-07 16:05:23,127 - INFO - 🎯 [49/64] Applying to: Financial Data Analyst (REMOTE/NO C2C) - LINK: https://www.dice.com/job-detail/3991b19c-1c7f-4aae-a0dd-235a73420ef6
2025-08-07 16:05:39,752 - INFO -    ✅ Successfully applied!
2025-08-07 16:05:49,038 - INFO - 🎯 [50/64] Applying to: SQL Developer Mid-Level - LINK: https://www.dice.com/job-detail/034b3dcf-1f5a-4c14-9807-ef3013d77ea8
2025-08-07 16:06:06,878 - ERROR -    ❌ Cannot click apply button: Message: 
Stacktrace:
#0 0x5569304912ca <unknown>
#1 0x55692ff38550 <unknown>
#2 0x55692ff8a0f0 <unknown>
#3 0x55692ff8a2e1 <unknown>
#4 0x55692ffd85e4 <unknown>
#5 0x55692ffafbed <unknown>
#6 0x55692ffd59e6 <unknown>
#7 0x55692ffaf993 <unknown>
#8 0x55692ff7bd6b <unknown>
#9 0x55692ff7d141 <unknown>
#10 0x5569304562ab <unknown>
#11 0x55693045a0b9 <unknown>
#12 0x55693043d139 <unknown>
#13 0x55693045ac68 <unknown>
#14 0x55693042160f <unknown>
#15 0x55693047f1f8 <unknown>
#16 0x55693047f3d6 <unknown>
#17 0x5569304905e6 <unknown>
#18 0x7fcd72e9caa4 <unknown>
#19 0x7fcd72f29c3c <unknown>

2025-08-07 16:06:14,950 - INFO - 🎯 [51/64] Applying to: Data Architect with Kimball - LINK: https://www.dice.com/job-detail/380307f9-0606-4330-8671-9d56f2c123a6
2025-08-07 16:06:31,257 - INFO -    ✅ Successfully applied!
2025-08-07 16:06:43,529 - INFO - 🎯 [52/64] Applying to: Senior Machine Learning Engineer (34107) - LINK: https://www.dice.com/job-detail/ff5c0645-dd1e-41ca-9a2d-831da677e07d
2025-08-07 16:07:03,530 - ERROR -    ❌ Cannot click apply button: Message: 
Stacktrace:
#0 0x5569304912ca <unknown>
#1 0x55692ff38550 <unknown>
#2 0x55692ff8a0f0 <unknown>
#3 0x55692ff8a2e1 <unknown>
#4 0x55692ffd85e4 <unknown>
#5 0x55692ffafbed <unknown>
#6 0x55692ffd59e6 <unknown>
#7 0x55692ffaf993 <unknown>
#8 0x55692ff7bd6b <unknown>
#9 0x55692ff7d141 <unknown>
#10 0x5569304562ab <unknown>
#11 0x55693045a0b9 <unknown>
#12 0x55693043d139 <unknown>
#13 0x55693045ac68 <unknown>
#14 0x55693042160f <unknown>
#15 0x55693047f1f8 <unknown>
#16 0x55693047f3d6 <unknown>
#17 0x5569304905e6 <unknown>
#18 0x7fcd72e9caa4 <unknown>
#19 0x7fcd72f29c3c <unknown>

2025-08-07 16:07:15,025 - INFO - 🎯 [53/64] Applying to: Lead Software Engineer - LINK: https://www.dice.com/job-detail/52fa3097-5dfb-4f30-9b53-151c1dd807e8
2025-08-07 16:07:33,217 - ERROR -    ❌ Cannot click apply button: Message: 
Stacktrace:
#0 0x5569304912ca <unknown>
#1 0x55692ff38550 <unknown>
#2 0x55692ff8a0f0 <unknown>
#3 0x55692ff8a2e1 <unknown>
#4 0x55692ffd85e4 <unknown>
#5 0x55692ffafbed <unknown>
#6 0x55692ffd59e6 <unknown>
#7 0x55692ffaf993 <unknown>
#8 0x55692ff7bd6b <unknown>
#9 0x55692ff7d141 <unknown>
#10 0x5569304562ab <unknown>
#11 0x55693045a0b9 <unknown>
#12 0x55693043d139 <unknown>
#13 0x55693045ac68 <unknown>
#14 0x55693042160f <unknown>
#15 0x55693047f1f8 <unknown>
#16 0x55693047f3d6 <unknown>
#17 0x5569304905e6 <unknown>
#18 0x7fcd72e9caa4 <unknown>
#19 0x7fcd72f29c3c <unknown>

2025-08-07 16:07:44,116 - INFO - 🎯 [54/64] Applying to: Data Science /AI - LINK: https://www.dice.com/job-detail/438f6af5-e623-4359-b404-14db58c5f0d5
2025-08-07 16:08:00,657 - INFO -    ✅ Successfully applied!
2025-08-07 16:08:07,557 - INFO - 🎯 [55/64] Applying to: Senior Full-Stack Engineer - LINK: https://www.dice.com/job-detail/07b6a8b2-7ae6-4048-a867-6b05992701df
2025-08-07 16:08:23,704 - INFO -    ✅ Successfully applied!
2025-08-07 16:08:35,730 - INFO - 🎯 [56/64] Applying to: Workday Solutions Architect #3369230 - LINK: https://www.dice.com/job-detail/2baf3284-b9f5-4689-8a7c-ff5c8103a31c
2025-08-07 16:08:52,987 - INFO -    ✅ Successfully applied!
2025-08-07 16:09:02,371 - INFO - 🎯 [57/64] Applying to: Sr. Data Engineer - LINK: https://www.dice.com/job-detail/28aa48dc-76b7-4552-8198-b971ed0fa528
2025-08-07 16:09:18,796 - INFO -    ✅ Successfully applied!
2025-08-07 16:09:28,294 - INFO - 🎯 [58/64] Applying to: Embedded Software Engineer - C/C++, RTOS, UART, - LINK: https://www.dice.com/job-detail/4ec7f853-1015-48ae-aea4-7c3e41ce93e9
2025-08-07 16:09:42,728 - INFO -    ✅ Successfully applied!
2025-08-07 16:09:53,255 - INFO - 🎯 [59/64] Applying to: Lead Data Platform Engineer (W2 only) - LINK: https://www.dice.com/job-detail/ed8aed36-f859-460d-9bc2-8ae5e07cf1ad
2025-08-07 16:10:11,438 - INFO -    ✅ Successfully applied!
2025-08-07 16:10:22,304 - INFO - 🎯 [60/64] Applying to: Sr Data Warehouse Business Analyst - LINK: https://www.dice.com/job-detail/ba5dd70f-ce5e-4901-b8cc-f81f501e5ef4
2025-08-07 16:10:37,838 - INFO -    ✅ Successfully applied!
2025-08-07 16:10:48,956 - INFO - 🎯 [61/64] Applying to: Technical Manager (Engineering / Gen AI) - LINK: https://www.dice.com/job-detail/b0877122-357a-423b-8cd2-8f6310171eb8
2025-08-07 16:11:05,439 - INFO -    ✅ Successfully applied!
2025-08-07 16:11:13,484 - INFO - 🎯 [62/64] Applying to: Clojure Developer - LINK: https://www.dice.com/job-detail/e61ef7f5-a61b-4f40-a599-e957432eeff8
2025-08-07 16:11:33,865 - ERROR -    ❌ Cannot click apply button: Message: 
Stacktrace:
#0 0x5569304912ca <unknown>
#1 0x55692ff38550 <unknown>
#2 0x55692ff8a0f0 <unknown>
#3 0x55692ff8a2e1 <unknown>
#4 0x55692ffd85e4 <unknown>
#5 0x55692ffafbed <unknown>
#6 0x55692ffd59e6 <unknown>
#7 0x55692ffaf993 <unknown>
#8 0x55692ff7bd6b <unknown>
#9 0x55692ff7d141 <unknown>
#10 0x5569304562ab <unknown>
#11 0x55693045a0b9 <unknown>
#12 0x55693043d139 <unknown>
#13 0x55693045ac68 <unknown>
#14 0x55693042160f <unknown>
#15 0x55693047f1f8 <unknown>
#16 0x55693047f3d6 <unknown>
#17 0x5569304905e6 <unknown>
#18 0x7fcd72e9caa4 <unknown>
#19 0x7fcd72f29c3c <unknown>

2025-08-07 16:11:43,255 - INFO - 🎯 [63/64] Applying to: Data Engineer - LINK: https://www.dice.com/job-detail/4bb127f1-8318-4e82-abee-f32fb34277f3
2025-08-07 16:12:00,414 - INFO -    ✅ Successfully applied!
2025-08-07 16:12:11,235 - INFO - 🎯 [64/64] Applying to: Merchandise Data Analyst / SAP Retail functional Consultant - LINK: https://www.dice.com/job-detail/af11cbbe-52fc-4a18-9991-29ee9ea20c45
2025-08-07 16:12:31,532 - ERROR -    ❌ Cannot click apply button: Message: 
Stacktrace:
#0 0x5569304912ca <unknown>
#1 0x55692ff38550 <unknown>
#2 0x55692ff8a0f0 <unknown>
#3 0x55692ff8a2e1 <unknown>
#4 0x55692ffd85e4 <unknown>
#5 0x55692ffafbed <unknown>
#6 0x55692ffd59e6 <unknown>
#7 0x55692ffaf993 <unknown>
#8 0x55692ff7bd6b <unknown>
#9 0x55692ff7d141 <unknown>
#10 0x5569304562ab <unknown>
#11 0x55693045a0b9 <unknown>
#12 0x55693043d139 <unknown>
#13 0x55693045ac68 <unknown>
#14 0x55693042160f <unknown>
#15 0x55693047f1f8 <unknown>
#16 0x55693047f3d6 <unknown>
#17 0x5569304905e6 <unknown>
#18 0x7fcd72e9caa4 <unknown>
#19 0x7fcd72f29c3c <unknown>

2025-08-07 16:12:33,100 - INFO - 📊 Processing results...
2025-08-07 16:12:33,160 - INFO - 🎉 Application run completed!
2025-08-07 16:12:33,160 - INFO -    ✅ Newly applied: 43
2025-08-07 16:12:33,160 - INFO -    ⏭️  Already applied: 0
2025-08-07 16:12:33,161 - INFO -    ❌ Failed: 21
2025-08-07 16:12:33,161 - INFO -    📊 Total processed: 64
2025-08-07 16:12:33,161 - INFO -    📁 Total jobs in CSV: 4637
2025-08-07 16:12:33,161 - INFO -    💾 Updated: output/final_ml_jobs.csv
2025-08-07 16:12:33,161 - INFO - 🔧 Closing browser...
