2025-09-16 11:49:12,230 - INFO - 🚀 Starting ROBUST stealth job application bot
2025-09-16 11:49:12,230 - INFO - ⚙️  Debug mode: OFF
2025-09-16 11:49:12,230 - INFO - ⚙️  Process failed jobs: False
2025-09-16 11:49:45,840 - INFO - 📂 Loading jobs from output/final_ml_jobs.csv
2025-09-16 11:49:45,860 - INFO -    📊 Total jobs in file: 3083
2025-09-16 11:49:45,862 - INFO -    🎯 Easy Apply jobs: 3083
2025-09-16 11:49:45,863 - INFO -    ⏳ Jobs to process: 10 (status: pending)
2025-09-16 11:49:45,863 - INFO - 🎲 Will attempt 10 applications this run (target: 71)
2025-09-16 11:49:45,863 - INFO - 🔑 Logging into Dice...
2025-09-16 11:49:49,852 - INFO - ✅ Login successful
2025-09-16 11:49:52,322 - INFO - 🔄 Starting job applications...
2025-09-16 11:49:52,323 - INFO - 🎯 [1/10] Applying to: Data Pipeline Engineer (ML) - LINK: https://www.dice.com/job-detail/81b81154-53de-44ff-a218-f0d6c15486d9
2025-09-16 11:50:04,737 - INFO -    🔄 Looking for apply button...
2025-09-16 11:50:07,251 - INFO -    ✅ Apply button clicked (regular click)
2025-09-16 11:50:09,914 - INFO -    🔍 Checking if we're on application page...
2025-09-16 11:50:09,918 - INFO -    Current URL: https://www.dice.com/apply?eyJjb3JyZWxhdGlvbl9pZCI6IjhjNWIwZTlhLTBhMDktNDAwZS1iMjBhLWQxOTVmODk0NTdjNCIsImRqdlZlcnNpb24iOiJuZXciLCJqb2JJZCI6IjgxYjgxMTU0LTUzZGUtNDRmZi1hMjE4LWYwZDZjMTU0ODZkOSIsImpvYlVybCI6Imh0dHBzOi8vd3d3LmRpY2UuY29tL2pvYi1kZXRhaWwvODFiODExNTQtNTNkZS00NGZmLWEyMTgtZjBkNmMxNTQ4NmQ5Iiwiam9iVGl0bGUiOiJEYXRhIFBpcGVsaW5lIEVuZ2luZWVyIChNTCkiLCJzZWFyY2hMaW5rIjoiIn0=
2025-09-16 11:50:09,922 - INFO -    Page title: Apply
2025-09-16 11:50:15,135 - INFO -    ✅ Successfully on application page
2025-09-16 11:50:15,148 - INFO -    🔄 Looking for NEXT button...
2025-09-16 11:50:16,877 - INFO -    ✅ NEXT button clicked
2025-09-16 11:50:19,565 - INFO -    🔄 Looking for SUBMIT button...
2025-09-16 11:50:21,493 - INFO -    ✅ SUBMIT button clicked
2025-09-16 11:50:21,494 - INFO -    ✅ Successfully applied!
2025-09-16 11:50:30,361 - INFO - 🎯 [2/10] Applying to: Product Analyst / Technical Business Analyst with credit card processing - LINK: https://www.dice.com/job-detail/d3cbb082-3dca-4ad3-bacd-aaf71ac47d3c
2025-09-16 11:50:42,751 - INFO -    🔄 Looking for apply button...
2025-09-16 11:50:43,728 - INFO -    ✅ Apply button clicked (regular click)
2025-09-16 11:50:46,605 - INFO -    🔍 Checking if we're on application page...
2025-09-16 11:50:46,608 - INFO -    Current URL: https://www.dice.com/apply?eyJjb3JyZWxhdGlvbl9pZCI6ImY0NzdiZmNiLTNhMDgtNDhjYS05MmQwLTk1Njc4OTM2YjUzMCIsImRqdlZlcnNpb24iOiJuZXciLCJqb2JJZCI6ImQzY2JiMDgyLTNkY2EtNGFkMy1iYWNkLWFhZjcxYWM0N2QzYyIsImpvYlVybCI6Imh0dHBzOi8vd3d3LmRpY2UuY29tL2pvYi1kZXRhaWwvZDNjYmIwODItM2RjYS00YWQzLWJhY2QtYWFmNzFhYzQ3ZDNjIiwiam9iVGl0bGUiOiJQcm9kdWN0IEFuYWx5c3QgLyBUZWNobmljYWwgQnVzaW5lc3MgQW5hbHlzdCB3aXRoIGNyZWRpdCBjYXJkIHByb2Nlc3NpbmciLCJzZWFyY2hMaW5rIjoiIn0=
2025-09-16 11:50:46,611 - INFO -    Page title: Apply
2025-09-16 11:50:51,554 - INFO -    ✅ Successfully on application page
2025-09-16 11:50:51,567 - INFO -    🔄 Looking for NEXT button...
2025-09-16 11:50:53,351 - INFO -    ✅ NEXT button clicked
2025-09-16 11:50:56,809 - INFO -    🔄 Looking for SUBMIT button...
2025-09-16 11:50:59,259 - INFO -    ✅ SUBMIT button clicked
2025-09-16 11:50:59,259 - INFO -    ✅ Successfully applied!
2025-09-16 11:51:10,633 - INFO - 🎯 [3/10] Applying to: Business Analyst - LINK: https://www.dice.com/job-detail/9d656b3c-7bdc-40f4-8770-e766f3e61900
2025-09-16 11:51:33,785 - WARNING -    ⚠️  Could not check application status: Message: tab crashed
  (Session info: chrome=140.0.7339.0)
Stacktrace:
#0 0x564ebe3fd94a <unknown>
#1 0x564ebde726f3 <unknown>
#2 0x564ebde5c34e <unknown>
#3 0x564ebde5b47d <unknown>
#4 0x564ebde5aee7 <unknown>
#5 0x564ebde5abc5 <unknown>
#6 0x564ebde58a42 <unknown>
#7 0x564ebde5939f <unknown>
#8 0x564ebde67bf3 <unknown>
#9 0x564ebde80deb <unknown>
#10 0x564ebde875fb <unknown>
#11 0x564ebde59add <unknown>
#12 0x564ebde805f2 <unknown>
#13 0x564ebdf0fb00 <unknown>
#14 0x564ebdee9e03 <unknown>
#15 0x564ebdeb6968 <unknown>
#16 0x564ebdeb75e1 <unknown>
#17 0x564ebe3c1548 <unknown>
#18 0x564ebe3c5272 <unknown>
#19 0x564ebe3a8313 <unknown>
#20 0x564ebe3c5dc5 <unknown>
#21 0x564ebe38d49f <unknown>
#22 0x564ebe3ea158 <unknown>
#23 0x564ebe3ea332 <unknown>
#24 0x564ebe3fca53 <unknown>
#25 0x7f99f429caa4 <unknown>
#26 0x7f99f4329c3c <unknown>

2025-09-16 11:51:33,791 - INFO -    🔄 Looking for apply button...
2025-09-16 11:51:33,798 - ERROR -    ❌ Driver error during application: Message: tab crashed
  (Session info: chrome=140.0.7339.0)
Stacktrace:
#0 0x564ebe3fd94a <unknown>
#1 0x564ebde726f3 <unknown>
#2 0x564ebde5ab75 <unknown>
#3 0x564ebde58a42 <unknown>
#4 0x564ebde5939f <unknown>
#5 0x564ebde67bf3 <unknown>
#6 0x564ebde80deb <unknown>
#7 0x564ebde875fb <unknown>
#8 0x564ebde59add <unknown>
#9 0x564ebde805f2 <unknown>
#10 0x564ebdf0fb00 <unknown>
#11 0x564ebdee9e03 <unknown>
#12 0x564ebdeb6968 <unknown>
#13 0x564ebdeb75e1 <unknown>
#14 0x564ebe3c1548 <unknown>
#15 0x564ebe3c5272 <unknown>
#16 0x564ebe3a8313 <unknown>
#17 0x564ebe3c5dc5 <unknown>
#18 0x564ebe38d49f <unknown>
#19 0x564ebe3ea158 <unknown>
#20 0x564ebe3ea332 <unknown>
#21 0x564ebe3fca53 <unknown>
#22 0x7f99f429caa4 <unknown>
#23 0x7f99f4329c3c <unknown>

2025-09-16 11:51:33,798 - ERROR - WebDriver error for Business Analyst:
Traceback (most recent call last):
  File "/home/runner/work/Applier-Workflow/Applier-Workflow/scripts/src/stealth_apply.py", line 238, in easy_apply
    apply_button = WebDriverWait(driver, DELAY).until(
  File "/opt/hostedtoolcache/Python/3.10.18/x64/lib/python3.10/site-packages/selenium/webdriver/support/wait.py", line 129, in until
    value = method(self._driver)
  File "/opt/hostedtoolcache/Python/3.10.18/x64/lib/python3.10/site-packages/selenium/webdriver/support/expected_conditions.py", line 104, in _predicate
    return driver.find_element(*locator)
  File "/opt/hostedtoolcache/Python/3.10.18/x64/lib/python3.10/site-packages/selenium/webdriver/remote/webdriver.py", line 926, in find_element
    return self.execute(Command.FIND_ELEMENT, {"using": by, "value": value})["value"]
  File "/opt/hostedtoolcache/Python/3.10.18/x64/lib/python3.10/site-packages/selenium/webdriver/remote/webdriver.py", line 458, in execute
    self.error_handler.check_response(response)
  File "/opt/hostedtoolcache/Python/3.10.18/x64/lib/python3.10/site-packages/selenium/webdriver/remote/errorhandler.py", line 232, in check_response
    raise exception_class(message, screen, stacktrace)
selenium.common.exceptions.WebDriverException: Message: tab crashed
  (Session info: chrome=140.0.7339.0)
Stacktrace:
#0 0x564ebe3fd94a <unknown>
#1 0x564ebde726f3 <unknown>
#2 0x564ebde5ab75 <unknown>
#3 0x564ebde58a42 <unknown>
#4 0x564ebde5939f <unknown>
#5 0x564ebde67bf3 <unknown>
#6 0x564ebde80deb <unknown>
#7 0x564ebde875fb <unknown>
#8 0x564ebde59add <unknown>
#9 0x564ebde805f2 <unknown>
#10 0x564ebdf0fb00 <unknown>
#11 0x564ebdee9e03 <unknown>
#12 0x564ebdeb6968 <unknown>
#13 0x564ebdeb75e1 <unknown>
#14 0x564ebe3c1548 <unknown>
#15 0x564ebe3c5272 <unknown>
#16 0x564ebe3a8313 <unknown>
#17 0x564ebe3c5dc5 <unknown>
#18 0x564ebe38d49f <unknown>
#19 0x564ebe3ea158 <unknown>
#20 0x564ebe3ea332 <unknown>
#21 0x564ebe3fca53 <unknown>
#22 0x7f99f429caa4 <unknown>
#23 0x7f99f4329c3c <unknown>

2025-09-16 11:51:42,599 - INFO - 🎯 [4/10] Applying to: Business Analyst - LINK: https://www.dice.com/job-detail/7d1f7c5f-3a34-409b-a7c1-2fa8c124eb09
2025-09-16 11:51:42,604 - WARNING - 🔄 Driver crashed, restarting...
2025-09-16 11:51:57,512 - INFO -    🔄 Looking for apply button...
2025-09-16 11:51:58,857 - INFO -    ✅ Apply button clicked (regular click)
2025-09-16 11:52:01,612 - INFO -    🔍 Checking if we're on application page...
2025-09-16 11:52:01,616 - INFO -    Current URL: https://www.dice.com/job-detail/7d1f7c5f-3a34-409b-a7c1-2fa8c124eb09
2025-09-16 11:52:01,620 - INFO -    Page title: Business Analyst - System One - Reston, VA
2025-09-16 11:52:06,266 - INFO -    ✅ Successfully on application page
2025-09-16 11:52:06,278 - INFO -    🔄 Looking for NEXT button...
2025-09-16 11:52:16,431 - ERROR -    ❌ Cannot click first NEXT button: Message: 
Stacktrace:
#0 0x55d4a9b1994a <unknown>
#1 0x55d4a958e8a0 <unknown>
#2 0x55d4a95e0540 <unknown>
#3 0x55d4a95e0731 <unknown>
#4 0x55d4a962e824 <unknown>
#5 0x55d4a960605d <unknown>
#6 0x55d4a962bc23 <unknown>
#7 0x55d4a9605e03 <unknown>
#8 0x55d4a95d2968 <unknown>
#9 0x55d4a95d35e1 <unknown>
#10 0x55d4a9add548 <unknown>
#11 0x55d4a9ae1272 <unknown>
#12 0x55d4a9ac4313 <unknown>
#13 0x55d4a9ae1dc5 <unknown>
#14 0x55d4a9aa949f <unknown>
#15 0x55d4a9b06158 <unknown>
#16 0x55d4a9b06332 <unknown>
#17 0x55d4a9b18a53 <unknown>
#18 0x7f996b69caa4 <unknown>
#19 0x7f996b729c3c <unknown>

2025-09-16 11:52:21,256 - WARNING - 🔄 Driver crashed, restarting...
2025-09-16 11:52:29,177 - INFO - 🎯 [5/10] Applying to: Sr. AWS Data Engineer with Snowflake experience - LINK: https://www.dice.com/job-detail/2575671f-507f-4f07-827f-178593c53799
2025-09-16 11:52:42,682 - INFO -    🔄 Looking for apply button...
2025-09-16 11:52:44,971 - INFO -    ✅ Apply button clicked (regular click)
2025-09-16 11:52:48,009 - INFO -    🔍 Checking if we're on application page...
2025-09-16 11:52:48,012 - INFO -    Current URL: https://www.dice.com/job-detail/2575671f-507f-4f07-827f-178593c53799
2025-09-16 11:52:48,016 - INFO -    Page title: Sr. AWS Data Engineer with Snowflake experience - Kodeva LLC - Remote
2025-09-16 11:52:53,049 - INFO -    ✅ Successfully on application page
2025-09-16 11:52:53,059 - INFO -    🔄 Looking for NEXT button...
2025-09-16 11:53:03,172 - ERROR -    ❌ Cannot click first NEXT button: Message: 
Stacktrace:
#0 0x55b902dd094a <unknown>
#1 0x55b9028458a0 <unknown>
#2 0x55b902897540 <unknown>
#3 0x55b902897731 <unknown>
#4 0x55b9028e5824 <unknown>
#5 0x55b9028bd05d <unknown>
#6 0x55b9028e2c23 <unknown>
#7 0x55b9028bce03 <unknown>
#8 0x55b902889968 <unknown>
#9 0x55b90288a5e1 <unknown>
#10 0x55b902d94548 <unknown>
#11 0x55b902d98272 <unknown>
#12 0x55b902d7b313 <unknown>
#13 0x55b902d98dc5 <unknown>
#14 0x55b902d6049f <unknown>
#15 0x55b902dbd158 <unknown>
#16 0x55b902dbd332 <unknown>
#17 0x55b902dcfa53 <unknown>
#18 0x7fa64309caa4 <unknown>
#19 0x7fa643129c3c <unknown>

2025-09-16 11:53:19,052 - INFO - 🎯 [6/10] Applying to: Senior Data Engineer IBM DataStage to Azure Data Factory (ADF) Migration - LINK: https://www.dice.com/job-detail/efaa0d92-1c46-408d-afcc-017475dbe5cd
2025-09-16 11:53:30,840 - INFO -    🔄 Looking for apply button...
2025-09-16 11:53:32,047 - INFO -    ✅ Apply button clicked (regular click)
2025-09-16 11:53:35,119 - INFO -    🔍 Checking if we're on application page...
2025-09-16 11:53:35,123 - INFO -    Current URL: https://www.dice.com/job-detail/efaa0d92-1c46-408d-afcc-017475dbe5cd
2025-09-16 11:53:35,126 - INFO -    Page title: Senior Data Engineer IBM DataStage to Azure Data Factory (ADF) Migration - Purple Drive Technologies LLC - Louisville, KY
2025-09-16 11:53:40,664 - INFO -    ✅ Successfully on application page
2025-09-16 11:53:40,674 - INFO -    🔄 Looking for NEXT button...
2025-09-16 11:53:50,793 - ERROR -    ❌ Cannot click first NEXT button: Message: 
Stacktrace:
#0 0x55b902dd094a <unknown>
#1 0x55b9028458a0 <unknown>
#2 0x55b902897540 <unknown>
#3 0x55b902897731 <unknown>
#4 0x55b9028e5824 <unknown>
#5 0x55b9028bd05d <unknown>
#6 0x55b9028e2c23 <unknown>
#7 0x55b9028bce03 <unknown>
#8 0x55b902889968 <unknown>
#9 0x55b90288a5e1 <unknown>
#10 0x55b902d94548 <unknown>
#11 0x55b902d98272 <unknown>
#12 0x55b902d7b313 <unknown>
#13 0x55b902d98dc5 <unknown>
#14 0x55b902d6049f <unknown>
#15 0x55b902dbd158 <unknown>
#16 0x55b902dbd332 <unknown>
#17 0x55b902dcfa53 <unknown>
#18 0x7fa64309caa4 <unknown>
#19 0x7fa643129c3c <unknown>

2025-09-16 11:54:03,336 - INFO - 🎯 [7/10] Applying to: Senior Data Analyst - LINK: https://www.dice.com/job-detail/29f2312e-fb84-46eb-b9b3-2f4017e885d4
2025-09-16 11:54:14,359 - WARNING -    ⚠️  Could not check application status: Message: tab crashed
  (Session info: chrome=140.0.7339.0)
Stacktrace:
#0 0x55b902dd094a <unknown>
#1 0x55b9028456f3 <unknown>
#2 0x55b90282f34e <unknown>
#3 0x55b90282e47d <unknown>
#4 0x55b90282dee7 <unknown>
#5 0x55b90282dbc5 <unknown>
#6 0x55b90282ba42 <unknown>
#7 0x55b90282c39f <unknown>
#8 0x55b90283abf3 <unknown>
#9 0x55b902853deb <unknown>
#10 0x55b90285a5fb <unknown>
#11 0x55b90282cadd <unknown>
#12 0x55b9028535f2 <unknown>
#13 0x55b9028e2b00 <unknown>
#14 0x55b9028bce03 <unknown>
#15 0x55b902889968 <unknown>
#16 0x55b90288a5e1 <unknown>
#17 0x55b902d94548 <unknown>
#18 0x55b902d98272 <unknown>
#19 0x55b902d7b313 <unknown>
#20 0x55b902d98dc5 <unknown>
#21 0x55b902d6049f <unknown>
#22 0x55b902dbd158 <unknown>
#23 0x55b902dbd332 <unknown>
#24 0x55b902dcfa53 <unknown>
#25 0x7fa64309caa4 <unknown>
#26 0x7fa643129c3c <unknown>

2025-09-16 11:54:14,365 - INFO -    🔄 Looking for apply button...
2025-09-16 11:54:14,371 - ERROR -    ❌ Driver error during application: Message: tab crashed
  (Session info: chrome=140.0.7339.0)
Stacktrace:
#0 0x55b902dd094a <unknown>
#1 0x55b9028456f3 <unknown>
#2 0x55b90282db75 <unknown>
#3 0x55b90282ba42 <unknown>
#4 0x55b90282c39f <unknown>
#5 0x55b90283abf3 <unknown>
#6 0x55b902853deb <unknown>
#7 0x55b90285a5fb <unknown>
#8 0x55b90282cadd <unknown>
#9 0x55b9028535f2 <unknown>
#10 0x55b9028e2b00 <unknown>
#11 0x55b9028bce03 <unknown>
#12 0x55b902889968 <unknown>
#13 0x55b90288a5e1 <unknown>
#14 0x55b902d94548 <unknown>
#15 0x55b902d98272 <unknown>
#16 0x55b902d7b313 <unknown>
#17 0x55b902d98dc5 <unknown>
#18 0x55b902d6049f <unknown>
#19 0x55b902dbd158 <unknown>
#20 0x55b902dbd332 <unknown>
#21 0x55b902dcfa53 <unknown>
#22 0x7fa64309caa4 <unknown>
#23 0x7fa643129c3c <unknown>

2025-09-16 11:54:14,371 - ERROR - WebDriver error for Senior Data Analyst:
Traceback (most recent call last):
  File "/home/runner/work/Applier-Workflow/Applier-Workflow/scripts/src/stealth_apply.py", line 238, in easy_apply
    apply_button = WebDriverWait(driver, DELAY).until(
  File "/opt/hostedtoolcache/Python/3.10.18/x64/lib/python3.10/site-packages/selenium/webdriver/support/wait.py", line 129, in until
    value = method(self._driver)
  File "/opt/hostedtoolcache/Python/3.10.18/x64/lib/python3.10/site-packages/selenium/webdriver/support/expected_conditions.py", line 104, in _predicate
    return driver.find_element(*locator)
  File "/opt/hostedtoolcache/Python/3.10.18/x64/lib/python3.10/site-packages/selenium/webdriver/remote/webdriver.py", line 926, in find_element
    return self.execute(Command.FIND_ELEMENT, {"using": by, "value": value})["value"]
  File "/opt/hostedtoolcache/Python/3.10.18/x64/lib/python3.10/site-packages/selenium/webdriver/remote/webdriver.py", line 458, in execute
    self.error_handler.check_response(response)
  File "/opt/hostedtoolcache/Python/3.10.18/x64/lib/python3.10/site-packages/selenium/webdriver/remote/errorhandler.py", line 232, in check_response
    raise exception_class(message, screen, stacktrace)
selenium.common.exceptions.WebDriverException: Message: tab crashed
  (Session info: chrome=140.0.7339.0)
Stacktrace:
#0 0x55b902dd094a <unknown>
#1 0x55b9028456f3 <unknown>
#2 0x55b90282db75 <unknown>
#3 0x55b90282ba42 <unknown>
#4 0x55b90282c39f <unknown>
#5 0x55b90283abf3 <unknown>
#6 0x55b902853deb <unknown>
#7 0x55b90285a5fb <unknown>
#8 0x55b90282cadd <unknown>
#9 0x55b9028535f2 <unknown>
#10 0x55b9028e2b00 <unknown>
#11 0x55b9028bce03 <unknown>
#12 0x55b902889968 <unknown>
#13 0x55b90288a5e1 <unknown>
#14 0x55b902d94548 <unknown>
#15 0x55b902d98272 <unknown>
#16 0x55b902d7b313 <unknown>
#17 0x55b902d98dc5 <unknown>
#18 0x55b902d6049f <unknown>
#19 0x55b902dbd158 <unknown>
#20 0x55b902dbd332 <unknown>
#21 0x55b902dcfa53 <unknown>
#22 0x7fa64309caa4 <unknown>
#23 0x7fa643129c3c <unknown>

2025-09-16 11:54:14,372 - WARNING - 🚨 Too many consecutive failures (5), restarting driver...
2025-09-16 11:54:15,204 - INFO - 🔑 Logging into Dice...
2025-09-16 11:54:17,266 - INFO - ✅ Login successful
2025-09-16 11:54:36,195 - INFO - 🎯 [8/10] Applying to: Data Analyst with SQL and Traded Products - LINK: https://www.dice.com/job-detail/283903a0-ab5c-4792-926c-0737d1fbb90e
2025-09-16 11:54:48,591 - INFO -    🔄 Looking for apply button...
2025-09-16 11:54:50,650 - INFO -    ✅ Apply button clicked (regular click)
2025-09-16 11:54:53,729 - INFO -    🔍 Checking if we're on application page...
2025-09-16 11:54:53,732 - INFO -    Current URL: https://www.dice.com/apply?eyJjb3JyZWxhdGlvbl9pZCI6ImNlMDU3ZmI4LTBiYjUtNGFkMi1hYzY3LTgyOWYyNGI2ZmYyMCIsImRqdlZlcnNpb24iOiJuZXciLCJqb2JJZCI6IjI4MzkwM2EwLWFiNWMtNDc5Mi05MjZjLTA3MzdkMWZiYjkwZSIsImpvYlVybCI6Imh0dHBzOi8vd3d3LmRpY2UuY29tL2pvYi1kZXRhaWwvMjgzOTAzYTAtYWI1Yy00NzkyLTkyNmMtMDczN2QxZmJiOTBlIiwiam9iVGl0bGUiOiJEYXRhIEFuYWx5c3Qgd2l0aCBTUUwgYW5kIFRyYWRlZCBQcm9kdWN0cyIsInNlYXJjaExpbmsiOiIifQ=%3D
2025-09-16 11:54:53,736 - INFO -    Page title: Apply
2025-09-16 11:54:58,314 - INFO -    ✅ Successfully on application page
2025-09-16 11:54:58,327 - INFO -    🔄 Looking for NEXT button...
2025-09-16 11:55:00,068 - INFO -    ✅ NEXT button clicked
2025-09-16 11:55:02,951 - INFO -    🔄 Looking for SUBMIT button...
2025-09-16 11:55:05,548 - INFO -    ✅ SUBMIT button clicked
2025-09-16 11:55:05,548 - INFO -    ✅ Successfully applied!
2025-09-16 11:55:15,392 - INFO - 🎯 [9/10] Applying to: Business Analyst - LINK: https://www.dice.com/job-detail/5bebda91-de36-45e3-8f1f-1b04b7fad2e8
2025-09-16 11:55:26,314 - INFO -    🔄 Looking for apply button...
2025-09-16 11:55:27,807 - INFO -    ✅ Apply button clicked (regular click)
2025-09-16 11:55:31,451 - INFO -    🔍 Checking if we're on application page...
2025-09-16 11:55:31,454 - INFO -    Current URL: https://www.dice.com/apply?eyJjb3JyZWxhdGlvbl9pZCI6ImNkMGU1MWQ2LTJiYzQtNDQ0OS04YWQ2LTQyNGJkNzBjYmFhMiIsImRqdlZlcnNpb24iOiJuZXciLCJqb2JJZCI6IjViZWJkYTkxLWRlMzYtNDVlMy04ZjFmLTFiMDRiN2ZhZDJlOCIsImpvYlVybCI6Imh0dHBzOi8vd3d3LmRpY2UuY29tL2pvYi1kZXRhaWwvNWJlYmRhOTEtZGUzNi00NWUzLThmMWYtMWIwNGI3ZmFkMmU4Iiwiam9iVGl0bGUiOiJCdXNpbmVzcyBBbmFseXN0Iiwic2VhcmNoTGluayI6IiJ9
2025-09-16 11:55:31,458 - INFO -    Page title: Apply
2025-09-16 11:55:36,188 - INFO -    ✅ Successfully on application page
2025-09-16 11:55:36,201 - INFO -    🔄 Looking for NEXT button...
2025-09-16 11:55:37,715 - INFO -    ✅ NEXT button clicked
2025-09-16 11:55:40,712 - INFO -    🔄 Looking for SUBMIT button...
2025-09-16 11:55:42,387 - INFO -    ✅ SUBMIT button clicked
2025-09-16 11:55:42,387 - INFO -    ✅ Successfully applied!
2025-09-16 11:55:53,720 - WARNING - 🔄 Driver crashed, restarting...
2025-09-16 11:56:00,786 - INFO - 🎯 [10/10] Applying to: Data Scientist - music industry - LINK: https://www.dice.com/job-detail/5508a1c4-f1d0-4077-915b-527c9af3dbf6
2025-09-16 11:56:15,204 - INFO -    🔄 Looking for apply button...
2025-09-16 11:56:17,474 - INFO -    ✅ Apply button clicked (regular click)
2025-09-16 11:56:20,548 - INFO -    🔍 Checking if we're on application page...
2025-09-16 11:56:20,551 - INFO -    Current URL: https://www.dice.com/job-detail/5508a1c4-f1d0-4077-915b-527c9af3dbf6
2025-09-16 11:56:20,555 - INFO -    Page title: Data Scientist - music industry - Aroha Technologies -
2025-09-16 11:56:26,506 - INFO -    ✅ Successfully on application page
2025-09-16 11:56:26,516 - INFO -    🔄 Looking for NEXT button...
2025-09-16 11:56:36,611 - ERROR -    ❌ Cannot click first NEXT button: Message: 
Stacktrace:
#0 0x55ea5119294a <unknown>
#1 0x55ea50c078a0 <unknown>
#2 0x55ea50c59540 <unknown>
#3 0x55ea50c59731 <unknown>
#4 0x55ea50ca7824 <unknown>
#5 0x55ea50c7f05d <unknown>
#6 0x55ea50ca4c23 <unknown>
#7 0x55ea50c7ee03 <unknown>
#8 0x55ea50c4b968 <unknown>
#9 0x55ea50c4c5e1 <unknown>
#10 0x55ea51156548 <unknown>
#11 0x55ea5115a272 <unknown>
#12 0x55ea5113d313 <unknown>
#13 0x55ea5115adc5 <unknown>
#14 0x55ea5112249f <unknown>
#15 0x55ea5117f158 <unknown>
#16 0x55ea5117f332 <unknown>
#17 0x55ea51191a53 <unknown>
#18 0x7f87a7c9caa4 <unknown>
#19 0x7f87a7d29c3c <unknown>

2025-09-16 11:56:43,127 - INFO - 📊 Processing results...
2025-09-16 11:56:43,169 - INFO - 🎉 Application run completed!
2025-09-16 11:56:43,169 - INFO -    ✅ Newly applied: 4
2025-09-16 11:56:43,169 - INFO -    ⏭️  Already applied: 0
2025-09-16 11:56:43,169 - INFO -    ❌ Failed: 6
2025-09-16 11:56:43,169 - INFO -    📊 Total processed: 10
2025-09-16 11:56:43,169 - INFO -    📁 Total jobs in CSV: 3083
2025-09-16 11:56:43,169 - INFO -    💾 Updated: output/final_ml_jobs.csv
2025-09-16 11:56:43,169 - INFO - 🔧 Closing browser...
