2025-08-03 21:33:52,574 - INFO - 🚀 Starting stealth job application bot
2025-08-03 21:34:07,729 - INFO - 📂 Loading jobs from output/final_ml_jobs.csv
2025-08-03 21:34:07,758 - INFO -    📊 Total jobs in file: 4487
2025-08-03 21:34:07,761 - INFO -    🎯 Easy Apply jobs: 4487
2025-08-03 21:34:07,762 - INFO -    ⏳ Jobs to process: 2090 (status: pending)
2025-08-03 21:34:07,763 - INFO - 🎲 Will attempt 70 applications this run (target: 70)
2025-08-03 21:34:07,763 - INFO - 🔑 Logging into Dice...
2025-08-03 21:34:10,971 - INFO - ✅ Login successful
2025-08-03 21:34:13,783 - INFO - 🔄 Starting job applications...
2025-08-03 21:34:13,783 - INFO - 🎯 [1/70] Applying to: Business Analyst- Order to Cash process - LINK: https://www.dice.com/job-detail/5e0bdba6-a2a5-435a-8bc6-83d2e4371cc3
2025-08-03 21:34:27,125 - ERROR -    ❌ Cannot click apply button: Message: element not interactable
  (Session info: chrome=138.0.7204.168); For documentation on this error, please visit: https://www.selenium.dev/documentation/webdriver/troubleshooting/errors#elementnotinteractableexception
Stacktrace:
#0 0x561927da92ca <unknown>
#1 0x5619278503a3 <unknown>
#2 0x5619278a32fe <unknown>
#3 0x5619278962ea <unknown>
#4 0x5619278c7bc2 <unknown>
#5 0x561927895c6a <unknown>
#6 0x5619278c7d8e <unknown>
#7 0x5619278ed9e6 <unknown>
#8 0x5619278c7993 <unknown>
#9 0x561927893d6b <unknown>
#10 0x561927895141 <unknown>
#11 0x561927d6e2ab <unknown>
#12 0x561927d720b9 <unknown>
#13 0x561927d55139 <unknown>
#14 0x561927d72c68 <unknown>
#15 0x561927d3960f <unknown>
#16 0x561927d971f8 <unknown>
#17 0x561927d973d6 <unknown>
#18 0x561927da85e6 <unknown>
#19 0x7f4f33e9caa4 <unknown>
#20 0x7f4f33f29c3c <unknown>

2025-08-03 21:34:39,423 - INFO - 🎯 [2/70] Applying to: Pyspark Developer || HYbrid || Bank/Finance exp. - LINK: https://www.dice.com/job-detail/2cbd9d9a-e64d-4dbc-a3d0-2388e5248bb3
2025-08-03 21:34:58,094 - ERROR -    ❌ Cannot click apply button: Message: 
Stacktrace:
#0 0x561927da92ca <unknown>
#1 0x561927850550 <unknown>
#2 0x5619278a20f0 <unknown>
#3 0x5619278a22e1 <unknown>
#4 0x5619278f05e4 <unknown>
#5 0x5619278c7bed <unknown>
#6 0x5619278ed9e6 <unknown>
#7 0x5619278c7993 <unknown>
#8 0x561927893d6b <unknown>
#9 0x561927895141 <unknown>
#10 0x561927d6e2ab <unknown>
#11 0x561927d720b9 <unknown>
#12 0x561927d55139 <unknown>
#13 0x561927d72c68 <unknown>
#14 0x561927d3960f <unknown>
#15 0x561927d971f8 <unknown>
#16 0x561927d973d6 <unknown>
#17 0x561927da85e6 <unknown>
#18 0x7f4f33e9caa4 <unknown>
#19 0x7f4f33f29c3c <unknown>

2025-08-03 21:35:06,881 - INFO - 🎯 [3/70] Applying to: iOS Developer | Columbus OH -5 Day's Onsite | Contract W2 only - LINK: https://www.dice.com/job-detail/649f7a23-1ed0-4d00-80a9-e0fcaa65cef1
2025-08-03 21:35:26,551 - ERROR -    ❌ Cannot click apply button: Message: 
Stacktrace:
#0 0x561927da92ca <unknown>
#1 0x561927850550 <unknown>
#2 0x5619278a20f0 <unknown>
#3 0x5619278a22e1 <unknown>
#4 0x5619278f05e4 <unknown>
#5 0x5619278c7bed <unknown>
#6 0x5619278ed9e6 <unknown>
#7 0x5619278c7993 <unknown>
#8 0x561927893d6b <unknown>
#9 0x561927895141 <unknown>
#10 0x561927d6e2ab <unknown>
#11 0x561927d720b9 <unknown>
#12 0x561927d55139 <unknown>
#13 0x561927d72c68 <unknown>
#14 0x561927d3960f <unknown>
#15 0x561927d971f8 <unknown>
#16 0x561927d973d6 <unknown>
#17 0x561927da85e6 <unknown>
#18 0x7f4f33e9caa4 <unknown>
#19 0x7f4f33f29c3c <unknown>

2025-08-03 21:35:35,453 - INFO - 🎯 [4/70] Applying to: AR/VR Developer - LINK: https://www.dice.com/job-detail/ce1cfbc7-445c-41b9-bc38-40b113f2e0dd
2025-08-03 21:35:51,433 - INFO -    ✅ Successfully applied!
2025-08-03 21:36:01,973 - INFO - 🎯 [5/70] Applying to: OSP Engineer - LINK: https://www.dice.com/job-detail/d69b8da5-798c-41e4-9300-495cefaa15ec
2025-08-03 21:36:20,902 - ERROR -    ❌ Cannot click apply button: Message: 
Stacktrace:
#0 0x561927da92ca <unknown>
#1 0x561927850550 <unknown>
#2 0x5619278a20f0 <unknown>
#3 0x5619278a22e1 <unknown>
#4 0x5619278f05e4 <unknown>
#5 0x5619278c7bed <unknown>
#6 0x5619278ed9e6 <unknown>
#7 0x5619278c7993 <unknown>
#8 0x561927893d6b <unknown>
#9 0x561927895141 <unknown>
#10 0x561927d6e2ab <unknown>
#11 0x561927d720b9 <unknown>
#12 0x561927d55139 <unknown>
#13 0x561927d72c68 <unknown>
#14 0x561927d3960f <unknown>
#15 0x561927d971f8 <unknown>
#16 0x561927d973d6 <unknown>
#17 0x561927da85e6 <unknown>
#18 0x7f4f33e9caa4 <unknown>
#19 0x7f4f33f29c3c <unknown>

2025-08-03 21:36:29,235 - INFO - 🎯 [6/70] Applying to: Python Security Developer - LINK: https://www.dice.com/job-detail/2f7ec4d6-cc6f-455c-894b-a10e1d437a13
2025-08-03 21:36:44,267 - INFO -    ✅ Successfully applied!
2025-08-03 21:36:52,959 - INFO - 🎯 [7/70] Applying to: DevOps Engineer , Austin, TX- Hybrid mode - LINK: https://www.dice.com/job-detail/bb4432db-6b87-4f5f-8e91-b6ef3156d100
2025-08-03 21:37:08,605 - INFO -    ✅ Successfully applied!
2025-08-03 21:37:18,864 - INFO - 🎯 [8/70] Applying to: Java Fullstack developer - LINK: https://www.dice.com/job-detail/f53f5690-4f3e-4743-911c-4a71815a149a
2025-08-03 21:37:34,111 - INFO -    ✅ Successfully applied!
2025-08-03 21:37:41,920 - INFO - 🎯 [9/70] Applying to: Google Cloud Platform Data Engineer // TX // Onsite Work - LINK: https://www.dice.com/job-detail/46905dca-7fd3-4735-8774-cc272543d9f6
2025-08-03 21:37:58,136 - INFO -    ✅ Successfully applied!
2025-08-03 21:38:08,468 - INFO - 🎯 [10/70] Applying to: Quality Engineer - LINK: https://www.dice.com/job-detail/c017b9cc-84ef-4056-88fd-cf274bfeddc0
2025-08-03 21:38:25,209 - INFO -    ✅ Successfully applied!
2025-08-03 21:38:34,711 - INFO - 🎯 [11/70] Applying to: Data Strategy & DW Consultant - LINK: https://www.dice.com/job-detail/e8399ef7-846b-44bc-8f33-69b89dd5d910
2025-08-03 21:38:54,001 - ERROR -    ❌ Cannot click apply button: Message: 
Stacktrace:
#0 0x561927da92ca <unknown>
#1 0x561927850550 <unknown>
#2 0x5619278a20f0 <unknown>
#3 0x5619278a22e1 <unknown>
#4 0x5619278f05e4 <unknown>
#5 0x5619278c7bed <unknown>
#6 0x5619278ed9e6 <unknown>
#7 0x5619278c7993 <unknown>
#8 0x561927893d6b <unknown>
#9 0x561927895141 <unknown>
#10 0x561927d6e2ab <unknown>
#11 0x561927d720b9 <unknown>
#12 0x561927d55139 <unknown>
#13 0x561927d72c68 <unknown>
#14 0x561927d3960f <unknown>
#15 0x561927d971f8 <unknown>
#16 0x561927d973d6 <unknown>
#17 0x561927da85e6 <unknown>
#18 0x7f4f33e9caa4 <unknown>
#19 0x7f4f33f29c3c <unknown>

2025-08-03 21:39:06,112 - INFO - 🎯 [12/70] Applying to: Guidewire Developer - LINK: https://www.dice.com/job-detail/66a9837e-e5a4-47a3-866a-186020c29289
2025-08-03 21:39:19,849 - INFO -    ✅ Successfully applied!
2025-08-03 21:39:30,105 - INFO - 🎯 [13/70] Applying to: Cloud Engineer - LINK: https://www.dice.com/job-detail/c8a335ec-751c-4c5f-b07c-4eac3ddcc26b
2025-08-03 21:39:48,814 - ERROR -    ❌ Cannot click apply button: Message: 
Stacktrace:
#0 0x561927da92ca <unknown>
#1 0x561927850550 <unknown>
#2 0x5619278a20f0 <unknown>
#3 0x5619278a22e1 <unknown>
#4 0x5619278f05e4 <unknown>
#5 0x5619278c7bed <unknown>
#6 0x5619278ed9e6 <unknown>
#7 0x5619278c7993 <unknown>
#8 0x561927893d6b <unknown>
#9 0x561927895141 <unknown>
#10 0x561927d6e2ab <unknown>
#11 0x561927d720b9 <unknown>
#12 0x561927d55139 <unknown>
#13 0x561927d72c68 <unknown>
#14 0x561927d3960f <unknown>
#15 0x561927d971f8 <unknown>
#16 0x561927d973d6 <unknown>
#17 0x561927da85e6 <unknown>
#18 0x7f4f33e9caa4 <unknown>
#19 0x7f4f33f29c3c <unknown>

2025-08-03 21:39:59,287 - INFO - 🎯 [14/70] Applying to: IT Business Analyst - LINK: https://www.dice.com/job-detail/1b37fe2a-3bb9-48af-b73e-8b304ce4c453
2025-08-03 21:40:13,657 - INFO -    ✅ Successfully applied!
2025-08-03 21:40:23,459 - INFO - 🎯 [15/70] Applying to: Solution Architect - Cloud Product | Berkeley Heights, NJ & Alpharetta, GA - Onsite | Contract W2 - LINK: https://www.dice.com/job-detail/b83e1a92-6dc0-475f-910e-7e747e840bbd
2025-08-03 21:40:42,095 - ERROR -    ❌ Cannot click apply button: Message: 
Stacktrace:
#0 0x561927da92ca <unknown>
#1 0x561927850550 <unknown>
#2 0x5619278a20f0 <unknown>
#3 0x5619278a22e1 <unknown>
#4 0x5619278f05e4 <unknown>
#5 0x5619278c7bed <unknown>
#6 0x5619278ed9e6 <unknown>
#7 0x5619278c7993 <unknown>
#8 0x561927893d6b <unknown>
#9 0x561927895141 <unknown>
#10 0x561927d6e2ab <unknown>
#11 0x561927d720b9 <unknown>
#12 0x561927d55139 <unknown>
#13 0x561927d72c68 <unknown>
#14 0x561927d3960f <unknown>
#15 0x561927d971f8 <unknown>
#16 0x561927d973d6 <unknown>
#17 0x561927da85e6 <unknown>
#18 0x7f4f33e9caa4 <unknown>
#19 0x7f4f33f29c3c <unknown>

2025-08-03 21:40:51,807 - INFO - 🎯 [16/70] Applying to: Senior Android Developer - LINK: https://www.dice.com/job-detail/8143558a-afa1-4fe9-b15b-d75fb27ce866
2025-08-03 21:41:06,968 - INFO -    ✅ Successfully applied!
2025-08-03 21:41:19,020 - INFO - 🎯 [17/70] Applying to: React Native Developer - iOS - LINK: https://www.dice.com/job-detail/c5823839-3a9a-42ef-a488-b40cb4d4c891
2025-08-03 21:41:38,342 - ERROR -    ❌ Cannot click apply button: Message: 
Stacktrace:
#0 0x561927da92ca <unknown>
#1 0x561927850550 <unknown>
#2 0x5619278a20f0 <unknown>
#3 0x5619278a22e1 <unknown>
#4 0x5619278f05e4 <unknown>
#5 0x5619278c7bed <unknown>
#6 0x5619278ed9e6 <unknown>
#7 0x5619278c7993 <unknown>
#8 0x561927893d6b <unknown>
#9 0x561927895141 <unknown>
#10 0x561927d6e2ab <unknown>
#11 0x561927d720b9 <unknown>
#12 0x561927d55139 <unknown>
#13 0x561927d72c68 <unknown>
#14 0x561927d3960f <unknown>
#15 0x561927d971f8 <unknown>
#16 0x561927d973d6 <unknown>
#17 0x561927da85e6 <unknown>
#18 0x7f4f33e9caa4 <unknown>
#19 0x7f4f33f29c3c <unknown>

2025-08-03 21:41:49,737 - INFO - 🎯 [18/70] Applying to: Network Engineer - LINK: https://www.dice.com/job-detail/1ff0a01d-ee63-43e3-ae0f-c66d9853f56a
2025-08-03 21:42:04,839 - INFO -    ✅ Successfully applied!
2025-08-03 21:42:13,618 - INFO - 🎯 [19/70] Applying to: Director - Software Engineering - LINK: https://www.dice.com/job-detail/9897e2f5-16a9-42e6-8d7e-566970f42b90
2025-08-03 21:42:32,235 - ERROR -    ❌ Cannot click apply button: Message: 
Stacktrace:
#0 0x561927da92ca <unknown>
#1 0x561927850550 <unknown>
#2 0x5619278a20f0 <unknown>
#3 0x5619278a22e1 <unknown>
#4 0x5619278f05e4 <unknown>
#5 0x5619278c7bed <unknown>
#6 0x5619278ed9e6 <unknown>
#7 0x5619278c7993 <unknown>
#8 0x561927893d6b <unknown>
#9 0x561927895141 <unknown>
#10 0x561927d6e2ab <unknown>
#11 0x561927d720b9 <unknown>
#12 0x561927d55139 <unknown>
#13 0x561927d72c68 <unknown>
#14 0x561927d3960f <unknown>
#15 0x561927d971f8 <unknown>
#16 0x561927d973d6 <unknown>
#17 0x561927da85e6 <unknown>
#18 0x7f4f33e9caa4 <unknown>
#19 0x7f4f33f29c3c <unknown>

2025-08-03 21:42:42,268 - INFO - 🎯 [20/70] Applying to: Lead UI Developer - 10+ yrs - Berkeley Heights NJ (Locals only) - LINK: https://www.dice.com/job-detail/92670ccb-b706-434a-bee9-2d88d6ee9371
2025-08-03 21:42:57,092 - INFO -    ✅ Successfully applied!
2025-08-03 21:43:07,402 - INFO - 🎯 [21/70] Applying to: Director Privileged Access Management Engineering - LINK: https://www.dice.com/job-detail/53656c08-da8c-41ef-b54c-89b7b8f5334a
2025-08-03 21:43:24,974 - INFO -    ✅ Successfully applied!
2025-08-03 21:43:34,889 - INFO - 🎯 [22/70] Applying to: C# Automation Tester - LINK: https://www.dice.com/job-detail/9d5452cf-374c-4bd0-b54b-6d2a4eff2219
2025-08-03 21:43:51,497 - INFO -    ✅ Successfully applied!
2025-08-03 21:43:59,736 - INFO - 🎯 [23/70] Applying to: IT Manager Digital Transformation - LINK: https://www.dice.com/job-detail/cdc7e55a-1152-46b7-8aa0-7757f932c2ea
2025-08-03 21:44:19,553 - ERROR -    ❌ Cannot click apply button: Message: 
Stacktrace:
#0 0x561927da92ca <unknown>
#1 0x561927850550 <unknown>
#2 0x5619278a20f0 <unknown>
#3 0x5619278a22e1 <unknown>
#4 0x5619278f05e4 <unknown>
#5 0x5619278c7bed <unknown>
#6 0x5619278ed9e6 <unknown>
#7 0x5619278c7993 <unknown>
#8 0x561927893d6b <unknown>
#9 0x561927895141 <unknown>
#10 0x561927d6e2ab <unknown>
#11 0x561927d720b9 <unknown>
#12 0x561927d55139 <unknown>
#13 0x561927d72c68 <unknown>
#14 0x561927d3960f <unknown>
#15 0x561927d971f8 <unknown>
#16 0x561927d973d6 <unknown>
#17 0x561927da85e6 <unknown>
#18 0x7f4f33e9caa4 <unknown>
#19 0x7f4f33f29c3c <unknown>

2025-08-03 21:44:27,595 - INFO - 🎯 [24/70] Applying to: Azure Data Architect - Philadelphia, PA - LINK: https://www.dice.com/job-detail/7dc63efb-d06b-46bc-886d-6c810e5741a1
2025-08-03 21:44:41,247 - INFO -    ✅ Successfully applied!
2025-08-03 21:44:51,815 - INFO - 🎯 [25/70] Applying to: Lead .NET Fullstack Developer || Irving, TX / Phoenix, AZ (Onsite) - LINK: https://www.dice.com/job-detail/24563cac-880d-41ca-b20a-06336c503a4d
2025-08-03 21:45:10,792 - ERROR -    ❌ Cannot click apply button: Message: 
Stacktrace:
#0 0x561927da92ca <unknown>
#1 0x561927850550 <unknown>
#2 0x5619278a20f0 <unknown>
#3 0x5619278a22e1 <unknown>
#4 0x5619278f05e4 <unknown>
#5 0x5619278c7bed <unknown>
#6 0x5619278ed9e6 <unknown>
#7 0x5619278c7993 <unknown>
#8 0x561927893d6b <unknown>
#9 0x561927895141 <unknown>
#10 0x561927d6e2ab <unknown>
#11 0x561927d720b9 <unknown>
#12 0x561927d55139 <unknown>
#13 0x561927d72c68 <unknown>
#14 0x561927d3960f <unknown>
#15 0x561927d971f8 <unknown>
#16 0x561927d973d6 <unknown>
#17 0x561927da85e6 <unknown>
#18 0x7f4f33e9caa4 <unknown>
#19 0x7f4f33f29c3c <unknown>

2025-08-03 21:45:18,765 - INFO - 🎯 [26/70] Applying to: Full Stack Java Developers - LINK: https://www.dice.com/job-detail/c2d01944-9407-4439-af65-5158f2590ebf
2025-08-03 21:45:35,106 - INFO -    ✅ Successfully applied!
2025-08-03 21:45:45,516 - INFO - 🎯 [27/70] Applying to: Workday Engineer - LINK: https://www.dice.com/job-detail/821675b3-ee7d-4f57-8561-c89bc768f391
2025-08-03 21:46:02,734 - INFO -    ✅ Successfully applied!
2025-08-03 21:46:11,476 - INFO - 🎯 [28/70] Applying to: Calypso Business Analyst (BackOffice) - LINK: https://www.dice.com/job-detail/331d2f56-fa43-48a7-abb0-1b5e5a55f623
2025-08-03 21:46:29,854 - INFO -    ✅ Successfully applied!
2025-08-03 21:46:40,211 - INFO - 🎯 [29/70] Applying to: Digital Marketing Consultant (32563) - LINK: https://www.dice.com/job-detail/47d4cb7a-889d-45f8-9fe6-570ce3739234
2025-08-03 21:46:58,674 - ERROR -    ❌ Cannot click apply button: Message: 
Stacktrace:
#0 0x561927da92ca <unknown>
#1 0x561927850550 <unknown>
#2 0x5619278a20f0 <unknown>
#3 0x5619278a22e1 <unknown>
#4 0x5619278f05e4 <unknown>
#5 0x5619278c7bed <unknown>
#6 0x5619278ed9e6 <unknown>
#7 0x5619278c7993 <unknown>
#8 0x561927893d6b <unknown>
#9 0x561927895141 <unknown>
#10 0x561927d6e2ab <unknown>
#11 0x561927d720b9 <unknown>
#12 0x561927d55139 <unknown>
#13 0x561927d72c68 <unknown>
#14 0x561927d3960f <unknown>
#15 0x561927d971f8 <unknown>
#16 0x561927d973d6 <unknown>
#17 0x561927da85e6 <unknown>
#18 0x7f4f33e9caa4 <unknown>
#19 0x7f4f33f29c3c <unknown>

2025-08-03 21:47:08,664 - INFO - 🎯 [30/70] Applying to: Contact Center Business Systems Analyst - LINK: https://www.dice.com/job-detail/498e8e65-59da-4ab7-9e68-0c08d1876be1
2025-08-03 21:47:28,003 - ERROR -    ❌ Cannot click apply button: Message: 
Stacktrace:
#0 0x561927da92ca <unknown>
#1 0x561927850550 <unknown>
#2 0x5619278a20f0 <unknown>
#3 0x5619278a22e1 <unknown>
#4 0x5619278f05e4 <unknown>
#5 0x5619278c7bed <unknown>
#6 0x5619278ed9e6 <unknown>
#7 0x5619278c7993 <unknown>
#8 0x561927893d6b <unknown>
#9 0x561927895141 <unknown>
#10 0x561927d6e2ab <unknown>
#11 0x561927d720b9 <unknown>
#12 0x561927d55139 <unknown>
#13 0x561927d72c68 <unknown>
#14 0x561927d3960f <unknown>
#15 0x561927d971f8 <unknown>
#16 0x561927d973d6 <unknown>
#17 0x561927da85e6 <unknown>
#18 0x7f4f33e9caa4 <unknown>
#19 0x7f4f33f29c3c <unknown>

2025-08-03 21:47:37,304 - INFO - 🎯 [31/70] Applying to: Business Analyst MES Modernization - LINK: https://www.dice.com/job-detail/823aea05-5729-4bb5-99fb-4632346e2d17
2025-08-03 21:47:53,328 - INFO -    ✅ Successfully applied!
2025-08-03 21:48:02,452 - INFO - 🎯 [32/70] Applying to: Sr Java Full Stack Developer, Healthcare Domain - LINK: https://www.dice.com/job-detail/0fd908d6-2138-4808-b6b1-69c56413a0aa
2025-08-03 21:48:18,512 - INFO -    ✅ Successfully applied!
2025-08-03 21:48:28,216 - INFO - 🎯 [33/70] Applying to: Business Analyst with production Support - LINK: https://www.dice.com/job-detail/a717204e-69f9-45f8-98de-ea841f434fcd
2025-08-03 21:48:43,918 - INFO -    ✅ Successfully applied!
2025-08-03 21:48:53,005 - INFO - 🎯 [34/70] Applying to: Cloud Architect (Google Cloud Platform Architect w/CI CD or DevOps Architect w/Google Cloud Platform) - LINK: https://www.dice.com/job-detail/22a254e7-0c19-4b81-a1cd-9bf3355cff6b
2025-08-03 21:49:12,437 - ERROR -    ❌ Cannot click apply button: Message: 
Stacktrace:
#0 0x561927da92ca <unknown>
#1 0x561927850550 <unknown>
#2 0x5619278a20f0 <unknown>
#3 0x5619278a22e1 <unknown>
#4 0x5619278f05e4 <unknown>
#5 0x5619278c7bed <unknown>
#6 0x5619278ed9e6 <unknown>
#7 0x5619278c7993 <unknown>
#8 0x561927893d6b <unknown>
#9 0x561927895141 <unknown>
#10 0x561927d6e2ab <unknown>
#11 0x561927d720b9 <unknown>
#12 0x561927d55139 <unknown>
#13 0x561927d72c68 <unknown>
#14 0x561927d3960f <unknown>
#15 0x561927d971f8 <unknown>
#16 0x561927d973d6 <unknown>
#17 0x561927da85e6 <unknown>
#18 0x7f4f33e9caa4 <unknown>
#19 0x7f4f33f29c3c <unknown>

2025-08-03 21:49:22,993 - INFO - 🎯 [35/70] Applying to: MICROSOFT ARCHITECT with AZURE, AI - LINK: https://www.dice.com/job-detail/d3bfa26e-acdf-4a4e-bc01-3adabf0837d1
2025-08-03 21:49:39,720 - INFO -    ✅ Successfully applied!
2025-08-03 21:49:48,391 - INFO - 🎯 [36/70] Applying to: Sr Java Engineer - LINK: https://www.dice.com/job-detail/7ba9f5d0-34be-4b4a-bc56-edc12c5ca287
2025-08-03 21:50:02,113 - INFO -    ✅ Successfully applied!
2025-08-03 21:50:10,857 - INFO - 🎯 [37/70] Applying to: Senior React developer with Google Cloud Platform & Node - LINK: https://www.dice.com/job-detail/8f6fb555-efb1-4abf-81b5-2b62f0733027
2025-08-03 21:50:27,652 - INFO -    ✅ Successfully applied!
2025-08-03 21:50:38,433 - INFO - 🎯 [38/70] Applying to: Software Engineer-Python - LINK: https://www.dice.com/job-detail/db564516-d30d-4a8c-aa11-0ed6f6643e98
2025-08-03 21:50:54,302 - INFO -    ✅ Successfully applied!
2025-08-03 21:51:03,798 - INFO - 🎯 [39/70] Applying to: Software Engineer III - LINK: https://www.dice.com/job-detail/302bff95-899d-43e5-af84-bd5b59827f03
2025-08-03 21:51:18,738 - INFO -    ✅ Successfully applied!
2025-08-03 21:51:29,683 - INFO - 🎯 [40/70] Applying to: Data Architect with AI - LINK: https://www.dice.com/job-detail/82dd1355-ed06-406f-8b5d-3230b95b5f53
2025-08-03 21:51:44,956 - INFO -    ✅ Successfully applied!
2025-08-03 21:51:58,099 - INFO - 🎯 [41/70] Applying to: Google Cloud Platform Cloud Architect - LINK: https://www.dice.com/job-detail/ccc67735-fd1e-422a-8a28-06d73689dc7b
2025-08-03 21:52:16,197 - ERROR -    ❌ Cannot click apply button: Message: 
Stacktrace:
#0 0x561927da92ca <unknown>
#1 0x561927850550 <unknown>
#2 0x5619278a20f0 <unknown>
#3 0x5619278a22e1 <unknown>
#4 0x5619278f05e4 <unknown>
#5 0x5619278c7bed <unknown>
#6 0x5619278ed9e6 <unknown>
#7 0x5619278c7993 <unknown>
#8 0x561927893d6b <unknown>
#9 0x561927895141 <unknown>
#10 0x561927d6e2ab <unknown>
#11 0x561927d720b9 <unknown>
#12 0x561927d55139 <unknown>
#13 0x561927d72c68 <unknown>
#14 0x561927d3960f <unknown>
#15 0x561927d971f8 <unknown>
#16 0x561927d973d6 <unknown>
#17 0x561927da85e6 <unknown>
#18 0x7f4f33e9caa4 <unknown>
#19 0x7f4f33f29c3c <unknown>

2025-08-03 21:52:24,093 - INFO - 🎯 [42/70] Applying to: Full Stack Developer - LINK: https://www.dice.com/job-detail/65d75ada-05bb-4b34-997a-39826c4d94f2
2025-08-03 21:52:37,532 - INFO -    ✅ Successfully applied!
2025-08-03 21:52:47,337 - INFO - 🎯 [43/70] Applying to: Sail Point developer - LINK: https://www.dice.com/job-detail/78f06b18-ae6c-4ef2-9727-1d397207e3d1
2025-08-03 21:53:03,691 - INFO -    ✅ Successfully applied!
2025-08-03 21:53:11,677 - INFO - 🎯 [44/70] Applying to: .Net Google Cloud Platform Architect - LINK: https://www.dice.com/job-detail/0b0612ce-5e5f-45d4-a50c-9ecda3964c7f
2025-08-03 21:53:31,729 - ERROR -    ❌ Cannot click apply button: Message: 
Stacktrace:
#0 0x561927da92ca <unknown>
#1 0x561927850550 <unknown>
#2 0x5619278a20f0 <unknown>
#3 0x5619278a22e1 <unknown>
#4 0x5619278f05e4 <unknown>
#5 0x5619278c7bed <unknown>
#6 0x5619278ed9e6 <unknown>
#7 0x5619278c7993 <unknown>
#8 0x561927893d6b <unknown>
#9 0x561927895141 <unknown>
#10 0x561927d6e2ab <unknown>
#11 0x561927d720b9 <unknown>
#12 0x561927d55139 <unknown>
#13 0x561927d72c68 <unknown>
#14 0x561927d3960f <unknown>
#15 0x561927d971f8 <unknown>
#16 0x561927d973d6 <unknown>
#17 0x561927da85e6 <unknown>
#18 0x7f4f33e9caa4 <unknown>
#19 0x7f4f33f29c3c <unknown>

2025-08-03 21:53:38,574 - INFO - 🎯 [45/70] Applying to: Senior Data Engineer - LINK: https://www.dice.com/job-detail/c43c5f1c-4f1c-484f-a1d1-ced260eebc07
2025-08-03 21:53:55,154 - INFO -    ✅ Successfully applied!
2025-08-03 21:54:03,278 - INFO - 🎯 [46/70] Applying to: React Native developer - LINK: https://www.dice.com/job-detail/2664fc1e-5fe4-460f-9da6-f06aa6793f97
2025-08-03 21:54:20,294 - INFO -    ✅ Successfully applied!
2025-08-03 21:54:29,297 - INFO - 🎯 [47/70] Applying to: Software Engineer - LINK: https://www.dice.com/job-detail/4f1aa37a-c648-4d11-89ab-639dfa7d4d40
2025-08-03 21:54:46,611 - INFO -    ✅ Successfully applied!
2025-08-03 21:54:53,454 - INFO - 🎯 [48/70] Applying to: Need Java Developer (WebFlex, SpringAPI) - Phoenix, AZ - LINK: https://www.dice.com/job-detail/25a24a15-b7e7-4810-b79c-80994ce39678
2025-08-03 21:55:11,776 - ERROR -    ❌ Cannot click apply button: Message: 
Stacktrace:
#0 0x561927da92ca <unknown>
#1 0x561927850550 <unknown>
#2 0x5619278a20f0 <unknown>
#3 0x5619278a22e1 <unknown>
#4 0x5619278f05e4 <unknown>
#5 0x5619278c7bed <unknown>
#6 0x5619278ed9e6 <unknown>
#7 0x5619278c7993 <unknown>
#8 0x561927893d6b <unknown>
#9 0x561927895141 <unknown>
#10 0x561927d6e2ab <unknown>
#11 0x561927d720b9 <unknown>
#12 0x561927d55139 <unknown>
#13 0x561927d72c68 <unknown>
#14 0x561927d3960f <unknown>
#15 0x561927d971f8 <unknown>
#16 0x561927d973d6 <unknown>
#17 0x561927da85e6 <unknown>
#18 0x7f4f33e9caa4 <unknown>
#19 0x7f4f33f29c3c <unknown>

2025-08-03 21:55:22,437 - INFO - 🎯 [49/70] Applying to: Opening for Full Stack Software Engineer :: Contract :: Mclean, VA (Hybrid) - LINK: https://www.dice.com/job-detail/a58ddbec-bc15-4b80-8982-abe57cb153d9
2025-08-03 21:55:42,113 - ERROR -    ❌ Cannot click apply button: Message: 
Stacktrace:
#0 0x561927da92ca <unknown>
#1 0x561927850550 <unknown>
#2 0x5619278a20f0 <unknown>
#3 0x5619278a22e1 <unknown>
#4 0x5619278f05e4 <unknown>
#5 0x5619278c7bed <unknown>
#6 0x5619278ed9e6 <unknown>
#7 0x5619278c7993 <unknown>
#8 0x561927893d6b <unknown>
#9 0x561927895141 <unknown>
#10 0x561927d6e2ab <unknown>
#11 0x561927d720b9 <unknown>
#12 0x561927d55139 <unknown>
#13 0x561927d72c68 <unknown>
#14 0x561927d3960f <unknown>
#15 0x561927d971f8 <unknown>
#16 0x561927d973d6 <unknown>
#17 0x561927da85e6 <unknown>
#18 0x7f4f33e9caa4 <unknown>
#19 0x7f4f33f29c3c <unknown>

2025-08-03 21:55:50,575 - INFO - 🎯 [50/70] Applying to: Principal Salesforce Architect - LINK: https://www.dice.com/job-detail/f0b2434c-bc21-4e08-b8cd-0c5646feb364
2025-08-03 21:56:09,202 - ERROR -    ❌ Cannot click apply button: Message: 
Stacktrace:
#0 0x561927da92ca <unknown>
#1 0x561927850550 <unknown>
#2 0x5619278a20f0 <unknown>
#3 0x5619278a22e1 <unknown>
#4 0x5619278f05e4 <unknown>
#5 0x5619278c7bed <unknown>
#6 0x5619278ed9e6 <unknown>
#7 0x5619278c7993 <unknown>
#8 0x561927893d6b <unknown>
#9 0x561927895141 <unknown>
#10 0x561927d6e2ab <unknown>
#11 0x561927d720b9 <unknown>
#12 0x561927d55139 <unknown>
#13 0x561927d72c68 <unknown>
#14 0x561927d3960f <unknown>
#15 0x561927d971f8 <unknown>
#16 0x561927d973d6 <unknown>
#17 0x561927da85e6 <unknown>
#18 0x7f4f33e9caa4 <unknown>
#19 0x7f4f33f29c3c <unknown>

2025-08-03 21:56:20,612 - INFO - 🎯 [51/70] Applying to: Onsite - Scala Developer - NYC (Onsite) - Lorven Technologies Inc - LINK: https://www.dice.com/job-detail/6e686b2e-d2cf-403b-ae0c-c5ba94e95fa1
2025-08-03 21:56:39,294 - ERROR -    ❌ Cannot click apply button: Message: 
Stacktrace:
#0 0x561927da92ca <unknown>
#1 0x561927850550 <unknown>
#2 0x5619278a20f0 <unknown>
#3 0x5619278a22e1 <unknown>
#4 0x5619278f05e4 <unknown>
#5 0x5619278c7bed <unknown>
#6 0x5619278ed9e6 <unknown>
#7 0x5619278c7993 <unknown>
#8 0x561927893d6b <unknown>
#9 0x561927895141 <unknown>
#10 0x561927d6e2ab <unknown>
#11 0x561927d720b9 <unknown>
#12 0x561927d55139 <unknown>
#13 0x561927d72c68 <unknown>
#14 0x561927d3960f <unknown>
#15 0x561927d971f8 <unknown>
#16 0x561927d973d6 <unknown>
#17 0x561927da85e6 <unknown>
#18 0x7f4f33e9caa4 <unknown>
#19 0x7f4f33f29c3c <unknown>

2025-08-03 21:56:51,198 - INFO - 🎯 [52/70] Applying to: SQL Server Developer || Alpharetta, GA (Hybrid) - LINK: https://www.dice.com/job-detail/9321621f-8fce-4d73-aa2f-86c031189d5e
2025-08-03 21:57:11,391 - ERROR -    ❌ Cannot click apply button: Message: 
Stacktrace:
#0 0x561927da92ca <unknown>
#1 0x561927850550 <unknown>
#2 0x5619278a20f0 <unknown>
#3 0x5619278a22e1 <unknown>
#4 0x5619278f05e4 <unknown>
#5 0x5619278c7bed <unknown>
#6 0x5619278ed9e6 <unknown>
#7 0x5619278c7993 <unknown>
#8 0x561927893d6b <unknown>
#9 0x561927895141 <unknown>
#10 0x561927d6e2ab <unknown>
#11 0x561927d720b9 <unknown>
#12 0x561927d55139 <unknown>
#13 0x561927d72c68 <unknown>
#14 0x561927d3960f <unknown>
#15 0x561927d971f8 <unknown>
#16 0x561927d973d6 <unknown>
#17 0x561927da85e6 <unknown>
#18 0x7f4f33e9caa4 <unknown>
#19 0x7f4f33f29c3c <unknown>

2025-08-03 21:57:24,244 - INFO - 🎯 [53/70] Applying to: Senior Salesforce Architect - LINK: https://www.dice.com/job-detail/77817842-1c3a-46ec-bc9f-abea6155ec6e
2025-08-03 21:57:43,767 - ERROR -    ❌ Cannot click apply button: Message: 
Stacktrace:
#0 0x561927da92ca <unknown>
#1 0x561927850550 <unknown>
#2 0x5619278a20f0 <unknown>
#3 0x5619278a22e1 <unknown>
#4 0x5619278f05e4 <unknown>
#5 0x5619278c7bed <unknown>
#6 0x5619278ed9e6 <unknown>
#7 0x5619278c7993 <unknown>
#8 0x561927893d6b <unknown>
#9 0x561927895141 <unknown>
#10 0x561927d6e2ab <unknown>
#11 0x561927d720b9 <unknown>
#12 0x561927d55139 <unknown>
#13 0x561927d72c68 <unknown>
#14 0x561927d3960f <unknown>
#15 0x561927d971f8 <unknown>
#16 0x561927d973d6 <unknown>
#17 0x561927da85e6 <unknown>
#18 0x7f4f33e9caa4 <unknown>
#19 0x7f4f33f29c3c <unknown>

2025-08-03 21:57:53,483 - INFO - 🎯 [54/70] Applying to: IOS Developer - LINK: https://www.dice.com/job-detail/a192c7a8-bab2-481a-8165-f738cfdc6070
2025-08-03 21:58:11,560 - ERROR -    ❌ Cannot click apply button: Message: 
Stacktrace:
#0 0x561927da92ca <unknown>
#1 0x561927850550 <unknown>
#2 0x5619278a20f0 <unknown>
#3 0x5619278a22e1 <unknown>
#4 0x5619278f05e4 <unknown>
#5 0x5619278c7bed <unknown>
#6 0x5619278ed9e6 <unknown>
#7 0x5619278c7993 <unknown>
#8 0x561927893d6b <unknown>
#9 0x561927895141 <unknown>
#10 0x561927d6e2ab <unknown>
#11 0x561927d720b9 <unknown>
#12 0x561927d55139 <unknown>
#13 0x561927d72c68 <unknown>
#14 0x561927d3960f <unknown>
#15 0x561927d971f8 <unknown>
#16 0x561927d973d6 <unknown>
#17 0x561927da85e6 <unknown>
#18 0x7f4f33e9caa4 <unknown>
#19 0x7f4f33f29c3c <unknown>

2025-08-03 21:58:22,298 - INFO - 🎯 [55/70] Applying to: Quantitative Researcher / Strategy Developer - R - LINK: https://www.dice.com/job-detail/abbbe8f1-9659-46bf-9a17-8748879fd2ef
2025-08-03 21:58:37,232 - INFO -    ✅ Successfully applied!
2025-08-03 21:58:48,091 - INFO - 🎯 [56/70] Applying to: H1B Visa Transfers - Apply - LINK: https://www.dice.com/job-detail/7bbc8007-b004-4509-9dea-b9ef300a209e
2025-08-03 21:59:04,500 - INFO -    ✅ Successfully applied!
2025-08-03 21:59:14,581 - INFO - 🎯 [57/70] Applying to: Business Analyst/Perform Analyst Investor Tools Perform - LINK: https://www.dice.com/job-detail/421b30b5-bc57-4ae3-a41f-301c545df6a8
2025-08-03 21:59:32,024 - INFO -    ✅ Successfully applied!
2025-08-03 21:59:38,429 - INFO - 🎯 [58/70] Applying to: Sr. Data Engineer - LINK: https://www.dice.com/job-detail/ab94d7b9-88b1-4b33-aa89-7191c96ce1eb
2025-08-03 21:59:52,798 - INFO -    ✅ Successfully applied!
2025-08-03 22:00:02,066 - INFO - 🎯 [59/70] Applying to: ServiceNow Developer - LINK: https://www.dice.com/job-detail/e69fcf46-5f3f-4170-b190-de212d4ed0f0
2025-08-03 22:00:16,364 - INFO -    ✅ Successfully applied!
2025-08-03 22:00:23,199 - INFO - 🎯 [60/70] Applying to: Full Stack Engineer - LINK: https://www.dice.com/job-detail/a3a02ce9-4f5f-49a9-8e9f-4af2ceb2e01e
2025-08-03 22:00:39,451 - INFO -    ✅ Successfully applied!
2025-08-03 22:00:49,579 - INFO - 🎯 [61/70] Applying to: Mechatronics Engineer - Hybrid - LINK: https://www.dice.com/job-detail/87bbe6fb-3e90-4b95-bb2f-c2ba8a2a4b36
2025-08-03 22:01:08,457 - ERROR -    ❌ Cannot click apply button: Message: 
Stacktrace:
#0 0x561927da92ca <unknown>
#1 0x561927850550 <unknown>
#2 0x5619278a20f0 <unknown>
#3 0x5619278a22e1 <unknown>
#4 0x5619278f05e4 <unknown>
#5 0x5619278c7bed <unknown>
#6 0x5619278ed9e6 <unknown>
#7 0x5619278c7993 <unknown>
#8 0x561927893d6b <unknown>
#9 0x561927895141 <unknown>
#10 0x561927d6e2ab <unknown>
#11 0x561927d720b9 <unknown>
#12 0x561927d55139 <unknown>
#13 0x561927d72c68 <unknown>
#14 0x561927d3960f <unknown>
#15 0x561927d971f8 <unknown>
#16 0x561927d973d6 <unknown>
#17 0x561927da85e6 <unknown>
#18 0x7f4f33e9caa4 <unknown>
#19 0x7f4f33f29c3c <unknown>

2025-08-03 22:01:19,611 - INFO - 🎯 [62/70] Applying to: Data Engineer Lead - LINK: https://www.dice.com/job-detail/58bf8bce-1394-48ee-ab68-621ba0b166ed
2025-08-03 22:01:36,647 - INFO -    ✅ Successfully applied!
2025-08-03 22:01:47,907 - INFO - 🎯 [63/70] Applying to: Apache Airflow Orchestration - Solutions Architect :: Iselin NJ : Hybrid (2-3 Days) - LINK: https://www.dice.com/job-detail/e3631898-d87a-4675-9d18-43395f26e361
2025-08-03 22:02:02,911 - INFO -    ✅ Successfully applied!
2025-08-03 22:02:13,599 - INFO - 🎯 [64/70] Applying to: Oracle Transportation Management (OTM) Cloud Architect - LINK: https://www.dice.com/job-detail/0d848dbf-7d03-41ed-89aa-e736e788be58
2025-08-03 22:02:32,606 - ERROR -    ❌ Cannot click apply button: Message: 
Stacktrace:
#0 0x561927da92ca <unknown>
#1 0x561927850550 <unknown>
#2 0x5619278a20f0 <unknown>
#3 0x5619278a22e1 <unknown>
#4 0x5619278f05e4 <unknown>
#5 0x5619278c7bed <unknown>
#6 0x5619278ed9e6 <unknown>
#7 0x5619278c7993 <unknown>
#8 0x561927893d6b <unknown>
#9 0x561927895141 <unknown>
#10 0x561927d6e2ab <unknown>
#11 0x561927d720b9 <unknown>
#12 0x561927d55139 <unknown>
#13 0x561927d72c68 <unknown>
#14 0x561927d3960f <unknown>
#15 0x561927d971f8 <unknown>
#16 0x561927d973d6 <unknown>
#17 0x561927da85e6 <unknown>
#18 0x7f4f33e9caa4 <unknown>
#19 0x7f4f33f29c3c <unknown>

2025-08-03 22:02:41,875 - INFO - 🎯 [65/70] Applying to: Python Developer with Airflow - LINK: https://www.dice.com/job-detail/204b8214-16a4-4b05-ba2e-dda8573b1773
2025-08-03 22:02:57,560 - INFO -    ✅ Successfully applied!
2025-08-03 22:03:05,914 - INFO - 🎯 [66/70] Applying to: Senior Embedded Software Engineer - LINK: https://www.dice.com/job-detail/f75af5ea-7663-420c-9a28-bebb50b70c19
2025-08-03 22:03:21,585 - INFO -    ✅ Successfully applied!
2025-08-03 22:03:31,006 - INFO - 🎯 [67/70] Applying to: IMMEDIATE NEED: IVR Routing / Contact Center Data Architect - LINK: https://www.dice.com/job-detail/3781195b-c16a-479c-b6eb-e9d094921c76
2025-08-03 22:03:50,287 - ERROR -    ❌ Cannot click apply button: Message: 
Stacktrace:
#0 0x561927da92ca <unknown>
#1 0x561927850550 <unknown>
#2 0x5619278a20f0 <unknown>
#3 0x5619278a22e1 <unknown>
#4 0x5619278f05e4 <unknown>
#5 0x5619278c7bed <unknown>
#6 0x5619278ed9e6 <unknown>
#7 0x5619278c7993 <unknown>
#8 0x561927893d6b <unknown>
#9 0x561927895141 <unknown>
#10 0x561927d6e2ab <unknown>
#11 0x561927d720b9 <unknown>
#12 0x561927d55139 <unknown>
#13 0x561927d72c68 <unknown>
#14 0x561927d3960f <unknown>
#15 0x561927d971f8 <unknown>
#16 0x561927d973d6 <unknown>
#17 0x561927da85e6 <unknown>
#18 0x7f4f33e9caa4 <unknown>
#19 0x7f4f33f29c3c <unknown>

2025-08-03 22:04:00,080 - INFO - 🎯 [68/70] Applying to: .NET Developer - Only GA locals can apply - LINK: https://www.dice.com/job-detail/b30213ff-9474-4a17-8b83-1c017b8271c3
2025-08-03 22:04:18,442 - ERROR -    ❌ Cannot click apply button: Message: 
Stacktrace:
#0 0x561927da92ca <unknown>
#1 0x561927850550 <unknown>
#2 0x5619278a20f0 <unknown>
#3 0x5619278a22e1 <unknown>
#4 0x5619278f05e4 <unknown>
#5 0x5619278c7bed <unknown>
#6 0x5619278ed9e6 <unknown>
#7 0x5619278c7993 <unknown>
#8 0x561927893d6b <unknown>
#9 0x561927895141 <unknown>
#10 0x561927d6e2ab <unknown>
#11 0x561927d720b9 <unknown>
#12 0x561927d55139 <unknown>
#13 0x561927d72c68 <unknown>
#14 0x561927d3960f <unknown>
#15 0x561927d971f8 <unknown>
#16 0x561927d973d6 <unknown>
#17 0x561927da85e6 <unknown>
#18 0x7f4f33e9caa4 <unknown>
#19 0x7f4f33f29c3c <unknown>

2025-08-03 22:04:29,150 - INFO - 🎯 [69/70] Applying to: Demand & Capacity Analyst GPU Utilization & Modeling - LINK: https://www.dice.com/job-detail/60a61f28-2ae4-4c31-972e-82501b2216b0
2025-08-03 22:04:43,992 - INFO -    ✅ Successfully applied!
2025-08-03 22:04:53,098 - INFO - 🎯 [70/70] Applying to: AIOps Engineer - LINK: https://www.dice.com/job-detail/3be5535a-7ebd-4dbd-9001-bf976e636f48
2025-08-03 22:05:12,380 - ERROR -    ❌ Cannot click apply button: Message: 
Stacktrace:
#0 0x561927da92ca <unknown>
#1 0x561927850550 <unknown>
#2 0x5619278a20f0 <unknown>
#3 0x5619278a22e1 <unknown>
#4 0x5619278f05e4 <unknown>
#5 0x5619278c7bed <unknown>
#6 0x5619278ed9e6 <unknown>
#7 0x5619278c7993 <unknown>
#8 0x561927893d6b <unknown>
#9 0x561927895141 <unknown>
#10 0x561927d6e2ab <unknown>
#11 0x561927d720b9 <unknown>
#12 0x561927d55139 <unknown>
#13 0x561927d72c68 <unknown>
#14 0x561927d3960f <unknown>
#15 0x561927d971f8 <unknown>
#16 0x561927d973d6 <unknown>
#17 0x561927da85e6 <unknown>
#18 0x7f4f33e9caa4 <unknown>
#19 0x7f4f33f29c3c <unknown>

2025-08-03 22:05:16,414 - INFO - 📊 Processing results...
2025-08-03 22:05:16,471 - INFO - 🎉 Application run completed!
2025-08-03 22:05:16,471 - INFO -    ✅ Newly applied: 42
2025-08-03 22:05:16,471 - INFO -    ⏭️  Already applied: 0
2025-08-03 22:05:16,471 - INFO -    ❌ Failed: 28
2025-08-03 22:05:16,471 - INFO -    📊 Total processed: 70
2025-08-03 22:05:16,471 - INFO -    📁 Total jobs in CSV: 4487
2025-08-03 22:05:16,472 - INFO -    💾 Updated: output/final_ml_jobs.csv
2025-08-03 22:05:16,472 - INFO - 🔧 Closing browser...
