2025-08-07 17:45:40,324 - INFO - 🚀 Starting stealth job application bot
2025-08-07 17:45:41,007 - INFO - 📂 Loading jobs from output/final_ml_jobs.csv
2025-08-07 17:45:41,045 - INFO -    📊 Total jobs in file: 4677
2025-08-07 17:45:41,048 - INFO -    🎯 Easy Apply jobs: 4677
2025-08-07 17:45:41,050 - INFO -    ⏳ Jobs to process: 931 (status: pending)
2025-08-07 17:45:41,051 - INFO - 🎲 Will attempt 79 applications this run (target: 79)
2025-08-07 17:45:41,051 - INFO - 🔑 Logging into Dice...
2025-08-07 17:45:43,570 - INFO - ✅ Login successful
2025-08-07 17:45:45,600 - INFO - 🔄 Starting job applications...
2025-08-07 17:45:45,601 - INFO - 🎯 [1/79] Applying to: AI developers who can built agents for Quality and testing - LINK: https://www.dice.com/job-detail/66c5fe54-5bf1-471c-8673-1523fa1e8e42
2025-08-07 17:46:04,526 - INFO -    ✅ Successfully applied!
2025-08-07 17:46:12,818 - INFO - 🎯 [2/79] Applying to: Google Cloud Platform Data Architect - LINK: https://www.dice.com/job-detail/041de567-3387-4329-aecb-b9e175b1cac5
2025-08-07 17:46:29,465 - INFO -    ✅ Successfully applied!
2025-08-07 17:46:41,584 - INFO - 🎯 [3/79] Applying to: Lehi - Senior Level Software Engineer - LINK: https://www.dice.com/job-detail/24c6ab39-2714-4a2e-96d6-b933347de01a
2025-08-07 17:46:56,047 - INFO -    ✅ Successfully applied!
2025-08-07 17:47:06,139 - INFO - 🎯 [4/79] Applying to: Cloud ML Engineer Vertex AI & DevOps Automation - LINK: https://www.dice.com/job-detail/48c4b2f4-8e16-4da6-97f5-ea4117eba1e5
2025-08-07 17:47:25,366 - ERROR -    ❌ Cannot click apply button: Message: 
Stacktrace:
#0 0x558629a312ca <unknown>
#1 0x5586294d8550 <unknown>
#2 0x55862952a0f0 <unknown>
#3 0x55862952a2e1 <unknown>
#4 0x5586295785e4 <unknown>
#5 0x55862954fbed <unknown>
#6 0x5586295759e6 <unknown>
#7 0x55862954f993 <unknown>
#8 0x55862951bd6b <unknown>
#9 0x55862951d141 <unknown>
#10 0x5586299f62ab <unknown>
#11 0x5586299fa0b9 <unknown>
#12 0x5586299dd139 <unknown>
#13 0x5586299fac68 <unknown>
#14 0x5586299c160f <unknown>
#15 0x558629a1f1f8 <unknown>
#16 0x558629a1f3d6 <unknown>
#17 0x558629a305e6 <unknown>
#18 0x7ff4df89caa4 <unknown>
#19 0x7ff4df929c3c <unknown>

2025-08-07 17:47:33,117 - INFO - 🎯 [5/79] Applying to: Software Engineer - LINK: https://www.dice.com/job-detail/c126fcc7-f73b-42df-9adc-c258b388ee1a
2025-08-07 17:47:48,352 - INFO -    ✅ Successfully applied!
2025-08-07 17:47:59,090 - INFO - 🎯 [6/79] Applying to: Python Consultant - LINK: https://www.dice.com/job-detail/64031e4e-2573-4b54-92fc-903759c27414
2025-08-07 17:48:18,343 - ERROR -    ❌ Cannot click apply button: Message: 
Stacktrace:
#0 0x558629a312ca <unknown>
#1 0x5586294d8550 <unknown>
#2 0x55862952a0f0 <unknown>
#3 0x55862952a2e1 <unknown>
#4 0x5586295785e4 <unknown>
#5 0x55862954fbed <unknown>
#6 0x5586295759e6 <unknown>
#7 0x55862954f993 <unknown>
#8 0x55862951bd6b <unknown>
#9 0x55862951d141 <unknown>
#10 0x5586299f62ab <unknown>
#11 0x5586299fa0b9 <unknown>
#12 0x5586299dd139 <unknown>
#13 0x5586299fac68 <unknown>
#14 0x5586299c160f <unknown>
#15 0x558629a1f1f8 <unknown>
#16 0x558629a1f3d6 <unknown>
#17 0x558629a305e6 <unknown>
#18 0x7ff4df89caa4 <unknown>
#19 0x7ff4df929c3c <unknown>

2025-08-07 17:48:28,295 - INFO - 🎯 [7/79] Applying to: iOS Software Engineer - LINK: https://www.dice.com/job-detail/65d11712-91f8-484a-993a-cd4a76414afc
2025-08-07 17:48:45,164 - INFO -    ✅ Successfully applied!
2025-08-07 17:48:57,490 - INFO - 🎯 [8/79] Applying to: Urgent Client Requirement: Senior Data Scientist - LINK: https://www.dice.com/job-detail/453dae85-1825-4a71-8538-1cc9d1861aae
2025-08-07 17:49:15,137 - INFO -    ✅ Successfully applied!
2025-08-07 17:49:24,275 - INFO - 🎯 [9/79] Applying to: Senior Data Engineer - LINK: https://www.dice.com/job-detail/55b5e3aa-108f-417d-9387-2159dce40006
2025-08-07 17:49:39,752 - INFO -    ✅ Successfully applied!
2025-08-07 17:49:51,009 - INFO - 🎯 [10/79] Applying to: Marketplace Data Analyst, - LINK: https://www.dice.com/job-detail/a6b2fa28-7f8f-4441-ac60-9d7f4964decb
2025-08-07 17:50:06,218 - INFO -    ✅ Successfully applied!
2025-08-07 17:50:18,739 - INFO - 🎯 [11/79] Applying to: Senior Software Engineering - LINK: https://www.dice.com/job-detail/eddbd506-a714-419f-8582-8a49ffaab885
2025-08-07 17:50:35,950 - INFO -    ✅ Successfully applied!
2025-08-07 17:50:47,852 - INFO - 🎯 [12/79] Applying to: UPS-REQ-0025748 Senior Full Stack Software Engineer - LINK: https://www.dice.com/job-detail/2563fca7-de83-441a-b48b-cf803d79b5b6
2025-08-07 17:51:10,225 - ERROR -    ❌ Cannot click apply button: Message: 
Stacktrace:
#0 0x558629a312ca <unknown>
#1 0x5586294d8550 <unknown>
#2 0x55862952a0f0 <unknown>
#3 0x55862952a2e1 <unknown>
#4 0x5586295785e4 <unknown>
#5 0x55862954fbed <unknown>
#6 0x5586295759e6 <unknown>
#7 0x55862954f993 <unknown>
#8 0x55862951bd6b <unknown>
#9 0x55862951d141 <unknown>
#10 0x5586299f62ab <unknown>
#11 0x5586299fa0b9 <unknown>
#12 0x5586299dd139 <unknown>
#13 0x5586299fac68 <unknown>
#14 0x5586299c160f <unknown>
#15 0x558629a1f1f8 <unknown>
#16 0x558629a1f3d6 <unknown>
#17 0x558629a305e6 <unknown>
#18 0x7ff4df89caa4 <unknown>
#19 0x7ff4df929c3c <unknown>

2025-08-07 17:51:21,095 - INFO - 🎯 [13/79] Applying to: Agentic AI Data Platform Engineer - LINK: https://www.dice.com/job-detail/ff0893cf-32c3-4a7f-a3df-961ede7a0bd5
2025-08-07 17:51:41,299 - ERROR -    ❌ Cannot click apply button: Message: 
Stacktrace:
#0 0x558629a312ca <unknown>
#1 0x5586294d8550 <unknown>
#2 0x55862952a0f0 <unknown>
#3 0x55862952a2e1 <unknown>
#4 0x5586295785e4 <unknown>
#5 0x55862954fbed <unknown>
#6 0x5586295759e6 <unknown>
#7 0x55862954f993 <unknown>
#8 0x55862951bd6b <unknown>
#9 0x55862951d141 <unknown>
#10 0x5586299f62ab <unknown>
#11 0x5586299fa0b9 <unknown>
#12 0x5586299dd139 <unknown>
#13 0x5586299fac68 <unknown>
#14 0x5586299c160f <unknown>
#15 0x558629a1f1f8 <unknown>
#16 0x558629a1f3d6 <unknown>
#17 0x558629a305e6 <unknown>
#18 0x7ff4df89caa4 <unknown>
#19 0x7ff4df929c3c <unknown>

2025-08-07 17:51:54,169 - INFO - 🎯 [14/79] Applying to: Java Engineer with MES - LINK: https://www.dice.com/job-detail/afee7ab8-fb8c-4cfd-a057-48ec511ec162
2025-08-07 17:52:10,696 - INFO -    ✅ Successfully applied!
2025-08-07 17:52:22,055 - INFO - 🎯 [15/79] Applying to: Senior Data Systems Analyst - LINK: https://www.dice.com/job-detail/d2e34aae-fb0f-44ad-aefe-632df9377185
2025-08-07 17:52:38,869 - INFO -    ✅ Successfully applied!
2025-08-07 17:52:50,245 - INFO - 🎯 [16/79] Applying to: Computer Vision- Data Scientist Consultant - LINK: https://www.dice.com/job-detail/3a122438-8da3-4a84-9deb-a39ff33e0310
2025-08-07 17:53:08,222 - INFO -    ✅ Successfully applied!
2025-08-07 17:53:21,496 - INFO - 🎯 [17/79] Applying to: Mechanical Test Engineer / Technician - LINK: https://www.dice.com/job-detail/2c29320a-e7b7-432f-a1ed-3259583004b6
2025-08-07 17:53:38,128 - INFO -    ✅ Successfully applied!
2025-08-07 17:53:51,085 - INFO - 🎯 [18/79] Applying to: Onsite Role! Google Cloud Platform Cloud Architect, Seattle, WA - LINK: https://www.dice.com/job-detail/42d44834-e500-4c1a-acc8-793a4b4183ce
2025-08-07 17:54:11,490 - ERROR -    ❌ Cannot click apply button: Message: 
Stacktrace:
#0 0x558629a312ca <unknown>
#1 0x5586294d8550 <unknown>
#2 0x55862952a0f0 <unknown>
#3 0x55862952a2e1 <unknown>
#4 0x5586295785e4 <unknown>
#5 0x55862954fbed <unknown>
#6 0x5586295759e6 <unknown>
#7 0x55862954f993 <unknown>
#8 0x55862951bd6b <unknown>
#9 0x55862951d141 <unknown>
#10 0x5586299f62ab <unknown>
#11 0x5586299fa0b9 <unknown>
#12 0x5586299dd139 <unknown>
#13 0x5586299fac68 <unknown>
#14 0x5586299c160f <unknown>
#15 0x558629a1f1f8 <unknown>
#16 0x558629a1f3d6 <unknown>
#17 0x558629a305e6 <unknown>
#18 0x7ff4df89caa4 <unknown>
#19 0x7ff4df929c3c <unknown>

2025-08-07 17:54:20,524 - INFO - 🎯 [19/79] Applying to: Senior .NET Developer with Angular and Oracle - LINK: https://www.dice.com/job-detail/a5a283f4-ad4b-4f3b-b006-a97a5a6b549a
2025-08-07 17:54:36,246 - INFO -    ✅ Successfully applied!
2025-08-07 17:54:46,028 - INFO - 🎯 [20/79] Applying to: Machine Learning Engineer - LINK: https://www.dice.com/job-detail/4f47295c-36fa-4568-95a4-de628ee2c702
2025-08-07 17:55:00,749 - INFO -    ✅ Successfully applied!
2025-08-07 17:55:09,462 - INFO - 🎯 [21/79] Applying to: Audio Tools Software Engineer | Audio DSP, C++, JUCE, GUI tools, Audio Hardware - LINK: https://www.dice.com/job-detail/7a5e4cec-b51b-42f5-9e42-f6a58f3baf31
2025-08-07 17:55:24,511 - INFO -    ✅ Successfully applied!
2025-08-07 17:55:35,105 - INFO - 🎯 [22/79] Applying to: Google Cloud Platform Data Engineer (Contract) - LINK: https://www.dice.com/job-detail/c8568eaa-1497-4920-b63c-961eedd7ad18
2025-08-07 17:55:51,688 - INFO -    ✅ Successfully applied!
2025-08-07 17:56:03,228 - INFO - 🎯 [23/79] Applying to: NLP Developer (Healthcare AI) - LINK: https://www.dice.com/job-detail/dd673d06-5032-4eb7-89d1-c8cd81c66f79
2025-08-07 17:56:20,282 - INFO -    ✅ Successfully applied!
2025-08-07 17:56:29,255 - INFO - 🎯 [24/79] Applying to: Cloud Solutions Architect - LINK: https://www.dice.com/job-detail/dac4c090-1f5a-4b1a-b572-160ae40f96c8
2025-08-07 17:56:44,126 - INFO -    ✅ Successfully applied!
2025-08-07 17:56:54,482 - INFO - 🎯 [25/79] Applying to: Senior Python Developer - (Data Pipeline Migration Engineer) - LINK: https://www.dice.com/job-detail/670c83bb-064c-4136-9e04-4fd4785a36b1
2025-08-07 17:57:10,698 - INFO -    ✅ Successfully applied!
2025-08-07 17:57:22,608 - INFO - 🎯 [26/79] Applying to: Software Engineer - LINK: https://www.dice.com/job-detail/ee8f5b04-d0a0-42e6-adac-5da6ed256af9
2025-08-07 17:57:42,533 - ERROR -    ❌ Cannot click apply button: Message: 
Stacktrace:
#0 0x558629a312ca <unknown>
#1 0x5586294d8550 <unknown>
#2 0x55862952a0f0 <unknown>
#3 0x55862952a2e1 <unknown>
#4 0x5586295785e4 <unknown>
#5 0x55862954fbed <unknown>
#6 0x5586295759e6 <unknown>
#7 0x55862954f993 <unknown>
#8 0x55862951bd6b <unknown>
#9 0x55862951d141 <unknown>
#10 0x5586299f62ab <unknown>
#11 0x5586299fa0b9 <unknown>
#12 0x5586299dd139 <unknown>
#13 0x5586299fac68 <unknown>
#14 0x5586299c160f <unknown>
#15 0x558629a1f1f8 <unknown>
#16 0x558629a1f3d6 <unknown>
#17 0x558629a305e6 <unknown>
#18 0x7ff4df89caa4 <unknown>
#19 0x7ff4df929c3c <unknown>

2025-08-07 17:57:51,367 - INFO - 🎯 [27/79] Applying to: Senior Firewall Engineer - LINK: https://www.dice.com/job-detail/dec20ced-1b9b-48fd-ba54-23e7d6d4af1c
2025-08-07 17:58:09,500 - ERROR -    ❌ Cannot click apply button: Message: 
Stacktrace:
#0 0x558629a312ca <unknown>
#1 0x5586294d8550 <unknown>
#2 0x55862952a0f0 <unknown>
#3 0x55862952a2e1 <unknown>
#4 0x5586295785e4 <unknown>
#5 0x55862954fbed <unknown>
#6 0x5586295759e6 <unknown>
#7 0x55862954f993 <unknown>
#8 0x55862951bd6b <unknown>
#9 0x55862951d141 <unknown>
#10 0x5586299f62ab <unknown>
#11 0x5586299fa0b9 <unknown>
#12 0x5586299dd139 <unknown>
#13 0x5586299fac68 <unknown>
#14 0x5586299c160f <unknown>
#15 0x558629a1f1f8 <unknown>
#16 0x558629a1f3d6 <unknown>
#17 0x558629a305e6 <unknown>
#18 0x7ff4df89caa4 <unknown>
#19 0x7ff4df929c3c <unknown>

2025-08-07 17:58:20,942 - INFO - 🎯 [28/79] Applying to: SAP ABAP Technical Consultant with exp in SAP S/4HANA and BTP (Need Local to Texas) - LINK: https://www.dice.com/job-detail/3bb0fd10-89e8-4f23-b36e-17f8434cf45b
2025-08-07 17:58:37,000 - INFO -    ✅ Successfully applied!
2025-08-07 17:58:45,312 - INFO - 🎯 [29/79] Applying to: Director Privileged Access Management Engineering - LINK: https://www.dice.com/job-detail/c7cbc989-e006-4bf7-935f-fe390ed6d72a
2025-08-07 17:59:01,572 - INFO -    ✅ Successfully applied!
2025-08-07 17:59:14,583 - INFO - 🎯 [30/79] Applying to: Sr. Data Scientist - LINK: https://www.dice.com/job-detail/3ffbca02-6579-4a68-bb82-9da6bb3f0688
2025-08-07 17:59:30,269 - INFO -    ✅ Successfully applied!
2025-08-07 17:59:40,252 - INFO - 🎯 [31/79] Applying to: Senior Data Scientist - LINK: https://www.dice.com/job-detail/9f105aec-bcde-4ffd-8ad0-875deee06ff3
2025-08-07 17:59:58,761 - ERROR -    ❌ Cannot click apply button: Message: 
Stacktrace:
#0 0x558629a312ca <unknown>
#1 0x5586294d8550 <unknown>
#2 0x55862952a0f0 <unknown>
#3 0x55862952a2e1 <unknown>
#4 0x5586295785e4 <unknown>
#5 0x55862954fbed <unknown>
#6 0x5586295759e6 <unknown>
#7 0x55862954f993 <unknown>
#8 0x55862951bd6b <unknown>
#9 0x55862951d141 <unknown>
#10 0x5586299f62ab <unknown>
#11 0x5586299fa0b9 <unknown>
#12 0x5586299dd139 <unknown>
#13 0x5586299fac68 <unknown>
#14 0x5586299c160f <unknown>
#15 0x558629a1f1f8 <unknown>
#16 0x558629a1f3d6 <unknown>
#17 0x558629a305e6 <unknown>
#18 0x7ff4df89caa4 <unknown>
#19 0x7ff4df929c3c <unknown>

2025-08-07 18:00:12,473 - INFO - 🎯 [32/79] Applying to: Data & Cloud Engineer Historian, Aveva and Industrial Systems - LINK: https://www.dice.com/job-detail/e45d687e-101d-448f-aceb-bc8148fe7e54
2025-08-07 18:00:33,223 - ERROR -    ❌ Cannot click apply button: Message: 
Stacktrace:
#0 0x558629a312ca <unknown>
#1 0x5586294d8550 <unknown>
#2 0x55862952a0f0 <unknown>
#3 0x55862952a2e1 <unknown>
#4 0x5586295785e4 <unknown>
#5 0x55862954fbed <unknown>
#6 0x5586295759e6 <unknown>
#7 0x55862954f993 <unknown>
#8 0x55862951bd6b <unknown>
#9 0x55862951d141 <unknown>
#10 0x5586299f62ab <unknown>
#11 0x5586299fa0b9 <unknown>
#12 0x5586299dd139 <unknown>
#13 0x5586299fac68 <unknown>
#14 0x5586299c160f <unknown>
#15 0x558629a1f1f8 <unknown>
#16 0x558629a1f3d6 <unknown>
#17 0x558629a305e6 <unknown>
#18 0x7ff4df89caa4 <unknown>
#19 0x7ff4df929c3c <unknown>

2025-08-07 18:00:43,587 - INFO - 🎯 [33/79] Applying to: Sr. Business Analyst - LINK: https://www.dice.com/job-detail/ace4eb5c-a11b-43af-aff4-1c015629c83b
2025-08-07 18:01:02,641 - ERROR -    ❌ Cannot click apply button: Message: 
Stacktrace:
#0 0x558629a312ca <unknown>
#1 0x5586294d8550 <unknown>
#2 0x55862952a0f0 <unknown>
#3 0x55862952a2e1 <unknown>
#4 0x5586295785e4 <unknown>
#5 0x55862954fbed <unknown>
#6 0x5586295759e6 <unknown>
#7 0x55862954f993 <unknown>
#8 0x55862951bd6b <unknown>
#9 0x55862951d141 <unknown>
#10 0x5586299f62ab <unknown>
#11 0x5586299fa0b9 <unknown>
#12 0x5586299dd139 <unknown>
#13 0x5586299fac68 <unknown>
#14 0x5586299c160f <unknown>
#15 0x558629a1f1f8 <unknown>
#16 0x558629a1f3d6 <unknown>
#17 0x558629a305e6 <unknown>
#18 0x7ff4df89caa4 <unknown>
#19 0x7ff4df929c3c <unknown>

2025-08-07 18:01:10,807 - INFO - 🎯 [34/79] Applying to: Embedded Software Engineer (Yocto/Linux) - LINK: https://www.dice.com/job-detail/e4105591-d29e-492a-83cf-8330a9e2a98a
2025-08-07 18:01:24,823 - INFO -    ✅ Successfully applied!
2025-08-07 18:01:36,496 - INFO - 🎯 [35/79] Applying to: Data Scientist - LINK: https://www.dice.com/job-detail/128eeca5-0eee-49c9-8d28-f4191a9a8ac5
2025-08-07 18:01:56,817 - ERROR -    ❌ Cannot click apply button: Message: 
Stacktrace:
#0 0x558629a312ca <unknown>
#1 0x5586294d8550 <unknown>
#2 0x55862952a0f0 <unknown>
#3 0x55862952a2e1 <unknown>
#4 0x5586295785e4 <unknown>
#5 0x55862954fbed <unknown>
#6 0x5586295759e6 <unknown>
#7 0x55862954f993 <unknown>
#8 0x55862951bd6b <unknown>
#9 0x55862951d141 <unknown>
#10 0x5586299f62ab <unknown>
#11 0x5586299fa0b9 <unknown>
#12 0x5586299dd139 <unknown>
#13 0x5586299fac68 <unknown>
#14 0x5586299c160f <unknown>
#15 0x558629a1f1f8 <unknown>
#16 0x558629a1f3d6 <unknown>
#17 0x558629a305e6 <unknown>
#18 0x7ff4df89caa4 <unknown>
#19 0x7ff4df929c3c <unknown>

2025-08-07 18:02:06,609 - INFO - 🎯 [36/79] Applying to: Senior QA Automation Engineer - LINK: https://www.dice.com/job-detail/b2644832-3686-4f10-a09c-4a6ccb51d403
2025-08-07 18:02:26,263 - ERROR -    ❌ Cannot click apply button: Message: 
Stacktrace:
#0 0x558629a312ca <unknown>
#1 0x5586294d8550 <unknown>
#2 0x55862952a0f0 <unknown>
#3 0x55862952a2e1 <unknown>
#4 0x5586295785e4 <unknown>
#5 0x55862954fbed <unknown>
#6 0x5586295759e6 <unknown>
#7 0x55862954f993 <unknown>
#8 0x55862951bd6b <unknown>
#9 0x55862951d141 <unknown>
#10 0x5586299f62ab <unknown>
#11 0x5586299fa0b9 <unknown>
#12 0x5586299dd139 <unknown>
#13 0x5586299fac68 <unknown>
#14 0x5586299c160f <unknown>
#15 0x558629a1f1f8 <unknown>
#16 0x558629a1f3d6 <unknown>
#17 0x558629a305e6 <unknown>
#18 0x7ff4df89caa4 <unknown>
#19 0x7ff4df929c3c <unknown>

2025-08-07 18:02:37,119 - INFO - 🎯 [37/79] Applying to: Business Analyst (453138) - LINK: https://www.dice.com/job-detail/d4deda90-8a16-492f-9f8b-f2b5e046e226
2025-08-07 18:02:54,349 - INFO -    ✅ Successfully applied!
2025-08-07 18:03:04,432 - INFO - 🎯 [38/79] Applying to: Senior Data Engineer(Azure & Microsoft Fabric Specialist) - Atlanta , GA (Hybrid) - LINK: https://www.dice.com/job-detail/aa307869-e1d5-412f-bc3c-5c6a67ceeaf5
2025-08-07 18:03:24,330 - ERROR -    ❌ Cannot click apply button: Message: 
Stacktrace:
#0 0x558629a312ca <unknown>
#1 0x5586294d8550 <unknown>
#2 0x55862952a0f0 <unknown>
#3 0x55862952a2e1 <unknown>
#4 0x5586295785e4 <unknown>
#5 0x55862954fbed <unknown>
#6 0x5586295759e6 <unknown>
#7 0x55862954f993 <unknown>
#8 0x55862951bd6b <unknown>
#9 0x55862951d141 <unknown>
#10 0x5586299f62ab <unknown>
#11 0x5586299fa0b9 <unknown>
#12 0x5586299dd139 <unknown>
#13 0x5586299fac68 <unknown>
#14 0x5586299c160f <unknown>
#15 0x558629a1f1f8 <unknown>
#16 0x558629a1f3d6 <unknown>
#17 0x558629a305e6 <unknown>
#18 0x7ff4df89caa4 <unknown>
#19 0x7ff4df929c3c <unknown>

2025-08-07 18:03:34,782 - INFO - 🎯 [39/79] Applying to: Data Analyst - LINK: https://www.dice.com/job-detail/a670d7e9-c2d2-4630-bd99-76065cef1c4c
2025-08-07 18:03:50,723 - INFO -    ✅ Successfully applied!
2025-08-07 18:03:59,840 - INFO - 🎯 [40/79] Applying to: Mainframe IMS DB Developer - LINK: https://www.dice.com/job-detail/6cb03343-daf8-44c0-9409-96a63e5fa5bd
2025-08-07 18:04:19,779 - ERROR -    ❌ Cannot click apply button: Message: 
Stacktrace:
#0 0x558629a312ca <unknown>
#1 0x5586294d8550 <unknown>
#2 0x55862952a0f0 <unknown>
#3 0x55862952a2e1 <unknown>
#4 0x5586295785e4 <unknown>
#5 0x55862954fbed <unknown>
#6 0x5586295759e6 <unknown>
#7 0x55862954f993 <unknown>
#8 0x55862951bd6b <unknown>
#9 0x55862951d141 <unknown>
#10 0x5586299f62ab <unknown>
#11 0x5586299fa0b9 <unknown>
#12 0x5586299dd139 <unknown>
#13 0x5586299fac68 <unknown>
#14 0x5586299c160f <unknown>
#15 0x558629a1f1f8 <unknown>
#16 0x558629a1f3d6 <unknown>
#17 0x558629a305e6 <unknown>
#18 0x7ff4df89caa4 <unknown>
#19 0x7ff4df929c3c <unknown>

2025-08-07 18:04:27,624 - INFO - 🎯 [41/79] Applying to: Senior Integration Engineer - LINK: https://www.dice.com/job-detail/0788a793-e164-4c60-b351-d14ddc8d0169
2025-08-07 18:04:47,797 - ERROR -    ❌ Cannot click apply button: Message: 
Stacktrace:
#0 0x558629a312ca <unknown>
#1 0x5586294d8550 <unknown>
#2 0x55862952a0f0 <unknown>
#3 0x55862952a2e1 <unknown>
#4 0x5586295785e4 <unknown>
#5 0x55862954fbed <unknown>
#6 0x5586295759e6 <unknown>
#7 0x55862954f993 <unknown>
#8 0x55862951bd6b <unknown>
#9 0x55862951d141 <unknown>
#10 0x5586299f62ab <unknown>
#11 0x5586299fa0b9 <unknown>
#12 0x5586299dd139 <unknown>
#13 0x5586299fac68 <unknown>
#14 0x5586299c160f <unknown>
#15 0x558629a1f1f8 <unknown>
#16 0x558629a1f3d6 <unknown>
#17 0x558629a305e6 <unknown>
#18 0x7ff4df89caa4 <unknown>
#19 0x7ff4df929c3c <unknown>

2025-08-07 18:04:59,820 - INFO - 🎯 [42/79] Applying to: Senior Software Engineer React, NodeJS, Java - LINK: https://www.dice.com/job-detail/b79a17bf-796b-4581-93da-d2e9f53db2b2
2025-08-07 18:05:19,265 - ERROR -    ❌ Cannot click apply button: Message: 
Stacktrace:
#0 0x558629a312ca <unknown>
#1 0x5586294d8550 <unknown>
#2 0x55862952a0f0 <unknown>
#3 0x55862952a2e1 <unknown>
#4 0x5586295785e4 <unknown>
#5 0x55862954fbed <unknown>
#6 0x5586295759e6 <unknown>
#7 0x55862954f993 <unknown>
#8 0x55862951bd6b <unknown>
#9 0x55862951d141 <unknown>
#10 0x5586299f62ab <unknown>
#11 0x5586299fa0b9 <unknown>
#12 0x5586299dd139 <unknown>
#13 0x5586299fac68 <unknown>
#14 0x5586299c160f <unknown>
#15 0x558629a1f1f8 <unknown>
#16 0x558629a1f3d6 <unknown>
#17 0x558629a305e6 <unknown>
#18 0x7ff4df89caa4 <unknown>
#19 0x7ff4df929c3c <unknown>

2025-08-07 18:05:28,004 - INFO - 🎯 [43/79] Applying to: Python and Azure - LINK: https://www.dice.com/job-detail/21ce32f2-96ea-48b2-95a1-cef653e2a59f
2025-08-07 18:05:45,778 - ERROR -    ❌ Cannot click apply button: Message: 
Stacktrace:
#0 0x558629a312ca <unknown>
#1 0x5586294d8550 <unknown>
#2 0x55862952a0f0 <unknown>
#3 0x55862952a2e1 <unknown>
#4 0x5586295785e4 <unknown>
#5 0x55862954fbed <unknown>
#6 0x5586295759e6 <unknown>
#7 0x55862954f993 <unknown>
#8 0x55862951bd6b <unknown>
#9 0x55862951d141 <unknown>
#10 0x5586299f62ab <unknown>
#11 0x5586299fa0b9 <unknown>
#12 0x5586299dd139 <unknown>
#13 0x5586299fac68 <unknown>
#14 0x5586299c160f <unknown>
#15 0x558629a1f1f8 <unknown>
#16 0x558629a1f3d6 <unknown>
#17 0x558629a305e6 <unknown>
#18 0x7ff4df89caa4 <unknown>
#19 0x7ff4df929c3c <unknown>

2025-08-07 18:05:53,773 - INFO - 🎯 [44/79] Applying to: Sr Software Engineer - LINK: https://www.dice.com/job-detail/e2b39cbb-0c58-4dad-879e-2008a24c9a97
2025-08-07 18:06:08,489 - INFO -    ✅ Successfully applied!
2025-08-07 18:06:18,368 - INFO - 🎯 [45/79] Applying to: Data Engineer Databricks - LINK: https://www.dice.com/job-detail/afea6746-9283-47ee-86d8-24742b4dff7b
2025-08-07 18:06:33,276 - INFO -    ✅ Successfully applied!
2025-08-07 18:06:44,350 - INFO - 🎯 [46/79] Applying to: Lead Java AWS Developer - LINK: https://www.dice.com/job-detail/d5bae005-9426-4b3c-9998-8ebdb4e0af9c
2025-08-07 18:07:01,000 - INFO -    ✅ Successfully applied!
2025-08-07 18:07:13,342 - INFO - 🎯 [47/79] Applying to: Business Intelligence Director - LINK: https://www.dice.com/job-detail/faa122b2-6755-46df-a2aa-b61ed398b4ee
2025-08-07 18:07:28,044 - INFO -    ✅ Successfully applied!
2025-08-07 18:07:36,691 - INFO - 🎯 [48/79] Applying to: DATA ANALST - REMOTE (W2) - CST AND EST CANDIDATES - LINK: https://www.dice.com/job-detail/77c70802-ff9a-49e0-96ad-17aa26c53d8b
2025-08-07 18:07:52,677 - INFO -    ✅ Successfully applied!
2025-08-07 18:08:03,440 - INFO - 🎯 [49/79] Applying to: Only Locals Data Engineering - LINK: https://www.dice.com/job-detail/e30097c1-49c9-46b4-ab9e-95449361edd5
2025-08-07 18:08:21,000 - INFO -    ✅ Successfully applied!
2025-08-07 18:08:31,988 - INFO - 🎯 [50/79] Applying to: Business Analyst - LINK: https://www.dice.com/job-detail/248ae4ee-ade1-474d-bdfc-b40b413e7af1
2025-08-07 18:08:48,376 - INFO -    ✅ Successfully applied!
2025-08-07 18:09:00,088 - INFO - 🎯 [51/79] Applying to: MicroStrategy Developer with SAP/HANA - LINK: https://www.dice.com/job-detail/37713be4-8bc8-497b-875d-a7f479ec6fc4
2025-08-07 18:09:19,726 - ERROR -    ❌ Cannot click apply button: Message: 
Stacktrace:
#0 0x558629a312ca <unknown>
#1 0x5586294d8550 <unknown>
#2 0x55862952a0f0 <unknown>
#3 0x55862952a2e1 <unknown>
#4 0x5586295785e4 <unknown>
#5 0x55862954fbed <unknown>
#6 0x5586295759e6 <unknown>
#7 0x55862954f993 <unknown>
#8 0x55862951bd6b <unknown>
#9 0x55862951d141 <unknown>
#10 0x5586299f62ab <unknown>
#11 0x5586299fa0b9 <unknown>
#12 0x5586299dd139 <unknown>
#13 0x5586299fac68 <unknown>
#14 0x5586299c160f <unknown>
#15 0x558629a1f1f8 <unknown>
#16 0x558629a1f3d6 <unknown>
#17 0x558629a305e6 <unknown>
#18 0x7ff4df89caa4 <unknown>
#19 0x7ff4df929c3c <unknown>

2025-08-07 18:09:28,520 - INFO - 🎯 [52/79] Applying to: Front End Software Engineer - LINK: https://www.dice.com/job-detail/60227570-1492-45d1-92cb-0eff3cdf4a22
2025-08-07 18:09:45,048 - INFO -    ✅ Successfully applied!
2025-08-07 18:09:55,373 - INFO - 🎯 [53/79] Applying to: Embedded Software Engineer- Space/Satellite - LINK: https://www.dice.com/job-detail/0bd9537c-1b92-4d19-ad74-6f326f3a9131
2025-08-07 18:10:11,419 - INFO -    ✅ Successfully applied!
2025-08-07 18:10:22,029 - INFO - 🎯 [54/79] Applying to: Lead Google Cloud Platform Data Engineer - LINK: https://www.dice.com/job-detail/281dbeec-65fb-4b51-ba15-4ab7f7e19070
2025-08-07 18:10:41,162 - ERROR -    ❌ Cannot click apply button: Message: 
Stacktrace:
#0 0x558629a312ca <unknown>
#1 0x5586294d8550 <unknown>
#2 0x55862952a0f0 <unknown>
#3 0x55862952a2e1 <unknown>
#4 0x5586295785e4 <unknown>
#5 0x55862954fbed <unknown>
#6 0x5586295759e6 <unknown>
#7 0x55862954f993 <unknown>
#8 0x55862951bd6b <unknown>
#9 0x55862951d141 <unknown>
#10 0x5586299f62ab <unknown>
#11 0x5586299fa0b9 <unknown>
#12 0x5586299dd139 <unknown>
#13 0x5586299fac68 <unknown>
#14 0x5586299c160f <unknown>
#15 0x558629a1f1f8 <unknown>
#16 0x558629a1f3d6 <unknown>
#17 0x558629a305e6 <unknown>
#18 0x7ff4df89caa4 <unknown>
#19 0x7ff4df929c3c <unknown>

2025-08-07 18:10:53,167 - INFO - 🎯 [55/79] Applying to: AI/ML Engineer - Need Locals - LINK: https://www.dice.com/job-detail/eab1884f-57f7-4a9a-8e83-b6f65f66379c
2025-08-07 18:11:09,046 - INFO -    ✅ Successfully applied!
2025-08-07 18:11:19,425 - INFO - 🎯 [56/79] Applying to: State of Georgia Sr. Full-Stack .NET Developer/Technical Lead - Mode Hybrid - LINK: https://www.dice.com/job-detail/4f09d333-b075-4d3c-8b93-43a10a6e9261
2025-08-07 18:11:35,620 - INFO -    ✅ Successfully applied!
2025-08-07 18:11:44,454 - INFO - 🎯 [57/79] Applying to: Full Stack Python / AI/ML Developer / 13+ Years EXP - LINK: https://www.dice.com/job-detail/38de5f73-e806-4ada-a679-a29e7a98456d
2025-08-07 18:12:04,507 - ERROR -    ❌ Cannot click apply button: Message: 
Stacktrace:
#0 0x558629a312ca <unknown>
#1 0x5586294d8550 <unknown>
#2 0x55862952a0f0 <unknown>
#3 0x55862952a2e1 <unknown>
#4 0x5586295785e4 <unknown>
#5 0x55862954fbed <unknown>
#6 0x5586295759e6 <unknown>
#7 0x55862954f993 <unknown>
#8 0x55862951bd6b <unknown>
#9 0x55862951d141 <unknown>
#10 0x5586299f62ab <unknown>
#11 0x5586299fa0b9 <unknown>
#12 0x5586299dd139 <unknown>
#13 0x5586299fac68 <unknown>
#14 0x5586299c160f <unknown>
#15 0x558629a1f1f8 <unknown>
#16 0x558629a1f3d6 <unknown>
#17 0x558629a305e6 <unknown>
#18 0x7ff4df89caa4 <unknown>
#19 0x7ff4df929c3c <unknown>

2025-08-07 18:12:18,230 - INFO - 🎯 [58/79] Applying to: Lead Full Stack Developer - LINK: https://www.dice.com/job-detail/58fd9432-6b3c-403c-871d-d18573086b6a
2025-08-07 18:12:31,750 - INFO -    ✅ Successfully applied!
2025-08-07 18:12:43,870 - INFO - 🎯 [59/79] Applying to: Business Analyst - LINK: https://www.dice.com/job-detail/d67c6bdd-edb4-4981-9425-b06f12723e70
2025-08-07 18:13:02,989 - ERROR -    ❌ Cannot click apply button: Message: 
Stacktrace:
#0 0x558629a312ca <unknown>
#1 0x5586294d8550 <unknown>
#2 0x55862952a0f0 <unknown>
#3 0x55862952a2e1 <unknown>
#4 0x5586295785e4 <unknown>
#5 0x55862954fbed <unknown>
#6 0x5586295759e6 <unknown>
#7 0x55862954f993 <unknown>
#8 0x55862951bd6b <unknown>
#9 0x55862951d141 <unknown>
#10 0x5586299f62ab <unknown>
#11 0x5586299fa0b9 <unknown>
#12 0x5586299dd139 <unknown>
#13 0x5586299fac68 <unknown>
#14 0x5586299c160f <unknown>
#15 0x558629a1f1f8 <unknown>
#16 0x558629a1f3d6 <unknown>
#17 0x558629a305e6 <unknown>
#18 0x7ff4df89caa4 <unknown>
#19 0x7ff4df929c3c <unknown>

2025-08-07 18:13:12,208 - INFO - 🎯 [60/79] Applying to: Mainframe Software Engineer III- Remote - LINK: https://www.dice.com/job-detail/fff0361f-11b1-4a3e-b1a1-1447d9a44f09
2025-08-07 18:13:27,508 - INFO -    ✅ Successfully applied!
2025-08-07 18:13:38,264 - INFO - 🎯 [61/79] Applying to: Data Scientist -SAS ML-Extensive SAS experience required-Hybrid - LINK: https://www.dice.com/job-detail/2c234993-7f70-48b9-baac-2c9231024051
2025-08-07 18:13:53,219 - INFO -    ✅ Successfully applied!
2025-08-07 18:14:03,222 - INFO - 🎯 [62/79] Applying to: IT Operations Manager - LINK: https://www.dice.com/job-detail/36269d67-5e47-4f61-834d-5a503b2f1631
2025-08-07 18:14:19,552 - INFO -    ✅ Successfully applied!
2025-08-07 18:14:30,912 - INFO - 🎯 [63/79] Applying to: IOS Developer - LINK: https://www.dice.com/job-detail/36a07315-2912-4138-9eed-e041362504d6
2025-08-07 18:14:50,444 - ERROR -    ❌ Cannot click apply button: Message: 
Stacktrace:
#0 0x558629a312ca <unknown>
#1 0x5586294d8550 <unknown>
#2 0x55862952a0f0 <unknown>
#3 0x55862952a2e1 <unknown>
#4 0x5586295785e4 <unknown>
#5 0x55862954fbed <unknown>
#6 0x5586295759e6 <unknown>
#7 0x55862954f993 <unknown>
#8 0x55862951bd6b <unknown>
#9 0x55862951d141 <unknown>
#10 0x5586299f62ab <unknown>
#11 0x5586299fa0b9 <unknown>
#12 0x5586299dd139 <unknown>
#13 0x5586299fac68 <unknown>
#14 0x5586299c160f <unknown>
#15 0x558629a1f1f8 <unknown>
#16 0x558629a1f3d6 <unknown>
#17 0x558629a305e6 <unknown>
#18 0x7ff4df89caa4 <unknown>
#19 0x7ff4df929c3c <unknown>

2025-08-07 18:15:01,085 - INFO - 🎯 [64/79] Applying to: Generative AI Product Owner - LINK: https://www.dice.com/job-detail/3fe37b47-865c-44ce-9451-254f607c55cc
2025-08-07 18:15:15,976 - INFO -    ✅ Successfully applied!
2025-08-07 18:15:25,937 - INFO - 🎯 [65/79] Applying to: Software Engineer (Delphi) - LINK: https://www.dice.com/job-detail/b2e3adf3-d65a-410e-88d5-fa0e4cf703b8
2025-08-07 18:15:43,242 - INFO -    ✅ Successfully applied!
2025-08-07 18:15:54,533 - INFO - 🎯 [66/79] Applying to: Lead Data Scientist :: Charlotte, NC (Only On-Site) - LINK: https://www.dice.com/job-detail/c601879d-c078-4b9b-92ca-db2571991e8a
2025-08-07 18:16:14,185 - ERROR -    ❌ Cannot click apply button: Message: 
Stacktrace:
#0 0x558629a312ca <unknown>
#1 0x5586294d8550 <unknown>
#2 0x55862952a0f0 <unknown>
#3 0x55862952a2e1 <unknown>
#4 0x5586295785e4 <unknown>
#5 0x55862954fbed <unknown>
#6 0x5586295759e6 <unknown>
#7 0x55862954f993 <unknown>
#8 0x55862951bd6b <unknown>
#9 0x55862951d141 <unknown>
#10 0x5586299f62ab <unknown>
#11 0x5586299fa0b9 <unknown>
#12 0x5586299dd139 <unknown>
#13 0x5586299fac68 <unknown>
#14 0x5586299c160f <unknown>
#15 0x558629a1f1f8 <unknown>
#16 0x558629a1f3d6 <unknown>
#17 0x558629a305e6 <unknown>
#18 0x7ff4df89caa4 <unknown>
#19 0x7ff4df929c3c <unknown>

2025-08-07 18:16:21,812 - INFO - 🎯 [67/79] Applying to: Data Engineer - 100% Remote - LINK: https://www.dice.com/job-detail/37d9a4b9-c4e7-4071-aabd-a194145ce390
2025-08-07 18:16:37,676 - INFO -    ✅ Successfully applied!
2025-08-07 18:16:49,764 - INFO - 🎯 [68/79] Applying to: Gen AI Product Owner - LINK: https://www.dice.com/job-detail/d6f1aa84-a291-4cfb-b6c2-5ea9ba9d78ad
2025-08-07 18:17:08,824 - ERROR -    ❌ Cannot click apply button: Message: 
Stacktrace:
#0 0x558629a312ca <unknown>
#1 0x5586294d8550 <unknown>
#2 0x55862952a0f0 <unknown>
#3 0x55862952a2e1 <unknown>
#4 0x5586295785e4 <unknown>
#5 0x55862954fbed <unknown>
#6 0x5586295759e6 <unknown>
#7 0x55862954f993 <unknown>
#8 0x55862951bd6b <unknown>
#9 0x55862951d141 <unknown>
#10 0x5586299f62ab <unknown>
#11 0x5586299fa0b9 <unknown>
#12 0x5586299dd139 <unknown>
#13 0x5586299fac68 <unknown>
#14 0x5586299c160f <unknown>
#15 0x558629a1f1f8 <unknown>
#16 0x558629a1f3d6 <unknown>
#17 0x558629a305e6 <unknown>
#18 0x7ff4df89caa4 <unknown>
#19 0x7ff4df929c3c <unknown>

2025-08-07 18:17:18,951 - INFO - 🎯 [69/79] Applying to: Systems/Data Analyst - LINK: https://www.dice.com/job-detail/7aeabbc7-8597-4b6b-b88c-9d258f6c72e9
2025-08-07 18:17:35,205 - INFO -    ✅ Successfully applied!
2025-08-07 18:17:45,801 - INFO - 🎯 [70/79] Applying to: Senior Business Analyst - LINK: https://www.dice.com/job-detail/7ea29e81-2ba3-42e6-b7fc-3734aed537e2
2025-08-07 18:18:04,900 - ERROR -    ❌ Cannot click apply button: Message: 
Stacktrace:
#0 0x558629a312ca <unknown>
#1 0x5586294d8550 <unknown>
#2 0x55862952a0f0 <unknown>
#3 0x55862952a2e1 <unknown>
#4 0x5586295785e4 <unknown>
#5 0x55862954fbed <unknown>
#6 0x5586295759e6 <unknown>
#7 0x55862954f993 <unknown>
#8 0x55862951bd6b <unknown>
#9 0x55862951d141 <unknown>
#10 0x5586299f62ab <unknown>
#11 0x5586299fa0b9 <unknown>
#12 0x5586299dd139 <unknown>
#13 0x5586299fac68 <unknown>
#14 0x5586299c160f <unknown>
#15 0x558629a1f1f8 <unknown>
#16 0x558629a1f3d6 <unknown>
#17 0x558629a305e6 <unknown>
#18 0x7ff4df89caa4 <unknown>
#19 0x7ff4df929c3c <unknown>

2025-08-07 18:18:17,088 - INFO - 🎯 [71/79] Applying to: Quantitative Researcher with Options Trading Experience - Work From Home - G - LINK: https://www.dice.com/job-detail/d8a04467-b450-49b7-adb4-2bb36c4d7bd7
2025-08-07 18:18:33,464 - INFO -    ✅ Successfully applied!
2025-08-07 18:18:44,993 - INFO - 🎯 [72/79] Applying to: Business Analyst - LINK: https://www.dice.com/job-detail/7254685c-1ba6-4343-b902-d06f5cc9e125
2025-08-07 18:19:05,048 - ERROR -    ❌ Cannot click apply button: Message: 
Stacktrace:
#0 0x558629a312ca <unknown>
#1 0x5586294d8550 <unknown>
#2 0x55862952a0f0 <unknown>
#3 0x55862952a2e1 <unknown>
#4 0x5586295785e4 <unknown>
#5 0x55862954fbed <unknown>
#6 0x5586295759e6 <unknown>
#7 0x55862954f993 <unknown>
#8 0x55862951bd6b <unknown>
#9 0x55862951d141 <unknown>
#10 0x5586299f62ab <unknown>
#11 0x5586299fa0b9 <unknown>
#12 0x5586299dd139 <unknown>
#13 0x5586299fac68 <unknown>
#14 0x5586299c160f <unknown>
#15 0x558629a1f1f8 <unknown>
#16 0x558629a1f3d6 <unknown>
#17 0x558629a305e6 <unknown>
#18 0x7ff4df89caa4 <unknown>
#19 0x7ff4df929c3c <unknown>

2025-08-07 18:19:11,952 - INFO - 🎯 [73/79] Applying to: Data Engineer-Pyspark - LINK: https://www.dice.com/job-detail/81740813-7d2c-449a-b4b7-96fcd52cfce9
2025-08-07 18:19:28,892 - INFO -    ✅ Successfully applied!
2025-08-07 18:19:36,429 - INFO - 🎯 [74/79] Applying to: Sr Google Cloud Platform Data Engineer with Java exp - LINK: https://www.dice.com/job-detail/3b27caa9-dae8-4d0e-bc81-e78cb22e0451
2025-08-07 18:19:51,745 - INFO -    ✅ Successfully applied!
2025-08-07 18:20:03,599 - INFO - 🎯 [75/79] Applying to: Software Engineer 3 - LINK: https://www.dice.com/job-detail/e34acb40-b56d-4de2-82d1-f408c4436855
2025-08-07 18:20:17,972 - INFO -    ✅ Successfully applied!
2025-08-07 18:20:28,861 - INFO - 🎯 [76/79] Applying to: AIML Architect || Contract || Dallas TX / Tempa FL - LINK: https://www.dice.com/job-detail/c8e450c8-4bf5-4cbd-a0f6-cd6dda2af125
2025-08-07 18:20:49,440 - ERROR -    ❌ Cannot click apply button: Message: 
Stacktrace:
#0 0x558629a312ca <unknown>
#1 0x5586294d8550 <unknown>
#2 0x55862952a0f0 <unknown>
#3 0x55862952a2e1 <unknown>
#4 0x5586295785e4 <unknown>
#5 0x55862954fbed <unknown>
#6 0x5586295759e6 <unknown>
#7 0x55862954f993 <unknown>
#8 0x55862951bd6b <unknown>
#9 0x55862951d141 <unknown>
#10 0x5586299f62ab <unknown>
#11 0x5586299fa0b9 <unknown>
#12 0x5586299dd139 <unknown>
#13 0x5586299fac68 <unknown>
#14 0x5586299c160f <unknown>
#15 0x558629a1f1f8 <unknown>
#16 0x558629a1f3d6 <unknown>
#17 0x558629a305e6 <unknown>
#18 0x7ff4df89caa4 <unknown>
#19 0x7ff4df929c3c <unknown>

2025-08-07 18:20:58,567 - INFO - 🎯 [77/79] Applying to: Oracle Cloud HCM Payroll Consultant - LINK: https://www.dice.com/job-detail/290bd08b-4239-4bad-9331-7f31f35b2ecb
2025-08-07 18:21:12,198 - INFO -    ✅ Successfully applied!
2025-08-07 18:21:21,089 - INFO - 🎯 [78/79] Applying to: JAVA Technical Architect - Backend | Plano, TX - LINK: https://www.dice.com/job-detail/5c8668bf-c14a-478a-a116-7d3210beb103
2025-08-07 18:21:36,007 - INFO -    ✅ Successfully applied!
2025-08-07 18:21:42,653 - INFO - 🎯 [79/79] Applying to: Data Scientist - LINK: https://www.dice.com/job-detail/9c158597-2850-4d14-b6e7-fa6e6e37929d
2025-08-07 18:22:00,796 - ERROR -    ❌ Cannot click apply button: Message: 
Stacktrace:
#0 0x558629a312ca <unknown>
#1 0x5586294d8550 <unknown>
#2 0x55862952a0f0 <unknown>
#3 0x55862952a2e1 <unknown>
#4 0x5586295785e4 <unknown>
#5 0x55862954fbed <unknown>
#6 0x5586295759e6 <unknown>
#7 0x55862954f993 <unknown>
#8 0x55862951bd6b <unknown>
#9 0x55862951d141 <unknown>
#10 0x5586299f62ab <unknown>
#11 0x5586299fa0b9 <unknown>
#12 0x5586299dd139 <unknown>
#13 0x5586299fac68 <unknown>
#14 0x5586299c160f <unknown>
#15 0x558629a1f1f8 <unknown>
#16 0x558629a1f3d6 <unknown>
#17 0x558629a305e6 <unknown>
#18 0x7ff4df89caa4 <unknown>
#19 0x7ff4df929c3c <unknown>

2025-08-07 18:22:04,285 - INFO - 📊 Processing results...
2025-08-07 18:22:04,345 - INFO - 🎉 Application run completed!
2025-08-07 18:22:04,345 - INFO -    ✅ Newly applied: 51
2025-08-07 18:22:04,346 - INFO -    ⏭️  Already applied: 0
2025-08-07 18:22:04,346 - INFO -    ❌ Failed: 28
2025-08-07 18:22:04,346 - INFO -    📊 Total processed: 79
2025-08-07 18:22:04,346 - INFO -    📁 Total jobs in CSV: 4677
2025-08-07 18:22:04,346 - INFO -    💾 Updated: output/final_ml_jobs.csv
2025-08-07 18:22:04,346 - INFO - 🔧 Closing browser...
