2025-07-16 13:58:13,264 - INFO - 🚀 Starting stealth job application bot
2025-07-16 13:58:13,931 - INFO - 📂 Loading jobs from output/final_ml_jobs.csv
2025-07-16 13:58:13,939 - INFO -    📊 Total jobs in file: 534
2025-07-16 13:58:13,941 - INFO -    🎯 Easy Apply jobs: 534
2025-07-16 13:58:13,942 - INFO -    ⏳ Jobs to process: 7 (status: pending)
2025-07-16 13:58:13,942 - INFO - 🎲 Will attempt 7 applications this run (target: 86)
2025-07-16 13:58:13,942 - INFO - 🔑 Logging into Dice...
2025-07-16 13:58:15,683 - INFO - ✅ Login successful
2025-07-16 13:58:18,541 - INFO - 🔄 Starting job applications...
2025-07-16 13:58:18,542 - INFO - 🎯 [1/7] Applying to: Machine Learning Engineer - LINK: https://www.dice.com/job-detail/d5006db7-e058-468a-a85b-3e13614b7ab8
2025-07-16 14:00:19,143 - ERROR -    ❌ Application failed: HTTPConnectionPool(host='localhost', port=47163): Read timed out. (read timeout=120)
2025-07-16 14:00:19,143 - ERROR - Full error for Machine Learning Engineer:
Traceback (most recent call last):
  File "/opt/hostedtoolcache/Python/3.10.18/x64/lib/python3.10/site-packages/urllib3/connectionpool.py", line 534, in _make_request
    response = conn.getresponse()
  File "/opt/hostedtoolcache/Python/3.10.18/x64/lib/python3.10/site-packages/urllib3/connection.py", line 565, in getresponse
    httplib_response = super().getresponse()
  File "/opt/hostedtoolcache/Python/3.10.18/x64/lib/python3.10/http/client.py", line 1375, in getresponse
    response.begin()
  File "/opt/hostedtoolcache/Python/3.10.18/x64/lib/python3.10/http/client.py", line 318, in begin
    version, status, reason = self._read_status()
  File "/opt/hostedtoolcache/Python/3.10.18/x64/lib/python3.10/http/client.py", line 279, in _read_status
    line = str(self.fp.readline(_MAXLINE + 1), "iso-8859-1")
  File "/opt/hostedtoolcache/Python/3.10.18/x64/lib/python3.10/socket.py", line 717, in readinto
    return self._sock.recv_into(b)
TimeoutError: timed out

The above exception was the direct cause of the following exception:

Traceback (most recent call last):
  File "/home/runner/work/Applier-Workflow/Applier-Workflow/scripts/src/stealth_apply.py", line 145, in easy_apply
    driver.get(job_link)
  File "/opt/hostedtoolcache/Python/3.10.18/x64/lib/python3.10/site-packages/undetected_chromedriver/__init__.py", line 629, in get_wrapped
    return orig_get(*args, **kwargs)
  File "/opt/hostedtoolcache/Python/3.10.18/x64/lib/python3.10/site-packages/undetected_chromedriver/__init__.py", line 665, in get
    return super().get(url)
  File "/opt/hostedtoolcache/Python/3.10.18/x64/lib/python3.10/site-packages/selenium/webdriver/remote/webdriver.py", line 479, in get
    self.execute(Command.GET, {"url": url})
  File "/opt/hostedtoolcache/Python/3.10.18/x64/lib/python3.10/site-packages/selenium/webdriver/remote/webdriver.py", line 451, in execute
    response = cast(RemoteConnection, self.command_executor).execute(driver_command, params)
  File "/opt/hostedtoolcache/Python/3.10.18/x64/lib/python3.10/site-packages/selenium/webdriver/remote/remote_connection.py", line 404, in execute
    return self._request(command_info[0], url, body=data)
  File "/opt/hostedtoolcache/Python/3.10.18/x64/lib/python3.10/site-packages/selenium/webdriver/remote/remote_connection.py", line 428, in _request
    response = self._conn.request(method, url, body=body, headers=headers, timeout=self._client_config.timeout)
  File "/opt/hostedtoolcache/Python/3.10.18/x64/lib/python3.10/site-packages/urllib3/_request_methods.py", line 143, in request
    return self.request_encode_body(
  File "/opt/hostedtoolcache/Python/3.10.18/x64/lib/python3.10/site-packages/urllib3/_request_methods.py", line 278, in request_encode_body
    return self.urlopen(method, url, **extra_kw)
  File "/opt/hostedtoolcache/Python/3.10.18/x64/lib/python3.10/site-packages/urllib3/poolmanager.py", line 459, in urlopen
    response = conn.urlopen(method, u.request_uri, **kw)
  File "/opt/hostedtoolcache/Python/3.10.18/x64/lib/python3.10/site-packages/urllib3/connectionpool.py", line 841, in urlopen
    retries = retries.increment(
  File "/opt/hostedtoolcache/Python/3.10.18/x64/lib/python3.10/site-packages/urllib3/util/retry.py", line 474, in increment
    raise reraise(type(error), error, _stacktrace)
  File "/opt/hostedtoolcache/Python/3.10.18/x64/lib/python3.10/site-packages/urllib3/util/util.py", line 39, in reraise
    raise value
  File "/opt/hostedtoolcache/Python/3.10.18/x64/lib/python3.10/site-packages/urllib3/connectionpool.py", line 787, in urlopen
    response = self._make_request(
  File "/opt/hostedtoolcache/Python/3.10.18/x64/lib/python3.10/site-packages/urllib3/connectionpool.py", line 536, in _make_request
    self._raise_timeout(err=e, url=url, timeout_value=read_timeout)
  File "/opt/hostedtoolcache/Python/3.10.18/x64/lib/python3.10/site-packages/urllib3/connectionpool.py", line 367, in _raise_timeout
    raise ReadTimeoutError(
urllib3.exceptions.ReadTimeoutError: HTTPConnectionPool(host='localhost', port=47163): Read timed out. (read timeout=120)
2025-07-16 14:02:29,577 - INFO - 🎯 [2/7] Applying to: MLOPSEnginner - LINK: https://www.dice.com/job-detail/fa6a79fb-9579-4d1c-8aad-9bf808726cb9
2025-07-16 14:05:30,673 - ERROR -    ❌ Cannot click first NEXT button: HTTPConnectionPool(host='localhost', port=47163): Read timed out. (read timeout=120)
2025-07-16 14:07:37,773 - INFO - 🎯 [3/7] Applying to: Agentic Data Engineer - LINK: https://www.dice.com/job-detail/41d2e471-7d53-4219-9efa-1c604254dece
2025-07-16 14:10:42,305 - ERROR -    ❌ Cannot click first NEXT button: HTTPConnectionPool(host='localhost', port=47163): Read timed out. (read timeout=120)
2025-07-16 14:12:50,211 - INFO - 🎯 [4/7] Applying to: React JS Developer with AI/ML - LINK: https://www.dice.com/job-detail/a6f92847-e9c8-4649-be24-21435436b4db
2025-07-16 14:15:52,984 - ERROR -    ❌ Cannot click first NEXT button: HTTPConnectionPool(host='localhost', port=47163): Read timed out. (read timeout=120)
2025-07-16 14:18:03,448 - INFO - 🎯 [5/7] Applying to: MLOps & Data Science Consultant - LINK: https://www.dice.com/job-detail/f5ec70d2-fe33-4989-a5c4-9f76e3dac6fb
2025-07-16 14:21:07,058 - ERROR -    ❌ Cannot click first NEXT button: HTTPConnectionPool(host='localhost', port=47163): Read timed out. (read timeout=120)
2025-07-16 14:23:18,169 - INFO - 🎯 [6/7] Applying to: AI/ML Architect - LINK: https://www.dice.com/job-detail/ef9ee986-0f6e-428c-9336-8c4d7dbf363e
2025-07-16 14:24:21,613 - ERROR -    ❌ Cannot click apply button: Message: element not interactable
  (Session info: chrome=138.0.7204.0); For documentation on this error, please visit: https://www.selenium.dev/documentation/webdriver/troubleshooting/errors#elementnotinteractableexception
Stacktrace:
#0 0x55d7c5a327da <unknown>
#1 0x55d7c54d7133 <unknown>
#2 0x55d7c552a00e <unknown>
#3 0x55d7c551d0ea <unknown>
#4 0x55d7c554e8b2 <unknown>
#5 0x55d7c551ca6a <unknown>
#6 0x55d7c554ea7e <unknown>
#7 0x55d7c557471c <unknown>
#8 0x55d7c554e683 <unknown>
#9 0x55d7c551ab5b <unknown>
#10 0x55d7c551bf31 <unknown>
#11 0x55d7c59f772b <unknown>
#12 0x55d7c59fb534 <unknown>
#13 0x55d7c59de229 <unknown>
#14 0x55d7c59fc0d8 <unknown>
#15 0x55d7c59c261f <unknown>
#16 0x55d7c5a1fdd8 <unknown>
#17 0x55d7c5a1ffb6 <unknown>
#18 0x55d7c5a31af6 <unknown>
#19 0x7f7cbe89caa4 <unknown>
#20 0x7f7cbe929c3c <unknown>

2025-07-16 14:24:31,504 - INFO - 🎯 [7/7] Applying to: Data Scientist - LINK: https://www.dice.com/job-detail/19c2b21a-31f8-4554-847f-9bf9b3755df1
2025-07-16 14:26:42,928 - ERROR -    ❌ Cannot click first NEXT button: HTTPConnectionPool(host='localhost', port=47163): Read timed out. (read timeout=120)
2025-07-16 14:26:46,543 - INFO - 📊 Processing results...
2025-07-16 14:26:46,559 - INFO - 🎉 Application run completed!
2025-07-16 14:26:46,559 - INFO -    ✅ Newly applied: 0
2025-07-16 14:26:46,560 - INFO -    ⏭️  Already applied: 0
2025-07-16 14:26:46,560 - INFO -    ❌ Failed: 7
2025-07-16 14:26:46,560 - INFO -    📊 Total processed: 7
2025-07-16 14:26:46,560 - INFO -    📁 Total jobs in CSV: 534
2025-07-16 14:26:46,560 - INFO -    💾 Updated: output/final_ml_jobs.csv
2025-07-16 14:26:46,560 - INFO - 🔧 Closing browser...
