2025-08-04 03:47:27,657 - INFO - 🚀 Starting stealth job application bot
2025-08-04 03:47:34,278 - INFO - 📂 Loading jobs from output/final_ml_jobs.csv
2025-08-04 03:47:34,310 - INFO -    📊 Total jobs in file: 4491
2025-08-04 03:47:34,312 - INFO -    🎯 Easy Apply jobs: 4491
2025-08-04 03:47:34,314 - INFO -    ⏳ Jobs to process: 1966 (status: pending)
2025-08-04 03:47:34,314 - INFO - 🎲 Will attempt 65 applications this run (target: 65)
2025-08-04 03:47:34,314 - INFO - 🔑 Logging into Dice...
2025-08-04 03:47:36,529 - INFO - ✅ Login successful
2025-08-04 03:47:39,530 - INFO - 🔄 Starting job applications...
2025-08-04 03:47:39,530 - INFO - 🎯 [1/65] Applying to: Senior Software Quality Assurance Engineers - LINK: https://www.dice.com/job-detail/7a80c7bb-397c-410d-8082-eed5146a9265
2025-08-04 03:47:55,124 - INFO -    ✅ Successfully applied!
2025-08-04 03:48:02,707 - INFO - 🎯 [2/65] Applying to: AI Enablement Engineer - LINK: https://www.dice.com/job-detail/ce96f48a-630a-445d-817b-86228ecadccf
2025-08-04 03:48:22,381 - ERROR -    ❌ Cannot click apply button: Message: 
Stacktrace:
#0 0x55782050a2ca <unknown>
#1 0x55781ffb1550 <unknown>
#2 0x5578200030f0 <unknown>
#3 0x5578200032e1 <unknown>
#4 0x5578200515e4 <unknown>
#5 0x557820028bed <unknown>
#6 0x55782004e9e6 <unknown>
#7 0x557820028993 <unknown>
#8 0x55781fff4d6b <unknown>
#9 0x55781fff6141 <unknown>
#10 0x5578204cf2ab <unknown>
#11 0x5578204d30b9 <unknown>
#12 0x5578204b6139 <unknown>
#13 0x5578204d3c68 <unknown>
#14 0x55782049a60f <unknown>
#15 0x5578204f81f8 <unknown>
#16 0x5578204f83d6 <unknown>
#17 0x5578205095e6 <unknown>
#18 0x7ff0f069caa4 <unknown>
#19 0x7ff0f0729c3c <unknown>

2025-08-04 03:48:32,093 - INFO - 🎯 [3/65] Applying to: Senior Infrastructure Engineer - LINK: https://www.dice.com/job-detail/6da99a46-7bee-40aa-86f8-b1798faa3cf6
2025-08-04 03:48:49,654 - INFO -    ✅ Successfully applied!
2025-08-04 03:48:59,550 - INFO - 🎯 [4/65] Applying to: Senior Workato Consultant Mulesoft Migration - Fulltime/Contract - New York, NY (Onsite) - LINK: https://www.dice.com/job-detail/ff7af945-f2da-4195-9d7b-957e145334f5
2025-08-04 03:49:15,758 - INFO -    ✅ Successfully applied!
2025-08-04 03:49:24,907 - INFO - 🎯 [5/65] Applying to: Java Full Stack Engineer - Professional - LINK: https://www.dice.com/job-detail/0172e52a-7b5e-4032-99ad-492ca137b262
2025-08-04 03:49:41,495 - INFO -    ✅ Successfully applied!
2025-08-04 03:49:50,590 - INFO - 🎯 [6/65] Applying to: Salesforce Education Cloud (Business Analyst) - HYBRID - Dallas, TX/ Bethesda, MD. - LINK: https://www.dice.com/job-detail/a4fb0007-67d3-4c1f-8157-c38e794b2c6d
2025-08-04 03:50:06,228 - INFO -    ✅ Successfully applied!
2025-08-04 03:50:18,072 - INFO - 🎯 [7/65] Applying to: Azure & AI Platform Architect - LINK: https://www.dice.com/job-detail/9878c96e-5cb1-4c7b-8e9e-f52d06824033
2025-08-04 03:50:37,048 - ERROR -    ❌ Cannot click apply button: Message: 
Stacktrace:
#0 0x55782050a2ca <unknown>
#1 0x55781ffb1550 <unknown>
#2 0x5578200030f0 <unknown>
#3 0x5578200032e1 <unknown>
#4 0x5578200515e4 <unknown>
#5 0x557820028bed <unknown>
#6 0x55782004e9e6 <unknown>
#7 0x557820028993 <unknown>
#8 0x55781fff4d6b <unknown>
#9 0x55781fff6141 <unknown>
#10 0x5578204cf2ab <unknown>
#11 0x5578204d30b9 <unknown>
#12 0x5578204b6139 <unknown>
#13 0x5578204d3c68 <unknown>
#14 0x55782049a60f <unknown>
#15 0x5578204f81f8 <unknown>
#16 0x5578204f83d6 <unknown>
#17 0x5578205095e6 <unknown>
#18 0x7ff0f069caa4 <unknown>
#19 0x7ff0f0729c3c <unknown>

2025-08-04 03:50:46,825 - INFO - 🎯 [8/65] Applying to: QA Engineer Automated (Python/CI/CD) (LOCAL TO THE AUSTIN AREA ONLY (Within 50-mile radius) - LINK: https://www.dice.com/job-detail/6b29cff2-d234-4310-a590-07b33eb7b9cc
2025-08-04 03:51:01,420 - INFO -    ✅ Successfully applied!
2025-08-04 03:51:14,615 - INFO - 🎯 [9/65] Applying to: Software Engineer (C++/Embedded/Linux) || Dallas, TX (5-day onsite) - LINK: https://www.dice.com/job-detail/9d681174-d90d-432c-9fce-9b0a3b5961ee
2025-08-04 03:51:30,041 - INFO -    ✅ Successfully applied!
2025-08-04 03:51:39,074 - INFO - 🎯 [10/65] Applying to: Software engineer - LINK: https://www.dice.com/job-detail/f9e56308-efbb-4ada-92de-e6801d31d766
2025-08-04 03:51:58,398 - ERROR -    ❌ Cannot click apply button: Message: 
Stacktrace:
#0 0x55782050a2ca <unknown>
#1 0x55781ffb1550 <unknown>
#2 0x5578200030f0 <unknown>
#3 0x5578200032e1 <unknown>
#4 0x5578200515e4 <unknown>
#5 0x557820028bed <unknown>
#6 0x55782004e9e6 <unknown>
#7 0x557820028993 <unknown>
#8 0x55781fff4d6b <unknown>
#9 0x55781fff6141 <unknown>
#10 0x5578204cf2ab <unknown>
#11 0x5578204d30b9 <unknown>
#12 0x5578204b6139 <unknown>
#13 0x5578204d3c68 <unknown>
#14 0x55782049a60f <unknown>
#15 0x5578204f81f8 <unknown>
#16 0x5578204f83d6 <unknown>
#17 0x5578205095e6 <unknown>
#18 0x7ff0f069caa4 <unknown>
#19 0x7ff0f0729c3c <unknown>

2025-08-04 03:52:05,681 - INFO - 🎯 [11/65] Applying to: Messaging Engineer - LINK: https://www.dice.com/job-detail/be134b87-0832-4a69-b6be-fad4d62252cb
2025-08-04 03:52:22,155 - INFO -    ✅ Successfully applied!
2025-08-04 03:52:30,741 - INFO - 🎯 [12/65] Applying to: Quality Engineer - LINK: https://www.dice.com/job-detail/7091f91d-7956-45dd-b798-d10dfa9b3225
2025-08-04 03:52:46,323 - INFO -    ✅ Successfully applied!
2025-08-04 03:52:56,321 - INFO - 🎯 [13/65] Applying to: Senior Backend Developer (Data/API) - LINK: https://www.dice.com/job-detail/34aa44c4-961a-470c-8c4e-531b2b316c5c
2025-08-04 03:53:15,133 - ERROR -    ❌ Cannot click apply button: Message: 
Stacktrace:
#0 0x55782050a2ca <unknown>
#1 0x55781ffb1550 <unknown>
#2 0x5578200030f0 <unknown>
#3 0x5578200032e1 <unknown>
#4 0x5578200515e4 <unknown>
#5 0x557820028bed <unknown>
#6 0x55782004e9e6 <unknown>
#7 0x557820028993 <unknown>
#8 0x55781fff4d6b <unknown>
#9 0x55781fff6141 <unknown>
#10 0x5578204cf2ab <unknown>
#11 0x5578204d30b9 <unknown>
#12 0x5578204b6139 <unknown>
#13 0x5578204d3c68 <unknown>
#14 0x55782049a60f <unknown>
#15 0x5578204f81f8 <unknown>
#16 0x5578204f83d6 <unknown>
#17 0x5578205095e6 <unknown>
#18 0x7ff0f069caa4 <unknown>
#19 0x7ff0f0729c3c <unknown>

2025-08-04 03:53:25,230 - INFO - 🎯 [14/65] Applying to: NMS Developer - LINK: https://www.dice.com/job-detail/61217e38-0c13-4c09-801f-e979a9622e8b
2025-08-04 03:53:40,642 - INFO -    ✅ Successfully applied!
2025-08-04 03:53:51,351 - INFO - 🎯 [15/65] Applying to: Senior Full Stack Developer - LINK: https://www.dice.com/job-detail/2f2719fe-4987-491d-b304-2580fbd3e9c2
2025-08-04 03:54:05,775 - INFO -    ✅ Successfully applied!
2025-08-04 03:54:17,701 - INFO - 🎯 [16/65] Applying to: Full-Stack Java Developer - LINK: https://www.dice.com/job-detail/55a3903b-bea8-4b26-83ff-8e3364397563
2025-08-04 03:54:33,216 - INFO -    ✅ Successfully applied!
2025-08-04 03:54:43,422 - INFO - 🎯 [17/65] Applying to: Sr. Software Engineer (Video Streaming) - LINK: https://www.dice.com/job-detail/c3ee20ce-8e3f-4a8b-82e8-5c41c7de0ec3
2025-08-04 03:55:02,260 - INFO -    ✅ Successfully applied!
2025-08-04 03:55:11,367 - INFO - 🎯 [18/65] Applying to: Senior Engage One Vault Architect - LINK: https://www.dice.com/job-detail/bc32a95f-8daa-4dcf-8213-eb54a6778b8c
2025-08-04 03:55:24,292 - INFO -    ✅ Successfully applied!
2025-08-04 03:55:34,380 - INFO - 🎯 [19/65] Applying to: Data Engineer- Pyspark Scala - LINK: https://www.dice.com/job-detail/89be9193-cfcd-4876-a2fb-23cf1768c2bd
2025-08-04 03:55:47,935 - INFO -    ✅ Successfully applied!
2025-08-04 03:55:59,029 - INFO - 🎯 [20/65] Applying to: QA Automation with Python Experience - Jersey City, NJ - Inperson Interview - LINK: https://www.dice.com/job-detail/befbb938-18d3-4f57-adff-4ef17b123053
2025-08-04 03:56:16,916 - INFO -    ✅ Successfully applied!
2025-08-04 03:56:26,121 - INFO - 🎯 [21/65] Applying to: Bioinformatics Scientist - III - LINK: https://www.dice.com/job-detail/99dc5769-f6b0-4188-a0c9-1e80cd67fbf9
2025-08-04 03:56:45,494 - ERROR -    ❌ Cannot click apply button: Message: 
Stacktrace:
#0 0x55782050a2ca <unknown>
#1 0x55781ffb1550 <unknown>
#2 0x5578200030f0 <unknown>
#3 0x5578200032e1 <unknown>
#4 0x5578200515e4 <unknown>
#5 0x557820028bed <unknown>
#6 0x55782004e9e6 <unknown>
#7 0x557820028993 <unknown>
#8 0x55781fff4d6b <unknown>
#9 0x55781fff6141 <unknown>
#10 0x5578204cf2ab <unknown>
#11 0x5578204d30b9 <unknown>
#12 0x5578204b6139 <unknown>
#13 0x5578204d3c68 <unknown>
#14 0x55782049a60f <unknown>
#15 0x5578204f81f8 <unknown>
#16 0x5578204f83d6 <unknown>
#17 0x5578205095e6 <unknown>
#18 0x7ff0f069caa4 <unknown>
#19 0x7ff0f0729c3c <unknown>

2025-08-04 03:56:58,066 - INFO - 🎯 [22/65] Applying to: Network Infrastructure Architect - LINK: https://www.dice.com/job-detail/67cf7195-f11e-4896-a5e7-7a85b946324d
2025-08-04 03:57:12,571 - INFO -    ✅ Successfully applied!
2025-08-04 03:57:22,605 - INFO - 🎯 [23/65] Applying to: DECAL Senior Full-Stack .NET Developer/Technical Lead (773824) Hybrid Atlanta, GA - LINK: https://www.dice.com/job-detail/1d13cfe3-3e9c-43db-83c7-656741621310
2025-08-04 03:57:38,856 - INFO -    ✅ Successfully applied!
2025-08-04 03:57:44,581 - INFO - 🎯 [24/65] Applying to: AWS Solutions Architect, Kafka, ETL, datawarehouse - LINK: https://www.dice.com/job-detail/32cb6642-cc1c-4586-89b0-137c7dd68c73
2025-08-04 03:57:59,559 - INFO -    ✅ Successfully applied!
2025-08-04 03:58:10,525 - INFO - 🎯 [25/65] Applying to: Sr. Java microservices Developer | Jersey City, NJ/ New York City, NY | Long Term - LINK: https://www.dice.com/job-detail/032ae74e-d6d2-494c-b76f-440b25e2ce89
2025-08-04 03:58:27,162 - INFO -    ✅ Successfully applied!
2025-08-04 03:58:36,590 - INFO - 🎯 [26/65] Applying to: Senior Developer - LINK: https://www.dice.com/job-detail/0d0f1cd8-b12d-471d-873f-88090b9fed81
2025-08-04 03:58:52,320 - INFO -    ✅ Successfully applied!
2025-08-04 03:59:03,230 - INFO - 🎯 [27/65] Applying to: Data Analyst - LINK: https://www.dice.com/job-detail/31c7251b-3d10-4b77-ba58-e43693c81faa
2025-08-04 03:59:19,891 - INFO -    ✅ Successfully applied!
2025-08-04 03:59:30,968 - INFO - 🎯 [28/65] Applying to: ServiceNow Product Consultant (Risk, Compliance & Security) - LINK: https://www.dice.com/job-detail/e981b0db-c8e0-4db8-a032-ed9eea94e569
2025-08-04 03:59:45,561 - INFO -    ✅ Successfully applied!
2025-08-04 03:59:55,349 - INFO - 🎯 [29/65] Applying to: Java Fullstack Developer - LINK: https://www.dice.com/job-detail/aa7739ed-d495-4538-a2c0-a9125340656e
2025-08-04 04:00:11,620 - INFO -    ✅ Successfully applied!
2025-08-04 04:00:19,530 - INFO - 🎯 [30/65] Applying to: AI Automation Test Engineer - Charlotte, NC - LINK: https://www.dice.com/job-detail/f45a871f-37af-4dc2-b373-c66fb3dde453
2025-08-04 04:00:38,534 - INFO -    ✅ Successfully applied!
2025-08-04 04:00:49,076 - INFO - 🎯 [31/65] Applying to: Ray Inference Engineer - LINK: https://www.dice.com/job-detail/d0dda80d-f179-429a-9bdf-51739889f6f1
2025-08-04 04:01:05,647 - INFO -    ✅ Successfully applied!
2025-08-04 04:01:14,553 - INFO - 🎯 [32/65] Applying to: Principal Embedded Software Engineer|| Norwalk, CT|| Full time role - LINK: https://www.dice.com/job-detail/3b207e4d-080c-4e42-a1ed-1e1f260aceea
2025-08-04 04:01:31,270 - INFO -    ✅ Successfully applied!
2025-08-04 04:01:43,451 - INFO - 🎯 [33/65] Applying to: Fullstack Developer| NODE| San Marcos, TX - LINK: https://www.dice.com/job-detail/3cf0af01-1dbf-4304-b83f-20d0709b5588
2025-08-04 04:01:59,744 - INFO -    ✅ Successfully applied!
2025-08-04 04:02:10,815 - INFO - 🎯 [34/65] Applying to: .Net Full Stack Developer - LINK: https://www.dice.com/job-detail/810efea4-4d71-4ca4-99db-70015d65134b
2025-08-04 04:02:25,468 - INFO -    ✅ Successfully applied!
2025-08-04 04:02:36,792 - INFO - 🎯 [35/65] Applying to: AIOps Engineer - LINK: https://www.dice.com/job-detail/b5c754d9-d67a-427d-801e-3454baf115e0
2025-08-04 04:02:55,943 - ERROR -    ❌ Cannot click apply button: Message: 
Stacktrace:
#0 0x55782050a2ca <unknown>
#1 0x55781ffb1550 <unknown>
#2 0x5578200030f0 <unknown>
#3 0x5578200032e1 <unknown>
#4 0x5578200515e4 <unknown>
#5 0x557820028bed <unknown>
#6 0x55782004e9e6 <unknown>
#7 0x557820028993 <unknown>
#8 0x55781fff4d6b <unknown>
#9 0x55781fff6141 <unknown>
#10 0x5578204cf2ab <unknown>
#11 0x5578204d30b9 <unknown>
#12 0x5578204b6139 <unknown>
#13 0x5578204d3c68 <unknown>
#14 0x55782049a60f <unknown>
#15 0x5578204f81f8 <unknown>
#16 0x5578204f83d6 <unknown>
#17 0x5578205095e6 <unknown>
#18 0x7ff0f069caa4 <unknown>
#19 0x7ff0f0729c3c <unknown>

2025-08-04 04:03:06,846 - INFO - 🎯 [36/65] Applying to: Java Fullstack Developer - LINK: https://www.dice.com/job-detail/3522b5c7-2f56-4360-b1e0-d106faf16bd6
2025-08-04 04:03:23,562 - INFO -    ✅ Successfully applied!
2025-08-04 04:03:34,667 - INFO - 🎯 [37/65] Applying to: Junior UI/UX Designer - LINK: https://www.dice.com/job-detail/ece39a4a-77f9-4106-a44a-83ed644e90b0
2025-08-04 04:03:48,337 - INFO -    ✅ Successfully applied!
2025-08-04 04:03:59,135 - INFO - 🎯 [38/65] Applying to: ETL Developer | Remote | Contract - LINK: https://www.dice.com/job-detail/eaa2dca8-7a1e-4d59-95ad-7acd87561b46
2025-08-04 04:04:19,019 - ERROR -    ❌ Cannot click apply button: Message: 
Stacktrace:
#0 0x55782050a2ca <unknown>
#1 0x55781ffb1550 <unknown>
#2 0x5578200030f0 <unknown>
#3 0x5578200032e1 <unknown>
#4 0x5578200515e4 <unknown>
#5 0x557820028bed <unknown>
#6 0x55782004e9e6 <unknown>
#7 0x557820028993 <unknown>
#8 0x55781fff4d6b <unknown>
#9 0x55781fff6141 <unknown>
#10 0x5578204cf2ab <unknown>
#11 0x5578204d30b9 <unknown>
#12 0x5578204b6139 <unknown>
#13 0x5578204d3c68 <unknown>
#14 0x55782049a60f <unknown>
#15 0x5578204f81f8 <unknown>
#16 0x5578204f83d6 <unknown>
#17 0x5578205095e6 <unknown>
#18 0x7ff0f069caa4 <unknown>
#19 0x7ff0f0729c3c <unknown>

2025-08-04 04:04:31,305 - INFO - 🎯 [39/65] Applying to: AVP - Data & Cloud Transformation | - LINK: https://www.dice.com/job-detail/e81cbd72-aa43-4b77-ace5-043703cb866d
2025-08-04 04:04:49,818 - ERROR -    ❌ Cannot click apply button: Message: 
Stacktrace:
#0 0x55782050a2ca <unknown>
#1 0x55781ffb1550 <unknown>
#2 0x5578200030f0 <unknown>
#3 0x5578200032e1 <unknown>
#4 0x5578200515e4 <unknown>
#5 0x557820028bed <unknown>
#6 0x55782004e9e6 <unknown>
#7 0x557820028993 <unknown>
#8 0x55781fff4d6b <unknown>
#9 0x55781fff6141 <unknown>
#10 0x5578204cf2ab <unknown>
#11 0x5578204d30b9 <unknown>
#12 0x5578204b6139 <unknown>
#13 0x5578204d3c68 <unknown>
#14 0x55782049a60f <unknown>
#15 0x5578204f81f8 <unknown>
#16 0x5578204f83d6 <unknown>
#17 0x5578205095e6 <unknown>
#18 0x7ff0f069caa4 <unknown>
#19 0x7ff0f0729c3c <unknown>

2025-08-04 04:05:01,305 - INFO - 🎯 [40/65] Applying to: Palantir Trained Datascience for Prod Support - LINK: https://www.dice.com/job-detail/8413135d-09f7-47b3-a82a-f78c2fc74ab0
2025-08-04 04:05:20,447 - ERROR -    ❌ Cannot click apply button: Message: 
Stacktrace:
#0 0x55782050a2ca <unknown>
#1 0x55781ffb1550 <unknown>
#2 0x5578200030f0 <unknown>
#3 0x5578200032e1 <unknown>
#4 0x5578200515e4 <unknown>
#5 0x557820028bed <unknown>
#6 0x55782004e9e6 <unknown>
#7 0x557820028993 <unknown>
#8 0x55781fff4d6b <unknown>
#9 0x55781fff6141 <unknown>
#10 0x5578204cf2ab <unknown>
#11 0x5578204d30b9 <unknown>
#12 0x5578204b6139 <unknown>
#13 0x5578204d3c68 <unknown>
#14 0x55782049a60f <unknown>
#15 0x5578204f81f8 <unknown>
#16 0x5578204f83d6 <unknown>
#17 0x5578205095e6 <unknown>
#18 0x7ff0f069caa4 <unknown>
#19 0x7ff0f0729c3c <unknown>

2025-08-04 04:05:30,764 - INFO - 🎯 [41/65] Applying to: Solution Architect - Java @ Remote - LINK: https://www.dice.com/job-detail/fe11aa6e-0f97-42fe-835e-aba7eb403eb7
2025-08-04 04:05:49,670 - ERROR -    ❌ Cannot click apply button: Message: 
Stacktrace:
#0 0x55782050a2ca <unknown>
#1 0x55781ffb1550 <unknown>
#2 0x5578200030f0 <unknown>
#3 0x5578200032e1 <unknown>
#4 0x5578200515e4 <unknown>
#5 0x557820028bed <unknown>
#6 0x55782004e9e6 <unknown>
#7 0x557820028993 <unknown>
#8 0x55781fff4d6b <unknown>
#9 0x55781fff6141 <unknown>
#10 0x5578204cf2ab <unknown>
#11 0x5578204d30b9 <unknown>
#12 0x5578204b6139 <unknown>
#13 0x5578204d3c68 <unknown>
#14 0x55782049a60f <unknown>
#15 0x5578204f81f8 <unknown>
#16 0x5578204f83d6 <unknown>
#17 0x5578205095e6 <unknown>
#18 0x7ff0f069caa4 <unknown>
#19 0x7ff0f0729c3c <unknown>

2025-08-04 04:05:58,137 - INFO - 🎯 [42/65] Applying to: Backend Engineer (General) - LINK: https://www.dice.com/job-detail/4a66b57d-8870-4f82-9c27-e62f8d654de7
2025-08-04 04:06:14,493 - INFO -    ✅ Successfully applied!
2025-08-04 04:06:22,816 - INFO - 🎯 [43/65] Applying to: TensorFlow Developer - W2 (H1B/OPT) Accepted - LINK: https://www.dice.com/job-detail/7f12a78c-2ae0-4579-a5ac-e458ce4ae4a8
2025-08-04 04:06:42,258 - ERROR -    ❌ Cannot click apply button: Message: 
Stacktrace:
#0 0x55782050a2ca <unknown>
#1 0x55781ffb1550 <unknown>
#2 0x5578200030f0 <unknown>
#3 0x5578200032e1 <unknown>
#4 0x5578200515e4 <unknown>
#5 0x557820028bed <unknown>
#6 0x55782004e9e6 <unknown>
#7 0x557820028993 <unknown>
#8 0x55781fff4d6b <unknown>
#9 0x55781fff6141 <unknown>
#10 0x5578204cf2ab <unknown>
#11 0x5578204d30b9 <unknown>
#12 0x5578204b6139 <unknown>
#13 0x5578204d3c68 <unknown>
#14 0x55782049a60f <unknown>
#15 0x5578204f81f8 <unknown>
#16 0x5578204f83d6 <unknown>
#17 0x5578205095e6 <unknown>
#18 0x7ff0f069caa4 <unknown>
#19 0x7ff0f0729c3c <unknown>

2025-08-04 04:06:54,546 - INFO - 🎯 [44/65] Applying to: Business Analyst - CCaaS Implementation - LINK: https://www.dice.com/job-detail/9077c06b-7b5c-4be2-a1f6-25825b0595e0
2025-08-04 04:07:09,253 - INFO -    ✅ Successfully applied!
2025-08-04 04:07:21,588 - INFO - 🎯 [45/65] Applying to: Sr Backend Developer - Golang, Python, Blockchain - LINK: https://www.dice.com/job-detail/b3fb2a57-98a9-4f8c-8595-0c1583f52141
2025-08-04 04:07:37,785 - INFO -    ✅ Successfully applied!
2025-08-04 04:07:49,127 - INFO - 🎯 [46/65] Applying to: Sr Full Stack Developer - Java - LINK: https://www.dice.com/job-detail/5b78ae49-b121-4ad5-a8d6-1efc872100bd
2025-08-04 04:08:03,869 - INFO -    ✅ Successfully applied!
2025-08-04 04:08:13,202 - INFO - 🎯 [47/65] Applying to: Servicenow Business Analyst (Do Not share normal BA) - LINK: https://www.dice.com/job-detail/8f30d0b8-bc67-4523-8501-79bc0b5efaa6
2025-08-04 04:08:28,021 - INFO -    ✅ Successfully applied!
2025-08-04 04:08:39,518 - INFO - 🎯 [48/65] Applying to: Emergency Communication Engineer - LINK: https://www.dice.com/job-detail/e2597cec-5670-470d-8527-5202e7f00030
2025-08-04 04:08:55,763 - INFO -    ✅ Successfully applied!
2025-08-04 04:09:07,791 - INFO - 🎯 [49/65] Applying to: Sr Solutions Architect (Snowflake) - LINK: https://www.dice.com/job-detail/787be6c5-0ee8-4850-82c6-39e86ea73aff
2025-08-04 04:09:23,991 - INFO -    ✅ Successfully applied!
2025-08-04 04:09:31,974 - INFO - 🎯 [50/65] Applying to: ServiceNow Developer - LINK: https://www.dice.com/job-detail/28553956-91f3-4ebb-91fb-2bbc6e8d0a9f
2025-08-04 04:09:49,660 - ERROR -    ❌ Cannot click apply button: Message: 
Stacktrace:
#0 0x55782050a2ca <unknown>
#1 0x55781ffb1550 <unknown>
#2 0x5578200030f0 <unknown>
#3 0x5578200032e1 <unknown>
#4 0x5578200515e4 <unknown>
#5 0x557820028bed <unknown>
#6 0x55782004e9e6 <unknown>
#7 0x557820028993 <unknown>
#8 0x55781fff4d6b <unknown>
#9 0x55781fff6141 <unknown>
#10 0x5578204cf2ab <unknown>
#11 0x5578204d30b9 <unknown>
#12 0x5578204b6139 <unknown>
#13 0x5578204d3c68 <unknown>
#14 0x55782049a60f <unknown>
#15 0x5578204f81f8 <unknown>
#16 0x5578204f83d6 <unknown>
#17 0x5578205095e6 <unknown>
#18 0x7ff0f069caa4 <unknown>
#19 0x7ff0f0729c3c <unknown>

2025-08-04 04:09:58,560 - INFO - 🎯 [51/65] Applying to: Sr. Business Analyst - LINK: https://www.dice.com/job-detail/5e772220-f53e-4826-8c97-9403facb9441
2025-08-04 04:10:14,602 - INFO -    ✅ Successfully applied!
2025-08-04 04:10:25,370 - INFO - 🎯 [52/65] Applying to: Data Governance Consultant Google Cloud & Vertex AI - LINK: https://www.dice.com/job-detail/49380f33-4a92-442d-9e52-63b7e262d52e
2025-08-04 04:10:43,320 - ERROR -    ❌ Cannot click apply button: Message: 
Stacktrace:
#0 0x55782050a2ca <unknown>
#1 0x55781ffb1550 <unknown>
#2 0x5578200030f0 <unknown>
#3 0x5578200032e1 <unknown>
#4 0x5578200515e4 <unknown>
#5 0x557820028bed <unknown>
#6 0x55782004e9e6 <unknown>
#7 0x557820028993 <unknown>
#8 0x55781fff4d6b <unknown>
#9 0x55781fff6141 <unknown>
#10 0x5578204cf2ab <unknown>
#11 0x5578204d30b9 <unknown>
#12 0x5578204b6139 <unknown>
#13 0x5578204d3c68 <unknown>
#14 0x55782049a60f <unknown>
#15 0x5578204f81f8 <unknown>
#16 0x5578204f83d6 <unknown>
#17 0x5578205095e6 <unknown>
#18 0x7ff0f069caa4 <unknown>
#19 0x7ff0f0729c3c <unknown>

2025-08-04 04:10:55,263 - INFO - 🎯 [53/65] Applying to: Software Development Engineer - UI - LINK: https://www.dice.com/job-detail/563f5c5d-923b-46f3-8779-a17d7328c97e
2025-08-04 04:11:11,252 - INFO -    ✅ Successfully applied!
2025-08-04 04:11:19,688 - INFO - 🎯 [54/65] Applying to: Computer Systems Quality Assurance - LINK: https://www.dice.com/job-detail/69eba243-82c4-4058-abf4-2f135db2f160
2025-08-04 04:11:37,233 - INFO -    ✅ Successfully applied!
2025-08-04 04:11:46,590 - INFO - 🎯 [55/65] Applying to: Software Engineer - LINK: https://www.dice.com/job-detail/93eea4aa-5209-4521-a1b9-24d8c74b996c
2025-08-04 04:12:01,017 - INFO -    ✅ Successfully applied!
2025-08-04 04:12:12,788 - INFO - 🎯 [56/65] Applying to: AWS cloud Architect - LINK: https://www.dice.com/job-detail/5d9e1862-11af-4639-b010-09e6ab95a474
2025-08-04 04:12:33,109 - ERROR -    ❌ Cannot click apply button: Message: 
Stacktrace:
#0 0x55782050a2ca <unknown>
#1 0x55781ffb1550 <unknown>
#2 0x5578200030f0 <unknown>
#3 0x5578200032e1 <unknown>
#4 0x5578200515e4 <unknown>
#5 0x557820028bed <unknown>
#6 0x55782004e9e6 <unknown>
#7 0x557820028993 <unknown>
#8 0x55781fff4d6b <unknown>
#9 0x55781fff6141 <unknown>
#10 0x5578204cf2ab <unknown>
#11 0x5578204d30b9 <unknown>
#12 0x5578204b6139 <unknown>
#13 0x5578204d3c68 <unknown>
#14 0x55782049a60f <unknown>
#15 0x5578204f81f8 <unknown>
#16 0x5578204f83d6 <unknown>
#17 0x5578205095e6 <unknown>
#18 0x7ff0f069caa4 <unknown>
#19 0x7ff0f0729c3c <unknown>

2025-08-04 04:12:43,861 - INFO - 🎯 [57/65] Applying to: Python with .Net developer and AI (Software Developer) - LINK: https://www.dice.com/job-detail/83711343-b4ae-40ed-86ad-683362146341
2025-08-04 04:13:00,562 - INFO -    ✅ Successfully applied!
2025-08-04 04:13:06,564 - INFO - 🎯 [58/65] Applying to: Enterprise Architect with Cloud and AI - LINK: https://www.dice.com/job-detail/444f2434-aaa8-4d5a-9f4c-08af293e0f91
2025-08-04 04:13:25,545 - ERROR -    ❌ Cannot click apply button: Message: 
Stacktrace:
#0 0x55782050a2ca <unknown>
#1 0x55781ffb1550 <unknown>
#2 0x5578200030f0 <unknown>
#3 0x5578200032e1 <unknown>
#4 0x5578200515e4 <unknown>
#5 0x557820028bed <unknown>
#6 0x55782004e9e6 <unknown>
#7 0x557820028993 <unknown>
#8 0x55781fff4d6b <unknown>
#9 0x55781fff6141 <unknown>
#10 0x5578204cf2ab <unknown>
#11 0x5578204d30b9 <unknown>
#12 0x5578204b6139 <unknown>
#13 0x5578204d3c68 <unknown>
#14 0x55782049a60f <unknown>
#15 0x5578204f81f8 <unknown>
#16 0x5578204f83d6 <unknown>
#17 0x5578205095e6 <unknown>
#18 0x7ff0f069caa4 <unknown>
#19 0x7ff0f0729c3c <unknown>

2025-08-04 04:13:32,893 - INFO - 🎯 [59/65] Applying to: Information Security Engineer 4 - LINK: https://www.dice.com/job-detail/cd320b3e-1e45-45af-b97b-87514d1cbf6c
2025-08-04 04:13:48,361 - INFO -    ✅ Successfully applied!
2025-08-04 04:13:57,847 - INFO - 🎯 [60/65] Applying to: HEDIS Data Analyst - LINK: https://www.dice.com/job-detail/2ea6c368-69c0-4069-9858-70033856e41e
2025-08-04 04:14:11,752 - INFO -    ✅ Successfully applied!
2025-08-04 04:14:20,744 - INFO - 🎯 [61/65] Applying to: Data Governance Analyst / Data Steward - LINK: https://www.dice.com/job-detail/72945963-27b2-4ae6-ac40-f3c9f89b3515
2025-08-04 04:14:36,089 - INFO -    ✅ Successfully applied!
2025-08-04 04:14:45,440 - INFO - 🎯 [62/65] Applying to: Snowflake Data Architect - LINK: https://www.dice.com/job-detail/0d0d0ac4-89c7-4e6c-8102-da4bf9a35e44
2025-08-04 04:15:04,990 - ERROR -    ❌ Cannot click apply button: Message: 
Stacktrace:
#0 0x55782050a2ca <unknown>
#1 0x55781ffb1550 <unknown>
#2 0x5578200030f0 <unknown>
#3 0x5578200032e1 <unknown>
#4 0x5578200515e4 <unknown>
#5 0x557820028bed <unknown>
#6 0x55782004e9e6 <unknown>
#7 0x557820028993 <unknown>
#8 0x55781fff4d6b <unknown>
#9 0x55781fff6141 <unknown>
#10 0x5578204cf2ab <unknown>
#11 0x5578204d30b9 <unknown>
#12 0x5578204b6139 <unknown>
#13 0x5578204d3c68 <unknown>
#14 0x55782049a60f <unknown>
#15 0x5578204f81f8 <unknown>
#16 0x5578204f83d6 <unknown>
#17 0x5578205095e6 <unknown>
#18 0x7ff0f069caa4 <unknown>
#19 0x7ff0f0729c3c <unknown>

2025-08-04 04:15:14,658 - INFO - 🎯 [63/65] Applying to: Azure Cloud Architect (NYC & DC Metro Areas Only) - LINK: https://www.dice.com/job-detail/49676cdd-a14b-4b04-9ca8-c63e9a9ef50b
2025-08-04 04:15:31,097 - INFO -    ✅ Successfully applied!
2025-08-04 04:15:40,481 - INFO - 🎯 [64/65] Applying to: AIOps Engineer - LINK: https://www.dice.com/job-detail/b1869aea-b3fa-48c8-85b1-938bae36e2fe
2025-08-04 04:16:00,228 - ERROR -    ❌ Cannot click apply button: Message: 
Stacktrace:
#0 0x55782050a2ca <unknown>
#1 0x55781ffb1550 <unknown>
#2 0x5578200030f0 <unknown>
#3 0x5578200032e1 <unknown>
#4 0x5578200515e4 <unknown>
#5 0x557820028bed <unknown>
#6 0x55782004e9e6 <unknown>
#7 0x557820028993 <unknown>
#8 0x55781fff4d6b <unknown>
#9 0x55781fff6141 <unknown>
#10 0x5578204cf2ab <unknown>
#11 0x5578204d30b9 <unknown>
#12 0x5578204b6139 <unknown>
#13 0x5578204d3c68 <unknown>
#14 0x55782049a60f <unknown>
#15 0x5578204f81f8 <unknown>
#16 0x5578204f83d6 <unknown>
#17 0x5578205095e6 <unknown>
#18 0x7ff0f069caa4 <unknown>
#19 0x7ff0f0729c3c <unknown>

2025-08-04 04:16:08,917 - INFO - 🎯 [65/65] Applying to: Computer System Validation (CSV) Engineer - LINK: https://www.dice.com/job-detail/cb37a07c-14c6-4866-8bca-b6ad617a65c9
2025-08-04 04:16:27,584 - INFO -    ✅ Successfully applied!
2025-08-04 04:16:30,064 - INFO - 📊 Processing results...
2025-08-04 04:16:30,121 - INFO - 🎉 Application run completed!
2025-08-04 04:16:30,121 - INFO -    ✅ Newly applied: 48
2025-08-04 04:16:30,121 - INFO -    ⏭️  Already applied: 0
2025-08-04 04:16:30,121 - INFO -    ❌ Failed: 17
2025-08-04 04:16:30,121 - INFO -    📊 Total processed: 65
2025-08-04 04:16:30,122 - INFO -    📁 Total jobs in CSV: 4491
2025-08-04 04:16:30,122 - INFO -    💾 Updated: output/final_ml_jobs.csv
2025-08-04 04:16:30,122 - INFO - 🔧 Closing browser...
