2025-08-07 03:39:40,061 - INFO - 🚀 Starting stealth job application bot
2025-08-07 03:39:40,788 - INFO - 📂 Loading jobs from output/final_ml_jobs.csv
2025-08-07 03:39:40,818 - INFO -    📊 Total jobs in file: 4522
2025-08-07 03:39:40,821 - INFO -    🎯 Easy Apply jobs: 4522
2025-08-07 03:39:40,823 - INFO -    ⏳ Jobs to process: 1081 (status: pending)
2025-08-07 03:39:40,824 - INFO - 🎲 Will attempt 90 applications this run (target: 90)
2025-08-07 03:39:40,824 - INFO - 🔑 Logging into Dice...
2025-08-07 03:39:42,672 - INFO - ✅ Login successful
2025-08-07 03:39:45,402 - INFO - 🔄 Starting job applications...
2025-08-07 03:39:45,402 - INFO - 🎯 [1/90] Applying to: Ruby on Rails Developer - LINK: https://www.dice.com/job-detail/a4beee04-d7ff-442f-a85b-c52d8566fbbd
2025-08-07 03:40:00,379 - INFO -    ✅ Successfully applied!
2025-08-07 03:40:10,346 - INFO - 🎯 [2/90] Applying to: ServiceNow Developer - LINK: https://www.dice.com/job-detail/28a3de0b-6cd4-4f98-80f3-6eb739792565
2025-08-07 03:40:30,059 - ERROR -    ❌ Cannot click apply button: Message: 
Stacktrace:
#0 0x559ae2eea2ca <unknown>
#1 0x559ae2991550 <unknown>
#2 0x559ae29e30f0 <unknown>
#3 0x559ae29e32e1 <unknown>
#4 0x559ae2a315e4 <unknown>
#5 0x559ae2a08bed <unknown>
#6 0x559ae2a2e9e6 <unknown>
#7 0x559ae2a08993 <unknown>
#8 0x559ae29d4d6b <unknown>
#9 0x559ae29d6141 <unknown>
#10 0x559ae2eaf2ab <unknown>
#11 0x559ae2eb30b9 <unknown>
#12 0x559ae2e96139 <unknown>
#13 0x559ae2eb3c68 <unknown>
#14 0x559ae2e7a60f <unknown>
#15 0x559ae2ed81f8 <unknown>
#16 0x559ae2ed83d6 <unknown>
#17 0x559ae2ee95e6 <unknown>
#18 0x7f1a1469caa4 <unknown>
#19 0x7f1a14729c3c <unknown>

2025-08-07 03:40:41,316 - INFO - 🎯 [3/90] Applying to: Lead Data Engineer - Databricks[Hybrid Denver] - LINK: https://www.dice.com/job-detail/87f65cc1-45c5-47ab-8ccb-b6bbc2fc6d62
2025-08-07 03:40:56,898 - INFO -    ✅ Successfully applied!
2025-08-07 03:41:05,868 - INFO - 🎯 [4/90] Applying to: Lead Engineer-Fullstack - LINK: https://www.dice.com/job-detail/e09a5c0c-9feb-4e25-80f5-16033b94039c
2025-08-07 03:41:24,049 - ERROR -    ❌ Cannot click apply button: Message: 
Stacktrace:
#0 0x559ae2eea2ca <unknown>
#1 0x559ae2991550 <unknown>
#2 0x559ae29e30f0 <unknown>
#3 0x559ae29e32e1 <unknown>
#4 0x559ae2a315e4 <unknown>
#5 0x559ae2a08bed <unknown>
#6 0x559ae2a2e9e6 <unknown>
#7 0x559ae2a08993 <unknown>
#8 0x559ae29d4d6b <unknown>
#9 0x559ae29d6141 <unknown>
#10 0x559ae2eaf2ab <unknown>
#11 0x559ae2eb30b9 <unknown>
#12 0x559ae2e96139 <unknown>
#13 0x559ae2eb3c68 <unknown>
#14 0x559ae2e7a60f <unknown>
#15 0x559ae2ed81f8 <unknown>
#16 0x559ae2ed83d6 <unknown>
#17 0x559ae2ee95e6 <unknown>
#18 0x7f1a1469caa4 <unknown>
#19 0x7f1a14729c3c <unknown>

2025-08-07 03:41:33,883 - INFO - 🎯 [5/90] Applying to: Senior Mechanical Engineer::Fulltime - LINK: https://www.dice.com/job-detail/fda62159-805b-40cb-b42f-1c63ed1cadc9
2025-08-07 03:41:48,398 - INFO -    ✅ Successfully applied!
2025-08-07 03:41:59,121 - INFO - 🎯 [6/90] Applying to: AI Transformation Architect - Remote - LINK: https://www.dice.com/job-detail/10f6bc2a-ec1d-409d-a038-86076d48c7cb
2025-08-07 03:42:17,147 - ERROR -    ❌ Cannot click apply button: Message: 
Stacktrace:
#0 0x559ae2eea2ca <unknown>
#1 0x559ae2991550 <unknown>
#2 0x559ae29e30f0 <unknown>
#3 0x559ae29e32e1 <unknown>
#4 0x559ae2a315e4 <unknown>
#5 0x559ae2a08bed <unknown>
#6 0x559ae2a2e9e6 <unknown>
#7 0x559ae2a08993 <unknown>
#8 0x559ae29d4d6b <unknown>
#9 0x559ae29d6141 <unknown>
#10 0x559ae2eaf2ab <unknown>
#11 0x559ae2eb30b9 <unknown>
#12 0x559ae2e96139 <unknown>
#13 0x559ae2eb3c68 <unknown>
#14 0x559ae2e7a60f <unknown>
#15 0x559ae2ed81f8 <unknown>
#16 0x559ae2ed83d6 <unknown>
#17 0x559ae2ee95e6 <unknown>
#18 0x7f1a1469caa4 <unknown>
#19 0x7f1a14729c3c <unknown>

2025-08-07 03:42:28,423 - INFO - 🎯 [7/90] Applying to: Senior Computer Network Support Architect - LINK: https://www.dice.com/job-detail/dfacc45c-c14f-402a-afb0-517ba3c82ce8
2025-08-07 03:42:46,618 - INFO -    ✅ Successfully applied!
2025-08-07 03:42:56,753 - INFO - 🎯 [8/90] Applying to: SAP ABAP Developer(SAP Banking Services and/or SAP FI) - LINK: https://www.dice.com/job-detail/78610c55-df1c-470b-9d5c-bf3813d6d64d
2025-08-07 03:43:15,481 - ERROR -    ❌ Cannot click apply button: Message: 
Stacktrace:
#0 0x559ae2eea2ca <unknown>
#1 0x559ae2991550 <unknown>
#2 0x559ae29e30f0 <unknown>
#3 0x559ae29e32e1 <unknown>
#4 0x559ae2a315e4 <unknown>
#5 0x559ae2a08bed <unknown>
#6 0x559ae2a2e9e6 <unknown>
#7 0x559ae2a08993 <unknown>
#8 0x559ae29d4d6b <unknown>
#9 0x559ae29d6141 <unknown>
#10 0x559ae2eaf2ab <unknown>
#11 0x559ae2eb30b9 <unknown>
#12 0x559ae2e96139 <unknown>
#13 0x559ae2eb3c68 <unknown>
#14 0x559ae2e7a60f <unknown>
#15 0x559ae2ed81f8 <unknown>
#16 0x559ae2ed83d6 <unknown>
#17 0x559ae2ee95e6 <unknown>
#18 0x7f1a1469caa4 <unknown>
#19 0x7f1a14729c3c <unknown>

2025-08-07 03:43:26,767 - INFO - 🎯 [9/90] Applying to: Platform Engineer - LINK: https://www.dice.com/job-detail/41f5aa68-0965-4609-ae84-0c3cfb25889d
2025-08-07 03:43:40,915 - INFO -    ✅ Successfully applied!
2025-08-07 03:43:52,173 - INFO - 🎯 [10/90] Applying to: I/S Developer - LINK: https://www.dice.com/job-detail/b6339275-9dbe-481c-b813-5dd33075a6bd
2025-08-07 03:44:10,093 - ERROR -    ❌ Cannot click apply button: Message: 
Stacktrace:
#0 0x559ae2eea2ca <unknown>
#1 0x559ae2991550 <unknown>
#2 0x559ae29e30f0 <unknown>
#3 0x559ae29e32e1 <unknown>
#4 0x559ae2a315e4 <unknown>
#5 0x559ae2a08bed <unknown>
#6 0x559ae2a2e9e6 <unknown>
#7 0x559ae2a08993 <unknown>
#8 0x559ae29d4d6b <unknown>
#9 0x559ae29d6141 <unknown>
#10 0x559ae2eaf2ab <unknown>
#11 0x559ae2eb30b9 <unknown>
#12 0x559ae2e96139 <unknown>
#13 0x559ae2eb3c68 <unknown>
#14 0x559ae2e7a60f <unknown>
#15 0x559ae2ed81f8 <unknown>
#16 0x559ae2ed83d6 <unknown>
#17 0x559ae2ee95e6 <unknown>
#18 0x7f1a1469caa4 <unknown>
#19 0x7f1a14729c3c <unknown>

2025-08-07 03:44:18,283 - INFO - 🎯 [11/90] Applying to: Program Manager with AI/ML - LINK: https://www.dice.com/job-detail/725b55bf-392a-4086-8362-b091515e2f67
2025-08-07 03:44:35,193 - INFO -    ✅ Successfully applied!
2025-08-07 03:44:45,198 - INFO - 🎯 [12/90] Applying to: JD Edwards Distribution & Manufacturing Business Systems Analyst - LINK: https://www.dice.com/job-detail/c48bfae1-b0b4-4ef0-9594-d554a3f0242f
2025-08-07 03:45:02,320 - INFO -    ✅ Successfully applied!
2025-08-07 03:45:12,287 - INFO - 🎯 [13/90] Applying to: Senior Java AWS Developer - LINK: https://www.dice.com/job-detail/d0ec6c91-73ae-483f-a640-1649490edfb6
2025-08-07 03:45:31,259 - ERROR -    ❌ Cannot click apply button: Message: 
Stacktrace:
#0 0x559ae2eea2ca <unknown>
#1 0x559ae2991550 <unknown>
#2 0x559ae29e30f0 <unknown>
#3 0x559ae29e32e1 <unknown>
#4 0x559ae2a315e4 <unknown>
#5 0x559ae2a08bed <unknown>
#6 0x559ae2a2e9e6 <unknown>
#7 0x559ae2a08993 <unknown>
#8 0x559ae29d4d6b <unknown>
#9 0x559ae29d6141 <unknown>
#10 0x559ae2eaf2ab <unknown>
#11 0x559ae2eb30b9 <unknown>
#12 0x559ae2e96139 <unknown>
#13 0x559ae2eb3c68 <unknown>
#14 0x559ae2e7a60f <unknown>
#15 0x559ae2ed81f8 <unknown>
#16 0x559ae2ed83d6 <unknown>
#17 0x559ae2ee95e6 <unknown>
#18 0x7f1a1469caa4 <unknown>
#19 0x7f1a14729c3c <unknown>

2025-08-07 03:45:39,698 - INFO - 🎯 [14/90] Applying to: Lead Data Engineer (with Ex CAPITAL ONE EXP) --(local to RICHMOND VA) - LINK: https://www.dice.com/job-detail/73c9fd70-3003-4c93-a7fe-947b1dcee187
2025-08-07 03:45:59,359 - ERROR -    ❌ Cannot click apply button: Message: 
Stacktrace:
#0 0x559ae2eea2ca <unknown>
#1 0x559ae2991550 <unknown>
#2 0x559ae29e30f0 <unknown>
#3 0x559ae29e32e1 <unknown>
#4 0x559ae2a315e4 <unknown>
#5 0x559ae2a08bed <unknown>
#6 0x559ae2a2e9e6 <unknown>
#7 0x559ae2a08993 <unknown>
#8 0x559ae29d4d6b <unknown>
#9 0x559ae29d6141 <unknown>
#10 0x559ae2eaf2ab <unknown>
#11 0x559ae2eb30b9 <unknown>
#12 0x559ae2e96139 <unknown>
#13 0x559ae2eb3c68 <unknown>
#14 0x559ae2e7a60f <unknown>
#15 0x559ae2ed81f8 <unknown>
#16 0x559ae2ed83d6 <unknown>
#17 0x559ae2ee95e6 <unknown>
#18 0x7f1a1469caa4 <unknown>
#19 0x7f1a14729c3c <unknown>

2025-08-07 03:46:10,069 - INFO - 🎯 [15/90] Applying to: Full Stack Product Engineer | Full Time | Onsite - LINK: https://www.dice.com/job-detail/cc1c08ad-1767-4b30-bac4-340803679e29
2025-08-07 03:46:28,338 - ERROR -    ❌ Cannot click apply button: Message: 
Stacktrace:
#0 0x559ae2eea2ca <unknown>
#1 0x559ae2991550 <unknown>
#2 0x559ae29e30f0 <unknown>
#3 0x559ae29e32e1 <unknown>
#4 0x559ae2a315e4 <unknown>
#5 0x559ae2a08bed <unknown>
#6 0x559ae2a2e9e6 <unknown>
#7 0x559ae2a08993 <unknown>
#8 0x559ae29d4d6b <unknown>
#9 0x559ae29d6141 <unknown>
#10 0x559ae2eaf2ab <unknown>
#11 0x559ae2eb30b9 <unknown>
#12 0x559ae2e96139 <unknown>
#13 0x559ae2eb3c68 <unknown>
#14 0x559ae2e7a60f <unknown>
#15 0x559ae2ed81f8 <unknown>
#16 0x559ae2ed83d6 <unknown>
#17 0x559ae2ee95e6 <unknown>
#18 0x7f1a1469caa4 <unknown>
#19 0x7f1a14729c3c <unknown>

2025-08-07 03:46:37,496 - INFO - 🎯 [16/90] Applying to: Full Stack Java Developer (Hybrid Onsite - In Person Interview Mandatory) - LINK: https://www.dice.com/job-detail/09fd2975-0873-42db-bfd7-0d2f91ff98e3
2025-08-07 03:46:56,485 - ERROR -    ❌ Cannot click apply button: Message: 
Stacktrace:
#0 0x559ae2eea2ca <unknown>
#1 0x559ae2991550 <unknown>
#2 0x559ae29e30f0 <unknown>
#3 0x559ae29e32e1 <unknown>
#4 0x559ae2a315e4 <unknown>
#5 0x559ae2a08bed <unknown>
#6 0x559ae2a2e9e6 <unknown>
#7 0x559ae2a08993 <unknown>
#8 0x559ae29d4d6b <unknown>
#9 0x559ae29d6141 <unknown>
#10 0x559ae2eaf2ab <unknown>
#11 0x559ae2eb30b9 <unknown>
#12 0x559ae2e96139 <unknown>
#13 0x559ae2eb3c68 <unknown>
#14 0x559ae2e7a60f <unknown>
#15 0x559ae2ed81f8 <unknown>
#16 0x559ae2ed83d6 <unknown>
#17 0x559ae2ee95e6 <unknown>
#18 0x7f1a1469caa4 <unknown>
#19 0x7f1a14729c3c <unknown>

2025-08-07 03:47:05,893 - INFO - 🎯 [17/90] Applying to: MLOps & Data Science Consultant - LINK: https://www.dice.com/job-detail/17f09dc1-8929-4bec-b1ef-163e63fd4d66
2025-08-07 03:47:23,989 - ERROR -    ❌ Cannot click apply button: Message: 
Stacktrace:
#0 0x559ae2eea2ca <unknown>
#1 0x559ae2991550 <unknown>
#2 0x559ae29e30f0 <unknown>
#3 0x559ae29e32e1 <unknown>
#4 0x559ae2a315e4 <unknown>
#5 0x559ae2a08bed <unknown>
#6 0x559ae2a2e9e6 <unknown>
#7 0x559ae2a08993 <unknown>
#8 0x559ae29d4d6b <unknown>
#9 0x559ae29d6141 <unknown>
#10 0x559ae2eaf2ab <unknown>
#11 0x559ae2eb30b9 <unknown>
#12 0x559ae2e96139 <unknown>
#13 0x559ae2eb3c68 <unknown>
#14 0x559ae2e7a60f <unknown>
#15 0x559ae2ed81f8 <unknown>
#16 0x559ae2ed83d6 <unknown>
#17 0x559ae2ee95e6 <unknown>
#18 0x7f1a1469caa4 <unknown>
#19 0x7f1a14729c3c <unknown>

2025-08-07 03:47:32,674 - INFO - 🎯 [18/90] Applying to: AI/ML Engineer - LINK: https://www.dice.com/job-detail/aee2e92b-6d0d-4c10-ac4e-b22149440731
2025-08-07 03:47:48,046 - INFO -    ✅ Successfully applied!
2025-08-07 03:47:55,653 - INFO - 🎯 [19/90] Applying to: Product Analyst / Manager-& USC - LINK: https://www.dice.com/job-detail/9a3ec5e9-8d08-4964-a864-79b5994d1e06
2025-08-07 03:48:14,838 - ERROR -    ❌ Cannot click apply button: Message: 
Stacktrace:
#0 0x559ae2eea2ca <unknown>
#1 0x559ae2991550 <unknown>
#2 0x559ae29e30f0 <unknown>
#3 0x559ae29e32e1 <unknown>
#4 0x559ae2a315e4 <unknown>
#5 0x559ae2a08bed <unknown>
#6 0x559ae2a2e9e6 <unknown>
#7 0x559ae2a08993 <unknown>
#8 0x559ae29d4d6b <unknown>
#9 0x559ae29d6141 <unknown>
#10 0x559ae2eaf2ab <unknown>
#11 0x559ae2eb30b9 <unknown>
#12 0x559ae2e96139 <unknown>
#13 0x559ae2eb3c68 <unknown>
#14 0x559ae2e7a60f <unknown>
#15 0x559ae2ed81f8 <unknown>
#16 0x559ae2ed83d6 <unknown>
#17 0x559ae2ee95e6 <unknown>
#18 0x7f1a1469caa4 <unknown>
#19 0x7f1a14729c3c <unknown>

2025-08-07 03:48:23,648 - INFO - 🎯 [20/90] Applying to: Merchandise Data Analyst / SAP Retail functional Consultant - LINK: https://www.dice.com/job-detail/1f13cf92-16b3-4a98-bd97-8783a61d6eeb
2025-08-07 03:48:42,693 - INFO -    ✅ Successfully applied!
2025-08-07 03:48:48,798 - INFO - 🎯 [21/90] Applying to: Lead Full-Stack Developer- PHP- W2 Remote - LINK: https://www.dice.com/job-detail/050faa31-c2ec-4bc2-a2c9-b350050a4580
2025-08-07 03:49:05,251 - INFO -    ✅ Successfully applied!
2025-08-07 03:49:18,721 - INFO - 🎯 [22/90] Applying to: Oracle Transportation Management (OTM) Cloud Functional Architect - LINK: https://www.dice.com/job-detail/4070c1cf-931a-4acb-ae71-21147af9e134
2025-08-07 03:49:38,057 - ERROR -    ❌ Cannot click apply button: Message: 
Stacktrace:
#0 0x559ae2eea2ca <unknown>
#1 0x559ae2991550 <unknown>
#2 0x559ae29e30f0 <unknown>
#3 0x559ae29e32e1 <unknown>
#4 0x559ae2a315e4 <unknown>
#5 0x559ae2a08bed <unknown>
#6 0x559ae2a2e9e6 <unknown>
#7 0x559ae2a08993 <unknown>
#8 0x559ae29d4d6b <unknown>
#9 0x559ae29d6141 <unknown>
#10 0x559ae2eaf2ab <unknown>
#11 0x559ae2eb30b9 <unknown>
#12 0x559ae2e96139 <unknown>
#13 0x559ae2eb3c68 <unknown>
#14 0x559ae2e7a60f <unknown>
#15 0x559ae2ed81f8 <unknown>
#16 0x559ae2ed83d6 <unknown>
#17 0x559ae2ee95e6 <unknown>
#18 0x7f1a1469caa4 <unknown>
#19 0x7f1a14729c3c <unknown>

2025-08-07 03:49:45,802 - INFO - 🎯 [23/90] Applying to: Data Governance Lead - Microsoft Purview (Newark, NJ Hybrid) - LINK: https://www.dice.com/job-detail/57ff75c6-358e-4136-9737-15a148f57f52
2025-08-07 03:50:01,825 - INFO -    ✅ Successfully applied!
2025-08-07 03:50:09,183 - INFO - 🎯 [24/90] Applying to: Data Analyst - LINK: https://www.dice.com/job-detail/99026be9-e345-48e2-bd13-abbb99350aef
2025-08-07 03:50:25,180 - INFO -    ✅ Successfully applied!
2025-08-07 03:50:36,127 - INFO - 🎯 [25/90] Applying to: RF Communication Systems Engineer - LINK: https://www.dice.com/job-detail/b8870422-9aa9-4af1-aa94-55fe1af1c433
2025-08-07 03:50:52,532 - INFO -    ✅ Successfully applied!
2025-08-07 03:51:03,310 - INFO - 🎯 [26/90] Applying to: Business Analyst - LINK: https://www.dice.com/job-detail/195a2ab6-a8cd-4742-a568-e4bf4e3554e9
2025-08-07 03:51:17,665 - INFO -    ✅ Successfully applied!
2025-08-07 03:51:28,382 - INFO - 🎯 [27/90] Applying to: Jr. SAP Specialist & Executive Assistant | One Loudoun, Ashburn, VA - On-site | Part-Time - LINK: https://www.dice.com/job-detail/2b0d9770-ff61-4f00-b74e-10c6b720b660
2025-08-07 03:51:41,821 - INFO -    ✅ Successfully applied!
2025-08-07 03:51:51,729 - INFO - 🎯 [28/90] Applying to: Lead Business Data Analyst with Airlines & AWS Exp must - LINK: https://www.dice.com/job-detail/75ce81f5-750f-4f7b-b849-8f95a0842862
2025-08-07 03:52:05,324 - INFO -    ✅ Successfully applied!
2025-08-07 03:52:17,667 - INFO - 🎯 [29/90] Applying to: Data Engineer or Data Product Owner - W2 only - LINK: https://www.dice.com/job-detail/3f99f25c-6156-4eba-bf9a-dc10902c93f9
2025-08-07 03:52:31,012 - INFO -    ✅ Successfully applied!
2025-08-07 03:52:37,920 - INFO - 🎯 [30/90] Applying to: SAP IS Utilities Functional FICA Consultant - LINK: https://www.dice.com/job-detail/18240fd7-b0df-4dad-a6ab-fb4238fbafe6
2025-08-07 03:52:52,311 - INFO -    ✅ Successfully applied!
2025-08-07 03:53:02,127 - INFO - 🎯 [31/90] Applying to: Principal Architect - Generative AI - LINK: https://www.dice.com/job-detail/93733e1b-10b0-48c4-a96f-1eb75c333c34
2025-08-07 03:53:18,592 - INFO -    ✅ Successfully applied!
2025-08-07 03:53:28,969 - INFO - 🎯 [32/90] Applying to: Software Engineer - LINK: https://www.dice.com/job-detail/1a59bbc8-af1d-4d03-a31f-400df4db3e21
2025-08-07 03:53:42,498 - INFO -    ✅ Successfully applied!
2025-08-07 03:53:53,313 - INFO - 🎯 [33/90] Applying to: AWS Software Engineer (iGrid) - LINK: https://www.dice.com/job-detail/3585d5df-f334-466c-abc4-5d94843c155a
2025-08-07 03:54:09,561 - INFO -    ✅ Successfully applied!
2025-08-07 03:54:18,168 - INFO - 🎯 [34/90] Applying to: Network Engineer with CCIE - LINK: https://www.dice.com/job-detail/701aec33-1f98-422c-a90b-00aa742681ea
2025-08-07 03:54:33,219 - INFO -    ✅ Successfully applied!
2025-08-07 03:54:42,705 - INFO - 🎯 [35/90] Applying to: Business Data Analyst - LINK: https://www.dice.com/job-detail/e6fb84d6-e2b5-4d6c-84ef-9bdd38d90b5d
2025-08-07 03:54:56,012 - INFO -    ✅ Successfully applied!
2025-08-07 03:55:07,547 - INFO - 🎯 [36/90] Applying to: ERP/CRM Consultant - LINK: https://www.dice.com/job-detail/bef0f0fb-f57f-4707-b309-82da3bfe2145
2025-08-07 03:55:26,133 - ERROR -    ❌ Cannot click apply button: Message: 
Stacktrace:
#0 0x559ae2eea2ca <unknown>
#1 0x559ae2991550 <unknown>
#2 0x559ae29e30f0 <unknown>
#3 0x559ae29e32e1 <unknown>
#4 0x559ae2a315e4 <unknown>
#5 0x559ae2a08bed <unknown>
#6 0x559ae2a2e9e6 <unknown>
#7 0x559ae2a08993 <unknown>
#8 0x559ae29d4d6b <unknown>
#9 0x559ae29d6141 <unknown>
#10 0x559ae2eaf2ab <unknown>
#11 0x559ae2eb30b9 <unknown>
#12 0x559ae2e96139 <unknown>
#13 0x559ae2eb3c68 <unknown>
#14 0x559ae2e7a60f <unknown>
#15 0x559ae2ed81f8 <unknown>
#16 0x559ae2ed83d6 <unknown>
#17 0x559ae2ee95e6 <unknown>
#18 0x7f1a1469caa4 <unknown>
#19 0x7f1a14729c3c <unknown>

2025-08-07 03:55:37,588 - INFO - 🎯 [37/90] Applying to: Software Engineer Sr - LINK: https://www.dice.com/job-detail/ab910046-2d7d-44d1-a7b6-4d4de1019eae
2025-08-07 03:55:54,988 - INFO -    ✅ Successfully applied!
2025-08-07 03:56:07,003 - INFO - 🎯 [38/90] Applying to: Epicor P21 Sr. Techno/Functional Consultant - LINK: https://www.dice.com/job-detail/ce13cc5a-dfe7-4cf3-a616-305fd18c077d
2025-08-07 03:56:21,982 - INFO -    ✅ Successfully applied!
2025-08-07 03:56:32,786 - INFO - 🎯 [39/90] Applying to: Drupal Architect with AI experience - LINK: https://www.dice.com/job-detail/7acfa51d-7eec-485c-8683-d91da555c64e
2025-08-07 03:56:52,904 - ERROR -    ❌ Cannot click apply button: Message: 
Stacktrace:
#0 0x559ae2eea2ca <unknown>
#1 0x559ae2991550 <unknown>
#2 0x559ae29e30f0 <unknown>
#3 0x559ae29e32e1 <unknown>
#4 0x559ae2a315e4 <unknown>
#5 0x559ae2a08bed <unknown>
#6 0x559ae2a2e9e6 <unknown>
#7 0x559ae2a08993 <unknown>
#8 0x559ae29d4d6b <unknown>
#9 0x559ae29d6141 <unknown>
#10 0x559ae2eaf2ab <unknown>
#11 0x559ae2eb30b9 <unknown>
#12 0x559ae2e96139 <unknown>
#13 0x559ae2eb3c68 <unknown>
#14 0x559ae2e7a60f <unknown>
#15 0x559ae2ed81f8 <unknown>
#16 0x559ae2ed83d6 <unknown>
#17 0x559ae2ee95e6 <unknown>
#18 0x7f1a1469caa4 <unknown>
#19 0x7f1a14729c3c <unknown>

2025-08-07 03:57:02,381 - INFO - 🎯 [40/90] Applying to: Product Architect - LINK: https://www.dice.com/job-detail/99591b15-dbb6-4673-b909-917ba2c9b85e
2025-08-07 03:57:20,724 - ERROR -    ❌ Cannot click apply button: Message: 
Stacktrace:
#0 0x559ae2eea2ca <unknown>
#1 0x559ae2991550 <unknown>
#2 0x559ae29e30f0 <unknown>
#3 0x559ae29e32e1 <unknown>
#4 0x559ae2a315e4 <unknown>
#5 0x559ae2a08bed <unknown>
#6 0x559ae2a2e9e6 <unknown>
#7 0x559ae2a08993 <unknown>
#8 0x559ae29d4d6b <unknown>
#9 0x559ae29d6141 <unknown>
#10 0x559ae2eaf2ab <unknown>
#11 0x559ae2eb30b9 <unknown>
#12 0x559ae2e96139 <unknown>
#13 0x559ae2eb3c68 <unknown>
#14 0x559ae2e7a60f <unknown>
#15 0x559ae2ed81f8 <unknown>
#16 0x559ae2ed83d6 <unknown>
#17 0x559ae2ee95e6 <unknown>
#18 0x7f1a1469caa4 <unknown>
#19 0x7f1a14729c3c <unknown>

2025-08-07 03:57:28,536 - INFO - 🎯 [41/90] Applying to: Senior Software Engineer (Python Developer) - LINK: https://www.dice.com/job-detail/585fcde2-0206-4ee7-bea1-c66d170b1fd8
2025-08-07 03:57:43,412 - INFO -    ✅ Successfully applied!
2025-08-07 03:57:54,313 - INFO - 🎯 [42/90] Applying to: ReactJS UI Developer for Charlotte North Carolina - LINK: https://www.dice.com/job-detail/a3fa24f6-84f4-415f-8545-472ed834262f
2025-08-07 03:58:08,686 - INFO -    ✅ Successfully applied!
2025-08-07 03:58:19,080 - INFO - 🎯 [43/90] Applying to: Technical Business Analyst with Capital Market Experience - NY/NJ - LINK: https://www.dice.com/job-detail/10f7f8b2-3a26-4ffb-b45d-753e0449176c
2025-08-07 03:58:33,297 - INFO -    ✅ Successfully applied!
2025-08-07 03:58:42,280 - INFO - 🎯 [44/90] Applying to: Electrical Systems Test Engineer - LINK: https://www.dice.com/job-detail/b56c350b-430b-4c3c-adaa-c5e99dd6cd47
2025-08-07 03:58:57,336 - INFO -    ✅ Successfully applied!
2025-08-07 03:59:06,599 - INFO - 🎯 [45/90] Applying to: Python Developer - Gen AI - LINK: https://www.dice.com/job-detail/de8641f1-00ed-45e1-b01e-4692e269278e
2025-08-07 03:59:22,488 - INFO -    ✅ Successfully applied!
2025-08-07 03:59:31,509 - INFO - 🎯 [46/90] Applying to: Market Financial Data Analyst or Business Analyst - NYC - locals only - NO sponsership - LINK: https://www.dice.com/job-detail/da980df2-f864-4b5c-93ae-a236b36b29d8
2025-08-07 03:59:46,292 - INFO -    ✅ Successfully applied!
2025-08-07 03:59:58,131 - INFO - 🎯 [47/90] Applying to: Director Data Science - LINK: https://www.dice.com/job-detail/38a5275a-e394-43cd-987e-b3180bb7f446
2025-08-07 04:00:15,610 - INFO -    ✅ Successfully applied!
2025-08-07 04:00:26,835 - INFO - 🎯 [48/90] Applying to: Java Software Engineer/ C++ - LINK: https://www.dice.com/job-detail/29eac29b-2784-4fb4-a072-4f7072ca3fd6
2025-08-07 04:00:43,124 - INFO -    ✅ Successfully applied!
2025-08-07 04:00:54,856 - INFO - 🎯 [49/90] Applying to: Lead Software Engineer (AI Focus) - LINK: https://www.dice.com/job-detail/1953585d-4ba9-44e0-8421-9fe3ef988856
2025-08-07 04:01:09,332 - INFO -    ✅ Successfully applied!
2025-08-07 04:01:18,256 - INFO - 🎯 [50/90] Applying to: Service Now Business Analyst with Service Mapping experienced - LINK: https://www.dice.com/job-detail/e8971a0a-1d7e-404a-b046-450ff76976a6
2025-08-07 04:01:34,095 - INFO -    ✅ Successfully applied!
2025-08-07 04:01:45,394 - INFO - 🎯 [51/90] Applying to: Full Stack Java Developer - LINK: https://www.dice.com/job-detail/af83a9f6-bdc7-4acc-99d0-b82b367400c8
2025-08-07 04:02:04,294 - ERROR -    ❌ Cannot click apply button: Message: 
Stacktrace:
#0 0x559ae2eea2ca <unknown>
#1 0x559ae2991550 <unknown>
#2 0x559ae29e30f0 <unknown>
#3 0x559ae29e32e1 <unknown>
#4 0x559ae2a315e4 <unknown>
#5 0x559ae2a08bed <unknown>
#6 0x559ae2a2e9e6 <unknown>
#7 0x559ae2a08993 <unknown>
#8 0x559ae29d4d6b <unknown>
#9 0x559ae29d6141 <unknown>
#10 0x559ae2eaf2ab <unknown>
#11 0x559ae2eb30b9 <unknown>
#12 0x559ae2e96139 <unknown>
#13 0x559ae2eb3c68 <unknown>
#14 0x559ae2e7a60f <unknown>
#15 0x559ae2ed81f8 <unknown>
#16 0x559ae2ed83d6 <unknown>
#17 0x559ae2ee95e6 <unknown>
#18 0x7f1a1469caa4 <unknown>
#19 0x7f1a14729c3c <unknown>

2025-08-07 04:02:16,014 - INFO - 🎯 [52/90] Applying to: Senior Developer (Ruby on Rails with Front-End Expertise) - LINK: https://www.dice.com/job-detail/3ea64e78-21d3-4130-84de-a2585cb70b6f
2025-08-07 04:02:33,322 - INFO -    ✅ Successfully applied!
2025-08-07 04:02:44,863 - INFO - 🎯 [53/90] Applying to: Senior Data Scientist - LINK: https://www.dice.com/job-detail/c1c91ef0-7b9f-43bd-8ed1-9663d45eeb82
2025-08-07 04:02:57,921 - INFO -    ✅ Successfully applied!
2025-08-07 04:03:08,495 - INFO - 🎯 [54/90] Applying to: NLP Developer or Engineer with Healthcare Domain - LINK: https://www.dice.com/job-detail/8dc7c28c-cf2b-42ca-903f-12dc56d73b37
2025-08-07 04:03:23,472 - INFO -    ✅ Successfully applied!
2025-08-07 04:03:36,623 - INFO - 🎯 [55/90] Applying to: AI/ML Engineer - LINK: https://www.dice.com/job-detail/3f450c15-fd7f-4732-b601-461aba46df2b
2025-08-07 04:03:50,939 - INFO -    ✅ Successfully applied!
2025-08-07 04:04:00,221 - INFO - 🎯 [56/90] Applying to: Data Engineer - LINK: https://www.dice.com/job-detail/2fbdb178-035b-4cca-85b8-341089d70451
2025-08-07 04:04:15,585 - INFO -    ✅ Successfully applied!
2025-08-07 04:04:26,683 - INFO - 🎯 [57/90] Applying to: Python Developer-Hybrid - LINK: https://www.dice.com/job-detail/1a6762af-bda2-4b16-a1b5-ee768053bb31
2025-08-07 04:04:44,202 - ERROR -    ❌ Cannot click apply button: Message: 
Stacktrace:
#0 0x559ae2eea2ca <unknown>
#1 0x559ae2991550 <unknown>
#2 0x559ae29e30f0 <unknown>
#3 0x559ae29e32e1 <unknown>
#4 0x559ae2a315e4 <unknown>
#5 0x559ae2a08bed <unknown>
#6 0x559ae2a2e9e6 <unknown>
#7 0x559ae2a08993 <unknown>
#8 0x559ae29d4d6b <unknown>
#9 0x559ae29d6141 <unknown>
#10 0x559ae2eaf2ab <unknown>
#11 0x559ae2eb30b9 <unknown>
#12 0x559ae2e96139 <unknown>
#13 0x559ae2eb3c68 <unknown>
#14 0x559ae2e7a60f <unknown>
#15 0x559ae2ed81f8 <unknown>
#16 0x559ae2ed83d6 <unknown>
#17 0x559ae2ee95e6 <unknown>
#18 0x7f1a1469caa4 <unknown>
#19 0x7f1a14729c3c <unknown>

2025-08-07 04:04:52,918 - INFO - 🎯 [58/90] Applying to: IT Operations Support Engineer - LINK: https://www.dice.com/job-detail/70b2a314-e601-4927-a883-ae7ac861ac53
2025-08-07 04:05:09,074 - INFO -    ✅ Successfully applied!
2025-08-07 04:05:20,240 - INFO - 🎯 [59/90] Applying to: AWS Data Engineer - Onsite - Philadelphia, PA - LINK: https://www.dice.com/job-detail/3379424f-eeaf-44e8-bca3-45af6e8287aa
2025-08-07 04:05:39,662 - ERROR -    ❌ Cannot click apply button: Message: 
Stacktrace:
#0 0x559ae2eea2ca <unknown>
#1 0x559ae2991550 <unknown>
#2 0x559ae29e30f0 <unknown>
#3 0x559ae29e32e1 <unknown>
#4 0x559ae2a315e4 <unknown>
#5 0x559ae2a08bed <unknown>
#6 0x559ae2a2e9e6 <unknown>
#7 0x559ae2a08993 <unknown>
#8 0x559ae29d4d6b <unknown>
#9 0x559ae29d6141 <unknown>
#10 0x559ae2eaf2ab <unknown>
#11 0x559ae2eb30b9 <unknown>
#12 0x559ae2e96139 <unknown>
#13 0x559ae2eb3c68 <unknown>
#14 0x559ae2e7a60f <unknown>
#15 0x559ae2ed81f8 <unknown>
#16 0x559ae2ed83d6 <unknown>
#17 0x559ae2ee95e6 <unknown>
#18 0x7f1a1469caa4 <unknown>
#19 0x7f1a14729c3c <unknown>

2025-08-07 04:05:51,304 - INFO - 🎯 [60/90] Applying to: Java Back End Developer +React (Need EX Walmart Candidates Pref) - LINK: https://www.dice.com/job-detail/7545fca3-2a24-4b66-a20a-031116dd9068
2025-08-07 04:06:09,792 - ERROR -    ❌ Cannot click apply button: Message: 
Stacktrace:
#0 0x559ae2eea2ca <unknown>
#1 0x559ae2991550 <unknown>
#2 0x559ae29e30f0 <unknown>
#3 0x559ae29e32e1 <unknown>
#4 0x559ae2a315e4 <unknown>
#5 0x559ae2a08bed <unknown>
#6 0x559ae2a2e9e6 <unknown>
#7 0x559ae2a08993 <unknown>
#8 0x559ae29d4d6b <unknown>
#9 0x559ae29d6141 <unknown>
#10 0x559ae2eaf2ab <unknown>
#11 0x559ae2eb30b9 <unknown>
#12 0x559ae2e96139 <unknown>
#13 0x559ae2eb3c68 <unknown>
#14 0x559ae2e7a60f <unknown>
#15 0x559ae2ed81f8 <unknown>
#16 0x559ae2ed83d6 <unknown>
#17 0x559ae2ee95e6 <unknown>
#18 0x7f1a1469caa4 <unknown>
#19 0x7f1a14729c3c <unknown>

2025-08-07 04:06:19,991 - INFO - 🎯 [61/90] Applying to: Data Engineer | Jersey City, NJ and Columbus, OH | Long Term - LINK: https://www.dice.com/job-detail/3730e911-d555-433c-b478-f00bf4b05c39
2025-08-07 04:06:36,484 - INFO -    ✅ Successfully applied!
2025-08-07 04:06:48,900 - INFO - 🎯 [62/90] Applying to: Cloud Data Solutions Architect - LINK: https://www.dice.com/job-detail/fa73387e-56f5-4680-883b-975a9621281f
2025-08-07 04:07:07,332 - ERROR -    ❌ Cannot click apply button: Message: 
Stacktrace:
#0 0x559ae2eea2ca <unknown>
#1 0x559ae2991550 <unknown>
#2 0x559ae29e30f0 <unknown>
#3 0x559ae29e32e1 <unknown>
#4 0x559ae2a315e4 <unknown>
#5 0x559ae2a08bed <unknown>
#6 0x559ae2a2e9e6 <unknown>
#7 0x559ae2a08993 <unknown>
#8 0x559ae29d4d6b <unknown>
#9 0x559ae29d6141 <unknown>
#10 0x559ae2eaf2ab <unknown>
#11 0x559ae2eb30b9 <unknown>
#12 0x559ae2e96139 <unknown>
#13 0x559ae2eb3c68 <unknown>
#14 0x559ae2e7a60f <unknown>
#15 0x559ae2ed81f8 <unknown>
#16 0x559ae2ed83d6 <unknown>
#17 0x559ae2ee95e6 <unknown>
#18 0x7f1a1469caa4 <unknown>
#19 0x7f1a14729c3c <unknown>

2025-08-07 04:07:15,962 - INFO - 🎯 [63/90] Applying to: Software Development Engineer - LINK: https://www.dice.com/job-detail/c2d74ebb-6caa-4fff-bd2f-1483baa2ff92
2025-08-07 04:07:29,510 - INFO -    ✅ Successfully applied!
2025-08-07 04:07:38,664 - INFO - 🎯 [64/90] Applying to: AWS Data Engineer - LINK: https://www.dice.com/job-detail/1860203c-7c29-4631-8eeb-bfed2291054f
2025-08-07 04:07:53,183 - INFO -    ✅ Successfully applied!
2025-08-07 04:08:02,788 - INFO - 🎯 [65/90] Applying to: Lead Java Software Engineer - LINK: https://www.dice.com/job-detail/a72be476-54b5-4659-a54b-d0df9e2cc38c
2025-08-07 04:08:22,051 - ERROR -    ❌ Cannot click apply button: Message: 
Stacktrace:
#0 0x559ae2eea2ca <unknown>
#1 0x559ae2991550 <unknown>
#2 0x559ae29e30f0 <unknown>
#3 0x559ae29e32e1 <unknown>
#4 0x559ae2a315e4 <unknown>
#5 0x559ae2a08bed <unknown>
#6 0x559ae2a2e9e6 <unknown>
#7 0x559ae2a08993 <unknown>
#8 0x559ae29d4d6b <unknown>
#9 0x559ae29d6141 <unknown>
#10 0x559ae2eaf2ab <unknown>
#11 0x559ae2eb30b9 <unknown>
#12 0x559ae2e96139 <unknown>
#13 0x559ae2eb3c68 <unknown>
#14 0x559ae2e7a60f <unknown>
#15 0x559ae2ed81f8 <unknown>
#16 0x559ae2ed83d6 <unknown>
#17 0x559ae2ee95e6 <unknown>
#18 0x7f1a1469caa4 <unknown>
#19 0x7f1a14729c3c <unknown>

2025-08-07 04:08:31,711 - INFO - 🎯 [66/90] Applying to: Artificial Intelligence Engineer - LINK: https://www.dice.com/job-detail/bf5e0079-35c1-4ae6-906a-4b63ccd577c0
2025-08-07 04:08:46,957 - INFO -    ✅ Successfully applied!
2025-08-07 04:08:58,380 - INFO - 🎯 [67/90] Applying to: Business Analyst - LINK: https://www.dice.com/job-detail/da0e8363-a70a-4389-b880-4b72ab7f2e26
2025-08-07 04:09:17,249 - ERROR -    ❌ Cannot click apply button: Message: 
Stacktrace:
#0 0x559ae2eea2ca <unknown>
#1 0x559ae2991550 <unknown>
#2 0x559ae29e30f0 <unknown>
#3 0x559ae29e32e1 <unknown>
#4 0x559ae2a315e4 <unknown>
#5 0x559ae2a08bed <unknown>
#6 0x559ae2a2e9e6 <unknown>
#7 0x559ae2a08993 <unknown>
#8 0x559ae29d4d6b <unknown>
#9 0x559ae29d6141 <unknown>
#10 0x559ae2eaf2ab <unknown>
#11 0x559ae2eb30b9 <unknown>
#12 0x559ae2e96139 <unknown>
#13 0x559ae2eb3c68 <unknown>
#14 0x559ae2e7a60f <unknown>
#15 0x559ae2ed81f8 <unknown>
#16 0x559ae2ed83d6 <unknown>
#17 0x559ae2ee95e6 <unknown>
#18 0x7f1a1469caa4 <unknown>
#19 0x7f1a14729c3c <unknown>

2025-08-07 04:09:27,137 - INFO - 🎯 [68/90] Applying to: Cloud Data Engineer | Hybrid - LINK: https://www.dice.com/job-detail/340d0df8-e89c-4bf0-b22b-f5cc3c6f4baf
2025-08-07 04:09:41,601 - INFO -    ✅ Successfully applied!
2025-08-07 04:09:52,135 - INFO - 🎯 [69/90] Applying to: AI ML Lead - LINK: https://www.dice.com/job-detail/f90af2a3-e8d5-440a-bf74-f6044c87ac7c
2025-08-07 04:10:09,927 - ERROR -    ❌ Cannot click apply button: Message: 
Stacktrace:
#0 0x559ae2eea2ca <unknown>
#1 0x559ae2991550 <unknown>
#2 0x559ae29e30f0 <unknown>
#3 0x559ae29e32e1 <unknown>
#4 0x559ae2a315e4 <unknown>
#5 0x559ae2a08bed <unknown>
#6 0x559ae2a2e9e6 <unknown>
#7 0x559ae2a08993 <unknown>
#8 0x559ae29d4d6b <unknown>
#9 0x559ae29d6141 <unknown>
#10 0x559ae2eaf2ab <unknown>
#11 0x559ae2eb30b9 <unknown>
#12 0x559ae2e96139 <unknown>
#13 0x559ae2eb3c68 <unknown>
#14 0x559ae2e7a60f <unknown>
#15 0x559ae2ed81f8 <unknown>
#16 0x559ae2ed83d6 <unknown>
#17 0x559ae2ee95e6 <unknown>
#18 0x7f1a1469caa4 <unknown>
#19 0x7f1a14729c3c <unknown>

2025-08-07 04:10:17,851 - INFO - 🎯 [70/90] Applying to: AI/ML Engineer Generative Models - LINK: https://www.dice.com/job-detail/16e46693-43db-4980-ab32-dc5958294547
2025-08-07 04:10:33,243 - INFO -    ✅ Successfully applied!
2025-08-07 04:10:44,499 - INFO - 🎯 [71/90] Applying to: Lead Engineer - LINK: https://www.dice.com/job-detail/afde7434-24b2-4b08-9952-7b97c35e11ef
2025-08-07 04:10:59,700 - INFO -    ✅ Successfully applied!
2025-08-07 04:11:07,944 - INFO - 🎯 [72/90] Applying to: HPE Nonstop TACL Engineer - LINK: https://www.dice.com/job-detail/1834d321-715c-466c-9ab4-fe84781304ce
2025-08-07 04:11:23,194 - INFO -    ✅ Successfully applied!
2025-08-07 04:11:31,349 - INFO - 🎯 [73/90] Applying to: Sr Business Analyst - LINK: https://www.dice.com/job-detail/c1fe9907-d9e1-4f01-9cbc-db6d96b36327
2025-08-07 04:11:43,664 - INFO -    ✅ Successfully applied!
2025-08-07 04:11:54,820 - INFO - 🎯 [74/90] Applying to: MLOps & Data Science Consultant - LINK: https://www.dice.com/job-detail/0d3202e9-7d18-433b-a007-3243cc4d2ac0
2025-08-07 04:12:10,556 - INFO -    ✅ Successfully applied!
2025-08-07 04:12:20,847 - INFO - 🎯 [75/90] Applying to: Seat Engineer - LINK: https://www.dice.com/job-detail/b3409241-59d0-4238-804f-7231fd5c26d8
2025-08-07 04:12:35,151 - INFO -    ✅ Successfully applied!
2025-08-07 04:12:46,137 - INFO - 🎯 [76/90] Applying to: Business Analyst - LINK: https://www.dice.com/job-detail/dac33672-678f-4970-81a0-0847f9ebb9fc
2025-08-07 04:13:01,907 - INFO -    ✅ Successfully applied!
2025-08-07 04:13:10,099 - INFO - 🎯 [77/90] Applying to: Conversational IVR Lead / Manager - LINK: https://www.dice.com/job-detail/c4f80597-a5b9-4534-afed-5f04e1c31823
2025-08-07 04:13:26,164 - INFO -    ✅ Successfully applied!
2025-08-07 04:13:34,342 - INFO - 🎯 [78/90] Applying to: Real Estate/Investment Performance Data Analyst - LINK: https://www.dice.com/job-detail/8a237cdf-05ee-4a5d-bb96-dfe8e29690e3
2025-08-07 04:13:48,922 - INFO -    ✅ Successfully applied!
2025-08-07 04:13:59,301 - INFO - 🎯 [79/90] Applying to: Software Systems Engineer II - LINK: https://www.dice.com/job-detail/c46a17ea-f095-45e5-9499-2315ff8aec8b
2025-08-07 04:14:17,478 - ERROR -    ❌ Cannot click apply button: Message: 
Stacktrace:
#0 0x559ae2eea2ca <unknown>
#1 0x559ae2991550 <unknown>
#2 0x559ae29e30f0 <unknown>
#3 0x559ae29e32e1 <unknown>
#4 0x559ae2a315e4 <unknown>
#5 0x559ae2a08bed <unknown>
#6 0x559ae2a2e9e6 <unknown>
#7 0x559ae2a08993 <unknown>
#8 0x559ae29d4d6b <unknown>
#9 0x559ae29d6141 <unknown>
#10 0x559ae2eaf2ab <unknown>
#11 0x559ae2eb30b9 <unknown>
#12 0x559ae2e96139 <unknown>
#13 0x559ae2eb3c68 <unknown>
#14 0x559ae2e7a60f <unknown>
#15 0x559ae2ed81f8 <unknown>
#16 0x559ae2ed83d6 <unknown>
#17 0x559ae2ee95e6 <unknown>
#18 0x7f1a1469caa4 <unknown>
#19 0x7f1a14729c3c <unknown>

2025-08-07 04:14:24,852 - INFO - 🎯 [80/90] Applying to: Senior Data Scientist - LINK: https://www.dice.com/job-detail/8cb02fcc-0968-4749-829d-2afc693caacf
2025-08-07 04:14:41,006 - INFO -    ✅ Successfully applied!
2025-08-07 04:14:50,922 - INFO - 🎯 [81/90] Applying to: Drupal Architect with AI exposure - LINK: https://www.dice.com/job-detail/4dbc7721-bc6d-4ba0-9c4a-feefa3d0b5cb
2025-08-07 04:15:06,808 - INFO -    ✅ Successfully applied!
2025-08-07 04:15:18,262 - INFO - 🎯 [82/90] Applying to: Data Architect- AWS === C2C // FTE --- Hexaware - LINK: https://www.dice.com/job-detail/7571d3c5-311d-4c44-ba4b-57c1d62d3b2a
2025-08-07 04:15:37,535 - ERROR -    ❌ Cannot click apply button: Message: 
Stacktrace:
#0 0x559ae2eea2ca <unknown>
#1 0x559ae2991550 <unknown>
#2 0x559ae29e30f0 <unknown>
#3 0x559ae29e32e1 <unknown>
#4 0x559ae2a315e4 <unknown>
#5 0x559ae2a08bed <unknown>
#6 0x559ae2a2e9e6 <unknown>
#7 0x559ae2a08993 <unknown>
#8 0x559ae29d4d6b <unknown>
#9 0x559ae29d6141 <unknown>
#10 0x559ae2eaf2ab <unknown>
#11 0x559ae2eb30b9 <unknown>
#12 0x559ae2e96139 <unknown>
#13 0x559ae2eb3c68 <unknown>
#14 0x559ae2e7a60f <unknown>
#15 0x559ae2ed81f8 <unknown>
#16 0x559ae2ed83d6 <unknown>
#17 0x559ae2ee95e6 <unknown>
#18 0x7f1a1469caa4 <unknown>
#19 0x7f1a14729c3c <unknown>

2025-08-07 04:15:44,946 - INFO - 🎯 [83/90] Applying to: Business Analyst - LINK: https://www.dice.com/job-detail/f983dcae-48e3-4b2a-bc61-b2f49c45ecfd
2025-08-07 04:16:04,078 - ERROR -    ❌ Cannot click apply button: Message: 
Stacktrace:
#0 0x559ae2eea2ca <unknown>
#1 0x559ae2991550 <unknown>
#2 0x559ae29e30f0 <unknown>
#3 0x559ae29e32e1 <unknown>
#4 0x559ae2a315e4 <unknown>
#5 0x559ae2a08bed <unknown>
#6 0x559ae2a2e9e6 <unknown>
#7 0x559ae2a08993 <unknown>
#8 0x559ae29d4d6b <unknown>
#9 0x559ae29d6141 <unknown>
#10 0x559ae2eaf2ab <unknown>
#11 0x559ae2eb30b9 <unknown>
#12 0x559ae2e96139 <unknown>
#13 0x559ae2eb3c68 <unknown>
#14 0x559ae2e7a60f <unknown>
#15 0x559ae2ed81f8 <unknown>
#16 0x559ae2ed83d6 <unknown>
#17 0x559ae2ee95e6 <unknown>
#18 0x7f1a1469caa4 <unknown>
#19 0x7f1a14729c3c <unknown>

2025-08-07 04:16:13,054 - INFO - 🎯 [84/90] Applying to: Information Assurance/Security Specialist - LINK: https://www.dice.com/job-detail/966b66d6-dc47-41f4-93f4-489aab15ce4f
2025-08-07 04:16:26,522 - INFO -    ✅ Successfully applied!
2025-08-07 04:16:38,238 - INFO - 🎯 [85/90] Applying to: Director, Data Science - LINK: https://www.dice.com/job-detail/31e1cc3d-82df-45bb-8ef7-680ce5f4d018
2025-08-07 04:16:54,181 - INFO -    ✅ Successfully applied!
2025-08-07 04:17:05,028 - INFO - 🎯 [86/90] Applying to: Java Developer - LINK: https://www.dice.com/job-detail/39e6e0b2-3426-42a4-90be-ba6e34fd6345
2025-08-07 04:17:23,880 - ERROR -    ❌ Cannot click apply button: Message: 
Stacktrace:
#0 0x559ae2eea2ca <unknown>
#1 0x559ae2991550 <unknown>
#2 0x559ae29e30f0 <unknown>
#3 0x559ae29e32e1 <unknown>
#4 0x559ae2a315e4 <unknown>
#5 0x559ae2a08bed <unknown>
#6 0x559ae2a2e9e6 <unknown>
#7 0x559ae2a08993 <unknown>
#8 0x559ae29d4d6b <unknown>
#9 0x559ae29d6141 <unknown>
#10 0x559ae2eaf2ab <unknown>
#11 0x559ae2eb30b9 <unknown>
#12 0x559ae2e96139 <unknown>
#13 0x559ae2eb3c68 <unknown>
#14 0x559ae2e7a60f <unknown>
#15 0x559ae2ed81f8 <unknown>
#16 0x559ae2ed83d6 <unknown>
#17 0x559ae2ee95e6 <unknown>
#18 0x7f1a1469caa4 <unknown>
#19 0x7f1a14729c3c <unknown>

2025-08-07 04:17:32,432 - INFO - 🎯 [87/90] Applying to: Remote Google Cloud Platform Engineer Contract - LINK: https://www.dice.com/job-detail/2c859896-c277-4ad5-aca7-f292f42c1d9d
2025-08-07 04:17:48,195 - INFO -    ✅ Successfully applied!
2025-08-07 04:17:55,636 - INFO - 🎯 [88/90] Applying to: ServiceNow QA engineer - LINK: https://www.dice.com/job-detail/10d5f99d-24b8-40d3-9728-7074eb008916
2025-08-07 04:18:11,005 - INFO -    ✅ Successfully applied!
2025-08-07 04:18:21,136 - INFO - 🎯 [89/90] Applying to: Sr. AWS Solution Architecture & Delivery - Full Time Role In East coast - LINK: https://www.dice.com/job-detail/88187393-2499-40e5-8e32-dcb4b66d86be
2025-08-07 04:18:36,378 - INFO -    ✅ Successfully applied!
2025-08-07 04:18:44,747 - INFO - 🎯 [90/90] Applying to: Security Software Engineer - LINK: https://www.dice.com/job-detail/16493bfe-c2ff-4603-97d1-85d6c0796d31
2025-08-07 04:19:00,149 - INFO -    ✅ Successfully applied!
2025-08-07 04:19:03,443 - INFO - 📊 Processing results...
2025-08-07 04:19:03,500 - INFO - 🎉 Application run completed!
2025-08-07 04:19:03,500 - INFO -    ✅ Newly applied: 63
2025-08-07 04:19:03,500 - INFO -    ⏭️  Already applied: 0
2025-08-07 04:19:03,500 - INFO -    ❌ Failed: 27
2025-08-07 04:19:03,500 - INFO -    📊 Total processed: 90
2025-08-07 04:19:03,500 - INFO -    📁 Total jobs in CSV: 4522
2025-08-07 04:19:03,500 - INFO -    💾 Updated: output/final_ml_jobs.csv
2025-08-07 04:19:03,500 - INFO - 🔧 Closing browser...
