2025-08-03 14:03:32,640 - INFO - 🚀 Starting stealth job application bot
2025-08-03 14:04:03,976 - INFO - 📂 Loading jobs from output/final_ml_jobs.csv
2025-08-03 14:04:04,008 - INFO -    📊 Total jobs in file: 4484
2025-08-03 14:04:04,011 - INFO -    🎯 Easy Apply jobs: 4484
2025-08-03 14:04:04,013 - INFO -    ⏳ Jobs to process: 2274 (status: pending)
2025-08-03 14:04:04,014 - INFO - 🎲 Will attempt 64 applications this run (target: 64)
2025-08-03 14:04:04,014 - INFO - 🔑 Logging into Dice...
2025-08-03 14:04:07,957 - INFO - ✅ Login successful
2025-08-03 14:04:11,998 - INFO - 🔄 Starting job applications...
2025-08-03 14:04:11,999 - INFO - 🎯 [1/64] Applying to: RPA Hyper Automation - LINK: https://www.dice.com/job-detail/e1697805-075c-4c5a-93c9-c2d800849a61
2025-08-03 14:04:31,652 - ERROR -    ❌ Cannot click apply button: Message: 
Stacktrace:
#0 0x55922ca9f2ca <unknown>
#1 0x55922c546550 <unknown>
#2 0x55922c5980f0 <unknown>
#3 0x55922c5982e1 <unknown>
#4 0x55922c5e65e4 <unknown>
#5 0x55922c5bdbed <unknown>
#6 0x55922c5e39e6 <unknown>
#7 0x55922c5bd993 <unknown>
#8 0x55922c589d6b <unknown>
#9 0x55922c58b141 <unknown>
#10 0x55922ca642ab <unknown>
#11 0x55922ca680b9 <unknown>
#12 0x55922ca4b139 <unknown>
#13 0x55922ca68c68 <unknown>
#14 0x55922ca2f60f <unknown>
#15 0x55922ca8d1f8 <unknown>
#16 0x55922ca8d3d6 <unknown>
#17 0x55922ca9e5e6 <unknown>
#18 0x7f697349caa4 <unknown>
#19 0x7f6973529c3c <unknown>

2025-08-03 14:04:41,928 - INFO - 🎯 [2/64] Applying to: Principal Databricks Architect / Resident Solution Architect -Remote - LINK: https://www.dice.com/job-detail/6b35525a-a25a-4aa1-b2a6-74516dc0b2fa
2025-08-03 14:04:59,735 - ERROR -    ❌ Cannot click apply button: Message: 
Stacktrace:
#0 0x55922ca9f2ca <unknown>
#1 0x55922c546550 <unknown>
#2 0x55922c5980f0 <unknown>
#3 0x55922c5982e1 <unknown>
#4 0x55922c5e65e4 <unknown>
#5 0x55922c5bdbed <unknown>
#6 0x55922c5e39e6 <unknown>
#7 0x55922c5bd993 <unknown>
#8 0x55922c589d6b <unknown>
#9 0x55922c58b141 <unknown>
#10 0x55922ca642ab <unknown>
#11 0x55922ca680b9 <unknown>
#12 0x55922ca4b139 <unknown>
#13 0x55922ca68c68 <unknown>
#14 0x55922ca2f60f <unknown>
#15 0x55922ca8d1f8 <unknown>
#16 0x55922ca8d3d6 <unknown>
#17 0x55922ca9e5e6 <unknown>
#18 0x7f697349caa4 <unknown>
#19 0x7f6973529c3c <unknown>

2025-08-03 14:05:08,095 - INFO - 🎯 [3/64] Applying to: Salesforce Support Business Systems Analyst - LINK: https://www.dice.com/job-detail/2e1ae0ab-dc9e-4c58-84e7-0d7fe5c07ddf
2025-08-03 14:05:21,698 - INFO -    ✅ Successfully applied!
2025-08-03 14:05:32,968 - INFO - 🎯 [4/64] Applying to: Infor Technical Architect - LINK: https://www.dice.com/job-detail/3862aaf1-f7d3-416a-a539-3fc0b928811f
2025-08-03 14:05:48,544 - INFO -    ✅ Successfully applied!
2025-08-03 14:05:57,163 - INFO - 🎯 [5/64] Applying to: Jr Scrum Master / Report Developer - Onsite role in MD - LINK: https://www.dice.com/job-detail/b444cbb5-39fb-43a4-a378-21b31ec91695
2025-08-03 14:06:13,038 - INFO -    ✅ Successfully applied!
2025-08-03 14:06:23,248 - INFO - 🎯 [6/64] Applying to: ASIC Design Vertfication engineer (Bay area, Redmond, Seattle, ASIC development, System Verilog, Python) - LINK: https://www.dice.com/job-detail/b1d3d63b-26b6-4194-bff6-b804c824d6b2
2025-08-03 14:06:42,167 - ERROR -    ❌ Cannot click apply button: Message: 
Stacktrace:
#0 0x55922ca9f2ca <unknown>
#1 0x55922c546550 <unknown>
#2 0x55922c5980f0 <unknown>
#3 0x55922c5982e1 <unknown>
#4 0x55922c5e65e4 <unknown>
#5 0x55922c5bdbed <unknown>
#6 0x55922c5e39e6 <unknown>
#7 0x55922c5bd993 <unknown>
#8 0x55922c589d6b <unknown>
#9 0x55922c58b141 <unknown>
#10 0x55922ca642ab <unknown>
#11 0x55922ca680b9 <unknown>
#12 0x55922ca4b139 <unknown>
#13 0x55922ca68c68 <unknown>
#14 0x55922ca2f60f <unknown>
#15 0x55922ca8d1f8 <unknown>
#16 0x55922ca8d3d6 <unknown>
#17 0x55922ca9e5e6 <unknown>
#18 0x7f697349caa4 <unknown>
#19 0x7f6973529c3c <unknown>

2025-08-03 14:06:51,565 - INFO - 🎯 [7/64] Applying to: Appain Developer - 08+ years ***Fulltime*** - LINK: https://www.dice.com/job-detail/f4d08850-bcca-4294-9160-8193dd05a33f
2025-08-03 14:07:07,886 - INFO -    ✅ Successfully applied!
2025-08-03 14:07:15,822 - INFO - 🎯 [8/64] Applying to: Data Architect/Snowflake Architect - LINK: https://www.dice.com/job-detail/2a9839c7-1894-40c5-9348-5e6a5aec1536
2025-08-03 14:07:31,284 - INFO -    ✅ Successfully applied!
2025-08-03 14:07:42,785 - INFO - 🎯 [9/64] Applying to: Post Silicon Validation Engineer - LINK: https://www.dice.com/job-detail/5c6a2021-bc86-4d16-b6a7-25e44689156b
2025-08-03 14:07:56,510 - INFO -    ✅ Successfully applied!
2025-08-03 14:08:06,295 - INFO - 🎯 [10/64] Applying to: Full Stack MERN Engineer - LINK: https://www.dice.com/job-detail/22c61e57-25db-4ca4-a174-2b7209e5273a
2025-08-03 14:08:22,628 - INFO -    ✅ Successfully applied!
2025-08-03 14:08:32,702 - INFO - 🎯 [11/64] Applying to: Backend Engineer - W2 - Hybrid in Dallas, TX (Posted by SAM) - LINK: https://www.dice.com/job-detail/03d9a8e5-e44b-4440-bdb3-c3b3894f1d03
2025-08-03 14:08:52,017 - ERROR -    ❌ Cannot click apply button: Message: 
Stacktrace:
#0 0x55922ca9f2ca <unknown>
#1 0x55922c546550 <unknown>
#2 0x55922c5980f0 <unknown>
#3 0x55922c5982e1 <unknown>
#4 0x55922c5e65e4 <unknown>
#5 0x55922c5bdbed <unknown>
#6 0x55922c5e39e6 <unknown>
#7 0x55922c5bd993 <unknown>
#8 0x55922c589d6b <unknown>
#9 0x55922c58b141 <unknown>
#10 0x55922ca642ab <unknown>
#11 0x55922ca680b9 <unknown>
#12 0x55922ca4b139 <unknown>
#13 0x55922ca68c68 <unknown>
#14 0x55922ca2f60f <unknown>
#15 0x55922ca8d1f8 <unknown>
#16 0x55922ca8d3d6 <unknown>
#17 0x55922ca9e5e6 <unknown>
#18 0x7f697349caa4 <unknown>
#19 0x7f6973529c3c <unknown>

2025-08-03 14:09:02,216 - INFO - 🎯 [12/64] Applying to: SERVICE NOW DEVELOPER with Javascript - LINK: https://www.dice.com/job-detail/8bdb5e77-97d5-4e21-b8b5-420ee43f0470
2025-08-03 14:09:18,530 - INFO -    ✅ Successfully applied!
2025-08-03 14:09:28,574 - INFO - 🎯 [13/64] Applying to: Business Analyst - Albany, NY (Onsite) - LINK: https://www.dice.com/job-detail/ef964a98-0ec2-4d2d-bb06-482e40e335a3
2025-08-03 14:09:44,847 - INFO -    ✅ Successfully applied!
2025-08-03 14:09:56,221 - INFO - 🎯 [14/64] Applying to: Enterprise Architect - LINK: https://www.dice.com/job-detail/4f4757a8-7bba-4157-845a-081390f5a7db
2025-08-03 14:10:14,160 - ERROR -    ❌ Cannot click apply button: Message: 
Stacktrace:
#0 0x55922ca9f2ca <unknown>
#1 0x55922c546550 <unknown>
#2 0x55922c5980f0 <unknown>
#3 0x55922c5982e1 <unknown>
#4 0x55922c5e65e4 <unknown>
#5 0x55922c5bdbed <unknown>
#6 0x55922c5e39e6 <unknown>
#7 0x55922c5bd993 <unknown>
#8 0x55922c589d6b <unknown>
#9 0x55922c58b141 <unknown>
#10 0x55922ca642ab <unknown>
#11 0x55922ca680b9 <unknown>
#12 0x55922ca4b139 <unknown>
#13 0x55922ca68c68 <unknown>
#14 0x55922ca2f60f <unknown>
#15 0x55922ca8d1f8 <unknown>
#16 0x55922ca8d3d6 <unknown>
#17 0x55922ca9e5e6 <unknown>
#18 0x7f697349caa4 <unknown>
#19 0x7f6973529c3c <unknown>

2025-08-03 14:10:22,274 - INFO - 🎯 [15/64] Applying to: AWS Java Technical Lead Developer - LINK: https://www.dice.com/job-detail/77e3c4e9-0a31-46e3-9370-1ef992a954ed
2025-08-03 14:10:39,311 - INFO -    ✅ Successfully applied!
2025-08-03 14:10:49,350 - INFO - 🎯 [16/64] Applying to: Embedded Software Engineer (Aerospace Domain) - LINK: https://www.dice.com/job-detail/d5a3c256-6fc0-4cdc-8335-6f3d4e64e189
2025-08-03 14:11:05,007 - INFO -    ✅ Successfully applied!
2025-08-03 14:11:16,062 - INFO - 🎯 [17/64] Applying to: Azure Solution Architect - LINK: https://www.dice.com/job-detail/0acd46cd-6933-4e27-9149-57c484281297
2025-08-03 14:11:35,094 - ERROR -    ❌ Cannot click apply button: Message: 
Stacktrace:
#0 0x55922ca9f2ca <unknown>
#1 0x55922c546550 <unknown>
#2 0x55922c5980f0 <unknown>
#3 0x55922c5982e1 <unknown>
#4 0x55922c5e65e4 <unknown>
#5 0x55922c5bdbed <unknown>
#6 0x55922c5e39e6 <unknown>
#7 0x55922c5bd993 <unknown>
#8 0x55922c589d6b <unknown>
#9 0x55922c58b141 <unknown>
#10 0x55922ca642ab <unknown>
#11 0x55922ca680b9 <unknown>
#12 0x55922ca4b139 <unknown>
#13 0x55922ca68c68 <unknown>
#14 0x55922ca2f60f <unknown>
#15 0x55922ca8d1f8 <unknown>
#16 0x55922ca8d3d6 <unknown>
#17 0x55922ca9e5e6 <unknown>
#18 0x7f697349caa4 <unknown>
#19 0x7f6973529c3c <unknown>

2025-08-03 14:11:45,867 - INFO - 🎯 [18/64] Applying to: .NET Full stack Developer (Locals Only) - LINK: https://www.dice.com/job-detail/87328109-d943-4982-9f09-479c9e1712c6
2025-08-03 14:12:00,844 - INFO -    ✅ Successfully applied!
2025-08-03 14:12:11,316 - INFO - 🎯 [19/64] Applying to: Scala Engineer - Onsite(Denver, CO) - LINK: https://www.dice.com/job-detail/6bd52990-8a4c-458f-8fd5-a5b541779c50
2025-08-03 14:12:27,297 - INFO -    ✅ Successfully applied!
2025-08-03 14:12:35,323 - INFO - 🎯 [20/64] Applying to: Project Administrative Assistant - LINK: https://www.dice.com/job-detail/66b5a566-3778-4088-9bf1-4e0f43058503
2025-08-03 14:12:49,538 - INFO -    ✅ Successfully applied!
2025-08-03 14:12:59,111 - INFO - 🎯 [21/64] Applying to: Google Cloud Platform Architect with .Net in Atlanta, GA - LINK: https://www.dice.com/job-detail/3d5a3cbb-7a30-4325-8135-407d6a1b765b
2025-08-03 14:13:18,597 - ERROR -    ❌ Cannot click apply button: Message: 
Stacktrace:
#0 0x55922ca9f2ca <unknown>
#1 0x55922c546550 <unknown>
#2 0x55922c5980f0 <unknown>
#3 0x55922c5982e1 <unknown>
#4 0x55922c5e65e4 <unknown>
#5 0x55922c5bdbed <unknown>
#6 0x55922c5e39e6 <unknown>
#7 0x55922c5bd993 <unknown>
#8 0x55922c589d6b <unknown>
#9 0x55922c58b141 <unknown>
#10 0x55922ca642ab <unknown>
#11 0x55922ca680b9 <unknown>
#12 0x55922ca4b139 <unknown>
#13 0x55922ca68c68 <unknown>
#14 0x55922ca2f60f <unknown>
#15 0x55922ca8d1f8 <unknown>
#16 0x55922ca8d3d6 <unknown>
#17 0x55922ca9e5e6 <unknown>
#18 0x7f697349caa4 <unknown>
#19 0x7f6973529c3c <unknown>

2025-08-03 14:13:27,799 - INFO - 🎯 [22/64] Applying to: Software Engineer ? Fraud Prevention Team - LINK: https://www.dice.com/job-detail/af1fa258-5961-4bc2-9a44-f4478af2ad40
2025-08-03 14:13:46,663 - ERROR -    ❌ Cannot click apply button: Message: 
Stacktrace:
#0 0x55922ca9f2ca <unknown>
#1 0x55922c546550 <unknown>
#2 0x55922c5980f0 <unknown>
#3 0x55922c5982e1 <unknown>
#4 0x55922c5e65e4 <unknown>
#5 0x55922c5bdbed <unknown>
#6 0x55922c5e39e6 <unknown>
#7 0x55922c5bd993 <unknown>
#8 0x55922c589d6b <unknown>
#9 0x55922c58b141 <unknown>
#10 0x55922ca642ab <unknown>
#11 0x55922ca680b9 <unknown>
#12 0x55922ca4b139 <unknown>
#13 0x55922ca68c68 <unknown>
#14 0x55922ca2f60f <unknown>
#15 0x55922ca8d1f8 <unknown>
#16 0x55922ca8d3d6 <unknown>
#17 0x55922ca9e5e6 <unknown>
#18 0x7f697349caa4 <unknown>
#19 0x7f6973529c3c <unknown>

2025-08-03 14:13:55,565 - INFO - 🎯 [23/64] Applying to: Dynamics Business Analyst- W2 - LINK: https://www.dice.com/job-detail/5b6d4a28-924c-41d6-a571-79eb90f40e2a
2025-08-03 14:14:13,331 - INFO -    ✅ Successfully applied!
2025-08-03 14:14:27,009 - INFO - 🎯 [24/64] Applying to: W2 only UX Content Conversation Designer !! Hybrid in Vienna, VA - LINK: https://www.dice.com/job-detail/d2e956ab-99ea-4470-90a5-92170d12742d
2025-08-03 14:14:47,262 - ERROR -    ❌ Cannot click apply button: Message: 
Stacktrace:
#0 0x55922ca9f2ca <unknown>
#1 0x55922c546550 <unknown>
#2 0x55922c5980f0 <unknown>
#3 0x55922c5982e1 <unknown>
#4 0x55922c5e65e4 <unknown>
#5 0x55922c5bdbed <unknown>
#6 0x55922c5e39e6 <unknown>
#7 0x55922c5bd993 <unknown>
#8 0x55922c589d6b <unknown>
#9 0x55922c58b141 <unknown>
#10 0x55922ca642ab <unknown>
#11 0x55922ca680b9 <unknown>
#12 0x55922ca4b139 <unknown>
#13 0x55922ca68c68 <unknown>
#14 0x55922ca2f60f <unknown>
#15 0x55922ca8d1f8 <unknown>
#16 0x55922ca8d3d6 <unknown>
#17 0x55922ca9e5e6 <unknown>
#18 0x7f697349caa4 <unknown>
#19 0x7f6973529c3c <unknown>

2025-08-03 14:14:57,300 - INFO - 🎯 [25/64] Applying to: Cloud Enterprise Architect - LINK: https://www.dice.com/job-detail/bfcab1f1-d522-459b-bdd5-29de0545bcd2
2025-08-03 14:15:17,482 - ERROR -    ❌ Cannot click apply button: Message: 
Stacktrace:
#0 0x55922ca9f2ca <unknown>
#1 0x55922c546550 <unknown>
#2 0x55922c5980f0 <unknown>
#3 0x55922c5982e1 <unknown>
#4 0x55922c5e65e4 <unknown>
#5 0x55922c5bdbed <unknown>
#6 0x55922c5e39e6 <unknown>
#7 0x55922c5bd993 <unknown>
#8 0x55922c589d6b <unknown>
#9 0x55922c58b141 <unknown>
#10 0x55922ca642ab <unknown>
#11 0x55922ca680b9 <unknown>
#12 0x55922ca4b139 <unknown>
#13 0x55922ca68c68 <unknown>
#14 0x55922ca2f60f <unknown>
#15 0x55922ca8d1f8 <unknown>
#16 0x55922ca8d3d6 <unknown>
#17 0x55922ca9e5e6 <unknown>
#18 0x7f697349caa4 <unknown>
#19 0x7f6973529c3c <unknown>

2025-08-03 14:15:27,216 - INFO - 🎯 [26/64] Applying to: Fulltime || SailPoint IAM Architect || Iselin, NJ - LINK: https://www.dice.com/job-detail/5c31d55c-0eaf-455b-a9b8-3836a466c5f4
2025-08-03 14:15:46,481 - ERROR -    ❌ Cannot click apply button: Message: 
Stacktrace:
#0 0x55922ca9f2ca <unknown>
#1 0x55922c546550 <unknown>
#2 0x55922c5980f0 <unknown>
#3 0x55922c5982e1 <unknown>
#4 0x55922c5e65e4 <unknown>
#5 0x55922c5bdbed <unknown>
#6 0x55922c5e39e6 <unknown>
#7 0x55922c5bd993 <unknown>
#8 0x55922c589d6b <unknown>
#9 0x55922c58b141 <unknown>
#10 0x55922ca642ab <unknown>
#11 0x55922ca680b9 <unknown>
#12 0x55922ca4b139 <unknown>
#13 0x55922ca68c68 <unknown>
#14 0x55922ca2f60f <unknown>
#15 0x55922ca8d1f8 <unknown>
#16 0x55922ca8d3d6 <unknown>
#17 0x55922ca9e5e6 <unknown>
#18 0x7f697349caa4 <unknown>
#19 0x7f6973529c3c <unknown>

2025-08-03 14:15:56,694 - INFO - 🎯 [27/64] Applying to: SQL / Power BI Engineer - LINK: https://www.dice.com/job-detail/853dcbee-1a9f-4dc0-ba4b-4c6120da1ee7
2025-08-03 14:16:09,177 - INFO -    ✅ Successfully applied!
2025-08-03 14:16:16,061 - INFO - 🎯 [28/64] Applying to: Lead Frontend / Angular Developer :: McLean, VA - LINK: https://www.dice.com/job-detail/edb2b200-24af-40f6-953e-019e066efa26
2025-08-03 14:16:30,503 - INFO -    ✅ Successfully applied!
2025-08-03 14:16:40,260 - INFO - 🎯 [29/64] Applying to: Network Engineer V - Onsite Position - LINK: https://www.dice.com/job-detail/558aed33-0ea7-4a9a-acb9-f124b4d52456
2025-08-03 14:16:59,328 - ERROR -    ❌ Cannot click apply button: Message: 
Stacktrace:
#0 0x55922ca9f2ca <unknown>
#1 0x55922c546550 <unknown>
#2 0x55922c5980f0 <unknown>
#3 0x55922c5982e1 <unknown>
#4 0x55922c5e65e4 <unknown>
#5 0x55922c5bdbed <unknown>
#6 0x55922c5e39e6 <unknown>
#7 0x55922c5bd993 <unknown>
#8 0x55922c589d6b <unknown>
#9 0x55922c58b141 <unknown>
#10 0x55922ca642ab <unknown>
#11 0x55922ca680b9 <unknown>
#12 0x55922ca4b139 <unknown>
#13 0x55922ca68c68 <unknown>
#14 0x55922ca2f60f <unknown>
#15 0x55922ca8d1f8 <unknown>
#16 0x55922ca8d3d6 <unknown>
#17 0x55922ca9e5e6 <unknown>
#18 0x7f697349caa4 <unknown>
#19 0x7f6973529c3c <unknown>

2025-08-03 14:17:12,459 - INFO - 🎯 [30/64] Applying to: AI Solution Architect - LINK: https://www.dice.com/job-detail/9dca5a75-740d-4cbd-be26-72a7c1e8785b
2025-08-03 14:17:27,403 - INFO -    ✅ Successfully applied!
2025-08-03 14:17:36,646 - INFO - 🎯 [31/64] Applying to: Senior Data Analyst - LINK: https://www.dice.com/job-detail/86bcb598-f448-4e06-8114-91ac7f8df9ec
2025-08-03 14:17:54,156 - INFO -    ✅ Successfully applied!
2025-08-03 14:18:03,656 - INFO - 🎯 [32/64] Applying to: Sr. Desktop Engineer/Executive Support - LINK: https://www.dice.com/job-detail/85ee477f-0278-47c6-ac59-6e1e12ec02a4
2025-08-03 14:18:20,368 - INFO -    ✅ Successfully applied!
2025-08-03 14:18:28,621 - INFO - 🎯 [33/64] Applying to: Java Developer - LINK: https://www.dice.com/job-detail/6ecb9bd3-8988-42fd-96cb-8bd38a33852a
2025-08-03 14:18:44,893 - INFO -    ✅ Successfully applied!
2025-08-03 14:18:56,210 - INFO - 🎯 [34/64] Applying to: Full Stack Developer - Direct Client - Long Beach, CA - LINK: https://www.dice.com/job-detail/335ea633-e6c3-41d7-8b69-86d2011254f3
2025-08-03 14:19:13,402 - INFO -    ✅ Successfully applied!
2025-08-03 14:19:23,275 - INFO - 🎯 [35/64] Applying to: Data Architect- MS Fabric- Camden, NJ (Hybrid)-Duration: 4 months+ Contract - LINK: https://www.dice.com/job-detail/84e5b6ab-207c-4fab-933a-466edf6ba1cd
2025-08-03 14:19:43,079 - ERROR -    ❌ Cannot click apply button: Message: 
Stacktrace:
#0 0x55922ca9f2ca <unknown>
#1 0x55922c546550 <unknown>
#2 0x55922c5980f0 <unknown>
#3 0x55922c5982e1 <unknown>
#4 0x55922c5e65e4 <unknown>
#5 0x55922c5bdbed <unknown>
#6 0x55922c5e39e6 <unknown>
#7 0x55922c5bd993 <unknown>
#8 0x55922c589d6b <unknown>
#9 0x55922c58b141 <unknown>
#10 0x55922ca642ab <unknown>
#11 0x55922ca680b9 <unknown>
#12 0x55922ca4b139 <unknown>
#13 0x55922ca68c68 <unknown>
#14 0x55922ca2f60f <unknown>
#15 0x55922ca8d1f8 <unknown>
#16 0x55922ca8d3d6 <unknown>
#17 0x55922ca9e5e6 <unknown>
#18 0x7f697349caa4 <unknown>
#19 0x7f6973529c3c <unknown>

2025-08-03 14:19:57,021 - INFO - 🎯 [36/64] Applying to: DevOps engineer (Google Cloud Platform, AI) - LINK: https://www.dice.com/job-detail/c1c19622-95ea-46a6-846a-a4392c404b1d
2025-08-03 14:20:11,211 - INFO -    ✅ Successfully applied!
2025-08-03 14:20:21,374 - INFO - 🎯 [37/64] Applying to: Senior Systems Engineer, Low Latency - R - LINK: https://www.dice.com/job-detail/a06c34ed-a9c3-4a19-acdc-c076ca5641c8
2025-08-03 14:20:35,768 - INFO -    ✅ Successfully applied!
2025-08-03 14:20:44,658 - INFO - 🎯 [38/64] Applying to: Java Fullstack developer - LINK: https://www.dice.com/job-detail/90db0e42-3c6b-4494-aaf6-4c3bb085b851
2025-08-03 14:21:00,069 - INFO -    ✅ Successfully applied!
2025-08-03 14:21:11,537 - INFO - 🎯 [39/64] Applying to: Junior QA Engineer - LINK: https://www.dice.com/job-detail/7236991b-6ffd-44f0-b3c4-5c3203d41870
2025-08-03 14:21:27,714 - INFO -    ✅ Successfully applied!
2025-08-03 14:21:38,135 - INFO - 🎯 [40/64] Applying to: Data Steward/Data Architect - LINK: https://www.dice.com/job-detail/f848f27b-3710-4fd0-bf89-91099ae1805d
2025-08-03 14:21:55,415 - INFO -    ✅ Successfully applied!
2025-08-03 14:22:06,027 - INFO - 🎯 [41/64] Applying to: AWS Cloud Engineer - LINK: https://www.dice.com/job-detail/dfccd98a-f7b8-47d8-b577-6e59b4d0125f
2025-08-03 14:22:22,537 - INFO -    ✅ Successfully applied!
2025-08-03 14:22:32,386 - INFO - 🎯 [42/64] Applying to: AWS Connect Engineer @ Missouri, Texas, New York, New Jersey, Connecticut, California (Hybrid) - LINK: https://www.dice.com/job-detail/2349ad28-935e-4d20-b2a0-626f2f4e9a5a
2025-08-03 14:22:49,377 - INFO -    ✅ Successfully applied!
2025-08-03 14:22:59,986 - INFO - 🎯 [43/64] Applying to: DevOps Engineer - LINK: https://www.dice.com/job-detail/9b5d5ec5-cec6-475b-9f5e-24c1ead17305
2025-08-03 14:23:19,455 - ERROR -    ❌ Cannot click apply button: Message: 
Stacktrace:
#0 0x55922ca9f2ca <unknown>
#1 0x55922c546550 <unknown>
#2 0x55922c5980f0 <unknown>
#3 0x55922c5982e1 <unknown>
#4 0x55922c5e65e4 <unknown>
#5 0x55922c5bdbed <unknown>
#6 0x55922c5e39e6 <unknown>
#7 0x55922c5bd993 <unknown>
#8 0x55922c589d6b <unknown>
#9 0x55922c58b141 <unknown>
#10 0x55922ca642ab <unknown>
#11 0x55922ca680b9 <unknown>
#12 0x55922ca4b139 <unknown>
#13 0x55922ca68c68 <unknown>
#14 0x55922ca2f60f <unknown>
#15 0x55922ca8d1f8 <unknown>
#16 0x55922ca8d3d6 <unknown>
#17 0x55922ca9e5e6 <unknown>
#18 0x7f697349caa4 <unknown>
#19 0x7f6973529c3c <unknown>

2025-08-03 14:23:31,762 - INFO - 🎯 [44/64] Applying to: Data Engineer - LINK: https://www.dice.com/job-detail/9cf13184-2856-4866-8c31-3df4f711a747
2025-08-03 14:23:45,643 - INFO -    ✅ Successfully applied!
2025-08-03 14:23:56,977 - INFO - 🎯 [45/64] Applying to: Data Architect (Cloud) (Only w2) - LINK: https://www.dice.com/job-detail/dfb7dfa9-0372-4b02-b6e7-ed1b8d50cf91
2025-08-03 14:24:11,991 - INFO -    ✅ Successfully applied!
2025-08-03 14:24:21,614 - INFO - 🎯 [46/64] Applying to: Junior PMO Analyst - LINK: https://www.dice.com/job-detail/debe2869-b307-45e2-b0a2-147ecba35cf4
2025-08-03 14:24:40,063 - ERROR -    ❌ Cannot click apply button: Message: 
Stacktrace:
#0 0x55922ca9f2ca <unknown>
#1 0x55922c546550 <unknown>
#2 0x55922c5980f0 <unknown>
#3 0x55922c5982e1 <unknown>
#4 0x55922c5e65e4 <unknown>
#5 0x55922c5bdbed <unknown>
#6 0x55922c5e39e6 <unknown>
#7 0x55922c5bd993 <unknown>
#8 0x55922c589d6b <unknown>
#9 0x55922c58b141 <unknown>
#10 0x55922ca642ab <unknown>
#11 0x55922ca680b9 <unknown>
#12 0x55922ca4b139 <unknown>
#13 0x55922ca68c68 <unknown>
#14 0x55922ca2f60f <unknown>
#15 0x55922ca8d1f8 <unknown>
#16 0x55922ca8d3d6 <unknown>
#17 0x55922ca9e5e6 <unknown>
#18 0x7f697349caa4 <unknown>
#19 0x7f6973529c3c <unknown>

2025-08-03 14:24:48,741 - INFO - 🎯 [47/64] Applying to: SailPoint IAM Architect - LINK: https://www.dice.com/job-detail/1e2f1528-ec39-42b6-8f7c-125fb73a5f94
2025-08-03 14:25:03,835 - INFO -    ✅ Successfully applied!
2025-08-03 14:25:12,129 - INFO - 🎯 [48/64] Applying to: Java Backend Developer - LINK: https://www.dice.com/job-detail/1edcc2f4-5632-4068-adfb-a031fd3660cb
2025-08-03 14:25:27,890 - INFO -    ✅ Successfully applied!
2025-08-03 14:25:37,582 - INFO - 🎯 [49/64] Applying to: Enterprise Solutions Architect - LINK: https://www.dice.com/job-detail/1b6dcf63-391c-459a-bc6d-6aa89dbe213c
2025-08-03 14:25:54,594 - INFO -    ✅ Successfully applied!
2025-08-03 14:26:01,952 - INFO - 🎯 [50/64] Applying to: Microservices Software Engineer - LINK: https://www.dice.com/job-detail/9035e0f7-9c57-47bb-8500-4784c863de79
2025-08-03 14:26:21,243 - ERROR -    ❌ Cannot click apply button: Message: 
Stacktrace:
#0 0x55922ca9f2ca <unknown>
#1 0x55922c546550 <unknown>
#2 0x55922c5980f0 <unknown>
#3 0x55922c5982e1 <unknown>
#4 0x55922c5e65e4 <unknown>
#5 0x55922c5bdbed <unknown>
#6 0x55922c5e39e6 <unknown>
#7 0x55922c5bd993 <unknown>
#8 0x55922c589d6b <unknown>
#9 0x55922c58b141 <unknown>
#10 0x55922ca642ab <unknown>
#11 0x55922ca680b9 <unknown>
#12 0x55922ca4b139 <unknown>
#13 0x55922ca68c68 <unknown>
#14 0x55922ca2f60f <unknown>
#15 0x55922ca8d1f8 <unknown>
#16 0x55922ca8d3d6 <unknown>
#17 0x55922ca9e5e6 <unknown>
#18 0x7f697349caa4 <unknown>
#19 0x7f6973529c3c <unknown>

2025-08-03 14:26:33,734 - INFO - 🎯 [51/64] Applying to: Software Engineer (DevOps) (Contractor) - LINK: https://www.dice.com/job-detail/a66eaf54-dab2-497a-8e6e-b785a4309a76
2025-08-03 14:26:53,678 - ERROR -    ❌ Cannot click apply button: Message: 
Stacktrace:
#0 0x55922ca9f2ca <unknown>
#1 0x55922c546550 <unknown>
#2 0x55922c5980f0 <unknown>
#3 0x55922c5982e1 <unknown>
#4 0x55922c5e65e4 <unknown>
#5 0x55922c5bdbed <unknown>
#6 0x55922c5e39e6 <unknown>
#7 0x55922c5bd993 <unknown>
#8 0x55922c589d6b <unknown>
#9 0x55922c58b141 <unknown>
#10 0x55922ca642ab <unknown>
#11 0x55922ca680b9 <unknown>
#12 0x55922ca4b139 <unknown>
#13 0x55922ca68c68 <unknown>
#14 0x55922ca2f60f <unknown>
#15 0x55922ca8d1f8 <unknown>
#16 0x55922ca8d3d6 <unknown>
#17 0x55922ca9e5e6 <unknown>
#18 0x7f697349caa4 <unknown>
#19 0x7f6973529c3c <unknown>

2025-08-03 14:27:05,125 - INFO - 🎯 [52/64] Applying to: Google Cloud Platform Architect - LINK: https://www.dice.com/job-detail/5dde4571-a570-4440-acff-6f449e5d7841
2025-08-03 14:27:21,633 - INFO -    ✅ Successfully applied!
2025-08-03 14:27:30,281 - INFO - 🎯 [53/64] Applying to: Full Stack Developer (95% Backend Focused) - LINK: https://www.dice.com/job-detail/d3e2ba1e-eb64-4d77-bc67-ff056dc2eb90
2025-08-03 14:27:48,749 - ERROR -    ❌ Cannot click apply button: Message: 
Stacktrace:
#0 0x55922ca9f2ca <unknown>
#1 0x55922c546550 <unknown>
#2 0x55922c5980f0 <unknown>
#3 0x55922c5982e1 <unknown>
#4 0x55922c5e65e4 <unknown>
#5 0x55922c5bdbed <unknown>
#6 0x55922c5e39e6 <unknown>
#7 0x55922c5bd993 <unknown>
#8 0x55922c589d6b <unknown>
#9 0x55922c58b141 <unknown>
#10 0x55922ca642ab <unknown>
#11 0x55922ca680b9 <unknown>
#12 0x55922ca4b139 <unknown>
#13 0x55922ca68c68 <unknown>
#14 0x55922ca2f60f <unknown>
#15 0x55922ca8d1f8 <unknown>
#16 0x55922ca8d3d6 <unknown>
#17 0x55922ca9e5e6 <unknown>
#18 0x7f697349caa4 <unknown>
#19 0x7f6973529c3c <unknown>

2025-08-03 14:27:57,366 - INFO - 🎯 [54/64] Applying to: RPA Solutions Architect - LINK: https://www.dice.com/job-detail/516a65bb-99ca-4cef-bbc4-8312d63a4c84
2025-08-03 14:28:11,946 - INFO -    ✅ Successfully applied!
2025-08-03 14:28:24,907 - INFO - 🎯 [55/64] Applying to: AWS Java Full Stack Developer - LINK: https://www.dice.com/job-detail/d1fc44cc-5241-4058-911d-cc5455d46ae3
2025-08-03 14:28:40,751 - INFO -    ✅ Successfully applied!
2025-08-03 14:28:51,454 - INFO - 🎯 [56/64] Applying to: AWS Kendra and Sagemaker - LINK: https://www.dice.com/job-detail/7ee2658d-16ac-4514-ac58-70dc577ac2ae
2025-08-03 14:29:10,434 - ERROR -    ❌ Cannot click apply button: Message: 
Stacktrace:
#0 0x55922ca9f2ca <unknown>
#1 0x55922c546550 <unknown>
#2 0x55922c5980f0 <unknown>
#3 0x55922c5982e1 <unknown>
#4 0x55922c5e65e4 <unknown>
#5 0x55922c5bdbed <unknown>
#6 0x55922c5e39e6 <unknown>
#7 0x55922c5bd993 <unknown>
#8 0x55922c589d6b <unknown>
#9 0x55922c58b141 <unknown>
#10 0x55922ca642ab <unknown>
#11 0x55922ca680b9 <unknown>
#12 0x55922ca4b139 <unknown>
#13 0x55922ca68c68 <unknown>
#14 0x55922ca2f60f <unknown>
#15 0x55922ca8d1f8 <unknown>
#16 0x55922ca8d3d6 <unknown>
#17 0x55922ca9e5e6 <unknown>
#18 0x7f697349caa4 <unknown>
#19 0x7f6973529c3c <unknown>

2025-08-03 14:29:21,193 - INFO - 🎯 [57/64] Applying to: Enterprise Architect - LINK: https://www.dice.com/job-detail/a368b4e9-1731-49ad-8e3c-984129cb1f93
2025-08-03 14:29:39,445 - ERROR -    ❌ Cannot click apply button: Message: 
Stacktrace:
#0 0x55922ca9f2ca <unknown>
#1 0x55922c546550 <unknown>
#2 0x55922c5980f0 <unknown>
#3 0x55922c5982e1 <unknown>
#4 0x55922c5e65e4 <unknown>
#5 0x55922c5bdbed <unknown>
#6 0x55922c5e39e6 <unknown>
#7 0x55922c5bd993 <unknown>
#8 0x55922c589d6b <unknown>
#9 0x55922c58b141 <unknown>
#10 0x55922ca642ab <unknown>
#11 0x55922ca680b9 <unknown>
#12 0x55922ca4b139 <unknown>
#13 0x55922ca68c68 <unknown>
#14 0x55922ca2f60f <unknown>
#15 0x55922ca8d1f8 <unknown>
#16 0x55922ca8d3d6 <unknown>
#17 0x55922ca9e5e6 <unknown>
#18 0x7f697349caa4 <unknown>
#19 0x7f6973529c3c <unknown>

2025-08-03 14:29:49,500 - INFO - 🎯 [58/64] Applying to: Business Analyst - III - LINK: https://www.dice.com/job-detail/3f445bae-e2f1-4896-a3aa-a679d02cba0b
2025-08-03 14:30:02,580 - INFO -    ✅ Successfully applied!
2025-08-03 14:30:12,910 - INFO - 🎯 [59/64] Applying to: Technical Program Manager- Optics and Display - LINK: https://www.dice.com/job-detail/d87ea328-a57a-4859-a85e-a9f7eac3e4ce
2025-08-03 14:30:27,946 - INFO -    ✅ Successfully applied!
2025-08-03 14:30:36,564 - INFO - 🎯 [60/64] Applying to: Databricks Platform Engineer - LINK: https://www.dice.com/job-detail/d6138496-0b5b-4e6f-95f4-994f21817e0e
2025-08-03 14:30:52,488 - INFO -    ✅ Successfully applied!
2025-08-03 14:31:02,963 - INFO - 🎯 [61/64] Applying to: Lead Full Stack Developer-Anaplan - LINK: https://www.dice.com/job-detail/4b33487a-b5f0-418c-9d80-f75a82ab0816
2025-08-03 14:31:17,152 - INFO -    ✅ Successfully applied!
2025-08-03 14:31:28,290 - INFO - 🎯 [62/64] Applying to: RF Test Engineer - LINK: https://www.dice.com/job-detail/7e821271-8130-49a4-97f8-3a7a233dbe45
2025-08-03 14:31:42,205 - INFO -    ✅ Successfully applied!
2025-08-03 14:31:55,254 - INFO - 🎯 [63/64] Applying to: Senior Business Analyst - LINK: https://www.dice.com/job-detail/149460c3-5a51-43f7-869d-21bf3fb7f095
2025-08-03 14:32:10,551 - INFO -    ✅ Successfully applied!
2025-08-03 14:32:21,885 - INFO - 🎯 [64/64] Applying to: Data Architect/Lead -AVP - Data & Cloud Transformation - LINK: https://www.dice.com/job-detail/1443549a-67f0-4721-899b-ebf13103add7
2025-08-03 14:32:40,032 - ERROR -    ❌ Cannot click apply button: Message: 
Stacktrace:
#0 0x55922ca9f2ca <unknown>
#1 0x55922c546550 <unknown>
#2 0x55922c5980f0 <unknown>
#3 0x55922c5982e1 <unknown>
#4 0x55922c5e65e4 <unknown>
#5 0x55922c5bdbed <unknown>
#6 0x55922c5e39e6 <unknown>
#7 0x55922c5bd993 <unknown>
#8 0x55922c589d6b <unknown>
#9 0x55922c58b141 <unknown>
#10 0x55922ca642ab <unknown>
#11 0x55922ca680b9 <unknown>
#12 0x55922ca4b139 <unknown>
#13 0x55922ca68c68 <unknown>
#14 0x55922ca2f60f <unknown>
#15 0x55922ca8d1f8 <unknown>
#16 0x55922ca8d3d6 <unknown>
#17 0x55922ca9e5e6 <unknown>
#18 0x7f697349caa4 <unknown>
#19 0x7f6973529c3c <unknown>

2025-08-03 14:32:42,587 - INFO - 📊 Processing results...
2025-08-03 14:32:42,643 - INFO - 🎉 Application run completed!
2025-08-03 14:32:42,643 - INFO -    ✅ Newly applied: 43
2025-08-03 14:32:42,643 - INFO -    ⏭️  Already applied: 0
2025-08-03 14:32:42,643 - INFO -    ❌ Failed: 21
2025-08-03 14:32:42,643 - INFO -    📊 Total processed: 64
2025-08-03 14:32:42,643 - INFO -    📁 Total jobs in CSV: 4484
2025-08-03 14:32:42,643 - INFO -    💾 Updated: output/final_ml_jobs.csv
2025-08-03 14:32:42,643 - INFO - 🔧 Closing browser...
