2025-09-13 15:51:00,069 - INFO - 🚀 Starting ROBUST stealth job application bot
2025-09-13 15:51:00,069 - INFO - ⚙️  Debug mode: OFF
2025-09-13 15:51:00,069 - INFO - ⚙️  Process failed jobs: False
2025-09-13 15:51:18,881 - INFO - 📂 Loading jobs from output/final_ml_jobs.csv
2025-09-13 15:51:18,898 - INFO -    📊 Total jobs in file: 2742
2025-09-13 15:51:18,900 - INFO -    🎯 Easy Apply jobs: 2742
2025-09-13 15:51:18,901 - INFO -    ⏳ Jobs to process: 213 (status: pending)
2025-09-13 15:51:18,901 - INFO - 🎲 Will attempt 50 applications this run (target: 50)
2025-09-13 15:51:18,901 - INFO - 🔑 Logging into Dice...
2025-09-13 15:51:22,960 - INFO - ✅ Login successful
2025-09-13 15:51:25,875 - INFO - 🔄 Starting job applications...
2025-09-13 15:51:25,875 - INFO - 🎯 [1/50] Applying to: Sr.DataEngineerWith strongGoogle Cloud PlatformBackground (12+ yrs minimum experience required) - LINK: https://www.dice.com/job-detail/bd4e83df-19ac-4792-a255-f19c57ca4787
2025-09-13 15:51:38,347 - WARNING -    ⚠️  Could not check application status: Message: no such element: Unable to locate element: {"method":"tag name","selector":"apply-button-wc"}
  (Session info: chrome=140.0.7339.80); For documentation on this error, please visit: https://www.selenium.dev/documentation/webdriver/troubleshooting/errors#nosuchelementexception
Stacktrace:
#0 0x561f6742094a <unknown>
#1 0x561f66e958a0 <unknown>
#2 0x561f66ee7540 <unknown>
#3 0x561f66ee7731 <unknown>
#4 0x561f66f35824 <unknown>
#5 0x561f66f0d05d <unknown>
#6 0x561f66f32c23 <unknown>
#7 0x561f66f0ce03 <unknown>
#8 0x561f66ed9968 <unknown>
#9 0x561f66eda5e1 <unknown>
#10 0x561f673e4548 <unknown>
#11 0x561f673e8272 <unknown>
#12 0x561f673cb313 <unknown>
#13 0x561f673e8dc5 <unknown>
#14 0x561f673b049f <unknown>
#15 0x561f6740d158 <unknown>
#16 0x561f6740d332 <unknown>
#17 0x561f6741fa53 <unknown>
#18 0x7fcde149caa4 <unknown>
#19 0x7fcde1529c3c <unknown>

2025-09-13 15:51:41,391 - INFO -    🔄 Looking for apply button...
2025-09-13 15:51:51,487 - ERROR -    ❌ Cannot find apply button: Message: 
Stacktrace:
#0 0x561f6742094a <unknown>
#1 0x561f66e958a0 <unknown>
#2 0x561f66ee7540 <unknown>
#3 0x561f66ee7731 <unknown>
#4 0x561f66f35824 <unknown>
#5 0x561f66f0d05d <unknown>
#6 0x561f66f32c23 <unknown>
#7 0x561f66f0ce03 <unknown>
#8 0x561f66ed9968 <unknown>
#9 0x561f66eda5e1 <unknown>
#10 0x561f673e4548 <unknown>
#11 0x561f673e8272 <unknown>
#12 0x561f673cb313 <unknown>
#13 0x561f673e8dc5 <unknown>
#14 0x561f673b049f <unknown>
#15 0x561f6740d158 <unknown>
#16 0x561f6740d332 <unknown>
#17 0x561f6741fa53 <unknown>
#18 0x7fcde149caa4 <unknown>
#19 0x7fcde1529c3c <unknown>

2025-09-13 15:52:03,074 - INFO - 🎯 [2/50] Applying to: AI/ML Engineer - LINK: https://www.dice.com/job-detail/a96f7203-d06f-44a6-aa93-4c13cc40a0b7
2025-09-13 15:52:15,172 - WARNING -    ⚠️  Could not check application status: Message: no such element: Unable to locate element: {"method":"tag name","selector":"apply-button-wc"}
  (Session info: chrome=140.0.7339.80); For documentation on this error, please visit: https://www.selenium.dev/documentation/webdriver/troubleshooting/errors#nosuchelementexception
Stacktrace:
#0 0x561f6742094a <unknown>
#1 0x561f66e958a0 <unknown>
#2 0x561f66ee7540 <unknown>
#3 0x561f66ee7731 <unknown>
#4 0x561f66f35824 <unknown>
#5 0x561f66f0d05d <unknown>
#6 0x561f66f32c23 <unknown>
#7 0x561f66f0ce03 <unknown>
#8 0x561f66ed9968 <unknown>
#9 0x561f66eda5e1 <unknown>
#10 0x561f673e4548 <unknown>
#11 0x561f673e8272 <unknown>
#12 0x561f673cb313 <unknown>
#13 0x561f673e8dc5 <unknown>
#14 0x561f673b049f <unknown>
#15 0x561f6740d158 <unknown>
#16 0x561f6740d332 <unknown>
#17 0x561f6741fa53 <unknown>
#18 0x7fcde149caa4 <unknown>
#19 0x7fcde1529c3c <unknown>

2025-09-13 15:52:18,215 - INFO -    🔄 Looking for apply button...
2025-09-13 15:52:28,346 - ERROR -    ❌ Cannot find apply button: Message: 
Stacktrace:
#0 0x561f6742094a <unknown>
#1 0x561f66e958a0 <unknown>
#2 0x561f66ee7540 <unknown>
#3 0x561f66ee7731 <unknown>
#4 0x561f66f35824 <unknown>
#5 0x561f66f0d05d <unknown>
#6 0x561f66f32c23 <unknown>
#7 0x561f66f0ce03 <unknown>
#8 0x561f66ed9968 <unknown>
#9 0x561f66eda5e1 <unknown>
#10 0x561f673e4548 <unknown>
#11 0x561f673e8272 <unknown>
#12 0x561f673cb313 <unknown>
#13 0x561f673e8dc5 <unknown>
#14 0x561f673b049f <unknown>
#15 0x561f6740d158 <unknown>
#16 0x561f6740d332 <unknown>
#17 0x561f6741fa53 <unknown>
#18 0x7fcde149caa4 <unknown>
#19 0x7fcde1529c3c <unknown>

2025-09-13 15:52:35,496 - INFO - 🎯 [3/50] Applying to: Business Analyst - LINK: https://www.dice.com/job-detail/628f066b-008f-4a27-98a2-9a11f00ab711
2025-09-13 15:52:47,482 - INFO -    🔄 Looking for apply button...
2025-09-13 15:52:49,734 - INFO -    ✅ Apply button clicked (regular click)
2025-09-13 15:52:52,621 - INFO -    🔍 Checking if we're on application page...
2025-09-13 15:52:52,624 - INFO -    Current URL: https://www.dice.com/apply?eyJjb3JyZWxhdGlvbl9pZCI6ImQ1MDFkNTgxLTgyYTAtNDhjMy1hNTNkLTIyOWYyZjMyODQ3OSIsImRqdlZlcnNpb24iOiJuZXciLCJqb2JJZCI6IjYyOGYwNjZiLTAwOGYtNGEyNy05OGEyLTlhMTFmMDBhYjcxMSIsImpvYlVybCI6Imh0dHBzOi8vd3d3LmRpY2UuY29tL2pvYi1kZXRhaWwvNjI4ZjA2NmItMDA4Zi00YTI3LTk4YTItOWExMWYwMGFiNzExIiwiam9iVGl0bGUiOiJCdXNpbmVzcyBBbmFseXN0Iiwic2VhcmNoTGluayI6IiJ9
2025-09-13 15:52:52,628 - INFO -    Page title: Apply
2025-09-13 15:52:58,152 - INFO -    ✅ Successfully on application page
2025-09-13 15:52:58,163 - INFO -    🔄 Looking for NEXT button...
2025-09-13 15:52:59,087 - INFO -    ✅ NEXT button clicked
2025-09-13 15:53:02,356 - INFO -    🔄 Looking for SUBMIT button...
2025-09-13 15:53:03,999 - INFO -    ✅ SUBMIT button clicked
2025-09-13 15:53:03,999 - INFO -    ✅ Successfully applied!
2025-09-13 15:53:14,375 - INFO - 🎯 [4/50] Applying to: SAP FICO Functional Consultant - LINK: https://www.dice.com/job-detail/2b45c20a-aa46-4c9d-8aae-d2a7bf9adba3
2025-09-13 15:53:26,271 - INFO -    🔄 Looking for apply button...
2025-09-13 15:53:28,374 - INFO -    ✅ Apply button clicked (regular click)
2025-09-13 15:53:31,166 - INFO -    🔍 Checking if we're on application page...
2025-09-13 15:53:31,169 - INFO -    Current URL: https://www.dice.com/apply?eyJjb3JyZWxhdGlvbl9pZCI6IjA0MWIyMWVlLTlhODAtNDkwZi1iMTVjLTI5NjBlNzlhZGQ5YiIsImRqdlZlcnNpb24iOiJuZXciLCJqb2JJZCI6IjJiNDVjMjBhLWFhNDYtNGM5ZC04YWFlLWQyYTdiZjlhZGJhMyIsImpvYlVybCI6Imh0dHBzOi8vd3d3LmRpY2UuY29tL2pvYi1kZXRhaWwvMmI0NWMyMGEtYWE0Ni00YzlkLThhYWUtZDJhN2JmOWFkYmEzIiwiam9iVGl0bGUiOiJTQVAgRklDTyBGdW5jdGlvbmFsIENvbnN1bHRhbnQiLCJzZWFyY2hMaW5rIjoiIn0=
2025-09-13 15:53:31,172 - INFO -    Page title: Apply
2025-09-13 15:53:37,354 - INFO -    ✅ Successfully on application page
2025-09-13 15:53:37,365 - INFO -    🔄 Looking for NEXT button...
2025-09-13 15:53:38,891 - INFO -    ✅ NEXT button clicked
2025-09-13 15:53:41,528 - INFO -    🔄 Looking for SUBMIT button...
2025-09-13 15:53:43,431 - INFO -    ✅ SUBMIT button clicked
2025-09-13 15:53:43,431 - INFO -    ✅ Successfully applied!
2025-09-13 15:53:52,599 - INFO - 🎯 [5/50] Applying to: Technical and BI Architect - LINK: https://www.dice.com/job-detail/6bec60c6-cfa6-4e5a-8bfc-80e2f1e7c6b3
2025-09-13 15:54:05,058 - INFO -    🔄 Looking for apply button...
2025-09-13 15:54:06,386 - INFO -    ✅ Apply button clicked (regular click)
2025-09-13 15:54:09,465 - INFO -    🔍 Checking if we're on application page...
2025-09-13 15:54:09,468 - INFO -    Current URL: https://www.dice.com/apply?eyJjb3JyZWxhdGlvbl9pZCI6IjE4MTE0MDMyLThhOTEtNDY0MC1hYzk3LTc1ZjFkZTRhOGRiMyIsImRqdlZlcnNpb24iOiJuZXciLCJqb2JJZCI6IjZiZWM2MGM2LWNmYTYtNGU1YS04YmZjLTgwZTJmMWU3YzZiMyIsImpvYlVybCI6Imh0dHBzOi8vd3d3LmRpY2UuY29tL2pvYi1kZXRhaWwvNmJlYzYwYzYtY2ZhNi00ZTVhLThiZmMtODBlMmYxZTdjNmIzIiwiam9iVGl0bGUiOiJUZWNobmljYWwgYW5kIEJJIEFyY2hpdGVjdCIsInNlYXJjaExpbmsiOiIifQ=%3D
2025-09-13 15:54:09,472 - INFO -    Page title: Apply
2025-09-13 15:54:14,346 - INFO -    ✅ Successfully on application page
2025-09-13 15:54:14,357 - INFO -    🔄 Looking for NEXT button...
2025-09-13 15:54:16,513 - INFO -    ✅ NEXT button clicked
2025-09-13 15:54:18,853 - INFO -    🔄 Looking for SUBMIT button...
2025-09-13 15:54:19,661 - INFO -    ✅ SUBMIT button clicked
2025-09-13 15:54:19,661 - INFO -    ✅ Successfully applied!
2025-09-13 15:54:28,807 - INFO - 🎯 [6/50] Applying to: Business Intelligence Analyst - Jr - LINK: https://www.dice.com/job-detail/c05cc3ce-98ca-4d3c-8f6a-87d046462cac
2025-09-13 15:54:40,257 - INFO -    🔄 Looking for apply button...
2025-09-13 15:54:42,800 - INFO -    ✅ Apply button clicked (regular click)
2025-09-13 15:54:46,172 - INFO -    🔍 Checking if we're on application page...
2025-09-13 15:54:46,175 - INFO -    Current URL: https://www.dice.com/apply?eyJjb3JyZWxhdGlvbl9pZCI6ImU3NjQ3NzRiLTI1OTQtNDJiYi1hMGNkLTliN2ZhYmQ5Yjk4NiIsImRqdlZlcnNpb24iOiJuZXciLCJqb2JJZCI6ImMwNWNjM2NlLTk4Y2EtNGQzYy04ZjZhLTg3ZDA0NjQ2MmNhYyIsImpvYlVybCI6Imh0dHBzOi8vd3d3LmRpY2UuY29tL2pvYi1kZXRhaWwvYzA1Y2MzY2UtOThjYS00ZDNjLThmNmEtODdkMDQ2NDYyY2FjIiwiam9iVGl0bGUiOiJCdXNpbmVzcyBJbnRlbGxpZ2VuY2UgQW5hbHlzdCAtIEpyIiwic2VhcmNoTGluayI6IiJ9
2025-09-13 15:54:46,179 - INFO -    Page title: Apply
2025-09-13 15:54:51,923 - INFO -    ✅ Successfully on application page
2025-09-13 15:54:51,935 - INFO -    🔄 Looking for NEXT button...
2025-09-13 15:54:54,144 - INFO -    ✅ NEXT button clicked
2025-09-13 15:54:57,288 - INFO -    🔄 Looking for SUBMIT button...
2025-09-13 15:54:59,344 - INFO -    ✅ SUBMIT button clicked
2025-09-13 15:54:59,344 - INFO -    ✅ Successfully applied!
2025-09-13 15:55:11,196 - INFO - 🎯 [7/50] Applying to: AI/ML Architect and Sr AI/ML Architect - Hartford, CT - LINK: https://www.dice.com/job-detail/f60aa3c2-3294-4a4d-8970-7215b01fc977
2025-09-13 15:55:23,303 - INFO -    🔄 Looking for apply button...
2025-09-13 15:55:25,354 - INFO -    ✅ Apply button clicked (regular click)
2025-09-13 15:55:27,919 - INFO -    🔍 Checking if we're on application page...
2025-09-13 15:55:27,922 - INFO -    Current URL: https://www.dice.com/apply?eyJjb3JyZWxhdGlvbl9pZCI6IjhjNTY4OTdjLWYwNDAtNDRhZC04ODY1LWFhODY0MWRiZjk3ZSIsImRqdlZlcnNpb24iOiJuZXciLCJqb2JJZCI6ImY2MGFhM2MyLTMyOTQtNGE0ZC04OTcwLTcyMTViMDFmYzk3NyIsImpvYlVybCI6Imh0dHBzOi8vd3d3LmRpY2UuY29tL2pvYi1kZXRhaWwvZjYwYWEzYzItMzI5NC00YTRkLTg5NzAtNzIxNWIwMWZjOTc3Iiwiam9iVGl0bGUiOiJBSS9NTCBBcmNoaXRlY3QgYW5kIFNyIEFJL01MIEFyY2hpdGVjdCAtIEhhcnRmb3JkLCBDVCIsInNlYXJjaExpbmsiOiIifQ=%3D
2025-09-13 15:55:27,925 - INFO -    Page title: Apply
2025-09-13 15:55:33,128 - INFO -    ✅ Successfully on application page
2025-09-13 15:55:33,140 - INFO -    🔄 Looking for NEXT button...
2025-09-13 15:55:34,492 - INFO -    ✅ NEXT button clicked
2025-09-13 15:55:36,586 - INFO -    🔄 Looking for SUBMIT button...
2025-09-13 15:55:38,242 - INFO -    ✅ SUBMIT button clicked
2025-09-13 15:55:38,242 - INFO -    ✅ Successfully applied!
2025-09-13 15:55:46,883 - INFO - 🎯 [8/50] Applying to: Lead AWS Cloud Platform Engineer - LINK: https://www.dice.com/job-detail/ec8182c7-b2b8-44d8-a07a-e4b12be485bb
2025-09-13 15:55:59,290 - INFO -    🔄 Looking for apply button...
2025-09-13 15:56:01,464 - INFO -    ✅ Apply button clicked (regular click)
2025-09-13 15:56:05,134 - INFO -    🔍 Checking if we're on application page...
2025-09-13 15:56:05,138 - INFO -    Current URL: https://www.dice.com/apply?eyJjb3JyZWxhdGlvbl9pZCI6ImZkMzNhNDU0LWY4NDktNDIwZi05OWQyLTBkYzFkOThkMDdhNSIsImRqdlZlcnNpb24iOiJuZXciLCJqb2JJZCI6ImVjODE4MmM3LWIyYjgtNDRkOC1hMDdhLWU0YjEyYmU0ODViYiIsImpvYlVybCI6Imh0dHBzOi8vd3d3LmRpY2UuY29tL2pvYi1kZXRhaWwvZWM4MTgyYzctYjJiOC00NGQ4LWEwN2EtZTRiMTJiZTQ4NWJiIiwiam9iVGl0bGUiOiJMZWFkIEFXUyBDbG91ZCBQbGF0Zm9ybSBFbmdpbmVlciIsInNlYXJjaExpbmsiOiIifQ=%3D
2025-09-13 15:56:05,141 - INFO -    Page title: Apply
2025-09-13 15:56:09,874 - INFO -    ✅ Successfully on application page
2025-09-13 15:56:09,886 - INFO -    🔄 Looking for NEXT button...
2025-09-13 15:56:11,548 - INFO -    ✅ NEXT button clicked
2025-09-13 15:56:14,250 - INFO -    🔄 Looking for SUBMIT button...
2025-09-13 15:56:15,237 - INFO -    ✅ SUBMIT button clicked
2025-09-13 15:56:15,237 - INFO -    ✅ Successfully applied!
2025-09-13 15:56:25,637 - INFO - 🎯 [9/50] Applying to: Sr.DataEngineerWith strongGoogle Cloud PlatformBackground (12+ yrs minimum experience required) - LINK: https://www.dice.com/job-detail/881415c8-4d43-4694-b69c-66cbb92dcdfa
2025-09-13 15:56:39,342 - INFO -    🔄 Looking for apply button...
2025-09-13 15:56:41,811 - INFO -    ✅ Apply button clicked (regular click)
2025-09-13 15:56:45,280 - INFO -    🔍 Checking if we're on application page...
2025-09-13 15:56:45,283 - INFO -    Current URL: https://www.dice.com/apply?eyJjb3JyZWxhdGlvbl9pZCI6ImQ2MjgxNjMwLTUwNDgtNDQ5MC1iNjdkLWM4ZjlmOGFkNGMzMiIsImRqdlZlcnNpb24iOiJuZXciLCJqb2JJZCI6Ijg4MTQxNWM4LTRkNDMtNDY5NC1iNjljLTY2Y2JiOTJkY2RmYSIsImpvYlVybCI6Imh0dHBzOi8vd3d3LmRpY2UuY29tL2pvYi1kZXRhaWwvODgxNDE1YzgtNGQ0My00Njk0LWI2OWMtNjZjYmI5MmRjZGZhIiwiam9iVGl0bGUiOiJTci5EYXRhRW5naW5lZXJXaXRoIHN0cm9uZ0dvb2dsZSBDbG91ZCBQbGF0Zm9ybUJhY2tncm91bmQgKDEyKyB5cnMgbWluaW11bSBleHBlcmllbmNlIHJlcXVpcmVkKSIsInNlYXJjaExpbmsiOiIifQ=%3D
2025-09-13 15:56:45,287 - INFO -    Page title: Apply
2025-09-13 15:56:50,438 - INFO -    ✅ Successfully on application page
2025-09-13 15:56:50,450 - INFO -    🔄 Looking for NEXT button...
2025-09-13 15:56:51,305 - INFO -    ✅ NEXT button clicked
2025-09-13 15:56:54,627 - INFO -    🔄 Looking for SUBMIT button...
2025-09-13 15:56:56,255 - INFO -    ✅ SUBMIT button clicked
2025-09-13 15:56:56,256 - INFO -    ✅ Successfully applied!
2025-09-13 15:57:07,020 - INFO - 🎯 [10/50] Applying to: Sr. Data Scientist / AI-ML Engineer - 10+yrs - Westerville, OH (locals ) - LINK: https://www.dice.com/job-detail/08fc9909-190d-4a3b-9cc6-13797bce5a32
2025-09-13 15:57:19,563 - WARNING -    ⚠️  Could not check application status: Message: no such element: Unable to locate element: {"method":"tag name","selector":"apply-button-wc"}
  (Session info: chrome=140.0.7339.80); For documentation on this error, please visit: https://www.selenium.dev/documentation/webdriver/troubleshooting/errors#nosuchelementexception
Stacktrace:
#0 0x561f6742094a <unknown>
#1 0x561f66e958a0 <unknown>
#2 0x561f66ee7540 <unknown>
#3 0x561f66ee7731 <unknown>
#4 0x561f66f35824 <unknown>
#5 0x561f66f0d05d <unknown>
#6 0x561f66f32c23 <unknown>
#7 0x561f66f0ce03 <unknown>
#8 0x561f66ed9968 <unknown>
#9 0x561f66eda5e1 <unknown>
#10 0x561f673e4548 <unknown>
#11 0x561f673e8272 <unknown>
#12 0x561f673cb313 <unknown>
#13 0x561f673e8dc5 <unknown>
#14 0x561f673b049f <unknown>
#15 0x561f6740d158 <unknown>
#16 0x561f6740d332 <unknown>
#17 0x561f6741fa53 <unknown>
#18 0x7fcde149caa4 <unknown>
#19 0x7fcde1529c3c <unknown>

2025-09-13 15:57:22,615 - INFO -    🔄 Looking for apply button...
2025-09-13 15:57:32,757 - ERROR -    ❌ Cannot find apply button: Message: 
Stacktrace:
#0 0x561f6742094a <unknown>
#1 0x561f66e958a0 <unknown>
#2 0x561f66ee7540 <unknown>
#3 0x561f66ee7731 <unknown>
#4 0x561f66f35824 <unknown>
#5 0x561f66f0d05d <unknown>
#6 0x561f66f32c23 <unknown>
#7 0x561f66f0ce03 <unknown>
#8 0x561f66ed9968 <unknown>
#9 0x561f66eda5e1 <unknown>
#10 0x561f673e4548 <unknown>
#11 0x561f673e8272 <unknown>
#12 0x561f673cb313 <unknown>
#13 0x561f673e8dc5 <unknown>
#14 0x561f673b049f <unknown>
#15 0x561f6740d158 <unknown>
#16 0x561f6740d332 <unknown>
#17 0x561f6741fa53 <unknown>
#18 0x7fcde149caa4 <unknown>
#19 0x7fcde1529c3c <unknown>

2025-09-13 15:57:42,620 - INFO - 🎯 [11/50] Applying to: Systems Engineer (Software Integration and Testing) - LINK: https://www.dice.com/job-detail/5f209f5e-990c-4531-9cd6-784fabc9d71e
2025-09-13 15:57:51,693 - INFO -    ⏭️  Already applied - skipping
2025-09-13 15:58:03,044 - INFO - 🎯 [12/50] Applying to: SQL Data Engineer - LINK: https://www.dice.com/job-detail/465efe3a-0964-444c-8b92-f90688f0b1cd
2025-09-13 15:58:13,703 - INFO -    ⏭️  Already applied - skipping
2025-09-13 15:58:22,091 - INFO - 🎯 [13/50] Applying to: Data Scientist - music industry - LINK: https://www.dice.com/job-detail/cdebc3d1-c006-4506-8d19-d41294ebb720
2025-09-13 15:58:35,342 - WARNING -    ⚠️  Could not check application status: Message: no such element: Unable to locate element: {"method":"tag name","selector":"apply-button-wc"}
  (Session info: chrome=140.0.7339.80); For documentation on this error, please visit: https://www.selenium.dev/documentation/webdriver/troubleshooting/errors#nosuchelementexception
Stacktrace:
#0 0x561f6742094a <unknown>
#1 0x561f66e958a0 <unknown>
#2 0x561f66ee7540 <unknown>
#3 0x561f66ee7731 <unknown>
#4 0x561f66f35824 <unknown>
#5 0x561f66f0d05d <unknown>
#6 0x561f66f32c23 <unknown>
#7 0x561f66f0ce03 <unknown>
#8 0x561f66ed9968 <unknown>
#9 0x561f66eda5e1 <unknown>
#10 0x561f673e4548 <unknown>
#11 0x561f673e8272 <unknown>
#12 0x561f673cb313 <unknown>
#13 0x561f673e8dc5 <unknown>
#14 0x561f673b049f <unknown>
#15 0x561f6740d158 <unknown>
#16 0x561f6740d332 <unknown>
#17 0x561f6741fa53 <unknown>
#18 0x7fcde149caa4 <unknown>
#19 0x7fcde1529c3c <unknown>

2025-09-13 15:58:38,353 - INFO -    🔄 Looking for apply button...
2025-09-13 15:58:48,477 - ERROR -    ❌ Cannot find apply button: Message: 
Stacktrace:
#0 0x561f6742094a <unknown>
#1 0x561f66e958a0 <unknown>
#2 0x561f66ee7540 <unknown>
#3 0x561f66ee7731 <unknown>
#4 0x561f66f35824 <unknown>
#5 0x561f66f0d05d <unknown>
#6 0x561f66f32c23 <unknown>
#7 0x561f66f0ce03 <unknown>
#8 0x561f66ed9968 <unknown>
#9 0x561f66eda5e1 <unknown>
#10 0x561f673e4548 <unknown>
#11 0x561f673e8272 <unknown>
#12 0x561f673cb313 <unknown>
#13 0x561f673e8dc5 <unknown>
#14 0x561f673b049f <unknown>
#15 0x561f6740d158 <unknown>
#16 0x561f6740d332 <unknown>
#17 0x561f6741fa53 <unknown>
#18 0x7fcde149caa4 <unknown>
#19 0x7fcde1529c3c <unknown>

2025-09-13 15:58:59,201 - INFO - 🎯 [14/50] Applying to: GenAI Engineer - LINK: https://www.dice.com/job-detail/9bb9bf82-f36a-4590-b89f-7585f04cbfce
2025-09-13 15:59:11,976 - WARNING -    ⚠️  Could not check application status: Message: no such element: Unable to locate element: {"method":"tag name","selector":"apply-button-wc"}
  (Session info: chrome=140.0.7339.80); For documentation on this error, please visit: https://www.selenium.dev/documentation/webdriver/troubleshooting/errors#nosuchelementexception
Stacktrace:
#0 0x561f6742094a <unknown>
#1 0x561f66e958a0 <unknown>
#2 0x561f66ee7540 <unknown>
#3 0x561f66ee7731 <unknown>
#4 0x561f66f35824 <unknown>
#5 0x561f66f0d05d <unknown>
#6 0x561f66f32c23 <unknown>
#7 0x561f66f0ce03 <unknown>
#8 0x561f66ed9968 <unknown>
#9 0x561f66eda5e1 <unknown>
#10 0x561f673e4548 <unknown>
#11 0x561f673e8272 <unknown>
#12 0x561f673cb313 <unknown>
#13 0x561f673e8dc5 <unknown>
#14 0x561f673b049f <unknown>
#15 0x561f6740d158 <unknown>
#16 0x561f6740d332 <unknown>
#17 0x561f6741fa53 <unknown>
#18 0x7fcde149caa4 <unknown>
#19 0x7fcde1529c3c <unknown>

2025-09-13 15:59:15,017 - INFO -    🔄 Looking for apply button...
2025-09-13 15:59:25,154 - ERROR -    ❌ Cannot find apply button: Message: 
Stacktrace:
#0 0x561f6742094a <unknown>
#1 0x561f66e958a0 <unknown>
#2 0x561f66ee7540 <unknown>
#3 0x561f66ee7731 <unknown>
#4 0x561f66f35824 <unknown>
#5 0x561f66f0d05d <unknown>
#6 0x561f66f32c23 <unknown>
#7 0x561f66f0ce03 <unknown>
#8 0x561f66ed9968 <unknown>
#9 0x561f66eda5e1 <unknown>
#10 0x561f673e4548 <unknown>
#11 0x561f673e8272 <unknown>
#12 0x561f673cb313 <unknown>
#13 0x561f673e8dc5 <unknown>
#14 0x561f673b049f <unknown>
#15 0x561f6740d158 <unknown>
#16 0x561f6740d332 <unknown>
#17 0x561f6741fa53 <unknown>
#18 0x7fcde149caa4 <unknown>
#19 0x7fcde1529c3c <unknown>

2025-09-13 15:59:34,534 - INFO - 🎯 [15/50] Applying to: Business Analyst - LINK: https://www.dice.com/job-detail/ff5034b9-b902-456c-892f-aae4ee33cd73
2025-09-13 15:59:46,982 - INFO -    🔄 Looking for apply button...
2025-09-13 15:59:48,827 - INFO -    ✅ Apply button clicked (regular click)
2025-09-13 15:59:52,182 - INFO -    🔍 Checking if we're on application page...
2025-09-13 15:59:52,185 - INFO -    Current URL: https://www.dice.com/apply?eyJjb3JyZWxhdGlvbl9pZCI6ImFkOGIxYzUxLWQ3ZWUtNDliYi05MjhhLTUxNDUwMWQ1ZjZlNCIsImRqdlZlcnNpb24iOiJuZXciLCJqb2JJZCI6ImZmNTAzNGI5LWI5MDItNDU2Yy04OTJmLWFhZTRlZTMzY2Q3MyIsImpvYlVybCI6Imh0dHBzOi8vd3d3LmRpY2UuY29tL2pvYi1kZXRhaWwvZmY1MDM0YjktYjkwMi00NTZjLTg5MmYtYWFlNGVlMzNjZDczIiwiam9iVGl0bGUiOiJCdXNpbmVzcyBBbmFseXN0Iiwic2VhcmNoTGluayI6IiJ9
2025-09-13 15:59:52,188 - INFO -    Page title: Apply
2025-09-13 15:59:58,353 - INFO -    ✅ Successfully on application page
2025-09-13 15:59:58,364 - INFO -    🔄 Looking for NEXT button...
2025-09-13 15:59:59,816 - INFO -    ✅ NEXT button clicked
2025-09-13 16:00:04,184 - INFO -    🔄 Looking for SUBMIT button...
2025-09-13 16:00:05,477 - INFO -    ✅ SUBMIT button clicked
2025-09-13 16:00:05,477 - INFO -    ✅ Successfully applied!
2025-09-13 16:00:16,783 - INFO - 🎯 [16/50] Applying to: Senior Embedded Software Engineer - LINK: https://www.dice.com/job-detail/d17c9b6b-e655-4ccf-862d-5dc9346f36fb
2025-09-13 16:00:29,251 - INFO -    🔄 Looking for apply button...
2025-09-13 16:00:30,958 - INFO -    ✅ Apply button clicked (regular click)
2025-09-13 16:00:33,424 - INFO -    🔍 Checking if we're on application page...
2025-09-13 16:00:33,428 - INFO -    Current URL: https://www.dice.com/apply?eyJjb3JyZWxhdGlvbl9pZCI6IjA0YTVjYjQzLTYzNzktNGU0ZC05MTM0LWM5NTI3NTljY2RhZCIsImRqdlZlcnNpb24iOiJuZXciLCJqb2JJZCI6ImQxN2M5YjZiLWU2NTUtNGNjZi04NjJkLTVkYzkzNDZmMzZmYiIsImpvYlVybCI6Imh0dHBzOi8vd3d3LmRpY2UuY29tL2pvYi1kZXRhaWwvZDE3YzliNmItZTY1NS00Y2NmLTg2MmQtNWRjOTM0NmYzNmZiIiwiam9iVGl0bGUiOiJTZW5pb3IgRW1iZWRkZWQgU29mdHdhcmUgRW5naW5lZXIiLCJzZWFyY2hMaW5rIjoiIn0=
2025-09-13 16:00:33,431 - INFO -    Page title: Apply
2025-09-13 16:00:37,795 - INFO -    ✅ Successfully on application page
2025-09-13 16:00:37,807 - INFO -    🔄 Looking for NEXT button...
2025-09-13 16:00:38,968 - INFO -    ✅ NEXT button clicked
2025-09-13 16:00:42,261 - INFO -    🔄 Looking for SUBMIT button...
2025-09-13 16:00:44,790 - INFO -    ✅ SUBMIT button clicked
2025-09-13 16:00:44,791 - INFO -    ✅ Successfully applied!
2025-09-13 16:00:52,317 - INFO - 🎯 [17/50] Applying to: Principal Software Engineer Embedded Systems, Product Cybersecurity (VSE) - LINK: https://www.dice.com/job-detail/e5c4e0c7-ac52-4f41-a2f6-45cfd1d0aea2
2025-09-13 16:01:05,697 - INFO -    🔄 Looking for apply button...
2025-09-13 16:01:07,000 - INFO -    ✅ Apply button clicked (regular click)
2025-09-13 16:01:09,197 - INFO -    🔍 Checking if we're on application page...
2025-09-13 16:01:09,200 - INFO -    Current URL: https://www.dice.com/apply?eyJjb3JyZWxhdGlvbl9pZCI6IjMzMmRlZjhlLWQxODktNGVjMi05NzdmLTk3NTMwMzA3N2EzNiIsImRqdlZlcnNpb24iOiJuZXciLCJqb2JJZCI6ImU1YzRlMGM3LWFjNTItNGY0MS1hMmY2LTQ1Y2ZkMWQwYWVhMiIsImpvYlVybCI6Imh0dHBzOi8vd3d3LmRpY2UuY29tL2pvYi1kZXRhaWwvZTVjNGUwYzctYWM1Mi00ZjQxLWEyZjYtNDVjZmQxZDBhZWEyIiwiam9iVGl0bGUiOiJQcmluY2lwYWwgU29mdHdhcmUgRW5naW5lZXIgRW1iZWRkZWQgU3lzdGVtcywgUHJvZHVjdCBDeWJlcnNlY3VyaXR5IChWU0UpIiwic2VhcmNoTGluayI6IiJ9
2025-09-13 16:01:09,204 - INFO -    Page title: Apply
2025-09-13 16:01:13,930 - INFO -    ✅ Successfully on application page
2025-09-13 16:01:13,941 - INFO -    🔄 Looking for NEXT button...
2025-09-13 16:01:15,517 - INFO -    ✅ NEXT button clicked
2025-09-13 16:01:18,290 - INFO -    🔄 Looking for SUBMIT button...
2025-09-13 16:01:19,652 - INFO -    ✅ SUBMIT button clicked
2025-09-13 16:01:19,653 - INFO -    ✅ Successfully applied!
2025-09-13 16:01:30,825 - INFO - 🎯 [18/50] Applying to: Senior Data Engineer - LINK: https://www.dice.com/job-detail/f207c8cf-e3d7-4e7d-b144-581c0eac2480
2025-09-13 16:01:42,447 - INFO -    🔄 Looking for apply button...
2025-09-13 16:01:43,731 - INFO -    ✅ Apply button clicked (regular click)
2025-09-13 16:01:46,922 - INFO -    🔍 Checking if we're on application page...
2025-09-13 16:01:46,925 - INFO -    Current URL: https://www.dice.com/apply?eyJjb3JyZWxhdGlvbl9pZCI6IjYwN2FjMjJhLWJlMmUtNDViZi05OTI0LTE0NzZlOWVhZWQzOSIsImRqdlZlcnNpb24iOiJuZXciLCJqb2JJZCI6ImYyMDdjOGNmLWUzZDctNGU3ZC1iMTQ0LTU4MWMwZWFjMjQ4MCIsImpvYlVybCI6Imh0dHBzOi8vd3d3LmRpY2UuY29tL2pvYi1kZXRhaWwvZjIwN2M4Y2YtZTNkNy00ZTdkLWIxNDQtNTgxYzBlYWMyNDgwIiwiam9iVGl0bGUiOiJTZW5pb3IgRGF0YSBFbmdpbmVlciIsInNlYXJjaExpbmsiOiIifQ=%3D
2025-09-13 16:01:46,928 - INFO -    Page title: Apply
2025-09-13 16:01:52,582 - INFO -    ✅ Successfully on application page
2025-09-13 16:01:52,593 - INFO -    🔄 Looking for NEXT button...
2025-09-13 16:01:54,576 - INFO -    ✅ NEXT button clicked
2025-09-13 16:01:58,282 - INFO -    🔄 Looking for SUBMIT button...
2025-09-13 16:02:00,459 - INFO -    ✅ SUBMIT button clicked
2025-09-13 16:02:00,459 - INFO -    ✅ Successfully applied!
2025-09-13 16:02:12,922 - INFO - 🎯 [19/50] Applying to: Data Science Senior Manager - LINK: https://www.dice.com/job-detail/2be783e2-209b-482d-9beb-b8387227d53c
2025-09-13 16:02:25,323 - INFO -    🔄 Looking for apply button...
2025-09-13 16:02:27,913 - INFO -    ✅ Apply button clicked (regular click)
2025-09-13 16:02:30,158 - INFO -    🔍 Checking if we're on application page...
2025-09-13 16:02:30,161 - INFO -    Current URL: https://www.dice.com/apply?eyJjb3JyZWxhdGlvbl9pZCI6IjRlYTk3MjNhLTEyMDktNGIzNi05YjU1LTMyZDBiYTI1YTZhNiIsImRqdlZlcnNpb24iOiJuZXciLCJqb2JJZCI6IjJiZTc4M2UyLTIwOWItNDgyZC05YmViLWI4Mzg3MjI3ZDUzYyIsImpvYlVybCI6Imh0dHBzOi8vd3d3LmRpY2UuY29tL2pvYi1kZXRhaWwvMmJlNzgzZTItMjA5Yi00ODJkLTliZWItYjgzODcyMjdkNTNjIiwiam9iVGl0bGUiOiJEYXRhIFNjaWVuY2UgU2VuaW9yIE1hbmFnZXIiLCJzZWFyY2hMaW5rIjoiIn0=
2025-09-13 16:02:30,164 - INFO -    Page title: Apply
2025-09-13 16:02:34,992 - INFO -    ✅ Successfully on application page
2025-09-13 16:02:35,003 - INFO -    🔄 Looking for NEXT button...
2025-09-13 16:02:36,453 - INFO -    ✅ NEXT button clicked
2025-09-13 16:02:38,705 - INFO -    🔄 Looking for SUBMIT button...
2025-09-13 16:02:41,099 - INFO -    ✅ SUBMIT button clicked
2025-09-13 16:02:41,100 - INFO -    ✅ Successfully applied!
2025-09-13 16:02:51,149 - INFO - 🎯 [20/50] Applying to: Data Analyst - LINK: https://www.dice.com/job-detail/24be296f-184b-46d9-aa8d-0697fca59081
2025-09-13 16:03:01,996 - INFO -    🔄 Looking for apply button...
2025-09-13 16:03:04,073 - INFO -    ✅ Apply button clicked (regular click)
2025-09-13 16:03:06,496 - INFO -    🔍 Checking if we're on application page...
2025-09-13 16:03:06,499 - INFO -    Current URL: https://www.dice.com/apply?eyJjb3JyZWxhdGlvbl9pZCI6IjNmODQ3NTJiLWRmMGMtNDA0Ny05NjY4LTZiZTc4MzM4ZDFiNiIsImRqdlZlcnNpb24iOiJuZXciLCJqb2JJZCI6IjI0YmUyOTZmLTE4NGItNDZkOS1hYThkLTA2OTdmY2E1OTA4MSIsImpvYlVybCI6Imh0dHBzOi8vd3d3LmRpY2UuY29tL2pvYi1kZXRhaWwvMjRiZTI5NmYtMTg0Yi00NmQ5LWFhOGQtMDY5N2ZjYTU5MDgxIiwiam9iVGl0bGUiOiJEYXRhIEFuYWx5c3QiLCJzZWFyY2hMaW5rIjoiIn0=
2025-09-13 16:03:06,502 - INFO -    Page title: Apply
2025-09-13 16:03:10,845 - INFO -    ✅ Successfully on application page
2025-09-13 16:03:10,856 - INFO -    🔄 Looking for NEXT button...
2025-09-13 16:03:12,489 - INFO -    ✅ NEXT button clicked
2025-09-13 16:03:14,371 - INFO -    🔄 Looking for SUBMIT button...
2025-09-13 16:03:15,011 - INFO -    ✅ SUBMIT button clicked
2025-09-13 16:03:15,012 - INFO -    ✅ Successfully applied!
2025-09-13 16:03:22,209 - INFO - 🎯 [21/50] Applying to: UKG Lead API Consultant - LINK: https://www.dice.com/job-detail/3ad4292c-aeee-4db0-bfdd-c5c95891c368
2025-09-13 16:03:34,656 - INFO -    🔄 Looking for apply button...
2025-09-13 16:03:36,555 - INFO -    ✅ Apply button clicked (regular click)
2025-09-13 16:03:39,475 - INFO -    🔍 Checking if we're on application page...
2025-09-13 16:03:39,478 - INFO -    Current URL: https://www.dice.com/apply?eyJjb3JyZWxhdGlvbl9pZCI6IjZlMTZhNjQ4LTk0NDgtNGNkNi04OGI4LWM1NDNkNjM3OGRmYSIsImRqdlZlcnNpb24iOiJuZXciLCJqb2JJZCI6IjNhZDQyOTJjLWFlZWUtNGRiMC1iZmRkLWM1Yzk1ODkxYzM2OCIsImpvYlVybCI6Imh0dHBzOi8vd3d3LmRpY2UuY29tL2pvYi1kZXRhaWwvM2FkNDI5MmMtYWVlZS00ZGIwLWJmZGQtYzVjOTU4OTFjMzY4Iiwiam9iVGl0bGUiOiJVS0cgTGVhZCBBUEkgQ29uc3VsdGFudCIsInNlYXJjaExpbmsiOiIifQ=%3D
2025-09-13 16:03:39,481 - INFO -    Page title: Apply
2025-09-13 16:03:44,413 - INFO -    ✅ Successfully on application page
2025-09-13 16:03:44,425 - INFO -    🔄 Looking for NEXT button...
2025-09-13 16:03:46,236 - INFO -    ✅ NEXT button clicked
2025-09-13 16:03:48,723 - INFO -    🔄 Looking for SUBMIT button...
2025-09-13 16:03:50,564 - INFO -    ✅ SUBMIT button clicked
2025-09-13 16:03:50,565 - INFO -    ✅ Successfully applied!
2025-09-13 16:04:01,483 - INFO - 🎯 [22/50] Applying to: Lead Business Analyst with Python and Finance domain exp - LINK: https://www.dice.com/job-detail/9cc85851-779b-4960-9a8a-9024f153f967
2025-09-13 16:04:10,928 - INFO -    ⏭️  Already applied - skipping
2025-09-13 16:04:20,382 - INFO - 🎯 [23/50] Applying to: Mid-Level Software Engineer / Hybrid in Naperville / .NET / Blazor - LINK: https://www.dice.com/job-detail/c9d01769-df3b-4e5f-a58d-b3a6409c11c9
2025-09-13 16:04:31,710 - INFO -    🔄 Looking for apply button...
2025-09-13 16:04:33,978 - INFO -    ✅ Apply button clicked (regular click)
2025-09-13 16:04:39,973 - INFO -    🔍 Checking if we're on application page...
2025-09-13 16:04:39,976 - INFO -    Current URL: https://www.dice.com/apply?eyJjb3JyZWxhdGlvbl9pZCI6IjBiNDkwZjVjLWY3MjctNGU1My1hNTNjLTA5NGE5NThjNTM4NSIsImRqdlZlcnNpb24iOiJuZXciLCJqb2JJZCI6ImM5ZDAxNzY5LWRmM2ItNGU1Zi1hNThkLWIzYTY0MDljMTFjOSIsImpvYlVybCI6Imh0dHBzOi8vd3d3LmRpY2UuY29tL2pvYi1kZXRhaWwvYzlkMDE3NjktZGYzYi00ZTVmLWE1OGQtYjNhNjQwOWMxMWM5Iiwiam9iVGl0bGUiOiJNaWQtTGV2ZWwgU29mdHdhcmUgRW5naW5lZXIgLyBIeWJyaWQgaW4gTmFwZXJ2aWxsZSAvIC5ORVQgLyBCbGF6b3IiLCJzZWFyY2hMaW5rIjoiIn0=
2025-09-13 16:04:39,980 - INFO -    Page title: Apply
2025-09-13 16:04:45,000 - INFO -    ✅ Successfully on application page
2025-09-13 16:04:45,011 - INFO -    🔄 Looking for NEXT button...
2025-09-13 16:04:45,972 - INFO -    ✅ NEXT button clicked
2025-09-13 16:04:48,622 - INFO -    🔄 Looking for SUBMIT button...
2025-09-13 16:04:50,146 - INFO -    ✅ SUBMIT button clicked
2025-09-13 16:04:50,146 - INFO -    ✅ Successfully applied!
2025-09-13 16:05:01,068 - INFO - 🎯 [24/50] Applying to: Business Intelligence Analyst / BI Data Analyst - LINK: https://www.dice.com/job-detail/12a61bfc-2e0a-429f-9645-bdd1117d47f5
2025-09-13 16:05:13,409 - INFO -    🔄 Looking for apply button...
2025-09-13 16:05:15,493 - INFO -    ✅ Apply button clicked (regular click)
2025-09-13 16:05:17,798 - INFO -    🔍 Checking if we're on application page...
2025-09-13 16:05:17,801 - INFO -    Current URL: https://www.dice.com/apply?eyJjb3JyZWxhdGlvbl9pZCI6IjdhODIxNDZhLTZkYTItNDIyMC04ODg5LTliMDAyYjVhZjhlYyIsImRqdlZlcnNpb24iOiJuZXciLCJqb2JJZCI6IjEyYTYxYmZjLTJlMGEtNDI5Zi05NjQ1LWJkZDExMTdkNDdmNSIsImpvYlVybCI6Imh0dHBzOi8vd3d3LmRpY2UuY29tL2pvYi1kZXRhaWwvMTJhNjFiZmMtMmUwYS00MjlmLTk2NDUtYmRkMTExN2Q0N2Y1Iiwiam9iVGl0bGUiOiJCdXNpbmVzcyBJbnRlbGxpZ2VuY2UgQW5hbHlzdCAvIEJJIERhdGEgQW5hbHlzdCIsInNlYXJjaExpbmsiOiIifQ=%3D
2025-09-13 16:05:17,804 - INFO -    Page title: Apply
2025-09-13 16:05:22,475 - INFO -    ✅ Successfully on application page
2025-09-13 16:05:22,487 - INFO -    🔄 Looking for NEXT button...
2025-09-13 16:05:23,991 - INFO -    ✅ NEXT button clicked
2025-09-13 16:05:26,789 - INFO -    🔄 Looking for SUBMIT button...
2025-09-13 16:05:29,043 - INFO -    ✅ SUBMIT button clicked
2025-09-13 16:05:29,043 - INFO -    ✅ Successfully applied!
2025-09-13 16:05:38,408 - INFO - 🎯 [25/50] Applying to: Backend Software Engineer, Java / Scala - LINK: https://www.dice.com/job-detail/25e50205-16b1-42fb-82df-c8271312dbe0
2025-09-13 16:05:50,405 - INFO -    🔄 Looking for apply button...
2025-09-13 16:05:52,179 - INFO -    ✅ Apply button clicked (regular click)
2025-09-13 16:05:54,746 - INFO -    🔍 Checking if we're on application page...
2025-09-13 16:05:54,749 - INFO -    Current URL: https://www.dice.com/apply?eyJjb3JyZWxhdGlvbl9pZCI6ImM3OWQ2N2Y0LTViNWYtNDgxMC04NzkyLTBkMzZmOGFiYmUyYSIsImRqdlZlcnNpb24iOiJuZXciLCJqb2JJZCI6IjI1ZTUwMjA1LTE2YjEtNDJmYi04MmRmLWM4MjcxMzEyZGJlMCIsImpvYlVybCI6Imh0dHBzOi8vd3d3LmRpY2UuY29tL2pvYi1kZXRhaWwvMjVlNTAyMDUtMTZiMS00MmZiLTgyZGYtYzgyNzEzMTJkYmUwIiwiam9iVGl0bGUiOiJCYWNrZW5kIFNvZnR3YXJlIEVuZ2luZWVyLCBKYXZhIC8gU2NhbGEiLCJzZWFyY2hMaW5rIjoiIn0=
2025-09-13 16:05:54,752 - INFO -    Page title: Apply
2025-09-13 16:05:59,186 - INFO -    ✅ Successfully on application page
2025-09-13 16:05:59,197 - INFO -    🔄 Looking for NEXT button...
2025-09-13 16:06:00,791 - INFO -    ✅ NEXT button clicked
2025-09-13 16:06:04,892 - INFO -    🔄 Looking for SUBMIT button...
2025-09-13 16:06:07,161 - INFO -    ✅ SUBMIT button clicked
2025-09-13 16:06:07,162 - INFO -    ✅ Successfully applied!
2025-09-13 16:06:15,577 - INFO - 🎯 [26/50] Applying to: PA - Technical Architect Specialist (Interaction Design and AI) - LINK: https://www.dice.com/job-detail/f07b8406-55b9-4a4a-a688-d199b91b486c
2025-09-13 16:06:24,941 - INFO -    ⏭️  Already applied - skipping
2025-09-13 16:06:33,644 - INFO - 🎯 [27/50] Applying to: HR Data Analyst - LINK: https://www.dice.com/job-detail/ffc83e4e-9585-4bf5-9f72-1cc46b819a0c
2025-09-13 16:06:45,707 - INFO -    🔄 Looking for apply button...
2025-09-13 16:06:48,014 - INFO -    ✅ Apply button clicked (regular click)
2025-09-13 16:06:50,821 - INFO -    🔍 Checking if we're on application page...
2025-09-13 16:06:50,824 - INFO -    Current URL: https://www.dice.com/apply?eyJjb3JyZWxhdGlvbl9pZCI6IjI0MzI3MDY4LTAwNjAtNDk1OS05OTk2LTY1MDhmODI3NzA4NCIsImRqdlZlcnNpb24iOiJuZXciLCJqb2JJZCI6ImZmYzgzZTRlLTk1ODUtNGJmNS05ZjcyLTFjYzQ2YjgxOWEwYyIsImpvYlVybCI6Imh0dHBzOi8vd3d3LmRpY2UuY29tL2pvYi1kZXRhaWwvZmZjODNlNGUtOTU4NS00YmY1LTlmNzItMWNjNDZiODE5YTBjIiwiam9iVGl0bGUiOiJIUiBEYXRhIEFuYWx5c3QiLCJzZWFyY2hMaW5rIjoiIn0=
2025-09-13 16:06:50,827 - INFO -    Page title: Apply
2025-09-13 16:06:55,887 - INFO -    ✅ Successfully on application page
2025-09-13 16:06:55,898 - INFO -    🔄 Looking for NEXT button...
2025-09-13 16:06:58,045 - INFO -    ✅ NEXT button clicked
2025-09-13 16:07:01,487 - INFO -    🔄 Looking for SUBMIT button...
2025-09-13 16:07:02,923 - INFO -    ✅ SUBMIT button clicked
2025-09-13 16:07:02,923 - INFO -    ✅ Successfully applied!
2025-09-13 16:07:12,061 - INFO - 🎯 [28/50] Applying to: Gen AI with Co Pilot - LINK: https://www.dice.com/job-detail/a3344e48-7f4d-4808-bb1e-897923d7fe38
2025-09-13 16:07:24,078 - INFO -    🔄 Looking for apply button...
2025-09-13 16:07:27,005 - INFO -    ✅ Apply button clicked (regular click)
2025-09-13 16:07:31,306 - INFO -    🔍 Checking if we're on application page...
2025-09-13 16:07:31,309 - INFO -    Current URL: https://www.dice.com/apply?eyJjb3JyZWxhdGlvbl9pZCI6IjNiZTkwMTJjLWQxNDUtNGQ2NC05MDczLTIyMTUzZTM1NzRmMiIsImRqdlZlcnNpb24iOiJuZXciLCJqb2JJZCI6ImEzMzQ0ZTQ4LTdmNGQtNDgwOC1iYjFlLTg5NzkyM2Q3ZmUzOCIsImpvYlVybCI6Imh0dHBzOi8vd3d3LmRpY2UuY29tL2pvYi1kZXRhaWwvYTMzNDRlNDgtN2Y0ZC00ODA4LWJiMWUtODk3OTIzZDdmZTM4Iiwiam9iVGl0bGUiOiJHZW4gQUkgd2l0aCBDbyBQaWxvdCIsInNlYXJjaExpbmsiOiIifQ=%3D
2025-09-13 16:07:31,312 - INFO -    Page title: Apply
2025-09-13 16:07:35,863 - INFO -    ✅ Successfully on application page
2025-09-13 16:07:35,875 - INFO -    🔄 Looking for NEXT button...
2025-09-13 16:07:38,391 - INFO -    ✅ NEXT button clicked
2025-09-13 16:07:40,552 - INFO -    🔄 Looking for SUBMIT button...
2025-09-13 16:07:40,689 - INFO -    ✅ SUBMIT button clicked
2025-09-13 16:07:40,689 - INFO -    ✅ Successfully applied!
2025-09-13 16:07:50,196 - INFO - 🎯 [29/50] Applying to: ML/AI Engineer - LINK: https://www.dice.com/job-detail/a7c8c3f4-c36f-4f7e-bec0-46eb8951cd35
2025-09-13 16:08:04,030 - INFO -    🔄 Looking for apply button...
2025-09-13 16:08:04,958 - INFO -    ✅ Apply button clicked (regular click)
2025-09-13 16:08:07,127 - INFO -    🔍 Checking if we're on application page...
2025-09-13 16:08:07,130 - INFO -    Current URL: https://www.dice.com/apply?eyJjb3JyZWxhdGlvbl9pZCI6IjBiODIyMDE1LTA0ZDItNGM2Ny1hNTIyLWM3MTk0ZmUwNTc4NCIsImRqdlZlcnNpb24iOiJuZXciLCJqb2JJZCI6ImE3YzhjM2Y0LWMzNmYtNGY3ZS1iZWMwLTQ2ZWI4OTUxY2QzNSIsImpvYlVybCI6Imh0dHBzOi8vd3d3LmRpY2UuY29tL2pvYi1kZXRhaWwvYTdjOGMzZjQtYzM2Zi00ZjdlLWJlYzAtNDZlYjg5NTFjZDM1Iiwiam9iVGl0bGUiOiJNTC9BSSBFbmdpbmVlciIsInNlYXJjaExpbmsiOiIifQ=%3D
2025-09-13 16:08:07,134 - INFO -    Page title: Apply
2025-09-13 16:08:12,473 - INFO -    ✅ Successfully on application page
2025-09-13 16:08:12,484 - INFO -    🔄 Looking for NEXT button...
2025-09-13 16:08:13,930 - INFO -    ✅ NEXT button clicked
2025-09-13 16:08:16,858 - INFO -    🔄 Looking for SUBMIT button...
2025-09-13 16:08:18,676 - INFO -    ✅ SUBMIT button clicked
2025-09-13 16:08:18,676 - INFO -    ✅ Successfully applied!
2025-09-13 16:08:26,805 - INFO - 🎯 [30/50] Applying to: Business Analyst - LINK: https://www.dice.com/job-detail/3d8c6dbf-4585-4a26-a4b3-f411bd354622
2025-09-13 16:08:39,166 - INFO -    🔄 Looking for apply button...
2025-09-13 16:08:40,577 - INFO -    ✅ Apply button clicked (regular click)
2025-09-13 16:08:42,919 - INFO -    🔍 Checking if we're on application page...
2025-09-13 16:08:42,922 - INFO -    Current URL: https://www.dice.com/apply?eyJjb3JyZWxhdGlvbl9pZCI6IjNlMzQ2NmZiLWUxMWItNDU0ZC04OGE5LWNkN2IwYWZlZGQwNSIsImRqdlZlcnNpb24iOiJuZXciLCJqb2JJZCI6IjNkOGM2ZGJmLTQ1ODUtNGEyNi1hNGIzLWY0MTFiZDM1NDYyMiIsImpvYlVybCI6Imh0dHBzOi8vd3d3LmRpY2UuY29tL2pvYi1kZXRhaWwvM2Q4YzZkYmYtNDU4NS00YTI2LWE0YjMtZjQxMWJkMzU0NjIyIiwiam9iVGl0bGUiOiJCdXNpbmVzcyBBbmFseXN0Iiwic2VhcmNoTGluayI6IiJ9
2025-09-13 16:08:42,926 - INFO -    Page title: Apply
2025-09-13 16:08:46,964 - INFO -    ✅ Successfully on application page
2025-09-13 16:08:46,976 - INFO -    🔄 Looking for NEXT button...
2025-09-13 16:08:47,947 - INFO -    ✅ NEXT button clicked
2025-09-13 16:08:50,981 - INFO -    🔄 Looking for SUBMIT button...
2025-09-13 16:08:52,255 - INFO -    ✅ SUBMIT button clicked
2025-09-13 16:08:52,255 - INFO -    ✅ Successfully applied!
2025-09-13 16:09:03,204 - INFO - 🎯 [31/50] Applying to: Data Analyst - LINK: https://www.dice.com/job-detail/d50fa860-bf52-41de-8270-70953c90c09c
2025-09-13 16:09:15,947 - INFO -    🔄 Looking for apply button...
2025-09-13 16:09:19,214 - INFO -    ✅ Apply button clicked (regular click)
2025-09-13 16:09:22,410 - INFO -    🔍 Checking if we're on application page...
2025-09-13 16:09:22,413 - INFO -    Current URL: https://www.dice.com/apply?eyJjb3JyZWxhdGlvbl9pZCI6ImZkZmRmYjdiLWIxYzktNDQ0ZS04YThiLWVjODgxMTIzMmU3OCIsImRqdlZlcnNpb24iOiJuZXciLCJqb2JJZCI6ImQ1MGZhODYwLWJmNTItNDFkZS04MjcwLTcwOTUzYzkwYzA5YyIsImpvYlVybCI6Imh0dHBzOi8vd3d3LmRpY2UuY29tL2pvYi1kZXRhaWwvZDUwZmE4NjAtYmY1Mi00MWRlLTgyNzAtNzA5NTNjOTBjMDljIiwiam9iVGl0bGUiOiJEYXRhIEFuYWx5c3QiLCJzZWFyY2hMaW5rIjoiIn0=
2025-09-13 16:09:22,415 - INFO -    Page title: Apply
2025-09-13 16:09:28,459 - INFO -    ✅ Successfully on application page
2025-09-13 16:09:28,470 - INFO -    🔄 Looking for NEXT button...
2025-09-13 16:09:30,032 - INFO -    ✅ NEXT button clicked
2025-09-13 16:09:32,568 - INFO -    🔄 Looking for SUBMIT button...
2025-09-13 16:09:34,273 - INFO -    ✅ SUBMIT button clicked
2025-09-13 16:09:34,274 - INFO -    ✅ Successfully applied!
2025-09-13 16:09:42,909 - INFO - 🎯 [32/50] Applying to: Google Cloud Platform Data Engineer (Strong Healthcare domain) - LINK: https://www.dice.com/job-detail/ec676d0a-5b5e-488a-b2fa-01d1a4d776bf
2025-09-13 16:09:54,489 - WARNING -    ⚠️  Could not check application status: Message: no such element: Unable to locate element: {"method":"tag name","selector":"apply-button-wc"}
  (Session info: chrome=140.0.7339.80); For documentation on this error, please visit: https://www.selenium.dev/documentation/webdriver/troubleshooting/errors#nosuchelementexception
Stacktrace:
#0 0x561f6742094a <unknown>
#1 0x561f66e958a0 <unknown>
#2 0x561f66ee7540 <unknown>
#3 0x561f66ee7731 <unknown>
#4 0x561f66f35824 <unknown>
#5 0x561f66f0d05d <unknown>
#6 0x561f66f32c23 <unknown>
#7 0x561f66f0ce03 <unknown>
#8 0x561f66ed9968 <unknown>
#9 0x561f66eda5e1 <unknown>
#10 0x561f673e4548 <unknown>
#11 0x561f673e8272 <unknown>
#12 0x561f673cb313 <unknown>
#13 0x561f673e8dc5 <unknown>
#14 0x561f673b049f <unknown>
#15 0x561f6740d158 <unknown>
#16 0x561f6740d332 <unknown>
#17 0x561f6741fa53 <unknown>
#18 0x7fcde149caa4 <unknown>
#19 0x7fcde1529c3c <unknown>

2025-09-13 16:09:57,537 - INFO -    🔄 Looking for apply button...
2025-09-13 16:10:07,672 - ERROR -    ❌ Cannot find apply button: Message: 
Stacktrace:
#0 0x561f6742094a <unknown>
#1 0x561f66e958a0 <unknown>
#2 0x561f66ee7540 <unknown>
#3 0x561f66ee7731 <unknown>
#4 0x561f66f35824 <unknown>
#5 0x561f66f0d05d <unknown>
#6 0x561f66f32c23 <unknown>
#7 0x561f66f0ce03 <unknown>
#8 0x561f66ed9968 <unknown>
#9 0x561f66eda5e1 <unknown>
#10 0x561f673e4548 <unknown>
#11 0x561f673e8272 <unknown>
#12 0x561f673cb313 <unknown>
#13 0x561f673e8dc5 <unknown>
#14 0x561f673b049f <unknown>
#15 0x561f6740d158 <unknown>
#16 0x561f6740d332 <unknown>
#17 0x561f6741fa53 <unknown>
#18 0x7fcde149caa4 <unknown>
#19 0x7fcde1529c3c <unknown>

2025-09-13 16:10:18,366 - INFO - 🎯 [33/50] Applying to: UI Architect - LINK: https://www.dice.com/job-detail/f640d9fd-0f75-4dc0-8476-ebb9bb16c126
2025-09-13 16:10:30,146 - INFO -    🔄 Looking for apply button...
2025-09-13 16:10:33,497 - INFO -    ✅ Apply button clicked (regular click)
2025-09-13 16:10:36,357 - INFO -    🔍 Checking if we're on application page...
2025-09-13 16:10:36,360 - INFO -    Current URL: https://www.dice.com/apply?eyJjb3JyZWxhdGlvbl9pZCI6ImNlMjRmZmQ5LWIyNWItNGFkNi1iNDBlLWI2YjM0ZjcxY2ZhZiIsImRqdlZlcnNpb24iOiJuZXciLCJqb2JJZCI6ImY2NDBkOWZkLTBmNzUtNGRjMC04NDc2LWViYjliYjE2YzEyNiIsImpvYlVybCI6Imh0dHBzOi8vd3d3LmRpY2UuY29tL2pvYi1kZXRhaWwvZjY0MGQ5ZmQtMGY3NS00ZGMwLTg0NzYtZWJiOWJiMTZjMTI2Iiwiam9iVGl0bGUiOiJVSSBBcmNoaXRlY3QiLCJzZWFyY2hMaW5rIjoiIn0=
2025-09-13 16:10:36,363 - INFO -    Page title: Apply
2025-09-13 16:10:41,585 - INFO -    ✅ Successfully on application page
2025-09-13 16:10:41,596 - INFO -    🔄 Looking for NEXT button...
2025-09-13 16:10:43,005 - INFO -    ✅ NEXT button clicked
2025-09-13 16:10:45,543 - INFO -    🔄 Looking for SUBMIT button...
2025-09-13 16:10:47,612 - INFO -    ✅ SUBMIT button clicked
2025-09-13 16:10:47,612 - INFO -    ✅ Successfully applied!
2025-09-13 16:10:56,188 - INFO - 🎯 [34/50] Applying to: Data Analyst - LINK: https://www.dice.com/job-detail/e6f0bbab-7eba-433c-840b-947c6b8c9fe8
2025-09-13 16:11:06,924 - INFO -    🔄 Looking for apply button...
2025-09-13 16:11:10,475 - INFO -    ✅ Apply button clicked (regular click)
2025-09-13 16:11:13,184 - INFO -    🔍 Checking if we're on application page...
2025-09-13 16:11:13,188 - INFO -    Current URL: https://www.dice.com/apply?eyJjb3JyZWxhdGlvbl9pZCI6IjU1OGJkOTI1LTQ0YmMtNGE0ZS05NTUzLWU0NGYxMTYyYmY3NiIsImRqdlZlcnNpb24iOiJuZXciLCJqb2JJZCI6ImU2ZjBiYmFiLTdlYmEtNDMzYy04NDBiLTk0N2M2YjhjOWZlOCIsImpvYlVybCI6Imh0dHBzOi8vd3d3LmRpY2UuY29tL2pvYi1kZXRhaWwvZTZmMGJiYWItN2ViYS00MzNjLTg0MGItOTQ3YzZiOGM5ZmU4Iiwiam9iVGl0bGUiOiJEYXRhIEFuYWx5c3QiLCJzZWFyY2hMaW5rIjoiIn0=
2025-09-13 16:11:13,191 - INFO -    Page title: Apply
2025-09-13 16:11:17,915 - INFO -    ✅ Successfully on application page
2025-09-13 16:11:17,943 - INFO -    🔄 Looking for NEXT button...
2025-09-13 16:11:18,920 - INFO -    ✅ NEXT button clicked
2025-09-13 16:11:22,486 - INFO -    🔄 Looking for SUBMIT button...
2025-09-13 16:11:24,030 - INFO -    ✅ SUBMIT button clicked
2025-09-13 16:11:24,031 - INFO -    ✅ Successfully applied!
2025-09-13 16:11:33,426 - INFO - 🎯 [35/50] Applying to: Business Analyst Sr - LINK: https://www.dice.com/job-detail/ad699044-afae-4a72-a257-fd992be19108
2025-09-13 16:11:43,043 - INFO -    ⏭️  Already applied - skipping
2025-09-13 16:11:54,599 - INFO - 🎯 [36/50] Applying to: AI .NET Technical Architecture Specialist - LINK: https://www.dice.com/job-detail/e9dc83a8-df3d-435f-b581-61b093802ec7
2025-09-13 16:12:07,674 - INFO -    🔄 Looking for apply button...
2025-09-13 16:12:09,988 - INFO -    ✅ Apply button clicked (regular click)
2025-09-13 16:12:12,729 - INFO -    🔍 Checking if we're on application page...
2025-09-13 16:12:12,732 - INFO -    Current URL: https://www.dice.com/apply?eyJjb3JyZWxhdGlvbl9pZCI6IjRiNDUyNzBkLTY2ODUtNDNmNi04N2EzLWQzYmU0ZjQ3MGE3ZSIsImRqdlZlcnNpb24iOiJuZXciLCJqb2JJZCI6ImU5ZGM4M2E4LWRmM2QtNDM1Zi1iNTgxLTYxYjA5MzgwMmVjNyIsImpvYlVybCI6Imh0dHBzOi8vd3d3LmRpY2UuY29tL2pvYi1kZXRhaWwvZTlkYzgzYTgtZGYzZC00MzVmLWI1ODEtNjFiMDkzODAyZWM3Iiwiam9iVGl0bGUiOiJBSSAuTkVUIFRlY2huaWNhbCBBcmNoaXRlY3R1cmUgU3BlY2lhbGlzdCIsInNlYXJjaExpbmsiOiIifQ=%3D
2025-09-13 16:12:12,735 - INFO -    Page title: Apply
2025-09-13 16:12:18,871 - INFO -    ✅ Successfully on application page
2025-09-13 16:12:18,882 - INFO -    🔄 Looking for NEXT button...
2025-09-13 16:12:20,066 - INFO -    ✅ NEXT button clicked
2025-09-13 16:12:23,774 - INFO -    🔄 Looking for SUBMIT button...
2025-09-13 16:12:24,547 - INFO -    ✅ SUBMIT button clicked
2025-09-13 16:12:24,547 - INFO -    ✅ Successfully applied!
2025-09-13 16:12:34,525 - INFO - 🎯 [37/50] Applying to: AI/ML with Devops Engineer - LINK: https://www.dice.com/job-detail/7e6d8c9a-4f69-4b90-9efc-c658d941da73
2025-09-13 16:12:46,008 - INFO -    🔄 Looking for apply button...
2025-09-13 16:12:46,996 - INFO -    ✅ Apply button clicked (regular click)
2025-09-13 16:12:50,168 - INFO -    🔍 Checking if we're on application page...
2025-09-13 16:12:50,171 - INFO -    Current URL: https://www.dice.com/apply?eyJjb3JyZWxhdGlvbl9pZCI6IjFkZmNhYWQ2LWFlOGMtNGQ5Yy1hNzdjLTgzNDJiZDQyZjUzZCIsImRqdlZlcnNpb24iOiJuZXciLCJqb2JJZCI6IjdlNmQ4YzlhLTRmNjktNGI5MC05ZWZjLWM2NThkOTQxZGE3MyIsImpvYlVybCI6Imh0dHBzOi8vd3d3LmRpY2UuY29tL2pvYi1kZXRhaWwvN2U2ZDhjOWEtNGY2OS00YjkwLTllZmMtYzY1OGQ5NDFkYTczIiwiam9iVGl0bGUiOiJBSS9NTCB3aXRoIERldm9wcyBFbmdpbmVlciIsInNlYXJjaExpbmsiOiIifQ=%3D
2025-09-13 16:12:50,174 - INFO -    Page title: Apply
2025-09-13 16:12:55,771 - INFO -    ✅ Successfully on application page
2025-09-13 16:12:55,782 - INFO -    🔄 Looking for NEXT button...
2025-09-13 16:12:57,240 - INFO -    ✅ NEXT button clicked
2025-09-13 16:13:00,214 - INFO -    🔄 Looking for SUBMIT button...
2025-09-13 16:13:02,152 - INFO -    ✅ SUBMIT button clicked
2025-09-13 16:13:02,153 - INFO -    ✅ Successfully applied!
2025-09-13 16:13:10,512 - INFO - 🎯 [38/50] Applying to: --W2 ONLY-- MULTIPLE Java Angular Full Stack Software Engineer // HYBRID Smithfield, RI - LINK: https://www.dice.com/job-detail/c5e1b91d-17e7-4fbb-8093-8c3765834104
2025-09-13 16:13:23,734 - INFO -    🔄 Looking for apply button...
2025-09-13 16:13:26,260 - INFO -    ✅ Apply button clicked (regular click)
2025-09-13 16:13:29,009 - INFO -    🔍 Checking if we're on application page...
2025-09-13 16:13:29,012 - INFO -    Current URL: https://www.dice.com/apply?eyJjb3JyZWxhdGlvbl9pZCI6ImRiYjc2MTMwLWQ3YzYtNGYwNi05Y2M0LWUxNTdkYjI0NjA2MiIsImRqdlZlcnNpb24iOiJuZXciLCJqb2JJZCI6ImM1ZTFiOTFkLTE3ZTctNGZiYi04MDkzLThjMzc2NTgzNDEwNCIsImpvYlVybCI6Imh0dHBzOi8vd3d3LmRpY2UuY29tL2pvYi1kZXRhaWwvYzVlMWI5MWQtMTdlNy00ZmJiLTgwOTMtOGMzNzY1ODM0MTA0Iiwiam9iVGl0bGUiOiItLVcyIE9OTFktLSBNVUxUSVBMRSBKYXZhIEFuZ3VsYXIgRnVsbCBTdGFjayBTb2Z0d2FyZSBFbmdpbmVlciAgLy8gSFlCUklEIFNtaXRoZmllbGQsIFJJIiwic2VhcmNoTGluayI6IiJ9
2025-09-13 16:13:29,015 - INFO -    Page title: Apply
2025-09-13 16:13:34,707 - INFO -    ✅ Successfully on application page
2025-09-13 16:13:34,718 - INFO -    🔄 Looking for NEXT button...
2025-09-13 16:13:35,878 - INFO -    ✅ NEXT button clicked
2025-09-13 16:13:38,369 - INFO -    🔄 Looking for SUBMIT button...
2025-09-13 16:13:39,212 - INFO -    ✅ SUBMIT button clicked
2025-09-13 16:13:39,212 - INFO -    ✅ Successfully applied!
2025-09-13 16:13:47,872 - INFO - 🎯 [39/50] Applying to: AWS Data Developer - Python, RDS - LINK: https://www.dice.com/job-detail/e0702c07-8b7b-4a85-b94b-27e0bb6c821a
2025-09-13 16:14:00,963 - INFO -    🔄 Looking for apply button...
2025-09-13 16:14:02,644 - INFO -    ✅ Apply button clicked (regular click)
2025-09-13 16:14:04,904 - INFO -    🔍 Checking if we're on application page...
2025-09-13 16:14:04,907 - INFO -    Current URL: https://www.dice.com/apply?eyJjb3JyZWxhdGlvbl9pZCI6IjVhZDEyMTdlLTIwMGEtNGVhYy04ZDE2LTA2MjUyMjhiOTZiZCIsImRqdlZlcnNpb24iOiJuZXciLCJqb2JJZCI6ImUwNzAyYzA3LThiN2ItNGE4NS1iOTRiLTI3ZTBiYjZjODIxYSIsImpvYlVybCI6Imh0dHBzOi8vd3d3LmRpY2UuY29tL2pvYi1kZXRhaWwvZTA3MDJjMDctOGI3Yi00YTg1LWI5NGItMjdlMGJiNmM4MjFhIiwiam9iVGl0bGUiOiJBV1MgRGF0YSBEZXZlbG9wZXIgLSBQeXRob24sIFJEUyIsInNlYXJjaExpbmsiOiIifQ=%3D
2025-09-13 16:14:04,911 - INFO -    Page title: Apply
2025-09-13 16:14:09,454 - INFO -    ✅ Successfully on application page
2025-09-13 16:14:09,465 - INFO -    🔄 Looking for NEXT button...
2025-09-13 16:14:10,904 - INFO -    ✅ NEXT button clicked
2025-09-13 16:14:14,196 - INFO -    🔄 Looking for SUBMIT button...
2025-09-13 16:14:15,149 - INFO -    ✅ SUBMIT button clicked
2025-09-13 16:14:15,150 - INFO -    ✅ Successfully applied!
2025-09-13 16:14:25,952 - INFO - 🎯 [40/50] Applying to: Data Engineer - LINK: https://www.dice.com/job-detail/4f43452b-a2e3-47df-a732-8db0b47d5b59
2025-09-13 16:14:39,537 - INFO -    🔄 Looking for apply button...
2025-09-13 16:14:41,564 - INFO -    ✅ Apply button clicked (regular click)
2025-09-13 16:14:45,901 - INFO -    🔍 Checking if we're on application page...
2025-09-13 16:14:45,904 - INFO -    Current URL: https://www.dice.com/apply?eyJjb3JyZWxhdGlvbl9pZCI6IjNmZjcxNjc0LTc1NTUtNDZhZi05ZDBjLTUyZDlkMTUyYzZjNSIsImRqdlZlcnNpb24iOiJuZXciLCJqb2JJZCI6IjRmNDM0NTJiLWEyZTMtNDdkZi1hNzMyLThkYjBiNDdkNWI1OSIsImpvYlVybCI6Imh0dHBzOi8vd3d3LmRpY2UuY29tL2pvYi1kZXRhaWwvNGY0MzQ1MmItYTJlMy00N2RmLWE3MzItOGRiMGI0N2Q1YjU5Iiwiam9iVGl0bGUiOiJEYXRhIEVuZ2luZWVyIiwic2VhcmNoTGluayI6IiJ9
2025-09-13 16:14:45,908 - INFO -    Page title: Apply
2025-09-13 16:14:51,668 - INFO -    ✅ Successfully on application page
2025-09-13 16:14:51,680 - INFO -    🔄 Looking for NEXT button...
2025-09-13 16:14:53,084 - INFO -    ✅ NEXT button clicked
2025-09-13 16:14:55,107 - INFO -    🔄 Looking for SUBMIT button...
2025-09-13 16:14:56,049 - INFO -    ✅ SUBMIT button clicked
2025-09-13 16:14:56,049 - INFO -    ✅ Successfully applied!
2025-09-13 16:15:08,863 - INFO - 🎯 [41/50] Applying to: Senior Data Engineer with Java Developer-Full time- Reston, VA - LINK: https://www.dice.com/job-detail/bf14ec57-f8a4-474f-9134-c6dcaf5b83a5
2025-09-13 16:15:21,641 - INFO -    🔄 Looking for apply button...
2025-09-13 16:15:23,562 - INFO -    ✅ Apply button clicked (regular click)
2025-09-13 16:15:27,379 - INFO -    🔍 Checking if we're on application page...
2025-09-13 16:15:27,382 - INFO -    Current URL: https://www.dice.com/apply?eyJjb3JyZWxhdGlvbl9pZCI6ImIxZDAzNDZhLWEyMWQtNGRmMi04MTEzLTBlNzdiMjJmNTM4YiIsImRqdlZlcnNpb24iOiJuZXciLCJqb2JJZCI6ImJmMTRlYzU3LWY4YTQtNDc0Zi05MTM0LWM2ZGNhZjViODNhNSIsImpvYlVybCI6Imh0dHBzOi8vd3d3LmRpY2UuY29tL2pvYi1kZXRhaWwvYmYxNGVjNTctZjhhNC00NzRmLTkxMzQtYzZkY2FmNWI4M2E1Iiwiam9iVGl0bGUiOiJTZW5pb3IgRGF0YSBFbmdpbmVlciB3aXRoIEphdmEgRGV2ZWxvcGVyLUZ1bGwgdGltZS0gUmVzdG9uLCBWQSIsInNlYXJjaExpbmsiOiIifQ=%3D
2025-09-13 16:15:27,385 - INFO -    Page title: Apply
2025-09-13 16:15:32,474 - INFO -    ✅ Successfully on application page
2025-09-13 16:15:32,486 - INFO -    🔄 Looking for NEXT button...
2025-09-13 16:15:33,176 - INFO -    ✅ NEXT button clicked
2025-09-13 16:15:36,727 - INFO -    🔄 Looking for SUBMIT button...
2025-09-13 16:15:38,881 - INFO -    ✅ SUBMIT button clicked
2025-09-13 16:15:38,881 - INFO -    ✅ Successfully applied!
2025-09-13 16:15:51,543 - INFO - 🎯 [42/50] Applying to: AI Engineer - LINK: https://www.dice.com/job-detail/745548ac-0d6e-40d7-a7c1-2615a91d06e5
2025-09-13 16:16:05,256 - INFO -    ⏭️  Already applied - skipping
2025-09-13 16:16:12,810 - INFO - 🎯 [43/50] Applying to: Cloud Data Platform Engineer - LINK: https://www.dice.com/job-detail/fc8e07eb-7bb6-4f47-b57e-9b055192a2f6
2025-09-13 16:16:24,913 - INFO -    🔄 Looking for apply button...
2025-09-13 16:16:27,187 - INFO -    ✅ Apply button clicked (regular click)
2025-09-13 16:16:30,680 - INFO -    🔍 Checking if we're on application page...
2025-09-13 16:16:30,683 - INFO -    Current URL: https://www.dice.com/apply?eyJjb3JyZWxhdGlvbl9pZCI6IjhkNmNkZTg1LTg0M2UtNDJiYi1iNGE1LTc1MDZlNGUzZWVmOSIsImRqdlZlcnNpb24iOiJuZXciLCJqb2JJZCI6ImZjOGUwN2ViLTdiYjYtNGY0Ny1iNTdlLTliMDU1MTkyYTJmNiIsImpvYlVybCI6Imh0dHBzOi8vd3d3LmRpY2UuY29tL2pvYi1kZXRhaWwvZmM4ZTA3ZWItN2JiNi00ZjQ3LWI1N2UtOWIwNTUxOTJhMmY2Iiwiam9iVGl0bGUiOiJDbG91ZCBEYXRhIFBsYXRmb3JtIEVuZ2luZWVyIiwic2VhcmNoTGluayI6IiJ9
2025-09-13 16:16:30,687 - INFO -    Page title: Apply
2025-09-13 16:16:35,811 - INFO -    ✅ Successfully on application page
2025-09-13 16:16:35,822 - INFO -    🔄 Looking for NEXT button...
2025-09-13 16:16:36,743 - INFO -    ✅ NEXT button clicked
2025-09-13 16:16:39,804 - INFO -    🔄 Looking for SUBMIT button...
2025-09-13 16:16:40,126 - INFO -    ✅ SUBMIT button clicked
2025-09-13 16:16:40,127 - INFO -    ✅ Successfully applied!
2025-09-13 16:16:52,265 - INFO - 🎯 [44/50] Applying to: Sr Programmer - AI, ML, C#.NET, Frameworks and UI - LINK: https://www.dice.com/job-detail/f2b3a4fa-514a-4383-97ec-a0bba38ec1e7
2025-09-13 16:17:05,742 - INFO -    🔄 Looking for apply button...
2025-09-13 16:17:07,792 - INFO -    ✅ Apply button clicked (regular click)
2025-09-13 16:17:10,886 - INFO -    🔍 Checking if we're on application page...
2025-09-13 16:17:10,889 - INFO -    Current URL: https://www.dice.com/apply?eyJjb3JyZWxhdGlvbl9pZCI6ImYwMzY1NzY4LTViZGQtNGY1OC04ZmZjLTViMTViYWZjZTc2NSIsImRqdlZlcnNpb24iOiJuZXciLCJqb2JJZCI6ImYyYjNhNGZhLTUxNGEtNDM4My05N2VjLWEwYmJhMzhlYzFlNyIsImpvYlVybCI6Imh0dHBzOi8vd3d3LmRpY2UuY29tL2pvYi1kZXRhaWwvZjJiM2E0ZmEtNTE0YS00MzgzLTk3ZWMtYTBiYmEzOGVjMWU3Iiwiam9iVGl0bGUiOiJTciBQcm9ncmFtbWVyIC0gQUksIE1MLCBDIy5ORVQsIEZyYW1ld29ya3MgYW5kIFVJIiwic2VhcmNoTGluayI6IiJ9
2025-09-13 16:17:10,892 - INFO -    Page title: Apply
2025-09-13 16:17:16,022 - INFO -    ✅ Successfully on application page
2025-09-13 16:17:16,033 - INFO -    🔄 Looking for NEXT button...
2025-09-13 16:17:19,013 - INFO -    ✅ NEXT button clicked
2025-09-13 16:17:22,756 - INFO -    🔄 Looking for SUBMIT button...
2025-09-13 16:17:23,872 - INFO -    ✅ SUBMIT button clicked
2025-09-13 16:17:23,872 - INFO -    ✅ Successfully applied!
2025-09-13 16:17:34,676 - INFO - 🎯 [45/50] Applying to: System Engineer - LINK: https://www.dice.com/job-detail/1cd3fe92-74c8-430e-a596-e5568118598a
2025-09-13 16:17:48,336 - INFO -    🔄 Looking for apply button...
2025-09-13 16:17:49,609 - INFO -    ✅ Apply button clicked (regular click)
2025-09-13 16:17:52,436 - INFO -    🔍 Checking if we're on application page...
2025-09-13 16:17:52,439 - INFO -    Current URL: https://www.dice.com/apply?eyJjb3JyZWxhdGlvbl9pZCI6Ijg1Yjg1OWY4LTc2NDgtNDkwMi04YmYxLWQ3MGM2OTA5NGQ0MCIsImRqdlZlcnNpb24iOiJuZXciLCJqb2JJZCI6IjFjZDNmZTkyLTc0YzgtNDMwZS1hNTk2LWU1NTY4MTE4NTk4YSIsImpvYlVybCI6Imh0dHBzOi8vd3d3LmRpY2UuY29tL2pvYi1kZXRhaWwvMWNkM2ZlOTItNzRjOC00MzBlLWE1OTYtZTU1NjgxMTg1OThhIiwiam9iVGl0bGUiOiJTeXN0ZW0gRW5naW5lZXIiLCJzZWFyY2hMaW5rIjoiIn0=
2025-09-13 16:17:52,442 - INFO -    Page title: Apply
2025-09-13 16:17:57,820 - INFO -    ✅ Successfully on application page
2025-09-13 16:17:57,832 - INFO -    🔄 Looking for NEXT button...
2025-09-13 16:17:59,933 - INFO -    ✅ NEXT button clicked
2025-09-13 16:18:03,338 - INFO -    🔄 Looking for SUBMIT button...
2025-09-13 16:18:05,905 - INFO -    ✅ SUBMIT button clicked
2025-09-13 16:18:05,905 - INFO -    ✅ Successfully applied!
2025-09-13 16:18:17,546 - INFO - 🎯 [46/50] Applying to: Azure Data Engineer - LINK: https://www.dice.com/job-detail/c551961c-c196-412e-b165-8fe050fbc312
2025-09-13 16:18:29,307 - INFO -    🔄 Looking for apply button...
2025-09-13 16:18:31,699 - INFO -    ✅ Apply button clicked (regular click)
2025-09-13 16:18:34,604 - INFO -    🔍 Checking if we're on application page...
2025-09-13 16:18:34,607 - INFO -    Current URL: https://www.dice.com/apply?eyJjb3JyZWxhdGlvbl9pZCI6IjQ3NWIyNWQ1LWRmODYtNDY3Yi1iMDdkLWM3OGEyOWRiYzlhNSIsImRqdlZlcnNpb24iOiJuZXciLCJqb2JJZCI6ImM1NTE5NjFjLWMxOTYtNDEyZS1iMTY1LThmZTA1MGZiYzMxMiIsImpvYlVybCI6Imh0dHBzOi8vd3d3LmRpY2UuY29tL2pvYi1kZXRhaWwvYzU1MTk2MWMtYzE5Ni00MTJlLWIxNjUtOGZlMDUwZmJjMzEyIiwiam9iVGl0bGUiOiJBenVyZSBEYXRhIEVuZ2luZWVyIiwic2VhcmNoTGluayI6IiJ9
2025-09-13 16:18:34,611 - INFO -    Page title: Apply
2025-09-13 16:18:39,821 - INFO -    ✅ Successfully on application page
2025-09-13 16:18:39,833 - INFO -    🔄 Looking for NEXT button...
2025-09-13 16:18:41,755 - INFO -    ✅ NEXT button clicked
2025-09-13 16:18:45,522 - INFO -    🔄 Looking for SUBMIT button...
2025-09-13 16:18:47,319 - INFO -    ✅ SUBMIT button clicked
2025-09-13 16:18:47,319 - INFO -    ✅ Successfully applied!
2025-09-13 16:18:57,078 - INFO - 🎯 [47/50] Applying to: Business Analyst - LINK: https://www.dice.com/job-detail/6207ad96-c05d-49e4-8542-a7e4b39f100e
2025-09-13 16:19:08,232 - INFO -    🔄 Looking for apply button...
2025-09-13 16:19:10,648 - INFO -    ✅ Apply button clicked (regular click)
2025-09-13 16:19:13,908 - INFO -    🔍 Checking if we're on application page...
2025-09-13 16:19:13,911 - INFO -    Current URL: https://www.dice.com/apply?eyJjb3JyZWxhdGlvbl9pZCI6IjUwOTUzMjI0LWQ5YzQtNDVjMC1hODgzLThlYmEzMDk0ZDlmZiIsImRqdlZlcnNpb24iOiJuZXciLCJqb2JJZCI6IjYyMDdhZDk2LWMwNWQtNDllNC04NTQyLWE3ZTRiMzlmMTAwZSIsImpvYlVybCI6Imh0dHBzOi8vd3d3LmRpY2UuY29tL2pvYi1kZXRhaWwvNjIwN2FkOTYtYzA1ZC00OWU0LTg1NDItYTdlNGIzOWYxMDBlIiwiam9iVGl0bGUiOiJCdXNpbmVzcyBBbmFseXN0Iiwic2VhcmNoTGluayI6IiJ9
2025-09-13 16:19:13,914 - INFO -    Page title: Apply
2025-09-13 16:19:19,180 - INFO -    ✅ Successfully on application page
2025-09-13 16:19:19,192 - INFO -    🔄 Looking for NEXT button...
2025-09-13 16:19:19,825 - INFO -    ✅ NEXT button clicked
2025-09-13 16:19:22,248 - INFO -    🔄 Looking for SUBMIT button...
2025-09-13 16:19:24,462 - INFO -    ✅ SUBMIT button clicked
2025-09-13 16:19:24,462 - INFO -    ✅ Successfully applied!
2025-09-13 16:19:32,483 - INFO - 🎯 [48/50] Applying to: IT Governance Project Manager - LINK: https://www.dice.com/job-detail/335873b8-a29a-4133-9410-2081ff842f9c
2025-09-13 16:19:44,922 - WARNING -    ⚠️  Could not check application status: Message: no such element: Unable to locate element: {"method":"tag name","selector":"apply-button-wc"}
  (Session info: chrome=140.0.7339.80); For documentation on this error, please visit: https://www.selenium.dev/documentation/webdriver/troubleshooting/errors#nosuchelementexception
Stacktrace:
#0 0x561f6742094a <unknown>
#1 0x561f66e958a0 <unknown>
#2 0x561f66ee7540 <unknown>
#3 0x561f66ee7731 <unknown>
#4 0x561f66f35824 <unknown>
#5 0x561f66f0d05d <unknown>
#6 0x561f66f32c23 <unknown>
#7 0x561f66f0ce03 <unknown>
#8 0x561f66ed9968 <unknown>
#9 0x561f66eda5e1 <unknown>
#10 0x561f673e4548 <unknown>
#11 0x561f673e8272 <unknown>
#12 0x561f673cb313 <unknown>
#13 0x561f673e8dc5 <unknown>
#14 0x561f673b049f <unknown>
#15 0x561f6740d158 <unknown>
#16 0x561f6740d332 <unknown>
#17 0x561f6741fa53 <unknown>
#18 0x7fcde149caa4 <unknown>
#19 0x7fcde1529c3c <unknown>

2025-09-13 16:19:47,929 - INFO -    🔄 Looking for apply button...
2025-09-13 16:19:57,973 - ERROR -    ❌ Cannot find apply button: Message: 
Stacktrace:
#0 0x561f6742094a <unknown>
#1 0x561f66e958a0 <unknown>
#2 0x561f66ee7540 <unknown>
#3 0x561f66ee7731 <unknown>
#4 0x561f66f35824 <unknown>
#5 0x561f66f0d05d <unknown>
#6 0x561f66f32c23 <unknown>
#7 0x561f66f0ce03 <unknown>
#8 0x561f66ed9968 <unknown>
#9 0x561f66eda5e1 <unknown>
#10 0x561f673e4548 <unknown>
#11 0x561f673e8272 <unknown>
#12 0x561f673cb313 <unknown>
#13 0x561f673e8dc5 <unknown>
#14 0x561f673b049f <unknown>
#15 0x561f6740d158 <unknown>
#16 0x561f6740d332 <unknown>
#17 0x561f6741fa53 <unknown>
#18 0x7fcde149caa4 <unknown>
#19 0x7fcde1529c3c <unknown>

2025-09-13 16:20:09,992 - INFO - 🎯 [49/50] Applying to: SeniorDataScientist --Canada Location, - LINK: https://www.dice.com/job-detail/a5eb5648-6260-4b81-ba05-da02fa3642a3
2025-09-13 16:20:21,886 - INFO -    🔄 Looking for apply button...
2025-09-13 16:20:24,077 - INFO -    ✅ Apply button clicked (regular click)
2025-09-13 16:20:27,667 - INFO -    🔍 Checking if we're on application page...
2025-09-13 16:20:27,670 - INFO -    Current URL: https://www.dice.com/apply?eyJjb3JyZWxhdGlvbl9pZCI6IjYwNzNiYjZiLTRjYTItNDI2ZS04MGU4LWFkZDE1N2ZhMGM3OSIsImRqdlZlcnNpb24iOiJuZXciLCJqb2JJZCI6ImE1ZWI1NjQ4LTYyNjAtNGI4MS1iYTA1LWRhMDJmYTM2NDJhMyIsImpvYlVybCI6Imh0dHBzOi8vd3d3LmRpY2UuY29tL2pvYi1kZXRhaWwvYTVlYjU2NDgtNjI2MC00YjgxLWJhMDUtZGEwMmZhMzY0MmEzIiwiam9iVGl0bGUiOiJTZW5pb3JEYXRhU2NpZW50aXN0IC0tQ2FuYWRhIExvY2F0aW9uLCIsInNlYXJjaExpbmsiOiIifQ=%3D
2025-09-13 16:20:27,674 - INFO -    Page title: Apply
2025-09-13 16:20:34,552 - INFO -    ✅ Successfully on application page
2025-09-13 16:20:34,564 - INFO -    🔄 Looking for NEXT button...
2025-09-13 16:20:36,549 - INFO -    ✅ NEXT button clicked
2025-09-13 16:20:39,894 - INFO -    🔄 Looking for SUBMIT button...
2025-09-13 16:20:42,447 - INFO -    ✅ SUBMIT button clicked
2025-09-13 16:20:42,447 - INFO -    ✅ Successfully applied!
2025-09-13 16:20:52,487 - INFO - 🎯 [50/50] Applying to: Business Intelligence Architect (generative AI experience mandatory) - LINK: https://www.dice.com/job-detail/15bba9bd-f557-4206-97db-8cf2c617fc84
2025-09-13 16:21:08,391 - INFO -    🔄 Looking for apply button...
2025-09-13 16:21:10,441 - INFO -    ✅ Apply button clicked (regular click)
2025-09-13 16:21:12,926 - INFO -    🔍 Checking if we're on application page...
2025-09-13 16:21:12,929 - INFO -    Current URL: https://www.dice.com/apply?eyJjb3JyZWxhdGlvbl9pZCI6IjgyYmIzMjFhLTRmOTYtNDBiZi04YmVlLTVjNGY0NTdjODQwNyIsImRqdlZlcnNpb24iOiJuZXciLCJqb2JJZCI6IjE1YmJhOWJkLWY1NTctNDIwNi05N2RiLThjZjJjNjE3ZmM4NCIsImpvYlVybCI6Imh0dHBzOi8vd3d3LmRpY2UuY29tL2pvYi1kZXRhaWwvMTViYmE5YmQtZjU1Ny00MjA2LTk3ZGItOGNmMmM2MTdmYzg0Iiwiam9iVGl0bGUiOiJCdXNpbmVzcyBJbnRlbGxpZ2VuY2UgQXJjaGl0ZWN0IChnZW5lcmF0aXZlIEFJIGV4cGVyaWVuY2UgbWFuZGF0b3J5KSIsInNlYXJjaExpbmsiOiIifQ=%3D
2025-09-13 16:21:12,933 - INFO -    Page title: Apply
2025-09-13 16:21:16,435 - INFO -    ✅ Successfully on application page
2025-09-13 16:21:16,446 - INFO -    🔄 Looking for NEXT button...
2025-09-13 16:21:18,987 - INFO -    ✅ NEXT button clicked
2025-09-13 16:21:22,027 - INFO -    🔄 Looking for SUBMIT button...
2025-09-13 16:21:22,790 - INFO -    ✅ SUBMIT button clicked
2025-09-13 16:21:22,791 - INFO -    ✅ Successfully applied!
2025-09-13 16:21:24,677 - INFO - 📊 Processing results...
2025-09-13 16:21:24,732 - INFO - 🎉 Application run completed!
2025-09-13 16:21:24,733 - INFO -    ✅ Newly applied: 37
2025-09-13 16:21:24,733 - INFO -    ⏭️  Already applied: 6
2025-09-13 16:21:24,733 - INFO -    ❌ Failed: 7
2025-09-13 16:21:24,733 - INFO -    📊 Total processed: 50
2025-09-13 16:21:24,733 - INFO -    📁 Total jobs in CSV: 2742
2025-09-13 16:21:24,733 - INFO -    💾 Updated: output/final_ml_jobs.csv
2025-09-13 16:21:24,733 - INFO - 🔧 Closing browser...
