2025-08-09 19:40:43,343 - INFO - 🚀 Starting stealth job application bot
2025-08-09 19:40:50,001 - INFO - 📂 Loading jobs from output/final_ml_jobs.csv
2025-08-09 19:40:50,035 - INFO -    📊 Total jobs in file: 5122
2025-08-09 19:40:50,038 - INFO -    🎯 Easy Apply jobs: 5122
2025-08-09 19:40:50,039 - INFO -    ⏳ Jobs to process: 159 (status: pending)
2025-08-09 19:40:50,039 - INFO - 🎲 Will attempt 63 applications this run (target: 63)
2025-08-09 19:40:50,040 - INFO - 🔑 Logging into Dice...
2025-08-09 19:40:52,272 - INFO - ✅ Login successful
2025-08-09 19:40:54,450 - INFO - 🔄 Starting job applications...
2025-08-09 19:40:54,451 - INFO - 🎯 [1/63] Applying to: Technical Business Analyst - LINK: https://www.dice.com/job-detail/ee754087-85aa-4f71-b45d-b61a89305de8
2025-08-09 19:41:10,609 - INFO -    ✅ Successfully applied!
2025-08-09 19:41:21,620 - INFO - 🎯 [2/63] Applying to: W2 Only -- Databricks Data Engineer + Angular UI development -- 100% Remote - LINK: https://www.dice.com/job-detail/f07c3019-da64-4f28-932b-83a600d28ed3
2025-08-09 19:41:35,059 - INFO -    ✅ Successfully applied!
2025-08-09 19:41:45,456 - INFO - 🎯 [3/63] Applying to: Senior Data Scientist - LINK: https://www.dice.com/job-detail/ee4cd9ea-7abb-4688-8da0-2ccb3d97ca5d
2025-08-09 19:42:05,075 - ERROR -    ❌ Cannot click apply button: Message: 
Stacktrace:
#0 0x5619f89b02ca <unknown>
#1 0x5619f8457550 <unknown>
#2 0x5619f84a90f0 <unknown>
#3 0x5619f84a92e1 <unknown>
#4 0x5619f84f75e4 <unknown>
#5 0x5619f84cebed <unknown>
#6 0x5619f84f49e6 <unknown>
#7 0x5619f84ce993 <unknown>
#8 0x5619f849ad6b <unknown>
#9 0x5619f849c141 <unknown>
#10 0x5619f89752ab <unknown>
#11 0x5619f89790b9 <unknown>
#12 0x5619f895c139 <unknown>
#13 0x5619f8979c68 <unknown>
#14 0x5619f894060f <unknown>
#15 0x5619f899e1f8 <unknown>
#16 0x5619f899e3d6 <unknown>
#17 0x5619f89af5e6 <unknown>
#18 0x7f58dd89caa4 <unknown>
#19 0x7f58dd929c3c <unknown>

2025-08-09 19:42:18,064 - INFO - 🎯 [4/63] Applying to: Business Analyst - LINK: https://www.dice.com/job-detail/52e39350-bd22-49eb-bf3a-6a9725c09912
2025-08-09 19:42:34,483 - INFO -    ✅ Successfully applied!
2025-08-09 19:42:45,909 - INFO - 🎯 [5/63] Applying to: Reference data data Analyst and modeler - Investment data/ Reference data / CLM Boston- w2 only - LINK: https://www.dice.com/job-detail/75078ebf-1282-49b3-9fd8-c50f9c78a1a1
2025-08-09 19:43:01,251 - INFO -    ✅ Successfully applied!
2025-08-09 19:43:12,623 - INFO - 🎯 [6/63] Applying to: Data Analyst - Alteryx Specialist with Product Control | Toronto (in the office 3 times a week) - LINK: https://www.dice.com/job-detail/0f687657-c228-4d29-b68f-4cce61ee878b
2025-08-09 19:43:30,573 - ERROR -    ❌ Cannot click apply button: Message: 
Stacktrace:
#0 0x5619f89b02ca <unknown>
#1 0x5619f8457550 <unknown>
#2 0x5619f84a90f0 <unknown>
#3 0x5619f84a92e1 <unknown>
#4 0x5619f84f75e4 <unknown>
#5 0x5619f84cebed <unknown>
#6 0x5619f84f49e6 <unknown>
#7 0x5619f84ce993 <unknown>
#8 0x5619f849ad6b <unknown>
#9 0x5619f849c141 <unknown>
#10 0x5619f89752ab <unknown>
#11 0x5619f89790b9 <unknown>
#12 0x5619f895c139 <unknown>
#13 0x5619f8979c68 <unknown>
#14 0x5619f894060f <unknown>
#15 0x5619f899e1f8 <unknown>
#16 0x5619f899e3d6 <unknown>
#17 0x5619f89af5e6 <unknown>
#18 0x7f58dd89caa4 <unknown>
#19 0x7f58dd929c3c <unknown>

2025-08-09 19:43:39,730 - INFO - 🎯 [7/63] Applying to: .NET Lead/Architect - LINK: https://www.dice.com/job-detail/2a418af3-1a3c-49e9-94d0-90bc5624b26c
2025-08-09 19:43:58,937 - ERROR -    ❌ Cannot click apply button: Message: 
Stacktrace:
#0 0x5619f89b02ca <unknown>
#1 0x5619f8457550 <unknown>
#2 0x5619f84a90f0 <unknown>
#3 0x5619f84a92e1 <unknown>
#4 0x5619f84f75e4 <unknown>
#5 0x5619f84cebed <unknown>
#6 0x5619f84f49e6 <unknown>
#7 0x5619f84ce993 <unknown>
#8 0x5619f849ad6b <unknown>
#9 0x5619f849c141 <unknown>
#10 0x5619f89752ab <unknown>
#11 0x5619f89790b9 <unknown>
#12 0x5619f895c139 <unknown>
#13 0x5619f8979c68 <unknown>
#14 0x5619f894060f <unknown>
#15 0x5619f899e1f8 <unknown>
#16 0x5619f899e3d6 <unknown>
#17 0x5619f89af5e6 <unknown>
#18 0x7f58dd89caa4 <unknown>
#19 0x7f58dd929c3c <unknown>

2025-08-09 19:44:06,926 - INFO - 🎯 [8/63] Applying to: Lead C# .NET Full Stack Developer - LINK: https://www.dice.com/job-detail/340be621-7e71-4fa7-971e-48549fb6c5dc
2025-08-09 19:44:20,197 - INFO -    ✅ Successfully applied!
2025-08-09 19:44:30,465 - INFO - 🎯 [9/63] Applying to: Technical Specialist- Junior(Hybrid Opportunity)- Durham,NC - LINK: https://www.dice.com/job-detail/3adc49f3-8a58-4cfa-9871-9f299fdfe0c9
2025-08-09 19:44:43,849 - INFO -    ✅ Successfully applied!
2025-08-09 19:44:54,445 - INFO - 🎯 [10/63] Applying to: ML Ops Engineer - LINK: https://www.dice.com/job-detail/2c2fc1ff-19e9-4ea4-b125-33e7eaaa826c
2025-08-09 19:45:10,089 - INFO -    ✅ Successfully applied!
2025-08-09 19:45:19,779 - INFO - 🎯 [11/63] Applying to: Senior Systems/Data Analyst - LINK: https://www.dice.com/job-detail/ba294564-7a15-4ee7-8770-ed9f66133eca
2025-08-09 19:45:37,999 - INFO -    ✅ Successfully applied!
2025-08-09 19:45:48,696 - INFO - 🎯 [12/63] Applying to: Senior Embedded Software Engineer - LINK: https://www.dice.com/job-detail/32c48567-8be7-4a97-8116-2d288d6e492d
2025-08-09 19:46:07,425 - ERROR -    ❌ Cannot click apply button: Message: 
Stacktrace:
#0 0x5619f89b02ca <unknown>
#1 0x5619f8457550 <unknown>
#2 0x5619f84a90f0 <unknown>
#3 0x5619f84a92e1 <unknown>
#4 0x5619f84f75e4 <unknown>
#5 0x5619f84cebed <unknown>
#6 0x5619f84f49e6 <unknown>
#7 0x5619f84ce993 <unknown>
#8 0x5619f849ad6b <unknown>
#9 0x5619f849c141 <unknown>
#10 0x5619f89752ab <unknown>
#11 0x5619f89790b9 <unknown>
#12 0x5619f895c139 <unknown>
#13 0x5619f8979c68 <unknown>
#14 0x5619f894060f <unknown>
#15 0x5619f899e1f8 <unknown>
#16 0x5619f899e3d6 <unknown>
#17 0x5619f89af5e6 <unknown>
#18 0x7f58dd89caa4 <unknown>
#19 0x7f58dd929c3c <unknown>

2025-08-09 19:46:18,801 - INFO - 🎯 [13/63] Applying to: Data Engineer - LINK: https://www.dice.com/job-detail/19d9e370-ce69-40ad-9f55-43530e8ce04f
2025-08-09 19:46:33,227 - INFO -    ✅ Successfully applied!
2025-08-09 19:46:43,239 - INFO - 🎯 [14/63] Applying to: AI Security Engineer - LINK: https://www.dice.com/job-detail/f35a00fa-1ad0-475d-be44-111d4aac5727
2025-08-09 19:47:01,449 - ERROR -    ❌ Cannot click apply button: Message: 
Stacktrace:
#0 0x5619f89b02ca <unknown>
#1 0x5619f8457550 <unknown>
#2 0x5619f84a90f0 <unknown>
#3 0x5619f84a92e1 <unknown>
#4 0x5619f84f75e4 <unknown>
#5 0x5619f84cebed <unknown>
#6 0x5619f84f49e6 <unknown>
#7 0x5619f84ce993 <unknown>
#8 0x5619f849ad6b <unknown>
#9 0x5619f849c141 <unknown>
#10 0x5619f89752ab <unknown>
#11 0x5619f89790b9 <unknown>
#12 0x5619f895c139 <unknown>
#13 0x5619f8979c68 <unknown>
#14 0x5619f894060f <unknown>
#15 0x5619f899e1f8 <unknown>
#16 0x5619f899e3d6 <unknown>
#17 0x5619f89af5e6 <unknown>
#18 0x7f58dd89caa4 <unknown>
#19 0x7f58dd929c3c <unknown>

2025-08-09 19:47:09,451 - INFO - 🎯 [15/63] Applying to: Senior Software Engineer Python/Go/ Go Template - LINK: https://www.dice.com/job-detail/905aaf3a-8d97-4696-90df-fad047370a2a
2025-08-09 19:47:24,544 - INFO -    ✅ Successfully applied!
2025-08-09 19:47:36,561 - INFO - 🎯 [16/63] Applying to: Fullstack API developer with NodeJS || Onsite - LINK: https://www.dice.com/job-detail/19ed7d0e-4b94-47ac-8004-65a89c27a2a1
2025-08-09 19:47:52,387 - INFO -    ✅ Successfully applied!
2025-08-09 19:48:01,361 - INFO - 🎯 [17/63] Applying to: Sr Lead Data Engineer/ Architect - Remote - LINK: https://www.dice.com/job-detail/033f34a3-96d6-4cf2-ae18-812ddb53baca
2025-08-09 19:48:16,887 - INFO -    ✅ Successfully applied!
2025-08-09 19:48:26,530 - INFO - 🎯 [18/63] Applying to: Senior ServiceNow Developer - LINK: https://www.dice.com/job-detail/3b11f639-6e3a-4e7d-ba2b-389059ebe415
2025-08-09 19:48:45,529 - ERROR -    ❌ Cannot click apply button: Message: 
Stacktrace:
#0 0x5619f89b02ca <unknown>
#1 0x5619f8457550 <unknown>
#2 0x5619f84a90f0 <unknown>
#3 0x5619f84a92e1 <unknown>
#4 0x5619f84f75e4 <unknown>
#5 0x5619f84cebed <unknown>
#6 0x5619f84f49e6 <unknown>
#7 0x5619f84ce993 <unknown>
#8 0x5619f849ad6b <unknown>
#9 0x5619f849c141 <unknown>
#10 0x5619f89752ab <unknown>
#11 0x5619f89790b9 <unknown>
#12 0x5619f895c139 <unknown>
#13 0x5619f8979c68 <unknown>
#14 0x5619f894060f <unknown>
#15 0x5619f899e1f8 <unknown>
#16 0x5619f899e3d6 <unknown>
#17 0x5619f89af5e6 <unknown>
#18 0x7f58dd89caa4 <unknown>
#19 0x7f58dd929c3c <unknown>

2025-08-09 19:48:55,105 - INFO - 🎯 [19/63] Applying to: Salesforce Data Analyst - LINK: https://www.dice.com/job-detail/b42696cf-9f84-4da7-bef7-127bbae58c51
2025-08-09 19:49:10,266 - INFO -    ✅ Successfully applied!
2025-08-09 19:49:21,800 - INFO - 🎯 [20/63] Applying to: Developer with GenAI Experience - LINK: https://www.dice.com/job-detail/eb07ab8b-c166-4fb2-87ff-ca78a911bf31
2025-08-09 19:49:42,469 - ERROR -    ❌ Cannot click apply button: Message: 
Stacktrace:
#0 0x5619f89b02ca <unknown>
#1 0x5619f8457550 <unknown>
#2 0x5619f84a90f0 <unknown>
#3 0x5619f84a92e1 <unknown>
#4 0x5619f84f75e4 <unknown>
#5 0x5619f84cebed <unknown>
#6 0x5619f84f49e6 <unknown>
#7 0x5619f84ce993 <unknown>
#8 0x5619f849ad6b <unknown>
#9 0x5619f849c141 <unknown>
#10 0x5619f89752ab <unknown>
#11 0x5619f89790b9 <unknown>
#12 0x5619f895c139 <unknown>
#13 0x5619f8979c68 <unknown>
#14 0x5619f894060f <unknown>
#15 0x5619f899e1f8 <unknown>
#16 0x5619f899e3d6 <unknown>
#17 0x5619f89af5e6 <unknown>
#18 0x7f58dd89caa4 <unknown>
#19 0x7f58dd929c3c <unknown>

2025-08-09 19:49:50,327 - INFO - 🎯 [21/63] Applying to: Entry Level Business Analyst - LINK: https://www.dice.com/job-detail/284a7857-c315-4fcb-a8a8-53d49f2a6641
2025-08-09 19:50:08,297 - ERROR -    ❌ Cannot click apply button: Message: 
Stacktrace:
#0 0x5619f89b02ca <unknown>
#1 0x5619f8457550 <unknown>
#2 0x5619f84a90f0 <unknown>
#3 0x5619f84a92e1 <unknown>
#4 0x5619f84f75e4 <unknown>
#5 0x5619f84cebed <unknown>
#6 0x5619f84f49e6 <unknown>
#7 0x5619f84ce993 <unknown>
#8 0x5619f849ad6b <unknown>
#9 0x5619f849c141 <unknown>
#10 0x5619f89752ab <unknown>
#11 0x5619f89790b9 <unknown>
#12 0x5619f895c139 <unknown>
#13 0x5619f8979c68 <unknown>
#14 0x5619f894060f <unknown>
#15 0x5619f899e1f8 <unknown>
#16 0x5619f899e3d6 <unknown>
#17 0x5619f89af5e6 <unknown>
#18 0x7f58dd89caa4 <unknown>
#19 0x7f58dd929c3c <unknown>

2025-08-09 19:50:18,337 - INFO - 🎯 [22/63] Applying to: Data Analyst - LINK: https://www.dice.com/job-detail/4e284479-d78d-40f5-928b-9cf3509e871e
2025-08-09 19:50:35,045 - INFO -    ✅ Successfully applied!
2025-08-09 19:50:45,049 - INFO - 🎯 [23/63] Applying to: Microsoft Azure Data Engineer - NJ onsite; in-person interview - LINK: https://www.dice.com/job-detail/e00698df-ca3b-4bfd-acae-b58791287157
2025-08-09 19:51:00,200 - INFO -    ✅ Successfully applied!
2025-08-09 19:51:06,586 - INFO - 🎯 [24/63] Applying to: Python Full stack Developer with Gen AI - LINK: https://www.dice.com/job-detail/56b0e94d-d8fe-46e1-8931-b68755374b8d
2025-08-09 19:51:21,646 - INFO -    ✅ Successfully applied!
2025-08-09 19:51:28,661 - INFO - 🎯 [25/63] Applying to: Data Scientist - LINK: https://www.dice.com/job-detail/4e9d6008-d2a5-4a76-9d5e-cb66e423764b
2025-08-09 19:51:43,752 - INFO -    ✅ Successfully applied!
2025-08-09 19:51:55,878 - INFO - 🎯 [26/63] Applying to: Lead + Senior Machine Learning Engineer (34110) - LINK: https://www.dice.com/job-detail/c66ebc42-4f89-49e0-b012-f0c53949dd5e
2025-08-09 19:52:14,152 - ERROR -    ❌ Cannot click apply button: Message: 
Stacktrace:
#0 0x5619f89b02ca <unknown>
#1 0x5619f8457550 <unknown>
#2 0x5619f84a90f0 <unknown>
#3 0x5619f84a92e1 <unknown>
#4 0x5619f84f75e4 <unknown>
#5 0x5619f84cebed <unknown>
#6 0x5619f84f49e6 <unknown>
#7 0x5619f84ce993 <unknown>
#8 0x5619f849ad6b <unknown>
#9 0x5619f849c141 <unknown>
#10 0x5619f89752ab <unknown>
#11 0x5619f89790b9 <unknown>
#12 0x5619f895c139 <unknown>
#13 0x5619f8979c68 <unknown>
#14 0x5619f894060f <unknown>
#15 0x5619f899e1f8 <unknown>
#16 0x5619f899e3d6 <unknown>
#17 0x5619f89af5e6 <unknown>
#18 0x7f58dd89caa4 <unknown>
#19 0x7f58dd929c3c <unknown>

2025-08-09 19:52:23,987 - INFO - 🎯 [27/63] Applying to: Senior Data Scientist (Remote) - LINK: https://www.dice.com/job-detail/e05bb414-6768-4f49-99ce-82e471fbf5d9
2025-08-09 19:52:43,820 - ERROR -    ❌ Cannot click apply button: Message: 
Stacktrace:
#0 0x5619f89b02ca <unknown>
#1 0x5619f8457550 <unknown>
#2 0x5619f84a90f0 <unknown>
#3 0x5619f84a92e1 <unknown>
#4 0x5619f84f75e4 <unknown>
#5 0x5619f84cebed <unknown>
#6 0x5619f84f49e6 <unknown>
#7 0x5619f84ce993 <unknown>
#8 0x5619f849ad6b <unknown>
#9 0x5619f849c141 <unknown>
#10 0x5619f89752ab <unknown>
#11 0x5619f89790b9 <unknown>
#12 0x5619f895c139 <unknown>
#13 0x5619f8979c68 <unknown>
#14 0x5619f894060f <unknown>
#15 0x5619f899e1f8 <unknown>
#16 0x5619f899e3d6 <unknown>
#17 0x5619f89af5e6 <unknown>
#18 0x7f58dd89caa4 <unknown>
#19 0x7f58dd929c3c <unknown>

2025-08-09 19:52:56,688 - INFO - 🎯 [28/63] Applying to: Lead AI/ML Engineer - LINK: https://www.dice.com/job-detail/fded61c2-a1f5-40c1-bd9a-6ca960e069da
2025-08-09 19:53:12,053 - INFO -    ✅ Successfully applied!
2025-08-09 19:53:21,580 - INFO - 🎯 [29/63] Applying to: Software Engineer - Only W2 - LINK: https://www.dice.com/job-detail/185f0f1e-de7c-410e-9066-b2fc9cbe2f74
2025-08-09 19:53:40,363 - ERROR -    ❌ Cannot click apply button: Message: 
Stacktrace:
#0 0x5619f89b02ca <unknown>
#1 0x5619f8457550 <unknown>
#2 0x5619f84a90f0 <unknown>
#3 0x5619f84a92e1 <unknown>
#4 0x5619f84f75e4 <unknown>
#5 0x5619f84cebed <unknown>
#6 0x5619f84f49e6 <unknown>
#7 0x5619f84ce993 <unknown>
#8 0x5619f849ad6b <unknown>
#9 0x5619f849c141 <unknown>
#10 0x5619f89752ab <unknown>
#11 0x5619f89790b9 <unknown>
#12 0x5619f895c139 <unknown>
#13 0x5619f8979c68 <unknown>
#14 0x5619f894060f <unknown>
#15 0x5619f899e1f8 <unknown>
#16 0x5619f899e3d6 <unknown>
#17 0x5619f89af5e6 <unknown>
#18 0x7f58dd89caa4 <unknown>
#19 0x7f58dd929c3c <unknown>

2025-08-09 19:53:47,295 - INFO - 🎯 [30/63] Applying to: Software Engineer - LINK: https://www.dice.com/job-detail/ffe0fe7b-ae81-4820-ab69-a34771a8218f
2025-08-09 19:54:01,046 - INFO -    ✅ Successfully applied!
2025-08-09 19:54:12,899 - INFO - 🎯 [31/63] Applying to: Business Analyst 2 - LINK: https://www.dice.com/job-detail/ace74f8e-6cd6-43b5-9d6f-763dbc10ccb9
2025-08-09 19:54:29,051 - INFO -    ✅ Successfully applied!
2025-08-09 19:54:38,190 - INFO - 🎯 [32/63] Applying to: Unity Developer C#- not games developement - LINK: https://www.dice.com/job-detail/21d5ec2d-889c-415e-b1b7-1613d664349b
2025-08-09 19:54:57,247 - ERROR -    ❌ Cannot click apply button: Message: 
Stacktrace:
#0 0x5619f89b02ca <unknown>
#1 0x5619f8457550 <unknown>
#2 0x5619f84a90f0 <unknown>
#3 0x5619f84a92e1 <unknown>
#4 0x5619f84f75e4 <unknown>
#5 0x5619f84cebed <unknown>
#6 0x5619f84f49e6 <unknown>
#7 0x5619f84ce993 <unknown>
#8 0x5619f849ad6b <unknown>
#9 0x5619f849c141 <unknown>
#10 0x5619f89752ab <unknown>
#11 0x5619f89790b9 <unknown>
#12 0x5619f895c139 <unknown>
#13 0x5619f8979c68 <unknown>
#14 0x5619f894060f <unknown>
#15 0x5619f899e1f8 <unknown>
#16 0x5619f899e3d6 <unknown>
#17 0x5619f89af5e6 <unknown>
#18 0x7f58dd89caa4 <unknown>
#19 0x7f58dd929c3c <unknown>

2025-08-09 19:55:05,934 - INFO - 🎯 [33/63] Applying to: Data Architect - LINK: https://www.dice.com/job-detail/4085d351-7973-4ec2-bc2f-2bf258422008
2025-08-09 19:55:21,467 - INFO -    ✅ Successfully applied!
2025-08-09 19:55:34,742 - INFO - 🎯 [34/63] Applying to: Senior Python Developer (Payment APIs) - LINK: https://www.dice.com/job-detail/874e20ee-bc7c-4a9f-8b3a-5b3607904b69
2025-08-09 19:55:53,596 - ERROR -    ❌ Cannot click apply button: Message: 
Stacktrace:
#0 0x5619f89b02ca <unknown>
#1 0x5619f8457550 <unknown>
#2 0x5619f84a90f0 <unknown>
#3 0x5619f84a92e1 <unknown>
#4 0x5619f84f75e4 <unknown>
#5 0x5619f84cebed <unknown>
#6 0x5619f84f49e6 <unknown>
#7 0x5619f84ce993 <unknown>
#8 0x5619f849ad6b <unknown>
#9 0x5619f849c141 <unknown>
#10 0x5619f89752ab <unknown>
#11 0x5619f89790b9 <unknown>
#12 0x5619f895c139 <unknown>
#13 0x5619f8979c68 <unknown>
#14 0x5619f894060f <unknown>
#15 0x5619f899e1f8 <unknown>
#16 0x5619f899e3d6 <unknown>
#17 0x5619f89af5e6 <unknown>
#18 0x7f58dd89caa4 <unknown>
#19 0x7f58dd929c3c <unknown>

2025-08-09 19:56:03,634 - INFO - 🎯 [35/63] Applying to: Quantitative Software Developer / MATLAB Engineer --Only W2 Candidates Hybrid - LINK: https://www.dice.com/job-detail/dfcc9f73-b481-414a-a26c-550fbb2f7ef2
2025-08-09 19:56:19,220 - INFO -    ✅ Successfully applied!
2025-08-09 19:56:27,942 - INFO - 🎯 [36/63] Applying to: Data Engineer with scala and spark - LINK: https://www.dice.com/job-detail/3ced05ef-0362-4b54-9b9c-3ae0503c5798
2025-08-09 19:56:42,802 - INFO -    ✅ Successfully applied!
2025-08-09 19:56:54,350 - INFO - 🎯 [37/63] Applying to: cybersecurity IAM Architect - LINK: https://www.dice.com/job-detail/ed071630-67e6-482e-8a35-4fa33728a731
2025-08-09 19:57:08,643 - INFO -    ✅ Successfully applied!
2025-08-09 19:57:19,134 - INFO - 🎯 [38/63] Applying to: Azure Data Engineer - LINK: https://www.dice.com/job-detail/b002323e-1a60-49f2-bdb4-2805eeef8702
2025-08-09 19:57:37,853 - INFO -    ✅ Successfully applied!
2025-08-09 19:57:47,941 - INFO - 🎯 [39/63] Applying to: Data Governance Analyst Regulatory Risk (Equities) - LINK: https://www.dice.com/job-detail/cc4c714f-e01a-412f-b305-51cd49afa325
2025-08-09 19:58:07,293 - ERROR -    ❌ Cannot click apply button: Message: 
Stacktrace:
#0 0x5619f89b02ca <unknown>
#1 0x5619f8457550 <unknown>
#2 0x5619f84a90f0 <unknown>
#3 0x5619f84a92e1 <unknown>
#4 0x5619f84f75e4 <unknown>
#5 0x5619f84cebed <unknown>
#6 0x5619f84f49e6 <unknown>
#7 0x5619f84ce993 <unknown>
#8 0x5619f849ad6b <unknown>
#9 0x5619f849c141 <unknown>
#10 0x5619f89752ab <unknown>
#11 0x5619f89790b9 <unknown>
#12 0x5619f895c139 <unknown>
#13 0x5619f8979c68 <unknown>
#14 0x5619f894060f <unknown>
#15 0x5619f899e1f8 <unknown>
#16 0x5619f899e3d6 <unknown>
#17 0x5619f89af5e6 <unknown>
#18 0x7f58dd89caa4 <unknown>
#19 0x7f58dd929c3c <unknown>

2025-08-09 19:58:17,662 - INFO - 🎯 [40/63] Applying to: AWS Data engineer - LINK: https://www.dice.com/job-detail/402ba73f-c892-4cc6-83a4-182c924089f2
2025-08-09 19:58:33,315 - INFO -    ✅ Successfully applied!
2025-08-09 19:58:41,767 - INFO - 🎯 [41/63] Applying to: Business Analyst - LINK: https://www.dice.com/job-detail/38f9109a-ae2a-4709-b48d-75bfed790c1b
2025-08-09 19:58:58,643 - INFO -    ✅ Successfully applied!
2025-08-09 19:59:09,260 - INFO - 🎯 [42/63] Applying to: IT Technical Analyst - Data Governance & Microsoft Purview (34223) - LINK: https://www.dice.com/job-detail/f3fd81ff-c665-4983-861e-022fd0e80340
2025-08-09 19:59:24,571 - INFO -    ✅ Successfully applied!
2025-08-09 19:59:37,124 - INFO - 🎯 [43/63] Applying to: Machine Learning Engineer - LINK: https://www.dice.com/job-detail/67f431fc-7458-4da3-a703-711854f94752
2025-08-09 19:59:49,562 - INFO -    ✅ Successfully applied!
2025-08-09 19:59:59,748 - INFO - 🎯 [44/63] Applying to: Mainframe Software Developer // Woodlawn, MD (Onsite) - LINK: https://www.dice.com/job-detail/6619e1f0-9885-496e-b6a4-cb8f8b0e6860
2025-08-09 20:00:17,388 - ERROR -    ❌ Cannot click apply button: Message: 
Stacktrace:
#0 0x5619f89b02ca <unknown>
#1 0x5619f8457550 <unknown>
#2 0x5619f84a90f0 <unknown>
#3 0x5619f84a92e1 <unknown>
#4 0x5619f84f75e4 <unknown>
#5 0x5619f84cebed <unknown>
#6 0x5619f84f49e6 <unknown>
#7 0x5619f84ce993 <unknown>
#8 0x5619f849ad6b <unknown>
#9 0x5619f849c141 <unknown>
#10 0x5619f89752ab <unknown>
#11 0x5619f89790b9 <unknown>
#12 0x5619f895c139 <unknown>
#13 0x5619f8979c68 <unknown>
#14 0x5619f894060f <unknown>
#15 0x5619f899e1f8 <unknown>
#16 0x5619f899e3d6 <unknown>
#17 0x5619f89af5e6 <unknown>
#18 0x7f58dd89caa4 <unknown>
#19 0x7f58dd929c3c <unknown>

2025-08-09 20:00:28,047 - INFO - 🎯 [45/63] Applying to: Systems Engineer - LINK: https://www.dice.com/job-detail/9c841589-a388-4a95-b1f8-473f89ae8a39
2025-08-09 20:00:46,998 - ERROR -    ❌ Cannot click apply button: Message: 
Stacktrace:
#0 0x5619f89b02ca <unknown>
#1 0x5619f8457550 <unknown>
#2 0x5619f84a90f0 <unknown>
#3 0x5619f84a92e1 <unknown>
#4 0x5619f84f75e4 <unknown>
#5 0x5619f84cebed <unknown>
#6 0x5619f84f49e6 <unknown>
#7 0x5619f84ce993 <unknown>
#8 0x5619f849ad6b <unknown>
#9 0x5619f849c141 <unknown>
#10 0x5619f89752ab <unknown>
#11 0x5619f89790b9 <unknown>
#12 0x5619f895c139 <unknown>
#13 0x5619f8979c68 <unknown>
#14 0x5619f894060f <unknown>
#15 0x5619f899e1f8 <unknown>
#16 0x5619f899e3d6 <unknown>
#17 0x5619f89af5e6 <unknown>
#18 0x7f58dd89caa4 <unknown>
#19 0x7f58dd929c3c <unknown>

2025-08-09 20:01:00,027 - INFO - 🎯 [46/63] Applying to: Data Scientist - LINK: https://www.dice.com/job-detail/c9a5c718-6eed-4425-a91c-54636decda7d
2025-08-09 20:01:21,063 - ERROR -    ❌ Cannot click apply button: Message: 
Stacktrace:
#0 0x5619f89b02ca <unknown>
#1 0x5619f8457550 <unknown>
#2 0x5619f84a90f0 <unknown>
#3 0x5619f84a92e1 <unknown>
#4 0x5619f84f75e4 <unknown>
#5 0x5619f84cebed <unknown>
#6 0x5619f84f49e6 <unknown>
#7 0x5619f84ce993 <unknown>
#8 0x5619f849ad6b <unknown>
#9 0x5619f849c141 <unknown>
#10 0x5619f89752ab <unknown>
#11 0x5619f89790b9 <unknown>
#12 0x5619f895c139 <unknown>
#13 0x5619f8979c68 <unknown>
#14 0x5619f894060f <unknown>
#15 0x5619f899e1f8 <unknown>
#16 0x5619f899e3d6 <unknown>
#17 0x5619f89af5e6 <unknown>
#18 0x7f58dd89caa4 <unknown>
#19 0x7f58dd929c3c <unknown>

2025-08-09 20:01:27,687 - INFO - 🎯 [47/63] Applying to: Sr. Business Analyst - LINK: https://www.dice.com/job-detail/1450bf0c-cd3d-44e0-9d5c-7417db766348
2025-08-09 20:01:44,833 - INFO -    ✅ Successfully applied!
2025-08-09 20:01:56,747 - INFO - 🎯 [48/63] Applying to: Lead & Senior Machine Learning Engineer - MLOps & Platform Engineering (34110) - LINK: https://www.dice.com/job-detail/0f7f1469-434c-4a37-a14d-a2a57b4a3289
2025-08-09 20:02:15,639 - ERROR -    ❌ Cannot click apply button: Message: 
Stacktrace:
#0 0x5619f89b02ca <unknown>
#1 0x5619f8457550 <unknown>
#2 0x5619f84a90f0 <unknown>
#3 0x5619f84a92e1 <unknown>
#4 0x5619f84f75e4 <unknown>
#5 0x5619f84cebed <unknown>
#6 0x5619f84f49e6 <unknown>
#7 0x5619f84ce993 <unknown>
#8 0x5619f849ad6b <unknown>
#9 0x5619f849c141 <unknown>
#10 0x5619f89752ab <unknown>
#11 0x5619f89790b9 <unknown>
#12 0x5619f895c139 <unknown>
#13 0x5619f8979c68 <unknown>
#14 0x5619f894060f <unknown>
#15 0x5619f899e1f8 <unknown>
#16 0x5619f899e3d6 <unknown>
#17 0x5619f89af5e6 <unknown>
#18 0x7f58dd89caa4 <unknown>
#19 0x7f58dd929c3c <unknown>

2025-08-09 20:02:27,868 - INFO - 🎯 [49/63] Applying to: Generative AI Engineer - Richmond, VA - LINK: https://www.dice.com/job-detail/2387beda-ed41-4cdb-854f-a72ab9e14dee
2025-08-09 20:02:43,709 - INFO -    ✅ Successfully applied!
2025-08-09 20:02:53,605 - INFO - 🎯 [50/63] Applying to: Software Engineer - LINK: https://www.dice.com/job-detail/c5dae72d-eedb-4247-a1ed-b65cd0dcfe53
2025-08-09 20:03:13,306 - ERROR -    ❌ Cannot click apply button: Message: 
Stacktrace:
#0 0x5619f89b02ca <unknown>
#1 0x5619f8457550 <unknown>
#2 0x5619f84a90f0 <unknown>
#3 0x5619f84a92e1 <unknown>
#4 0x5619f84f75e4 <unknown>
#5 0x5619f84cebed <unknown>
#6 0x5619f84f49e6 <unknown>
#7 0x5619f84ce993 <unknown>
#8 0x5619f849ad6b <unknown>
#9 0x5619f849c141 <unknown>
#10 0x5619f89752ab <unknown>
#11 0x5619f89790b9 <unknown>
#12 0x5619f895c139 <unknown>
#13 0x5619f8979c68 <unknown>
#14 0x5619f894060f <unknown>
#15 0x5619f899e1f8 <unknown>
#16 0x5619f899e3d6 <unknown>
#17 0x5619f89af5e6 <unknown>
#18 0x7f58dd89caa4 <unknown>
#19 0x7f58dd929c3c <unknown>

2025-08-09 20:03:24,863 - INFO - 🎯 [51/63] Applying to: Infor Technical Architect - San Diego, CA - Hire Type: 6 Months + Possible extension. - LINK: https://www.dice.com/job-detail/fb3baf2e-4175-44ae-ab64-969f83e592d0
2025-08-09 20:03:39,443 - INFO -    ✅ Successfully applied!
2025-08-09 20:03:50,931 - INFO - 🎯 [52/63] Applying to: Sr. AI/ML Engineer - LINK: https://www.dice.com/job-detail/dee90ace-5b22-46b3-9ad5-dcef3b35d85b
2025-08-09 20:04:04,775 - INFO -    ✅ Successfully applied!
2025-08-09 20:04:14,349 - INFO - 🎯 [53/63] Applying to: AI Data Scientist - LINK: https://www.dice.com/job-detail/18d6b2bb-e146-4d2c-911e-2b350b86220e
2025-08-09 20:04:29,507 - INFO -    ✅ Successfully applied!
2025-08-09 20:04:40,866 - INFO - 🎯 [54/63] Applying to: Sr. Business Analyst - LINK: https://www.dice.com/job-detail/4143eb6d-16d5-476f-bd2a-983d05059df1
2025-08-09 20:04:56,269 - INFO -    ✅ Successfully applied!
2025-08-09 20:05:06,956 - INFO - 🎯 [55/63] Applying to: Data Engineer with Snowflake Plano, TX - LINK: https://www.dice.com/job-detail/388869b8-38a0-46b2-b770-c71a5b2b83c2
2025-08-09 20:05:25,512 - ERROR -    ❌ Cannot click apply button: Message: 
Stacktrace:
#0 0x5619f89b02ca <unknown>
#1 0x5619f8457550 <unknown>
#2 0x5619f84a90f0 <unknown>
#3 0x5619f84a92e1 <unknown>
#4 0x5619f84f75e4 <unknown>
#5 0x5619f84cebed <unknown>
#6 0x5619f84f49e6 <unknown>
#7 0x5619f84ce993 <unknown>
#8 0x5619f849ad6b <unknown>
#9 0x5619f849c141 <unknown>
#10 0x5619f89752ab <unknown>
#11 0x5619f89790b9 <unknown>
#12 0x5619f895c139 <unknown>
#13 0x5619f8979c68 <unknown>
#14 0x5619f894060f <unknown>
#15 0x5619f899e1f8 <unknown>
#16 0x5619f899e3d6 <unknown>
#17 0x5619f89af5e6 <unknown>
#18 0x7f58dd89caa4 <unknown>
#19 0x7f58dd929c3c <unknown>

2025-08-09 20:05:34,298 - INFO - 🎯 [56/63] Applying to: Sr. Business Analyst with FLAIR experience - LINK: https://www.dice.com/job-detail/54301ee4-390c-4292-a5e1-4069821cc54e
2025-08-09 20:05:52,582 - ERROR -    ❌ Cannot click apply button: Message: 
Stacktrace:
#0 0x5619f89b02ca <unknown>
#1 0x5619f8457550 <unknown>
#2 0x5619f84a90f0 <unknown>
#3 0x5619f84a92e1 <unknown>
#4 0x5619f84f75e4 <unknown>
#5 0x5619f84cebed <unknown>
#6 0x5619f84f49e6 <unknown>
#7 0x5619f84ce993 <unknown>
#8 0x5619f849ad6b <unknown>
#9 0x5619f849c141 <unknown>
#10 0x5619f89752ab <unknown>
#11 0x5619f89790b9 <unknown>
#12 0x5619f895c139 <unknown>
#13 0x5619f8979c68 <unknown>
#14 0x5619f894060f <unknown>
#15 0x5619f899e1f8 <unknown>
#16 0x5619f899e3d6 <unknown>
#17 0x5619f89af5e6 <unknown>
#18 0x7f58dd89caa4 <unknown>
#19 0x7f58dd929c3c <unknown>

2025-08-09 20:06:02,761 - INFO - 🎯 [57/63] Applying to: Azure Microsoft AI Architect - LINK: https://www.dice.com/job-detail/8735ffd6-1f13-4250-b99a-4ff77978023c
2025-08-09 20:06:20,902 - ERROR -    ❌ Cannot click apply button: Message: 
Stacktrace:
#0 0x5619f89b02ca <unknown>
#1 0x5619f8457550 <unknown>
#2 0x5619f84a90f0 <unknown>
#3 0x5619f84a92e1 <unknown>
#4 0x5619f84f75e4 <unknown>
#5 0x5619f84cebed <unknown>
#6 0x5619f84f49e6 <unknown>
#7 0x5619f84ce993 <unknown>
#8 0x5619f849ad6b <unknown>
#9 0x5619f849c141 <unknown>
#10 0x5619f89752ab <unknown>
#11 0x5619f89790b9 <unknown>
#12 0x5619f895c139 <unknown>
#13 0x5619f8979c68 <unknown>
#14 0x5619f894060f <unknown>
#15 0x5619f899e1f8 <unknown>
#16 0x5619f899e3d6 <unknown>
#17 0x5619f89af5e6 <unknown>
#18 0x7f58dd89caa4 <unknown>
#19 0x7f58dd929c3c <unknown>

2025-08-09 20:06:31,884 - INFO - 🎯 [58/63] Applying to: AI / ML Engineer with Python - LINK: https://www.dice.com/job-detail/338a069c-b260-489d-b9ab-6cf1c2da9d5d
2025-08-09 20:06:51,207 - ERROR -    ❌ Cannot click apply button: Message: 
Stacktrace:
#0 0x5619f89b02ca <unknown>
#1 0x5619f8457550 <unknown>
#2 0x5619f84a90f0 <unknown>
#3 0x5619f84a92e1 <unknown>
#4 0x5619f84f75e4 <unknown>
#5 0x5619f84cebed <unknown>
#6 0x5619f84f49e6 <unknown>
#7 0x5619f84ce993 <unknown>
#8 0x5619f849ad6b <unknown>
#9 0x5619f849c141 <unknown>
#10 0x5619f89752ab <unknown>
#11 0x5619f89790b9 <unknown>
#12 0x5619f895c139 <unknown>
#13 0x5619f8979c68 <unknown>
#14 0x5619f894060f <unknown>
#15 0x5619f899e1f8 <unknown>
#16 0x5619f899e3d6 <unknown>
#17 0x5619f89af5e6 <unknown>
#18 0x7f58dd89caa4 <unknown>
#19 0x7f58dd929c3c <unknown>

2025-08-09 20:06:59,028 - INFO - 🎯 [59/63] Applying to: SageMaker - LINK: https://www.dice.com/job-detail/71cdfa19-cae6-4770-9eb0-84eb9c1d2a39
2025-08-09 20:07:18,118 - ERROR -    ❌ Cannot click apply button: Message: 
Stacktrace:
#0 0x5619f89b02ca <unknown>
#1 0x5619f8457550 <unknown>
#2 0x5619f84a90f0 <unknown>
#3 0x5619f84a92e1 <unknown>
#4 0x5619f84f75e4 <unknown>
#5 0x5619f84cebed <unknown>
#6 0x5619f84f49e6 <unknown>
#7 0x5619f84ce993 <unknown>
#8 0x5619f849ad6b <unknown>
#9 0x5619f849c141 <unknown>
#10 0x5619f89752ab <unknown>
#11 0x5619f89790b9 <unknown>
#12 0x5619f895c139 <unknown>
#13 0x5619f8979c68 <unknown>
#14 0x5619f894060f <unknown>
#15 0x5619f899e1f8 <unknown>
#16 0x5619f899e3d6 <unknown>
#17 0x5619f89af5e6 <unknown>
#18 0x7f58dd89caa4 <unknown>
#19 0x7f58dd929c3c <unknown>

2025-08-09 20:07:29,681 - INFO - 🎯 [60/63] Applying to: Junior Mobile Developer - LINK: https://www.dice.com/job-detail/c88d34f4-a576-4a37-bc81-d665ce16e2db
2025-08-09 20:07:48,025 - ERROR -    ❌ Cannot click apply button: Message: 
Stacktrace:
#0 0x5619f89b02ca <unknown>
#1 0x5619f8457550 <unknown>
#2 0x5619f84a90f0 <unknown>
#3 0x5619f84a92e1 <unknown>
#4 0x5619f84f75e4 <unknown>
#5 0x5619f84cebed <unknown>
#6 0x5619f84f49e6 <unknown>
#7 0x5619f84ce993 <unknown>
#8 0x5619f849ad6b <unknown>
#9 0x5619f849c141 <unknown>
#10 0x5619f89752ab <unknown>
#11 0x5619f89790b9 <unknown>
#12 0x5619f895c139 <unknown>
#13 0x5619f8979c68 <unknown>
#14 0x5619f894060f <unknown>
#15 0x5619f899e1f8 <unknown>
#16 0x5619f899e3d6 <unknown>
#17 0x5619f89af5e6 <unknown>
#18 0x7f58dd89caa4 <unknown>
#19 0x7f58dd929c3c <unknown>

2025-08-09 20:07:59,017 - INFO - 🎯 [61/63] Applying to: Java Software Engineer - LINK: https://www.dice.com/job-detail/cd34cee6-2220-402f-b588-e52e7d853825
2025-08-09 20:08:13,955 - INFO -    ✅ Successfully applied!
2025-08-09 20:08:26,411 - INFO - 🎯 [62/63] Applying to: Azure AI Solution Architect - LINK: https://www.dice.com/job-detail/bca7f0dd-d094-4c68-8fe0-7ba47cdcdecd
2025-08-09 20:08:42,004 - INFO -    ✅ Successfully applied!
2025-08-09 20:08:50,997 - INFO - 🎯 [63/63] Applying to: Senior Machine Learning Engineer - MLOps & Platform Engineering (34107) - LINK: https://www.dice.com/job-detail/57efd560-5ffd-44a6-9bce-55b85eaf0ab7
2025-08-09 20:09:05,519 - INFO -    ✅ Successfully applied!
2025-08-09 20:09:08,604 - INFO - 📊 Processing results...
2025-08-09 20:09:08,668 - INFO - 🎉 Application run completed!
2025-08-09 20:09:08,668 - INFO -    ✅ Newly applied: 38
2025-08-09 20:09:08,668 - INFO -    ⏭️  Already applied: 0
2025-08-09 20:09:08,668 - INFO -    ❌ Failed: 25
2025-08-09 20:09:08,668 - INFO -    📊 Total processed: 63
2025-08-09 20:09:08,668 - INFO -    📁 Total jobs in CSV: 5122
2025-08-09 20:09:08,668 - INFO -    💾 Updated: output/final_ml_jobs.csv
2025-08-09 20:09:08,668 - INFO - 🔧 Closing browser...
