2025-08-05 19:43:35,321 - INFO - 🚀 Starting stealth job application bot
2025-08-05 19:43:42,409 - INFO - 📂 Loading jobs from output/final_ml_jobs.csv
2025-08-05 19:43:42,436 - INFO -    📊 Total jobs in file: 4072
2025-08-05 19:43:42,438 - INFO -    🎯 Easy Apply jobs: 4072
2025-08-05 19:43:42,440 - INFO -    ⏳ Jobs to process: 1337 (status: pending)
2025-08-05 19:43:42,440 - INFO - 🎲 Will attempt 62 applications this run (target: 62)
2025-08-05 19:43:42,440 - INFO - 🔑 Logging into Dice...
2025-08-05 19:43:45,229 - INFO - ✅ Login successful
2025-08-05 19:43:47,272 - INFO - 🔄 Starting job applications...
2025-08-05 19:43:47,273 - INFO - 🎯 [1/62] Applying to: Accela Business Analyst(Local to Lawrenceville, GA 30046) - LINK: https://www.dice.com/job-detail/87a20776-71c7-459f-bcfe-0fda03a5e194
2025-08-05 19:44:03,957 - INFO -    ✅ Successfully applied!
2025-08-05 19:44:15,479 - INFO - 🎯 [2/62] Applying to: Azure Data Architect/Sr. Data Engineer (100% Remote Contract Opportunity) - LINK: https://www.dice.com/job-detail/c88e17d6-cdfe-4c72-b830-36dbf43731ca
2025-08-05 19:44:35,021 - ERROR -    ❌ Cannot click apply button: Message: 
Stacktrace:
#0 0x55b2e23f02ca <unknown>
#1 0x55b2e1e97550 <unknown>
#2 0x55b2e1ee90f0 <unknown>
#3 0x55b2e1ee92e1 <unknown>
#4 0x55b2e1f375e4 <unknown>
#5 0x55b2e1f0ebed <unknown>
#6 0x55b2e1f349e6 <unknown>
#7 0x55b2e1f0e993 <unknown>
#8 0x55b2e1edad6b <unknown>
#9 0x55b2e1edc141 <unknown>
#10 0x55b2e23b52ab <unknown>
#11 0x55b2e23b90b9 <unknown>
#12 0x55b2e239c139 <unknown>
#13 0x55b2e23b9c68 <unknown>
#14 0x55b2e238060f <unknown>
#15 0x55b2e23de1f8 <unknown>
#16 0x55b2e23de3d6 <unknown>
#17 0x55b2e23ef5e6 <unknown>
#18 0x7f587009caa4 <unknown>
#19 0x7f5870129c3c <unknown>

2025-08-05 19:44:43,476 - INFO - 🎯 [3/62] Applying to: Mainframe Developer - LINK: https://www.dice.com/job-detail/fa3ea383-56c0-4922-918a-b227efdcfa1b
2025-08-05 19:45:01,061 - ERROR -    ❌ Cannot click apply button: Message: 
Stacktrace:
#0 0x55b2e23f02ca <unknown>
#1 0x55b2e1e97550 <unknown>
#2 0x55b2e1ee90f0 <unknown>
#3 0x55b2e1ee92e1 <unknown>
#4 0x55b2e1f375e4 <unknown>
#5 0x55b2e1f0ebed <unknown>
#6 0x55b2e1f349e6 <unknown>
#7 0x55b2e1f0e993 <unknown>
#8 0x55b2e1edad6b <unknown>
#9 0x55b2e1edc141 <unknown>
#10 0x55b2e23b52ab <unknown>
#11 0x55b2e23b90b9 <unknown>
#12 0x55b2e239c139 <unknown>
#13 0x55b2e23b9c68 <unknown>
#14 0x55b2e238060f <unknown>
#15 0x55b2e23de1f8 <unknown>
#16 0x55b2e23de3d6 <unknown>
#17 0x55b2e23ef5e6 <unknown>
#18 0x7f587009caa4 <unknown>
#19 0x7f5870129c3c <unknown>

2025-08-05 19:45:10,535 - INFO - 🎯 [4/62] Applying to: Technology Business Systems Consultant 3 - Contingent - LINK: https://www.dice.com/job-detail/bbae9c02-9406-457c-a144-ff43aa774046
2025-08-05 19:45:25,390 - INFO -    ✅ Successfully applied!
2025-08-05 19:45:33,579 - INFO - 🎯 [5/62] Applying to: IAM Specialist - LINK: https://www.dice.com/job-detail/007c07df-3df5-4160-84c7-a185ca4909d7
2025-08-05 19:45:49,084 - INFO -    ✅ Successfully applied!
2025-08-05 19:45:58,879 - INFO - 🎯 [6/62] Applying to: Postgres developer - LINK: https://www.dice.com/job-detail/1413554d-7a4c-4b13-9ab1-7e7183880ecb
2025-08-05 19:46:19,231 - ERROR -    ❌ Cannot click apply button: Message: 
Stacktrace:
#0 0x55b2e23f02ca <unknown>
#1 0x55b2e1e97550 <unknown>
#2 0x55b2e1ee90f0 <unknown>
#3 0x55b2e1ee92e1 <unknown>
#4 0x55b2e1f375e4 <unknown>
#5 0x55b2e1f0ebed <unknown>
#6 0x55b2e1f349e6 <unknown>
#7 0x55b2e1f0e993 <unknown>
#8 0x55b2e1edad6b <unknown>
#9 0x55b2e1edc141 <unknown>
#10 0x55b2e23b52ab <unknown>
#11 0x55b2e23b90b9 <unknown>
#12 0x55b2e239c139 <unknown>
#13 0x55b2e23b9c68 <unknown>
#14 0x55b2e238060f <unknown>
#15 0x55b2e23de1f8 <unknown>
#16 0x55b2e23de3d6 <unknown>
#17 0x55b2e23ef5e6 <unknown>
#18 0x7f587009caa4 <unknown>
#19 0x7f5870129c3c <unknown>

2025-08-05 19:46:28,030 - INFO - 🎯 [7/62] Applying to: ITSM Business Analyst - LINK: https://www.dice.com/job-detail/f6dc6e6c-0a00-4046-8c5e-f5065dd85163
2025-08-05 19:46:43,547 - INFO -    ✅ Successfully applied!
2025-08-05 19:46:51,607 - INFO - 🎯 [8/62] Applying to: Senior UI Developer (Angular Specialist + Java) - LINK: https://www.dice.com/job-detail/ddda39f3-3e38-4b4d-b9d9-eddeea79fe67
2025-08-05 19:47:08,689 - INFO -    ✅ Successfully applied!
2025-08-05 19:47:21,306 - INFO - 🎯 [9/62] Applying to: Sr. AWS Data Engineer-12 Months Contract-Remote opportunity-Direct Customer - LINK: https://www.dice.com/job-detail/001c0fc1-a17c-471a-995e-0cd173f413f3
2025-08-05 19:47:40,452 - ERROR -    ❌ Cannot click apply button: Message: 
Stacktrace:
#0 0x55b2e23f02ca <unknown>
#1 0x55b2e1e97550 <unknown>
#2 0x55b2e1ee90f0 <unknown>
#3 0x55b2e1ee92e1 <unknown>
#4 0x55b2e1f375e4 <unknown>
#5 0x55b2e1f0ebed <unknown>
#6 0x55b2e1f349e6 <unknown>
#7 0x55b2e1f0e993 <unknown>
#8 0x55b2e1edad6b <unknown>
#9 0x55b2e1edc141 <unknown>
#10 0x55b2e23b52ab <unknown>
#11 0x55b2e23b90b9 <unknown>
#12 0x55b2e239c139 <unknown>
#13 0x55b2e23b9c68 <unknown>
#14 0x55b2e238060f <unknown>
#15 0x55b2e23de1f8 <unknown>
#16 0x55b2e23de3d6 <unknown>
#17 0x55b2e23ef5e6 <unknown>
#18 0x7f587009caa4 <unknown>
#19 0x7f5870129c3c <unknown>

2025-08-05 19:47:51,717 - INFO - 🎯 [10/62] Applying to: Azure Architect - Pittsburgh PA, Dallas TX, Strongsville OH, Cleveland OH - LINK: https://www.dice.com/job-detail/e54b2d61-0a1f-47b6-bd57-2dc6bad87eef
2025-08-05 19:48:11,612 - ERROR -    ❌ Cannot click apply button: Message: 
Stacktrace:
#0 0x55b2e23f02ca <unknown>
#1 0x55b2e1e97550 <unknown>
#2 0x55b2e1ee90f0 <unknown>
#3 0x55b2e1ee92e1 <unknown>
#4 0x55b2e1f375e4 <unknown>
#5 0x55b2e1f0ebed <unknown>
#6 0x55b2e1f349e6 <unknown>
#7 0x55b2e1f0e993 <unknown>
#8 0x55b2e1edad6b <unknown>
#9 0x55b2e1edc141 <unknown>
#10 0x55b2e23b52ab <unknown>
#11 0x55b2e23b90b9 <unknown>
#12 0x55b2e239c139 <unknown>
#13 0x55b2e23b9c68 <unknown>
#14 0x55b2e238060f <unknown>
#15 0x55b2e23de1f8 <unknown>
#16 0x55b2e23de3d6 <unknown>
#17 0x55b2e23ef5e6 <unknown>
#18 0x7f587009caa4 <unknown>
#19 0x7f5870129c3c <unknown>

2025-08-05 19:48:22,486 - INFO - 🎯 [11/62] Applying to: Network /HPC Engineer (60% networking skills and 30% Linux/CICD, 10% HPC) - LINK: https://www.dice.com/job-detail/eec12b31-5436-46ae-a7ec-2135c405a04f
2025-08-05 19:48:38,750 - INFO -    ✅ Successfully applied!
2025-08-05 19:48:47,049 - INFO - 🎯 [12/62] Applying to: Front End Software Engineer - LINK: https://www.dice.com/job-detail/c1fc4100-5534-494f-a8ad-660b23a7348d
2025-08-05 19:49:05,065 - INFO -    ✅ Successfully applied!
2025-08-05 19:49:16,357 - INFO - 🎯 [13/62] Applying to: Sr. Software Engineer - LINK: https://www.dice.com/job-detail/6ce29b4e-088a-490e-b5da-961a4fac2ab2
2025-08-05 19:49:31,330 - INFO -    ✅ Successfully applied!
2025-08-05 19:49:40,519 - INFO - 🎯 [14/62] Applying to: Python Engineer - LINK: https://www.dice.com/job-detail/230c8f27-cdb3-4f72-a68d-c978d2066ac2
2025-08-05 19:49:56,727 - INFO -    ✅ Successfully applied!
2025-08-05 19:50:07,772 - INFO - 🎯 [15/62] Applying to: Google Cloud Platform Data Engineer - Permanent Role - LINK: https://www.dice.com/job-detail/21e8fcff-54ab-49bb-ad4e-6dff38f540d6
2025-08-05 19:50:22,013 - INFO -    ✅ Successfully applied!
2025-08-05 19:50:32,228 - INFO - 🎯 [16/62] Applying to: Data Engineer-COLLIBRA - LINK: https://www.dice.com/job-detail/7e0df711-fdf5-4c66-ac5e-6bd4507a85c3
2025-08-05 19:50:48,499 - INFO -    ✅ Successfully applied!
2025-08-05 19:51:00,214 - INFO - 🎯 [17/62] Applying to: Java, Angular Developer, Remote - LINK: https://www.dice.com/job-detail/b467bb0e-880b-4fd2-acfd-50d6a9e84db2
2025-08-05 19:51:14,359 - INFO -    ✅ Successfully applied!
2025-08-05 19:51:26,096 - INFO - 🎯 [18/62] Applying to: ERP/CRM Developer - LINK: https://www.dice.com/job-detail/992e5bb4-4966-4fa3-a77f-1627b6372388
2025-08-05 19:51:41,234 - INFO -    ✅ Successfully applied!
2025-08-05 19:51:52,394 - INFO - 🎯 [19/62] Applying to: NICE CXOne Architect/Lead - LINK: https://www.dice.com/job-detail/92a05ca3-381c-4633-be8e-b4aa7781fae5
2025-08-05 19:52:11,174 - ERROR -    ❌ Cannot click apply button: Message: 
Stacktrace:
#0 0x55b2e23f02ca <unknown>
#1 0x55b2e1e97550 <unknown>
#2 0x55b2e1ee90f0 <unknown>
#3 0x55b2e1ee92e1 <unknown>
#4 0x55b2e1f375e4 <unknown>
#5 0x55b2e1f0ebed <unknown>
#6 0x55b2e1f349e6 <unknown>
#7 0x55b2e1f0e993 <unknown>
#8 0x55b2e1edad6b <unknown>
#9 0x55b2e1edc141 <unknown>
#10 0x55b2e23b52ab <unknown>
#11 0x55b2e23b90b9 <unknown>
#12 0x55b2e239c139 <unknown>
#13 0x55b2e23b9c68 <unknown>
#14 0x55b2e238060f <unknown>
#15 0x55b2e23de1f8 <unknown>
#16 0x55b2e23de3d6 <unknown>
#17 0x55b2e23ef5e6 <unknown>
#18 0x7f587009caa4 <unknown>
#19 0x7f5870129c3c <unknown>

2025-08-05 19:52:21,863 - INFO - 🎯 [20/62] Applying to: AWS Python Developer - LINK: https://www.dice.com/job-detail/9c3dce21-19df-4a40-86a8-4f0106f7d70d
2025-08-05 19:52:35,588 - INFO -    ✅ Successfully applied!
2025-08-05 19:52:46,302 - INFO - 🎯 [21/62] Applying to: Hiring for AI Engineer - LINK: https://www.dice.com/job-detail/31e20d0e-8db4-46df-a539-1d1dc3ae2901
2025-08-05 19:53:03,362 - INFO -    ✅ Successfully applied!
2025-08-05 19:53:14,638 - INFO - 🎯 [22/62] Applying to: Senior Software Developer (ServiceNow, DevOps, JavaScript, AI, UI Design) - LINK: https://www.dice.com/job-detail/85aa5f1a-5c7c-4224-9df0-264bce085c5f
2025-08-05 19:53:33,830 - ERROR -    ❌ Cannot click apply button: Message: 
Stacktrace:
#0 0x55b2e23f02ca <unknown>
#1 0x55b2e1e97550 <unknown>
#2 0x55b2e1ee90f0 <unknown>
#3 0x55b2e1ee92e1 <unknown>
#4 0x55b2e1f375e4 <unknown>
#5 0x55b2e1f0ebed <unknown>
#6 0x55b2e1f349e6 <unknown>
#7 0x55b2e1f0e993 <unknown>
#8 0x55b2e1edad6b <unknown>
#9 0x55b2e1edc141 <unknown>
#10 0x55b2e23b52ab <unknown>
#11 0x55b2e23b90b9 <unknown>
#12 0x55b2e239c139 <unknown>
#13 0x55b2e23b9c68 <unknown>
#14 0x55b2e238060f <unknown>
#15 0x55b2e23de1f8 <unknown>
#16 0x55b2e23de3d6 <unknown>
#17 0x55b2e23ef5e6 <unknown>
#18 0x7f587009caa4 <unknown>
#19 0x7f5870129c3c <unknown>

2025-08-05 19:53:43,364 - INFO - 🎯 [23/62] Applying to: Python Backend Engineer - LINK: https://www.dice.com/job-detail/522e26cd-e5d5-484d-9a46-b90a43abe0db
2025-08-05 19:53:56,516 - INFO -    ✅ Successfully applied!
2025-08-05 19:54:06,284 - INFO - 🎯 [24/62] Applying to: Sr. Mechanical Professional Engineer/Sr. Electrical Professional Engineer (Registered Professional Engineer) - LINK: https://www.dice.com/job-detail/20b99968-91d6-4100-bc7d-e43e9ae19c85
2025-08-05 19:54:22,564 - INFO -    ✅ Successfully applied!
2025-08-05 19:54:35,111 - INFO - 🎯 [25/62] Applying to: TN DOT Job ID: 64704 Azure Cloud Engineer Remote Nashville, TN - LINK: https://www.dice.com/job-detail/64b7b950-4218-4f96-b7e3-691bd3e4b316
2025-08-05 19:54:51,124 - INFO -    ✅ Successfully applied!
2025-08-05 19:54:58,015 - INFO - 🎯 [26/62] Applying to: Sr Gen AI - LINK: https://www.dice.com/job-detail/34395a01-82d7-4da8-90eb-bd7d8c32f9bf
2025-08-05 19:55:13,185 - INFO -    ✅ Successfully applied!
2025-08-05 19:55:20,890 - INFO - 🎯 [27/62] Applying to: Looking for Program Manager Sr (Digital Product Manager) -DC/MD/VA - LINK: https://www.dice.com/job-detail/12cdb96c-c246-4e4d-9637-9ef1f98bbdb0
2025-08-05 19:55:37,172 - INFO -    ✅ Successfully applied!
2025-08-05 19:55:45,899 - INFO - 🎯 [28/62] Applying to: Data Engineer - LINK: https://www.dice.com/job-detail/b1c1c14a-6c77-40cc-b3ae-d6b15fcf259a
2025-08-05 19:56:05,120 - ERROR -    ❌ Cannot click apply button: Message: 
Stacktrace:
#0 0x55b2e23f02ca <unknown>
#1 0x55b2e1e97550 <unknown>
#2 0x55b2e1ee90f0 <unknown>
#3 0x55b2e1ee92e1 <unknown>
#4 0x55b2e1f375e4 <unknown>
#5 0x55b2e1f0ebed <unknown>
#6 0x55b2e1f349e6 <unknown>
#7 0x55b2e1f0e993 <unknown>
#8 0x55b2e1edad6b <unknown>
#9 0x55b2e1edc141 <unknown>
#10 0x55b2e23b52ab <unknown>
#11 0x55b2e23b90b9 <unknown>
#12 0x55b2e239c139 <unknown>
#13 0x55b2e23b9c68 <unknown>
#14 0x55b2e238060f <unknown>
#15 0x55b2e23de1f8 <unknown>
#16 0x55b2e23de3d6 <unknown>
#17 0x55b2e23ef5e6 <unknown>
#18 0x7f587009caa4 <unknown>
#19 0x7f5870129c3c <unknown>

2025-08-05 19:56:15,289 - INFO - 🎯 [29/62] Applying to: Network Engineer - LINK: https://www.dice.com/job-detail/c1a3d09c-eb0b-4d09-84c7-4c100ab2b8a7
2025-08-05 19:56:34,772 - ERROR -    ❌ Cannot click apply button: Message: 
Stacktrace:
#0 0x55b2e23f02ca <unknown>
#1 0x55b2e1e97550 <unknown>
#2 0x55b2e1ee90f0 <unknown>
#3 0x55b2e1ee92e1 <unknown>
#4 0x55b2e1f375e4 <unknown>
#5 0x55b2e1f0ebed <unknown>
#6 0x55b2e1f349e6 <unknown>
#7 0x55b2e1f0e993 <unknown>
#8 0x55b2e1edad6b <unknown>
#9 0x55b2e1edc141 <unknown>
#10 0x55b2e23b52ab <unknown>
#11 0x55b2e23b90b9 <unknown>
#12 0x55b2e239c139 <unknown>
#13 0x55b2e23b9c68 <unknown>
#14 0x55b2e238060f <unknown>
#15 0x55b2e23de1f8 <unknown>
#16 0x55b2e23de3d6 <unknown>
#17 0x55b2e23ef5e6 <unknown>
#18 0x7f587009caa4 <unknown>
#19 0x7f5870129c3c <unknown>

2025-08-05 19:56:43,117 - INFO - 🎯 [30/62] Applying to: Data Warehouse Manager / Hybrid / Smyrna, GA - LINK: https://www.dice.com/job-detail/9f237f24-e90e-42fa-98d8-b554bf406933
2025-08-05 19:56:58,511 - INFO -    ✅ Successfully applied!
2025-08-05 19:57:09,012 - INFO - 🎯 [31/62] Applying to: Cloud Architect (Google Cloud Platform Architect w/CI CD or DevOps Architect w/Google Cloud Platform) - LINK: https://www.dice.com/job-detail/ae65899f-f54b-451b-aa4f-91251d7b2e67
2025-08-05 19:57:27,346 - ERROR -    ❌ Cannot click apply button: Message: 
Stacktrace:
#0 0x55b2e23f02ca <unknown>
#1 0x55b2e1e97550 <unknown>
#2 0x55b2e1ee90f0 <unknown>
#3 0x55b2e1ee92e1 <unknown>
#4 0x55b2e1f375e4 <unknown>
#5 0x55b2e1f0ebed <unknown>
#6 0x55b2e1f349e6 <unknown>
#7 0x55b2e1f0e993 <unknown>
#8 0x55b2e1edad6b <unknown>
#9 0x55b2e1edc141 <unknown>
#10 0x55b2e23b52ab <unknown>
#11 0x55b2e23b90b9 <unknown>
#12 0x55b2e239c139 <unknown>
#13 0x55b2e23b9c68 <unknown>
#14 0x55b2e238060f <unknown>
#15 0x55b2e23de1f8 <unknown>
#16 0x55b2e23de3d6 <unknown>
#17 0x55b2e23ef5e6 <unknown>
#18 0x7f587009caa4 <unknown>
#19 0x7f5870129c3c <unknown>

2025-08-05 19:57:33,805 - INFO - 🎯 [32/62] Applying to: Analytics & Reporting Consultant | Hybrid/Onsite | Chicago | Contract to Hire - LINK: https://www.dice.com/job-detail/802a4141-97dd-47be-ae48-81f9882b544e
2025-08-05 19:57:49,649 - INFO -    ✅ Successfully applied!
2025-08-05 19:58:00,167 - INFO - 🎯 [33/62] Applying to: Google Cloud Platform Architect - LINK: https://www.dice.com/job-detail/9c434874-8d54-4274-9592-9b1acca9356b
2025-08-05 19:58:18,940 - ERROR -    ❌ Cannot click apply button: Message: 
Stacktrace:
#0 0x55b2e23f02ca <unknown>
#1 0x55b2e1e97550 <unknown>
#2 0x55b2e1ee90f0 <unknown>
#3 0x55b2e1ee92e1 <unknown>
#4 0x55b2e1f375e4 <unknown>
#5 0x55b2e1f0ebed <unknown>
#6 0x55b2e1f349e6 <unknown>
#7 0x55b2e1f0e993 <unknown>
#8 0x55b2e1edad6b <unknown>
#9 0x55b2e1edc141 <unknown>
#10 0x55b2e23b52ab <unknown>
#11 0x55b2e23b90b9 <unknown>
#12 0x55b2e239c139 <unknown>
#13 0x55b2e23b9c68 <unknown>
#14 0x55b2e238060f <unknown>
#15 0x55b2e23de1f8 <unknown>
#16 0x55b2e23de3d6 <unknown>
#17 0x55b2e23ef5e6 <unknown>
#18 0x7f587009caa4 <unknown>
#19 0x7f5870129c3c <unknown>

2025-08-05 19:58:28,123 - INFO - 🎯 [34/62] Applying to: Director Privileged Access Management Engineering - LINK: https://www.dice.com/job-detail/733d34a0-0e87-470a-91ba-d44a35a4b6e0
2025-08-05 19:58:42,887 - INFO -    ✅ Successfully applied!
2025-08-05 19:58:52,281 - INFO - 🎯 [35/62] Applying to: teradata analyst - LINK: https://www.dice.com/job-detail/cae530d1-c438-4ab8-8aee-f3c6f3bd3d7e
2025-08-05 19:59:09,551 - INFO -    ✅ Successfully applied!
2025-08-05 19:59:20,311 - INFO - 🎯 [36/62] Applying to: Pharmacovigilance Data Analyst - LINK: https://www.dice.com/job-detail/6e10a22d-a8c7-481c-9f27-29f17fecc035
2025-08-05 19:59:39,063 - INFO -    ✅ Successfully applied!
2025-08-05 19:59:47,237 - INFO - 🎯 [37/62] Applying to: Sr/Lead Python Developer Engineer - LINK: https://www.dice.com/job-detail/c6da1987-2374-4867-95b5-2927ad0b2adc
2025-08-05 20:00:02,660 - INFO -    ✅ Successfully applied!
2025-08-05 20:00:10,930 - INFO - 🎯 [38/62] Applying to: Machine Learning Engineer - LINK: https://www.dice.com/job-detail/a7c31951-9769-4c0a-bd6e-b58a03cf77cb
2025-08-05 20:00:27,013 - INFO -    ✅ Successfully applied!
2025-08-05 20:00:38,539 - INFO - 🎯 [39/62] Applying to: Software Engineer-Other - Intermediate - LINK: https://www.dice.com/job-detail/1843df0d-9f9f-4a60-83bf-d500abb522e4
2025-08-05 20:00:52,498 - INFO -    ✅ Successfully applied!
2025-08-05 20:01:01,758 - INFO - 🎯 [40/62] Applying to: Java Software Developer Remote in Dallas, TX (Java Junior or Senior) - LINK: https://www.dice.com/job-detail/c8265f77-6670-41e6-986f-81a6cfdd4e9b
2025-08-05 20:01:18,257 - INFO -    ✅ Successfully applied!
2025-08-05 20:01:28,475 - INFO - 🎯 [41/62] Applying to: Java Full Stack Software Engineer - LINK: https://www.dice.com/job-detail/0467e6f0-79a8-49f7-89ca-4f19983d1a13
2025-08-05 20:01:43,939 - INFO -    ✅ Successfully applied!
2025-08-05 20:01:53,540 - INFO - 🎯 [42/62] Applying to: State of IOWA Business Analyst Hybrid - LINK: https://www.dice.com/job-detail/1d805a9c-7545-4149-9053-b1f3f9c21173
2025-08-05 20:02:08,425 - INFO -    ✅ Successfully applied!
2025-08-05 20:02:21,409 - INFO - 🎯 [43/62] Applying to: FHIR Principal Consultant - LINK: https://www.dice.com/job-detail/a2b4030c-0b32-438f-b4cb-f940b5067d83
2025-08-05 20:02:35,883 - INFO -    ✅ Successfully applied!
2025-08-05 20:02:44,627 - INFO - 🎯 [44/62] Applying to: Infrastructure Architect - LINK: https://www.dice.com/job-detail/6668ac1a-571b-4c28-86ae-410601045aad
2025-08-05 20:03:00,397 - INFO -    ✅ Successfully applied!
2025-08-05 20:03:12,681 - INFO - 🎯 [45/62] Applying to: Murex-ERM Consultant-Edison NJ - LINK: https://www.dice.com/job-detail/13401376-ba2d-485c-a4c1-aff3897484e9
2025-08-05 20:03:26,606 - INFO -    ✅ Successfully applied!
2025-08-05 20:03:34,348 - INFO - 🎯 [46/62] Applying to: Senior Backend Software Engineer- AI Agent - LINK: https://www.dice.com/job-detail/b4849048-2ec3-4ded-a381-01bb278ecceb
2025-08-05 20:03:48,206 - INFO -    ✅ Successfully applied!
2025-08-05 20:04:00,002 - INFO - 🎯 [47/62] Applying to: Network Engineer - LINK: https://www.dice.com/job-detail/950f9773-e9bb-4b5f-85a5-5de26e2af615
2025-08-05 20:04:16,150 - INFO -    ✅ Successfully applied!
2025-08-05 20:04:23,644 - INFO - 🎯 [48/62] Applying to: Lead Data scientist- W2 - LINK: https://www.dice.com/job-detail/90021d80-1ca2-4928-81b4-cbabd67e1790
2025-08-05 20:04:43,961 - ERROR -    ❌ Cannot click apply button: Message: 
Stacktrace:
#0 0x55b2e23f02ca <unknown>
#1 0x55b2e1e97550 <unknown>
#2 0x55b2e1ee90f0 <unknown>
#3 0x55b2e1ee92e1 <unknown>
#4 0x55b2e1f375e4 <unknown>
#5 0x55b2e1f0ebed <unknown>
#6 0x55b2e1f349e6 <unknown>
#7 0x55b2e1f0e993 <unknown>
#8 0x55b2e1edad6b <unknown>
#9 0x55b2e1edc141 <unknown>
#10 0x55b2e23b52ab <unknown>
#11 0x55b2e23b90b9 <unknown>
#12 0x55b2e239c139 <unknown>
#13 0x55b2e23b9c68 <unknown>
#14 0x55b2e238060f <unknown>
#15 0x55b2e23de1f8 <unknown>
#16 0x55b2e23de3d6 <unknown>
#17 0x55b2e23ef5e6 <unknown>
#18 0x7f587009caa4 <unknown>
#19 0x7f5870129c3c <unknown>

2025-08-05 20:04:51,435 - INFO - 🎯 [49/62] Applying to: RIMS platforms Business Analyst - LINK: https://www.dice.com/job-detail/df6c855a-1f65-4e1b-9828-198cdcfd6d0e
2025-08-05 20:05:04,749 - INFO -    ✅ Successfully applied!
2025-08-05 20:05:14,112 - INFO - 🎯 [50/62] Applying to: Embedded Audio Software Engineer | W2 Project - LINK: https://www.dice.com/job-detail/8c1563ed-1adf-47cc-a86d-73f2acb351b1
2025-08-05 20:05:30,874 - INFO -    ✅ Successfully applied!
2025-08-05 20:05:39,580 - INFO - 🎯 [51/62] Applying to: DOCSIS Test Engineer - LINK: https://www.dice.com/job-detail/653d7f66-8f77-4e0a-b5af-4a0d51b5f8a6
2025-08-05 20:05:58,882 - ERROR -    ❌ Cannot click apply button: Message: 
Stacktrace:
#0 0x55b2e23f02ca <unknown>
#1 0x55b2e1e97550 <unknown>
#2 0x55b2e1ee90f0 <unknown>
#3 0x55b2e1ee92e1 <unknown>
#4 0x55b2e1f375e4 <unknown>
#5 0x55b2e1f0ebed <unknown>
#6 0x55b2e1f349e6 <unknown>
#7 0x55b2e1f0e993 <unknown>
#8 0x55b2e1edad6b <unknown>
#9 0x55b2e1edc141 <unknown>
#10 0x55b2e23b52ab <unknown>
#11 0x55b2e23b90b9 <unknown>
#12 0x55b2e239c139 <unknown>
#13 0x55b2e23b9c68 <unknown>
#14 0x55b2e238060f <unknown>
#15 0x55b2e23de1f8 <unknown>
#16 0x55b2e23de3d6 <unknown>
#17 0x55b2e23ef5e6 <unknown>
#18 0x7f587009caa4 <unknown>
#19 0x7f5870129c3c <unknown>

2025-08-05 20:06:07,164 - INFO - 🎯 [52/62] Applying to: Merchandise Data Analyst / SAP Retail functional Consultant - LINK: https://www.dice.com/job-detail/26b15486-555d-4fc1-acfd-c0855ad08b6f
2025-08-05 20:06:22,710 - INFO -    ✅ Successfully applied!
2025-08-05 20:06:34,074 - INFO - 🎯 [53/62] Applying to: Junior Data Enabler - LINK: https://www.dice.com/job-detail/210b66d7-7395-4ceb-be73-bc2a859d9a18
2025-08-05 20:06:49,487 - INFO -    ✅ Successfully applied!
2025-08-05 20:06:58,191 - INFO - 🎯 [54/62] Applying to: AI Architect - LINK: https://www.dice.com/job-detail/40bef5d5-01d5-4337-8b26-a5c3536d0513
2025-08-05 20:07:13,686 - INFO -    ✅ Successfully applied!
2025-08-05 20:07:25,007 - INFO - 🎯 [55/62] Applying to: Senior SailPoint NERM Developer - LINK: https://www.dice.com/job-detail/cddced31-4b31-46db-a885-19c7111a35db
2025-08-05 20:07:42,061 - INFO -    ✅ Successfully applied!
2025-08-05 20:07:50,260 - INFO - 🎯 [56/62] Applying to: Presentation Specialist - LINK: https://www.dice.com/job-detail/78492958-67a9-431f-8399-19efab06d887
2025-08-05 20:08:05,241 - INFO -    ✅ Successfully applied!
2025-08-05 20:08:15,045 - INFO - 🎯 [57/62] Applying to: Senior Business Analyst / Tester (Agile) - LINK: https://www.dice.com/job-detail/e6620ed7-f402-4411-8fda-26feb5b2a17b
2025-08-05 20:08:30,595 - INFO -    ✅ Successfully applied!
2025-08-05 20:08:40,071 - INFO - 🎯 [58/62] Applying to: ITSM Migration Specialist - LINK: https://www.dice.com/job-detail/1c2d6d38-4534-4a7c-a5ec-ee07182fa471
2025-08-05 20:08:55,365 - INFO -    ✅ Successfully applied!
2025-08-05 20:09:03,147 - INFO - 🎯 [59/62] Applying to: SAP Security / GRC Consultant - LINK: https://www.dice.com/job-detail/fde1441b-2d99-48b2-bf2a-c0b05d423ee6
2025-08-05 20:09:18,687 - INFO -    ✅ Successfully applied!
2025-08-05 20:09:29,745 - INFO - 🎯 [60/62] Applying to: Kubernetes Engineer - GPU Platform Engineering - LINK: https://www.dice.com/job-detail/1aebfd82-5a0b-40aa-a67e-ff3e55ff99e1
2025-08-05 20:09:43,587 - INFO -    ✅ Successfully applied!
2025-08-05 20:09:54,830 - INFO - 🎯 [61/62] Applying to: Sr. Data Analyst - LINK: https://www.dice.com/job-detail/216a0be5-6651-48bc-9158-010384599ade
2025-08-05 20:10:10,843 - INFO -    ✅ Successfully applied!
2025-08-05 20:10:21,516 - INFO - 🎯 [62/62] Applying to: Software Engineer - LINK: https://www.dice.com/job-detail/801e6835-0068-4dc3-b344-e47e183b4af5
2025-08-05 20:10:35,101 - INFO -    ✅ Successfully applied!
2025-08-05 20:10:36,976 - INFO - 📊 Processing results...
2025-08-05 20:10:37,029 - INFO - 🎉 Application run completed!
2025-08-05 20:10:37,029 - INFO -    ✅ Newly applied: 49
2025-08-05 20:10:37,029 - INFO -    ⏭️  Already applied: 0
2025-08-05 20:10:37,029 - INFO -    ❌ Failed: 13
2025-08-05 20:10:37,030 - INFO -    📊 Total processed: 62
2025-08-05 20:10:37,030 - INFO -    📁 Total jobs in CSV: 4072
2025-08-05 20:10:37,030 - INFO -    💾 Updated: output/final_ml_jobs.csv
2025-08-05 20:10:37,030 - INFO - 🔧 Closing browser...
