2025-08-07 11:36:57,375 - INFO - 🚀 Starting stealth job application bot
2025-08-07 11:37:16,360 - INFO - 📂 Loading jobs from output/final_ml_jobs.csv
2025-08-07 11:37:16,389 - INFO -    📊 Total jobs in file: 4538
2025-08-07 11:37:16,392 - INFO -    🎯 Easy Apply jobs: 4538
2025-08-07 11:37:16,394 - INFO -    ⏳ Jobs to process: 1007 (status: pending)
2025-08-07 11:37:16,394 - INFO - 🎲 Will attempt 76 applications this run (target: 76)
2025-08-07 11:37:16,395 - INFO - 🔑 Logging into Dice...
2025-08-07 11:37:19,905 - INFO - ✅ Login successful
2025-08-07 11:37:22,543 - INFO - 🔄 Starting job applications...
2025-08-07 11:37:22,544 - INFO - 🎯 [1/76] Applying to: Developer - LINK: https://www.dice.com/job-detail/e981c6e8-4587-4d0f-813e-38f5f4337d36
2025-08-07 11:37:40,797 - INFO -    ✅ Successfully applied!
2025-08-07 11:37:53,294 - INFO - 🎯 [2/76] Applying to: AI/ML Engineer - Mundelein, IL/Hybrid (3 days Onsite) - LINK: https://www.dice.com/job-detail/494a2534-c138-43f4-959b-69c7aed1e60e
2025-08-07 11:38:10,880 - INFO -    ✅ Successfully applied!
2025-08-07 11:38:22,782 - INFO - 🎯 [3/76] Applying to: Salesforce Analyst/Salesforce Functional Analyst/CRM Business Analyst Salesforce/Salesforce Admin/Analyst - LINK: https://www.dice.com/job-detail/117772e9-c731-43b7-a2e7-06792608b900
2025-08-07 11:38:42,683 - ERROR -    ❌ Cannot click apply button: Message: 
Stacktrace:
#0 0x55e9a08a32ca <unknown>
#1 0x55e9a034a550 <unknown>
#2 0x55e9a039c0f0 <unknown>
#3 0x55e9a039c2e1 <unknown>
#4 0x55e9a03ea5e4 <unknown>
#5 0x55e9a03c1bed <unknown>
#6 0x55e9a03e79e6 <unknown>
#7 0x55e9a03c1993 <unknown>
#8 0x55e9a038dd6b <unknown>
#9 0x55e9a038f141 <unknown>
#10 0x55e9a08682ab <unknown>
#11 0x55e9a086c0b9 <unknown>
#12 0x55e9a084f139 <unknown>
#13 0x55e9a086cc68 <unknown>
#14 0x55e9a083360f <unknown>
#15 0x55e9a08911f8 <unknown>
#16 0x55e9a08913d6 <unknown>
#17 0x55e9a08a25e6 <unknown>
#18 0x7f7b9669caa4 <unknown>
#19 0x7f7b96729c3c <unknown>

2025-08-07 11:38:52,830 - INFO - 🎯 [4/76] Applying to: SAP ABAP Technical Consultant with exp in PM/SM/PS Modules - LINK: https://www.dice.com/job-detail/6adbd1cb-ae0a-4340-9c2a-0f91344066ce
2025-08-07 11:39:09,597 - INFO -    ✅ Successfully applied!
2025-08-07 11:39:19,493 - INFO - 🎯 [5/76] Applying to: Infor Technical Architect for Remote Role - LINK: https://www.dice.com/job-detail/e22e907a-4c6d-45eb-8da9-98643189886a
2025-08-07 11:39:37,365 - INFO -    ✅ Successfully applied!
2025-08-07 11:39:50,091 - INFO - 🎯 [6/76] Applying to: Expert Business Analyst - LINK: https://www.dice.com/job-detail/f4cc010f-d79b-4561-ab40-461e3af3081d
2025-08-07 11:40:05,897 - INFO -    ✅ Successfully applied!
2025-08-07 11:40:16,255 - INFO - 🎯 [7/76] Applying to: Software Engineer - LINK: https://www.dice.com/job-detail/f1208b08-4845-4e9e-a4ad-d3d7f10a47f9
2025-08-07 11:40:31,336 - INFO -    ✅ Successfully applied!
2025-08-07 11:40:41,087 - INFO - 🎯 [8/76] Applying to: Big Data Engineer - LINK: https://www.dice.com/job-detail/47104938-26ea-4a9f-92a1-a070b3ca6e49
2025-08-07 11:41:02,322 - ERROR -    ❌ Cannot click apply button: Message: 
Stacktrace:
#0 0x55e9a08a32ca <unknown>
#1 0x55e9a034a550 <unknown>
#2 0x55e9a039c0f0 <unknown>
#3 0x55e9a039c2e1 <unknown>
#4 0x55e9a03ea5e4 <unknown>
#5 0x55e9a03c1bed <unknown>
#6 0x55e9a03e79e6 <unknown>
#7 0x55e9a03c1993 <unknown>
#8 0x55e9a038dd6b <unknown>
#9 0x55e9a038f141 <unknown>
#10 0x55e9a08682ab <unknown>
#11 0x55e9a086c0b9 <unknown>
#12 0x55e9a084f139 <unknown>
#13 0x55e9a086cc68 <unknown>
#14 0x55e9a083360f <unknown>
#15 0x55e9a08911f8 <unknown>
#16 0x55e9a08913d6 <unknown>
#17 0x55e9a08a25e6 <unknown>
#18 0x7f7b9669caa4 <unknown>
#19 0x7f7b96729c3c <unknown>

2025-08-07 11:41:13,079 - INFO - 🎯 [9/76] Applying to: Generative AI Product Owner - LINK: https://www.dice.com/job-detail/5de7c508-097f-4e67-845b-544db48f889d
2025-08-07 11:41:28,637 - INFO -    ✅ Successfully applied!
2025-08-07 11:41:40,966 - INFO - 🎯 [10/76] Applying to: Electrical Systems Design Engineer - LINK: https://www.dice.com/job-detail/b60eb33c-cb64-40f3-9e04-add24af5027e
2025-08-07 11:42:00,320 - ERROR -    ❌ Cannot click apply button: Message: 
Stacktrace:
#0 0x55e9a08a32ca <unknown>
#1 0x55e9a034a550 <unknown>
#2 0x55e9a039c0f0 <unknown>
#3 0x55e9a039c2e1 <unknown>
#4 0x55e9a03ea5e4 <unknown>
#5 0x55e9a03c1bed <unknown>
#6 0x55e9a03e79e6 <unknown>
#7 0x55e9a03c1993 <unknown>
#8 0x55e9a038dd6b <unknown>
#9 0x55e9a038f141 <unknown>
#10 0x55e9a08682ab <unknown>
#11 0x55e9a086c0b9 <unknown>
#12 0x55e9a084f139 <unknown>
#13 0x55e9a086cc68 <unknown>
#14 0x55e9a083360f <unknown>
#15 0x55e9a08911f8 <unknown>
#16 0x55e9a08913d6 <unknown>
#17 0x55e9a08a25e6 <unknown>
#18 0x7f7b9669caa4 <unknown>
#19 0x7f7b96729c3c <unknown>

2025-08-07 11:42:09,576 - INFO - 🎯 [11/76] Applying to: Full-Stack Developer (Java + Angular) (10+ years of Exp)- F2F interview - LINK: https://www.dice.com/job-detail/71350d27-c945-49f5-908f-b947bd54ccb1
2025-08-07 11:42:25,081 - INFO -    ✅ Successfully applied!
2025-08-07 11:42:34,049 - INFO - 🎯 [12/76] Applying to: Data Analyst Hybrid TX W2 Only - LINK: https://www.dice.com/job-detail/c659c467-fb95-4787-b7f5-2397edb1d568
2025-08-07 11:42:49,706 - INFO -    ✅ Successfully applied!
2025-08-07 11:43:00,336 - INFO - 🎯 [13/76] Applying to: Fulltime Data Engineer/Python Developer in Denver, CO / Bay Area, CA (Onsite) - LINK: https://www.dice.com/job-detail/3c111fba-ec3a-49f4-8b5f-5cbbc5684653
2025-08-07 11:43:19,238 - INFO -    ✅ Successfully applied!
2025-08-07 11:43:29,483 - INFO - 🎯 [14/76] Applying to: AI Engineer with Telecom Domain - LINK: https://www.dice.com/job-detail/edb2e54c-9730-4b48-b7a1-d3c79ecd0a73
2025-08-07 11:43:44,015 - INFO -    ✅ Successfully applied!
2025-08-07 11:43:54,514 - INFO - 🎯 [15/76] Applying to: Opening for TACL / Tandem / HPE NONSTOP Developer - Onsite in Jersey City NJ/Columbus OH/Plano TX/Tampa FL - LINK: https://www.dice.com/job-detail/196bddaa-e847-4efb-a9e3-e94057563a5d
2025-08-07 11:44:11,830 - INFO -    ✅ Successfully applied!
2025-08-07 11:44:23,776 - INFO - 🎯 [16/76] Applying to: Machine Learning Engineer with Generative AI - LINK: https://www.dice.com/job-detail/50a6886a-2089-488b-872c-166f3ca01719
2025-08-07 11:44:41,815 - INFO -    ✅ Successfully applied!
2025-08-07 11:44:52,557 - INFO - 🎯 [17/76] Applying to: Embedded Software Engineer - LINK: https://www.dice.com/job-detail/5c884663-3bd2-43c0-8c89-33e5fe1e9b60
2025-08-07 11:45:09,613 - INFO -    ✅ Successfully applied!
2025-08-07 11:45:17,290 - INFO - 🎯 [18/76] Applying to: Business Analyst - LINK: https://www.dice.com/job-detail/f5b67fd9-6fc1-487e-b525-01dcbd7b39ee
2025-08-07 11:45:33,695 - INFO -    ✅ Successfully applied!
2025-08-07 11:45:43,180 - INFO - 🎯 [19/76] Applying to: Lead Data Engineer - LINK: https://www.dice.com/job-detail/002af4c7-a05c-4b5d-ba30-82f33e11b39b
2025-08-07 11:46:00,837 - ERROR -    ❌ Cannot click apply button: Message: 
Stacktrace:
#0 0x55e9a08a32ca <unknown>
#1 0x55e9a034a550 <unknown>
#2 0x55e9a039c0f0 <unknown>
#3 0x55e9a039c2e1 <unknown>
#4 0x55e9a03ea5e4 <unknown>
#5 0x55e9a03c1bed <unknown>
#6 0x55e9a03e79e6 <unknown>
#7 0x55e9a03c1993 <unknown>
#8 0x55e9a038dd6b <unknown>
#9 0x55e9a038f141 <unknown>
#10 0x55e9a08682ab <unknown>
#11 0x55e9a086c0b9 <unknown>
#12 0x55e9a084f139 <unknown>
#13 0x55e9a086cc68 <unknown>
#14 0x55e9a083360f <unknown>
#15 0x55e9a08911f8 <unknown>
#16 0x55e9a08913d6 <unknown>
#17 0x55e9a08a25e6 <unknown>
#18 0x7f7b9669caa4 <unknown>
#19 0x7f7b96729c3c <unknown>

2025-08-07 11:46:11,374 - INFO - 🎯 [20/76] Applying to: Data Engineer - LINK: https://www.dice.com/job-detail/aa9c8e7d-61e2-4342-a701-86f556f09668
2025-08-07 11:46:29,928 - INFO -    ✅ Successfully applied!
2025-08-07 11:46:38,297 - INFO - 🎯 [21/76] Applying to: Lehi - Mid Level Software Engineer - LINK: https://www.dice.com/job-detail/45c74496-ce71-4c14-873e-9719e10d7f5f
2025-08-07 11:46:52,754 - INFO -    ✅ Successfully applied!
2025-08-07 11:47:04,875 - INFO - 🎯 [22/76] Applying to: Data Engineer (Microsoft Fabric, Azure Databricks) - LINK: https://www.dice.com/job-detail/e3235d1c-8910-4679-b642-154e96cfbc34
2025-08-07 11:47:23,969 - INFO -    ✅ Successfully applied!
2025-08-07 11:47:37,006 - INFO - 🎯 [23/76] Applying to: Data Science - GEN AI/ML - LINK: https://www.dice.com/job-detail/0cc7f1d2-ad79-4051-a90d-c8a61c3021b1
2025-08-07 11:47:57,081 - ERROR -    ❌ Cannot click apply button: Message: 
Stacktrace:
#0 0x55e9a08a32ca <unknown>
#1 0x55e9a034a550 <unknown>
#2 0x55e9a039c0f0 <unknown>
#3 0x55e9a039c2e1 <unknown>
#4 0x55e9a03ea5e4 <unknown>
#5 0x55e9a03c1bed <unknown>
#6 0x55e9a03e79e6 <unknown>
#7 0x55e9a03c1993 <unknown>
#8 0x55e9a038dd6b <unknown>
#9 0x55e9a038f141 <unknown>
#10 0x55e9a08682ab <unknown>
#11 0x55e9a086c0b9 <unknown>
#12 0x55e9a084f139 <unknown>
#13 0x55e9a086cc68 <unknown>
#14 0x55e9a083360f <unknown>
#15 0x55e9a08911f8 <unknown>
#16 0x55e9a08913d6 <unknown>
#17 0x55e9a08a25e6 <unknown>
#18 0x7f7b9669caa4 <unknown>
#19 0x7f7b96729c3c <unknown>

2025-08-07 11:48:07,203 - INFO - 🎯 [24/76] Applying to: Gen AI Consultant - LINK: https://www.dice.com/job-detail/3f2c8ba0-70bb-4d76-9f04-7cf9914a5b01
2025-08-07 11:48:24,628 - INFO -    ✅ Successfully applied!
2025-08-07 11:48:35,385 - INFO - 🎯 [25/76] Applying to: Software Engineer 3 - LINK: https://www.dice.com/job-detail/dfc3946b-63c2-4148-b93c-81c27c77c719
2025-08-07 11:48:51,980 - INFO -    ✅ Successfully applied!
2025-08-07 11:49:00,413 - INFO - 🎯 [26/76] Applying to: UX Researcher - LINK: https://www.dice.com/job-detail/36fe16ec-ef67-4d81-98b5-bc2756277bbf
2025-08-07 11:49:20,261 - ERROR -    ❌ Cannot click apply button: Message: 
Stacktrace:
#0 0x55e9a08a32ca <unknown>
#1 0x55e9a034a550 <unknown>
#2 0x55e9a039c0f0 <unknown>
#3 0x55e9a039c2e1 <unknown>
#4 0x55e9a03ea5e4 <unknown>
#5 0x55e9a03c1bed <unknown>
#6 0x55e9a03e79e6 <unknown>
#7 0x55e9a03c1993 <unknown>
#8 0x55e9a038dd6b <unknown>
#9 0x55e9a038f141 <unknown>
#10 0x55e9a08682ab <unknown>
#11 0x55e9a086c0b9 <unknown>
#12 0x55e9a084f139 <unknown>
#13 0x55e9a086cc68 <unknown>
#14 0x55e9a083360f <unknown>
#15 0x55e9a08911f8 <unknown>
#16 0x55e9a08913d6 <unknown>
#17 0x55e9a08a25e6 <unknown>
#18 0x7f7b9669caa4 <unknown>
#19 0x7f7b96729c3c <unknown>

2025-08-07 11:49:29,286 - INFO - 🎯 [27/76] Applying to: Business analyst - LINK: https://www.dice.com/job-detail/aff17ea4-8206-4691-ba27-c9501433489b
2025-08-07 11:49:44,686 - INFO -    ✅ Successfully applied!
2025-08-07 11:49:56,266 - INFO - 🎯 [28/76] Applying to: Data Analyst - LINK: https://www.dice.com/job-detail/5b4551e2-f3f9-487d-8205-47d85ab683dc
2025-08-07 11:50:12,901 - INFO -    ✅ Successfully applied!
2025-08-07 11:50:23,129 - INFO - 🎯 [29/76] Applying to: Data Analyst/Product Owner - Block chain - LINK: https://www.dice.com/job-detail/31fd95bd-4fd4-41ab-997a-cf763c57ab31
2025-08-07 11:50:40,140 - INFO -    ✅ Successfully applied!
2025-08-07 11:50:50,576 - INFO - 🎯 [30/76] Applying to: AWS Kendra and Sagemaker-- New York city, New York ( 2-3 days onsite)-w2 only - LINK: https://www.dice.com/job-detail/0388173a-320b-4696-a7cf-5735ab1d5c2c
2025-08-07 11:51:09,789 - ERROR -    ❌ Cannot click apply button: Message: 
Stacktrace:
#0 0x55e9a08a32ca <unknown>
#1 0x55e9a034a550 <unknown>
#2 0x55e9a039c0f0 <unknown>
#3 0x55e9a039c2e1 <unknown>
#4 0x55e9a03ea5e4 <unknown>
#5 0x55e9a03c1bed <unknown>
#6 0x55e9a03e79e6 <unknown>
#7 0x55e9a03c1993 <unknown>
#8 0x55e9a038dd6b <unknown>
#9 0x55e9a038f141 <unknown>
#10 0x55e9a08682ab <unknown>
#11 0x55e9a086c0b9 <unknown>
#12 0x55e9a084f139 <unknown>
#13 0x55e9a086cc68 <unknown>
#14 0x55e9a083360f <unknown>
#15 0x55e9a08911f8 <unknown>
#16 0x55e9a08913d6 <unknown>
#17 0x55e9a08a25e6 <unknown>
#18 0x7f7b9669caa4 <unknown>
#19 0x7f7b96729c3c <unknown>

2025-08-07 11:51:19,192 - INFO - 🎯 [31/76] Applying to: Entry Level Data Engineer - LINK: https://www.dice.com/job-detail/f2d38098-0e1d-46a9-a6b6-c97cc54afd8d
2025-08-07 11:51:35,825 - INFO -    ✅ Successfully applied!
2025-08-07 11:51:48,026 - INFO - 🎯 [32/76] Applying to: Data governance analyst - LINK: https://www.dice.com/job-detail/775f49e0-07a7-4082-8978-9e012553fb5d
2025-08-07 11:52:07,502 - ERROR -    ❌ Cannot click apply button: Message: 
Stacktrace:
#0 0x55e9a08a32ca <unknown>
#1 0x55e9a034a550 <unknown>
#2 0x55e9a039c0f0 <unknown>
#3 0x55e9a039c2e1 <unknown>
#4 0x55e9a03ea5e4 <unknown>
#5 0x55e9a03c1bed <unknown>
#6 0x55e9a03e79e6 <unknown>
#7 0x55e9a03c1993 <unknown>
#8 0x55e9a038dd6b <unknown>
#9 0x55e9a038f141 <unknown>
#10 0x55e9a08682ab <unknown>
#11 0x55e9a086c0b9 <unknown>
#12 0x55e9a084f139 <unknown>
#13 0x55e9a086cc68 <unknown>
#14 0x55e9a083360f <unknown>
#15 0x55e9a08911f8 <unknown>
#16 0x55e9a08913d6 <unknown>
#17 0x55e9a08a25e6 <unknown>
#18 0x7f7b9669caa4 <unknown>
#19 0x7f7b96729c3c <unknown>

2025-08-07 11:52:17,145 - INFO - 🎯 [33/76] Applying to: IT Business Analyst Salesforce & Integration - LINK: https://www.dice.com/job-detail/1b1f6c7d-4a1e-4680-b96d-27d90b8e3cde
2025-08-07 11:52:32,499 - INFO -    ✅ Successfully applied!
2025-08-07 11:52:40,971 - INFO - 🎯 [34/76] Applying to: Generative AI Engineer - LINK: https://www.dice.com/job-detail/fe06cdd6-4f3a-4fe6-8663-bc6c1d66215a
2025-08-07 11:53:00,447 - ERROR -    ❌ Cannot click apply button: Message: 
Stacktrace:
#0 0x55e9a08a32ca <unknown>
#1 0x55e9a034a550 <unknown>
#2 0x55e9a039c0f0 <unknown>
#3 0x55e9a039c2e1 <unknown>
#4 0x55e9a03ea5e4 <unknown>
#5 0x55e9a03c1bed <unknown>
#6 0x55e9a03e79e6 <unknown>
#7 0x55e9a03c1993 <unknown>
#8 0x55e9a038dd6b <unknown>
#9 0x55e9a038f141 <unknown>
#10 0x55e9a08682ab <unknown>
#11 0x55e9a086c0b9 <unknown>
#12 0x55e9a084f139 <unknown>
#13 0x55e9a086cc68 <unknown>
#14 0x55e9a083360f <unknown>
#15 0x55e9a08911f8 <unknown>
#16 0x55e9a08913d6 <unknown>
#17 0x55e9a08a25e6 <unknown>
#18 0x7f7b9669caa4 <unknown>
#19 0x7f7b96729c3c <unknown>

2025-08-07 11:53:07,920 - INFO - 🎯 [35/76] Applying to: Information Security Engineer 4 - AI Engineer - LINK: https://www.dice.com/job-detail/1b497986-7e1d-423c-adbe-e9f4bfc29a6d
2025-08-07 11:53:25,605 - INFO -    ✅ Successfully applied!
2025-08-07 11:53:38,833 - INFO - 🎯 [36/76] Applying to: Python developer - LINK: https://www.dice.com/job-detail/cb576df7-4f1e-498c-9c6b-478d3016ecfe
2025-08-07 11:53:57,921 - ERROR -    ❌ Cannot click apply button: Message: 
Stacktrace:
#0 0x55e9a08a32ca <unknown>
#1 0x55e9a034a550 <unknown>
#2 0x55e9a039c0f0 <unknown>
#3 0x55e9a039c2e1 <unknown>
#4 0x55e9a03ea5e4 <unknown>
#5 0x55e9a03c1bed <unknown>
#6 0x55e9a03e79e6 <unknown>
#7 0x55e9a03c1993 <unknown>
#8 0x55e9a038dd6b <unknown>
#9 0x55e9a038f141 <unknown>
#10 0x55e9a08682ab <unknown>
#11 0x55e9a086c0b9 <unknown>
#12 0x55e9a084f139 <unknown>
#13 0x55e9a086cc68 <unknown>
#14 0x55e9a083360f <unknown>
#15 0x55e9a08911f8 <unknown>
#16 0x55e9a08913d6 <unknown>
#17 0x55e9a08a25e6 <unknown>
#18 0x7f7b9669caa4 <unknown>
#19 0x7f7b96729c3c <unknown>

2025-08-07 11:54:07,759 - INFO - 🎯 [37/76] Applying to: Full Stack Developer-Call Center - LINK: https://www.dice.com/job-detail/6a6c4726-68a7-44c0-8fa8-a536778da5d2
2025-08-07 11:54:26,302 - ERROR -    ❌ Cannot click apply button: Message: 
Stacktrace:
#0 0x55e9a08a32ca <unknown>
#1 0x55e9a034a550 <unknown>
#2 0x55e9a039c0f0 <unknown>
#3 0x55e9a039c2e1 <unknown>
#4 0x55e9a03ea5e4 <unknown>
#5 0x55e9a03c1bed <unknown>
#6 0x55e9a03e79e6 <unknown>
#7 0x55e9a03c1993 <unknown>
#8 0x55e9a038dd6b <unknown>
#9 0x55e9a038f141 <unknown>
#10 0x55e9a08682ab <unknown>
#11 0x55e9a086c0b9 <unknown>
#12 0x55e9a084f139 <unknown>
#13 0x55e9a086cc68 <unknown>
#14 0x55e9a083360f <unknown>
#15 0x55e9a08911f8 <unknown>
#16 0x55e9a08913d6 <unknown>
#17 0x55e9a08a25e6 <unknown>
#18 0x7f7b9669caa4 <unknown>
#19 0x7f7b96729c3c <unknown>

2025-08-07 11:54:35,769 - INFO - 🎯 [38/76] Applying to: Sr. Data Scientist (Healthcare Exp) - LINK: https://www.dice.com/job-detail/83169f5d-79ba-46e9-885a-dc731a6d0d61
2025-08-07 11:54:55,381 - ERROR -    ❌ Cannot click apply button: Message: 
Stacktrace:
#0 0x55e9a08a32ca <unknown>
#1 0x55e9a034a550 <unknown>
#2 0x55e9a039c0f0 <unknown>
#3 0x55e9a039c2e1 <unknown>
#4 0x55e9a03ea5e4 <unknown>
#5 0x55e9a03c1bed <unknown>
#6 0x55e9a03e79e6 <unknown>
#7 0x55e9a03c1993 <unknown>
#8 0x55e9a038dd6b <unknown>
#9 0x55e9a038f141 <unknown>
#10 0x55e9a08682ab <unknown>
#11 0x55e9a086c0b9 <unknown>
#12 0x55e9a084f139 <unknown>
#13 0x55e9a086cc68 <unknown>
#14 0x55e9a083360f <unknown>
#15 0x55e9a08911f8 <unknown>
#16 0x55e9a08913d6 <unknown>
#17 0x55e9a08a25e6 <unknown>
#18 0x7f7b9669caa4 <unknown>
#19 0x7f7b96729c3c <unknown>

2025-08-07 11:55:06,279 - INFO - 🎯 [39/76] Applying to: Sr. Software Engineer - LINK: https://www.dice.com/job-detail/df5f709a-07b8-4b04-a676-dff7dddf450f
2025-08-07 11:55:21,675 - INFO -    ✅ Successfully applied!
2025-08-07 11:55:33,755 - INFO - 🎯 [40/76] Applying to: Lead Frontend Angular Developer :: McLean, VA - LINK: https://www.dice.com/job-detail/ece9761e-e780-4df1-8276-de2436e7b83b
2025-08-07 11:55:52,611 - ERROR -    ❌ Cannot click apply button: Message: 
Stacktrace:
#0 0x55e9a08a32ca <unknown>
#1 0x55e9a034a550 <unknown>
#2 0x55e9a039c0f0 <unknown>
#3 0x55e9a039c2e1 <unknown>
#4 0x55e9a03ea5e4 <unknown>
#5 0x55e9a03c1bed <unknown>
#6 0x55e9a03e79e6 <unknown>
#7 0x55e9a03c1993 <unknown>
#8 0x55e9a038dd6b <unknown>
#9 0x55e9a038f141 <unknown>
#10 0x55e9a08682ab <unknown>
#11 0x55e9a086c0b9 <unknown>
#12 0x55e9a084f139 <unknown>
#13 0x55e9a086cc68 <unknown>
#14 0x55e9a083360f <unknown>
#15 0x55e9a08911f8 <unknown>
#16 0x55e9a08913d6 <unknown>
#17 0x55e9a08a25e6 <unknown>
#18 0x7f7b9669caa4 <unknown>
#19 0x7f7b96729c3c <unknown>

2025-08-07 11:56:03,397 - INFO - 🎯 [41/76] Applying to: GEN AI DeveloperLocation : Remote - LINK: https://www.dice.com/job-detail/44400ce0-ff4b-4974-aa3f-8a83aac67ec8
2025-08-07 11:56:19,326 - INFO -    ✅ Successfully applied!
2025-08-07 11:56:29,775 - INFO - 🎯 [42/76] Applying to: Mid-Senior Software Developer / .NET / Azure / Hybrid - LINK: https://www.dice.com/job-detail/4490cfce-a460-4b9c-af70-d81587b343a7
2025-08-07 11:56:45,123 - INFO -    ✅ Successfully applied!
2025-08-07 11:56:56,042 - INFO - 🎯 [43/76] Applying to: SAP ABAP Technical Consultant with exp in PM/SM/PS Modules (Onsite / Hybrid) - LINK: https://www.dice.com/job-detail/273be1d7-79e0-4e20-a97f-74c28f6c7f5d
2025-08-07 11:57:09,131 - INFO -    ✅ Successfully applied!
2025-08-07 11:57:18,451 - INFO - 🎯 [44/76] Applying to: Data Scientist _ Dallas TX (Local Consultant only) - LINK: https://www.dice.com/job-detail/b9109b7b-d1f3-4391-9613-2160ee64e399
2025-08-07 11:57:35,028 - INFO -    ✅ Successfully applied!
2025-08-07 11:57:44,141 - INFO - 🎯 [45/76] Applying to: Senior Google Cloud Platform & AI Security Architect - LINK: https://www.dice.com/job-detail/a3aafc1d-17d2-4fb0-bee2-807362542482
2025-08-07 11:58:00,657 - INFO -    ✅ Successfully applied!
2025-08-07 11:58:13,614 - INFO - 🎯 [46/76] Applying to: SAS Consultant - LINK: https://www.dice.com/job-detail/95480694-a9d7-45ef-af01-1f045a5df062
2025-08-07 11:58:30,385 - INFO -    ✅ Successfully applied!
2025-08-07 11:58:41,639 - INFO - 🎯 [47/76] Applying to: Data Engineer - LINK: https://www.dice.com/job-detail/11296420-df2a-475c-9ad8-118a1ccec454
2025-08-07 11:59:01,140 - ERROR -    ❌ Cannot click apply button: Message: 
Stacktrace:
#0 0x55e9a08a32ca <unknown>
#1 0x55e9a034a550 <unknown>
#2 0x55e9a039c0f0 <unknown>
#3 0x55e9a039c2e1 <unknown>
#4 0x55e9a03ea5e4 <unknown>
#5 0x55e9a03c1bed <unknown>
#6 0x55e9a03e79e6 <unknown>
#7 0x55e9a03c1993 <unknown>
#8 0x55e9a038dd6b <unknown>
#9 0x55e9a038f141 <unknown>
#10 0x55e9a08682ab <unknown>
#11 0x55e9a086c0b9 <unknown>
#12 0x55e9a084f139 <unknown>
#13 0x55e9a086cc68 <unknown>
#14 0x55e9a083360f <unknown>
#15 0x55e9a08911f8 <unknown>
#16 0x55e9a08913d6 <unknown>
#17 0x55e9a08a25e6 <unknown>
#18 0x7f7b9669caa4 <unknown>
#19 0x7f7b96729c3c <unknown>

2025-08-07 11:59:12,465 - INFO - 🎯 [48/76] Applying to: Accela Business Analyst(Local to Lawrenceville, GA 30046) - LINK: https://www.dice.com/job-detail/45ea7c7f-86ad-4e11-b2f4-998876d520d5
2025-08-07 11:59:28,243 - INFO -    ✅ Successfully applied!
2025-08-07 11:59:36,966 - INFO - 🎯 [49/76] Applying to: Full Stack Senior Software Engineer - LINK: https://www.dice.com/job-detail/cd92e7aa-9697-40b2-a35a-3ec7b7615114
2025-08-07 11:59:56,215 - ERROR -    ❌ Cannot click apply button: Message: 
Stacktrace:
#0 0x55e9a08a32ca <unknown>
#1 0x55e9a034a550 <unknown>
#2 0x55e9a039c0f0 <unknown>
#3 0x55e9a039c2e1 <unknown>
#4 0x55e9a03ea5e4 <unknown>
#5 0x55e9a03c1bed <unknown>
#6 0x55e9a03e79e6 <unknown>
#7 0x55e9a03c1993 <unknown>
#8 0x55e9a038dd6b <unknown>
#9 0x55e9a038f141 <unknown>
#10 0x55e9a08682ab <unknown>
#11 0x55e9a086c0b9 <unknown>
#12 0x55e9a084f139 <unknown>
#13 0x55e9a086cc68 <unknown>
#14 0x55e9a083360f <unknown>
#15 0x55e9a08911f8 <unknown>
#16 0x55e9a08913d6 <unknown>
#17 0x55e9a08a25e6 <unknown>
#18 0x7f7b9669caa4 <unknown>
#19 0x7f7b96729c3c <unknown>

2025-08-07 12:00:05,865 - INFO - 🎯 [50/76] Applying to: .NET Fullstack Developer - Vue.JS - LINK: https://www.dice.com/job-detail/2c9e2d0e-a510-4e9d-a74c-4aefb991f914
2025-08-07 12:00:23,667 - INFO -    ✅ Successfully applied!
2025-08-07 12:00:34,636 - INFO - 🎯 [51/76] Applying to: Data Analyst with SQL - LINK: https://www.dice.com/job-detail/1a27f45c-932f-4061-8cfc-d6df5a720ba5
2025-08-07 12:00:50,278 - INFO -    ✅ Successfully applied!
2025-08-07 12:01:01,344 - INFO - 🎯 [52/76] Applying to: TACL / HPE NONSTOP Developer - LINK: https://www.dice.com/job-detail/d059b410-ec54-4033-b131-862c27a21b5d
2025-08-07 12:01:19,519 - ERROR -    ❌ Cannot click apply button: Message: 
Stacktrace:
#0 0x55e9a08a32ca <unknown>
#1 0x55e9a034a550 <unknown>
#2 0x55e9a039c0f0 <unknown>
#3 0x55e9a039c2e1 <unknown>
#4 0x55e9a03ea5e4 <unknown>
#5 0x55e9a03c1bed <unknown>
#6 0x55e9a03e79e6 <unknown>
#7 0x55e9a03c1993 <unknown>
#8 0x55e9a038dd6b <unknown>
#9 0x55e9a038f141 <unknown>
#10 0x55e9a08682ab <unknown>
#11 0x55e9a086c0b9 <unknown>
#12 0x55e9a084f139 <unknown>
#13 0x55e9a086cc68 <unknown>
#14 0x55e9a083360f <unknown>
#15 0x55e9a08911f8 <unknown>
#16 0x55e9a08913d6 <unknown>
#17 0x55e9a08a25e6 <unknown>
#18 0x7f7b9669caa4 <unknown>
#19 0x7f7b96729c3c <unknown>

2025-08-07 12:01:28,663 - INFO - 🎯 [53/76] Applying to: .Net Developer - LINK: https://www.dice.com/job-detail/b921bbca-79bf-4e9b-9cb7-38fd48f0998d
2025-08-07 12:01:45,060 - INFO -    ✅ Successfully applied!
2025-08-07 12:01:57,956 - INFO - 🎯 [54/76] Applying to: Principal FS .Net Mobile engineer - C#, API, Maui/Xamarin, iOS/Android, SQL Azure - LINK: https://www.dice.com/job-detail/a32e4a4e-f22b-44ef-b4e5-91f23cf3c1a4
2025-08-07 12:02:11,271 - INFO -    ✅ Successfully applied!
2025-08-07 12:02:19,237 - INFO - 🎯 [55/76] Applying to: Data Engineer - LINK: https://www.dice.com/job-detail/fb600c95-bd45-46d1-a105-622f9b0d2f60
2025-08-07 12:02:38,628 - ERROR -    ❌ Cannot click apply button: Message: 
Stacktrace:
#0 0x55e9a08a32ca <unknown>
#1 0x55e9a034a550 <unknown>
#2 0x55e9a039c0f0 <unknown>
#3 0x55e9a039c2e1 <unknown>
#4 0x55e9a03ea5e4 <unknown>
#5 0x55e9a03c1bed <unknown>
#6 0x55e9a03e79e6 <unknown>
#7 0x55e9a03c1993 <unknown>
#8 0x55e9a038dd6b <unknown>
#9 0x55e9a038f141 <unknown>
#10 0x55e9a08682ab <unknown>
#11 0x55e9a086c0b9 <unknown>
#12 0x55e9a084f139 <unknown>
#13 0x55e9a086cc68 <unknown>
#14 0x55e9a083360f <unknown>
#15 0x55e9a08911f8 <unknown>
#16 0x55e9a08913d6 <unknown>
#17 0x55e9a08a25e6 <unknown>
#18 0x7f7b9669caa4 <unknown>
#19 0x7f7b96729c3c <unknown>

2025-08-07 12:02:48,415 - INFO - 🎯 [56/76] Applying to: ERP/CRM Consultant - LINK: https://www.dice.com/job-detail/ac88773a-2ee4-4162-be76-1a44a1baa455
2025-08-07 12:03:06,474 - INFO -    ✅ Successfully applied!
2025-08-07 12:03:16,136 - INFO - 🎯 [57/76] Applying to: Gen AI Product Analyst - LINK: https://www.dice.com/job-detail/456704d0-9596-420b-bea1-cabe5aefdadf
2025-08-07 12:03:31,968 - INFO -    ✅ Successfully applied!
2025-08-07 12:03:39,962 - INFO - 🎯 [58/76] Applying to: Senior Embedded Software Engineer - LINK: https://www.dice.com/job-detail/c3ff6796-df90-4307-95a9-e204d904fe80
2025-08-07 12:04:00,303 - ERROR -    ❌ Cannot click apply button: Message: 
Stacktrace:
#0 0x55e9a08a32ca <unknown>
#1 0x55e9a034a550 <unknown>
#2 0x55e9a039c0f0 <unknown>
#3 0x55e9a039c2e1 <unknown>
#4 0x55e9a03ea5e4 <unknown>
#5 0x55e9a03c1bed <unknown>
#6 0x55e9a03e79e6 <unknown>
#7 0x55e9a03c1993 <unknown>
#8 0x55e9a038dd6b <unknown>
#9 0x55e9a038f141 <unknown>
#10 0x55e9a08682ab <unknown>
#11 0x55e9a086c0b9 <unknown>
#12 0x55e9a084f139 <unknown>
#13 0x55e9a086cc68 <unknown>
#14 0x55e9a083360f <unknown>
#15 0x55e9a08911f8 <unknown>
#16 0x55e9a08913d6 <unknown>
#17 0x55e9a08a25e6 <unknown>
#18 0x7f7b9669caa4 <unknown>
#19 0x7f7b96729c3c <unknown>

2025-08-07 12:04:10,051 - INFO - 🎯 [59/76] Applying to: IT Engineer IV - ETL Developer (contract only) - LINK: https://www.dice.com/job-detail/b1d85b86-6987-4b15-9a72-3dde9ebe3ae1
2025-08-07 12:04:29,239 - ERROR -    ❌ Cannot click apply button: Message: 
Stacktrace:
#0 0x55e9a08a32ca <unknown>
#1 0x55e9a034a550 <unknown>
#2 0x55e9a039c0f0 <unknown>
#3 0x55e9a039c2e1 <unknown>
#4 0x55e9a03ea5e4 <unknown>
#5 0x55e9a03c1bed <unknown>
#6 0x55e9a03e79e6 <unknown>
#7 0x55e9a03c1993 <unknown>
#8 0x55e9a038dd6b <unknown>
#9 0x55e9a038f141 <unknown>
#10 0x55e9a08682ab <unknown>
#11 0x55e9a086c0b9 <unknown>
#12 0x55e9a084f139 <unknown>
#13 0x55e9a086cc68 <unknown>
#14 0x55e9a083360f <unknown>
#15 0x55e9a08911f8 <unknown>
#16 0x55e9a08913d6 <unknown>
#17 0x55e9a08a25e6 <unknown>
#18 0x7f7b9669caa4 <unknown>
#19 0x7f7b96729c3c <unknown>

2025-08-07 12:04:36,849 - INFO - 🎯 [60/76] Applying to: Full Stack Lead Engineer - LINK: https://www.dice.com/job-detail/3cb57287-c14c-4a51-96a6-cf71baf0470a
2025-08-07 12:04:54,782 - INFO -    ✅ Successfully applied!
2025-08-07 12:05:04,890 - INFO - 🎯 [61/76] Applying to: Cloud Engineer - LINK: https://www.dice.com/job-detail/f5fb5cbb-ea4b-47f7-85e9-1a0c6c3c496f
2025-08-07 12:05:25,119 - ERROR -    ❌ Cannot click apply button: Message: 
Stacktrace:
#0 0x55e9a08a32ca <unknown>
#1 0x55e9a034a550 <unknown>
#2 0x55e9a039c0f0 <unknown>
#3 0x55e9a039c2e1 <unknown>
#4 0x55e9a03ea5e4 <unknown>
#5 0x55e9a03c1bed <unknown>
#6 0x55e9a03e79e6 <unknown>
#7 0x55e9a03c1993 <unknown>
#8 0x55e9a038dd6b <unknown>
#9 0x55e9a038f141 <unknown>
#10 0x55e9a08682ab <unknown>
#11 0x55e9a086c0b9 <unknown>
#12 0x55e9a084f139 <unknown>
#13 0x55e9a086cc68 <unknown>
#14 0x55e9a083360f <unknown>
#15 0x55e9a08911f8 <unknown>
#16 0x55e9a08913d6 <unknown>
#17 0x55e9a08a25e6 <unknown>
#18 0x7f7b9669caa4 <unknown>
#19 0x7f7b96729c3c <unknown>

2025-08-07 12:05:34,462 - INFO - 🎯 [62/76] Applying to: Business Analyst - LINK: https://www.dice.com/job-detail/b7d33e43-28d1-4c9d-b90f-dc93c0432541
2025-08-07 12:05:55,700 - ERROR -    ❌ Cannot click apply button: Message: 
Stacktrace:
#0 0x55e9a08a32ca <unknown>
#1 0x55e9a034a550 <unknown>
#2 0x55e9a039c0f0 <unknown>
#3 0x55e9a039c2e1 <unknown>
#4 0x55e9a03ea5e4 <unknown>
#5 0x55e9a03c1bed <unknown>
#6 0x55e9a03e79e6 <unknown>
#7 0x55e9a03c1993 <unknown>
#8 0x55e9a038dd6b <unknown>
#9 0x55e9a038f141 <unknown>
#10 0x55e9a08682ab <unknown>
#11 0x55e9a086c0b9 <unknown>
#12 0x55e9a084f139 <unknown>
#13 0x55e9a086cc68 <unknown>
#14 0x55e9a083360f <unknown>
#15 0x55e9a08911f8 <unknown>
#16 0x55e9a08913d6 <unknown>
#17 0x55e9a08a25e6 <unknown>
#18 0x7f7b9669caa4 <unknown>
#19 0x7f7b96729c3c <unknown>

2025-08-07 12:06:06,585 - INFO - 🎯 [63/76] Applying to: Sr. Kafka Developer with Architechect Exp - LINK: https://www.dice.com/job-detail/6dab2e2a-931f-4b34-8ac3-0fa1bd108fb4
2025-08-07 12:06:22,172 - INFO -    ✅ Successfully applied!
2025-08-07 12:06:32,999 - INFO - 🎯 [64/76] Applying to: Senior Software Engineer - Enterprise Platforms - LINK: https://www.dice.com/job-detail/bcd918d3-277a-44cd-a7fe-dbcc035b06d0
2025-08-07 12:06:47,762 - INFO -    ✅ Successfully applied!
2025-08-07 12:06:58,482 - INFO - 🎯 [65/76] Applying to: Sr Java Developer - LINK: https://www.dice.com/job-detail/bb0d7029-998f-4b83-a6c5-00d0b0056fec
2025-08-07 12:07:17,576 - ERROR -    ❌ Cannot click apply button: Message: 
Stacktrace:
#0 0x55e9a08a32ca <unknown>
#1 0x55e9a034a550 <unknown>
#2 0x55e9a039c0f0 <unknown>
#3 0x55e9a039c2e1 <unknown>
#4 0x55e9a03ea5e4 <unknown>
#5 0x55e9a03c1bed <unknown>
#6 0x55e9a03e79e6 <unknown>
#7 0x55e9a03c1993 <unknown>
#8 0x55e9a038dd6b <unknown>
#9 0x55e9a038f141 <unknown>
#10 0x55e9a08682ab <unknown>
#11 0x55e9a086c0b9 <unknown>
#12 0x55e9a084f139 <unknown>
#13 0x55e9a086cc68 <unknown>
#14 0x55e9a083360f <unknown>
#15 0x55e9a08911f8 <unknown>
#16 0x55e9a08913d6 <unknown>
#17 0x55e9a08a25e6 <unknown>
#18 0x7f7b9669caa4 <unknown>
#19 0x7f7b96729c3c <unknown>

2025-08-07 12:07:27,910 - INFO - 🎯 [66/76] Applying to: Data Engineer (ETL/DB) - LINK: https://www.dice.com/job-detail/18b82146-5a70-441a-8257-5d33fca772e8
2025-08-07 12:07:43,594 - INFO -    ✅ Successfully applied!
2025-08-07 12:07:54,916 - INFO - 🎯 [67/76] Applying to: Technical Manager Engineering /Gen AI (Onsite Position) - LINK: https://www.dice.com/job-detail/5674e826-0763-4aac-90c6-32c93e17399e
2025-08-07 12:08:08,959 - INFO -    ✅ Successfully applied!
2025-08-07 12:08:17,313 - INFO - 🎯 [68/76] Applying to: Sr. Business Systems Analyst - LINK: https://www.dice.com/job-detail/b0fd5d7d-943c-4206-855c-bb7039ec4ac5
2025-08-07 12:08:37,296 - ERROR -    ❌ Cannot click apply button: Message: 
Stacktrace:
#0 0x55e9a08a32ca <unknown>
#1 0x55e9a034a550 <unknown>
#2 0x55e9a039c0f0 <unknown>
#3 0x55e9a039c2e1 <unknown>
#4 0x55e9a03ea5e4 <unknown>
#5 0x55e9a03c1bed <unknown>
#6 0x55e9a03e79e6 <unknown>
#7 0x55e9a03c1993 <unknown>
#8 0x55e9a038dd6b <unknown>
#9 0x55e9a038f141 <unknown>
#10 0x55e9a08682ab <unknown>
#11 0x55e9a086c0b9 <unknown>
#12 0x55e9a084f139 <unknown>
#13 0x55e9a086cc68 <unknown>
#14 0x55e9a083360f <unknown>
#15 0x55e9a08911f8 <unknown>
#16 0x55e9a08913d6 <unknown>
#17 0x55e9a08a25e6 <unknown>
#18 0x7f7b9669caa4 <unknown>
#19 0x7f7b96729c3c <unknown>

2025-08-07 12:08:46,126 - INFO - 🎯 [69/76] Applying to: Sr Data Analyst - LINK: https://www.dice.com/job-detail/8594c23b-90c2-4aec-95fe-ada28bd0c6d4
2025-08-07 12:09:04,293 - ERROR -    ❌ Cannot click apply button: Message: 
Stacktrace:
#0 0x55e9a08a32ca <unknown>
#1 0x55e9a034a550 <unknown>
#2 0x55e9a039c0f0 <unknown>
#3 0x55e9a039c2e1 <unknown>
#4 0x55e9a03ea5e4 <unknown>
#5 0x55e9a03c1bed <unknown>
#6 0x55e9a03e79e6 <unknown>
#7 0x55e9a03c1993 <unknown>
#8 0x55e9a038dd6b <unknown>
#9 0x55e9a038f141 <unknown>
#10 0x55e9a08682ab <unknown>
#11 0x55e9a086c0b9 <unknown>
#12 0x55e9a084f139 <unknown>
#13 0x55e9a086cc68 <unknown>
#14 0x55e9a083360f <unknown>
#15 0x55e9a08911f8 <unknown>
#16 0x55e9a08913d6 <unknown>
#17 0x55e9a08a25e6 <unknown>
#18 0x7f7b9669caa4 <unknown>
#19 0x7f7b96729c3c <unknown>

2025-08-07 12:09:12,375 - INFO - 🎯 [70/76] Applying to: Ruby on Rails (RoR) Developer - LINK: https://www.dice.com/job-detail/c86d25f3-37ad-46d0-9485-1f69ceba7ac9
2025-08-07 12:09:31,773 - ERROR -    ❌ Cannot click apply button: Message: 
Stacktrace:
#0 0x55e9a08a32ca <unknown>
#1 0x55e9a034a550 <unknown>
#2 0x55e9a039c0f0 <unknown>
#3 0x55e9a039c2e1 <unknown>
#4 0x55e9a03ea5e4 <unknown>
#5 0x55e9a03c1bed <unknown>
#6 0x55e9a03e79e6 <unknown>
#7 0x55e9a03c1993 <unknown>
#8 0x55e9a038dd6b <unknown>
#9 0x55e9a038f141 <unknown>
#10 0x55e9a08682ab <unknown>
#11 0x55e9a086c0b9 <unknown>
#12 0x55e9a084f139 <unknown>
#13 0x55e9a086cc68 <unknown>
#14 0x55e9a083360f <unknown>
#15 0x55e9a08911f8 <unknown>
#16 0x55e9a08913d6 <unknown>
#17 0x55e9a08a25e6 <unknown>
#18 0x7f7b9669caa4 <unknown>
#19 0x7f7b96729c3c <unknown>

2025-08-07 12:09:43,213 - INFO - 🎯 [71/76] Applying to: Data Analyst - LINK: https://www.dice.com/job-detail/42d82a45-34bc-4162-8bdd-5f3a7f5faea0
2025-08-07 12:09:57,592 - INFO -    ✅ Successfully applied!
2025-08-07 12:10:09,585 - INFO - 🎯 [72/76] Applying to: Sr Python Developer (Only Local) - LINK: https://www.dice.com/job-detail/88015aae-23ec-450b-8074-8df9b22bdd3f
2025-08-07 12:10:27,651 - ERROR -    ❌ Cannot click apply button: Message: 
Stacktrace:
#0 0x55e9a08a32ca <unknown>
#1 0x55e9a034a550 <unknown>
#2 0x55e9a039c0f0 <unknown>
#3 0x55e9a039c2e1 <unknown>
#4 0x55e9a03ea5e4 <unknown>
#5 0x55e9a03c1bed <unknown>
#6 0x55e9a03e79e6 <unknown>
#7 0x55e9a03c1993 <unknown>
#8 0x55e9a038dd6b <unknown>
#9 0x55e9a038f141 <unknown>
#10 0x55e9a08682ab <unknown>
#11 0x55e9a086c0b9 <unknown>
#12 0x55e9a084f139 <unknown>
#13 0x55e9a086cc68 <unknown>
#14 0x55e9a083360f <unknown>
#15 0x55e9a08911f8 <unknown>
#16 0x55e9a08913d6 <unknown>
#17 0x55e9a08a25e6 <unknown>
#18 0x7f7b9669caa4 <unknown>
#19 0x7f7b96729c3c <unknown>

2025-08-07 12:10:34,615 - INFO - 🎯 [73/76] Applying to: Lead Engineer - Oracle Retail - LINK: https://www.dice.com/job-detail/9672d10e-f5ae-48a7-baed-aa6c84569c9b
2025-08-07 12:10:54,057 - INFO -    ✅ Successfully applied!
2025-08-07 12:11:08,154 - INFO - 🎯 [74/76] Applying to: Junior Business Analyst - LINK: https://www.dice.com/job-detail/5cdd4677-5cd1-4fe6-a259-41865b7030ed
2025-08-07 12:11:26,870 - INFO -    ✅ Successfully applied!
2025-08-07 12:11:34,840 - INFO - 🎯 [75/76] Applying to: Role: SAP Fiori Consultant - LINK: https://www.dice.com/job-detail/41dab599-6618-48e0-aae8-5eb2a73c2544
2025-08-07 12:11:50,293 - INFO -    ✅ Successfully applied!
2025-08-07 12:12:00,183 - INFO - 🎯 [76/76] Applying to: Business Analyst - LINK: https://www.dice.com/job-detail/3212906f-7687-441c-bf96-6c1b125f038c
2025-08-07 12:12:14,855 - INFO -    ✅ Successfully applied!
2025-08-07 12:12:18,118 - INFO - 📊 Processing results...
2025-08-07 12:12:18,178 - INFO - 🎉 Application run completed!
2025-08-07 12:12:18,178 - INFO -    ✅ Newly applied: 50
2025-08-07 12:12:18,178 - INFO -    ⏭️  Already applied: 0
2025-08-07 12:12:18,178 - INFO -    ❌ Failed: 26
2025-08-07 12:12:18,178 - INFO -    📊 Total processed: 76
2025-08-07 12:12:18,178 - INFO -    📁 Total jobs in CSV: 4538
2025-08-07 12:12:18,179 - INFO -    💾 Updated: output/final_ml_jobs.csv
2025-08-07 12:12:18,179 - INFO - 🔧 Closing browser...
