2025-08-04 19:44:03,270 - INFO - 🚀 Starting stealth job application bot
2025-08-04 19:44:12,638 - INFO - 📂 Loading jobs from output/final_ml_jobs.csv
2025-08-04 19:44:12,663 - INFO -    📊 Total jobs in file: 3685
2025-08-04 19:44:12,667 - INFO -    🎯 Easy Apply jobs: 3685
2025-08-04 19:44:12,668 - INFO -    ⏳ Jobs to process: 1533 (status: pending)
2025-08-04 19:44:12,669 - INFO - 🎲 Will attempt 67 applications this run (target: 67)
2025-08-04 19:44:12,669 - INFO - 🔑 Logging into Dice...
2025-08-04 19:44:15,268 - INFO - ✅ Login successful
2025-08-04 19:44:17,888 - INFO - 🔄 Starting job applications...
2025-08-04 19:44:17,889 - INFO - 🎯 [1/67] Applying to: Sr. Database Engineer (Only W2) - LINK: https://www.dice.com/job-detail/90c0d4ba-9b0b-437f-ab03-a5417620c93e
2025-08-04 19:44:35,210 - INFO -    ✅ Successfully applied!
2025-08-04 19:44:43,954 - INFO - 🎯 [2/67] Applying to: Technical Business Analyst - Mount Laurel, NJ - Onsite/Hybrid (4 days/week) - LINK: https://www.dice.com/job-detail/5d746b3d-ec1a-4fa0-9cb4-4869c5af3063
2025-08-04 19:44:59,498 - INFO -    ✅ Successfully applied!
2025-08-04 19:45:09,548 - INFO - 🎯 [3/67] Applying to: Computer Systems Quality Assurance - LINK: https://www.dice.com/job-detail/c371674c-bffc-4b2c-be06-f2bbbb50e5c2
2025-08-04 19:45:27,955 - ERROR -    ❌ Cannot click apply button: Message: 
Stacktrace:
#0 0x56267cc832ca <unknown>
#1 0x56267c72a550 <unknown>
#2 0x56267c77c0f0 <unknown>
#3 0x56267c77c2e1 <unknown>
#4 0x56267c7ca5e4 <unknown>
#5 0x56267c7a1bed <unknown>
#6 0x56267c7c79e6 <unknown>
#7 0x56267c7a1993 <unknown>
#8 0x56267c76dd6b <unknown>
#9 0x56267c76f141 <unknown>
#10 0x56267cc482ab <unknown>
#11 0x56267cc4c0b9 <unknown>
#12 0x56267cc2f139 <unknown>
#13 0x56267cc4cc68 <unknown>
#14 0x56267cc1360f <unknown>
#15 0x56267cc711f8 <unknown>
#16 0x56267cc713d6 <unknown>
#17 0x56267cc825e6 <unknown>
#18 0x7fa9c469caa4 <unknown>
#19 0x7fa9c4729c3c <unknown>

2025-08-04 19:45:37,941 - INFO - 🎯 [4/67] Applying to: SAP (APO) Functional Consultant - Juno Beach FL - Onsite - LINK: https://www.dice.com/job-detail/e105815e-0b0b-4e58-9441-da6505849a9c
2025-08-04 19:45:58,281 - ERROR -    ❌ Cannot click apply button: Message: 
Stacktrace:
#0 0x56267cc832ca <unknown>
#1 0x56267c72a550 <unknown>
#2 0x56267c77c0f0 <unknown>
#3 0x56267c77c2e1 <unknown>
#4 0x56267c7ca5e4 <unknown>
#5 0x56267c7a1bed <unknown>
#6 0x56267c7c79e6 <unknown>
#7 0x56267c7a1993 <unknown>
#8 0x56267c76dd6b <unknown>
#9 0x56267c76f141 <unknown>
#10 0x56267cc482ab <unknown>
#11 0x56267cc4c0b9 <unknown>
#12 0x56267cc2f139 <unknown>
#13 0x56267cc4cc68 <unknown>
#14 0x56267cc1360f <unknown>
#15 0x56267cc711f8 <unknown>
#16 0x56267cc713d6 <unknown>
#17 0x56267cc825e6 <unknown>
#18 0x7fa9c469caa4 <unknown>
#19 0x7fa9c4729c3c <unknown>

2025-08-04 19:46:07,779 - INFO - 🎯 [5/67] Applying to: Gong/ Nice Nexidia Engineer || Tampa, FL (Hybrid) - LINK: https://www.dice.com/job-detail/156171b0-5383-4c15-ad65-53edfc5ebe72
2025-08-04 19:46:26,675 - ERROR -    ❌ Cannot click apply button: Message: 
Stacktrace:
#0 0x56267cc832ca <unknown>
#1 0x56267c72a550 <unknown>
#2 0x56267c77c0f0 <unknown>
#3 0x56267c77c2e1 <unknown>
#4 0x56267c7ca5e4 <unknown>
#5 0x56267c7a1bed <unknown>
#6 0x56267c7c79e6 <unknown>
#7 0x56267c7a1993 <unknown>
#8 0x56267c76dd6b <unknown>
#9 0x56267c76f141 <unknown>
#10 0x56267cc482ab <unknown>
#11 0x56267cc4c0b9 <unknown>
#12 0x56267cc2f139 <unknown>
#13 0x56267cc4cc68 <unknown>
#14 0x56267cc1360f <unknown>
#15 0x56267cc711f8 <unknown>
#16 0x56267cc713d6 <unknown>
#17 0x56267cc825e6 <unknown>
#18 0x7fa9c469caa4 <unknown>
#19 0x7fa9c4729c3c <unknown>

2025-08-04 19:46:35,410 - INFO - 🎯 [6/67] Applying to: Business Analyst - LINK: https://www.dice.com/job-detail/bbde020f-5fe6-4c51-82b2-b48664d17c5b
2025-08-04 19:46:49,676 - INFO -    ✅ Successfully applied!
2025-08-04 19:46:58,794 - INFO - 🎯 [7/67] Applying to: Data Architect (W2) - LINK: https://www.dice.com/job-detail/48e823e5-20e7-4193-a7f9-2f83d6861dfb
2025-08-04 19:47:17,755 - ERROR -    ❌ Cannot click apply button: Message: 
Stacktrace:
#0 0x56267cc832ca <unknown>
#1 0x56267c72a550 <unknown>
#2 0x56267c77c0f0 <unknown>
#3 0x56267c77c2e1 <unknown>
#4 0x56267c7ca5e4 <unknown>
#5 0x56267c7a1bed <unknown>
#6 0x56267c7c79e6 <unknown>
#7 0x56267c7a1993 <unknown>
#8 0x56267c76dd6b <unknown>
#9 0x56267c76f141 <unknown>
#10 0x56267cc482ab <unknown>
#11 0x56267cc4c0b9 <unknown>
#12 0x56267cc2f139 <unknown>
#13 0x56267cc4cc68 <unknown>
#14 0x56267cc1360f <unknown>
#15 0x56267cc711f8 <unknown>
#16 0x56267cc713d6 <unknown>
#17 0x56267cc825e6 <unknown>
#18 0x7fa9c469caa4 <unknown>
#19 0x7fa9c4729c3c <unknown>

2025-08-04 19:47:27,825 - INFO - 🎯 [8/67] Applying to: ETL Engineer AWS Glue/Informatica - LINK: https://www.dice.com/job-detail/1e7a8d18-c237-4a54-9266-a1b886f0c0d6
2025-08-04 19:47:42,866 - INFO -    ✅ Successfully applied!
2025-08-04 19:47:55,416 - INFO - 🎯 [9/67] Applying to: Senior Software Engineer / Node.js / React / .NET / Hybrid / Smyrna GA - LINK: https://www.dice.com/job-detail/a8ae564b-434c-4dc3-a52e-e86fe387bca0
2025-08-04 19:48:10,409 - INFO -    ✅ Successfully applied!
2025-08-04 19:48:21,897 - INFO - 🎯 [10/67] Applying to: Salesforce Business Analyst - LINK: https://www.dice.com/job-detail/e5f58cb3-712e-4eec-bceb-27b5824ceaf0
2025-08-04 19:48:41,041 - INFO -    ✅ Successfully applied!
2025-08-04 19:48:49,489 - INFO - 🎯 [11/67] Applying to: Sr. AWS Data Engineer - LINK: https://www.dice.com/job-detail/49b65011-c6da-4eb4-99a3-8dfdc0424043
2025-08-04 19:49:05,649 - INFO -    ✅ Successfully applied!
2025-08-04 19:49:12,291 - INFO - 🎯 [12/67] Applying to: Applications Architect - LINK: https://www.dice.com/job-detail/83409698-b32a-49f5-8f78-512ceeb2b1f6
2025-08-04 19:49:28,246 - INFO -    ✅ Successfully applied!
2025-08-04 19:49:39,121 - INFO - 🎯 [13/67] Applying to: Design Engineer - LINK: https://www.dice.com/job-detail/b4c13163-8370-4ac7-97fc-685a8b5a6e83
2025-08-04 19:49:58,015 - INFO -    ✅ Successfully applied!
2025-08-04 19:50:05,535 - INFO - 🎯 [14/67] Applying to: Lead Data Developer - LINK: https://www.dice.com/job-detail/2342f259-04e2-4bd4-9b1f-1ff9fc7288b2
2025-08-04 19:50:21,412 - INFO -    ✅ Successfully applied!
2025-08-04 19:50:27,729 - INFO - 🎯 [15/67] Applying to: Business Systems Analyst Sr - LINK: https://www.dice.com/job-detail/1ab43bfe-1fb4-4936-a150-fc02059ae418
2025-08-04 19:50:47,187 - ERROR -    ❌ Cannot click apply button: Message: 
Stacktrace:
#0 0x56267cc832ca <unknown>
#1 0x56267c72a550 <unknown>
#2 0x56267c77c0f0 <unknown>
#3 0x56267c77c2e1 <unknown>
#4 0x56267c7ca5e4 <unknown>
#5 0x56267c7a1bed <unknown>
#6 0x56267c7c79e6 <unknown>
#7 0x56267c7a1993 <unknown>
#8 0x56267c76dd6b <unknown>
#9 0x56267c76f141 <unknown>
#10 0x56267cc482ab <unknown>
#11 0x56267cc4c0b9 <unknown>
#12 0x56267cc2f139 <unknown>
#13 0x56267cc4cc68 <unknown>
#14 0x56267cc1360f <unknown>
#15 0x56267cc711f8 <unknown>
#16 0x56267cc713d6 <unknown>
#17 0x56267cc825e6 <unknown>
#18 0x7fa9c469caa4 <unknown>
#19 0x7fa9c4729c3c <unknown>

2025-08-04 19:50:57,415 - INFO - 🎯 [16/67] Applying to: Banking Business Analyst - LINK: https://www.dice.com/job-detail/563c84d7-ff16-464e-b0bc-6bb75748ef85
2025-08-04 19:51:13,217 - INFO -    ✅ Successfully applied!
2025-08-04 19:51:22,170 - INFO - 🎯 [17/67] Applying to: ERP/CRM Developer - LINK: https://www.dice.com/job-detail/42cef502-5f7c-41f5-ad11-6dd05f880775
2025-08-04 19:51:38,122 - INFO -    ✅ Successfully applied!
2025-08-04 19:51:50,520 - INFO - 🎯 [18/67] Applying to: Business analyst - LINK: https://www.dice.com/job-detail/0c5f691a-ea79-4926-b64a-8df51c922d20
2025-08-04 19:52:04,775 - INFO -    ✅ Successfully applied!
2025-08-04 19:52:16,418 - INFO - 🎯 [19/67] Applying to: Google Cloud Platform Data Engineer for Remote - USA||Fulltime Opportunity|| - LINK: https://www.dice.com/job-detail/688db287-9c1b-4bb1-8973-4dc5da73e132
2025-08-04 19:52:29,907 - INFO -    ✅ Successfully applied!
2025-08-04 19:52:40,590 - INFO - 🎯 [20/67] Applying to: PeopleSoft FSCM Business Analyst @ Austin, TX - Hybrid - Only Locals - LINK: https://www.dice.com/job-detail/27572a5b-5076-4f43-819a-1d2e5ca061bf
2025-08-04 19:52:57,616 - INFO -    ✅ Successfully applied!
2025-08-04 19:53:07,216 - INFO - 🎯 [21/67] Applying to: SAP Performance Engineer - LINK: https://www.dice.com/job-detail/de7d851f-13b0-42b0-a033-926e364eaa89
2025-08-04 19:53:25,945 - ERROR -    ❌ Cannot click apply button: Message: 
Stacktrace:
#0 0x56267cc832ca <unknown>
#1 0x56267c72a550 <unknown>
#2 0x56267c77c0f0 <unknown>
#3 0x56267c77c2e1 <unknown>
#4 0x56267c7ca5e4 <unknown>
#5 0x56267c7a1bed <unknown>
#6 0x56267c7c79e6 <unknown>
#7 0x56267c7a1993 <unknown>
#8 0x56267c76dd6b <unknown>
#9 0x56267c76f141 <unknown>
#10 0x56267cc482ab <unknown>
#11 0x56267cc4c0b9 <unknown>
#12 0x56267cc2f139 <unknown>
#13 0x56267cc4cc68 <unknown>
#14 0x56267cc1360f <unknown>
#15 0x56267cc711f8 <unknown>
#16 0x56267cc713d6 <unknown>
#17 0x56267cc825e6 <unknown>
#18 0x7fa9c469caa4 <unknown>
#19 0x7fa9c4729c3c <unknown>

2025-08-04 19:53:35,136 - INFO - 🎯 [22/67] Applying to: Business Analyst - LINK: https://www.dice.com/job-detail/227becb8-ccee-4a2c-9c4e-b48bfae41418
2025-08-04 19:53:53,827 - ERROR -    ❌ Cannot click apply button: Message: 
Stacktrace:
#0 0x56267cc832ca <unknown>
#1 0x56267c72a550 <unknown>
#2 0x56267c77c0f0 <unknown>
#3 0x56267c77c2e1 <unknown>
#4 0x56267c7ca5e4 <unknown>
#5 0x56267c7a1bed <unknown>
#6 0x56267c7c79e6 <unknown>
#7 0x56267c7a1993 <unknown>
#8 0x56267c76dd6b <unknown>
#9 0x56267c76f141 <unknown>
#10 0x56267cc482ab <unknown>
#11 0x56267cc4c0b9 <unknown>
#12 0x56267cc2f139 <unknown>
#13 0x56267cc4cc68 <unknown>
#14 0x56267cc1360f <unknown>
#15 0x56267cc711f8 <unknown>
#16 0x56267cc713d6 <unknown>
#17 0x56267cc825e6 <unknown>
#18 0x7fa9c469caa4 <unknown>
#19 0x7fa9c4729c3c <unknown>

2025-08-04 19:54:06,475 - INFO - 🎯 [23/67] Applying to: Data Engineer II - LINK: https://www.dice.com/job-detail/305ecc98-0a90-4283-b495-a5059e9d0ebd
2025-08-04 19:54:23,130 - INFO -    ✅ Successfully applied!
2025-08-04 19:54:33,061 - INFO - 🎯 [24/67] Applying to: Principal Enterprise Architect - LINK: https://www.dice.com/job-detail/b04bddd4-a34f-4d18-84f5-af42d02290cd
2025-08-04 19:54:51,269 - ERROR -    ❌ Cannot click apply button: Message: 
Stacktrace:
#0 0x56267cc832ca <unknown>
#1 0x56267c72a550 <unknown>
#2 0x56267c77c0f0 <unknown>
#3 0x56267c77c2e1 <unknown>
#4 0x56267c7ca5e4 <unknown>
#5 0x56267c7a1bed <unknown>
#6 0x56267c7c79e6 <unknown>
#7 0x56267c7a1993 <unknown>
#8 0x56267c76dd6b <unknown>
#9 0x56267c76f141 <unknown>
#10 0x56267cc482ab <unknown>
#11 0x56267cc4c0b9 <unknown>
#12 0x56267cc2f139 <unknown>
#13 0x56267cc4cc68 <unknown>
#14 0x56267cc1360f <unknown>
#15 0x56267cc711f8 <unknown>
#16 0x56267cc713d6 <unknown>
#17 0x56267cc825e6 <unknown>
#18 0x7fa9c469caa4 <unknown>
#19 0x7fa9c4729c3c <unknown>

2025-08-04 19:55:02,354 - INFO - 🎯 [25/67] Applying to: DevOps Engineer - LINK: https://www.dice.com/job-detail/f6e9d969-c8a2-4611-a5a0-82a0f018b6cd
2025-08-04 19:55:18,797 - INFO -    ✅ Successfully applied!
2025-08-04 19:55:27,970 - INFO - 🎯 [26/67] Applying to: SQL Developer with PySpark and Python - LINK: https://www.dice.com/job-detail/3c459a71-91a1-448e-8b1a-d9d6fdef7394
2025-08-04 19:55:46,632 - ERROR -    ❌ Cannot click apply button: Message: 
Stacktrace:
#0 0x56267cc832ca <unknown>
#1 0x56267c72a550 <unknown>
#2 0x56267c77c0f0 <unknown>
#3 0x56267c77c2e1 <unknown>
#4 0x56267c7ca5e4 <unknown>
#5 0x56267c7a1bed <unknown>
#6 0x56267c7c79e6 <unknown>
#7 0x56267c7a1993 <unknown>
#8 0x56267c76dd6b <unknown>
#9 0x56267c76f141 <unknown>
#10 0x56267cc482ab <unknown>
#11 0x56267cc4c0b9 <unknown>
#12 0x56267cc2f139 <unknown>
#13 0x56267cc4cc68 <unknown>
#14 0x56267cc1360f <unknown>
#15 0x56267cc711f8 <unknown>
#16 0x56267cc713d6 <unknown>
#17 0x56267cc825e6 <unknown>
#18 0x7fa9c469caa4 <unknown>
#19 0x7fa9c4729c3c <unknown>

2025-08-04 19:55:58,398 - INFO - 🎯 [27/67] Applying to: ESRI Arc GIS Architect - LINK: https://www.dice.com/job-detail/2ae0f2a7-ff7f-47a0-b419-238008f70a08
2025-08-04 19:56:15,156 - INFO -    ✅ Successfully applied!
2025-08-04 19:56:26,775 - INFO - 🎯 [28/67] Applying to: CJCC - CoC Data Analyst - LINK: https://www.dice.com/job-detail/37a99ac0-b17f-4e1c-9be3-fa36c960873a
2025-08-04 19:56:42,061 - INFO -    ✅ Successfully applied!
2025-08-04 19:56:54,122 - INFO - 🎯 [29/67] Applying to: Senior Developer - LINK: https://www.dice.com/job-detail/1b79ec1a-a920-4b92-af93-ab72714b031d
2025-08-04 19:57:09,716 - INFO -    ✅ Successfully applied!
2025-08-04 19:57:18,237 - INFO - 🎯 [30/67] Applying to: Google Cloud Platform Data Engineer - LINK: https://www.dice.com/job-detail/9d255a0e-2067-4876-b6ac-6b70f0749901
2025-08-04 19:57:33,446 - INFO -    ✅ Successfully applied!
2025-08-04 19:57:44,695 - INFO - 🎯 [31/67] Applying to: Workday Prism Developer - LINK: https://www.dice.com/job-detail/9f07d716-7b54-4380-9eff-5416bb9290c5
2025-08-04 19:57:59,512 - INFO -    ✅ Successfully applied!
2025-08-04 19:58:12,061 - INFO - 🎯 [32/67] Applying to: Technical Architect - LINK: https://www.dice.com/job-detail/998f76f3-5f2f-44f1-9781-8035cece99ad
2025-08-04 19:58:30,081 - ERROR -    ❌ Cannot click apply button: Message: 
Stacktrace:
#0 0x56267cc832ca <unknown>
#1 0x56267c72a550 <unknown>
#2 0x56267c77c0f0 <unknown>
#3 0x56267c77c2e1 <unknown>
#4 0x56267c7ca5e4 <unknown>
#5 0x56267c7a1bed <unknown>
#6 0x56267c7c79e6 <unknown>
#7 0x56267c7a1993 <unknown>
#8 0x56267c76dd6b <unknown>
#9 0x56267c76f141 <unknown>
#10 0x56267cc482ab <unknown>
#11 0x56267cc4c0b9 <unknown>
#12 0x56267cc2f139 <unknown>
#13 0x56267cc4cc68 <unknown>
#14 0x56267cc1360f <unknown>
#15 0x56267cc711f8 <unknown>
#16 0x56267cc713d6 <unknown>
#17 0x56267cc825e6 <unknown>
#18 0x7fa9c469caa4 <unknown>
#19 0x7fa9c4729c3c <unknown>

2025-08-04 19:58:44,715 - INFO - 🎯 [33/67] Applying to: JAVA / Frontend Full Stack Engineer - LINK: https://www.dice.com/job-detail/690d5920-b598-41b8-9815-1def66030e82
2025-08-04 19:59:02,227 - INFO -    ✅ Successfully applied!
2025-08-04 19:59:11,857 - INFO - 🎯 [34/67] Applying to: Business Analyst - Immediate placement - LINK: https://www.dice.com/job-detail/7c3e18f1-ea55-4f47-bcbc-10addb9cf66a
2025-08-04 19:59:27,473 - INFO -    ✅ Successfully applied!
2025-08-04 19:59:36,071 - INFO - 🎯 [35/67] Applying to: Full Stack Angular Developer - LINK: https://www.dice.com/job-detail/fbbfb987-126d-4b56-9c20-a6ded90b11b7
2025-08-04 19:59:50,075 - INFO -    ✅ Successfully applied!
2025-08-04 20:00:00,891 - INFO - 🎯 [36/67] Applying to: Business Analyst 5 (Only Local to MI) - LINK: https://www.dice.com/job-detail/5b38639c-9104-401c-a4a7-592ceb53143e
2025-08-04 20:00:15,509 - INFO -    ✅ Successfully applied!
2025-08-04 20:00:26,152 - INFO - 🎯 [37/67] Applying to: Data Scientist - LINK: https://www.dice.com/job-detail/14df25b3-227b-496e-89a7-d0b27eb449d4
2025-08-04 20:00:41,750 - INFO -    ✅ Successfully applied!
2025-08-04 20:00:53,520 - INFO - 🎯 [38/67] Applying to: Atlassian Lead Engineer - LINK: https://www.dice.com/job-detail/a4fab9c1-82fa-4796-afe3-874b3fa95e7b
2025-08-04 20:01:08,799 - INFO -    ✅ Successfully applied!
2025-08-04 20:01:20,448 - INFO - 🎯 [39/67] Applying to: IT Support Engineer - LINK: https://www.dice.com/job-detail/1818e6a9-3eec-49bd-9997-45d833b3afbe
2025-08-04 20:01:35,170 - INFO -    ✅ Successfully applied!
2025-08-04 20:01:43,667 - INFO - 🎯 [40/67] Applying to: QA Engineer Automated 3 - LINK: https://www.dice.com/job-detail/08485533-5fee-439d-8930-f8c2aed5e1cf
2025-08-04 20:01:58,357 - INFO -    ✅ Successfully applied!
2025-08-04 20:02:07,031 - INFO - 🎯 [41/67] Applying to: Financial Data Analyst - LINK: https://www.dice.com/job-detail/92ae6e41-8d5a-417f-9937-b0a88028e5b5
2025-08-04 20:02:20,106 - INFO -    ✅ Successfully applied!
2025-08-04 20:02:28,284 - INFO - 🎯 [42/67] Applying to: Full Stack Developer - LINK: https://www.dice.com/job-detail/b27ff6f4-7143-49e0-8621-f2e5847f83be
2025-08-04 20:02:43,610 - INFO -    ✅ Successfully applied!
2025-08-04 20:02:53,434 - INFO - 🎯 [43/67] Applying to: Senior Full-Stack .NET Developer - Locals Only - LINK: https://www.dice.com/job-detail/74cf1076-a1ac-4eba-9c3a-d21cbbcc2920
2025-08-04 20:03:11,769 - ERROR -    ❌ Cannot click apply button: Message: 
Stacktrace:
#0 0x56267cc832ca <unknown>
#1 0x56267c72a550 <unknown>
#2 0x56267c77c0f0 <unknown>
#3 0x56267c77c2e1 <unknown>
#4 0x56267c7ca5e4 <unknown>
#5 0x56267c7a1bed <unknown>
#6 0x56267c7c79e6 <unknown>
#7 0x56267c7a1993 <unknown>
#8 0x56267c76dd6b <unknown>
#9 0x56267c76f141 <unknown>
#10 0x56267cc482ab <unknown>
#11 0x56267cc4c0b9 <unknown>
#12 0x56267cc2f139 <unknown>
#13 0x56267cc4cc68 <unknown>
#14 0x56267cc1360f <unknown>
#15 0x56267cc711f8 <unknown>
#16 0x56267cc713d6 <unknown>
#17 0x56267cc825e6 <unknown>
#18 0x7fa9c469caa4 <unknown>
#19 0x7fa9c4729c3c <unknown>

2025-08-04 20:03:24,726 - INFO - 🎯 [44/67] Applying to: Senior Full-Stack .NET Developer / Technical Lead - LINK: https://www.dice.com/job-detail/e1ac976f-e64e-47da-a8ab-16cfea71abf9
2025-08-04 20:03:39,173 - INFO -    ✅ Successfully applied!
2025-08-04 20:03:47,986 - INFO - 🎯 [45/67] Applying to: Junior Software Engineer - LINK: https://www.dice.com/job-detail/8afba2fb-4937-4ef0-b225-745e1c020464
2025-08-04 20:04:03,129 - INFO -    ✅ Successfully applied!
2025-08-04 20:04:12,989 - INFO - 🎯 [46/67] Applying to: Business Analyst/Tester - LINK: https://www.dice.com/job-detail/7bf79ab5-38f0-4643-b5d0-1731d578849f
2025-08-04 20:04:31,906 - ERROR -    ❌ Cannot click apply button: Message: 
Stacktrace:
#0 0x56267cc832ca <unknown>
#1 0x56267c72a550 <unknown>
#2 0x56267c77c0f0 <unknown>
#3 0x56267c77c2e1 <unknown>
#4 0x56267c7ca5e4 <unknown>
#5 0x56267c7a1bed <unknown>
#6 0x56267c7c79e6 <unknown>
#7 0x56267c7a1993 <unknown>
#8 0x56267c76dd6b <unknown>
#9 0x56267c76f141 <unknown>
#10 0x56267cc482ab <unknown>
#11 0x56267cc4c0b9 <unknown>
#12 0x56267cc2f139 <unknown>
#13 0x56267cc4cc68 <unknown>
#14 0x56267cc1360f <unknown>
#15 0x56267cc711f8 <unknown>
#16 0x56267cc713d6 <unknown>
#17 0x56267cc825e6 <unknown>
#18 0x7fa9c469caa4 <unknown>
#19 0x7fa9c4729c3c <unknown>

2025-08-04 20:04:42,020 - INFO - 🎯 [47/67] Applying to: IT Business Analyst - LINK: https://www.dice.com/job-detail/efc51e4a-8bc8-455c-a5b4-2df067e799c4
2025-08-04 20:04:58,087 - INFO -    ✅ Successfully applied!
2025-08-04 20:05:09,725 - INFO - 🎯 [48/67] Applying to: Senior Software Engineer Identity & Application Security with 12 years exp(Remote) - LINK: https://www.dice.com/job-detail/fe5d87c2-465b-484e-9a35-4977766382d3
2025-08-04 20:05:29,466 - ERROR -    ❌ Cannot click apply button: Message: 
Stacktrace:
#0 0x56267cc832ca <unknown>
#1 0x56267c72a550 <unknown>
#2 0x56267c77c0f0 <unknown>
#3 0x56267c77c2e1 <unknown>
#4 0x56267c7ca5e4 <unknown>
#5 0x56267c7a1bed <unknown>
#6 0x56267c7c79e6 <unknown>
#7 0x56267c7a1993 <unknown>
#8 0x56267c76dd6b <unknown>
#9 0x56267c76f141 <unknown>
#10 0x56267cc482ab <unknown>
#11 0x56267cc4c0b9 <unknown>
#12 0x56267cc2f139 <unknown>
#13 0x56267cc4cc68 <unknown>
#14 0x56267cc1360f <unknown>
#15 0x56267cc711f8 <unknown>
#16 0x56267cc713d6 <unknown>
#17 0x56267cc825e6 <unknown>
#18 0x7fa9c469caa4 <unknown>
#19 0x7fa9c4729c3c <unknown>

2025-08-04 20:05:35,283 - INFO - 🎯 [49/67] Applying to: Senior Product Manager AI Agent Experience (Salesforce Ecosystem) - LINK: https://www.dice.com/job-detail/12ce9c32-46fa-4f44-82a2-18f7d930fc23
2025-08-04 20:05:53,014 - INFO -    ✅ Successfully applied!
2025-08-04 20:06:04,814 - INFO - 🎯 [50/67] Applying to: Senior Automation Test Engineer - LINK: https://www.dice.com/job-detail/8b6eda69-fcdb-4ce3-9873-9b674509ca6e
2025-08-04 20:06:20,771 - INFO -    ✅ Successfully applied!
2025-08-04 20:06:30,220 - INFO - 🎯 [51/67] Applying to: Senior FPGA Engineer - R - LINK: https://www.dice.com/job-detail/c3f5a3cd-29fb-45c0-b163-90a94a3ba1eb
2025-08-04 20:06:44,287 - INFO -    ✅ Successfully applied!
2025-08-04 20:06:55,052 - INFO - 🎯 [52/67] Applying to: Senior Software Engineer - Alfresco - LINK: https://www.dice.com/job-detail/519fef9f-584d-4d2a-8660-1d39f5e37a19
2025-08-04 20:07:07,419 - INFO -    ✅ Successfully applied!
2025-08-04 20:07:17,515 - INFO - 🎯 [53/67] Applying to: Sr MuleSoft Developer - LINK: https://www.dice.com/job-detail/7b8181f1-39db-43f9-ac19-691683b4a6b9
2025-08-04 20:07:33,186 - INFO -    ✅ Successfully applied!
2025-08-04 20:07:42,214 - INFO - 🎯 [54/67] Applying to: Palo Alto?Firewall Engineer - LINK: https://www.dice.com/job-detail/329758eb-67db-4685-93a5-348293c15074
2025-08-04 20:08:01,123 - ERROR -    ❌ Cannot click apply button: Message: 
Stacktrace:
#0 0x56267cc832ca <unknown>
#1 0x56267c72a550 <unknown>
#2 0x56267c77c0f0 <unknown>
#3 0x56267c77c2e1 <unknown>
#4 0x56267c7ca5e4 <unknown>
#5 0x56267c7a1bed <unknown>
#6 0x56267c7c79e6 <unknown>
#7 0x56267c7a1993 <unknown>
#8 0x56267c76dd6b <unknown>
#9 0x56267c76f141 <unknown>
#10 0x56267cc482ab <unknown>
#11 0x56267cc4c0b9 <unknown>
#12 0x56267cc2f139 <unknown>
#13 0x56267cc4cc68 <unknown>
#14 0x56267cc1360f <unknown>
#15 0x56267cc711f8 <unknown>
#16 0x56267cc713d6 <unknown>
#17 0x56267cc825e6 <unknown>
#18 0x7fa9c469caa4 <unknown>
#19 0x7fa9c4729c3c <unknown>

2025-08-04 20:08:10,645 - INFO - 🎯 [55/67] Applying to: Email Developer - LINK: https://www.dice.com/job-detail/c4ba5c19-d532-44fd-89d7-5244439fa55c
2025-08-04 20:08:26,603 - INFO -    ✅ Successfully applied!
2025-08-04 20:08:37,297 - INFO - 🎯 [56/67] Applying to: Business Analyst Salesforce, Data Management - LINK: https://www.dice.com/job-detail/cca26db8-e104-4058-8268-bbd26a6d8f47
2025-08-04 20:08:53,290 - INFO -    ✅ Successfully applied!
2025-08-04 20:09:01,909 - INFO - 🎯 [57/67] Applying to: Data Analytics Specialist - LINK: https://www.dice.com/job-detail/7bb69a81-d853-4d4b-9274-484be2057c29
2025-08-04 20:09:15,627 - INFO -    ✅ Successfully applied!
2025-08-04 20:09:23,994 - INFO - 🎯 [58/67] Applying to: PL/SQL Developer - LINK: https://www.dice.com/job-detail/05d3c08b-3906-4f0b-8389-352e175a6580
2025-08-04 20:09:39,126 - INFO -    ✅ Successfully applied!
2025-08-04 20:09:49,747 - INFO - 🎯 [59/67] Applying to: AI Solution Architect - LINK: https://www.dice.com/job-detail/40ce6466-a261-4817-b199-54bb42f6e4b2
2025-08-04 20:10:04,050 - INFO -    ✅ Successfully applied!
2025-08-04 20:10:12,212 - INFO - 🎯 [60/67] Applying to: Senior Architect EngageOne Vault - LINK: https://www.dice.com/job-detail/7fbe5ba0-f06a-47b2-b901-e9f787dcdcd2
2025-08-04 20:10:28,778 - INFO -    ✅ Successfully applied!
2025-08-04 20:10:37,462 - INFO - 🎯 [61/67] Applying to: Sr. technical healthcare PM with AI for a data analytics firm - LINK: https://www.dice.com/job-detail/a93da611-3cb1-40bd-bd98-ff481e000951
2025-08-04 20:10:52,980 - INFO -    ✅ Successfully applied!
2025-08-04 20:11:02,594 - INFO - 🎯 [62/67] Applying to: Full Stack Java Developer with Active Top Secret/SCI Clearance with a Full Scope Polygraph - LINK: https://www.dice.com/job-detail/8b3c0947-e1ad-456f-8ccc-699e829be6af
2025-08-04 20:11:19,410 - INFO -    ✅ Successfully applied!
2025-08-04 20:11:27,152 - INFO - 🎯 [63/67] Applying to: Data Analyst - LINK: https://www.dice.com/job-detail/7541edf1-9dff-467b-bf9b-8668e17a2b9f
2025-08-04 20:11:41,419 - INFO -    ✅ Successfully applied!
2025-08-04 20:11:52,914 - INFO - 🎯 [64/67] Applying to: W2- Fulltime -Network Engineer (Mid Level)-San Diego, CA (Hybrid 4 days onsite, 1 remote) (Local Only)-CH - LINK: https://www.dice.com/job-detail/3157e4dd-74ac-4373-904a-7cc3ab2f6381
2025-08-04 20:12:08,014 - INFO -    ✅ Successfully applied!
2025-08-04 20:12:17,645 - INFO - 🎯 [65/67] Applying to: Databricks Architect - LINK: https://www.dice.com/job-detail/e96b6a20-2242-40a2-80cd-db9fec718bc5
2025-08-04 20:12:36,135 - ERROR -    ❌ Cannot click apply button: Message: 
Stacktrace:
#0 0x56267cc832ca <unknown>
#1 0x56267c72a550 <unknown>
#2 0x56267c77c0f0 <unknown>
#3 0x56267c77c2e1 <unknown>
#4 0x56267c7ca5e4 <unknown>
#5 0x56267c7a1bed <unknown>
#6 0x56267c7c79e6 <unknown>
#7 0x56267c7a1993 <unknown>
#8 0x56267c76dd6b <unknown>
#9 0x56267c76f141 <unknown>
#10 0x56267cc482ab <unknown>
#11 0x56267cc4c0b9 <unknown>
#12 0x56267cc2f139 <unknown>
#13 0x56267cc4cc68 <unknown>
#14 0x56267cc1360f <unknown>
#15 0x56267cc711f8 <unknown>
#16 0x56267cc713d6 <unknown>
#17 0x56267cc825e6 <unknown>
#18 0x7fa9c469caa4 <unknown>
#19 0x7fa9c4729c3c <unknown>

2025-08-04 20:12:43,995 - INFO - 🎯 [66/67] Applying to: Wireless and Private 5G Engineer - LINK: https://www.dice.com/job-detail/eae4cd61-0801-4f02-800c-4e7c0121628f
2025-08-04 20:12:59,385 - INFO -    ✅ Successfully applied!
2025-08-04 20:13:08,922 - INFO - 🎯 [67/67] Applying to: Sr. AWS DevSecOps Network Engineer - LINK: https://www.dice.com/job-detail/42e9107d-1e9a-42b5-bcff-d91d93886a3a
2025-08-04 20:13:22,678 - INFO -    ✅ Successfully applied!
2025-08-04 20:13:25,425 - INFO - 📊 Processing results...
2025-08-04 20:13:25,473 - INFO - 🎉 Application run completed!
2025-08-04 20:13:25,473 - INFO -    ✅ Newly applied: 52
2025-08-04 20:13:25,473 - INFO -    ⏭️  Already applied: 0
2025-08-04 20:13:25,473 - INFO -    ❌ Failed: 15
2025-08-04 20:13:25,473 - INFO -    📊 Total processed: 67
2025-08-04 20:13:25,473 - INFO -    📁 Total jobs in CSV: 3685
2025-08-04 20:13:25,473 - INFO -    💾 Updated: output/final_ml_jobs.csv
2025-08-04 20:13:25,473 - INFO - 🔧 Closing browser...
