2025-08-08 15:43:12,340 - INFO - 🚀 Starting stealth job application bot
2025-08-08 15:43:21,325 - INFO - 📂 Loading jobs from output/final_ml_jobs.csv
2025-08-08 15:43:21,365 - INFO -    📊 Total jobs in file: 4942
2025-08-08 15:43:21,369 - INFO -    🎯 Easy Apply jobs: 4942
2025-08-08 15:43:21,371 - INFO -    ⏳ Jobs to process: 665 (status: pending)
2025-08-08 15:43:21,372 - INFO - 🎲 Will attempt 75 applications this run (target: 75)
2025-08-08 15:43:21,372 - INFO - 🔑 Logging into Dice...
2025-08-08 15:43:24,078 - INFO - ✅ Login successful
2025-08-08 15:43:26,453 - INFO - 🔄 Starting job applications...
2025-08-08 15:43:26,453 - INFO - 🎯 [1/75] Applying to: Senior Business Analyst ? Regulatory Integration & Planning Support - LINK: https://www.dice.com/job-detail/1c687eb4-41d3-4253-b2d0-957bf021337a
2025-08-08 15:43:43,213 - INFO -    ✅ Successfully applied!
2025-08-08 15:43:54,520 - INFO - 🎯 [2/75] Applying to: AWS/Spark Data Engineer - LINK: https://www.dice.com/job-detail/eb59537a-e30d-405e-833b-ed6de5182dde
2025-08-08 15:44:08,495 - INFO -    ✅ Successfully applied!
2025-08-08 15:44:18,341 - INFO - 🎯 [3/75] Applying to: Data Analyst - ETL - LINK: https://www.dice.com/job-detail/fd66cd4b-f6c8-48f6-a26a-353c3fc2a2d7
2025-08-08 15:44:32,014 - INFO -    ✅ Successfully applied!
2025-08-08 15:44:40,124 - INFO - 🎯 [4/75] Applying to: Business Analyst-CBAP - LINK: https://www.dice.com/job-detail/a19dfcbc-60b5-4c68-94a8-bab8f3271cf5
2025-08-08 15:44:54,577 - INFO -    ✅ Successfully applied!
2025-08-08 15:45:04,320 - INFO - 🎯 [5/75] Applying to: Job Title: Senior Application Software Engineer - LINK: https://www.dice.com/job-detail/c95f4bcc-e42e-4afe-a2a4-830b84bf3602
2025-08-08 15:45:20,196 - INFO -    ✅ Successfully applied!
2025-08-08 15:45:26,818 - INFO - 🎯 [6/75] Applying to: IT Business Analyst III - LINK: https://www.dice.com/job-detail/c4215594-fb85-429a-865c-862d8719210b
2025-08-08 15:45:45,897 - ERROR -    ❌ Cannot click apply button: Message: 
Stacktrace:
#0 0x55f3bd7ec2ca <unknown>
#1 0x55f3bd293550 <unknown>
#2 0x55f3bd2e50f0 <unknown>
#3 0x55f3bd2e52e1 <unknown>
#4 0x55f3bd3335e4 <unknown>
#5 0x55f3bd30abed <unknown>
#6 0x55f3bd3309e6 <unknown>
#7 0x55f3bd30a993 <unknown>
#8 0x55f3bd2d6d6b <unknown>
#9 0x55f3bd2d8141 <unknown>
#10 0x55f3bd7b12ab <unknown>
#11 0x55f3bd7b50b9 <unknown>
#12 0x55f3bd798139 <unknown>
#13 0x55f3bd7b5c68 <unknown>
#14 0x55f3bd77c60f <unknown>
#15 0x55f3bd7da1f8 <unknown>
#16 0x55f3bd7da3d6 <unknown>
#17 0x55f3bd7eb5e6 <unknown>
#18 0x7f256a69caa4 <unknown>
#19 0x7f256a729c3c <unknown>

2025-08-08 15:45:56,242 - INFO - 🎯 [7/75] Applying to: Workday Software Engineer - Security - LINK: https://www.dice.com/job-detail/4bb36948-87ba-4431-8228-d561112b0043
2025-08-08 15:46:12,504 - INFO -    ✅ Successfully applied!
2025-08-08 15:46:22,729 - INFO - 🎯 [8/75] Applying to: Python Developer with AWS - LINK: https://www.dice.com/job-detail/80f0858f-b1af-43f2-8dc4-93c1e20709d0
2025-08-08 15:46:38,243 - INFO -    ✅ Successfully applied!
2025-08-08 15:46:46,758 - INFO - 🎯 [9/75] Applying to: Azure Data Engineer with Databricks/PySpark @ Mount Laurel, NJ (onsite-4 days/week) - LINK: https://www.dice.com/job-detail/e0579d69-153c-4d77-9b3f-f2ed74562fcd
2025-08-08 15:47:02,508 - INFO -    ✅ Successfully applied!
2025-08-08 15:47:12,487 - INFO - 🎯 [10/75] Applying to: Big Data Architect Contractor - LINK: https://www.dice.com/job-detail/81da7b4c-1cdf-44c9-b8ec-f56c36c068a2
2025-08-08 15:47:30,671 - ERROR -    ❌ Cannot click apply button: Message: 
Stacktrace:
#0 0x55f3bd7ec2ca <unknown>
#1 0x55f3bd293550 <unknown>
#2 0x55f3bd2e50f0 <unknown>
#3 0x55f3bd2e52e1 <unknown>
#4 0x55f3bd3335e4 <unknown>
#5 0x55f3bd30abed <unknown>
#6 0x55f3bd3309e6 <unknown>
#7 0x55f3bd30a993 <unknown>
#8 0x55f3bd2d6d6b <unknown>
#9 0x55f3bd2d8141 <unknown>
#10 0x55f3bd7b12ab <unknown>
#11 0x55f3bd7b50b9 <unknown>
#12 0x55f3bd798139 <unknown>
#13 0x55f3bd7b5c68 <unknown>
#14 0x55f3bd77c60f <unknown>
#15 0x55f3bd7da1f8 <unknown>
#16 0x55f3bd7da3d6 <unknown>
#17 0x55f3bd7eb5e6 <unknown>
#18 0x7f256a69caa4 <unknown>
#19 0x7f256a729c3c <unknown>

2025-08-08 15:47:42,203 - INFO - 🎯 [11/75] Applying to: Software Systems Engineer - LINK: https://www.dice.com/job-detail/b9485142-296b-4c42-8e27-c3e99eac22a1
2025-08-08 15:47:55,589 - INFO -    ✅ Successfully applied!
2025-08-08 15:48:04,758 - INFO - 🎯 [12/75] Applying to: AI Engineer - LINK: https://www.dice.com/job-detail/08ad66c0-bfb7-4763-bd11-0c9ce5d6d8aa
2025-08-08 15:48:20,881 - INFO -    ✅ Successfully applied!
2025-08-08 15:48:32,746 - INFO - 🎯 [13/75] Applying to: Enterprise Architect - LINK: https://www.dice.com/job-detail/5d565259-6fff-4f7f-b4f4-15d12032bbca
2025-08-08 15:48:48,190 - INFO -    ✅ Successfully applied!
2025-08-08 15:48:58,922 - INFO - 🎯 [14/75] Applying to: Miva Consultant - LINK: https://www.dice.com/job-detail/2b54b237-3d2a-453b-b08c-2d3f70475d88
2025-08-08 15:49:14,227 - INFO -    ✅ Successfully applied!
2025-08-08 15:49:22,689 - INFO - 🎯 [15/75] Applying to: Principal Software Engineer - LINK: https://www.dice.com/job-detail/46718301-52ee-4ccf-995c-138c5c557a1c
2025-08-08 15:49:37,833 - INFO -    ✅ Successfully applied!
2025-08-08 15:49:45,952 - INFO - 🎯 [16/75] Applying to: Data Engineer - LINK: https://www.dice.com/job-detail/46d0f5df-eeda-4328-8454-23c70ca55399
2025-08-08 15:50:04,792 - ERROR -    ❌ Cannot click apply button: Message: 
Stacktrace:
#0 0x55f3bd7ec2ca <unknown>
#1 0x55f3bd293550 <unknown>
#2 0x55f3bd2e50f0 <unknown>
#3 0x55f3bd2e52e1 <unknown>
#4 0x55f3bd3335e4 <unknown>
#5 0x55f3bd30abed <unknown>
#6 0x55f3bd3309e6 <unknown>
#7 0x55f3bd30a993 <unknown>
#8 0x55f3bd2d6d6b <unknown>
#9 0x55f3bd2d8141 <unknown>
#10 0x55f3bd7b12ab <unknown>
#11 0x55f3bd7b50b9 <unknown>
#12 0x55f3bd798139 <unknown>
#13 0x55f3bd7b5c68 <unknown>
#14 0x55f3bd77c60f <unknown>
#15 0x55f3bd7da1f8 <unknown>
#16 0x55f3bd7da3d6 <unknown>
#17 0x55f3bd7eb5e6 <unknown>
#18 0x7f256a69caa4 <unknown>
#19 0x7f256a729c3c <unknown>

2025-08-08 15:50:11,396 - INFO - 🎯 [17/75] Applying to: Senior Python Developer (with C# Experience) (w2 only) - LINK: https://www.dice.com/job-detail/9ee5ecea-226a-4e1d-a459-eef15c550ddb
2025-08-08 15:50:29,820 - ERROR -    ❌ Cannot click apply button: Message: 
Stacktrace:
#0 0x55f3bd7ec2ca <unknown>
#1 0x55f3bd293550 <unknown>
#2 0x55f3bd2e50f0 <unknown>
#3 0x55f3bd2e52e1 <unknown>
#4 0x55f3bd3335e4 <unknown>
#5 0x55f3bd30abed <unknown>
#6 0x55f3bd3309e6 <unknown>
#7 0x55f3bd30a993 <unknown>
#8 0x55f3bd2d6d6b <unknown>
#9 0x55f3bd2d8141 <unknown>
#10 0x55f3bd7b12ab <unknown>
#11 0x55f3bd7b50b9 <unknown>
#12 0x55f3bd798139 <unknown>
#13 0x55f3bd7b5c68 <unknown>
#14 0x55f3bd77c60f <unknown>
#15 0x55f3bd7da1f8 <unknown>
#16 0x55f3bd7da3d6 <unknown>
#17 0x55f3bd7eb5e6 <unknown>
#18 0x7f256a69caa4 <unknown>
#19 0x7f256a729c3c <unknown>

2025-08-08 15:50:42,208 - INFO - 🎯 [18/75] Applying to: Azure ADF Data Engineer - LINK: https://www.dice.com/job-detail/2bdf064a-1af7-4908-ac56-151491139de5
2025-08-08 15:50:57,488 - INFO -    ✅ Successfully applied!
2025-08-08 15:51:08,904 - INFO - 🎯 [19/75] Applying to: Data Analyst - LINK: https://www.dice.com/job-detail/3511f7be-1c13-4b82-acca-537e2fea86a7
2025-08-08 15:51:25,729 - INFO -    ✅ Successfully applied!
2025-08-08 15:51:35,968 - INFO - 🎯 [20/75] Applying to: Java Full-Stack Developer with a Data Science domain - LINK: https://www.dice.com/job-detail/f0fb0e02-5b63-442f-8de3-c7c49d589bea
2025-08-08 15:51:52,695 - INFO -    ✅ Successfully applied!
2025-08-08 15:52:02,100 - INFO - 🎯 [21/75] Applying to: Merchandise Assistant - LINK: https://www.dice.com/job-detail/a13244ef-eeaf-4edb-90fb-cd2ea7f3981c
2025-08-08 15:52:20,392 - ERROR -    ❌ Cannot click apply button: Message: 
Stacktrace:
#0 0x55f3bd7ec2ca <unknown>
#1 0x55f3bd293550 <unknown>
#2 0x55f3bd2e50f0 <unknown>
#3 0x55f3bd2e52e1 <unknown>
#4 0x55f3bd3335e4 <unknown>
#5 0x55f3bd30abed <unknown>
#6 0x55f3bd3309e6 <unknown>
#7 0x55f3bd30a993 <unknown>
#8 0x55f3bd2d6d6b <unknown>
#9 0x55f3bd2d8141 <unknown>
#10 0x55f3bd7b12ab <unknown>
#11 0x55f3bd7b50b9 <unknown>
#12 0x55f3bd798139 <unknown>
#13 0x55f3bd7b5c68 <unknown>
#14 0x55f3bd77c60f <unknown>
#15 0x55f3bd7da1f8 <unknown>
#16 0x55f3bd7da3d6 <unknown>
#17 0x55f3bd7eb5e6 <unknown>
#18 0x7f256a69caa4 <unknown>
#19 0x7f256a729c3c <unknown>

2025-08-08 15:52:32,133 - INFO - 🎯 [22/75] Applying to: Java Full Stack Developer - LINK: https://www.dice.com/job-detail/8d9ef395-1619-43ac-a781-67d4ec222c33
2025-08-08 15:52:50,253 - ERROR -    ❌ Cannot click apply button: Message: 
Stacktrace:
#0 0x55f3bd7ec2ca <unknown>
#1 0x55f3bd293550 <unknown>
#2 0x55f3bd2e50f0 <unknown>
#3 0x55f3bd2e52e1 <unknown>
#4 0x55f3bd3335e4 <unknown>
#5 0x55f3bd30abed <unknown>
#6 0x55f3bd3309e6 <unknown>
#7 0x55f3bd30a993 <unknown>
#8 0x55f3bd2d6d6b <unknown>
#9 0x55f3bd2d8141 <unknown>
#10 0x55f3bd7b12ab <unknown>
#11 0x55f3bd7b50b9 <unknown>
#12 0x55f3bd798139 <unknown>
#13 0x55f3bd7b5c68 <unknown>
#14 0x55f3bd77c60f <unknown>
#15 0x55f3bd7da1f8 <unknown>
#16 0x55f3bd7da3d6 <unknown>
#17 0x55f3bd7eb5e6 <unknown>
#18 0x7f256a69caa4 <unknown>
#19 0x7f256a729c3c <unknown>

2025-08-08 15:53:01,871 - INFO - 🎯 [23/75] Applying to: Senior Azure Engineer with AI - Boston, MA - LINK: https://www.dice.com/job-detail/b1eb038a-3e33-4685-9dbc-cb7b6b21b095
2025-08-08 15:53:16,629 - INFO -    ✅ Successfully applied!
2025-08-08 15:53:24,357 - INFO - 🎯 [24/75] Applying to: Senior Genesys Engineer - LINK: https://www.dice.com/job-detail/d0dd5fed-a9cd-4a59-bcf8-455bfdb489bf
2025-08-08 15:53:40,170 - INFO -    ✅ Successfully applied!
2025-08-08 15:53:53,259 - INFO - 🎯 [25/75] Applying to: Sr. Full Stack Developer - LINK: https://www.dice.com/job-detail/7eec3555-56f9-437e-bab9-f2a61a0d4eee
2025-08-08 15:54:10,741 - INFO -    ✅ Successfully applied!
2025-08-08 15:54:19,686 - INFO - 🎯 [26/75] Applying to: Entry Level Data Engineer - LINK: https://www.dice.com/job-detail/9b811f62-328f-42b6-8260-34660a22115f
2025-08-08 15:54:34,989 - INFO -    ✅ Successfully applied!
2025-08-08 15:54:45,476 - INFO - 🎯 [27/75] Applying to: Data Engineer - LINK: https://www.dice.com/job-detail/1e407808-ba4a-4107-a5b8-2217b52d092a
2025-08-08 15:55:04,256 - ERROR -    ❌ Cannot click apply button: Message: 
Stacktrace:
#0 0x55f3bd7ec2ca <unknown>
#1 0x55f3bd293550 <unknown>
#2 0x55f3bd2e50f0 <unknown>
#3 0x55f3bd2e52e1 <unknown>
#4 0x55f3bd3335e4 <unknown>
#5 0x55f3bd30abed <unknown>
#6 0x55f3bd3309e6 <unknown>
#7 0x55f3bd30a993 <unknown>
#8 0x55f3bd2d6d6b <unknown>
#9 0x55f3bd2d8141 <unknown>
#10 0x55f3bd7b12ab <unknown>
#11 0x55f3bd7b50b9 <unknown>
#12 0x55f3bd798139 <unknown>
#13 0x55f3bd7b5c68 <unknown>
#14 0x55f3bd77c60f <unknown>
#15 0x55f3bd7da1f8 <unknown>
#16 0x55f3bd7da3d6 <unknown>
#17 0x55f3bd7eb5e6 <unknown>
#18 0x7f256a69caa4 <unknown>
#19 0x7f256a729c3c <unknown>

2025-08-08 15:55:14,684 - INFO - 🎯 [28/75] Applying to: Data Scientist AI/ML - Dallas, TX - LINK: https://www.dice.com/job-detail/69bc0e3c-dfc9-4835-b1ab-3aa8b6ecca80
2025-08-08 15:55:33,843 - ERROR -    ❌ Cannot click apply button: Message: 
Stacktrace:
#0 0x55f3bd7ec2ca <unknown>
#1 0x55f3bd293550 <unknown>
#2 0x55f3bd2e50f0 <unknown>
#3 0x55f3bd2e52e1 <unknown>
#4 0x55f3bd3335e4 <unknown>
#5 0x55f3bd30abed <unknown>
#6 0x55f3bd3309e6 <unknown>
#7 0x55f3bd30a993 <unknown>
#8 0x55f3bd2d6d6b <unknown>
#9 0x55f3bd2d8141 <unknown>
#10 0x55f3bd7b12ab <unknown>
#11 0x55f3bd7b50b9 <unknown>
#12 0x55f3bd798139 <unknown>
#13 0x55f3bd7b5c68 <unknown>
#14 0x55f3bd77c60f <unknown>
#15 0x55f3bd7da1f8 <unknown>
#16 0x55f3bd7da3d6 <unknown>
#17 0x55f3bd7eb5e6 <unknown>
#18 0x7f256a69caa4 <unknown>
#19 0x7f256a729c3c <unknown>

2025-08-08 15:55:41,507 - INFO - 🎯 [29/75] Applying to: Software Engineer - LINK: https://www.dice.com/job-detail/c3e5c97f-5d8a-42b2-a1b9-0ca231b3d253
2025-08-08 15:56:00,562 - ERROR -    ❌ Cannot click apply button: Message: 
Stacktrace:
#0 0x55f3bd7ec2ca <unknown>
#1 0x55f3bd293550 <unknown>
#2 0x55f3bd2e50f0 <unknown>
#3 0x55f3bd2e52e1 <unknown>
#4 0x55f3bd3335e4 <unknown>
#5 0x55f3bd30abed <unknown>
#6 0x55f3bd3309e6 <unknown>
#7 0x55f3bd30a993 <unknown>
#8 0x55f3bd2d6d6b <unknown>
#9 0x55f3bd2d8141 <unknown>
#10 0x55f3bd7b12ab <unknown>
#11 0x55f3bd7b50b9 <unknown>
#12 0x55f3bd798139 <unknown>
#13 0x55f3bd7b5c68 <unknown>
#14 0x55f3bd77c60f <unknown>
#15 0x55f3bd7da1f8 <unknown>
#16 0x55f3bd7da3d6 <unknown>
#17 0x55f3bd7eb5e6 <unknown>
#18 0x7f256a69caa4 <unknown>
#19 0x7f256a729c3c <unknown>

2025-08-08 15:56:11,759 - INFO - 🎯 [30/75] Applying to: Senior BI Business Analyst - LINK: https://www.dice.com/job-detail/7b2e3c0f-8fbb-4d10-a73d-9b757bb07b69
2025-08-08 15:56:27,696 - INFO -    ✅ Successfully applied!
2025-08-08 15:56:38,878 - INFO - 🎯 [31/75] Applying to: Gen AI Solution Architect - LINK: https://www.dice.com/job-detail/db73698e-15d2-4088-8179-ee3f34e3c275
2025-08-08 15:56:57,740 - INFO -    ✅ Successfully applied!
2025-08-08 15:57:08,096 - INFO - 🎯 [32/75] Applying to: Technical Business Analyst @ Hartford, CT - Hybrid - Only Locals - LINK: https://www.dice.com/job-detail/17ebdff8-78f6-4656-a8a3-56d7aacebf22
2025-08-08 15:57:21,658 - INFO -    ✅ Successfully applied!
2025-08-08 15:57:29,258 - INFO - 🎯 [33/75] Applying to: Jr. REL Quality Control Specialist - LINK: https://www.dice.com/job-detail/751329fa-a85f-4e44-859a-80245aba215c
2025-08-08 15:57:45,993 - INFO -    ✅ Successfully applied!
2025-08-08 15:57:54,451 - INFO - 🎯 [34/75] Applying to: Sr. Big Data Engineer - Must have experience in Hadoop, Scala, Spark, Python, Kafka - Remote. - LINK: https://www.dice.com/job-detail/ceb8299b-90f3-4396-a86d-68f9b15219ca
2025-08-08 15:58:09,491 - INFO -    ✅ Successfully applied!
2025-08-08 15:58:18,364 - INFO - 🎯 [35/75] Applying to: Super urgent position for AI Engineer with Prompt Engineering - LINK: https://www.dice.com/job-detail/84440c0f-25fd-477d-b863-73244bf437da
2025-08-08 15:58:33,375 - INFO -    ✅ Successfully applied!
2025-08-08 15:58:42,118 - INFO - 🎯 [36/75] Applying to: Backend Python Developer - AI/ML - LINK: https://www.dice.com/job-detail/1b3de105-812d-4db3-9eb7-de6b9aeeec9c
2025-08-08 15:58:55,359 - INFO -    ✅ Successfully applied!
2025-08-08 15:59:07,215 - INFO - 🎯 [37/75] Applying to: Software Engineer - LINK: https://www.dice.com/job-detail/a40c0a6f-706a-4e0a-83db-04d85e40860e
2025-08-08 15:59:24,209 - INFO -    ✅ Successfully applied!
2025-08-08 15:59:34,641 - INFO - 🎯 [38/75] Applying to: Sr. Consultant - LINK: https://www.dice.com/job-detail/29dfaadb-8f52-4926-9479-c50d2d1df2a6
2025-08-08 15:59:50,464 - INFO -    ✅ Successfully applied!
2025-08-08 15:59:59,274 - INFO - 🎯 [39/75] Applying to: OTM Technical Cloud Functional Architect - LINK: https://www.dice.com/job-detail/d739f72a-caa2-4dfd-b27c-f8caae5ea672
2025-08-08 16:00:18,231 - ERROR -    ❌ Cannot click apply button: Message: 
Stacktrace:
#0 0x55f3bd7ec2ca <unknown>
#1 0x55f3bd293550 <unknown>
#2 0x55f3bd2e50f0 <unknown>
#3 0x55f3bd2e52e1 <unknown>
#4 0x55f3bd3335e4 <unknown>
#5 0x55f3bd30abed <unknown>
#6 0x55f3bd3309e6 <unknown>
#7 0x55f3bd30a993 <unknown>
#8 0x55f3bd2d6d6b <unknown>
#9 0x55f3bd2d8141 <unknown>
#10 0x55f3bd7b12ab <unknown>
#11 0x55f3bd7b50b9 <unknown>
#12 0x55f3bd798139 <unknown>
#13 0x55f3bd7b5c68 <unknown>
#14 0x55f3bd77c60f <unknown>
#15 0x55f3bd7da1f8 <unknown>
#16 0x55f3bd7da3d6 <unknown>
#17 0x55f3bd7eb5e6 <unknown>
#18 0x7f256a69caa4 <unknown>
#19 0x7f256a729c3c <unknown>

2025-08-08 16:00:31,237 - INFO - 🎯 [40/75] Applying to: MLOps & Data Science Consultant - LINK: https://www.dice.com/job-detail/f8c38c81-25ff-49ec-b232-5ffcc00e6118
2025-08-08 16:00:47,254 - INFO -    ✅ Successfully applied!
2025-08-08 16:00:56,694 - INFO - 🎯 [41/75] Applying to: ETRM Business Analyst ? Orchestrade Implementation-Houston, TX - LINK: https://www.dice.com/job-detail/c9e29ce3-c905-4336-8072-a018a5fdbb5e
2025-08-08 16:01:10,577 - INFO -    ✅ Successfully applied!
2025-08-08 16:01:22,947 - INFO - 🎯 [42/75] Applying to: Java Full Stack Engineer - W2 role - LINK: https://www.dice.com/job-detail/d2415bf9-32c6-43d7-8efd-04096fd40747
2025-08-08 16:01:38,653 - INFO -    ✅ Successfully applied!
2025-08-08 16:01:46,521 - INFO - 🎯 [43/75] Applying to: Full Stack Developer - LINK: https://www.dice.com/job-detail/deec14ec-94c8-4efa-9331-3b372d6635e8
2025-08-08 16:01:59,294 - INFO -    ✅ Successfully applied!
2025-08-08 16:02:07,584 - INFO - 🎯 [44/75] Applying to: Data Scientist - LINK: https://www.dice.com/job-detail/868539bb-6863-42d4-93b2-3dac6d6b09eb
2025-08-08 16:02:26,564 - ERROR -    ❌ Cannot click apply button: Message: 
Stacktrace:
#0 0x55f3bd7ec2ca <unknown>
#1 0x55f3bd293550 <unknown>
#2 0x55f3bd2e50f0 <unknown>
#3 0x55f3bd2e52e1 <unknown>
#4 0x55f3bd3335e4 <unknown>
#5 0x55f3bd30abed <unknown>
#6 0x55f3bd3309e6 <unknown>
#7 0x55f3bd30a993 <unknown>
#8 0x55f3bd2d6d6b <unknown>
#9 0x55f3bd2d8141 <unknown>
#10 0x55f3bd7b12ab <unknown>
#11 0x55f3bd7b50b9 <unknown>
#12 0x55f3bd798139 <unknown>
#13 0x55f3bd7b5c68 <unknown>
#14 0x55f3bd77c60f <unknown>
#15 0x55f3bd7da1f8 <unknown>
#16 0x55f3bd7da3d6 <unknown>
#17 0x55f3bd7eb5e6 <unknown>
#18 0x7f256a69caa4 <unknown>
#19 0x7f256a729c3c <unknown>

2025-08-08 16:02:33,938 - INFO - 🎯 [45/75] Applying to: Junior Data Scientist - LINK: https://www.dice.com/job-detail/b023fa7b-faed-4ed1-a9df-9744190c261c
2025-08-08 16:02:50,126 - INFO -    ✅ Successfully applied!
2025-08-08 16:02:59,186 - INFO - 🎯 [46/75] Applying to: Senior Kafka Solutions Architect ONSITE in Maryland - LINK: https://www.dice.com/job-detail/e2be8c01-d27f-4f48-ba0a-6bed221e721a
2025-08-08 16:03:14,075 - INFO -    ✅ Successfully applied!
2025-08-08 16:03:23,395 - INFO - 🎯 [47/75] Applying to: Data Engineer - LINK: https://www.dice.com/job-detail/ddb9d77d-cf0a-4213-8741-38a620d4b11f
2025-08-08 16:03:39,968 - INFO -    ✅ Successfully applied!
2025-08-08 16:03:48,438 - INFO - 🎯 [48/75] Applying to: Senior Business Analyst - LINK: https://www.dice.com/job-detail/b998d1c3-ac33-45dd-8a00-eb361d87a6d0
2025-08-08 16:04:06,300 - ERROR -    ❌ Cannot click apply button: Message: 
Stacktrace:
#0 0x55f3bd7ec2ca <unknown>
#1 0x55f3bd293550 <unknown>
#2 0x55f3bd2e50f0 <unknown>
#3 0x55f3bd2e52e1 <unknown>
#4 0x55f3bd3335e4 <unknown>
#5 0x55f3bd30abed <unknown>
#6 0x55f3bd3309e6 <unknown>
#7 0x55f3bd30a993 <unknown>
#8 0x55f3bd2d6d6b <unknown>
#9 0x55f3bd2d8141 <unknown>
#10 0x55f3bd7b12ab <unknown>
#11 0x55f3bd7b50b9 <unknown>
#12 0x55f3bd798139 <unknown>
#13 0x55f3bd7b5c68 <unknown>
#14 0x55f3bd77c60f <unknown>
#15 0x55f3bd7da1f8 <unknown>
#16 0x55f3bd7da3d6 <unknown>
#17 0x55f3bd7eb5e6 <unknown>
#18 0x7f256a69caa4 <unknown>
#19 0x7f256a729c3c <unknown>

2025-08-08 16:04:15,769 - INFO - 🎯 [49/75] Applying to: Data Analyst I - LINK: https://www.dice.com/job-detail/9014a2ec-caa0-4299-a9f1-feb9e0a72742
2025-08-08 16:04:34,019 - ERROR -    ❌ Cannot click apply button: Message: 
Stacktrace:
#0 0x55f3bd7ec2ca <unknown>
#1 0x55f3bd293550 <unknown>
#2 0x55f3bd2e50f0 <unknown>
#3 0x55f3bd2e52e1 <unknown>
#4 0x55f3bd3335e4 <unknown>
#5 0x55f3bd30abed <unknown>
#6 0x55f3bd3309e6 <unknown>
#7 0x55f3bd30a993 <unknown>
#8 0x55f3bd2d6d6b <unknown>
#9 0x55f3bd2d8141 <unknown>
#10 0x55f3bd7b12ab <unknown>
#11 0x55f3bd7b50b9 <unknown>
#12 0x55f3bd798139 <unknown>
#13 0x55f3bd7b5c68 <unknown>
#14 0x55f3bd77c60f <unknown>
#15 0x55f3bd7da1f8 <unknown>
#16 0x55f3bd7da3d6 <unknown>
#17 0x55f3bd7eb5e6 <unknown>
#18 0x7f256a69caa4 <unknown>
#19 0x7f256a729c3c <unknown>

2025-08-08 16:04:41,767 - INFO - 🎯 [50/75] Applying to: Senior Pega Developer - LINK: https://www.dice.com/job-detail/427ff1cc-6500-4d8e-9382-a9f46e5ced7e
2025-08-08 16:05:01,170 - ERROR -    ❌ Cannot click apply button: Message: 
Stacktrace:
#0 0x55f3bd7ec2ca <unknown>
#1 0x55f3bd293550 <unknown>
#2 0x55f3bd2e50f0 <unknown>
#3 0x55f3bd2e52e1 <unknown>
#4 0x55f3bd3335e4 <unknown>
#5 0x55f3bd30abed <unknown>
#6 0x55f3bd3309e6 <unknown>
#7 0x55f3bd30a993 <unknown>
#8 0x55f3bd2d6d6b <unknown>
#9 0x55f3bd2d8141 <unknown>
#10 0x55f3bd7b12ab <unknown>
#11 0x55f3bd7b50b9 <unknown>
#12 0x55f3bd798139 <unknown>
#13 0x55f3bd7b5c68 <unknown>
#14 0x55f3bd77c60f <unknown>
#15 0x55f3bd7da1f8 <unknown>
#16 0x55f3bd7da3d6 <unknown>
#17 0x55f3bd7eb5e6 <unknown>
#18 0x7f256a69caa4 <unknown>
#19 0x7f256a729c3c <unknown>

2025-08-08 16:05:12,051 - INFO - 🎯 [51/75] Applying to: Software Engineer - LINK: https://www.dice.com/job-detail/448b3c0c-0869-4d39-89cd-30e20544f245
2025-08-08 16:05:30,373 - ERROR -    ❌ Cannot click apply button: Message: 
Stacktrace:
#0 0x55f3bd7ec2ca <unknown>
#1 0x55f3bd293550 <unknown>
#2 0x55f3bd2e50f0 <unknown>
#3 0x55f3bd2e52e1 <unknown>
#4 0x55f3bd3335e4 <unknown>
#5 0x55f3bd30abed <unknown>
#6 0x55f3bd3309e6 <unknown>
#7 0x55f3bd30a993 <unknown>
#8 0x55f3bd2d6d6b <unknown>
#9 0x55f3bd2d8141 <unknown>
#10 0x55f3bd7b12ab <unknown>
#11 0x55f3bd7b50b9 <unknown>
#12 0x55f3bd798139 <unknown>
#13 0x55f3bd7b5c68 <unknown>
#14 0x55f3bd77c60f <unknown>
#15 0x55f3bd7da1f8 <unknown>
#16 0x55f3bd7da3d6 <unknown>
#17 0x55f3bd7eb5e6 <unknown>
#18 0x7f256a69caa4 <unknown>
#19 0x7f256a729c3c <unknown>

2025-08-08 16:05:40,305 - INFO - 🎯 [52/75] Applying to: Senior Business Analyst - LINK: https://www.dice.com/job-detail/3e0afca0-a436-49c6-9649-02c175150365
2025-08-08 16:05:57,613 - INFO -    ✅ Successfully applied!
2025-08-08 16:06:06,593 - INFO - 🎯 [53/75] Applying to: Techno-Functional Data Engineer ( Commercial SME) - LINK: https://www.dice.com/job-detail/2822517c-973e-4add-8019-7fc9ee310951
2025-08-08 16:06:26,265 - ERROR -    ❌ Cannot click apply button: Message: 
Stacktrace:
#0 0x55f3bd7ec2ca <unknown>
#1 0x55f3bd293550 <unknown>
#2 0x55f3bd2e50f0 <unknown>
#3 0x55f3bd2e52e1 <unknown>
#4 0x55f3bd3335e4 <unknown>
#5 0x55f3bd30abed <unknown>
#6 0x55f3bd3309e6 <unknown>
#7 0x55f3bd30a993 <unknown>
#8 0x55f3bd2d6d6b <unknown>
#9 0x55f3bd2d8141 <unknown>
#10 0x55f3bd7b12ab <unknown>
#11 0x55f3bd7b50b9 <unknown>
#12 0x55f3bd798139 <unknown>
#13 0x55f3bd7b5c68 <unknown>
#14 0x55f3bd77c60f <unknown>
#15 0x55f3bd7da1f8 <unknown>
#16 0x55f3bd7da3d6 <unknown>
#17 0x55f3bd7eb5e6 <unknown>
#18 0x7f256a69caa4 <unknown>
#19 0x7f256a729c3c <unknown>

2025-08-08 16:06:37,689 - INFO - 🎯 [54/75] Applying to: Software Engineer 3 - Contingent - LINK: https://www.dice.com/job-detail/a15b584e-61ea-44e8-92c0-1959fba6901a
2025-08-08 16:06:52,400 - INFO -    ✅ Successfully applied!
2025-08-08 16:07:04,406 - INFO - 🎯 [55/75] Applying to: Lead Data Engineer W2 - LINK: https://www.dice.com/job-detail/187e67b3-41b0-4670-9c6a-93ca4f372844
2025-08-08 16:07:21,316 - INFO -    ✅ Successfully applied!
2025-08-08 16:07:31,228 - INFO - 🎯 [56/75] Applying to: Reliability Test Engineer - Instron/ME Test - LINK: https://www.dice.com/job-detail/a3c00e67-85e3-468c-972c-e7e396c5342b
2025-08-08 16:07:46,619 - INFO -    ✅ Successfully applied!
2025-08-08 16:07:56,687 - INFO - 🎯 [57/75] Applying to: Journeyman: Computer Network Support Specialist - LINK: https://www.dice.com/job-detail/03bdcdd1-00d6-4ac9-97be-4f3f720def55
2025-08-08 16:08:14,588 - ERROR -    ❌ Cannot click apply button: Message: 
Stacktrace:
#0 0x55f3bd7ec2ca <unknown>
#1 0x55f3bd293550 <unknown>
#2 0x55f3bd2e50f0 <unknown>
#3 0x55f3bd2e52e1 <unknown>
#4 0x55f3bd3335e4 <unknown>
#5 0x55f3bd30abed <unknown>
#6 0x55f3bd3309e6 <unknown>
#7 0x55f3bd30a993 <unknown>
#8 0x55f3bd2d6d6b <unknown>
#9 0x55f3bd2d8141 <unknown>
#10 0x55f3bd7b12ab <unknown>
#11 0x55f3bd7b50b9 <unknown>
#12 0x55f3bd798139 <unknown>
#13 0x55f3bd7b5c68 <unknown>
#14 0x55f3bd77c60f <unknown>
#15 0x55f3bd7da1f8 <unknown>
#16 0x55f3bd7da3d6 <unknown>
#17 0x55f3bd7eb5e6 <unknown>
#18 0x7f256a69caa4 <unknown>
#19 0x7f256a729c3c <unknown>

2025-08-08 16:08:27,780 - INFO - 🎯 [58/75] Applying to: Senior Business Analyst UX & SDLC - LINK: https://www.dice.com/job-detail/0caec43a-de6c-4587-8715-f82889853168
2025-08-08 16:08:44,037 - INFO -    ✅ Successfully applied!
2025-08-08 16:08:55,514 - INFO - 🎯 [59/75] Applying to: Data Engineer - LINK: https://www.dice.com/job-detail/a8d21b6e-7b8c-426f-9a8b-01634cbde312
2025-08-08 16:09:14,749 - ERROR -    ❌ Cannot click apply button: Message: 
Stacktrace:
#0 0x55f3bd7ec2ca <unknown>
#1 0x55f3bd293550 <unknown>
#2 0x55f3bd2e50f0 <unknown>
#3 0x55f3bd2e52e1 <unknown>
#4 0x55f3bd3335e4 <unknown>
#5 0x55f3bd30abed <unknown>
#6 0x55f3bd3309e6 <unknown>
#7 0x55f3bd30a993 <unknown>
#8 0x55f3bd2d6d6b <unknown>
#9 0x55f3bd2d8141 <unknown>
#10 0x55f3bd7b12ab <unknown>
#11 0x55f3bd7b50b9 <unknown>
#12 0x55f3bd798139 <unknown>
#13 0x55f3bd7b5c68 <unknown>
#14 0x55f3bd77c60f <unknown>
#15 0x55f3bd7da1f8 <unknown>
#16 0x55f3bd7da3d6 <unknown>
#17 0x55f3bd7eb5e6 <unknown>
#18 0x7f256a69caa4 <unknown>
#19 0x7f256a729c3c <unknown>

2025-08-08 16:09:24,283 - INFO - 🎯 [60/75] Applying to: AI Engineer, Medical Imaging - LINK: https://www.dice.com/job-detail/8acf79b6-eac6-43bd-b7e5-f0679af52023
2025-08-08 16:09:37,777 - INFO -    ✅ Successfully applied!
2025-08-08 16:09:47,143 - INFO - 🎯 [61/75] Applying to: Urgent need for Generative AI developer - Remote - LINK: https://www.dice.com/job-detail/e5ab7928-9c5f-4ab3-93d4-882fd0194ab5
2025-08-08 16:10:05,671 - ERROR -    ❌ Cannot click apply button: Message: 
Stacktrace:
#0 0x55f3bd7ec2ca <unknown>
#1 0x55f3bd293550 <unknown>
#2 0x55f3bd2e50f0 <unknown>
#3 0x55f3bd2e52e1 <unknown>
#4 0x55f3bd3335e4 <unknown>
#5 0x55f3bd30abed <unknown>
#6 0x55f3bd3309e6 <unknown>
#7 0x55f3bd30a993 <unknown>
#8 0x55f3bd2d6d6b <unknown>
#9 0x55f3bd2d8141 <unknown>
#10 0x55f3bd7b12ab <unknown>
#11 0x55f3bd7b50b9 <unknown>
#12 0x55f3bd798139 <unknown>
#13 0x55f3bd7b5c68 <unknown>
#14 0x55f3bd77c60f <unknown>
#15 0x55f3bd7da1f8 <unknown>
#16 0x55f3bd7da3d6 <unknown>
#17 0x55f3bd7eb5e6 <unknown>
#18 0x7f256a69caa4 <unknown>
#19 0x7f256a729c3c <unknown>

2025-08-08 16:10:15,147 - INFO - 🎯 [62/75] Applying to: Data Scientist(Need W2 Candidates) - LINK: https://www.dice.com/job-detail/9ef8c326-dec3-43eb-92f2-524de2bc54ef
2025-08-08 16:10:33,525 - ERROR -    ❌ Cannot click apply button: Message: 
Stacktrace:
#0 0x55f3bd7ec2ca <unknown>
#1 0x55f3bd293550 <unknown>
#2 0x55f3bd2e50f0 <unknown>
#3 0x55f3bd2e52e1 <unknown>
#4 0x55f3bd3335e4 <unknown>
#5 0x55f3bd30abed <unknown>
#6 0x55f3bd3309e6 <unknown>
#7 0x55f3bd30a993 <unknown>
#8 0x55f3bd2d6d6b <unknown>
#9 0x55f3bd2d8141 <unknown>
#10 0x55f3bd7b12ab <unknown>
#11 0x55f3bd7b50b9 <unknown>
#12 0x55f3bd798139 <unknown>
#13 0x55f3bd7b5c68 <unknown>
#14 0x55f3bd77c60f <unknown>
#15 0x55f3bd7da1f8 <unknown>
#16 0x55f3bd7da3d6 <unknown>
#17 0x55f3bd7eb5e6 <unknown>
#18 0x7f256a69caa4 <unknown>
#19 0x7f256a729c3c <unknown>

2025-08-08 16:10:44,416 - INFO - 🎯 [63/75] Applying to: Senior Automation Tester(Playwright) - LINK: https://www.dice.com/job-detail/4ca10322-1a92-4dab-b5b8-abd153df7a47
2025-08-08 16:10:59,537 - INFO -    ✅ Successfully applied!
2025-08-08 16:11:09,998 - INFO - 🎯 [64/75] Applying to: Marketing Data Analyst with SQL, ETL, Data sets, and BigQuery-Omni Channel Campaigns- marketing automation - LINK: https://www.dice.com/job-detail/14156389-0a07-4969-8597-38257a868a19
2025-08-08 16:11:23,244 - INFO -    ✅ Successfully applied!
2025-08-08 16:11:33,115 - INFO - 🎯 [65/75] Applying to: Radio Engineer - LINK: https://www.dice.com/job-detail/a8023051-f252-42f1-9af0-98e56728c9c1
2025-08-08 16:11:49,936 - INFO -    ✅ Successfully applied!
2025-08-08 16:11:58,797 - INFO - 🎯 [66/75] Applying to: Jr Adobe Analytics/AEM Developer - LINK: https://www.dice.com/job-detail/a25cee6b-cf0b-4fd0-a4ec-46d91fc1e7cb
2025-08-08 16:12:12,909 - INFO -    ✅ Successfully applied!
2025-08-08 16:12:22,038 - INFO - 🎯 [67/75] Applying to: AI Engineer - LINK: https://www.dice.com/job-detail/e35e250e-cf94-4297-9110-9ccf8d44188a
2025-08-08 16:12:38,881 - INFO -    ✅ Successfully applied!
2025-08-08 16:12:51,432 - INFO - 🎯 [68/75] Applying to: Integration Platform Engineer - LINK: https://www.dice.com/job-detail/ec8fb6e7-26d3-462d-afeb-49628b24e827
2025-08-08 16:13:08,601 - INFO -    ✅ Successfully applied!
2025-08-08 16:13:19,099 - INFO - 🎯 [69/75] Applying to: ***Sr Cloud AWS Lambda-Python Developer (10 positions)***Remote** - LINK: https://www.dice.com/job-detail/953ce0ba-4cbc-4bc3-b748-f3f7e392349c
2025-08-08 16:13:36,165 - INFO -    ✅ Successfully applied!
2025-08-08 16:13:45,240 - INFO - 🎯 [70/75] Applying to: ServiceNow Technical Architect - LINK: https://www.dice.com/job-detail/8b4016d3-dd5a-40c3-a495-a1f382615404
2025-08-08 16:14:04,819 - ERROR -    ❌ Cannot click apply button: Message: 
Stacktrace:
#0 0x55f3bd7ec2ca <unknown>
#1 0x55f3bd293550 <unknown>
#2 0x55f3bd2e50f0 <unknown>
#3 0x55f3bd2e52e1 <unknown>
#4 0x55f3bd3335e4 <unknown>
#5 0x55f3bd30abed <unknown>
#6 0x55f3bd3309e6 <unknown>
#7 0x55f3bd30a993 <unknown>
#8 0x55f3bd2d6d6b <unknown>
#9 0x55f3bd2d8141 <unknown>
#10 0x55f3bd7b12ab <unknown>
#11 0x55f3bd7b50b9 <unknown>
#12 0x55f3bd798139 <unknown>
#13 0x55f3bd7b5c68 <unknown>
#14 0x55f3bd77c60f <unknown>
#15 0x55f3bd7da1f8 <unknown>
#16 0x55f3bd7da3d6 <unknown>
#17 0x55f3bd7eb5e6 <unknown>
#18 0x7f256a69caa4 <unknown>
#19 0x7f256a729c3c <unknown>

2025-08-08 16:14:13,745 - INFO - 🎯 [71/75] Applying to: Data Analyst (Must Have experience with Python, Snowflake and Google Cloud Platform) - LINK: https://www.dice.com/job-detail/20227c86-2de9-4e2d-9a21-5b689807e166
2025-08-08 16:14:32,800 - ERROR -    ❌ Cannot click apply button: Message: 
Stacktrace:
#0 0x55f3bd7ec2ca <unknown>
#1 0x55f3bd293550 <unknown>
#2 0x55f3bd2e50f0 <unknown>
#3 0x55f3bd2e52e1 <unknown>
#4 0x55f3bd3335e4 <unknown>
#5 0x55f3bd30abed <unknown>
#6 0x55f3bd3309e6 <unknown>
#7 0x55f3bd30a993 <unknown>
#8 0x55f3bd2d6d6b <unknown>
#9 0x55f3bd2d8141 <unknown>
#10 0x55f3bd7b12ab <unknown>
#11 0x55f3bd7b50b9 <unknown>
#12 0x55f3bd798139 <unknown>
#13 0x55f3bd7b5c68 <unknown>
#14 0x55f3bd77c60f <unknown>
#15 0x55f3bd7da1f8 <unknown>
#16 0x55f3bd7da3d6 <unknown>
#17 0x55f3bd7eb5e6 <unknown>
#18 0x7f256a69caa4 <unknown>
#19 0x7f256a729c3c <unknown>

2025-08-08 16:14:42,464 - INFO - 🎯 [72/75] Applying to: Lead Consultant (Site Reliability Engineer) - LINK: https://www.dice.com/job-detail/aed299a6-cf1a-4139-b5d0-04e5149fd5b1
2025-08-08 16:14:58,269 - INFO -    ✅ Successfully applied!
2025-08-08 16:15:08,326 - INFO - 🎯 [73/75] Applying to: Java with Gen AI - LINK: https://www.dice.com/job-detail/b9f70328-fa54-49eb-99f2-55b4676e0816
2025-08-08 16:15:27,287 - ERROR -    ❌ Cannot click apply button: Message: 
Stacktrace:
#0 0x55f3bd7ec2ca <unknown>
#1 0x55f3bd293550 <unknown>
#2 0x55f3bd2e50f0 <unknown>
#3 0x55f3bd2e52e1 <unknown>
#4 0x55f3bd3335e4 <unknown>
#5 0x55f3bd30abed <unknown>
#6 0x55f3bd3309e6 <unknown>
#7 0x55f3bd30a993 <unknown>
#8 0x55f3bd2d6d6b <unknown>
#9 0x55f3bd2d8141 <unknown>
#10 0x55f3bd7b12ab <unknown>
#11 0x55f3bd7b50b9 <unknown>
#12 0x55f3bd798139 <unknown>
#13 0x55f3bd7b5c68 <unknown>
#14 0x55f3bd77c60f <unknown>
#15 0x55f3bd7da1f8 <unknown>
#16 0x55f3bd7da3d6 <unknown>
#17 0x55f3bd7eb5e6 <unknown>
#18 0x7f256a69caa4 <unknown>
#19 0x7f256a729c3c <unknown>

2025-08-08 16:15:38,810 - INFO - 🎯 [74/75] Applying to: Business Analyst - LINK: https://www.dice.com/job-detail/94d087c2-0558-4f99-a6a5-330ab4b5584b
2025-08-08 16:15:53,920 - INFO -    ✅ Successfully applied!
2025-08-08 16:16:05,760 - INFO - 🎯 [75/75] Applying to: Site Reliability Engineer SRE ML platformAt Austin, TX OR Sunnyvale, CA - LINK: https://www.dice.com/job-detail/f8ef7eb1-b790-498f-bebb-728a51f265a5
2025-08-08 16:16:22,829 - INFO -    ✅ Successfully applied!
2025-08-08 16:16:25,409 - INFO - 📊 Processing results...
2025-08-08 16:16:25,472 - INFO - 🎉 Application run completed!
2025-08-08 16:16:25,472 - INFO -    ✅ Newly applied: 52
2025-08-08 16:16:25,472 - INFO -    ⏭️  Already applied: 0
2025-08-08 16:16:25,472 - INFO -    ❌ Failed: 23
2025-08-08 16:16:25,472 - INFO -    📊 Total processed: 75
2025-08-08 16:16:25,472 - INFO -    📁 Total jobs in CSV: 4942
2025-08-08 16:16:25,472 - INFO -    💾 Updated: output/final_ml_jobs.csv
2025-08-08 16:16:25,472 - INFO - 🔧 Closing browser...
