2025-08-02 19:41:40,369 - INFO - 🚀 Starting stealth job application bot
2025-08-02 19:41:48,137 - INFO - 📂 Loading jobs from output/final_ml_jobs.csv
2025-08-02 19:41:48,168 - INFO -    📊 Total jobs in file: 4467
2025-08-02 19:41:48,171 - INFO -    🎯 Easy Apply jobs: 4467
2025-08-02 19:41:48,172 - INFO -    ⏳ Jobs to process: 2634 (status: pending)
2025-08-02 19:41:48,173 - INFO - 🎲 Will attempt 91 applications this run (target: 91)
2025-08-02 19:41:48,173 - INFO - 🔑 Logging into Dice...
2025-08-02 19:41:51,421 - INFO - ✅ Login successful
2025-08-02 19:41:55,319 - INFO - 🔄 Starting job applications...
2025-08-02 19:41:55,320 - INFO - 🎯 [1/91] Applying to: Google Cloud Platform Architect with .Net in Atlanta, GA - LINK: https://www.dice.com/job-detail/1cfa4efc-ff46-4454-b1c8-17850303bf9d
2025-08-02 19:42:12,271 - INFO -    ✅ Successfully applied!
2025-08-02 19:42:22,992 - INFO - 🎯 [2/91] Applying to: Computer System Validation (CSV) Engineer - LINK: https://www.dice.com/job-detail/b2a37e86-a149-4636-88a1-32cf9a57659d
2025-08-02 19:42:41,832 - ERROR -    ❌ Cannot click apply button: Message: 
Stacktrace:
#0 0x560e5e05e2ca <unknown>
#1 0x560e5db05550 <unknown>
#2 0x560e5db570f0 <unknown>
#3 0x560e5db572e1 <unknown>
#4 0x560e5dba55e4 <unknown>
#5 0x560e5db7cbed <unknown>
#6 0x560e5dba29e6 <unknown>
#7 0x560e5db7c993 <unknown>
#8 0x560e5db48d6b <unknown>
#9 0x560e5db4a141 <unknown>
#10 0x560e5e0232ab <unknown>
#11 0x560e5e0270b9 <unknown>
#12 0x560e5e00a139 <unknown>
#13 0x560e5e027c68 <unknown>
#14 0x560e5dfee60f <unknown>
#15 0x560e5e04c1f8 <unknown>
#16 0x560e5e04c3d6 <unknown>
#17 0x560e5e05d5e6 <unknown>
#18 0x7f91ee89caa4 <unknown>
#19 0x7f91ee929c3c <unknown>

2025-08-02 19:42:52,675 - INFO - 🎯 [3/91] Applying to: Product Development Engineer - LINK: https://www.dice.com/job-detail/3889dfd7-aee2-4908-b549-77d7a15593c4
2025-08-02 19:43:08,412 - INFO -    ✅ Successfully applied!
2025-08-02 19:43:16,742 - INFO - 🎯 [4/91] Applying to: Full Stack .Net Developer - LINK: https://www.dice.com/job-detail/4081b87b-d01d-48e4-8e26-ff8c4aa8a17e
2025-08-02 19:43:31,743 - INFO -    ✅ Successfully applied!
2025-08-02 19:43:43,450 - INFO - 🎯 [5/91] Applying to: Junior Business & Data Analyst - LINK: https://www.dice.com/job-detail/d4ba3bf0-8a35-479f-bcc3-8884e56d861a
2025-08-02 19:44:02,190 - INFO -    ✅ Successfully applied!
2025-08-02 19:44:12,062 - INFO - 🎯 [6/91] Applying to: Job : Senior Electrical Engineer: Gainesville, GA, 30501/Greenville, SC : Contract: Onsite - LINK: https://www.dice.com/job-detail/e3515ec9-010d-4bb2-b8e3-be64864e2b83
2025-08-02 19:44:25,402 - INFO -    ✅ Successfully applied!
2025-08-02 19:44:36,643 - INFO - 🎯 [7/91] Applying to: Lead MS Dynamics 365 Business Central Functional Consultant - LINK: https://www.dice.com/job-detail/9d23a98e-72a4-4437-9f68-b7d5a16081f2
2025-08-02 19:44:50,847 - INFO -    ✅ Successfully applied!
2025-08-02 19:45:01,086 - INFO - 🎯 [8/91] Applying to: Data Analytics Cloud Architect - LINK: https://www.dice.com/job-detail/4af89a58-98e2-409e-816a-584dd933f6f4
2025-08-02 19:45:19,627 - ERROR -    ❌ Cannot click apply button: Message: 
Stacktrace:
#0 0x560e5e05e2ca <unknown>
#1 0x560e5db05550 <unknown>
#2 0x560e5db570f0 <unknown>
#3 0x560e5db572e1 <unknown>
#4 0x560e5dba55e4 <unknown>
#5 0x560e5db7cbed <unknown>
#6 0x560e5dba29e6 <unknown>
#7 0x560e5db7c993 <unknown>
#8 0x560e5db48d6b <unknown>
#9 0x560e5db4a141 <unknown>
#10 0x560e5e0232ab <unknown>
#11 0x560e5e0270b9 <unknown>
#12 0x560e5e00a139 <unknown>
#13 0x560e5e027c68 <unknown>
#14 0x560e5dfee60f <unknown>
#15 0x560e5e04c1f8 <unknown>
#16 0x560e5e04c3d6 <unknown>
#17 0x560e5e05d5e6 <unknown>
#18 0x7f91ee89caa4 <unknown>
#19 0x7f91ee929c3c <unknown>

2025-08-02 19:45:31,173 - INFO - 🎯 [9/91] Applying to: Fullstack Developer - LINK: https://www.dice.com/job-detail/7451bad5-36a6-4306-8a3b-27c4c827ed7c
2025-08-02 19:45:47,497 - INFO -    ✅ Successfully applied!
2025-08-02 19:45:55,966 - INFO - 🎯 [10/91] Applying to: Java Developers - LINK: https://www.dice.com/job-detail/9cb3c141-333d-4836-95d7-4a7d977def71
2025-08-02 19:46:09,605 - INFO -    ✅ Successfully applied!
2025-08-02 19:46:18,804 - INFO - 🎯 [11/91] Applying to: AIOps Engineer - LINK: https://www.dice.com/job-detail/72df08c8-adad-427b-b16e-c97a354d89f1
2025-08-02 19:46:39,210 - ERROR -    ❌ Cannot click apply button: Message: 
Stacktrace:
#0 0x560e5e05e2ca <unknown>
#1 0x560e5db05550 <unknown>
#2 0x560e5db570f0 <unknown>
#3 0x560e5db572e1 <unknown>
#4 0x560e5dba55e4 <unknown>
#5 0x560e5db7cbed <unknown>
#6 0x560e5dba29e6 <unknown>
#7 0x560e5db7c993 <unknown>
#8 0x560e5db48d6b <unknown>
#9 0x560e5db4a141 <unknown>
#10 0x560e5e0232ab <unknown>
#11 0x560e5e0270b9 <unknown>
#12 0x560e5e00a139 <unknown>
#13 0x560e5e027c68 <unknown>
#14 0x560e5dfee60f <unknown>
#15 0x560e5e04c1f8 <unknown>
#16 0x560e5e04c3d6 <unknown>
#17 0x560e5e05d5e6 <unknown>
#18 0x7f91ee89caa4 <unknown>
#19 0x7f91ee929c3c <unknown>

2025-08-02 19:46:50,204 - INFO - 🎯 [12/91] Applying to: Business Systems Analyst - LINK: https://www.dice.com/job-detail/a5fbea58-3361-4daf-90b4-83c8504c75ca
2025-08-02 19:47:04,851 - INFO -    ✅ Successfully applied!
2025-08-02 19:47:12,695 - INFO - 🎯 [13/91] Applying to: CW - Data & Analytics Consultant - LINK: https://www.dice.com/job-detail/a62ff1b2-3cb0-471e-a2af-ae51993fbbdb
2025-08-02 19:47:30,535 - ERROR -    ❌ Cannot click apply button: Message: 
Stacktrace:
#0 0x560e5e05e2ca <unknown>
#1 0x560e5db05550 <unknown>
#2 0x560e5db570f0 <unknown>
#3 0x560e5db572e1 <unknown>
#4 0x560e5dba55e4 <unknown>
#5 0x560e5db7cbed <unknown>
#6 0x560e5dba29e6 <unknown>
#7 0x560e5db7c993 <unknown>
#8 0x560e5db48d6b <unknown>
#9 0x560e5db4a141 <unknown>
#10 0x560e5e0232ab <unknown>
#11 0x560e5e0270b9 <unknown>
#12 0x560e5e00a139 <unknown>
#13 0x560e5e027c68 <unknown>
#14 0x560e5dfee60f <unknown>
#15 0x560e5e04c1f8 <unknown>
#16 0x560e5e04c3d6 <unknown>
#17 0x560e5e05d5e6 <unknown>
#18 0x7f91ee89caa4 <unknown>
#19 0x7f91ee929c3c <unknown>

2025-08-02 19:47:43,085 - INFO - 🎯 [14/91] Applying to: .Net Solution Architect with Azure - W2 Contract - LINK: https://www.dice.com/job-detail/58e72a91-45fc-45fe-a81d-1de4cacbf4a5
2025-08-02 19:47:57,478 - INFO -    ✅ Successfully applied!
2025-08-02 19:48:07,839 - INFO - 🎯 [15/91] Applying to: AI transformation Architect - LINK: https://www.dice.com/job-detail/7d278bbc-abc5-4c5d-905a-7d4e592da66d
2025-08-02 19:48:27,158 - ERROR -    ❌ Cannot click apply button: Message: 
Stacktrace:
#0 0x560e5e05e2ca <unknown>
#1 0x560e5db05550 <unknown>
#2 0x560e5db570f0 <unknown>
#3 0x560e5db572e1 <unknown>
#4 0x560e5dba55e4 <unknown>
#5 0x560e5db7cbed <unknown>
#6 0x560e5dba29e6 <unknown>
#7 0x560e5db7c993 <unknown>
#8 0x560e5db48d6b <unknown>
#9 0x560e5db4a141 <unknown>
#10 0x560e5e0232ab <unknown>
#11 0x560e5e0270b9 <unknown>
#12 0x560e5e00a139 <unknown>
#13 0x560e5e027c68 <unknown>
#14 0x560e5dfee60f <unknown>
#15 0x560e5e04c1f8 <unknown>
#16 0x560e5e04c3d6 <unknown>
#17 0x560e5e05d5e6 <unknown>
#18 0x7f91ee89caa4 <unknown>
#19 0x7f91ee929c3c <unknown>

2025-08-02 19:48:40,569 - INFO - 🎯 [16/91] Applying to: Web Application Engineer (Locals Only) - LINK: https://www.dice.com/job-detail/aa01f965-afba-4fe1-86e7-13da7a2afa75
2025-08-02 19:48:55,730 - INFO -    ✅ Successfully applied!
2025-08-02 19:49:06,953 - INFO - 🎯 [17/91] Applying to: W2- Senior Solutions Engineer/Lead- Java - LINK: https://www.dice.com/job-detail/ceba553e-fdc0-4df9-9227-bfac5d21bc54
2025-08-02 19:49:20,952 - INFO -    ✅ Successfully applied!
2025-08-02 19:49:29,643 - INFO - 🎯 [18/91] Applying to: AIOps Engineer - LINK: https://www.dice.com/job-detail/fd0f1d66-e50b-4aaa-b8c6-ab8bed1d8889
2025-08-02 19:49:49,064 - ERROR -    ❌ Cannot click apply button: Message: 
Stacktrace:
#0 0x560e5e05e2ca <unknown>
#1 0x560e5db05550 <unknown>
#2 0x560e5db570f0 <unknown>
#3 0x560e5db572e1 <unknown>
#4 0x560e5dba55e4 <unknown>
#5 0x560e5db7cbed <unknown>
#6 0x560e5dba29e6 <unknown>
#7 0x560e5db7c993 <unknown>
#8 0x560e5db48d6b <unknown>
#9 0x560e5db4a141 <unknown>
#10 0x560e5e0232ab <unknown>
#11 0x560e5e0270b9 <unknown>
#12 0x560e5e00a139 <unknown>
#13 0x560e5e027c68 <unknown>
#14 0x560e5dfee60f <unknown>
#15 0x560e5e04c1f8 <unknown>
#16 0x560e5e04c3d6 <unknown>
#17 0x560e5e05d5e6 <unknown>
#18 0x7f91ee89caa4 <unknown>
#19 0x7f91ee929c3c <unknown>

2025-08-02 19:49:56,329 - INFO - 🎯 [19/91] Applying to: Senior Full-Stack Engineer - LINK: https://www.dice.com/job-detail/143aca9c-4d2c-477e-90c4-958f5b262084
2025-08-02 19:50:11,374 - INFO -    ✅ Successfully applied!
2025-08-02 19:50:19,117 - INFO - 🎯 [20/91] Applying to: Cloud Architect - LINK: https://www.dice.com/job-detail/3d563d20-6f31-4610-a8d4-98c76d2f63b4
2025-08-02 19:50:37,889 - ERROR -    ❌ Cannot click apply button: Message: 
Stacktrace:
#0 0x560e5e05e2ca <unknown>
#1 0x560e5db05550 <unknown>
#2 0x560e5db570f0 <unknown>
#3 0x560e5db572e1 <unknown>
#4 0x560e5dba55e4 <unknown>
#5 0x560e5db7cbed <unknown>
#6 0x560e5dba29e6 <unknown>
#7 0x560e5db7c993 <unknown>
#8 0x560e5db48d6b <unknown>
#9 0x560e5db4a141 <unknown>
#10 0x560e5e0232ab <unknown>
#11 0x560e5e0270b9 <unknown>
#12 0x560e5e00a139 <unknown>
#13 0x560e5e027c68 <unknown>
#14 0x560e5dfee60f <unknown>
#15 0x560e5e04c1f8 <unknown>
#16 0x560e5e04c3d6 <unknown>
#17 0x560e5e05d5e6 <unknown>
#18 0x7f91ee89caa4 <unknown>
#19 0x7f91ee929c3c <unknown>

2025-08-02 19:50:46,869 - INFO - 🎯 [21/91] Applying to: Scala Engineer *** Fulltime Role*** - LINK: https://www.dice.com/job-detail/df1bc9a1-306a-400f-9e89-1c09969cdd24
2025-08-02 19:51:03,064 - INFO -    ✅ Successfully applied!
2025-08-02 19:51:12,907 - INFO - 🎯 [22/91] Applying to: AI Security, Engineer - LINK: https://www.dice.com/job-detail/fb467927-964c-4c5b-bd2c-fe8b0ddd088b
2025-08-02 19:51:27,790 - INFO -    ✅ Successfully applied!
2025-08-02 19:51:35,854 - INFO - 🎯 [23/91] Applying to: AI Solution Architect - LINK: https://www.dice.com/job-detail/dd893fb6-e78f-4227-95fd-305409d8600a
2025-08-02 19:51:50,093 - INFO -    ✅ Successfully applied!
2025-08-02 19:51:58,264 - INFO - 🎯 [24/91] Applying to: Options Trading Quantitative Researcher - Work From Home - G - LINK: https://www.dice.com/job-detail/99196908-2db5-484c-bef9-506e392eee69
2025-08-02 19:52:11,852 - INFO -    ✅ Successfully applied!
2025-08-02 19:52:21,753 - INFO - 🎯 [25/91] Applying to: Full stack Developer-LAMP - LINK: https://www.dice.com/job-detail/0b2d739e-afe3-4810-9d56-05cc703bf6be
2025-08-02 19:52:37,421 - INFO -    ✅ Successfully applied!
2025-08-02 19:52:45,691 - INFO - 🎯 [26/91] Applying to: Automation Test Engineer - San Francisco, CA, Hybrid. Must have SDET Selenium with Python - LINK: https://www.dice.com/job-detail/d1852a1b-f1f7-43d8-a37d-750a96d30d84
2025-08-02 19:53:04,850 - ERROR -    ❌ Cannot click apply button: Message: 
Stacktrace:
#0 0x560e5e05e2ca <unknown>
#1 0x560e5db05550 <unknown>
#2 0x560e5db570f0 <unknown>
#3 0x560e5db572e1 <unknown>
#4 0x560e5dba55e4 <unknown>
#5 0x560e5db7cbed <unknown>
#6 0x560e5dba29e6 <unknown>
#7 0x560e5db7c993 <unknown>
#8 0x560e5db48d6b <unknown>
#9 0x560e5db4a141 <unknown>
#10 0x560e5e0232ab <unknown>
#11 0x560e5e0270b9 <unknown>
#12 0x560e5e00a139 <unknown>
#13 0x560e5e027c68 <unknown>
#14 0x560e5dfee60f <unknown>
#15 0x560e5e04c1f8 <unknown>
#16 0x560e5e04c3d6 <unknown>
#17 0x560e5e05d5e6 <unknown>
#18 0x7f91ee89caa4 <unknown>
#19 0x7f91ee929c3c <unknown>

2025-08-02 19:53:12,849 - INFO - 🎯 [27/91] Applying to: AI Solution Architect - LINK: https://www.dice.com/job-detail/f932a7d1-0ceb-4f69-a459-85ed63d5b572
2025-08-02 19:53:28,855 - INFO -    ✅ Successfully applied!
2025-08-02 19:53:37,421 - INFO - 🎯 [28/91] Applying to: C++ Software Engineer, Equity Trading Platform - LINK: https://www.dice.com/job-detail/b64c6ea6-c773-4256-8e08-a6cd0c971df7
2025-08-02 19:53:52,277 - INFO -    ✅ Successfully applied!
2025-08-02 19:54:00,025 - INFO - 🎯 [29/91] Applying to: LoanIQ Sr. Developer-Hybrid@FullTime - LINK: https://www.dice.com/job-detail/4c618779-0d7d-4671-95cd-120924f96a73
2025-08-02 19:54:14,578 - INFO -    ✅ Successfully applied!
2025-08-02 19:54:23,745 - INFO - 🎯 [30/91] Applying to: AWS cloud Architect (Remote) - LINK: https://www.dice.com/job-detail/06339e27-3bd0-46d0-9dae-535f0cd6a8cb
2025-08-02 19:54:42,899 - ERROR -    ❌ Cannot click apply button: Message: 
Stacktrace:
#0 0x560e5e05e2ca <unknown>
#1 0x560e5db05550 <unknown>
#2 0x560e5db570f0 <unknown>
#3 0x560e5db572e1 <unknown>
#4 0x560e5dba55e4 <unknown>
#5 0x560e5db7cbed <unknown>
#6 0x560e5dba29e6 <unknown>
#7 0x560e5db7c993 <unknown>
#8 0x560e5db48d6b <unknown>
#9 0x560e5db4a141 <unknown>
#10 0x560e5e0232ab <unknown>
#11 0x560e5e0270b9 <unknown>
#12 0x560e5e00a139 <unknown>
#13 0x560e5e027c68 <unknown>
#14 0x560e5dfee60f <unknown>
#15 0x560e5e04c1f8 <unknown>
#16 0x560e5e04c3d6 <unknown>
#17 0x560e5e05d5e6 <unknown>
#18 0x7f91ee89caa4 <unknown>
#19 0x7f91ee929c3c <unknown>

2025-08-02 19:54:54,435 - INFO - 🎯 [31/91] Applying to: Senior Ruby on Rails Developer - Dallas, TX - LINK: https://www.dice.com/job-detail/981b5024-532b-41f5-abc9-59d07e936b51
2025-08-02 19:55:09,926 - INFO -    ✅ Successfully applied!
2025-08-02 19:55:17,471 - INFO - 🎯 [32/91] Applying to: DAML Developer - LINK: https://www.dice.com/job-detail/1e33b4cf-ca4d-48dc-91ec-7108f4cf12b4
2025-08-02 19:55:33,344 - INFO -    ✅ Successfully applied!
2025-08-02 19:55:42,515 - INFO - 🎯 [33/91] Applying to: Full Stack Developer - LINK: https://www.dice.com/job-detail/88a06271-734c-4941-a45f-ded3c077d982
2025-08-02 19:55:58,869 - INFO -    ✅ Successfully applied!
2025-08-02 19:56:06,356 - INFO - 🎯 [34/91] Applying to: Senior Info. Security Engineer - LINK: https://www.dice.com/job-detail/97d2c5b9-5deb-4a05-87de-076a0a18bb97
2025-08-02 19:56:24,783 - ERROR -    ❌ Cannot click apply button: Message: 
Stacktrace:
#0 0x560e5e05e2ca <unknown>
#1 0x560e5db05550 <unknown>
#2 0x560e5db570f0 <unknown>
#3 0x560e5db572e1 <unknown>
#4 0x560e5dba55e4 <unknown>
#5 0x560e5db7cbed <unknown>
#6 0x560e5dba29e6 <unknown>
#7 0x560e5db7c993 <unknown>
#8 0x560e5db48d6b <unknown>
#9 0x560e5db4a141 <unknown>
#10 0x560e5e0232ab <unknown>
#11 0x560e5e0270b9 <unknown>
#12 0x560e5e00a139 <unknown>
#13 0x560e5e027c68 <unknown>
#14 0x560e5dfee60f <unknown>
#15 0x560e5e04c1f8 <unknown>
#16 0x560e5e04c3d6 <unknown>
#17 0x560e5e05d5e6 <unknown>
#18 0x7f91ee89caa4 <unknown>
#19 0x7f91ee929c3c <unknown>

2025-08-02 19:56:37,794 - INFO - 🎯 [35/91] Applying to: Data Trust & Compliance Engineer Google Cloud Platform & Vertex AI - LINK: https://www.dice.com/job-detail/4c4b86ae-8505-45e7-9980-54066598f0bd
2025-08-02 19:56:56,491 - ERROR -    ❌ Cannot click apply button: Message: 
Stacktrace:
#0 0x560e5e05e2ca <unknown>
#1 0x560e5db05550 <unknown>
#2 0x560e5db570f0 <unknown>
#3 0x560e5db572e1 <unknown>
#4 0x560e5dba55e4 <unknown>
#5 0x560e5db7cbed <unknown>
#6 0x560e5dba29e6 <unknown>
#7 0x560e5db7c993 <unknown>
#8 0x560e5db48d6b <unknown>
#9 0x560e5db4a141 <unknown>
#10 0x560e5e0232ab <unknown>
#11 0x560e5e0270b9 <unknown>
#12 0x560e5e00a139 <unknown>
#13 0x560e5e027c68 <unknown>
#14 0x560e5dfee60f <unknown>
#15 0x560e5e04c1f8 <unknown>
#16 0x560e5e04c3d6 <unknown>
#17 0x560e5e05d5e6 <unknown>
#18 0x7f91ee89caa4 <unknown>
#19 0x7f91ee929c3c <unknown>

2025-08-02 19:57:08,224 - INFO - 🎯 [36/91] Applying to: Java Full Stack Developer - LINK: https://www.dice.com/job-detail/0b988c36-0659-4031-9de1-0c2eaa327031
2025-08-02 19:57:23,236 - INFO -    ✅ Successfully applied!
2025-08-02 19:57:30,374 - INFO - 🎯 [37/91] Applying to: Technical Product Manager (TPM) - U.S. Citizen - This role sits within Optum Serves Technology Product organization - LINK: https://www.dice.com/job-detail/f22ddfd3-52d8-4335-bac1-fc4592cf142f
2025-08-02 19:57:47,090 - INFO -    ✅ Successfully applied!
2025-08-02 19:57:59,072 - INFO - 🎯 [38/91] Applying to: Business Analyst- Hybrid or Remote - LINK: https://www.dice.com/job-detail/b2502608-bb0e-41d9-80d3-7820095a1bcc
2025-08-02 19:58:14,793 - INFO -    ✅ Successfully applied!
2025-08-02 19:58:24,084 - INFO - 🎯 [39/91] Applying to: Sr Software Engineer - LINK: https://www.dice.com/job-detail/b962c304-5726-4d40-9431-81179ec0ffcf
2025-08-02 19:58:38,713 - INFO -    ✅ Successfully applied!
2025-08-02 19:58:50,635 - INFO - 🎯 [40/91] Applying to: Java Developer - LINK: https://www.dice.com/job-detail/04e35a8b-9ade-4244-8554-2af77be50f98
2025-08-02 19:59:09,126 - ERROR -    ❌ Cannot click apply button: Message: 
Stacktrace:
#0 0x560e5e05e2ca <unknown>
#1 0x560e5db05550 <unknown>
#2 0x560e5db570f0 <unknown>
#3 0x560e5db572e1 <unknown>
#4 0x560e5dba55e4 <unknown>
#5 0x560e5db7cbed <unknown>
#6 0x560e5dba29e6 <unknown>
#7 0x560e5db7c993 <unknown>
#8 0x560e5db48d6b <unknown>
#9 0x560e5db4a141 <unknown>
#10 0x560e5e0232ab <unknown>
#11 0x560e5e0270b9 <unknown>
#12 0x560e5e00a139 <unknown>
#13 0x560e5e027c68 <unknown>
#14 0x560e5dfee60f <unknown>
#15 0x560e5e04c1f8 <unknown>
#16 0x560e5e04c3d6 <unknown>
#17 0x560e5e05d5e6 <unknown>
#18 0x7f91ee89caa4 <unknown>
#19 0x7f91ee929c3c <unknown>

2025-08-02 19:59:19,467 - INFO - 🎯 [41/91] Applying to: Sr Enterprise Architect - LINK: https://www.dice.com/job-detail/b0834a94-6b37-417f-a9b6-244e0a29886f
2025-08-02 19:59:38,097 - ERROR -    ❌ Cannot click apply button: Message: 
Stacktrace:
#0 0x560e5e05e2ca <unknown>
#1 0x560e5db05550 <unknown>
#2 0x560e5db570f0 <unknown>
#3 0x560e5db572e1 <unknown>
#4 0x560e5dba55e4 <unknown>
#5 0x560e5db7cbed <unknown>
#6 0x560e5dba29e6 <unknown>
#7 0x560e5db7c993 <unknown>
#8 0x560e5db48d6b <unknown>
#9 0x560e5db4a141 <unknown>
#10 0x560e5e0232ab <unknown>
#11 0x560e5e0270b9 <unknown>
#12 0x560e5e00a139 <unknown>
#13 0x560e5e027c68 <unknown>
#14 0x560e5dfee60f <unknown>
#15 0x560e5e04c1f8 <unknown>
#16 0x560e5e04c3d6 <unknown>
#17 0x560e5e05d5e6 <unknown>
#18 0x7f91ee89caa4 <unknown>
#19 0x7f91ee929c3c <unknown>

2025-08-02 19:59:49,342 - INFO - 🎯 [42/91] Applying to: W2 Position: Angular Developer - Washington, DC 20433 - LINK: https://www.dice.com/job-detail/dcf92ff7-b1c7-4504-911d-d7fa5b62b3b9
2025-08-02 20:00:04,571 - INFO -    ✅ Successfully applied!
2025-08-02 20:00:13,223 - INFO - 🎯 [43/91] Applying to: Business Operations - Data Analyst Senior - LINK: https://www.dice.com/job-detail/eab2232e-f99e-48a1-a351-cfe36eaa63a2
2025-08-02 20:00:27,428 - INFO -    ✅ Successfully applied!
2025-08-02 20:00:38,103 - INFO - 🎯 [44/91] Applying to: Senior Full-Stack .NET Developer/Technical Lead - LINK: https://www.dice.com/job-detail/642fb644-55cf-4a28-84c0-10737b05c3cf
2025-08-02 20:00:52,003 - INFO -    ✅ Successfully applied!
2025-08-02 20:01:01,565 - INFO - 🎯 [45/91] Applying to: Technical Business Analyst - LINK: https://www.dice.com/job-detail/e37e9bf4-a768-404c-976a-77497bd1ca86
2025-08-02 20:01:17,004 - INFO -    ✅ Successfully applied!
2025-08-02 20:01:26,946 - INFO - 🎯 [46/91] Applying to: Sr. Oracle Apps/EBS Senior Technical Consultant (Hybrid) - Jersey City, NJ (Webcam). Only Locals with Valid DL Copy. - LINK: https://www.dice.com/job-detail/70a1b084-002a-48f2-b6a6-6f066d7463e1
2025-08-02 20:01:42,128 - INFO -    ✅ Successfully applied!
2025-08-02 20:01:53,580 - INFO - 🎯 [47/91] Applying to: Data Architect- AWS - LINK: https://www.dice.com/job-detail/266e6803-02a4-4d72-b139-3d32176c4e92
2025-08-02 20:02:13,363 - ERROR -    ❌ Cannot click apply button: Message: 
Stacktrace:
#0 0x560e5e05e2ca <unknown>
#1 0x560e5db05550 <unknown>
#2 0x560e5db570f0 <unknown>
#3 0x560e5db572e1 <unknown>
#4 0x560e5dba55e4 <unknown>
#5 0x560e5db7cbed <unknown>
#6 0x560e5dba29e6 <unknown>
#7 0x560e5db7c993 <unknown>
#8 0x560e5db48d6b <unknown>
#9 0x560e5db4a141 <unknown>
#10 0x560e5e0232ab <unknown>
#11 0x560e5e0270b9 <unknown>
#12 0x560e5e00a139 <unknown>
#13 0x560e5e027c68 <unknown>
#14 0x560e5dfee60f <unknown>
#15 0x560e5e04c1f8 <unknown>
#16 0x560e5e04c3d6 <unknown>
#17 0x560e5e05d5e6 <unknown>
#18 0x7f91ee89caa4 <unknown>
#19 0x7f91ee929c3c <unknown>

2025-08-02 20:02:21,876 - INFO - 🎯 [48/91] Applying to: Technology Business Systems Consultant - LINK: https://www.dice.com/job-detail/b5eb98c8-a599-4313-8799-2693703f39db
2025-08-02 20:02:39,550 - INFO -    ✅ Successfully applied!
2025-08-02 20:02:51,166 - INFO - 🎯 [49/91] Applying to: UX Content Conversation Designer - LINK: https://www.dice.com/job-detail/a2f6ee02-9ca3-4a0d-b425-a8d301e8b1bf
2025-08-02 20:03:06,261 - INFO -    ✅ Successfully applied!
2025-08-02 20:03:18,683 - INFO - 🎯 [50/91] Applying to: DeltaV Automation Engineer - LINK: https://www.dice.com/job-detail/5b970642-cbb3-4c7d-9836-68d1141d01d8
2025-08-02 20:03:33,114 - INFO -    ✅ Successfully applied!
2025-08-02 20:03:40,642 - INFO - 🎯 [51/91] Applying to: AIOps Engineer - LINK: https://www.dice.com/job-detail/7a0f3f56-0b6c-43ba-a3c3-6b0da421cbdb
2025-08-02 20:03:59,303 - ERROR -    ❌ Cannot click apply button: Message: 
Stacktrace:
#0 0x560e5e05e2ca <unknown>
#1 0x560e5db05550 <unknown>
#2 0x560e5db570f0 <unknown>
#3 0x560e5db572e1 <unknown>
#4 0x560e5dba55e4 <unknown>
#5 0x560e5db7cbed <unknown>
#6 0x560e5dba29e6 <unknown>
#7 0x560e5db7c993 <unknown>
#8 0x560e5db48d6b <unknown>
#9 0x560e5db4a141 <unknown>
#10 0x560e5e0232ab <unknown>
#11 0x560e5e0270b9 <unknown>
#12 0x560e5e00a139 <unknown>
#13 0x560e5e027c68 <unknown>
#14 0x560e5dfee60f <unknown>
#15 0x560e5e04c1f8 <unknown>
#16 0x560e5e04c3d6 <unknown>
#17 0x560e5e05d5e6 <unknown>
#18 0x7f91ee89caa4 <unknown>
#19 0x7f91ee929c3c <unknown>

2025-08-02 20:04:09,316 - INFO - 🎯 [52/91] Applying to: Sr. .NET Full Stack Developer - LINK: https://www.dice.com/job-detail/4032cae3-6baf-468f-950c-01e82fb4c335
2025-08-02 20:04:26,404 - INFO -    ✅ Successfully applied!
2025-08-02 20:04:36,169 - INFO - 🎯 [53/91] Applying to: Full Stack Developer Java/Kotlin & Cloud - Remote - LINK: https://www.dice.com/job-detail/7ffd5ad2-b7cd-4240-b913-af30cd28bcff
2025-08-02 20:04:50,811 - INFO -    ✅ Successfully applied!
2025-08-02 20:05:01,371 - INFO - 🎯 [54/91] Applying to: Python Fullstack Developer || Location- Plano, TX- Fully Onsite from Day-1, F2F Interview is Must (Locals Only) - LINK: https://www.dice.com/job-detail/3757010e-4c80-4d45-8d8a-7b40a9534537
2025-08-02 20:05:16,268 - INFO -    ✅ Successfully applied!
2025-08-02 20:05:24,818 - INFO - 🎯 [55/91] Applying to: AI Security Engineer - Durham, NC (3 days onsite in a week) - Hire Type: 12+ Months Contract - LINK: https://www.dice.com/job-detail/a93f5b39-9b1f-4925-8a26-db9e4a9a8af4
2025-08-02 20:05:43,515 - ERROR -    ❌ Cannot click apply button: Message: 
Stacktrace:
#0 0x560e5e05e2ca <unknown>
#1 0x560e5db05550 <unknown>
#2 0x560e5db570f0 <unknown>
#3 0x560e5db572e1 <unknown>
#4 0x560e5dba55e4 <unknown>
#5 0x560e5db7cbed <unknown>
#6 0x560e5dba29e6 <unknown>
#7 0x560e5db7c993 <unknown>
#8 0x560e5db48d6b <unknown>
#9 0x560e5db4a141 <unknown>
#10 0x560e5e0232ab <unknown>
#11 0x560e5e0270b9 <unknown>
#12 0x560e5e00a139 <unknown>
#13 0x560e5e027c68 <unknown>
#14 0x560e5dfee60f <unknown>
#15 0x560e5e04c1f8 <unknown>
#16 0x560e5e04c3d6 <unknown>
#17 0x560e5e05d5e6 <unknown>
#18 0x7f91ee89caa4 <unknown>
#19 0x7f91ee929c3c <unknown>

2025-08-02 20:05:50,739 - INFO - 🎯 [56/91] Applying to: Help Desk Engineer III - LINK: https://www.dice.com/job-detail/ff73c93c-eb3e-4083-8b79-488e60d523db
2025-08-02 20:06:04,256 - INFO -    ✅ Successfully applied!
2025-08-02 20:06:13,476 - INFO - 🎯 [57/91] Applying to: Software Development Engineer - LINK: https://www.dice.com/job-detail/41f0ff84-bb26-463c-80bb-1cf074fef6d3
2025-08-02 20:06:30,967 - ERROR -    ❌ Cannot click apply button: Message: 
Stacktrace:
#0 0x560e5e05e2ca <unknown>
#1 0x560e5db05550 <unknown>
#2 0x560e5db570f0 <unknown>
#3 0x560e5db572e1 <unknown>
#4 0x560e5dba55e4 <unknown>
#5 0x560e5db7cbed <unknown>
#6 0x560e5dba29e6 <unknown>
#7 0x560e5db7c993 <unknown>
#8 0x560e5db48d6b <unknown>
#9 0x560e5db4a141 <unknown>
#10 0x560e5e0232ab <unknown>
#11 0x560e5e0270b9 <unknown>
#12 0x560e5e00a139 <unknown>
#13 0x560e5e027c68 <unknown>
#14 0x560e5dfee60f <unknown>
#15 0x560e5e04c1f8 <unknown>
#16 0x560e5e04c3d6 <unknown>
#17 0x560e5e05d5e6 <unknown>
#18 0x7f91ee89caa4 <unknown>
#19 0x7f91ee929c3c <unknown>

2025-08-02 20:06:38,247 - INFO - 🎯 [58/91] Applying to: Automation Engineer - LINK: https://www.dice.com/job-detail/16a0bc9f-b74f-4194-acd1-53fe444bc808
2025-08-02 20:06:57,195 - ERROR -    ❌ Cannot click apply button: Message: 
Stacktrace:
#0 0x560e5e05e2ca <unknown>
#1 0x560e5db05550 <unknown>
#2 0x560e5db570f0 <unknown>
#3 0x560e5db572e1 <unknown>
#4 0x560e5dba55e4 <unknown>
#5 0x560e5db7cbed <unknown>
#6 0x560e5dba29e6 <unknown>
#7 0x560e5db7c993 <unknown>
#8 0x560e5db48d6b <unknown>
#9 0x560e5db4a141 <unknown>
#10 0x560e5e0232ab <unknown>
#11 0x560e5e0270b9 <unknown>
#12 0x560e5e00a139 <unknown>
#13 0x560e5e027c68 <unknown>
#14 0x560e5dfee60f <unknown>
#15 0x560e5e04c1f8 <unknown>
#16 0x560e5e04c3d6 <unknown>
#17 0x560e5e05d5e6 <unknown>
#18 0x7f91ee89caa4 <unknown>
#19 0x7f91ee929c3c <unknown>

2025-08-02 20:07:08,216 - INFO - 🎯 [59/91] Applying to: ServiceNow Solution Architect - LINK: https://www.dice.com/job-detail/86596794-2180-4b2b-bc5b-e54b35ea6239
2025-08-02 20:07:24,000 - INFO -    ✅ Successfully applied!
2025-08-02 20:07:33,328 - INFO - 🎯 [60/91] Applying to: Sr. Salesforce Developer - LINK: https://www.dice.com/job-detail/b418e7bc-e02a-455c-b6e0-95464282938a
2025-08-02 20:07:48,766 - INFO -    ✅ Successfully applied!
2025-08-02 20:07:58,874 - INFO - 🎯 [61/91] Applying to: IT Program Delivery Manager - LINK: https://www.dice.com/job-detail/f32f3fa2-feb9-4acd-936c-747dfe8c8472
2025-08-02 20:08:17,993 - ERROR -    ❌ Cannot click apply button: Message: 
Stacktrace:
#0 0x560e5e05e2ca <unknown>
#1 0x560e5db05550 <unknown>
#2 0x560e5db570f0 <unknown>
#3 0x560e5db572e1 <unknown>
#4 0x560e5dba55e4 <unknown>
#5 0x560e5db7cbed <unknown>
#6 0x560e5dba29e6 <unknown>
#7 0x560e5db7c993 <unknown>
#8 0x560e5db48d6b <unknown>
#9 0x560e5db4a141 <unknown>
#10 0x560e5e0232ab <unknown>
#11 0x560e5e0270b9 <unknown>
#12 0x560e5e00a139 <unknown>
#13 0x560e5e027c68 <unknown>
#14 0x560e5dfee60f <unknown>
#15 0x560e5e04c1f8 <unknown>
#16 0x560e5e04c3d6 <unknown>
#17 0x560e5e05d5e6 <unknown>
#18 0x7f91ee89caa4 <unknown>
#19 0x7f91ee929c3c <unknown>

2025-08-02 20:08:27,169 - INFO - 🎯 [62/91] Applying to: Python Full Stack Developer/AWS Full Stack Engineer (Python + React) - (Junior/Mid-Level) - LINK: https://www.dice.com/job-detail/d896e995-b625-402f-ba48-716c0b2d79f8
2025-08-02 20:08:43,672 - INFO -    ✅ Successfully applied!
2025-08-02 20:08:54,106 - INFO - 🎯 [63/91] Applying to: Global Audit and Assurance Content Production and Deployment Manager - LINK: https://www.dice.com/job-detail/d5f33acc-38e8-43ee-a926-b06f9112199f
2025-08-02 20:09:13,695 - ERROR -    ❌ Cannot click apply button: Message: 
Stacktrace:
#0 0x560e5e05e2ca <unknown>
#1 0x560e5db05550 <unknown>
#2 0x560e5db570f0 <unknown>
#3 0x560e5db572e1 <unknown>
#4 0x560e5dba55e4 <unknown>
#5 0x560e5db7cbed <unknown>
#6 0x560e5dba29e6 <unknown>
#7 0x560e5db7c993 <unknown>
#8 0x560e5db48d6b <unknown>
#9 0x560e5db4a141 <unknown>
#10 0x560e5e0232ab <unknown>
#11 0x560e5e0270b9 <unknown>
#12 0x560e5e00a139 <unknown>
#13 0x560e5e027c68 <unknown>
#14 0x560e5dfee60f <unknown>
#15 0x560e5e04c1f8 <unknown>
#16 0x560e5e04c3d6 <unknown>
#17 0x560e5e05d5e6 <unknown>
#18 0x7f91ee89caa4 <unknown>
#19 0x7f91ee929c3c <unknown>

2025-08-02 20:09:26,458 - INFO - 🎯 [64/91] Applying to: Junior Angular Developer - LINK: https://www.dice.com/job-detail/484dc80e-306d-4d53-81cb-4fd0ac580d10
2025-08-02 20:09:40,870 - INFO -    ✅ Successfully applied!
2025-08-02 20:09:50,995 - INFO - 🎯 [65/91] Applying to: Senior Full-Stack .NET Developer/Technical Lead - LINK: https://www.dice.com/job-detail/a8bd9675-c3fa-4ece-811d-da842e0094bd
2025-08-02 20:10:04,969 - INFO -    ✅ Successfully applied!
2025-08-02 20:10:17,128 - INFO - 🎯 [66/91] Applying to: Cybersecurity Architect - LINK: https://www.dice.com/job-detail/da5f9fd9-3975-4348-8c29-28c215fb2b82
2025-08-02 20:10:35,517 - ERROR -    ❌ Cannot click apply button: Message: 
Stacktrace:
#0 0x560e5e05e2ca <unknown>
#1 0x560e5db05550 <unknown>
#2 0x560e5db570f0 <unknown>
#3 0x560e5db572e1 <unknown>
#4 0x560e5dba55e4 <unknown>
#5 0x560e5db7cbed <unknown>
#6 0x560e5dba29e6 <unknown>
#7 0x560e5db7c993 <unknown>
#8 0x560e5db48d6b <unknown>
#9 0x560e5db4a141 <unknown>
#10 0x560e5e0232ab <unknown>
#11 0x560e5e0270b9 <unknown>
#12 0x560e5e00a139 <unknown>
#13 0x560e5e027c68 <unknown>
#14 0x560e5dfee60f <unknown>
#15 0x560e5e04c1f8 <unknown>
#16 0x560e5e04c3d6 <unknown>
#17 0x560e5e05d5e6 <unknown>
#18 0x7f91ee89caa4 <unknown>
#19 0x7f91ee929c3c <unknown>

2025-08-02 20:10:47,230 - INFO - 🎯 [67/91] Applying to: Technical Project Manager Chatbots and IVR contact centers - LINK: https://www.dice.com/job-detail/68dc2d61-8925-43f0-aacb-667f293f57e8
2025-08-02 20:11:04,871 - INFO -    ✅ Successfully applied!
2025-08-02 20:11:14,325 - INFO - 🎯 [68/91] Applying to: Senior C++ Trading Software Developer - R - LINK: https://www.dice.com/job-detail/5313c94c-d110-40c2-9c87-56c770d917aa
2025-08-02 20:11:27,021 - INFO -    ✅ Successfully applied!
2025-08-02 20:11:37,424 - INFO - 🎯 [69/91] Applying to: DevOps Engineer - LINK: https://www.dice.com/job-detail/0955922d-bab4-4704-9917-3200c6fedec4
2025-08-02 20:11:57,212 - ERROR -    ❌ Cannot click apply button: Message: 
Stacktrace:
#0 0x560e5e05e2ca <unknown>
#1 0x560e5db05550 <unknown>
#2 0x560e5db570f0 <unknown>
#3 0x560e5db572e1 <unknown>
#4 0x560e5dba55e4 <unknown>
#5 0x560e5db7cbed <unknown>
#6 0x560e5dba29e6 <unknown>
#7 0x560e5db7c993 <unknown>
#8 0x560e5db48d6b <unknown>
#9 0x560e5db4a141 <unknown>
#10 0x560e5e0232ab <unknown>
#11 0x560e5e0270b9 <unknown>
#12 0x560e5e00a139 <unknown>
#13 0x560e5e027c68 <unknown>
#14 0x560e5dfee60f <unknown>
#15 0x560e5e04c1f8 <unknown>
#16 0x560e5e04c3d6 <unknown>
#17 0x560e5e05d5e6 <unknown>
#18 0x7f91ee89caa4 <unknown>
#19 0x7f91ee929c3c <unknown>

2025-08-02 20:12:08,155 - INFO - 🎯 [70/91] Applying to: Full Stack Developer V - LINK: https://www.dice.com/job-detail/083f9edf-5e5f-4912-b2ef-ca205c03df97
2025-08-02 20:12:24,725 - INFO -    ✅ Successfully applied!
2025-08-02 20:12:32,394 - INFO - 🎯 [71/91] Applying to: Embedded Software Engineer/ C/C++ - LINK: https://www.dice.com/job-detail/acb39b15-44b7-45db-adc1-8ddb8d659cfe
2025-08-02 20:12:53,056 - ERROR -    ❌ Cannot click apply button: Message: 
Stacktrace:
#0 0x560e5e05e2ca <unknown>
#1 0x560e5db05550 <unknown>
#2 0x560e5db570f0 <unknown>
#3 0x560e5db572e1 <unknown>
#4 0x560e5dba55e4 <unknown>
#5 0x560e5db7cbed <unknown>
#6 0x560e5dba29e6 <unknown>
#7 0x560e5db7c993 <unknown>
#8 0x560e5db48d6b <unknown>
#9 0x560e5db4a141 <unknown>
#10 0x560e5e0232ab <unknown>
#11 0x560e5e0270b9 <unknown>
#12 0x560e5e00a139 <unknown>
#13 0x560e5e027c68 <unknown>
#14 0x560e5dfee60f <unknown>
#15 0x560e5e04c1f8 <unknown>
#16 0x560e5e04c3d6 <unknown>
#17 0x560e5e05d5e6 <unknown>
#18 0x7f91ee89caa4 <unknown>
#19 0x7f91ee929c3c <unknown>

2025-08-02 20:13:03,294 - INFO - 🎯 [72/91] Applying to: SAP SuccessFactors TIH Consultant - LINK: https://www.dice.com/job-detail/281b5590-5afa-43e1-ad14-a4d4e1d9b837
2025-08-02 20:13:20,804 - ERROR -    ❌ Cannot click apply button: Message: 
Stacktrace:
#0 0x560e5e05e2ca <unknown>
#1 0x560e5db05550 <unknown>
#2 0x560e5db570f0 <unknown>
#3 0x560e5db572e1 <unknown>
#4 0x560e5dba55e4 <unknown>
#5 0x560e5db7cbed <unknown>
#6 0x560e5dba29e6 <unknown>
#7 0x560e5db7c993 <unknown>
#8 0x560e5db48d6b <unknown>
#9 0x560e5db4a141 <unknown>
#10 0x560e5e0232ab <unknown>
#11 0x560e5e0270b9 <unknown>
#12 0x560e5e00a139 <unknown>
#13 0x560e5e027c68 <unknown>
#14 0x560e5dfee60f <unknown>
#15 0x560e5e04c1f8 <unknown>
#16 0x560e5e04c3d6 <unknown>
#17 0x560e5e05d5e6 <unknown>
#18 0x7f91ee89caa4 <unknown>
#19 0x7f91ee929c3c <unknown>

2025-08-02 20:13:27,872 - INFO - 🎯 [73/91] Applying to: NetView and System Automation (SA) Administrator - LINK: https://www.dice.com/job-detail/4db43ff3-5a86-43e9-bb02-16625114fd3b
2025-08-02 20:13:43,589 - INFO -    ✅ Successfully applied!
2025-08-02 20:13:54,560 - INFO - 🎯 [74/91] Applying to: Business developer Manager- Medtech/Healthcare - LINK: https://www.dice.com/job-detail/138dc847-f164-4c08-b48a-a680b99b27ed
2025-08-02 20:14:13,521 - ERROR -    ❌ Cannot click apply button: Message: 
Stacktrace:
#0 0x560e5e05e2ca <unknown>
#1 0x560e5db05550 <unknown>
#2 0x560e5db570f0 <unknown>
#3 0x560e5db572e1 <unknown>
#4 0x560e5dba55e4 <unknown>
#5 0x560e5db7cbed <unknown>
#6 0x560e5dba29e6 <unknown>
#7 0x560e5db7c993 <unknown>
#8 0x560e5db48d6b <unknown>
#9 0x560e5db4a141 <unknown>
#10 0x560e5e0232ab <unknown>
#11 0x560e5e0270b9 <unknown>
#12 0x560e5e00a139 <unknown>
#13 0x560e5e027c68 <unknown>
#14 0x560e5dfee60f <unknown>
#15 0x560e5e04c1f8 <unknown>
#16 0x560e5e04c3d6 <unknown>
#17 0x560e5e05d5e6 <unknown>
#18 0x7f91ee89caa4 <unknown>
#19 0x7f91ee929c3c <unknown>

2025-08-02 20:14:25,003 - INFO - 🎯 [75/91] Applying to: Java Full Stack with AI experience (Only W2) - LINK: https://www.dice.com/job-detail/b29cfb0d-606b-4a96-9307-c15bc474c6e8
2025-08-02 20:14:39,803 - INFO -    ✅ Successfully applied!
2025-08-02 20:14:50,435 - INFO - 🎯 [76/91] Applying to: 100% REMOTE: Architect Salesforce Certinia Consultant (Financial Force) - LINK: https://www.dice.com/job-detail/4ca9879c-1db4-4d2a-af49-78e227ae8025
2025-08-02 20:15:05,260 - INFO -    ✅ Successfully applied!
2025-08-02 20:15:18,241 - INFO - 🎯 [77/91] Applying to: W2 only!!!! Infra Cloud Security Engineer - Remote - CG - LINK: https://www.dice.com/job-detail/d18d871f-366c-4cf9-92cc-0117555222b6
2025-08-02 20:15:36,640 - ERROR -    ❌ Cannot click apply button: Message: 
Stacktrace:
#0 0x560e5e05e2ca <unknown>
#1 0x560e5db05550 <unknown>
#2 0x560e5db570f0 <unknown>
#3 0x560e5db572e1 <unknown>
#4 0x560e5dba55e4 <unknown>
#5 0x560e5db7cbed <unknown>
#6 0x560e5dba29e6 <unknown>
#7 0x560e5db7c993 <unknown>
#8 0x560e5db48d6b <unknown>
#9 0x560e5db4a141 <unknown>
#10 0x560e5e0232ab <unknown>
#11 0x560e5e0270b9 <unknown>
#12 0x560e5e00a139 <unknown>
#13 0x560e5e027c68 <unknown>
#14 0x560e5dfee60f <unknown>
#15 0x560e5e04c1f8 <unknown>
#16 0x560e5e04c3d6 <unknown>
#17 0x560e5e05d5e6 <unknown>
#18 0x7f91ee89caa4 <unknown>
#19 0x7f91ee929c3c <unknown>

2025-08-02 20:15:47,002 - INFO - 🎯 [78/91] Applying to: Storage Engineer/Administrator-Hybrid - LINK: https://www.dice.com/job-detail/4623e6b7-1c8b-453f-944e-91db0af71278
2025-08-02 20:16:06,753 - ERROR -    ❌ Cannot click apply button: Message: 
Stacktrace:
#0 0x560e5e05e2ca <unknown>
#1 0x560e5db05550 <unknown>
#2 0x560e5db570f0 <unknown>
#3 0x560e5db572e1 <unknown>
#4 0x560e5dba55e4 <unknown>
#5 0x560e5db7cbed <unknown>
#6 0x560e5dba29e6 <unknown>
#7 0x560e5db7c993 <unknown>
#8 0x560e5db48d6b <unknown>
#9 0x560e5db4a141 <unknown>
#10 0x560e5e0232ab <unknown>
#11 0x560e5e0270b9 <unknown>
#12 0x560e5e00a139 <unknown>
#13 0x560e5e027c68 <unknown>
#14 0x560e5dfee60f <unknown>
#15 0x560e5e04c1f8 <unknown>
#16 0x560e5e04c3d6 <unknown>
#17 0x560e5e05d5e6 <unknown>
#18 0x7f91ee89caa4 <unknown>
#19 0x7f91ee929c3c <unknown>

2025-08-02 20:16:17,793 - INFO - 🎯 [79/91] Applying to: Technical Architect (Google Cloud Platform Architect, .Net) - Onsite in Alpharetta, GA - LINK: https://www.dice.com/job-detail/a8663d64-c94e-461e-a8d4-e248a7e8ef5d
2025-08-02 20:16:35,552 - ERROR -    ❌ Cannot click apply button: Message: 
Stacktrace:
#0 0x560e5e05e2ca <unknown>
#1 0x560e5db05550 <unknown>
#2 0x560e5db570f0 <unknown>
#3 0x560e5db572e1 <unknown>
#4 0x560e5dba55e4 <unknown>
#5 0x560e5db7cbed <unknown>
#6 0x560e5dba29e6 <unknown>
#7 0x560e5db7c993 <unknown>
#8 0x560e5db48d6b <unknown>
#9 0x560e5db4a141 <unknown>
#10 0x560e5e0232ab <unknown>
#11 0x560e5e0270b9 <unknown>
#12 0x560e5e00a139 <unknown>
#13 0x560e5e027c68 <unknown>
#14 0x560e5dfee60f <unknown>
#15 0x560e5e04c1f8 <unknown>
#16 0x560e5e04c3d6 <unknown>
#17 0x560e5e05d5e6 <unknown>
#18 0x7f91ee89caa4 <unknown>
#19 0x7f91ee929c3c <unknown>

2025-08-02 20:16:44,088 - INFO - 🎯 [80/91] Applying to: Principal Engineer/Architect - LINK: https://www.dice.com/job-detail/9c6b7fda-5601-4fad-b88c-a10edaf59bbf
2025-08-02 20:16:58,117 - INFO -    ✅ Successfully applied!
2025-08-02 20:17:09,094 - INFO - 🎯 [81/91] Applying to: Azure AI SME or Architect - LINK: https://www.dice.com/job-detail/72391b5d-7075-45fe-a05f-37dcf845af41
2025-08-02 20:17:27,697 - ERROR -    ❌ Cannot click apply button: Message: 
Stacktrace:
#0 0x560e5e05e2ca <unknown>
#1 0x560e5db05550 <unknown>
#2 0x560e5db570f0 <unknown>
#3 0x560e5db572e1 <unknown>
#4 0x560e5dba55e4 <unknown>
#5 0x560e5db7cbed <unknown>
#6 0x560e5dba29e6 <unknown>
#7 0x560e5db7c993 <unknown>
#8 0x560e5db48d6b <unknown>
#9 0x560e5db4a141 <unknown>
#10 0x560e5e0232ab <unknown>
#11 0x560e5e0270b9 <unknown>
#12 0x560e5e00a139 <unknown>
#13 0x560e5e027c68 <unknown>
#14 0x560e5dfee60f <unknown>
#15 0x560e5e04c1f8 <unknown>
#16 0x560e5e04c3d6 <unknown>
#17 0x560e5e05d5e6 <unknown>
#18 0x7f91ee89caa4 <unknown>
#19 0x7f91ee929c3c <unknown>

2025-08-02 20:17:35,136 - INFO - 🎯 [82/91] Applying to: Google cloud Architect (Google Cloud Platform certified) - LINK: https://www.dice.com/job-detail/e868c011-db18-45d0-acae-5dea6bf70460
2025-08-02 20:17:50,601 - INFO -    ✅ Successfully applied!
2025-08-02 20:18:00,918 - INFO - 🎯 [83/91] Applying to: Infrastructure & DevOps Engineer - LINK: https://www.dice.com/job-detail/a1abc545-caf4-4a6d-9b67-4e070ebf6c80
2025-08-02 20:18:15,427 - INFO -    ✅ Successfully applied!
2025-08-02 20:18:24,336 - INFO - 🎯 [84/91] Applying to: Senior Microsoft Dynamics Developer - LINK: https://www.dice.com/job-detail/a8527754-4050-4b93-bead-c0573b0b35ff
2025-08-02 20:18:39,607 - INFO -    ✅ Successfully applied!
2025-08-02 20:18:46,769 - INFO - 🎯 [85/91] Applying to: Network Engineer / Hosting / Fabric - LINK: https://www.dice.com/job-detail/76f0d440-8755-4bef-a173-4cbc2883c574
2025-08-02 20:19:03,255 - INFO -    ✅ Successfully applied!
2025-08-02 20:19:13,550 - INFO - 🎯 [86/91] Applying to: Backend Software Engineer - LINK: https://www.dice.com/job-detail/5d3f4db5-6abf-4fec-b810-7b30e6b6af4e
2025-08-02 20:19:29,605 - INFO -    ✅ Successfully applied!
2025-08-02 20:19:41,414 - INFO - 🎯 [87/91] Applying to: Certified Data Engineer Snowflake & Apache Spark - |Plano, TX - 5 Days Onsite | Contract W2 only - LINK: https://www.dice.com/job-detail/06822fbf-f29b-414f-bf20-749fc2edb161
2025-08-02 20:19:57,789 - INFO -    ✅ Successfully applied!
2025-08-02 20:20:09,868 - INFO - 🎯 [88/91] Applying to: Business Analyst / SME Commerce & Subscription Management - LINK: https://www.dice.com/job-detail/1752f6d9-24a7-4a39-bc2b-15f1e72141e9
2025-08-02 20:20:25,437 - INFO -    ✅ Successfully applied!
2025-08-02 20:20:36,594 - INFO - 🎯 [89/91] Applying to: Remote - Senior Software Developer (ServiceNow, DevOps, JavaScript, AI, UI Design) - LINK: https://www.dice.com/job-detail/f35b9a0c-d01d-423f-ad90-2fef14f2257c
2025-08-02 20:20:55,897 - ERROR -    ❌ Cannot click apply button: Message: 
Stacktrace:
#0 0x560e5e05e2ca <unknown>
#1 0x560e5db05550 <unknown>
#2 0x560e5db570f0 <unknown>
#3 0x560e5db572e1 <unknown>
#4 0x560e5dba55e4 <unknown>
#5 0x560e5db7cbed <unknown>
#6 0x560e5dba29e6 <unknown>
#7 0x560e5db7c993 <unknown>
#8 0x560e5db48d6b <unknown>
#9 0x560e5db4a141 <unknown>
#10 0x560e5e0232ab <unknown>
#11 0x560e5e0270b9 <unknown>
#12 0x560e5e00a139 <unknown>
#13 0x560e5e027c68 <unknown>
#14 0x560e5dfee60f <unknown>
#15 0x560e5e04c1f8 <unknown>
#16 0x560e5e04c3d6 <unknown>
#17 0x560e5e05d5e6 <unknown>
#18 0x7f91ee89caa4 <unknown>
#19 0x7f91ee929c3c <unknown>

2025-08-02 20:21:04,456 - INFO - 🎯 [90/91] Applying to: Cloud Platform Architect - LINK: https://www.dice.com/job-detail/c50e5e09-5f16-4d5c-8e47-1befab88d723
2025-08-02 20:21:20,423 - INFO -    ✅ Successfully applied!
2025-08-02 20:21:28,297 - INFO - 🎯 [91/91] Applying to: Senior IT Business / Solutions Analyst (WMS) - LINK: https://www.dice.com/job-detail/5a481995-852a-4cf2-b154-09f10c18ece0
2025-08-02 20:21:44,071 - INFO -    ✅ Successfully applied!
2025-08-02 20:21:45,940 - INFO - 📊 Processing results...
2025-08-02 20:21:46,001 - INFO - 🎉 Application run completed!
2025-08-02 20:21:46,001 - INFO -    ✅ Newly applied: 61
2025-08-02 20:21:46,001 - INFO -    ⏭️  Already applied: 0
2025-08-02 20:21:46,001 - INFO -    ❌ Failed: 30
2025-08-02 20:21:46,002 - INFO -    📊 Total processed: 91
2025-08-02 20:21:46,002 - INFO -    📁 Total jobs in CSV: 4467
2025-08-02 20:21:46,002 - INFO -    💾 Updated: output/final_ml_jobs.csv
2025-08-02 20:21:46,002 - INFO - 🔧 Closing browser...
