2025-08-09 21:36:51,621 - INFO - 🚀 Starting stealth job application bot
2025-08-09 21:37:04,493 - INFO - 📂 Loading jobs from output/final_ml_jobs.csv
2025-08-09 21:37:04,526 - INFO -    📊 Total jobs in file: 5122
2025-08-09 21:37:04,529 - INFO -    🎯 Easy Apply jobs: 5122
2025-08-09 21:37:04,530 - INFO -    ⏳ Jobs to process: 96 (status: pending)
2025-08-09 21:37:04,531 - INFO - 🎲 Will attempt 93 applications this run (target: 93)
2025-08-09 21:37:04,531 - INFO - 🔑 Logging into Dice...
2025-08-09 21:37:07,259 - INFO - ✅ Login successful
2025-08-09 21:37:10,319 - INFO - 🔄 Starting job applications...
2025-08-09 21:37:10,319 - INFO - 🎯 [1/93] Applying to: Generic SBOM Engineer - LINK: https://www.dice.com/job-detail/55a0692a-fb94-4c66-b271-ac53136ed048
2025-08-09 21:37:28,386 - INFO -    ✅ Successfully applied!
2025-08-09 21:37:35,510 - INFO - 🎯 [2/93] Applying to: Data Engineer - LINK: https://www.dice.com/job-detail/362f11e9-4a86-476d-8efb-88343b17dab4
2025-08-09 21:37:49,757 - INFO -    ✅ Successfully applied!
2025-08-09 21:38:00,005 - INFO - 🎯 [3/93] Applying to: Data Architect (IT Data Analytics & Architecture) - LINK: https://www.dice.com/job-detail/7fe0cbe8-4b25-4a29-a640-8d2999dba24e
2025-08-09 21:38:15,806 - INFO -    ✅ Successfully applied!
2025-08-09 21:38:25,731 - INFO - 🎯 [4/93] Applying to: Data Scientist - LINK: https://www.dice.com/job-detail/1e9249c7-cf4b-4336-a479-abd6505c17ec
2025-08-09 21:38:44,972 - ERROR -    ❌ Cannot click apply button: Message: 
Stacktrace:
#0 0x55c26f9582ca <unknown>
#1 0x55c26f3ff550 <unknown>
#2 0x55c26f4510f0 <unknown>
#3 0x55c26f4512e1 <unknown>
#4 0x55c26f49f5e4 <unknown>
#5 0x55c26f476bed <unknown>
#6 0x55c26f49c9e6 <unknown>
#7 0x55c26f476993 <unknown>
#8 0x55c26f442d6b <unknown>
#9 0x55c26f444141 <unknown>
#10 0x55c26f91d2ab <unknown>
#11 0x55c26f9210b9 <unknown>
#12 0x55c26f904139 <unknown>
#13 0x55c26f921c68 <unknown>
#14 0x55c26f8e860f <unknown>
#15 0x55c26f9461f8 <unknown>
#16 0x55c26f9463d6 <unknown>
#17 0x55c26f9575e6 <unknown>
#18 0x7f4ee9e9caa4 <unknown>
#19 0x7f4ee9f29c3c <unknown>

2025-08-09 21:38:54,248 - INFO - 🎯 [5/93] Applying to: SharePoint-Power Platform Developer in O365 - LINK: https://www.dice.com/job-detail/2df1c979-4580-4445-8049-b8b2bd7c5b72
2025-08-09 21:39:10,470 - INFO -    ✅ Successfully applied!
2025-08-09 21:39:20,027 - INFO - 🎯 [6/93] Applying to: Bussiness Analyst - LINK: https://www.dice.com/job-detail/ab87ab23-ca02-43f9-9a04-5f424a7e82da
2025-08-09 21:39:35,375 - INFO -    ✅ Successfully applied!
2025-08-09 21:39:44,518 - INFO - 🎯 [7/93] Applying to: Data Analyst Developer - LINK: https://www.dice.com/job-detail/d99d70bc-abfd-4c82-946a-65d5e09e82b4
2025-08-09 21:40:01,360 - INFO -    ✅ Successfully applied!
2025-08-09 21:40:14,714 - INFO - 🎯 [8/93] Applying to: Quantitative Data Engineer - LINK: https://www.dice.com/job-detail/42d3aba1-be0c-4034-a73a-c3f04b6c64f6
2025-08-09 21:40:31,525 - INFO -    ✅ Successfully applied!
2025-08-09 21:40:40,355 - INFO - 🎯 [9/93] Applying to: System Analyst (Senior Business Analyst PeopleSoft) - LINK: https://www.dice.com/job-detail/bf8b6ad6-f11a-4563-8085-dfaa397433ab
2025-08-09 21:40:56,638 - INFO -    ✅ Successfully applied!
2025-08-09 21:41:08,086 - INFO - 🎯 [10/93] Applying to: Senior Business Analyst - LINK: https://www.dice.com/job-detail/59aa7607-704a-4d67-9b29-22b68f3d0f72
2025-08-09 21:41:24,658 - INFO -    ✅ Successfully applied!
2025-08-09 21:41:34,543 - INFO - 🎯 [11/93] Applying to: Business Analyst 5 - LINK: https://www.dice.com/job-detail/bd054ddf-e82a-422d-81dc-cdea77635784
2025-08-09 21:41:52,915 - ERROR -    ❌ Cannot click apply button: Message: 
Stacktrace:
#0 0x55c26f9582ca <unknown>
#1 0x55c26f3ff550 <unknown>
#2 0x55c26f4510f0 <unknown>
#3 0x55c26f4512e1 <unknown>
#4 0x55c26f49f5e4 <unknown>
#5 0x55c26f476bed <unknown>
#6 0x55c26f49c9e6 <unknown>
#7 0x55c26f476993 <unknown>
#8 0x55c26f442d6b <unknown>
#9 0x55c26f444141 <unknown>
#10 0x55c26f91d2ab <unknown>
#11 0x55c26f9210b9 <unknown>
#12 0x55c26f904139 <unknown>
#13 0x55c26f921c68 <unknown>
#14 0x55c26f8e860f <unknown>
#15 0x55c26f9461f8 <unknown>
#16 0x55c26f9463d6 <unknown>
#17 0x55c26f9575e6 <unknown>
#18 0x7f4ee9e9caa4 <unknown>
#19 0x7f4ee9f29c3c <unknown>

2025-08-09 21:41:59,415 - INFO - 🎯 [12/93] Applying to: Need Junior Business Analyst on W2 - No OPT/CPT - LINK: https://www.dice.com/job-detail/da2f03db-2c07-42d4-a0c4-c47f1d4664e3
2025-08-09 21:42:14,956 - INFO -    ✅ Successfully applied!
2025-08-09 21:42:23,722 - INFO - 🎯 [13/93] Applying to: Merchandise Data Analyst - LINK: https://www.dice.com/job-detail/85320253-d642-4ee0-bd83-7f342af5f1cd
2025-08-09 21:42:39,415 - INFO -    ✅ Successfully applied!
2025-08-09 21:42:49,692 - INFO - 🎯 [14/93] Applying to: MLOps & Data Science Consultant - LINK: https://www.dice.com/job-detail/41770627-a3ce-4f51-b673-efdcb6df6c72
2025-08-09 21:43:08,796 - ERROR -    ❌ Cannot click apply button: Message: 
Stacktrace:
#0 0x55c26f9582ca <unknown>
#1 0x55c26f3ff550 <unknown>
#2 0x55c26f4510f0 <unknown>
#3 0x55c26f4512e1 <unknown>
#4 0x55c26f49f5e4 <unknown>
#5 0x55c26f476bed <unknown>
#6 0x55c26f49c9e6 <unknown>
#7 0x55c26f476993 <unknown>
#8 0x55c26f442d6b <unknown>
#9 0x55c26f444141 <unknown>
#10 0x55c26f91d2ab <unknown>
#11 0x55c26f9210b9 <unknown>
#12 0x55c26f904139 <unknown>
#13 0x55c26f921c68 <unknown>
#14 0x55c26f8e860f <unknown>
#15 0x55c26f9461f8 <unknown>
#16 0x55c26f9463d6 <unknown>
#17 0x55c26f9575e6 <unknown>
#18 0x7f4ee9e9caa4 <unknown>
#19 0x7f4ee9f29c3c <unknown>

2025-08-09 21:43:16,070 - INFO - 🎯 [15/93] Applying to: Python fullstack with Gen AI - LINK: https://www.dice.com/job-detail/db4e9e4e-f089-41b8-b484-0ed3e1e81ffc
2025-08-09 21:43:30,943 - INFO -    ✅ Successfully applied!
2025-08-09 21:43:42,083 - INFO - 🎯 [16/93] Applying to: Data Scientist - LINK: https://www.dice.com/job-detail/e287bec2-2939-4840-96f3-2c6884034514
2025-08-09 21:43:57,275 - INFO -    ✅ Successfully applied!
2025-08-09 21:44:07,266 - INFO - 🎯 [17/93] Applying to: Computer Vision Engineer - LINK: https://www.dice.com/job-detail/c0781fe8-8f8c-4651-9289-45aff2ea25b7
2025-08-09 21:44:22,649 - INFO -    ✅ Successfully applied!
2025-08-09 21:44:33,940 - INFO - 🎯 [18/93] Applying to: Senior AI Engineer - LINK: https://www.dice.com/job-detail/ddaff655-11ee-450e-b6c6-a93b05cf5e22
2025-08-09 21:44:52,192 - ERROR -    ❌ Cannot click apply button: Message: 
Stacktrace:
#0 0x55c26f9582ca <unknown>
#1 0x55c26f3ff550 <unknown>
#2 0x55c26f4510f0 <unknown>
#3 0x55c26f4512e1 <unknown>
#4 0x55c26f49f5e4 <unknown>
#5 0x55c26f476bed <unknown>
#6 0x55c26f49c9e6 <unknown>
#7 0x55c26f476993 <unknown>
#8 0x55c26f442d6b <unknown>
#9 0x55c26f444141 <unknown>
#10 0x55c26f91d2ab <unknown>
#11 0x55c26f9210b9 <unknown>
#12 0x55c26f904139 <unknown>
#13 0x55c26f921c68 <unknown>
#14 0x55c26f8e860f <unknown>
#15 0x55c26f9461f8 <unknown>
#16 0x55c26f9463d6 <unknown>
#17 0x55c26f9575e6 <unknown>
#18 0x7f4ee9e9caa4 <unknown>
#19 0x7f4ee9f29c3c <unknown>

2025-08-09 21:44:59,540 - INFO - 🎯 [19/93] Applying to: Azure Data Engineer (Fincancial / Banking domain) - Jersey City, NJ - W2 candidates - LINK: https://www.dice.com/job-detail/20dbb7fa-cfda-465a-8b99-098f9da9d624
2025-08-09 21:45:14,473 - INFO -    ✅ Successfully applied!
2025-08-09 21:45:25,530 - INFO - 🎯 [20/93] Applying to: SeniorDataArchitect/Engineer(Google Cloud Platform,Looker, Teradata) - LINK: https://www.dice.com/job-detail/9f334f4c-dc04-4387-966d-2400439e432d
2025-08-09 21:45:38,816 - INFO -    ✅ Successfully applied!
2025-08-09 21:45:49,039 - INFO - 🎯 [21/93] Applying to: Senior Data Engineer - LINK: https://www.dice.com/job-detail/b23c1766-a74d-4584-84fe-771743d4468f
2025-08-09 21:46:04,722 - INFO -    ✅ Successfully applied!
2025-08-09 21:46:13,032 - INFO - 🎯 [22/93] Applying to: Machine Learning Engineer - LINK: https://www.dice.com/job-detail/e755adb6-2c7b-4555-a5c2-ddbfb9274234
2025-08-09 21:46:29,963 - INFO -    ✅ Successfully applied!
2025-08-09 21:46:39,804 - INFO - 🎯 [23/93] Applying to: Senior Software Engineer - SAS III - LINK: https://www.dice.com/job-detail/bad464c8-7b9e-4e00-9508-e65265d5d253
2025-08-09 21:46:54,575 - INFO -    ✅ Successfully applied!
2025-08-09 21:47:05,294 - INFO - 🎯 [24/93] Applying to: Embedded Software Engineer - LINK: https://www.dice.com/job-detail/f253306c-c578-4abe-a27f-10e0fd8f0e8d
2025-08-09 21:47:21,120 - INFO -    ✅ Successfully applied!
2025-08-09 21:47:32,663 - INFO - 🎯 [25/93] Applying to: AI Solutions Liaison - LINK: https://www.dice.com/job-detail/30f7fb82-318a-4bee-98e8-805ff6524090
2025-08-09 21:47:47,438 - INFO -    ✅ Successfully applied!
2025-08-09 21:47:57,355 - INFO - 🎯 [26/93] Applying to: Application Developer - LINK: https://www.dice.com/job-detail/92f047a1-85fd-4e8e-8d4c-4b865bfa1764
2025-08-09 21:48:11,806 - INFO -    ✅ Successfully applied!
2025-08-09 21:48:22,240 - INFO - 🎯 [27/93] Applying to: Need Gen AI Technical Manager (Hybrid Position) - LINK: https://www.dice.com/job-detail/8ee3e279-f8d5-46cf-91b4-7f8a04c095dc
2025-08-09 21:48:41,263 - ERROR -    ❌ Cannot click apply button: Message: 
Stacktrace:
#0 0x55c26f9582ca <unknown>
#1 0x55c26f3ff550 <unknown>
#2 0x55c26f4510f0 <unknown>
#3 0x55c26f4512e1 <unknown>
#4 0x55c26f49f5e4 <unknown>
#5 0x55c26f476bed <unknown>
#6 0x55c26f49c9e6 <unknown>
#7 0x55c26f476993 <unknown>
#8 0x55c26f442d6b <unknown>
#9 0x55c26f444141 <unknown>
#10 0x55c26f91d2ab <unknown>
#11 0x55c26f9210b9 <unknown>
#12 0x55c26f904139 <unknown>
#13 0x55c26f921c68 <unknown>
#14 0x55c26f8e860f <unknown>
#15 0x55c26f9461f8 <unknown>
#16 0x55c26f9463d6 <unknown>
#17 0x55c26f9575e6 <unknown>
#18 0x7f4ee9e9caa4 <unknown>
#19 0x7f4ee9f29c3c <unknown>

2025-08-09 21:48:54,045 - INFO - 🎯 [28/93] Applying to: Build Engineer - LINK: https://www.dice.com/job-detail/ca6f371c-1fdb-4ee7-96e1-8f78576d62df
2025-08-09 21:49:12,941 - ERROR -    ❌ Cannot click apply button: Message: 
Stacktrace:
#0 0x55c26f9582ca <unknown>
#1 0x55c26f3ff550 <unknown>
#2 0x55c26f4510f0 <unknown>
#3 0x55c26f4512e1 <unknown>
#4 0x55c26f49f5e4 <unknown>
#5 0x55c26f476bed <unknown>
#6 0x55c26f49c9e6 <unknown>
#7 0x55c26f476993 <unknown>
#8 0x55c26f442d6b <unknown>
#9 0x55c26f444141 <unknown>
#10 0x55c26f91d2ab <unknown>
#11 0x55c26f9210b9 <unknown>
#12 0x55c26f904139 <unknown>
#13 0x55c26f921c68 <unknown>
#14 0x55c26f8e860f <unknown>
#15 0x55c26f9461f8 <unknown>
#16 0x55c26f9463d6 <unknown>
#17 0x55c26f9575e6 <unknown>
#18 0x7f4ee9e9caa4 <unknown>
#19 0x7f4ee9f29c3c <unknown>

2025-08-09 21:49:24,297 - INFO - 🎯 [29/93] Applying to: Data Scientist - LINK: https://www.dice.com/job-detail/658ff872-3207-4428-8901-bacdfc59071e
2025-08-09 21:49:41,834 - INFO -    ✅ Successfully applied!
2025-08-09 21:49:52,231 - INFO - 🎯 [30/93] Applying to: Data Analyst - LINK: https://www.dice.com/job-detail/c6fe7f2f-0247-4ff8-bd47-ccad36a76d68
2025-08-09 21:50:08,603 - INFO -    ✅ Successfully applied!
2025-08-09 21:50:20,336 - INFO - 🎯 [31/93] Applying to: AI/ML Engineer - LINK: https://www.dice.com/job-detail/3a745526-5331-4031-a267-b7f643aa04b4
2025-08-09 21:50:40,345 - INFO -    ✅ Successfully applied!
2025-08-09 21:50:51,244 - INFO - 🎯 [32/93] Applying to: Data Engineer - LINK: https://www.dice.com/job-detail/05433997-3661-4813-95ee-05b7873f0e59
2025-08-09 21:51:06,556 - INFO -    ✅ Successfully applied!
2025-08-09 21:51:15,153 - INFO - 🎯 [33/93] Applying to: GenAI Architect (Artificial Intelligence) - LINK: https://www.dice.com/job-detail/bf4f683a-7761-433d-858a-e5a9a848174d
2025-08-09 21:51:32,059 - INFO -    ✅ Successfully applied!
2025-08-09 21:51:44,380 - INFO - 🎯 [34/93] Applying to: P&C Insurance Business Analyst with ETL- SME - LINK: https://www.dice.com/job-detail/34cfc7c0-64d0-4915-a8d5-9672de8517e0
2025-08-09 21:52:03,143 - ERROR -    ❌ Cannot click apply button: Message: 
Stacktrace:
#0 0x55c26f9582ca <unknown>
#1 0x55c26f3ff550 <unknown>
#2 0x55c26f4510f0 <unknown>
#3 0x55c26f4512e1 <unknown>
#4 0x55c26f49f5e4 <unknown>
#5 0x55c26f476bed <unknown>
#6 0x55c26f49c9e6 <unknown>
#7 0x55c26f476993 <unknown>
#8 0x55c26f442d6b <unknown>
#9 0x55c26f444141 <unknown>
#10 0x55c26f91d2ab <unknown>
#11 0x55c26f9210b9 <unknown>
#12 0x55c26f904139 <unknown>
#13 0x55c26f921c68 <unknown>
#14 0x55c26f8e860f <unknown>
#15 0x55c26f9461f8 <unknown>
#16 0x55c26f9463d6 <unknown>
#17 0x55c26f9575e6 <unknown>
#18 0x7f4ee9e9caa4 <unknown>
#19 0x7f4ee9f29c3c <unknown>

2025-08-09 21:52:15,865 - INFO - 🎯 [35/93] Applying to: Quality Assurance (QA) Data Engineer reporting - LINK: https://www.dice.com/job-detail/f9626257-a48b-4ff8-9381-1d9757d6dd4f
2025-08-09 21:52:35,394 - ERROR -    ❌ Cannot click apply button: Message: 
Stacktrace:
#0 0x55c26f9582ca <unknown>
#1 0x55c26f3ff550 <unknown>
#2 0x55c26f4510f0 <unknown>
#3 0x55c26f4512e1 <unknown>
#4 0x55c26f49f5e4 <unknown>
#5 0x55c26f476bed <unknown>
#6 0x55c26f49c9e6 <unknown>
#7 0x55c26f476993 <unknown>
#8 0x55c26f442d6b <unknown>
#9 0x55c26f444141 <unknown>
#10 0x55c26f91d2ab <unknown>
#11 0x55c26f9210b9 <unknown>
#12 0x55c26f904139 <unknown>
#13 0x55c26f921c68 <unknown>
#14 0x55c26f8e860f <unknown>
#15 0x55c26f9461f8 <unknown>
#16 0x55c26f9463d6 <unknown>
#17 0x55c26f9575e6 <unknown>
#18 0x7f4ee9e9caa4 <unknown>
#19 0x7f4ee9f29c3c <unknown>

2025-08-09 21:52:45,502 - INFO - 🎯 [36/93] Applying to: Business Analyst - LINK: https://www.dice.com/job-detail/cdd1ef9e-9aed-4802-8586-7de13bf00316
2025-08-09 21:53:02,810 - INFO -    ✅ Successfully applied!
2025-08-09 21:53:13,704 - INFO - 🎯 [37/93] Applying to: Immediate Hiring::Direct Client::Data Engineer (Informatica)::HYBRID ROLE - LINK: https://www.dice.com/job-detail/302924d8-a491-40a0-875e-b1efdc01bbe8
2025-08-09 21:53:29,060 - INFO -    ✅ Successfully applied!
2025-08-09 21:53:40,530 - INFO - 🎯 [38/93] Applying to: Data engineer fabric - LINK: https://www.dice.com/job-detail/8e240112-02bf-4473-b85f-1916b598dd7d
2025-08-09 21:53:57,704 - INFO -    ✅ Successfully applied!
2025-08-09 21:54:10,155 - INFO - 🎯 [39/93] Applying to: Data Architect - LINK: https://www.dice.com/job-detail/7edacbcd-d846-4dab-a740-ec2489ae3fb8
2025-08-09 21:54:25,503 - INFO -    ✅ Successfully applied!
2025-08-09 21:54:34,329 - INFO - 🎯 [40/93] Applying to: Software Engineer 3 - LINK: https://www.dice.com/job-detail/4caaeb96-d35f-4943-aac3-a25ef2f7e430
2025-08-09 21:54:50,946 - INFO -    ✅ Successfully applied!
2025-08-09 21:55:03,046 - INFO - 🎯 [41/93] Applying to: Google Cloud Platform Infrastructure Data Engineer - LINK: https://www.dice.com/job-detail/56dce04d-3bdd-4251-89fe-6d1491c54094
2025-08-09 21:55:16,255 - INFO -    ✅ Successfully applied!
2025-08-09 21:55:24,709 - INFO - 🎯 [42/93] Applying to: Engineer - LINK: https://www.dice.com/job-detail/ec7e12ac-38dd-48d0-9d0a-710a1a2bb754
2025-08-09 21:55:40,172 - INFO -    ✅ Successfully applied!
2025-08-09 21:55:50,760 - INFO - 🎯 [43/93] Applying to: Sr. Big Data Developer(W2 Only) - LINK: https://www.dice.com/job-detail/e90e1afe-ead0-4fa0-ae96-2003e0ceb0a4
2025-08-09 21:56:06,205 - INFO -    ✅ Successfully applied!
2025-08-09 21:56:17,001 - INFO - 🎯 [44/93] Applying to: MLOps Engineer - LINK: https://www.dice.com/job-detail/458256dd-f19a-4b35-be05-cb8807506bd7
2025-08-09 21:56:36,863 - ERROR -    ❌ Cannot click apply button: Message: 
Stacktrace:
#0 0x55c26f9582ca <unknown>
#1 0x55c26f3ff550 <unknown>
#2 0x55c26f4510f0 <unknown>
#3 0x55c26f4512e1 <unknown>
#4 0x55c26f49f5e4 <unknown>
#5 0x55c26f476bed <unknown>
#6 0x55c26f49c9e6 <unknown>
#7 0x55c26f476993 <unknown>
#8 0x55c26f442d6b <unknown>
#9 0x55c26f444141 <unknown>
#10 0x55c26f91d2ab <unknown>
#11 0x55c26f9210b9 <unknown>
#12 0x55c26f904139 <unknown>
#13 0x55c26f921c68 <unknown>
#14 0x55c26f8e860f <unknown>
#15 0x55c26f9461f8 <unknown>
#16 0x55c26f9463d6 <unknown>
#17 0x55c26f9575e6 <unknown>
#18 0x7f4ee9e9caa4 <unknown>
#19 0x7f4ee9f29c3c <unknown>

2025-08-09 21:56:46,828 - INFO - 🎯 [45/93] Applying to: Full Stack Developer - LINK: https://www.dice.com/job-detail/d54f2be8-4784-455c-aba7-aba1ac786d0b
2025-08-09 21:57:05,568 - ERROR -    ❌ Cannot click apply button: Message: 
Stacktrace:
#0 0x55c26f9582ca <unknown>
#1 0x55c26f3ff550 <unknown>
#2 0x55c26f4510f0 <unknown>
#3 0x55c26f4512e1 <unknown>
#4 0x55c26f49f5e4 <unknown>
#5 0x55c26f476bed <unknown>
#6 0x55c26f49c9e6 <unknown>
#7 0x55c26f476993 <unknown>
#8 0x55c26f442d6b <unknown>
#9 0x55c26f444141 <unknown>
#10 0x55c26f91d2ab <unknown>
#11 0x55c26f9210b9 <unknown>
#12 0x55c26f904139 <unknown>
#13 0x55c26f921c68 <unknown>
#14 0x55c26f8e860f <unknown>
#15 0x55c26f9461f8 <unknown>
#16 0x55c26f9463d6 <unknown>
#17 0x55c26f9575e6 <unknown>
#18 0x7f4ee9e9caa4 <unknown>
#19 0x7f4ee9f29c3c <unknown>

2025-08-09 21:57:17,254 - INFO - 🎯 [46/93] Applying to: Urgent Hiring || Full Stack Architect || Atlanta or Remote - LINK: https://www.dice.com/job-detail/306a557e-95b7-414d-811e-1085c04b8018
2025-08-09 21:57:34,472 - INFO -    ✅ Successfully applied!
2025-08-09 21:57:44,042 - INFO - 🎯 [47/93] Applying to: Software Developer - LINK: https://www.dice.com/job-detail/3590b87d-ff72-4d9a-a756-683747771730
2025-08-09 21:58:02,526 - ERROR -    ❌ Cannot click apply button: Message: 
Stacktrace:
#0 0x55c26f9582ca <unknown>
#1 0x55c26f3ff550 <unknown>
#2 0x55c26f4510f0 <unknown>
#3 0x55c26f4512e1 <unknown>
#4 0x55c26f49f5e4 <unknown>
#5 0x55c26f476bed <unknown>
#6 0x55c26f49c9e6 <unknown>
#7 0x55c26f476993 <unknown>
#8 0x55c26f442d6b <unknown>
#9 0x55c26f444141 <unknown>
#10 0x55c26f91d2ab <unknown>
#11 0x55c26f9210b9 <unknown>
#12 0x55c26f904139 <unknown>
#13 0x55c26f921c68 <unknown>
#14 0x55c26f8e860f <unknown>
#15 0x55c26f9461f8 <unknown>
#16 0x55c26f9463d6 <unknown>
#17 0x55c26f9575e6 <unknown>
#18 0x7f4ee9e9caa4 <unknown>
#19 0x7f4ee9f29c3c <unknown>

2025-08-09 21:58:12,243 - INFO - 🎯 [48/93] Applying to: Director Privileged Access Management Engineering - LINK: https://www.dice.com/job-detail/eccf99f0-8f36-46ad-beee-1d016d1b51d2
2025-08-09 21:58:31,402 - ERROR -    ❌ Cannot click apply button: Message: 
Stacktrace:
#0 0x55c26f9582ca <unknown>
#1 0x55c26f3ff550 <unknown>
#2 0x55c26f4510f0 <unknown>
#3 0x55c26f4512e1 <unknown>
#4 0x55c26f49f5e4 <unknown>
#5 0x55c26f476bed <unknown>
#6 0x55c26f49c9e6 <unknown>
#7 0x55c26f476993 <unknown>
#8 0x55c26f442d6b <unknown>
#9 0x55c26f444141 <unknown>
#10 0x55c26f91d2ab <unknown>
#11 0x55c26f9210b9 <unknown>
#12 0x55c26f904139 <unknown>
#13 0x55c26f921c68 <unknown>
#14 0x55c26f8e860f <unknown>
#15 0x55c26f9461f8 <unknown>
#16 0x55c26f9463d6 <unknown>
#17 0x55c26f9575e6 <unknown>
#18 0x7f4ee9e9caa4 <unknown>
#19 0x7f4ee9f29c3c <unknown>

2025-08-09 21:58:41,785 - INFO - 🎯 [49/93] Applying to: Full Stack Software Engineer - LINK: https://www.dice.com/job-detail/5e914706-6427-4c93-bc16-d66e5fa99016
2025-08-09 21:58:58,500 - INFO -    ✅ Successfully applied!
2025-08-09 21:59:08,276 - INFO - 🎯 [50/93] Applying to: Azure Data Engineer - LINK: https://www.dice.com/job-detail/c090fa1e-8573-463a-aa79-b206606773c6
2025-08-09 21:59:23,487 - INFO -    ✅ Successfully applied!
2025-08-09 21:59:31,931 - INFO - 🎯 [51/93] Applying to: Software Engineer IV - LINK: https://www.dice.com/job-detail/7fbdfa7d-6eb3-4b2e-ac6a-a4d14b35bc88
2025-08-09 21:59:47,652 - INFO -    ✅ Successfully applied!
2025-08-09 21:59:55,094 - INFO - 🎯 [52/93] Applying to: IT Business Analyst - SharePoint & RFP Consultant (34103) - LINK: https://www.dice.com/job-detail/d11f3313-9834-43ed-a638-8911f0547935
2025-08-09 22:00:10,102 - INFO -    ✅ Successfully applied!
2025-08-09 22:00:19,507 - INFO - 🎯 [53/93] Applying to: Data Analyst - LINK: https://www.dice.com/job-detail/db575ec9-c28a-46a2-98ec-c1f60144f29a
2025-08-09 22:00:31,327 - INFO -    ✅ Successfully applied!
2025-08-09 22:00:39,122 - INFO - 🎯 [54/93] Applying to: Data Engineer (Integration, Support, and Administration) #3392912 - LINK: https://www.dice.com/job-detail/4edfe54c-1986-4819-8225-f9e16e518f4e
2025-08-09 22:00:54,107 - INFO -    ✅ Successfully applied!
2025-08-09 22:01:07,006 - INFO - 🎯 [55/93] Applying to: Software Engineer 4 - Contingent - LINK: https://www.dice.com/job-detail/74fa0fc0-5d46-45a0-8a74-61764ae80d69
2025-08-09 22:01:21,834 - INFO -    ✅ Successfully applied!
2025-08-09 22:01:28,490 - INFO - 🎯 [56/93] Applying to: MLOps - Machine Learning - LINK: https://www.dice.com/job-detail/bcdb7241-1582-478d-866d-937d544ca9a5
2025-08-09 22:01:44,405 - INFO -    ✅ Successfully applied!
2025-08-09 22:01:53,257 - INFO - 🎯 [57/93] Applying to: Data Analyst - LINK: https://www.dice.com/job-detail/b524c944-a948-4a5d-bf9b-b4ec72f62f2b
2025-08-09 22:02:09,697 - INFO -    ✅ Successfully applied!
2025-08-09 22:02:20,911 - INFO - 🎯 [58/93] Applying to: Technical Product Manager - Generative AI, Gen AI - (Innovation Labs Group) - LINK: https://www.dice.com/job-detail/ceafd69b-d30f-429c-b169-b3f46f4c05ee
2025-08-09 22:02:37,016 - INFO -    ✅ Successfully applied!
2025-08-09 22:02:48,300 - INFO - 🎯 [59/93] Applying to: Senior Electrical Engineer (Active PE registration) - LINK: https://www.dice.com/job-detail/f18ec7f4-51d7-43be-87d3-d24431e08d98
2025-08-09 22:03:08,266 - ERROR -    ❌ Cannot click apply button: Message: 
Stacktrace:
#0 0x55c26f9582ca <unknown>
#1 0x55c26f3ff550 <unknown>
#2 0x55c26f4510f0 <unknown>
#3 0x55c26f4512e1 <unknown>
#4 0x55c26f49f5e4 <unknown>
#5 0x55c26f476bed <unknown>
#6 0x55c26f49c9e6 <unknown>
#7 0x55c26f476993 <unknown>
#8 0x55c26f442d6b <unknown>
#9 0x55c26f444141 <unknown>
#10 0x55c26f91d2ab <unknown>
#11 0x55c26f9210b9 <unknown>
#12 0x55c26f904139 <unknown>
#13 0x55c26f921c68 <unknown>
#14 0x55c26f8e860f <unknown>
#15 0x55c26f9461f8 <unknown>
#16 0x55c26f9463d6 <unknown>
#17 0x55c26f9575e6 <unknown>
#18 0x7f4ee9e9caa4 <unknown>
#19 0x7f4ee9f29c3c <unknown>

2025-08-09 22:03:20,334 - INFO - 🎯 [60/93] Applying to: Data Analyst - LINK: https://www.dice.com/job-detail/d7ec40dc-03a5-4239-966c-821b541f8e65
2025-08-09 22:03:36,721 - INFO -    ✅ Successfully applied!
2025-08-09 22:03:47,776 - INFO - 🎯 [61/93] Applying to: Need submission details for Senior Data Scientist AI/NLP & Healthcare Agents, Mason, OH, Onsite - LINK: https://www.dice.com/job-detail/6f72af8a-055f-4c56-b406-d927e9612aac
2025-08-09 22:04:07,686 - ERROR -    ❌ Cannot click apply button: Message: 
Stacktrace:
#0 0x55c26f9582ca <unknown>
#1 0x55c26f3ff550 <unknown>
#2 0x55c26f4510f0 <unknown>
#3 0x55c26f4512e1 <unknown>
#4 0x55c26f49f5e4 <unknown>
#5 0x55c26f476bed <unknown>
#6 0x55c26f49c9e6 <unknown>
#7 0x55c26f476993 <unknown>
#8 0x55c26f442d6b <unknown>
#9 0x55c26f444141 <unknown>
#10 0x55c26f91d2ab <unknown>
#11 0x55c26f9210b9 <unknown>
#12 0x55c26f904139 <unknown>
#13 0x55c26f921c68 <unknown>
#14 0x55c26f8e860f <unknown>
#15 0x55c26f9461f8 <unknown>
#16 0x55c26f9463d6 <unknown>
#17 0x55c26f9575e6 <unknown>
#18 0x7f4ee9e9caa4 <unknown>
#19 0x7f4ee9f29c3c <unknown>

2025-08-09 22:04:19,681 - INFO - 🎯 [62/93] Applying to: Software Engineer 4 - Contingent - LINK: https://www.dice.com/job-detail/f25d5109-9709-4d41-b0ba-d0e6c0a63258
2025-08-09 22:04:33,005 - INFO -    ✅ Successfully applied!
2025-08-09 22:04:45,033 - INFO - 🎯 [63/93] Applying to: Conversational AI Engineer - LINK: https://www.dice.com/job-detail/7cadb605-5bb5-424e-87de-20086fe1b5af
2025-08-09 22:05:04,303 - ERROR -    ❌ Cannot click apply button: Message: 
Stacktrace:
#0 0x55c26f9582ca <unknown>
#1 0x55c26f3ff550 <unknown>
#2 0x55c26f4510f0 <unknown>
#3 0x55c26f4512e1 <unknown>
#4 0x55c26f49f5e4 <unknown>
#5 0x55c26f476bed <unknown>
#6 0x55c26f49c9e6 <unknown>
#7 0x55c26f476993 <unknown>
#8 0x55c26f442d6b <unknown>
#9 0x55c26f444141 <unknown>
#10 0x55c26f91d2ab <unknown>
#11 0x55c26f9210b9 <unknown>
#12 0x55c26f904139 <unknown>
#13 0x55c26f921c68 <unknown>
#14 0x55c26f8e860f <unknown>
#15 0x55c26f9461f8 <unknown>
#16 0x55c26f9463d6 <unknown>
#17 0x55c26f9575e6 <unknown>
#18 0x7f4ee9e9caa4 <unknown>
#19 0x7f4ee9f29c3c <unknown>

2025-08-09 22:05:14,539 - INFO - 🎯 [64/93] Applying to: Senior Software Engineer – Warehouse Management & Supply Chain Solutions - LINK: https://www.dice.com/job-detail/bc0b010c-2509-4b52-9564-9d924eb81fd5
2025-08-09 22:05:28,494 - INFO -    ✅ Successfully applied!
2025-08-09 22:05:38,481 - INFO - 🎯 [65/93] Applying to: Senior IT Business Analyst -- Healthcare Domain || Phoenix, AZ (Hybrid) - LINK: https://www.dice.com/job-detail/e9778d0e-80ef-4b8c-ae3b-482dfa952311
2025-08-09 22:05:58,714 - ERROR -    ❌ Cannot click apply button: Message: 
Stacktrace:
#0 0x55c26f9582ca <unknown>
#1 0x55c26f3ff550 <unknown>
#2 0x55c26f4510f0 <unknown>
#3 0x55c26f4512e1 <unknown>
#4 0x55c26f49f5e4 <unknown>
#5 0x55c26f476bed <unknown>
#6 0x55c26f49c9e6 <unknown>
#7 0x55c26f476993 <unknown>
#8 0x55c26f442d6b <unknown>
#9 0x55c26f444141 <unknown>
#10 0x55c26f91d2ab <unknown>
#11 0x55c26f9210b9 <unknown>
#12 0x55c26f904139 <unknown>
#13 0x55c26f921c68 <unknown>
#14 0x55c26f8e860f <unknown>
#15 0x55c26f9461f8 <unknown>
#16 0x55c26f9463d6 <unknown>
#17 0x55c26f9575e6 <unknown>
#18 0x7f4ee9e9caa4 <unknown>
#19 0x7f4ee9f29c3c <unknown>

2025-08-09 22:06:08,976 - INFO - 🎯 [66/93] Applying to: Google Cloud Platform Engineer - LINK: https://www.dice.com/job-detail/542c7931-2136-4d61-8be2-29c8c792a700
2025-08-09 22:06:26,165 - INFO -    ✅ Successfully applied!
2025-08-09 22:06:36,683 - INFO - 🎯 [67/93] Applying to: Technical Senior Business Analyst with Azure Dev Ops testing & Microsoft Synapse - LINK: https://www.dice.com/job-detail/39be8928-4159-4024-9128-29eb9e65a675
2025-08-09 22:06:53,873 - INFO -    ✅ Successfully applied!
2025-08-09 22:07:05,717 - INFO - 🎯 [68/93] Applying to: Forensic Solutions Architect -AWS - LINK: https://www.dice.com/job-detail/fdc474ba-8dca-462c-b5d7-a194fac18e0e
2025-08-09 22:07:22,469 - INFO -    ✅ Successfully applied!
2025-08-09 22:07:34,257 - INFO - 🎯 [69/93] Applying to: Power Automate Hands on Lead / Architect with Gen AI expert : 15+ Years exp - LINK: https://www.dice.com/job-detail/a869fcb7-bfd3-4c6d-a777-656bbaaff921
2025-08-09 22:07:54,440 - ERROR -    ❌ Cannot click apply button: Message: 
Stacktrace:
#0 0x55c26f9582ca <unknown>
#1 0x55c26f3ff550 <unknown>
#2 0x55c26f4510f0 <unknown>
#3 0x55c26f4512e1 <unknown>
#4 0x55c26f49f5e4 <unknown>
#5 0x55c26f476bed <unknown>
#6 0x55c26f49c9e6 <unknown>
#7 0x55c26f476993 <unknown>
#8 0x55c26f442d6b <unknown>
#9 0x55c26f444141 <unknown>
#10 0x55c26f91d2ab <unknown>
#11 0x55c26f9210b9 <unknown>
#12 0x55c26f904139 <unknown>
#13 0x55c26f921c68 <unknown>
#14 0x55c26f8e860f <unknown>
#15 0x55c26f9461f8 <unknown>
#16 0x55c26f9463d6 <unknown>
#17 0x55c26f9575e6 <unknown>
#18 0x7f4ee9e9caa4 <unknown>
#19 0x7f4ee9f29c3c <unknown>

2025-08-09 22:08:05,831 - INFO - 🎯 [70/93] Applying to: Mechanical Engineer - LINK: https://www.dice.com/job-detail/ea8c7f11-e3b2-4aa7-8434-2dc09dcd4748
2025-08-09 22:08:20,331 - INFO -    ✅ Successfully applied!
2025-08-09 22:08:30,793 - INFO - 🎯 [71/93] Applying to: Remote: Java Cloud Solutions Architect with Healthcare - LINK: https://www.dice.com/job-detail/b6067f35-6182-4cfe-99c8-68631c20c4b2
2025-08-09 22:08:48,234 - INFO -    ✅ Successfully applied!
2025-08-09 22:08:57,355 - INFO - 🎯 [72/93] Applying to: Data Analyst - LINK: https://www.dice.com/job-detail/8a73c697-375e-4d93-b6de-26030810a675
2025-08-09 22:09:13,249 - INFO -    ✅ Successfully applied!
2025-08-09 22:09:22,035 - INFO - 🎯 [73/93] Applying to: Expert Business Analyst Medicaid Contract Compliance System (100% Remote work) - LINK: https://www.dice.com/job-detail/d053b2ea-cdfa-4e55-a346-17409cea13e0
2025-08-09 22:09:38,649 - INFO -    ✅ Successfully applied!
2025-08-09 22:09:50,854 - INFO - 🎯 [74/93] Applying to: Sr. Python Data Engineer - LINK: https://www.dice.com/job-detail/2d1da688-58a7-483d-adac-fc014b93830f
2025-08-09 22:10:07,487 - INFO -    ✅ Successfully applied!
2025-08-09 22:10:20,664 - INFO - 🎯 [75/93] Applying to: Director Privileged Access Management Engineering - LINK: https://www.dice.com/job-detail/94fd8473-35e7-4a4c-ad6c-699e9e596d67
2025-08-09 22:10:40,089 - ERROR -    ❌ Cannot click apply button: Message: 
Stacktrace:
#0 0x55c26f9582ca <unknown>
#1 0x55c26f3ff550 <unknown>
#2 0x55c26f4510f0 <unknown>
#3 0x55c26f4512e1 <unknown>
#4 0x55c26f49f5e4 <unknown>
#5 0x55c26f476bed <unknown>
#6 0x55c26f49c9e6 <unknown>
#7 0x55c26f476993 <unknown>
#8 0x55c26f442d6b <unknown>
#9 0x55c26f444141 <unknown>
#10 0x55c26f91d2ab <unknown>
#11 0x55c26f9210b9 <unknown>
#12 0x55c26f904139 <unknown>
#13 0x55c26f921c68 <unknown>
#14 0x55c26f8e860f <unknown>
#15 0x55c26f9461f8 <unknown>
#16 0x55c26f9463d6 <unknown>
#17 0x55c26f9575e6 <unknown>
#18 0x7f4ee9e9caa4 <unknown>
#19 0x7f4ee9f29c3c <unknown>

2025-08-09 22:10:48,751 - INFO - 🎯 [76/93] Applying to: Data Architect Only architect not engineer - LINK: https://www.dice.com/job-detail/cbc0bb38-8c26-4948-a5ff-59bcff93e76e
2025-08-09 22:11:04,517 - INFO -    ✅ Successfully applied!
2025-08-09 22:11:12,588 - INFO - 🎯 [77/93] Applying to: Product Owner/ Senior Business Analyst Provider Healthcare - LINK: https://www.dice.com/job-detail/a5792fe1-8e8e-4d65-9ecb-eeef2fc14526
2025-08-09 22:11:28,087 - INFO -    ✅ Successfully applied!
2025-08-09 22:11:39,603 - INFO - 🎯 [78/93] Applying to: IT Business Analyst (RADAR/GMAS/BOSS) - LINK: https://www.dice.com/job-detail/eb4b2633-a5e7-46e5-9c84-c9af1277557b
2025-08-09 22:11:56,814 - INFO -    ✅ Successfully applied!
2025-08-09 22:12:08,861 - INFO - 🎯 [79/93] Applying to: Business Analyst - LINK: https://www.dice.com/job-detail/e0559dbe-c8f3-4e9c-af7e-a70fbc02256d
2025-08-09 22:12:28,248 - ERROR -    ❌ Cannot click apply button: Message: 
Stacktrace:
#0 0x55c26f9582ca <unknown>
#1 0x55c26f3ff550 <unknown>
#2 0x55c26f4510f0 <unknown>
#3 0x55c26f4512e1 <unknown>
#4 0x55c26f49f5e4 <unknown>
#5 0x55c26f476bed <unknown>
#6 0x55c26f49c9e6 <unknown>
#7 0x55c26f476993 <unknown>
#8 0x55c26f442d6b <unknown>
#9 0x55c26f444141 <unknown>
#10 0x55c26f91d2ab <unknown>
#11 0x55c26f9210b9 <unknown>
#12 0x55c26f904139 <unknown>
#13 0x55c26f921c68 <unknown>
#14 0x55c26f8e860f <unknown>
#15 0x55c26f9461f8 <unknown>
#16 0x55c26f9463d6 <unknown>
#17 0x55c26f9575e6 <unknown>
#18 0x7f4ee9e9caa4 <unknown>
#19 0x7f4ee9f29c3c <unknown>

2025-08-09 22:12:39,394 - INFO - 🎯 [80/93] Applying to: Data Engineer withMatillionExperience - LINK: https://www.dice.com/job-detail/60c4c130-ccff-419a-a130-6aa88b17bf40
2025-08-09 22:12:59,235 - ERROR -    ❌ Cannot click apply button: Message: 
Stacktrace:
#0 0x55c26f9582ca <unknown>
#1 0x55c26f3ff550 <unknown>
#2 0x55c26f4510f0 <unknown>
#3 0x55c26f4512e1 <unknown>
#4 0x55c26f49f5e4 <unknown>
#5 0x55c26f476bed <unknown>
#6 0x55c26f49c9e6 <unknown>
#7 0x55c26f476993 <unknown>
#8 0x55c26f442d6b <unknown>
#9 0x55c26f444141 <unknown>
#10 0x55c26f91d2ab <unknown>
#11 0x55c26f9210b9 <unknown>
#12 0x55c26f904139 <unknown>
#13 0x55c26f921c68 <unknown>
#14 0x55c26f8e860f <unknown>
#15 0x55c26f9461f8 <unknown>
#16 0x55c26f9463d6 <unknown>
#17 0x55c26f9575e6 <unknown>
#18 0x7f4ee9e9caa4 <unknown>
#19 0x7f4ee9f29c3c <unknown>

2025-08-09 22:13:09,078 - INFO - 🎯 [81/93] Applying to: Senior Manager, Record to Report--Richardson, TX(Onsite) - LINK: https://www.dice.com/job-detail/83da6ca2-0d1a-42ca-a061-b4450c9b87b9
2025-08-09 22:13:26,072 - INFO -    ✅ Successfully applied!
2025-08-09 22:13:36,045 - INFO - 🎯 [82/93] Applying to: Java Microservices Developer - LINK: https://www.dice.com/job-detail/d470be52-696a-4abd-a0fb-f6b1d09775fa
2025-08-09 22:13:54,674 - ERROR -    ❌ Cannot click apply button: Message: 
Stacktrace:
#0 0x55c26f9582ca <unknown>
#1 0x55c26f3ff550 <unknown>
#2 0x55c26f4510f0 <unknown>
#3 0x55c26f4512e1 <unknown>
#4 0x55c26f49f5e4 <unknown>
#5 0x55c26f476bed <unknown>
#6 0x55c26f49c9e6 <unknown>
#7 0x55c26f476993 <unknown>
#8 0x55c26f442d6b <unknown>
#9 0x55c26f444141 <unknown>
#10 0x55c26f91d2ab <unknown>
#11 0x55c26f9210b9 <unknown>
#12 0x55c26f904139 <unknown>
#13 0x55c26f921c68 <unknown>
#14 0x55c26f8e860f <unknown>
#15 0x55c26f9461f8 <unknown>
#16 0x55c26f9463d6 <unknown>
#17 0x55c26f9575e6 <unknown>
#18 0x7f4ee9e9caa4 <unknown>
#19 0x7f4ee9f29c3c <unknown>

2025-08-09 22:14:04,096 - INFO - 🎯 [83/93] Applying to: Data Engineer Pyspark - LINK: https://www.dice.com/job-detail/8a3e4770-7491-486b-9f6f-63a20b47fdb3
2025-08-09 22:14:23,031 - ERROR -    ❌ Cannot click apply button: Message: 
Stacktrace:
#0 0x55c26f9582ca <unknown>
#1 0x55c26f3ff550 <unknown>
#2 0x55c26f4510f0 <unknown>
#3 0x55c26f4512e1 <unknown>
#4 0x55c26f49f5e4 <unknown>
#5 0x55c26f476bed <unknown>
#6 0x55c26f49c9e6 <unknown>
#7 0x55c26f476993 <unknown>
#8 0x55c26f442d6b <unknown>
#9 0x55c26f444141 <unknown>
#10 0x55c26f91d2ab <unknown>
#11 0x55c26f9210b9 <unknown>
#12 0x55c26f904139 <unknown>
#13 0x55c26f921c68 <unknown>
#14 0x55c26f8e860f <unknown>
#15 0x55c26f9461f8 <unknown>
#16 0x55c26f9463d6 <unknown>
#17 0x55c26f9575e6 <unknown>
#18 0x7f4ee9e9caa4 <unknown>
#19 0x7f4ee9f29c3c <unknown>

2025-08-09 22:14:34,283 - INFO - 🎯 [84/93] Applying to: Business Analyst - LINK: https://www.dice.com/job-detail/f10bb97c-1e03-41d0-a89d-e5792ed44337
2025-08-09 22:14:53,733 - ERROR -    ❌ Cannot click apply button: Message: 
Stacktrace:
#0 0x55c26f9582ca <unknown>
#1 0x55c26f3ff550 <unknown>
#2 0x55c26f4510f0 <unknown>
#3 0x55c26f4512e1 <unknown>
#4 0x55c26f49f5e4 <unknown>
#5 0x55c26f476bed <unknown>
#6 0x55c26f49c9e6 <unknown>
#7 0x55c26f476993 <unknown>
#8 0x55c26f442d6b <unknown>
#9 0x55c26f444141 <unknown>
#10 0x55c26f91d2ab <unknown>
#11 0x55c26f9210b9 <unknown>
#12 0x55c26f904139 <unknown>
#13 0x55c26f921c68 <unknown>
#14 0x55c26f8e860f <unknown>
#15 0x55c26f9461f8 <unknown>
#16 0x55c26f9463d6 <unknown>
#17 0x55c26f9575e6 <unknown>
#18 0x7f4ee9e9caa4 <unknown>
#19 0x7f4ee9f29c3c <unknown>

2025-08-09 22:15:05,457 - INFO - 🎯 [85/93] Applying to: Data Engineer - LINK: https://www.dice.com/job-detail/cd09b4b1-374f-48c8-8608-3eb246f66e3b
2025-08-09 22:15:22,301 - INFO -    ✅ Successfully applied!
2025-08-09 22:15:29,800 - INFO - 🎯 [86/93] Applying to: Python Developer / ML Engineer - LINK: https://www.dice.com/job-detail/acaec0db-c2aa-40ff-b5f4-f5634b6e81cc
2025-08-09 22:15:46,466 - INFO -    ✅ Successfully applied!
2025-08-09 22:15:56,620 - INFO - 🎯 [87/93] Applying to: Urgent Hiring || UX Designer || Atlanta OR Charlotte - LINK: https://www.dice.com/job-detail/6b333e1f-b011-431c-9370-9c5174b35115
2025-08-09 22:16:15,153 - ERROR -    ❌ Cannot click apply button: Message: 
Stacktrace:
#0 0x55c26f9582ca <unknown>
#1 0x55c26f3ff550 <unknown>
#2 0x55c26f4510f0 <unknown>
#3 0x55c26f4512e1 <unknown>
#4 0x55c26f49f5e4 <unknown>
#5 0x55c26f476bed <unknown>
#6 0x55c26f49c9e6 <unknown>
#7 0x55c26f476993 <unknown>
#8 0x55c26f442d6b <unknown>
#9 0x55c26f444141 <unknown>
#10 0x55c26f91d2ab <unknown>
#11 0x55c26f9210b9 <unknown>
#12 0x55c26f904139 <unknown>
#13 0x55c26f921c68 <unknown>
#14 0x55c26f8e860f <unknown>
#15 0x55c26f9461f8 <unknown>
#16 0x55c26f9463d6 <unknown>
#17 0x55c26f9575e6 <unknown>
#18 0x7f4ee9e9caa4 <unknown>
#19 0x7f4ee9f29c3c <unknown>

2025-08-09 22:16:23,170 - INFO - 🎯 [88/93] Applying to: Big Data Engineer ONLY W2 - LINK: https://www.dice.com/job-detail/309a3e95-f754-4f39-862b-62aac5c697dc
2025-08-09 22:16:39,422 - INFO -    ✅ Successfully applied!
2025-08-09 22:16:51,250 - INFO - 🎯 [89/93] Applying to: Data Analyst - LINK: https://www.dice.com/job-detail/d3d58a3a-cf81-4d46-96ac-1e57ed60f964
2025-08-09 22:17:05,595 - INFO -    ✅ Successfully applied!
2025-08-09 22:17:15,654 - INFO - 🎯 [90/93] Applying to: Machine Learning Engineer ( Data Scientist ) - LINK: https://www.dice.com/job-detail/2520dcaf-6e68-4104-b1f3-869300a07a49
2025-08-09 22:17:35,515 - ERROR -    ❌ Cannot click apply button: Message: 
Stacktrace:
#0 0x55c26f9582ca <unknown>
#1 0x55c26f3ff550 <unknown>
#2 0x55c26f4510f0 <unknown>
#3 0x55c26f4512e1 <unknown>
#4 0x55c26f49f5e4 <unknown>
#5 0x55c26f476bed <unknown>
#6 0x55c26f49c9e6 <unknown>
#7 0x55c26f476993 <unknown>
#8 0x55c26f442d6b <unknown>
#9 0x55c26f444141 <unknown>
#10 0x55c26f91d2ab <unknown>
#11 0x55c26f9210b9 <unknown>
#12 0x55c26f904139 <unknown>
#13 0x55c26f921c68 <unknown>
#14 0x55c26f8e860f <unknown>
#15 0x55c26f9461f8 <unknown>
#16 0x55c26f9463d6 <unknown>
#17 0x55c26f9575e6 <unknown>
#18 0x7f4ee9e9caa4 <unknown>
#19 0x7f4ee9f29c3c <unknown>

2025-08-09 22:17:46,372 - INFO - 🎯 [91/93] Applying to: Business Analyst - LINK: https://www.dice.com/job-detail/e0e3ef55-312e-46af-8256-ec4ea15b957d
2025-08-09 22:18:01,658 - INFO -    ✅ Successfully applied!
2025-08-09 22:18:15,420 - INFO - 🎯 [92/93] Applying to: Google Cloud Platform Data Engineer - LINK: https://www.dice.com/job-detail/7ea789aa-1e1d-4069-9939-287a170fe925
2025-08-09 22:18:33,943 - ERROR -    ❌ Cannot click apply button: Message: 
Stacktrace:
#0 0x55c26f9582ca <unknown>
#1 0x55c26f3ff550 <unknown>
#2 0x55c26f4510f0 <unknown>
#3 0x55c26f4512e1 <unknown>
#4 0x55c26f49f5e4 <unknown>
#5 0x55c26f476bed <unknown>
#6 0x55c26f49c9e6 <unknown>
#7 0x55c26f476993 <unknown>
#8 0x55c26f442d6b <unknown>
#9 0x55c26f444141 <unknown>
#10 0x55c26f91d2ab <unknown>
#11 0x55c26f9210b9 <unknown>
#12 0x55c26f904139 <unknown>
#13 0x55c26f921c68 <unknown>
#14 0x55c26f8e860f <unknown>
#15 0x55c26f9461f8 <unknown>
#16 0x55c26f9463d6 <unknown>
#17 0x55c26f9575e6 <unknown>
#18 0x7f4ee9e9caa4 <unknown>
#19 0x7f4ee9f29c3c <unknown>

2025-08-09 22:18:44,744 - INFO - 🎯 [93/93] Applying to: Business Analyst - LINK: https://www.dice.com/job-detail/283dda19-f4e0-4117-8b4b-ca8c64661d08
2025-08-09 22:19:00,500 - INFO -    ✅ Successfully applied!
2025-08-09 22:19:03,101 - INFO - 📊 Processing results...
2025-08-09 22:19:03,169 - INFO - 🎉 Application run completed!
2025-08-09 22:19:03,169 - INFO -    ✅ Newly applied: 67
2025-08-09 22:19:03,169 - INFO -    ⏭️  Already applied: 0
2025-08-09 22:19:03,169 - INFO -    ❌ Failed: 26
2025-08-09 22:19:03,170 - INFO -    📊 Total processed: 93
2025-08-09 22:19:03,170 - INFO -    📁 Total jobs in CSV: 5122
2025-08-09 22:19:03,170 - INFO -    💾 Updated: output/final_ml_jobs.csv
2025-08-09 22:19:03,170 - INFO - 🔧 Closing browser...
