2025-09-16 14:22:56,853 - INFO - 🚀 Starting ROBUST stealth job application bot
2025-09-16 14:22:56,853 - INFO - ⚙️  Debug mode: OFF
2025-09-16 14:22:56,853 - INFO - ⚙️  Process failed jobs: False
2025-09-16 14:23:17,458 - INFO - 📂 Loading jobs from output/final_ml_jobs.csv
2025-09-16 14:23:17,485 - INFO -    📊 Total jobs in file: 3123
2025-09-16 14:23:17,488 - INFO -    🎯 Easy Apply jobs: 3123
2025-09-16 14:23:17,490 - INFO -    ⏳ Jobs to process: 40 (status: pending)
2025-09-16 14:23:17,490 - INFO - 🎲 Will attempt 40 applications this run (target: 66)
2025-09-16 14:23:17,490 - INFO - 🔑 Logging into Dice...
2025-09-16 14:23:20,829 - INFO - ✅ Login successful
2025-09-16 14:23:23,541 - INFO - 🔄 Starting job applications...
2025-09-16 14:23:23,541 - INFO - 🎯 [1/40] Applying to: SAP S2P (Source to Pay) Data Consultant - LINK: https://www.dice.com/job-detail/1b807130-3f60-4f81-8439-a2b8c26fbf5b
2025-09-16 14:23:35,772 - INFO -    🔄 Looking for apply button...
2025-09-16 14:23:37,910 - INFO -    ✅ Apply button clicked (regular click)
2025-09-16 14:23:40,562 - INFO -    🔍 Checking if we're on application page...
2025-09-16 14:23:40,566 - INFO -    Current URL: https://www.dice.com/apply?eyJjb3JyZWxhdGlvbl9pZCI6ImM0ODljZjFlLTlhNGEtNDczOS05NGM2LTE0YWQ2NDNjMmNjNCIsImRqdlZlcnNpb24iOiJuZXciLCJqb2JJZCI6IjFiODA3MTMwLTNmNjAtNGY4MS04NDM5LWEyYjhjMjZmYmY1YiIsImpvYlVybCI6Imh0dHBzOi8vd3d3LmRpY2UuY29tL2pvYi1kZXRhaWwvMWI4MDcxMzAtM2Y2MC00ZjgxLTg0MzktYTJiOGMyNmZiZjViIiwiam9iVGl0bGUiOiJTQVAgUzJQIChTb3VyY2UgdG8gUGF5KSBEYXRhIENvbnN1bHRhbnQiLCJzZWFyY2hMaW5rIjoiIn0=
2025-09-16 14:23:40,570 - INFO -    Page title: Apply
2025-09-16 14:23:46,223 - INFO -    ✅ Successfully on application page
2025-09-16 14:23:46,236 - INFO -    🔄 Looking for NEXT button...
2025-09-16 14:23:48,369 - INFO -    ✅ NEXT button clicked
2025-09-16 14:23:51,317 - INFO -    🔄 Looking for SUBMIT button...
2025-09-16 14:23:52,680 - INFO -    ✅ SUBMIT button clicked
2025-09-16 14:23:52,680 - INFO -    ✅ Successfully applied!
2025-09-16 14:24:02,849 - INFO - 🎯 [2/40] Applying to: Sr Data engineer-Cribl,Vector - LINK: https://www.dice.com/job-detail/4d28ed51-9f47-430c-bcf8-72a10541c2d8
2025-09-16 14:24:15,457 - INFO -    🔄 Looking for apply button...
2025-09-16 14:24:17,518 - INFO -    ✅ Apply button clicked (regular click)
2025-09-16 14:24:21,123 - INFO -    🔍 Checking if we're on application page...
2025-09-16 14:24:21,126 - INFO -    Current URL: https://www.dice.com/apply?eyJjb3JyZWxhdGlvbl9pZCI6ImVkNDQ0OWI1LTVhNWEtNGMxYy1hYmU4LWE0M2ExYTBmY2M3YSIsImRqdlZlcnNpb24iOiJuZXciLCJqb2JJZCI6IjRkMjhlZDUxLTlmNDctNDMwYy1iY2Y4LTcyYTEwNTQxYzJkOCIsImpvYlVybCI6Imh0dHBzOi8vd3d3LmRpY2UuY29tL2pvYi1kZXRhaWwvNGQyOGVkNTEtOWY0Ny00MzBjLWJjZjgtNzJhMTA1NDFjMmQ4Iiwiam9iVGl0bGUiOiJTciBEYXRhIGVuZ2luZWVyLUNyaWJsLFZlY3RvciIsInNlYXJjaExpbmsiOiIifQ=%3D
2025-09-16 14:24:21,130 - INFO -    Page title: Apply
2025-09-16 14:24:26,874 - INFO -    ✅ Successfully on application page
2025-09-16 14:24:26,887 - INFO -    🔄 Looking for NEXT button...
2025-09-16 14:24:28,445 - INFO -    ✅ NEXT button clicked
2025-09-16 14:24:31,673 - INFO -    🔄 Looking for SUBMIT button...
2025-09-16 14:24:33,102 - INFO -    ✅ SUBMIT button clicked
2025-09-16 14:24:33,102 - INFO -    ✅ Successfully applied!
2025-09-16 14:24:46,796 - INFO - 🎯 [3/40] Applying to: Google Cloud Platform Data engineer - LINK: https://www.dice.com/job-detail/7ff5eef5-696b-4379-a3e6-27e97c25ecf3
2025-09-16 14:24:58,879 - INFO -    🔄 Looking for apply button...
2025-09-16 14:25:01,754 - INFO -    ✅ Apply button clicked (regular click)
2025-09-16 14:25:05,431 - INFO -    🔍 Checking if we're on application page...
2025-09-16 14:25:05,434 - INFO -    Current URL: https://www.dice.com/apply?eyJjb3JyZWxhdGlvbl9pZCI6ImQ2MWU1ZGFiLTBkODUtNDkyZC05MDhhLTY4ZmYzYjY3Mzc4YiIsImRqdlZlcnNpb24iOiJuZXciLCJqb2JJZCI6IjdmZjVlZWY1LTY5NmItNDM3OS1hM2U2LTI3ZTk3YzI1ZWNmMyIsImpvYlVybCI6Imh0dHBzOi8vd3d3LmRpY2UuY29tL2pvYi1kZXRhaWwvN2ZmNWVlZjUtNjk2Yi00Mzc5LWEzZTYtMjdlOTdjMjVlY2YzIiwiam9iVGl0bGUiOiJHb29nbGUgQ2xvdWQgUGxhdGZvcm0gRGF0YSBlbmdpbmVlciIsInNlYXJjaExpbmsiOiIifQ=%3D
2025-09-16 14:25:05,438 - INFO -    Page title: Apply
2025-09-16 14:25:10,389 - INFO -    ✅ Successfully on application page
2025-09-16 14:25:10,402 - INFO -    🔄 Looking for NEXT button...
2025-09-16 14:25:11,987 - INFO -    ✅ NEXT button clicked
2025-09-16 14:25:14,388 - INFO -    🔄 Looking for SUBMIT button...
2025-09-16 14:25:16,656 - INFO -    ✅ SUBMIT button clicked
2025-09-16 14:25:16,657 - INFO -    ✅ Successfully applied!
2025-09-16 14:25:28,925 - INFO - 🎯 [4/40] Applying to: Only Local To Massachusetts - Data Engineer - LINK: https://www.dice.com/job-detail/f416c7ba-5905-4afd-ab95-4432f059fdac
2025-09-16 14:25:41,286 - INFO -    🔄 Looking for apply button...
2025-09-16 14:25:43,160 - INFO -    ✅ Apply button clicked (regular click)
2025-09-16 14:25:45,782 - INFO -    🔍 Checking if we're on application page...
2025-09-16 14:25:45,786 - INFO -    Current URL: https://www.dice.com/apply?eyJjb3JyZWxhdGlvbl9pZCI6IjlhOTg3MmNjLWQzN2EtNDA2Yy1iY2M3LWQxZjc5NGQ1NWY1NyIsImRqdlZlcnNpb24iOiJuZXciLCJqb2JJZCI6ImY0MTZjN2JhLTU5MDUtNGFmZC1hYjk1LTQ0MzJmMDU5ZmRhYyIsImpvYlVybCI6Imh0dHBzOi8vd3d3LmRpY2UuY29tL2pvYi1kZXRhaWwvZjQxNmM3YmEtNTkwNS00YWZkLWFiOTUtNDQzMmYwNTlmZGFjIiwiam9iVGl0bGUiOiJPbmx5IExvY2FsIFRvIE1hc3NhY2h1c2V0dHMgLSBEYXRhIEVuZ2luZWVyIiwic2VhcmNoTGluayI6IiJ9
2025-09-16 14:25:45,789 - INFO -    Page title: Apply
2025-09-16 14:25:50,676 - INFO -    ✅ Successfully on application page
2025-09-16 14:25:50,689 - INFO -    🔄 Looking for NEXT button...
2025-09-16 14:25:51,496 - INFO -    ✅ NEXT button clicked
2025-09-16 14:25:54,652 - INFO -    🔄 Looking for SUBMIT button...
2025-09-16 14:25:56,154 - INFO -    ✅ SUBMIT button clicked
2025-09-16 14:25:56,154 - INFO -    ✅ Successfully applied!
2025-09-16 14:26:05,414 - INFO - 🎯 [5/40] Applying to: Senior Data Engineer (W2 Only) - LINK: https://www.dice.com/job-detail/12f9dda7-4332-4183-91e3-f0f83a96ad52
2025-09-16 14:26:17,243 - INFO -    🔄 Looking for apply button...
2025-09-16 14:26:19,900 - INFO -    ✅ Apply button clicked (regular click)
2025-09-16 14:26:22,911 - INFO -    🔍 Checking if we're on application page...
2025-09-16 14:26:22,915 - INFO -    Current URL: https://www.dice.com/apply?eyJjb3JyZWxhdGlvbl9pZCI6IjcwYWZjYWNkLTA5ZDEtNGZmOC04OTYyLTI2MDdjYTk2ZGU3ZCIsImRqdlZlcnNpb24iOiJuZXciLCJqb2JJZCI6IjEyZjlkZGE3LTQzMzItNDE4My05MWUzLWYwZjgzYTk2YWQ1MiIsImpvYlVybCI6Imh0dHBzOi8vd3d3LmRpY2UuY29tL2pvYi1kZXRhaWwvMTJmOWRkYTctNDMzMi00MTgzLTkxZTMtZjBmODNhOTZhZDUyIiwiam9iVGl0bGUiOiJTZW5pb3IgRGF0YSBFbmdpbmVlciAoVzIgT25seSkiLCJzZWFyY2hMaW5rIjoiIn0=
2025-09-16 14:26:22,919 - INFO -    Page title: Apply
2025-09-16 14:26:28,437 - INFO -    ✅ Successfully on application page
2025-09-16 14:26:28,450 - INFO -    🔄 Looking for NEXT button...
2025-09-16 14:26:31,275 - INFO -    ✅ NEXT button clicked
2025-09-16 14:26:34,230 - INFO -    🔄 Looking for SUBMIT button...
2025-09-16 14:26:36,483 - INFO -    ✅ SUBMIT button clicked
2025-09-16 14:26:36,483 - INFO -    ✅ Successfully applied!
2025-09-16 14:26:47,698 - INFO - 🎯 [6/40] Applying to: Only W2 Contract Position || Data Engineer- Business Intelligence || Houston, TX (Onsite) || Long Term Contract - LINK: https://www.dice.com/job-detail/04fe5e30-4ac8-4594-af30-d0e1f2d0c071
2025-09-16 14:26:58,461 - INFO -    🔄 Looking for apply button...
2025-09-16 14:27:01,010 - INFO -    ✅ Apply button clicked (regular click)
2025-09-16 14:27:04,492 - INFO -    🔍 Checking if we're on application page...
2025-09-16 14:27:04,495 - INFO -    Current URL: https://www.dice.com/apply?eyJjb3JyZWxhdGlvbl9pZCI6IjA2MTU4Y2UxLWMwZGQtNGE2OC04ODMwLTk0Nzk0MWRhN2NmMSIsImRqdlZlcnNpb24iOiJuZXciLCJqb2JJZCI6IjA0ZmU1ZTMwLTRhYzgtNDU5NC1hZjMwLWQwZTFmMmQwYzA3MSIsImpvYlVybCI6Imh0dHBzOi8vd3d3LmRpY2UuY29tL2pvYi1kZXRhaWwvMDRmZTVlMzAtNGFjOC00NTk0LWFmMzAtZDBlMWYyZDBjMDcxIiwiam9iVGl0bGUiOiJPbmx5IFcyIENvbnRyYWN0IFBvc2l0aW9uIHx8IERhdGEgRW5naW5lZXItIEJ1c2luZXNzIEludGVsbGlnZW5jZSB8fCBIb3VzdG9uLCBUWCAoT25zaXRlKSB8fCBMb25nIFRlcm0gQ29udHJhY3QiLCJzZWFyY2hMaW5rIjoiIn0=
2025-09-16 14:27:04,499 - INFO -    Page title: Apply
2025-09-16 14:27:08,748 - INFO -    ✅ Successfully on application page
2025-09-16 14:27:08,761 - INFO -    🔄 Looking for NEXT button...
2025-09-16 14:27:09,793 - INFO -    ✅ NEXT button clicked
2025-09-16 14:27:13,318 - INFO -    🔄 Looking for SUBMIT button...
2025-09-16 14:27:14,401 - INFO -    ✅ SUBMIT button clicked
2025-09-16 14:27:14,401 - INFO -    ✅ Successfully applied!
2025-09-16 14:27:25,680 - INFO - 🎯 [7/40] Applying to: Data Engineer - LINK: https://www.dice.com/job-detail/1a63fdcb-13d0-4f42-9b35-95a04440e7c5
2025-09-16 14:27:38,419 - INFO -    🔄 Looking for apply button...
2025-09-16 14:27:40,695 - INFO -    ✅ Apply button clicked (regular click)
2025-09-16 14:27:43,609 - INFO -    🔍 Checking if we're on application page...
2025-09-16 14:27:43,612 - INFO -    Current URL: https://www.dice.com/apply?eyJjb3JyZWxhdGlvbl9pZCI6IjJjNmUyNDlkLTI0YzktNDczYy05YTE2LTZjMmE2MmMxMzFjYyIsImRqdlZlcnNpb24iOiJuZXciLCJqb2JJZCI6IjFhNjNmZGNiLTEzZDAtNGY0Mi05YjM1LTk1YTA0NDQwZTdjNSIsImpvYlVybCI6Imh0dHBzOi8vd3d3LmRpY2UuY29tL2pvYi1kZXRhaWwvMWE2M2ZkY2ItMTNkMC00ZjQyLTliMzUtOTVhMDQ0NDBlN2M1Iiwiam9iVGl0bGUiOiJEYXRhIEVuZ2luZWVyIiwic2VhcmNoTGluayI6IiJ9
2025-09-16 14:27:43,616 - INFO -    Page title: Apply
2025-09-16 14:27:48,629 - INFO -    ✅ Successfully on application page
2025-09-16 14:27:48,644 - INFO -    🔄 Looking for NEXT button...
2025-09-16 14:27:49,591 - INFO -    ✅ NEXT button clicked
2025-09-16 14:27:52,552 - INFO -    🔄 Looking for SUBMIT button...
2025-09-16 14:27:54,034 - INFO -    ✅ SUBMIT button clicked
2025-09-16 14:27:54,034 - INFO -    ✅ Successfully applied!
2025-09-16 14:28:04,749 - INFO - 🎯 [8/40] Applying to: Data Engineer - LINK: https://www.dice.com/job-detail/d480178e-0e2b-4384-b6b7-220c52f4f2af
2025-09-16 14:28:15,914 - INFO -    🔄 Looking for apply button...
2025-09-16 14:28:18,274 - INFO -    ✅ Apply button clicked (regular click)
2025-09-16 14:28:21,703 - INFO -    🔍 Checking if we're on application page...
2025-09-16 14:28:21,706 - INFO -    Current URL: https://www.dice.com/apply?eyJjb3JyZWxhdGlvbl9pZCI6IjZjZmY3Njc4LTY0YWItNDY5ZC1hNWU3LWI2OTczMDVhNDE1NiIsImRqdlZlcnNpb24iOiJuZXciLCJqb2JJZCI6ImQ0ODAxNzhlLTBlMmItNDM4NC1iNmI3LTIyMGM1MmY0ZjJhZiIsImpvYlVybCI6Imh0dHBzOi8vd3d3LmRpY2UuY29tL2pvYi1kZXRhaWwvZDQ4MDE3OGUtMGUyYi00Mzg0LWI2YjctMjIwYzUyZjRmMmFmIiwiam9iVGl0bGUiOiJEYXRhIEVuZ2luZWVyIiwic2VhcmNoTGluayI6IiJ9
2025-09-16 14:28:21,709 - INFO -    Page title: Apply
2025-09-16 14:28:25,824 - INFO -    ✅ Successfully on application page
2025-09-16 14:28:25,836 - INFO -    🔄 Looking for NEXT button...
2025-09-16 14:28:28,383 - INFO -    ✅ NEXT button clicked
2025-09-16 14:28:31,340 - INFO -    🔄 Looking for SUBMIT button...
2025-09-16 14:28:32,943 - INFO -    ✅ SUBMIT button clicked
2025-09-16 14:28:32,943 - INFO -    ✅ Successfully applied!
2025-09-16 14:28:44,454 - INFO - 🎯 [9/40] Applying to: Conversational AI Developer - LINK: https://www.dice.com/job-detail/16233a02-828e-43e3-846d-f0ea3c98d706
2025-09-16 14:28:56,681 - INFO -    🔄 Looking for apply button...
2025-09-16 14:28:58,732 - INFO -    ✅ Apply button clicked (regular click)
2025-09-16 14:29:01,357 - INFO -    🔍 Checking if we're on application page...
2025-09-16 14:29:01,361 - INFO -    Current URL: https://www.dice.com/apply?eyJjb3JyZWxhdGlvbl9pZCI6IjdhMjdlZTRjLTM2MGYtNDVjNi04ZmQxLTViOGEzNjQ4NWVhZCIsImRqdlZlcnNpb24iOiJuZXciLCJqb2JJZCI6IjE2MjMzYTAyLTgyOGUtNDNlMy04NDZkLWYwZWEzYzk4ZDcwNiIsImpvYlVybCI6Imh0dHBzOi8vd3d3LmRpY2UuY29tL2pvYi1kZXRhaWwvMTYyMzNhMDItODI4ZS00M2UzLTg0NmQtZjBlYTNjOThkNzA2Iiwiam9iVGl0bGUiOiJDb252ZXJzYXRpb25hbCBBSSBEZXZlbG9wZXIiLCJzZWFyY2hMaW5rIjoiIn0=
2025-09-16 14:29:01,364 - INFO -    Page title: Apply
2025-09-16 14:29:06,585 - INFO -    ✅ Successfully on application page
2025-09-16 14:29:06,598 - INFO -    🔄 Looking for NEXT button...
2025-09-16 14:29:09,613 - INFO -    ✅ NEXT button clicked
2025-09-16 14:29:12,182 - INFO -    🔄 Looking for SUBMIT button...
2025-09-16 14:29:13,427 - INFO -    ✅ SUBMIT button clicked
2025-09-16 14:29:13,427 - INFO -    ✅ Successfully applied!
2025-09-16 14:29:24,689 - INFO - 🎯 [10/40] Applying to: Director of Sales Software & IT Solutions (Hunter Role) - LINK: https://www.dice.com/job-detail/44c07031-d66a-41e4-a008-f5ebba9912d9
2025-09-16 14:29:36,402 - INFO -    🔄 Looking for apply button...
2025-09-16 14:29:38,332 - INFO -    ✅ Apply button clicked (regular click)
2025-09-16 14:29:41,733 - INFO -    🔍 Checking if we're on application page...
2025-09-16 14:29:41,737 - INFO -    Current URL: https://www.dice.com/apply?eyJjb3JyZWxhdGlvbl9pZCI6ImE2YzZjNGU4LTM0ZDYtNDE5Zi1iZjViLTIxZDczMmE3NDIxYSIsImRqdlZlcnNpb24iOiJuZXciLCJqb2JJZCI6IjQ0YzA3MDMxLWQ2NmEtNDFlNC1hMDA4LWY1ZWJiYTk5MTJkOSIsImpvYlVybCI6Imh0dHBzOi8vd3d3LmRpY2UuY29tL2pvYi1kZXRhaWwvNDRjMDcwMzEtZDY2YS00MWU0LWEwMDgtZjVlYmJhOTkxMmQ5Iiwiam9iVGl0bGUiOiJEaXJlY3RvciBvZiBTYWxlcyBTb2Z0d2FyZSAmYW1wOyBJVCBTb2x1dGlvbnMgKEh1bnRlciBSb2xlKSIsInNlYXJjaExpbmsiOiIifQ=%3D
2025-09-16 14:29:41,741 - INFO -    Page title: Apply
2025-09-16 14:29:46,840 - INFO -    ✅ Successfully on application page
2025-09-16 14:29:46,853 - INFO -    🔄 Looking for NEXT button...
2025-09-16 14:29:48,740 - INFO -    ✅ NEXT button clicked
2025-09-16 14:29:52,282 - INFO -    🔄 Looking for SUBMIT button...
2025-09-16 14:29:54,785 - INFO -    ✅ SUBMIT button clicked
2025-09-16 14:29:54,785 - INFO -    ✅ Successfully applied!
2025-09-16 14:30:02,584 - INFO - 🎯 [11/40] Applying to: Generative AI Python Developer - W2 Role - LINK: https://www.dice.com/job-detail/a86f8772-afd3-4f69-a111-251cf63d0843
2025-09-16 14:30:14,355 - INFO -    🔄 Looking for apply button...
2025-09-16 14:30:15,119 - INFO -    ✅ Apply button clicked (regular click)
2025-09-16 14:30:18,529 - INFO -    🔍 Checking if we're on application page...
2025-09-16 14:30:18,533 - INFO -    Current URL: https://www.dice.com/apply?eyJjb3JyZWxhdGlvbl9pZCI6ImNjMDkxNmJlLTVmMzItNDNiNC1iZWI3LTQ2Nzk0YWUxMjEyYiIsImRqdlZlcnNpb24iOiJuZXciLCJqb2JJZCI6ImE4NmY4NzcyLWFmZDMtNGY2OS1hMTExLTI1MWNmNjNkMDg0MyIsImpvYlVybCI6Imh0dHBzOi8vd3d3LmRpY2UuY29tL2pvYi1kZXRhaWwvYTg2Zjg3NzItYWZkMy00ZjY5LWExMTEtMjUxY2Y2M2QwODQzIiwiam9iVGl0bGUiOiJHZW5lcmF0aXZlIEFJIFB5dGhvbiBEZXZlbG9wZXIgLSBXMiBSb2xlIiwic2VhcmNoTGluayI6IiJ9
2025-09-16 14:30:18,536 - INFO -    Page title: Apply
2025-09-16 14:30:23,145 - INFO -    ✅ Successfully on application page
2025-09-16 14:30:23,158 - INFO -    🔄 Looking for NEXT button...
2025-09-16 14:30:24,852 - INFO -    ✅ NEXT button clicked
2025-09-16 14:30:27,801 - INFO -    🔄 Looking for SUBMIT button...
2025-09-16 14:30:29,168 - INFO -    ✅ SUBMIT button clicked
2025-09-16 14:30:29,168 - INFO -    ✅ Successfully applied!
2025-09-16 14:30:39,974 - INFO - 🎯 [12/40] Applying to: Gen AI Python Developer - LINK: https://www.dice.com/job-detail/b4338b82-6bef-4e5c-9641-a903301f293f
2025-09-16 14:30:52,068 - INFO -    🔄 Looking for apply button...
2025-09-16 14:30:53,799 - INFO -    ✅ Apply button clicked (regular click)
2025-09-16 14:30:56,557 - INFO -    🔍 Checking if we're on application page...
2025-09-16 14:30:56,560 - INFO -    Current URL: https://www.dice.com/apply?eyJjb3JyZWxhdGlvbl9pZCI6IjZkODhlOGYyLWNiZTgtNDExYy1hMjNlLTI3NmE2ZWI1MzhjOSIsImRqdlZlcnNpb24iOiJuZXciLCJqb2JJZCI6ImI0MzM4YjgyLTZiZWYtNGU1Yy05NjQxLWE5MDMzMDFmMjkzZiIsImpvYlVybCI6Imh0dHBzOi8vd3d3LmRpY2UuY29tL2pvYi1kZXRhaWwvYjQzMzhiODItNmJlZi00ZTVjLTk2NDEtYTkwMzMwMWYyOTNmIiwiam9iVGl0bGUiOiJHZW4gQUkgUHl0aG9uIERldmVsb3BlciIsInNlYXJjaExpbmsiOiIifQ=%3D
2025-09-16 14:30:56,563 - INFO -    Page title: Apply
2025-09-16 14:31:00,980 - INFO -    ✅ Successfully on application page
2025-09-16 14:31:00,993 - INFO -    🔄 Looking for NEXT button...
2025-09-16 14:31:02,659 - INFO -    ✅ NEXT button clicked
2025-09-16 14:31:05,946 - INFO -    🔄 Looking for SUBMIT button...
2025-09-16 14:31:07,997 - INFO -    ✅ SUBMIT button clicked
2025-09-16 14:31:07,997 - INFO -    ✅ Successfully applied!
2025-09-16 14:31:19,054 - INFO - 🎯 [13/40] Applying to: Business Analyst (Prompt Engineering and conversational AI -10+Yrs-Charlotte, NC - LINK: https://www.dice.com/job-detail/3c82fc20-1d9b-4a53-be32-49ce45b795e4
2025-09-16 14:31:30,329 - INFO -    🔄 Looking for apply button...
2025-09-16 14:31:32,574 - INFO -    ✅ Apply button clicked (regular click)
2025-09-16 14:31:36,481 - INFO -    🔍 Checking if we're on application page...
2025-09-16 14:31:36,484 - INFO -    Current URL: https://www.dice.com/apply?eyJjb3JyZWxhdGlvbl9pZCI6ImUxNTA2NzU4LWI4ZTYtNDMzMy05YzJmLThkNmRlNjY4ZjM5OSIsImRqdlZlcnNpb24iOiJuZXciLCJqb2JJZCI6IjNjODJmYzIwLTFkOWItNGE1My1iZTMyLTQ5Y2U0NWI3OTVlNCIsImpvYlVybCI6Imh0dHBzOi8vd3d3LmRpY2UuY29tL2pvYi1kZXRhaWwvM2M4MmZjMjAtMWQ5Yi00YTUzLWJlMzItNDljZTQ1Yjc5NWU0Iiwiam9iVGl0bGUiOiJCdXNpbmVzcyBBbmFseXN0IChQcm9tcHQgRW5naW5lZXJpbmcgYW5kIGNvbnZlcnNhdGlvbmFsIEFJIC0xMCtZcnMtQ2hhcmxvdHRlLCBOQyIsInNlYXJjaExpbmsiOiIifQ=%3D
2025-09-16 14:31:36,487 - INFO -    Page title: Apply
2025-09-16 14:31:42,336 - INFO -    ✅ Successfully on application page
2025-09-16 14:31:42,349 - INFO -    🔄 Looking for NEXT button...
2025-09-16 14:31:43,835 - INFO -    ✅ NEXT button clicked
2025-09-16 14:31:46,451 - INFO -    🔄 Looking for SUBMIT button...
2025-09-16 14:31:48,971 - INFO -    ✅ SUBMIT button clicked
2025-09-16 14:31:48,971 - INFO -    ✅ Successfully applied!
2025-09-16 14:31:56,618 - INFO - 🎯 [14/40] Applying to: Telecom Business Analyst with Agentic AI - Remote / Telecommute - LINK: https://www.dice.com/job-detail/c88453d9-318d-440e-9bfa-cd16549ca019
2025-09-16 14:32:08,079 - INFO -    🔄 Looking for apply button...
2025-09-16 14:32:09,182 - INFO -    ✅ Apply button clicked (regular click)
2025-09-16 14:32:11,938 - INFO -    🔍 Checking if we're on application page...
2025-09-16 14:32:11,942 - INFO -    Current URL: https://www.dice.com/apply?eyJjb3JyZWxhdGlvbl9pZCI6IjY1MTkwNDBjLTIxNmYtNGFmMi04YTQwLTAxMDYyMDdkMzQwOCIsImRqdlZlcnNpb24iOiJuZXciLCJqb2JJZCI6ImM4ODQ1M2Q5LTMxOGQtNDQwZS05YmZhLWNkMTY1NDljYTAxOSIsImpvYlVybCI6Imh0dHBzOi8vd3d3LmRpY2UuY29tL2pvYi1kZXRhaWwvYzg4NDUzZDktMzE4ZC00NDBlLTliZmEtY2QxNjU0OWNhMDE5Iiwiam9iVGl0bGUiOiJUZWxlY29tIEJ1c2luZXNzIEFuYWx5c3Qgd2l0aCBBZ2VudGljIEFJIC0gUmVtb3RlIC8gVGVsZWNvbW11dGUiLCJzZWFyY2hMaW5rIjoiIn0=
2025-09-16 14:32:11,945 - INFO -    Page title: Apply
2025-09-16 14:32:17,290 - INFO -    ✅ Successfully on application page
2025-09-16 14:32:17,304 - INFO -    🔄 Looking for NEXT button...
2025-09-16 14:32:19,670 - INFO -    ✅ NEXT button clicked
2025-09-16 14:32:22,697 - INFO -    🔄 Looking for SUBMIT button...
2025-09-16 14:32:24,835 - INFO -    ✅ SUBMIT button clicked
2025-09-16 14:32:24,835 - INFO -    ✅ Successfully applied!
2025-09-16 14:32:36,556 - INFO - 🎯 [15/40] Applying to: Senior Data Scientist - 100% Remote work - 6+ Months Contract - LINK: https://www.dice.com/job-detail/9d0e1768-77c9-458c-8053-1f2d3433780a
2025-09-16 14:32:48,109 - INFO -    🔄 Looking for apply button...
2025-09-16 14:32:50,312 - INFO -    ✅ Apply button clicked (regular click)
2025-09-16 14:32:53,636 - INFO -    🔍 Checking if we're on application page...
2025-09-16 14:32:53,640 - INFO -    Current URL: https://www.dice.com/apply?eyJjb3JyZWxhdGlvbl9pZCI6ImI5ZWViYzBiLWEyYjgtNDRiMi05YTQ3LTg2MmNiMDM2NGY3YSIsImRqdlZlcnNpb24iOiJuZXciLCJqb2JJZCI6IjlkMGUxNzY4LTc3YzktNDU4Yy04MDUzLTFmMmQzNDMzNzgwYSIsImpvYlVybCI6Imh0dHBzOi8vd3d3LmRpY2UuY29tL2pvYi1kZXRhaWwvOWQwZTE3NjgtNzdjOS00NThjLTgwNTMtMWYyZDM0MzM3ODBhIiwiam9iVGl0bGUiOiJTZW5pb3IgRGF0YSBTY2llbnRpc3QgLSAxMDAlIFJlbW90ZSB3b3JrIC0gNisgTW9udGhzIENvbnRyYWN0Iiwic2VhcmNoTGluayI6IiJ9
2025-09-16 14:32:53,643 - INFO -    Page title: Apply
2025-09-16 14:32:58,417 - INFO -    ✅ Successfully on application page
2025-09-16 14:32:58,430 - INFO -    🔄 Looking for NEXT button...
2025-09-16 14:33:00,279 - INFO -    ✅ NEXT button clicked
2025-09-16 14:33:03,595 - INFO -    🔄 Looking for SUBMIT button...
2025-09-16 14:33:05,668 - INFO -    ✅ SUBMIT button clicked
2025-09-16 14:33:05,668 - INFO -    ✅ Successfully applied!
2025-09-16 14:33:16,542 - INFO - 🎯 [16/40] Applying to: Principal Data and AI Architect - LINK: https://www.dice.com/job-detail/72b1ce57-0cef-4417-8f80-378d0b8000f6
2025-09-16 14:33:27,866 - INFO -    🔄 Looking for apply button...
2025-09-16 14:33:30,318 - INFO -    ✅ Apply button clicked (regular click)
2025-09-16 14:33:33,368 - INFO -    🔍 Checking if we're on application page...
2025-09-16 14:33:33,371 - INFO -    Current URL: https://www.dice.com/apply?eyJjb3JyZWxhdGlvbl9pZCI6IjRkMDBjM2U5LWMxNzYtNDBjNy1iZDIwLTk4NmNiNDZjODdiYyIsImRqdlZlcnNpb24iOiJuZXciLCJqb2JJZCI6IjcyYjFjZTU3LTBjZWYtNDQxNy04ZjgwLTM3OGQwYjgwMDBmNiIsImpvYlVybCI6Imh0dHBzOi8vd3d3LmRpY2UuY29tL2pvYi1kZXRhaWwvNzJiMWNlNTctMGNlZi00NDE3LThmODAtMzc4ZDBiODAwMGY2Iiwiam9iVGl0bGUiOiJQcmluY2lwYWwgRGF0YSBhbmQgQUkgQXJjaGl0ZWN0Iiwic2VhcmNoTGluayI6IiJ9
2025-09-16 14:33:33,375 - INFO -    Page title: Apply
2025-09-16 14:33:39,214 - INFO -    ✅ Successfully on application page
2025-09-16 14:33:39,227 - INFO -    🔄 Looking for NEXT button...
2025-09-16 14:33:40,128 - INFO -    ✅ NEXT button clicked
2025-09-16 14:33:43,534 - INFO -    🔄 Looking for SUBMIT button...
2025-09-16 14:33:45,695 - INFO -    ✅ SUBMIT button clicked
2025-09-16 14:33:45,695 - INFO -    ✅ Successfully applied!
2025-09-16 14:33:56,250 - INFO - 🎯 [17/40] Applying to: 3D Point Cloud ML Architect - LINK: https://www.dice.com/job-detail/3cfd2550-8e79-41fa-bf7e-9ef1eb79f7a6
2025-09-16 14:34:08,197 - INFO -    🔄 Looking for apply button...
2025-09-16 14:34:09,669 - INFO -    ✅ Apply button clicked (regular click)
2025-09-16 14:34:12,246 - INFO -    🔍 Checking if we're on application page...
2025-09-16 14:34:12,249 - INFO -    Current URL: https://www.dice.com/apply?eyJjb3JyZWxhdGlvbl9pZCI6IjgyZjg2MjJlLWVkNzYtNGI3Ny05NzU1LWE1M2MxYWJlNzI4MyIsImRqdlZlcnNpb24iOiJuZXciLCJqb2JJZCI6IjNjZmQyNTUwLThlNzktNDFmYS1iZjdlLTllZjFlYjc5ZjdhNiIsImpvYlVybCI6Imh0dHBzOi8vd3d3LmRpY2UuY29tL2pvYi1kZXRhaWwvM2NmZDI1NTAtOGU3OS00MWZhLWJmN2UtOWVmMWViNzlmN2E2Iiwiam9iVGl0bGUiOiIzRCBQb2ludCBDbG91ZCBNTCBBcmNoaXRlY3QiLCJzZWFyY2hMaW5rIjoiIn0=
2025-09-16 14:34:12,253 - INFO -    Page title: Apply
2025-09-16 14:34:17,543 - INFO -    ✅ Successfully on application page
2025-09-16 14:34:17,633 - INFO -    🔄 Looking for NEXT button...
2025-09-16 14:34:20,360 - INFO -    ✅ NEXT button clicked
2025-09-16 14:34:22,106 - INFO -    🔄 Looking for SUBMIT button...
2025-09-16 14:34:22,919 - INFO -    ✅ SUBMIT button clicked
2025-09-16 14:34:22,919 - INFO -    ✅ Successfully applied!
2025-09-16 14:34:29,582 - INFO - 🎯 [18/40] Applying to: Senior AI/ML Data Engineer - Remote work - 6+ Months Contract - LINK: https://www.dice.com/job-detail/0ff60b40-3cc3-4d32-8711-1acf6c9352c5
2025-09-16 14:34:41,969 - WARNING -    ⚠️  Could not check application status: Message: no such element: Unable to locate element: {"method":"tag name","selector":"apply-button-wc"}
  (Session info: chrome=140.0.7339.0); For documentation on this error, please visit: https://www.selenium.dev/documentation/webdriver/troubleshooting/errors#nosuchelementexception
Stacktrace:
#0 0x5641b4c7094a <unknown>
#1 0x5641b46e58a0 <unknown>
#2 0x5641b4737540 <unknown>
#3 0x5641b4737731 <unknown>
#4 0x5641b4785824 <unknown>
#5 0x5641b475d05d <unknown>
#6 0x5641b4782c23 <unknown>
#7 0x5641b475ce03 <unknown>
#8 0x5641b4729968 <unknown>
#9 0x5641b472a5e1 <unknown>
#10 0x5641b4c34548 <unknown>
#11 0x5641b4c38272 <unknown>
#12 0x5641b4c1b313 <unknown>
#13 0x5641b4c38dc5 <unknown>
#14 0x5641b4c0049f <unknown>
#15 0x5641b4c5d158 <unknown>
#16 0x5641b4c5d332 <unknown>
#17 0x5641b4c6fa53 <unknown>
#18 0x7fe24509caa4 <unknown>
#19 0x7fe245129c3c <unknown>

2025-09-16 14:34:45,009 - INFO -    🔄 Looking for apply button...
2025-09-16 14:34:55,152 - ERROR -    ❌ Cannot find apply button: Message: 
Stacktrace:
#0 0x5641b4c7094a <unknown>
#1 0x5641b46e58a0 <unknown>
#2 0x5641b4737540 <unknown>
#3 0x5641b4737731 <unknown>
#4 0x5641b4785824 <unknown>
#5 0x5641b475d05d <unknown>
#6 0x5641b4782c23 <unknown>
#7 0x5641b475ce03 <unknown>
#8 0x5641b4729968 <unknown>
#9 0x5641b472a5e1 <unknown>
#10 0x5641b4c34548 <unknown>
#11 0x5641b4c38272 <unknown>
#12 0x5641b4c1b313 <unknown>
#13 0x5641b4c38dc5 <unknown>
#14 0x5641b4c0049f <unknown>
#15 0x5641b4c5d158 <unknown>
#16 0x5641b4c5d332 <unknown>
#17 0x5641b4c6fa53 <unknown>
#18 0x7fe24509caa4 <unknown>
#19 0x7fe245129c3c <unknown>

2025-09-16 14:35:04,552 - INFO - 🎯 [19/40] Applying to: Data Platform Engineer - Databricks & Unity Catalog - LINK: https://www.dice.com/job-detail/919063b7-026a-4e08-84d1-6dfbdb249af0
2025-09-16 14:35:16,152 - INFO -    🔄 Looking for apply button...
2025-09-16 14:35:18,663 - INFO -    ✅ Apply button clicked (regular click)
2025-09-16 14:35:22,014 - INFO -    🔍 Checking if we're on application page...
2025-09-16 14:35:22,018 - INFO -    Current URL: https://www.dice.com/apply?eyJjb3JyZWxhdGlvbl9pZCI6IjE2OWE1M2IxLWEzYTYtNGYwZS04YTIxLTY0MGI4ZDM4NTBkMCIsImRqdlZlcnNpb24iOiJuZXciLCJqb2JJZCI6IjkxOTA2M2I3LTAyNmEtNGUwOC04NGQxLTZkZmJkYjI0OWFmMCIsImpvYlVybCI6Imh0dHBzOi8vd3d3LmRpY2UuY29tL2pvYi1kZXRhaWwvOTE5MDYzYjctMDI2YS00ZTA4LTg0ZDEtNmRmYmRiMjQ5YWYwIiwiam9iVGl0bGUiOiJEYXRhIFBsYXRmb3JtIEVuZ2luZWVyIC0gRGF0YWJyaWNrcyAmYW1wOyBVbml0eSBDYXRhbG9nIiwic2VhcmNoTGluayI6IiJ9
2025-09-16 14:35:22,021 - INFO -    Page title: Apply
2025-09-16 14:35:27,201 - INFO -    ✅ Successfully on application page
2025-09-16 14:35:27,216 - INFO -    🔄 Looking for NEXT button...
2025-09-16 14:35:29,413 - INFO -    ✅ NEXT button clicked
2025-09-16 14:35:32,792 - INFO -    🔄 Looking for SUBMIT button...
2025-09-16 14:35:33,927 - INFO -    ✅ SUBMIT button clicked
2025-09-16 14:35:33,927 - INFO -    ✅ Successfully applied!
2025-09-16 14:35:45,644 - INFO - 🎯 [20/40] Applying to: Prompt Engineer - LINK: https://www.dice.com/job-detail/7ad89faa-0ce2-42e2-8818-0bd6be27f76f
2025-09-16 14:35:58,554 - INFO -    🔄 Looking for apply button...
2025-09-16 14:35:59,730 - INFO -    ✅ Apply button clicked (regular click)
2025-09-16 14:36:02,662 - INFO -    🔍 Checking if we're on application page...
2025-09-16 14:36:02,665 - INFO -    Current URL: https://www.dice.com/apply?eyJjb3JyZWxhdGlvbl9pZCI6IjAyMzU4YzZlLTQ0NzYtNGQzMC04NTM2LWY2ZWViODExMjEzZiIsImRqdlZlcnNpb24iOiJuZXciLCJqb2JJZCI6IjdhZDg5ZmFhLTBjZTItNDJlMi04ODE4LTBiZDZiZTI3Zjc2ZiIsImpvYlVybCI6Imh0dHBzOi8vd3d3LmRpY2UuY29tL2pvYi1kZXRhaWwvN2FkODlmYWEtMGNlMi00MmUyLTg4MTgtMGJkNmJlMjdmNzZmIiwiam9iVGl0bGUiOiJQcm9tcHQgRW5naW5lZXIiLCJzZWFyY2hMaW5rIjoiIn0=
2025-09-16 14:36:02,669 - INFO -    Page title: Apply
2025-09-16 14:36:08,564 - INFO -    ✅ Successfully on application page
2025-09-16 14:36:08,579 - INFO -    🔄 Looking for NEXT button...
2025-09-16 14:36:10,590 - INFO -    ✅ NEXT button clicked
2025-09-16 14:36:14,259 - INFO -    🔄 Looking for SUBMIT button...
2025-09-16 14:36:16,483 - INFO -    ✅ SUBMIT button clicked
2025-09-16 14:36:16,484 - INFO -    ✅ Successfully applied!
2025-09-16 14:36:25,672 - INFO - 🎯 [21/40] Applying to: Lead Data Analyst exp with SQL and Data Lineage - LINK: https://www.dice.com/job-detail/c10dc85a-b4b5-4b29-b3f7-fd52d993042e
2025-09-16 14:36:37,336 - INFO -    🔄 Looking for apply button...
2025-09-16 14:36:39,879 - INFO -    ✅ Apply button clicked (regular click)
2025-09-16 14:36:43,121 - INFO -    🔍 Checking if we're on application page...
2025-09-16 14:36:43,125 - INFO -    Current URL: https://www.dice.com/apply?eyJjb3JyZWxhdGlvbl9pZCI6IjM3MjZjODk4LWNlZjEtNDA4YS1hMDBlLWMzZTc3MGZkNzYwYiIsImRqdlZlcnNpb24iOiJuZXciLCJqb2JJZCI6ImMxMGRjODVhLWI0YjUtNGIyOS1iM2Y3LWZkNTJkOTkzMDQyZSIsImpvYlVybCI6Imh0dHBzOi8vd3d3LmRpY2UuY29tL2pvYi1kZXRhaWwvYzEwZGM4NWEtYjRiNS00YjI5LWIzZjctZmQ1MmQ5OTMwNDJlIiwiam9iVGl0bGUiOiJMZWFkIERhdGEgQW5hbHlzdCBleHAgd2l0aCBTUUwgYW5kIERhdGEgTGluZWFnZSIsInNlYXJjaExpbmsiOiIifQ=%3D
2025-09-16 14:36:43,129 - INFO -    Page title: Apply
2025-09-16 14:36:48,505 - INFO -    ✅ Successfully on application page
2025-09-16 14:36:48,519 - INFO -    🔄 Looking for NEXT button...
2025-09-16 14:36:49,224 - INFO -    ✅ NEXT button clicked
2025-09-16 14:36:52,438 - INFO -    🔄 Looking for SUBMIT button...
2025-09-16 14:36:54,308 - INFO -    ✅ SUBMIT button clicked
2025-09-16 14:36:54,308 - INFO -    ✅ Successfully applied!
2025-09-16 14:37:06,073 - INFO - 🎯 [22/40] Applying to: Sr. AI Engineer :: Newark, NJ - LINK: https://www.dice.com/job-detail/cf5f61a4-5f52-44f0-a78f-61b31d24a0b1
2025-09-16 14:37:17,945 - INFO -    🔄 Looking for apply button...
2025-09-16 14:37:20,911 - INFO -    ✅ Apply button clicked (regular click)
2025-09-16 14:37:23,951 - INFO -    🔍 Checking if we're on application page...
2025-09-16 14:37:23,954 - INFO -    Current URL: https://www.dice.com/apply?eyJjb3JyZWxhdGlvbl9pZCI6IjU5NTE3ODBmLWU4NTktNDlmYi1hNWFiLTg4NDQ4OWRmMzM1NyIsImRqdlZlcnNpb24iOiJuZXciLCJqb2JJZCI6ImNmNWY2MWE0LTVmNTItNDRmMC1hNzhmLTYxYjMxZDI0YTBiMSIsImpvYlVybCI6Imh0dHBzOi8vd3d3LmRpY2UuY29tL2pvYi1kZXRhaWwvY2Y1ZjYxYTQtNWY1Mi00NGYwLWE3OGYtNjFiMzFkMjRhMGIxIiwiam9iVGl0bGUiOiJTci4gQUkgRW5naW5lZXIgOjogTmV3YXJrLCBOSiIsInNlYXJjaExpbmsiOiIifQ=%3D
2025-09-16 14:37:23,958 - INFO -    Page title: Apply
2025-09-16 14:37:29,574 - INFO -    ✅ Successfully on application page
2025-09-16 14:37:29,587 - INFO -    🔄 Looking for NEXT button...
2025-09-16 14:37:31,451 - INFO -    ✅ NEXT button clicked
2025-09-16 14:37:34,237 - INFO -    🔄 Looking for SUBMIT button...
2025-09-16 14:37:35,420 - INFO -    ✅ SUBMIT button clicked
2025-09-16 14:37:35,421 - INFO -    ✅ Successfully applied!
2025-09-16 14:37:44,345 - INFO - 🎯 [23/40] Applying to: AI/ML Consultant - LINK: https://www.dice.com/job-detail/5db1b287-3b4f-4a3e-b7f7-ca75abebaeaa
2025-09-16 14:37:55,782 - INFO -    🔄 Looking for apply button...
2025-09-16 14:37:57,989 - INFO -    ✅ Apply button clicked (regular click)
2025-09-16 14:38:01,963 - INFO -    🔍 Checking if we're on application page...
2025-09-16 14:38:01,966 - INFO -    Current URL: https://www.dice.com/apply?eyJjb3JyZWxhdGlvbl9pZCI6IjhmNWNkMTRjLWIwZDUtNGM1MS04NDdjLTU2NjlhYTQ0NGJkMiIsImRqdlZlcnNpb24iOiJuZXciLCJqb2JJZCI6IjVkYjFiMjg3LTNiNGYtNGEzZS1iN2Y3LWNhNzVhYmViYWVhYSIsImpvYlVybCI6Imh0dHBzOi8vd3d3LmRpY2UuY29tL2pvYi1kZXRhaWwvNWRiMWIyODctM2I0Zi00YTNlLWI3ZjctY2E3NWFiZWJhZWFhIiwiam9iVGl0bGUiOiJBSS9NTCBDb25zdWx0YW50Iiwic2VhcmNoTGluayI6IiJ9
2025-09-16 14:38:01,970 - INFO -    Page title: Apply
2025-09-16 14:38:06,557 - INFO -    ✅ Successfully on application page
2025-09-16 14:38:06,570 - INFO -    🔄 Looking for NEXT button...
2025-09-16 14:38:08,531 - INFO -    ✅ NEXT button clicked
2025-09-16 14:38:11,355 - INFO -    🔄 Looking for SUBMIT button...
2025-09-16 14:38:12,215 - INFO -    ✅ SUBMIT button clicked
2025-09-16 14:38:12,215 - INFO -    ✅ Successfully applied!
2025-09-16 14:38:21,810 - INFO - 🎯 [24/40] Applying to: Data Analyst - LINK: https://www.dice.com/job-detail/85049f05-9117-4abc-8bd6-33d32bf269dc
2025-09-16 14:38:33,951 - INFO -    🔄 Looking for apply button...
2025-09-16 14:38:35,491 - INFO -    ✅ Apply button clicked (regular click)
2025-09-16 14:38:38,935 - INFO -    🔍 Checking if we're on application page...
2025-09-16 14:38:38,939 - INFO -    Current URL: https://www.dice.com/apply?eyJjb3JyZWxhdGlvbl9pZCI6ImRjODIzMWIxLTkyNjktNGFjYi1hMDk1LTVhZWM2YzI4MDhlMSIsImRqdlZlcnNpb24iOiJuZXciLCJqb2JJZCI6Ijg1MDQ5ZjA1LTkxMTctNGFiYy04YmQ2LTMzZDMyYmYyNjlkYyIsImpvYlVybCI6Imh0dHBzOi8vd3d3LmRpY2UuY29tL2pvYi1kZXRhaWwvODUwNDlmMDUtOTExNy00YWJjLThiZDYtMzNkMzJiZjI2OWRjIiwiam9iVGl0bGUiOiJEYXRhIEFuYWx5c3QiLCJzZWFyY2hMaW5rIjoiIn0=
2025-09-16 14:38:38,943 - INFO -    Page title: Apply
2025-09-16 14:38:44,771 - INFO -    ✅ Successfully on application page
2025-09-16 14:38:44,784 - INFO -    🔄 Looking for NEXT button...
2025-09-16 14:38:47,125 - INFO -    ✅ NEXT button clicked
2025-09-16 14:38:49,117 - INFO -    🔄 Looking for SUBMIT button...
2025-09-16 14:38:50,108 - INFO -    ✅ SUBMIT button clicked
2025-09-16 14:38:50,108 - INFO -    ✅ Successfully applied!
2025-09-16 14:39:00,958 - INFO - 🎯 [25/40] Applying to: Mid Level Software Engineer - LINK: https://www.dice.com/job-detail/6b268b45-fbe2-4b65-b6ac-9d9ca131c2df
2025-09-16 14:39:13,734 - INFO -    🔄 Looking for apply button...
2025-09-16 14:39:15,483 - INFO -    ✅ Apply button clicked (regular click)
2025-09-16 14:39:19,090 - INFO -    🔍 Checking if we're on application page...
2025-09-16 14:39:19,094 - INFO -    Current URL: https://www.dice.com/apply?eyJjb3JyZWxhdGlvbl9pZCI6IjNhZTk2NWE5LThlMTMtNDUyNy1hNTA2LTdmNTZiZDZlZTdlZiIsImRqdlZlcnNpb24iOiJuZXciLCJqb2JJZCI6IjZiMjY4YjQ1LWZiZTItNGI2NS1iNmFjLTlkOWNhMTMxYzJkZiIsImpvYlVybCI6Imh0dHBzOi8vd3d3LmRpY2UuY29tL2pvYi1kZXRhaWwvNmIyNjhiNDUtZmJlMi00YjY1LWI2YWMtOWQ5Y2ExMzFjMmRmIiwiam9iVGl0bGUiOiJNaWQgTGV2ZWwgU29mdHdhcmUgRW5naW5lZXIiLCJzZWFyY2hMaW5rIjoiIn0=
2025-09-16 14:39:19,097 - INFO -    Page title: Apply
2025-09-16 14:39:24,426 - INFO -    ✅ Successfully on application page
2025-09-16 14:39:24,439 - INFO -    🔄 Looking for NEXT button...
2025-09-16 14:39:26,384 - INFO -    ✅ NEXT button clicked
2025-09-16 14:39:29,186 - INFO -    🔄 Looking for SUBMIT button...
2025-09-16 14:39:31,777 - INFO -    ✅ SUBMIT button clicked
2025-09-16 14:39:31,777 - INFO -    ✅ Successfully applied!
2025-09-16 14:39:42,121 - INFO - 🎯 [26/40] Applying to: ACAPS/Mainframe Software Engineer - LINK: https://www.dice.com/job-detail/d43bbbba-04c1-4398-85c8-d767ebfb86b5
2025-09-16 14:39:52,524 - INFO -    🔄 Looking for apply button...
2025-09-16 14:39:54,248 - INFO -    ✅ Apply button clicked (regular click)
2025-09-16 14:39:58,380 - INFO -    🔍 Checking if we're on application page...
2025-09-16 14:39:58,384 - INFO -    Current URL: https://www.dice.com/apply?eyJjb3JyZWxhdGlvbl9pZCI6IjY2NDVmMDVlLTFlZDctNDkxNi05MWZlLWJhY2NjMWRjOWZjMiIsImRqdlZlcnNpb24iOiJuZXciLCJqb2JJZCI6ImQ0M2JiYmJhLTA0YzEtNDM5OC04NWM4LWQ3NjdlYmZiODZiNSIsImpvYlVybCI6Imh0dHBzOi8vd3d3LmRpY2UuY29tL2pvYi1kZXRhaWwvZDQzYmJiYmEtMDRjMS00Mzk4LTg1YzgtZDc2N2ViZmI4NmI1Iiwiam9iVGl0bGUiOiJBQ0FQUy9NYWluZnJhbWUgU29mdHdhcmUgRW5naW5lZXIiLCJzZWFyY2hMaW5rIjoiIn0=
2025-09-16 14:39:58,387 - INFO -    Page title: Apply
2025-09-16 14:40:03,020 - INFO -    ✅ Successfully on application page
2025-09-16 14:40:03,033 - INFO -    🔄 Looking for NEXT button...
2025-09-16 14:40:05,190 - INFO -    ✅ NEXT button clicked
2025-09-16 14:40:08,748 - INFO -    🔄 Looking for SUBMIT button...
2025-09-16 14:40:10,376 - INFO -    ✅ SUBMIT button clicked
2025-09-16 14:40:10,376 - INFO -    ✅ Successfully applied!
2025-09-16 14:40:20,197 - INFO - 🎯 [27/40] Applying to: Software Engineer I - LINK: https://www.dice.com/job-detail/65e3ff9d-ba7f-4f24-957e-e3e72f3b08a5
2025-09-16 14:40:31,463 - INFO -    🔄 Looking for apply button...
2025-09-16 14:40:33,461 - INFO -    ✅ Apply button clicked (regular click)
2025-09-16 14:40:36,457 - INFO -    🔍 Checking if we're on application page...
2025-09-16 14:40:36,460 - INFO -    Current URL: https://www.dice.com/apply?eyJjb3JyZWxhdGlvbl9pZCI6ImZlODAwYmZiLWFlM2QtNGJiZi1hYTc4LWU0ZDMwZTYzZmIzYSIsImRqdlZlcnNpb24iOiJuZXciLCJqb2JJZCI6IjY1ZTNmZjlkLWJhN2YtNGYyNC05NTdlLWUzZTcyZjNiMDhhNSIsImpvYlVybCI6Imh0dHBzOi8vd3d3LmRpY2UuY29tL2pvYi1kZXRhaWwvNjVlM2ZmOWQtYmE3Zi00ZjI0LTk1N2UtZTNlNzJmM2IwOGE1Iiwiam9iVGl0bGUiOiJTb2Z0d2FyZSBFbmdpbmVlciBJIiwic2VhcmNoTGluayI6IiJ9
2025-09-16 14:40:36,464 - INFO -    Page title: Apply
2025-09-16 14:40:41,857 - INFO -    ✅ Successfully on application page
2025-09-16 14:40:41,870 - INFO -    🔄 Looking for NEXT button...
2025-09-16 14:40:42,631 - INFO -    ✅ NEXT button clicked
2025-09-16 14:40:45,048 - INFO -    🔄 Looking for SUBMIT button...
2025-09-16 14:40:46,945 - INFO -    ✅ SUBMIT button clicked
2025-09-16 14:40:46,945 - INFO -    ✅ Successfully applied!
2025-09-16 14:40:57,583 - INFO - 🎯 [28/40] Applying to: Senior Embedded Software Engineer - LINK: https://www.dice.com/job-detail/976c040e-0ec8-4655-8c66-0fe694101a1f
2025-09-16 14:41:09,022 - INFO -    🔄 Looking for apply button...
2025-09-16 14:41:12,162 - INFO -    ✅ Apply button clicked (regular click)
2025-09-16 14:41:15,999 - INFO -    🔍 Checking if we're on application page...
2025-09-16 14:41:16,003 - INFO -    Current URL: https://www.dice.com/apply?eyJjb3JyZWxhdGlvbl9pZCI6IjgyMzIyNDU1LTJhMTAtNDRjNy04Njc3LTk2OTBhZmRkZGU4NyIsImRqdlZlcnNpb24iOiJuZXciLCJqb2JJZCI6Ijk3NmMwNDBlLTBlYzgtNDY1NS04YzY2LTBmZTY5NDEwMWExZiIsImpvYlVybCI6Imh0dHBzOi8vd3d3LmRpY2UuY29tL2pvYi1kZXRhaWwvOTc2YzA0MGUtMGVjOC00NjU1LThjNjYtMGZlNjk0MTAxYTFmIiwiam9iVGl0bGUiOiJTZW5pb3IgRW1iZWRkZWQgU29mdHdhcmUgRW5naW5lZXIiLCJzZWFyY2hMaW5rIjoiIn0=
2025-09-16 14:41:16,006 - INFO -    Page title: Apply
2025-09-16 14:41:21,410 - INFO -    ✅ Successfully on application page
2025-09-16 14:41:21,423 - INFO -    🔄 Looking for NEXT button...
2025-09-16 14:41:23,545 - INFO -    ✅ NEXT button clicked
2025-09-16 14:41:25,864 - INFO -    🔄 Looking for SUBMIT button...
2025-09-16 14:41:26,764 - INFO -    ✅ SUBMIT button clicked
2025-09-16 14:41:26,764 - INFO -    ✅ Successfully applied!
2025-09-16 14:41:37,475 - INFO - 🎯 [29/40] Applying to: Python Big Data Engineer - W2 Only - LINK: https://www.dice.com/job-detail/d7084c87-5d4e-4837-b551-ba7e899af326
2025-09-16 14:41:48,653 - INFO -    🔄 Looking for apply button...
2025-09-16 14:41:50,342 - INFO -    ✅ Apply button clicked (regular click)
2025-09-16 14:41:53,339 - INFO -    🔍 Checking if we're on application page...
2025-09-16 14:41:53,342 - INFO -    Current URL: https://www.dice.com/apply?eyJjb3JyZWxhdGlvbl9pZCI6Ijc5MGZmMWIyLWZjNTctNDQwMy1hZWFiLTczYjFiYmJhNzEzZiIsImRqdlZlcnNpb24iOiJuZXciLCJqb2JJZCI6ImQ3MDg0Yzg3LTVkNGUtNDgzNy1iNTUxLWJhN2U4OTlhZjMyNiIsImpvYlVybCI6Imh0dHBzOi8vd3d3LmRpY2UuY29tL2pvYi1kZXRhaWwvZDcwODRjODctNWQ0ZS00ODM3LWI1NTEtYmE3ZTg5OWFmMzI2Iiwiam9iVGl0bGUiOiJQeXRob24gQmlnIERhdGEgRW5naW5lZXIgLSBXMiBPbmx5Iiwic2VhcmNoTGluayI6IiJ9
2025-09-16 14:41:53,345 - INFO -    Page title: Apply
2025-09-16 14:41:57,639 - INFO -    ✅ Successfully on application page
2025-09-16 14:41:57,652 - INFO -    🔄 Looking for NEXT button...
2025-09-16 14:41:59,125 - INFO -    ✅ NEXT button clicked
2025-09-16 14:42:02,295 - INFO -    🔄 Looking for SUBMIT button...
2025-09-16 14:42:04,296 - INFO -    ✅ SUBMIT button clicked
2025-09-16 14:42:04,296 - INFO -    ✅ Successfully applied!
2025-09-16 14:42:14,905 - INFO - 🎯 [30/40] Applying to: Business Analyst KYC/AML - LINK: https://www.dice.com/job-detail/80fb6169-f11d-4b3b-aca3-1a5426e779ad
2025-09-16 14:42:27,185 - INFO -    🔄 Looking for apply button...
2025-09-16 14:42:29,914 - INFO -    ✅ Apply button clicked (regular click)
2025-09-16 14:42:33,356 - INFO -    🔍 Checking if we're on application page...
2025-09-16 14:42:33,359 - INFO -    Current URL: https://www.dice.com/apply?eyJjb3JyZWxhdGlvbl9pZCI6IjU2MTBhZDVmLTk1ZDYtNGUyMS04ODlkLTNjOGFjY2NiNWJlZCIsImRqdlZlcnNpb24iOiJuZXciLCJqb2JJZCI6IjgwZmI2MTY5LWYxMWQtNGIzYi1hY2EzLTFhNTQyNmU3NzlhZCIsImpvYlVybCI6Imh0dHBzOi8vd3d3LmRpY2UuY29tL2pvYi1kZXRhaWwvODBmYjYxNjktZjExZC00YjNiLWFjYTMtMWE1NDI2ZTc3OWFkIiwiam9iVGl0bGUiOiJCdXNpbmVzcyBBbmFseXN0IEtZQy9BTUwiLCJzZWFyY2hMaW5rIjoiIn0=
2025-09-16 14:42:33,363 - INFO -    Page title: Apply
2025-09-16 14:42:38,296 - INFO -    ✅ Successfully on application page
2025-09-16 14:42:38,309 - INFO -    🔄 Looking for NEXT button...
2025-09-16 14:42:39,604 - INFO -    ✅ NEXT button clicked
2025-09-16 14:42:42,503 - INFO -    🔄 Looking for SUBMIT button...
2025-09-16 14:42:43,799 - INFO -    ✅ SUBMIT button clicked
2025-09-16 14:42:43,799 - INFO -    ✅ Successfully applied!
2025-09-16 14:42:54,946 - INFO - 🎯 [31/40] Applying to: 3D Point Cloud ML Architect - LINK: https://www.dice.com/job-detail/611d4627-2c6d-47bd-aeec-2c6d51c15191
2025-09-16 14:43:05,637 - INFO -    🔄 Looking for apply button...
2025-09-16 14:43:08,210 - INFO -    ✅ Apply button clicked (regular click)
2025-09-16 14:43:11,556 - INFO -    🔍 Checking if we're on application page...
2025-09-16 14:43:11,560 - INFO -    Current URL: https://www.dice.com/apply?eyJjb3JyZWxhdGlvbl9pZCI6IjBmMWZmZTkyLTU1OTktNGU1ZC04ZTAyLWMxZWUwMzI2ZjZkYyIsImRqdlZlcnNpb24iOiJuZXciLCJqb2JJZCI6IjYxMWQ0NjI3LTJjNmQtNDdiZC1hZWVjLTJjNmQ1MWMxNTE5MSIsImpvYlVybCI6Imh0dHBzOi8vd3d3LmRpY2UuY29tL2pvYi1kZXRhaWwvNjExZDQ2MjctMmM2ZC00N2JkLWFlZWMtMmM2ZDUxYzE1MTkxIiwiam9iVGl0bGUiOiIzRCBQb2ludCBDbG91ZCBNTCBBcmNoaXRlY3QiLCJzZWFyY2hMaW5rIjoiIn0=
2025-09-16 14:43:11,563 - INFO -    Page title: Apply
2025-09-16 14:43:17,374 - INFO -    ✅ Successfully on application page
2025-09-16 14:43:17,412 - INFO -    🔄 Looking for NEXT button...
2025-09-16 14:43:20,208 - INFO -    ✅ NEXT button clicked
2025-09-16 14:43:22,397 - INFO -    🔄 Looking for SUBMIT button...
2025-09-16 14:43:24,505 - INFO -    ✅ SUBMIT button clicked
2025-09-16 14:43:24,505 - INFO -    ✅ Successfully applied!
2025-09-16 14:43:34,719 - INFO - 🎯 [32/40] Applying to: Business Analyst -Enrollment Eligibility-Healthplan Administration-Fully Remote !! - LINK: https://www.dice.com/job-detail/59668e92-aac5-4666-8a6f-4996bffd9d79
2025-09-16 14:43:46,657 - INFO -    🔄 Looking for apply button...
2025-09-16 14:43:48,820 - INFO -    ✅ Apply button clicked (regular click)
2025-09-16 14:43:50,906 - INFO -    🔍 Checking if we're on application page...
2025-09-16 14:43:50,909 - INFO -    Current URL: https://www.dice.com/apply?eyJjb3JyZWxhdGlvbl9pZCI6ImM1ZTAyMjAzLTkwNjctNDk2Mi04ZWRjLTk2OWU4NzY2YTIxMSIsImRqdlZlcnNpb24iOiJuZXciLCJqb2JJZCI6IjU5NjY4ZTkyLWFhYzUtNDY2Ni04YTZmLTQ5OTZiZmZkOWQ3OSIsImpvYlVybCI6Imh0dHBzOi8vd3d3LmRpY2UuY29tL2pvYi1kZXRhaWwvNTk2NjhlOTItYWFjNS00NjY2LThhNmYtNDk5NmJmZmQ5ZDc5Iiwiam9iVGl0bGUiOiJCdXNpbmVzcyBBbmFseXN0IC1FbnJvbGxtZW50IEVsaWdpYmlsaXR5LUhlYWx0aHBsYW4gQWRtaW5pc3RyYXRpb24tRnVsbHkgUmVtb3RlICEhIiwic2VhcmNoTGluayI6IiJ9
2025-09-16 14:43:50,913 - INFO -    Page title: Apply
2025-09-16 14:43:55,991 - INFO -    ✅ Successfully on application page
2025-09-16 14:43:56,005 - INFO -    🔄 Looking for NEXT button...
2025-09-16 14:43:58,080 - INFO -    ✅ NEXT button clicked
2025-09-16 14:44:00,938 - INFO -    🔄 Looking for SUBMIT button...
2025-09-16 14:44:03,592 - INFO -    ✅ SUBMIT button clicked
2025-09-16 14:44:03,592 - INFO -    ✅ Successfully applied!
2025-09-16 14:44:14,032 - INFO - 🎯 [33/40] Applying to: Technical Business Analyst - LINK: https://www.dice.com/job-detail/7b152c8a-d5a4-428b-b23c-4ad54e3ebe27
2025-09-16 14:44:26,194 - INFO -    🔄 Looking for apply button...
2025-09-16 14:44:27,307 - INFO -    ✅ Apply button clicked (regular click)
2025-09-16 14:44:29,663 - INFO -    🔍 Checking if we're on application page...
2025-09-16 14:44:29,667 - INFO -    Current URL: https://www.dice.com/apply?eyJjb3JyZWxhdGlvbl9pZCI6IjQ2ZGRkYjczLWRkMmMtNGU3My04MzU1LTNjZDkxNDMwZTBiOCIsImRqdlZlcnNpb24iOiJuZXciLCJqb2JJZCI6IjdiMTUyYzhhLWQ1YTQtNDI4Yi1iMjNjLTRhZDU0ZTNlYmUyNyIsImpvYlVybCI6Imh0dHBzOi8vd3d3LmRpY2UuY29tL2pvYi1kZXRhaWwvN2IxNTJjOGEtZDVhNC00MjhiLWIyM2MtNGFkNTRlM2ViZTI3Iiwiam9iVGl0bGUiOiJUZWNobmljYWwgQnVzaW5lc3MgQW5hbHlzdCIsInNlYXJjaExpbmsiOiIifQ=%3D
2025-09-16 14:44:29,670 - INFO -    Page title: Apply
2025-09-16 14:44:34,659 - INFO -    ✅ Successfully on application page
2025-09-16 14:44:34,673 - INFO -    🔄 Looking for NEXT button...
2025-09-16 14:44:36,380 - INFO -    ✅ NEXT button clicked
2025-09-16 14:44:40,237 - INFO -    🔄 Looking for SUBMIT button...
2025-09-16 14:44:42,522 - INFO -    ✅ SUBMIT button clicked
2025-09-16 14:44:42,522 - INFO -    ✅ Successfully applied!
2025-09-16 14:44:51,971 - INFO - 🎯 [34/40] Applying to: Accela Business Analyst(Local to Lawrenceville, GA 30046) - LINK: https://www.dice.com/job-detail/d5e119ed-42b1-4019-88ba-9e95a2c3cada
2025-09-16 14:45:03,990 - INFO -    🔄 Looking for apply button...
2025-09-16 14:45:06,146 - INFO -    ✅ Apply button clicked (regular click)
2025-09-16 14:45:09,035 - INFO -    🔍 Checking if we're on application page...
2025-09-16 14:45:09,039 - INFO -    Current URL: https://www.dice.com/apply?eyJjb3JyZWxhdGlvbl9pZCI6IjAwYmUyZjAwLTk2OTEtNDE5Yi1hYjY2LWIyMmI5NmRhYTFmMSIsImRqdlZlcnNpb24iOiJuZXciLCJqb2JJZCI6ImQ1ZTExOWVkLTQyYjEtNDAxOS04OGJhLTllOTVhMmMzY2FkYSIsImpvYlVybCI6Imh0dHBzOi8vd3d3LmRpY2UuY29tL2pvYi1kZXRhaWwvZDVlMTE5ZWQtNDJiMS00MDE5LTg4YmEtOWU5NWEyYzNjYWRhIiwiam9iVGl0bGUiOiJBY2NlbGEgQnVzaW5lc3MgQW5hbHlzdChMb2NhbCB0byBMYXdyZW5jZXZpbGxlLCBHQSAzMDA0NikiLCJzZWFyY2hMaW5rIjoiIn0=
2025-09-16 14:45:09,042 - INFO -    Page title: Apply
2025-09-16 14:45:14,464 - INFO -    ✅ Successfully on application page
2025-09-16 14:45:14,478 - INFO -    🔄 Looking for NEXT button...
2025-09-16 14:45:15,882 - INFO -    ✅ NEXT button clicked
2025-09-16 14:45:18,239 - INFO -    🔄 Looking for SUBMIT button...
2025-09-16 14:45:18,491 - INFO -    ✅ SUBMIT button clicked
2025-09-16 14:45:18,491 - INFO -    ✅ Successfully applied!
2025-09-16 14:45:28,645 - INFO - 🎯 [35/40] Applying to: Cram Business Analyst - LINK: https://www.dice.com/job-detail/37c15895-a772-4780-bbb4-f063ecf72fd7
2025-09-16 14:45:40,316 - WARNING -    ⚠️  Could not check application status: Message: no such element: Unable to locate element: {"method":"tag name","selector":"apply-button-wc"}
  (Session info: chrome=140.0.7339.0); For documentation on this error, please visit: https://www.selenium.dev/documentation/webdriver/troubleshooting/errors#nosuchelementexception
Stacktrace:
#0 0x5641b4c7094a <unknown>
#1 0x5641b46e58a0 <unknown>
#2 0x5641b4737540 <unknown>
#3 0x5641b4737731 <unknown>
#4 0x5641b4785824 <unknown>
#5 0x5641b475d05d <unknown>
#6 0x5641b4782c23 <unknown>
#7 0x5641b475ce03 <unknown>
#8 0x5641b4729968 <unknown>
#9 0x5641b472a5e1 <unknown>
#10 0x5641b4c34548 <unknown>
#11 0x5641b4c38272 <unknown>
#12 0x5641b4c1b313 <unknown>
#13 0x5641b4c38dc5 <unknown>
#14 0x5641b4c0049f <unknown>
#15 0x5641b4c5d158 <unknown>
#16 0x5641b4c5d332 <unknown>
#17 0x5641b4c6fa53 <unknown>
#18 0x7fe24509caa4 <unknown>
#19 0x7fe245129c3c <unknown>

2025-09-16 14:45:43,356 - INFO -    🔄 Looking for apply button...
2025-09-16 14:45:53,447 - ERROR -    ❌ Cannot find apply button: Message: 
Stacktrace:
#0 0x5641b4c7094a <unknown>
#1 0x5641b46e58a0 <unknown>
#2 0x5641b4737540 <unknown>
#3 0x5641b4737731 <unknown>
#4 0x5641b4785824 <unknown>
#5 0x5641b475d05d <unknown>
#6 0x5641b4782c23 <unknown>
#7 0x5641b475ce03 <unknown>
#8 0x5641b4729968 <unknown>
#9 0x5641b472a5e1 <unknown>
#10 0x5641b4c34548 <unknown>
#11 0x5641b4c38272 <unknown>
#12 0x5641b4c1b313 <unknown>
#13 0x5641b4c38dc5 <unknown>
#14 0x5641b4c0049f <unknown>
#15 0x5641b4c5d158 <unknown>
#16 0x5641b4c5d332 <unknown>
#17 0x5641b4c6fa53 <unknown>
#18 0x7fe24509caa4 <unknown>
#19 0x7fe245129c3c <unknown>

2025-09-16 14:46:01,663 - INFO - 🎯 [36/40] Applying to: Business Analyst - LINK: https://www.dice.com/job-detail/1af16fb9-27af-4e84-a492-d3f515a69285
2025-09-16 14:46:13,566 - INFO -    🔄 Looking for apply button...
2025-09-16 14:46:17,158 - INFO -    ✅ Apply button clicked (regular click)
2025-09-16 14:46:19,978 - INFO -    🔍 Checking if we're on application page...
2025-09-16 14:46:19,981 - INFO -    Current URL: https://www.dice.com/apply?eyJjb3JyZWxhdGlvbl9pZCI6ImI1OTg3YjVlLTA0YzQtNGI3ZS1iN2U1LTkxNGRmMWQ5ZTU0MSIsImRqdlZlcnNpb24iOiJuZXciLCJqb2JJZCI6IjFhZjE2ZmI5LTI3YWYtNGU4NC1hNDkyLWQzZjUxNWE2OTI4NSIsImpvYlVybCI6Imh0dHBzOi8vd3d3LmRpY2UuY29tL2pvYi1kZXRhaWwvMWFmMTZmYjktMjdhZi00ZTg0LWE0OTItZDNmNTE1YTY5Mjg1Iiwiam9iVGl0bGUiOiJCdXNpbmVzcyBBbmFseXN0Iiwic2VhcmNoTGluayI6IiJ9
2025-09-16 14:46:19,984 - INFO -    Page title: Apply
2025-09-16 14:46:25,476 - INFO -    ✅ Successfully on application page
2025-09-16 14:46:25,490 - INFO -    🔄 Looking for NEXT button...
2025-09-16 14:46:28,116 - INFO -    ✅ NEXT button clicked
2025-09-16 14:46:31,844 - INFO -    🔄 Looking for SUBMIT button...
2025-09-16 14:46:33,497 - INFO -    ✅ SUBMIT button clicked
2025-09-16 14:46:33,497 - INFO -    ✅ Successfully applied!
2025-09-16 14:46:46,946 - INFO - 🎯 [37/40] Applying to: Business Analyst - LINK: https://www.dice.com/job-detail/57cca08b-4ce3-4eac-9658-ed2cdcb735d0
2025-09-16 14:46:58,219 - INFO -    🔄 Looking for apply button...
2025-09-16 14:47:00,697 - INFO -    ✅ Apply button clicked (regular click)
2025-09-16 14:47:03,615 - INFO -    🔍 Checking if we're on application page...
2025-09-16 14:47:03,619 - INFO -    Current URL: https://www.dice.com/apply?eyJjb3JyZWxhdGlvbl9pZCI6IjkzY2Y0NGM3LWEwODMtNDVjNC04ZmYyLTUwNzIyNzhjY2U1NiIsImRqdlZlcnNpb24iOiJuZXciLCJqb2JJZCI6IjU3Y2NhMDhiLTRjZTMtNGVhYy05NjU4LWVkMmNkY2I3MzVkMCIsImpvYlVybCI6Imh0dHBzOi8vd3d3LmRpY2UuY29tL2pvYi1kZXRhaWwvNTdjY2EwOGItNGNlMy00ZWFjLTk2NTgtZWQyY2RjYjczNWQwIiwiam9iVGl0bGUiOiJCdXNpbmVzcyBBbmFseXN0Iiwic2VhcmNoTGluayI6IiJ9
2025-09-16 14:47:03,622 - INFO -    Page title: Apply
2025-09-16 14:47:08,992 - INFO -    ✅ Successfully on application page
2025-09-16 14:47:09,006 - INFO -    🔄 Looking for NEXT button...
2025-09-16 14:47:11,852 - INFO -    ✅ NEXT button clicked
2025-09-16 14:47:15,071 - INFO -    🔄 Looking for SUBMIT button...
2025-09-16 14:47:15,482 - INFO -    ✅ SUBMIT button clicked
2025-09-16 14:47:15,482 - INFO -    ✅ Successfully applied!
2025-09-16 14:47:26,321 - INFO - 🎯 [38/40] Applying to: Business Analyst - LINK: https://www.dice.com/job-detail/83c9a55b-a83b-48ff-9cc4-985079d34fbd
2025-09-16 14:47:39,084 - INFO -    🔄 Looking for apply button...
2025-09-16 14:47:40,182 - INFO -    ✅ Apply button clicked (regular click)
2025-09-16 14:47:43,489 - INFO -    🔍 Checking if we're on application page...
2025-09-16 14:47:43,492 - INFO -    Current URL: https://www.dice.com/apply?eyJjb3JyZWxhdGlvbl9pZCI6IjlkNWJjMTU3LTEwYzgtNDkzNi1hNjY0LTJhZGMyMzAyZTYyNSIsImRqdlZlcnNpb24iOiJuZXciLCJqb2JJZCI6IjgzYzlhNTViLWE4M2ItNDhmZi05Y2M0LTk4NTA3OWQzNGZiZCIsImpvYlVybCI6Imh0dHBzOi8vd3d3LmRpY2UuY29tL2pvYi1kZXRhaWwvODNjOWE1NWItYTgzYi00OGZmLTljYzQtOTg1MDc5ZDM0ZmJkIiwiam9iVGl0bGUiOiJCdXNpbmVzcyBBbmFseXN0Iiwic2VhcmNoTGluayI6IiJ9
2025-09-16 14:47:43,496 - INFO -    Page title: Apply
2025-09-16 14:47:48,971 - INFO -    ✅ Successfully on application page
2025-09-16 14:47:48,984 - INFO -    🔄 Looking for NEXT button...
2025-09-16 14:47:50,896 - INFO -    ✅ NEXT button clicked
2025-09-16 14:47:54,343 - INFO -    🔄 Looking for SUBMIT button...
2025-09-16 14:47:56,249 - INFO -    ✅ SUBMIT button clicked
2025-09-16 14:47:56,249 - INFO -    ✅ Successfully applied!
2025-09-16 14:48:06,386 - INFO - 🎯 [39/40] Applying to: Business Consulting-Technical Business Analyst - LINK: https://www.dice.com/job-detail/03a3bb1e-9824-4f8c-b04c-6a400f15b59b
2025-09-16 14:48:19,315 - WARNING -    ⚠️  Could not check application status: Message: no such element: Unable to locate element: {"method":"tag name","selector":"apply-button-wc"}
  (Session info: chrome=140.0.7339.0); For documentation on this error, please visit: https://www.selenium.dev/documentation/webdriver/troubleshooting/errors#nosuchelementexception
Stacktrace:
#0 0x5641b4c7094a <unknown>
#1 0x5641b46e58a0 <unknown>
#2 0x5641b4737540 <unknown>
#3 0x5641b4737731 <unknown>
#4 0x5641b4785824 <unknown>
#5 0x5641b475d05d <unknown>
#6 0x5641b4782c23 <unknown>
#7 0x5641b475ce03 <unknown>
#8 0x5641b4729968 <unknown>
#9 0x5641b472a5e1 <unknown>
#10 0x5641b4c34548 <unknown>
#11 0x5641b4c38272 <unknown>
#12 0x5641b4c1b313 <unknown>
#13 0x5641b4c38dc5 <unknown>
#14 0x5641b4c0049f <unknown>
#15 0x5641b4c5d158 <unknown>
#16 0x5641b4c5d332 <unknown>
#17 0x5641b4c6fa53 <unknown>
#18 0x7fe24509caa4 <unknown>
#19 0x7fe245129c3c <unknown>

2025-09-16 14:48:22,350 - INFO -    🔄 Looking for apply button...
2025-09-16 14:48:32,447 - ERROR -    ❌ Cannot find apply button: Message: 
Stacktrace:
#0 0x5641b4c7094a <unknown>
#1 0x5641b46e58a0 <unknown>
#2 0x5641b4737540 <unknown>
#3 0x5641b4737731 <unknown>
#4 0x5641b4785824 <unknown>
#5 0x5641b475d05d <unknown>
#6 0x5641b4782c23 <unknown>
#7 0x5641b475ce03 <unknown>
#8 0x5641b4729968 <unknown>
#9 0x5641b472a5e1 <unknown>
#10 0x5641b4c34548 <unknown>
#11 0x5641b4c38272 <unknown>
#12 0x5641b4c1b313 <unknown>
#13 0x5641b4c38dc5 <unknown>
#14 0x5641b4c0049f <unknown>
#15 0x5641b4c5d158 <unknown>
#16 0x5641b4c5d332 <unknown>
#17 0x5641b4c6fa53 <unknown>
#18 0x7fe24509caa4 <unknown>
#19 0x7fe245129c3c <unknown>

2025-09-16 14:48:41,855 - INFO - 🎯 [40/40] Applying to: Business Analyst - LINK: https://www.dice.com/job-detail/e534462e-ac67-4e36-a929-2115115612c2
2025-09-16 14:48:54,335 - INFO -    🔄 Looking for apply button...
2025-09-16 14:48:56,307 - INFO -    ✅ Apply button clicked (regular click)
2025-09-16 14:48:59,503 - INFO -    🔍 Checking if we're on application page...
2025-09-16 14:48:59,506 - INFO -    Current URL: https://www.dice.com/apply?eyJjb3JyZWxhdGlvbl9pZCI6ImM4YzgwYjg2LWZjNGQtNGZjOC04MzViLTIyYWJmOTQ0NTBmNyIsImRqdlZlcnNpb24iOiJuZXciLCJqb2JJZCI6ImU1MzQ0NjJlLWFjNjctNGUzNi1hOTI5LTIxMTUxMTU2MTJjMiIsImpvYlVybCI6Imh0dHBzOi8vd3d3LmRpY2UuY29tL2pvYi1kZXRhaWwvZTUzNDQ2MmUtYWM2Ny00ZTM2LWE5MjktMjExNTExNTYxMmMyIiwiam9iVGl0bGUiOiJCdXNpbmVzcyBBbmFseXN0Iiwic2VhcmNoTGluayI6IiJ9
2025-09-16 14:48:59,509 - INFO -    Page title: Apply
2025-09-16 14:49:04,518 - INFO -    ✅ Successfully on application page
2025-09-16 14:49:04,531 - INFO -    🔄 Looking for NEXT button...
2025-09-16 14:49:07,135 - INFO -    ✅ NEXT button clicked
2025-09-16 14:49:09,585 - INFO -    🔄 Looking for SUBMIT button...
2025-09-16 14:49:11,111 - INFO -    ✅ SUBMIT button clicked
2025-09-16 14:49:11,111 - INFO -    ✅ Successfully applied!
2025-09-16 14:49:14,749 - INFO - 📊 Processing results...
2025-09-16 14:49:14,790 - INFO - 🎉 Application run completed!
2025-09-16 14:49:14,790 - INFO -    ✅ Newly applied: 37
2025-09-16 14:49:14,790 - INFO -    ⏭️  Already applied: 0
2025-09-16 14:49:14,791 - INFO -    ❌ Failed: 3
2025-09-16 14:49:14,791 - INFO -    📊 Total processed: 40
2025-09-16 14:49:14,791 - INFO -    📁 Total jobs in CSV: 3123
2025-09-16 14:49:14,791 - INFO -    💾 Updated: output/final_ml_jobs.csv
2025-09-16 14:49:14,791 - INFO - 🔧 Closing browser...
