2025-08-04 11:43:59,475 - INFO - 🚀 Starting stealth job application bot
2025-08-04 11:44:27,759 - INFO - 📂 Loading jobs from output/final_ml_jobs.csv
2025-08-04 11:44:27,780 - INFO -    📊 Total jobs in file: 3387
2025-08-04 11:44:27,783 - INFO -    🎯 Easy Apply jobs: 3387
2025-08-04 11:44:27,785 - INFO -    ⏳ Jobs to process: 1551 (status: pending)
2025-08-04 11:44:27,785 - INFO - 🎲 Will attempt 90 applications this run (target: 90)
2025-08-04 11:44:27,785 - INFO - 🔑 Logging into Dice...
2025-08-04 11:44:30,588 - INFO - ✅ Login successful
2025-08-04 11:44:32,871 - INFO - 🔄 Starting job applications...
2025-08-04 11:44:32,872 - INFO - 🎯 [1/90] Applying to: OCI -ORACLE CLOUD INFRASTRUCTURE DATA ENGINEER - LINK: https://www.dice.com/job-detail/f3357b65-5a9b-4a31-80c7-9e0b0efa9986
2025-08-04 11:44:53,551 - INFO -    ✅ Successfully applied!
2025-08-04 11:45:03,022 - INFO - 🎯 [2/90] Applying to: GenAI Developer - LINK: https://www.dice.com/job-detail/08b19b1c-3f73-43f1-9a47-22d7c150e4d0
2025-08-04 11:45:18,183 - INFO -    ✅ Successfully applied!
2025-08-04 11:45:27,283 - INFO - 🎯 [3/90] Applying to: Lead/Senior Application Developer - LINK: https://www.dice.com/job-detail/0850a551-1f79-4cbc-89eb-73b9c1488688
2025-08-04 11:45:44,258 - INFO -    ✅ Successfully applied!
2025-08-04 11:45:52,718 - INFO - 🎯 [4/90] Applying to: Senior Data Analyst / HEDIS - LINK: https://www.dice.com/job-detail/211aee01-c641-4fa7-a3ab-222d1048e93f
2025-08-04 11:46:05,062 - INFO -    ✅ Successfully applied!
2025-08-04 11:46:12,756 - INFO - 🎯 [5/90] Applying to: Automation Tester- Atlanta, GA / Frisco, TX / Kansas, Ks / Seattle, WA - Onsite. Must have TOSCA experience with certification - LINK: https://www.dice.com/job-detail/a31c4291-4205-4fc5-9951-71f204ded9bc
2025-08-04 11:46:28,025 - INFO -    ✅ Successfully applied!
2025-08-04 11:46:37,788 - INFO - 🎯 [6/90] Applying to: Onsite Job: Sr iOS Developer, Columbus, OH - LINK: https://www.dice.com/job-detail/0cc52a77-406d-47d7-b6b9-e38a2ebfab28
2025-08-04 11:46:56,773 - ERROR -    ❌ Cannot click apply button: Message: 
Stacktrace:
#0 0x5628e74ba2ca <unknown>
#1 0x5628e6f61550 <unknown>
#2 0x5628e6fb30f0 <unknown>
#3 0x5628e6fb32e1 <unknown>
#4 0x5628e70015e4 <unknown>
#5 0x5628e6fd8bed <unknown>
#6 0x5628e6ffe9e6 <unknown>
#7 0x5628e6fd8993 <unknown>
#8 0x5628e6fa4d6b <unknown>
#9 0x5628e6fa6141 <unknown>
#10 0x5628e747f2ab <unknown>
#11 0x5628e74830b9 <unknown>
#12 0x5628e7466139 <unknown>
#13 0x5628e7483c68 <unknown>
#14 0x5628e744a60f <unknown>
#15 0x5628e74a81f8 <unknown>
#16 0x5628e74a83d6 <unknown>
#17 0x5628e74b95e6 <unknown>
#18 0x7f899409caa4 <unknown>
#19 0x7f8994129c3c <unknown>

2025-08-04 11:47:05,278 - INFO - 🎯 [7/90] Applying to: Sr. Full Stack Developer - LINK: https://www.dice.com/job-detail/d46590c8-1e05-4eb2-a3b3-50ef34f5fcfb
2025-08-04 11:47:20,639 - INFO -    ✅ Successfully applied!
2025-08-04 11:47:29,741 - INFO - 🎯 [8/90] Applying to: PeopleSoft HCM development Payroll - LINK: https://www.dice.com/job-detail/12b6eb9a-ea66-4328-8e48-b50f9bae35e8
2025-08-04 11:47:44,535 - INFO -    ✅ Successfully applied!
2025-08-04 11:47:55,513 - INFO - 🎯 [9/90] Applying to: Software Development Engineer IV (C++, Java, Python, Linux, cloud-native) : W2 Contract - Onsite - LINK: https://www.dice.com/job-detail/798b3af2-8e7c-480b-aa29-c1a7da66df75
2025-08-04 11:48:14,606 - ERROR -    ❌ Cannot click apply button: Message: 
Stacktrace:
#0 0x5628e74ba2ca <unknown>
#1 0x5628e6f61550 <unknown>
#2 0x5628e6fb30f0 <unknown>
#3 0x5628e6fb32e1 <unknown>
#4 0x5628e70015e4 <unknown>
#5 0x5628e6fd8bed <unknown>
#6 0x5628e6ffe9e6 <unknown>
#7 0x5628e6fd8993 <unknown>
#8 0x5628e6fa4d6b <unknown>
#9 0x5628e6fa6141 <unknown>
#10 0x5628e747f2ab <unknown>
#11 0x5628e74830b9 <unknown>
#12 0x5628e7466139 <unknown>
#13 0x5628e7483c68 <unknown>
#14 0x5628e744a60f <unknown>
#15 0x5628e74a81f8 <unknown>
#16 0x5628e74a83d6 <unknown>
#17 0x5628e74b95e6 <unknown>
#18 0x7f899409caa4 <unknown>
#19 0x7f8994129c3c <unknown>

2025-08-04 11:48:23,329 - INFO - 🎯 [10/90] Applying to: NetApp Storage Administrator - LINK: https://www.dice.com/job-detail/f8c3420d-8187-4f4e-8cc9-e82d8c275b83
2025-08-04 11:48:36,575 - INFO -    ✅ Successfully applied!
2025-08-04 11:48:48,301 - INFO - 🎯 [11/90] Applying to: Data Engineer/Quantitative Engineer - LINK: https://www.dice.com/job-detail/061d1f47-d5be-4ac4-93e4-95670d65bca5
2025-08-04 11:49:04,774 - INFO -    ✅ Successfully applied!
2025-08-04 11:49:15,770 - INFO - 🎯 [12/90] Applying to: Lead Healthcare Python/ ReactJS Engineer - LINK: https://www.dice.com/job-detail/6b7ce88d-ed54-4cb3-bc66-f876ac80e9c8
2025-08-04 11:49:34,607 - ERROR -    ❌ Cannot click apply button: Message: 
Stacktrace:
#0 0x5628e74ba2ca <unknown>
#1 0x5628e6f61550 <unknown>
#2 0x5628e6fb30f0 <unknown>
#3 0x5628e6fb32e1 <unknown>
#4 0x5628e70015e4 <unknown>
#5 0x5628e6fd8bed <unknown>
#6 0x5628e6ffe9e6 <unknown>
#7 0x5628e6fd8993 <unknown>
#8 0x5628e6fa4d6b <unknown>
#9 0x5628e6fa6141 <unknown>
#10 0x5628e747f2ab <unknown>
#11 0x5628e74830b9 <unknown>
#12 0x5628e7466139 <unknown>
#13 0x5628e7483c68 <unknown>
#14 0x5628e744a60f <unknown>
#15 0x5628e74a81f8 <unknown>
#16 0x5628e74a83d6 <unknown>
#17 0x5628e74b95e6 <unknown>
#18 0x7f899409caa4 <unknown>
#19 0x7f8994129c3c <unknown>

2025-08-04 11:49:42,747 - INFO - 🎯 [13/90] Applying to: Automation Architect - LINK: https://www.dice.com/job-detail/96ba748e-a62b-494b-81c3-50a5d3bfab19
2025-08-04 11:50:00,546 - INFO -    ✅ Successfully applied!
2025-08-04 11:50:11,669 - INFO - 🎯 [14/90] Applying to: Business Analyst with SQL/ETL - ONSITE - LINK: https://www.dice.com/job-detail/ad2306ae-d47b-4a85-ab6d-a5a65766c785
2025-08-04 11:50:27,571 - INFO -    ✅ Successfully applied!
2025-08-04 11:50:37,299 - INFO - 🎯 [15/90] Applying to: Power Apps Developer - LINK: https://www.dice.com/job-detail/5a9ccdbd-1c66-4eff-8e53-c5d58d0312a3
2025-08-04 11:50:56,773 - ERROR -    ❌ Cannot click apply button: Message: 
Stacktrace:
#0 0x5628e74ba2ca <unknown>
#1 0x5628e6f61550 <unknown>
#2 0x5628e6fb30f0 <unknown>
#3 0x5628e6fb32e1 <unknown>
#4 0x5628e70015e4 <unknown>
#5 0x5628e6fd8bed <unknown>
#6 0x5628e6ffe9e6 <unknown>
#7 0x5628e6fd8993 <unknown>
#8 0x5628e6fa4d6b <unknown>
#9 0x5628e6fa6141 <unknown>
#10 0x5628e747f2ab <unknown>
#11 0x5628e74830b9 <unknown>
#12 0x5628e7466139 <unknown>
#13 0x5628e7483c68 <unknown>
#14 0x5628e744a60f <unknown>
#15 0x5628e74a81f8 <unknown>
#16 0x5628e74a83d6 <unknown>
#17 0x5628e74b95e6 <unknown>
#18 0x7f899409caa4 <unknown>
#19 0x7f8994129c3c <unknown>

2025-08-04 11:51:09,971 - INFO - 🎯 [16/90] Applying to: Data Governance Analyst - LINK: https://www.dice.com/job-detail/24fb810d-b4dd-4f28-b10b-051d63a97a55
2025-08-04 11:51:25,112 - INFO -    ✅ Successfully applied!
2025-08-04 11:51:37,688 - INFO - 🎯 [17/90] Applying to: Lead Java Full stack developer (ReactJS) - LINK: https://www.dice.com/job-detail/e6ecc537-c806-4f22-bb53-2414205701b2
2025-08-04 11:51:54,285 - INFO -    ✅ Successfully applied!
2025-08-04 11:52:05,107 - INFO - 🎯 [18/90] Applying to: Business Analyst - Banking exp - Onsite - Brooklyn, OH - LINK: https://www.dice.com/job-detail/f5a17cb5-068f-4bdb-be7d-6f110454ab61
2025-08-04 11:52:21,080 - INFO -    ✅ Successfully applied!
2025-08-04 11:52:33,020 - INFO - 🎯 [19/90] Applying to: Capital Market Business Analyst - LINK: https://www.dice.com/job-detail/89c2b8b2-4d33-423c-8334-cf5a66f941bb
2025-08-04 11:52:48,732 - INFO -    ✅ Successfully applied!
2025-08-04 11:52:54,808 - INFO - 🎯 [20/90] Applying to: Google Cloud Platform Cloud Engineer - LINK: https://www.dice.com/job-detail/c7711a84-55aa-489d-bd50-d18ded1c5f0a
2025-08-04 11:53:08,880 - INFO -    ✅ Successfully applied!
2025-08-04 11:53:19,913 - INFO - 🎯 [21/90] Applying to: Lead Developer - LINK: https://www.dice.com/job-detail/0b683b8a-ea91-46ba-a4bf-0e5e2db09ef5
2025-08-04 11:53:36,323 - INFO -    ✅ Successfully applied!
2025-08-04 11:53:44,959 - INFO - 🎯 [22/90] Applying to: Product Developer - LINK: https://www.dice.com/job-detail/9dd5d03f-a285-479a-974c-897f1e4c0862
2025-08-04 11:54:04,766 - ERROR -    ❌ Cannot click apply button: Message: 
Stacktrace:
#0 0x5628e74ba2ca <unknown>
#1 0x5628e6f61550 <unknown>
#2 0x5628e6fb30f0 <unknown>
#3 0x5628e6fb32e1 <unknown>
#4 0x5628e70015e4 <unknown>
#5 0x5628e6fd8bed <unknown>
#6 0x5628e6ffe9e6 <unknown>
#7 0x5628e6fd8993 <unknown>
#8 0x5628e6fa4d6b <unknown>
#9 0x5628e6fa6141 <unknown>
#10 0x5628e747f2ab <unknown>
#11 0x5628e74830b9 <unknown>
#12 0x5628e7466139 <unknown>
#13 0x5628e7483c68 <unknown>
#14 0x5628e744a60f <unknown>
#15 0x5628e74a81f8 <unknown>
#16 0x5628e74a83d6 <unknown>
#17 0x5628e74b95e6 <unknown>
#18 0x7f899409caa4 <unknown>
#19 0x7f8994129c3c <unknown>

2025-08-04 11:54:17,762 - INFO - 🎯 [23/90] Applying to: Data Engineer - LINK: https://www.dice.com/job-detail/32883335-cc59-4021-a99e-31fc867b356d
2025-08-04 11:54:34,270 - INFO -    ✅ Successfully applied!
2025-08-04 11:54:41,924 - INFO - 🎯 [24/90] Applying to: Senior Business Analyst/Tester (Oracle Fusion/ PeopleSoft) - LINK: https://www.dice.com/job-detail/44f1783e-0f19-4d10-992b-a27c98f19f8e
2025-08-04 11:54:58,783 - INFO -    ✅ Successfully applied!
2025-08-04 11:55:09,437 - INFO - 🎯 [25/90] Applying to: Java Python QA Automation Engineer (Locals Only) - LINK: https://www.dice.com/job-detail/dfe667d3-5dce-4fbe-bc81-93d890be6959
2025-08-04 11:55:24,017 - INFO -    ✅ Successfully applied!
2025-08-04 11:55:34,280 - INFO - 🎯 [26/90] Applying to: Oracle HCM Cloud Analyst - LINK: https://www.dice.com/job-detail/c9c70e3d-64d2-43fd-890a-25d75c2c74bb
2025-08-04 11:55:49,559 - INFO -    ✅ Successfully applied!
2025-08-04 11:55:57,527 - INFO - 🎯 [27/90] Applying to: System Debug and Configuration Engineer VLSI AI Hardware validation, Azure Server Platforms - LINK: https://www.dice.com/job-detail/39e23da7-c6a9-42b5-b1b2-c707814e1677
2025-08-04 11:56:13,778 - INFO -    ✅ Successfully applied!
2025-08-04 11:56:26,123 - INFO - 🎯 [28/90] Applying to: VP of Engineering - LINK: https://www.dice.com/job-detail/a4606124-7e24-4bdf-a7d1-4182066035d0
2025-08-04 11:56:41,992 - INFO -    ✅ Successfully applied!
2025-08-04 11:56:51,250 - INFO - 🎯 [29/90] Applying to: Systems Engineer (Junior Devops) :: Arlington Heights, Illinois (Need locals with DL Copy) - LINK: https://www.dice.com/job-detail/c768a6e3-4b7d-4e8b-adb4-371f1c3f71bb
2025-08-04 11:57:06,134 - INFO -    ✅ Successfully applied!
2025-08-04 11:57:14,276 - INFO - 🎯 [30/90] Applying to: Onsite Job: Sr iOS Developer, Columbus, OH - LINK: https://www.dice.com/job-detail/303c89fd-822b-4198-919b-310afd80bf36
2025-08-04 11:57:33,588 - ERROR -    ❌ Cannot click apply button: Message: 
Stacktrace:
#0 0x5628e74ba2ca <unknown>
#1 0x5628e6f61550 <unknown>
#2 0x5628e6fb30f0 <unknown>
#3 0x5628e6fb32e1 <unknown>
#4 0x5628e70015e4 <unknown>
#5 0x5628e6fd8bed <unknown>
#6 0x5628e6ffe9e6 <unknown>
#7 0x5628e6fd8993 <unknown>
#8 0x5628e6fa4d6b <unknown>
#9 0x5628e6fa6141 <unknown>
#10 0x5628e747f2ab <unknown>
#11 0x5628e74830b9 <unknown>
#12 0x5628e7466139 <unknown>
#13 0x5628e7483c68 <unknown>
#14 0x5628e744a60f <unknown>
#15 0x5628e74a81f8 <unknown>
#16 0x5628e74a83d6 <unknown>
#17 0x5628e74b95e6 <unknown>
#18 0x7f899409caa4 <unknown>
#19 0x7f8994129c3c <unknown>

2025-08-04 11:57:44,245 - INFO - 🎯 [31/90] Applying to: Full Stack Python/Angular Developer - LINK: https://www.dice.com/job-detail/5c82a7b9-751c-4af3-8139-11763e23152e
2025-08-04 11:57:59,219 - INFO -    ✅ Successfully applied!
2025-08-04 11:58:09,499 - INFO - 🎯 [32/90] Applying to: Teradata Analyst - LINK: https://www.dice.com/job-detail/5c36eea0-c56a-4d23-83f3-f3f0c8b75e52
2025-08-04 11:58:26,328 - INFO -    ✅ Successfully applied!
2025-08-04 11:58:37,207 - INFO - 🎯 [33/90] Applying to: Sr.Developer/ Support Engineer - LINK: https://www.dice.com/job-detail/04478cae-b86c-4376-ac06-ea3450c93e5c
2025-08-04 11:58:54,271 - INFO -    ✅ Successfully applied!
2025-08-04 11:59:06,197 - INFO - 🎯 [34/90] Applying to: Senior Azure Platform Architect - LINK: https://www.dice.com/job-detail/8ac37024-9ee4-414c-a39d-8ba1491a8ad7
2025-08-04 11:59:25,293 - ERROR -    ❌ Cannot click apply button: Message: 
Stacktrace:
#0 0x5628e74ba2ca <unknown>
#1 0x5628e6f61550 <unknown>
#2 0x5628e6fb30f0 <unknown>
#3 0x5628e6fb32e1 <unknown>
#4 0x5628e70015e4 <unknown>
#5 0x5628e6fd8bed <unknown>
#6 0x5628e6ffe9e6 <unknown>
#7 0x5628e6fd8993 <unknown>
#8 0x5628e6fa4d6b <unknown>
#9 0x5628e6fa6141 <unknown>
#10 0x5628e747f2ab <unknown>
#11 0x5628e74830b9 <unknown>
#12 0x5628e7466139 <unknown>
#13 0x5628e7483c68 <unknown>
#14 0x5628e744a60f <unknown>
#15 0x5628e74a81f8 <unknown>
#16 0x5628e74a83d6 <unknown>
#17 0x5628e74b95e6 <unknown>
#18 0x7f899409caa4 <unknown>
#19 0x7f8994129c3c <unknown>

2025-08-04 11:59:35,537 - INFO - 🎯 [35/90] Applying to: Senior DevOps Engineer Cloud Infrastructure & Automation - LINK: https://www.dice.com/job-detail/d466d881-1418-40d7-a634-f55e5f1ce749
2025-08-04 11:59:51,867 - INFO -    ✅ Successfully applied!
2025-08-04 12:00:03,660 - INFO - 🎯 [36/90] Applying to: Data Engineer - EST - LINK: https://www.dice.com/job-detail/9ba89a91-9f6e-4bc5-b747-75317ac5c19f
2025-08-04 12:00:21,251 - INFO -    ✅ Successfully applied!
2025-08-04 12:00:32,859 - INFO - 🎯 [37/90] Applying to: Conversational AI Technical Architect - LINK: https://www.dice.com/job-detail/a4e35dfe-3370-4dc1-baa7-e325e5dcf7e4
2025-08-04 12:00:49,575 - INFO -    ✅ Successfully applied!
2025-08-04 12:01:01,263 - INFO - 🎯 [38/90] Applying to: Data analyst with Strong SQL skill (Must be local to Mountain view,CA) - LINK: https://www.dice.com/job-detail/222b5581-ece4-415e-84d7-ead05dc0373f
2025-08-04 12:01:15,898 - INFO -    ✅ Successfully applied!
2025-08-04 12:01:27,400 - INFO - 🎯 [39/90] Applying to: AI Chatbot Developers with 8yrs exp -Hartford, CT - LINK: https://www.dice.com/job-detail/21ce05b3-bf8a-4dfd-909d-14503d1ddfe3
2025-08-04 12:01:46,363 - ERROR -    ❌ Cannot click apply button: Message: 
Stacktrace:
#0 0x5628e74ba2ca <unknown>
#1 0x5628e6f61550 <unknown>
#2 0x5628e6fb30f0 <unknown>
#3 0x5628e6fb32e1 <unknown>
#4 0x5628e70015e4 <unknown>
#5 0x5628e6fd8bed <unknown>
#6 0x5628e6ffe9e6 <unknown>
#7 0x5628e6fd8993 <unknown>
#8 0x5628e6fa4d6b <unknown>
#9 0x5628e6fa6141 <unknown>
#10 0x5628e747f2ab <unknown>
#11 0x5628e74830b9 <unknown>
#12 0x5628e7466139 <unknown>
#13 0x5628e7483c68 <unknown>
#14 0x5628e744a60f <unknown>
#15 0x5628e74a81f8 <unknown>
#16 0x5628e74a83d6 <unknown>
#17 0x5628e74b95e6 <unknown>
#18 0x7f899409caa4 <unknown>
#19 0x7f8994129c3c <unknown>

2025-08-04 12:01:58,815 - INFO - 🎯 [40/90] Applying to: Databricks Architect - LINK: https://www.dice.com/job-detail/6e40d782-04a7-4c63-b39f-a6f7e3077945
2025-08-04 12:02:14,600 - INFO -    ✅ Successfully applied!
2025-08-04 12:02:22,447 - INFO - 🎯 [41/90] Applying to: Data Analytics Cloud Architect || Seattle, WA/St. Louis, MO/Plano, TX/Dallas, TX/Houston, TX (Onsite) || TCS Fulltime - LINK: https://www.dice.com/job-detail/23df480d-aa3e-4a84-9865-12f25a8f854e
2025-08-04 12:02:41,836 - ERROR -    ❌ Cannot click apply button: Message: 
Stacktrace:
#0 0x5628e74ba2ca <unknown>
#1 0x5628e6f61550 <unknown>
#2 0x5628e6fb30f0 <unknown>
#3 0x5628e6fb32e1 <unknown>
#4 0x5628e70015e4 <unknown>
#5 0x5628e6fd8bed <unknown>
#6 0x5628e6ffe9e6 <unknown>
#7 0x5628e6fd8993 <unknown>
#8 0x5628e6fa4d6b <unknown>
#9 0x5628e6fa6141 <unknown>
#10 0x5628e747f2ab <unknown>
#11 0x5628e74830b9 <unknown>
#12 0x5628e7466139 <unknown>
#13 0x5628e7483c68 <unknown>
#14 0x5628e744a60f <unknown>
#15 0x5628e74a81f8 <unknown>
#16 0x5628e74a83d6 <unknown>
#17 0x5628e74b95e6 <unknown>
#18 0x7f899409caa4 <unknown>
#19 0x7f8994129c3c <unknown>

2025-08-04 12:02:53,418 - INFO - 🎯 [42/90] Applying to: Back End Developer - LINK: https://www.dice.com/job-detail/3b49f5a6-185b-4c52-a568-a7711d4d6dba
2025-08-04 12:03:12,019 - ERROR -    ❌ Cannot click apply button: Message: 
Stacktrace:
#0 0x5628e74ba2ca <unknown>
#1 0x5628e6f61550 <unknown>
#2 0x5628e6fb30f0 <unknown>
#3 0x5628e6fb32e1 <unknown>
#4 0x5628e70015e4 <unknown>
#5 0x5628e6fd8bed <unknown>
#6 0x5628e6ffe9e6 <unknown>
#7 0x5628e6fd8993 <unknown>
#8 0x5628e6fa4d6b <unknown>
#9 0x5628e6fa6141 <unknown>
#10 0x5628e747f2ab <unknown>
#11 0x5628e74830b9 <unknown>
#12 0x5628e7466139 <unknown>
#13 0x5628e7483c68 <unknown>
#14 0x5628e744a60f <unknown>
#15 0x5628e74a81f8 <unknown>
#16 0x5628e74a83d6 <unknown>
#17 0x5628e74b95e6 <unknown>
#18 0x7f899409caa4 <unknown>
#19 0x7f8994129c3c <unknown>

2025-08-04 12:03:21,492 - INFO - 🎯 [43/90] Applying to: Senior Software Engineer (BMC Remedy) for 100% Remote - LINK: https://www.dice.com/job-detail/c2ea9ba9-7747-4b3e-b5f3-37e81c674bf8
2025-08-04 12:03:36,787 - INFO -    ✅ Successfully applied!
2025-08-04 12:03:45,086 - INFO - 🎯 [44/90] Applying to: Senior Data Analyst - LINK: https://www.dice.com/job-detail/6ebf74dc-b8e0-47b9-9ee5-b67c47929dd7
2025-08-04 12:03:58,083 - INFO -    ✅ Successfully applied!
2025-08-04 12:04:08,221 - INFO - 🎯 [45/90] Applying to: Senior Embedded Tester (Automotive Experience Required) - LINK: https://www.dice.com/job-detail/73526469-0acf-44ee-816f-e19b663c1a53
2025-08-04 12:04:28,063 - ERROR -    ❌ Cannot click apply button: Message: 
Stacktrace:
#0 0x5628e74ba2ca <unknown>
#1 0x5628e6f61550 <unknown>
#2 0x5628e6fb30f0 <unknown>
#3 0x5628e6fb32e1 <unknown>
#4 0x5628e70015e4 <unknown>
#5 0x5628e6fd8bed <unknown>
#6 0x5628e6ffe9e6 <unknown>
#7 0x5628e6fd8993 <unknown>
#8 0x5628e6fa4d6b <unknown>
#9 0x5628e6fa6141 <unknown>
#10 0x5628e747f2ab <unknown>
#11 0x5628e74830b9 <unknown>
#12 0x5628e7466139 <unknown>
#13 0x5628e7483c68 <unknown>
#14 0x5628e744a60f <unknown>
#15 0x5628e74a81f8 <unknown>
#16 0x5628e74a83d6 <unknown>
#17 0x5628e74b95e6 <unknown>
#18 0x7f899409caa4 <unknown>
#19 0x7f8994129c3c <unknown>

2025-08-04 12:04:36,639 - INFO - 🎯 [46/90] Applying to: Java Full Stack Developer with AI - LINK: https://www.dice.com/job-detail/4ed859d0-afba-4d71-9c46-93867f05b015
2025-08-04 12:04:56,021 - ERROR -    ❌ Cannot click apply button: Message: 
Stacktrace:
#0 0x5628e74ba2ca <unknown>
#1 0x5628e6f61550 <unknown>
#2 0x5628e6fb30f0 <unknown>
#3 0x5628e6fb32e1 <unknown>
#4 0x5628e70015e4 <unknown>
#5 0x5628e6fd8bed <unknown>
#6 0x5628e6ffe9e6 <unknown>
#7 0x5628e6fd8993 <unknown>
#8 0x5628e6fa4d6b <unknown>
#9 0x5628e6fa6141 <unknown>
#10 0x5628e747f2ab <unknown>
#11 0x5628e74830b9 <unknown>
#12 0x5628e7466139 <unknown>
#13 0x5628e7483c68 <unknown>
#14 0x5628e744a60f <unknown>
#15 0x5628e74a81f8 <unknown>
#16 0x5628e74a83d6 <unknown>
#17 0x5628e74b95e6 <unknown>
#18 0x7f899409caa4 <unknown>
#19 0x7f8994129c3c <unknown>

2025-08-04 12:05:05,282 - INFO - 🎯 [47/90] Applying to: Software Engineer 3 Backend - LINK: https://www.dice.com/job-detail/b4b110e9-83ff-4f52-afdf-fe37034b60a2
2025-08-04 12:05:20,140 - INFO -    ✅ Successfully applied!
2025-08-04 12:05:31,569 - INFO - 🎯 [48/90] Applying to: ServiceNow Solutions Architect - LINK: https://www.dice.com/job-detail/83fea86e-9dd6-4072-ad46-13e526af21bc
2025-08-04 12:05:44,556 - INFO -    ✅ Successfully applied!
2025-08-04 12:05:55,202 - INFO - 🎯 [49/90] Applying to: Direct Client: Data Governance Analyst (Hybrid work) - LINK: https://www.dice.com/job-detail/732bd6fc-ba1f-4ddf-8936-b5aa852b5933
2025-08-04 12:06:09,433 - INFO -    ✅ Successfully applied!
2025-08-04 12:06:18,192 - INFO - 🎯 [50/90] Applying to: Data Engineer - LINK: https://www.dice.com/job-detail/4027bb4f-d801-4719-866b-f4a910a9a336
2025-08-04 12:06:34,954 - INFO -    ✅ Successfully applied!
2025-08-04 12:06:43,978 - INFO - 🎯 [51/90] Applying to: Data Architect (9+ Years experience with Snowflake and Pytorch/GluonTS Required) - LINK: https://www.dice.com/job-detail/33f86aeb-48bf-412e-ad57-111f9c17ba6c
2025-08-04 12:07:00,936 - INFO -    ✅ Successfully applied!
2025-08-04 12:07:11,318 - INFO - 🎯 [52/90] Applying to: Redis Engineer (with Python, Snowflake, and Databricks) - LINK: https://www.dice.com/job-detail/5d86e376-9e98-49c6-a7a2-e7671c0b4494
2025-08-04 12:07:26,331 - INFO -    ✅ Successfully applied!
2025-08-04 12:07:34,656 - INFO - 🎯 [53/90] Applying to: Senior Workato Consultant - LINK: https://www.dice.com/job-detail/11f3c29f-5605-4e7c-aca7-375c2db1419f
2025-08-04 12:07:50,647 - INFO -    ✅ Successfully applied!
2025-08-04 12:07:58,331 - INFO - 🎯 [54/90] Applying to: Frontend Engineer - LINK: https://www.dice.com/job-detail/ddca1dca-3736-453b-bf88-77fb715044b5
2025-08-04 12:08:15,617 - INFO -    ✅ Successfully applied!
2025-08-04 12:08:27,633 - INFO - 🎯 [55/90] Applying to: Microservices Engineer With Google Cloud Platform Experience - LINK: https://www.dice.com/job-detail/c1d9f9d2-fbe9-4fe0-8392-b51654586b52
2025-08-04 12:08:47,469 - ERROR -    ❌ Cannot click apply button: Message: 
Stacktrace:
#0 0x5628e74ba2ca <unknown>
#1 0x5628e6f61550 <unknown>
#2 0x5628e6fb30f0 <unknown>
#3 0x5628e6fb32e1 <unknown>
#4 0x5628e70015e4 <unknown>
#5 0x5628e6fd8bed <unknown>
#6 0x5628e6ffe9e6 <unknown>
#7 0x5628e6fd8993 <unknown>
#8 0x5628e6fa4d6b <unknown>
#9 0x5628e6fa6141 <unknown>
#10 0x5628e747f2ab <unknown>
#11 0x5628e74830b9 <unknown>
#12 0x5628e7466139 <unknown>
#13 0x5628e7483c68 <unknown>
#14 0x5628e744a60f <unknown>
#15 0x5628e74a81f8 <unknown>
#16 0x5628e74a83d6 <unknown>
#17 0x5628e74b95e6 <unknown>
#18 0x7f899409caa4 <unknown>
#19 0x7f8994129c3c <unknown>

2025-08-04 12:08:57,623 - INFO - 🎯 [56/90] Applying to: Fullstack Developer (Node.JS,NestJS/ExpressJS, TypeScript/JavaScript, AWS,Messaging Protocol & NMS - Must )_Plano, TX (Hybrid)_onsite interview Must - LINK: https://www.dice.com/job-detail/3c9e7b2f-082d-41d3-b160-7c117f38d607
2025-08-04 12:09:11,120 - INFO -    ✅ Successfully applied!
2025-08-04 12:09:20,647 - INFO - 🎯 [57/90] Applying to: Senior Software Developer in Test (SDET) - LINK: https://www.dice.com/job-detail/fa7631f3-681a-4f32-af54-6c45ce5ea28c
2025-08-04 12:09:39,212 - ERROR -    ❌ Cannot click apply button: Message: 
Stacktrace:
#0 0x5628e74ba2ca <unknown>
#1 0x5628e6f61550 <unknown>
#2 0x5628e6fb30f0 <unknown>
#3 0x5628e6fb32e1 <unknown>
#4 0x5628e70015e4 <unknown>
#5 0x5628e6fd8bed <unknown>
#6 0x5628e6ffe9e6 <unknown>
#7 0x5628e6fd8993 <unknown>
#8 0x5628e6fa4d6b <unknown>
#9 0x5628e6fa6141 <unknown>
#10 0x5628e747f2ab <unknown>
#11 0x5628e74830b9 <unknown>
#12 0x5628e7466139 <unknown>
#13 0x5628e7483c68 <unknown>
#14 0x5628e744a60f <unknown>
#15 0x5628e74a81f8 <unknown>
#16 0x5628e74a83d6 <unknown>
#17 0x5628e74b95e6 <unknown>
#18 0x7f899409caa4 <unknown>
#19 0x7f8994129c3c <unknown>

2025-08-04 12:09:46,642 - INFO - 🎯 [58/90] Applying to: PeopleSoft FSCM 9.2 Business Analyst - LINK: https://www.dice.com/job-detail/c89e195f-2539-410a-a2e5-e47797ea109c
2025-08-04 12:10:01,833 - INFO -    ✅ Successfully applied!
2025-08-04 12:10:12,980 - INFO - 🎯 [59/90] Applying to: Senior Quantitative Researcher, Strategy Developer, Buy-Side - R - LINK: https://www.dice.com/job-detail/54895827-5958-4240-af3d-b8a91cf7a662
2025-08-04 12:10:29,182 - INFO -    ✅ Successfully applied!
2025-08-04 12:10:38,361 - INFO - 🎯 [60/90] Applying to: Snowflake Data Engineer - LINK: https://www.dice.com/job-detail/6d9c0ddb-af7e-4dac-be2c-00b97de4eb17
2025-08-04 12:10:53,385 - INFO -    ✅ Successfully applied!
2025-08-04 12:11:00,935 - INFO - 🎯 [61/90] Applying to: Technical Architect (BIBA) - LINK: https://www.dice.com/job-detail/149bd9c1-2abf-469e-abc5-6f97f3e6cd1f
2025-08-04 12:11:14,338 - INFO -    ✅ Successfully applied!
2025-08-04 12:11:23,381 - INFO - 🎯 [62/90] Applying to: Software Developer - LINK: https://www.dice.com/job-detail/2a17f7f7-7753-49f9-9051-a1c645843b16
2025-08-04 12:11:38,392 - INFO -    ✅ Successfully applied!
2025-08-04 12:11:50,448 - INFO - 🎯 [63/90] Applying to: Sr. Salesforce Architect - LINK: https://www.dice.com/job-detail/17f47187-c4d5-4813-bfe6-0bbcf80ca7d2
2025-08-04 12:12:09,023 - ERROR -    ❌ Cannot click apply button: Message: 
Stacktrace:
#0 0x5628e74ba2ca <unknown>
#1 0x5628e6f61550 <unknown>
#2 0x5628e6fb30f0 <unknown>
#3 0x5628e6fb32e1 <unknown>
#4 0x5628e70015e4 <unknown>
#5 0x5628e6fd8bed <unknown>
#6 0x5628e6ffe9e6 <unknown>
#7 0x5628e6fd8993 <unknown>
#8 0x5628e6fa4d6b <unknown>
#9 0x5628e6fa6141 <unknown>
#10 0x5628e747f2ab <unknown>
#11 0x5628e74830b9 <unknown>
#12 0x5628e7466139 <unknown>
#13 0x5628e7483c68 <unknown>
#14 0x5628e744a60f <unknown>
#15 0x5628e74a81f8 <unknown>
#16 0x5628e74a83d6 <unknown>
#17 0x5628e74b95e6 <unknown>
#18 0x7f899409caa4 <unknown>
#19 0x7f8994129c3c <unknown>

2025-08-04 12:12:18,164 - INFO - 🎯 [64/90] Applying to: Information Technology - Engineer, Systems Ld - LINK: https://www.dice.com/job-detail/1d4cc8bb-1be2-4ecc-86b9-8e975b5cb7ae
2025-08-04 12:12:34,266 - INFO -    ✅ Successfully applied!
2025-08-04 12:12:46,404 - INFO - 🎯 [65/90] Applying to: Sr. Full Stack Developer (MEAN) - W2 (NO C2C) - Des Moines, IA - Posted by Tauqeer - LINK: https://www.dice.com/job-detail/a98c599f-b5cd-4e48-8448-d615ec3282f5
2025-08-04 12:13:04,271 - INFO -    ✅ Successfully applied!
2025-08-04 12:13:13,770 - INFO - 🎯 [66/90] Applying to: Consulting Principal AWS Cloud Engineer - LINK: https://www.dice.com/job-detail/00228710-473d-4418-9224-ec289ff875b3
2025-08-04 12:13:28,185 - INFO -    ✅ Successfully applied!
2025-08-04 12:13:37,432 - INFO - 🎯 [67/90] Applying to: Application Systems Analyst- PL/SQL - LINK: https://www.dice.com/job-detail/4b7d3359-b329-4048-b490-94621b8f14fb
2025-08-04 12:13:51,895 - INFO -    ✅ Successfully applied!
2025-08-04 12:14:01,721 - INFO - 🎯 [68/90] Applying to: Senior Mobile Developer - LINK: https://www.dice.com/job-detail/defd694e-49c4-4bff-8389-c9c439b30d01
2025-08-04 12:14:18,886 - INFO -    ✅ Successfully applied!
2025-08-04 12:14:30,450 - INFO - 🎯 [69/90] Applying to: Sr. Cloud Software Engineer - LINK: https://www.dice.com/job-detail/c485e2d0-5405-409e-952d-af447a3e333c
2025-08-04 12:14:48,130 - INFO -    ✅ Successfully applied!
2025-08-04 12:14:59,806 - INFO - 🎯 [70/90] Applying to: Entry Level Business Analyst - LINK: https://www.dice.com/job-detail/adba6619-fca2-4d85-80f2-3b24d4958a43
2025-08-04 12:15:16,448 - INFO -    ✅ Successfully applied!
2025-08-04 12:15:25,088 - INFO - 🎯 [71/90] Applying to: Senior Integration Engineer - LINK: https://www.dice.com/job-detail/9b5eb0cd-e4d4-43bb-8a71-dfa3fcf49d12
2025-08-04 12:15:40,388 - INFO -    ✅ Successfully applied!
2025-08-04 12:15:49,251 - INFO - 🎯 [72/90] Applying to: Performance Test Engineer - LINK: https://www.dice.com/job-detail/80d4fa0b-033c-4db4-88e7-1c454b0ba635
2025-08-04 12:16:05,798 - INFO -    ✅ Successfully applied!
2025-08-04 12:16:14,254 - INFO - 🎯 [73/90] Applying to: Enterprise Data Architect with Claims Adjudication Process - Remote - LINK: https://www.dice.com/job-detail/ef7d8557-93d3-4d8f-9eb3-c88b3c73f402
2025-08-04 12:16:27,940 - INFO -    ✅ Successfully applied!
2025-08-04 12:16:36,830 - INFO - 🎯 [74/90] Applying to: ServiceNow Developer - CMDB / Discovery || Phoenix, AZ (Onsite) - LINK: https://www.dice.com/job-detail/ec760ea2-a0aa-44f2-b27c-213b1a06d8a2
2025-08-04 12:16:57,121 - ERROR -    ❌ Cannot click apply button: Message: 
Stacktrace:
#0 0x5628e74ba2ca <unknown>
#1 0x5628e6f61550 <unknown>
#2 0x5628e6fb30f0 <unknown>
#3 0x5628e6fb32e1 <unknown>
#4 0x5628e70015e4 <unknown>
#5 0x5628e6fd8bed <unknown>
#6 0x5628e6ffe9e6 <unknown>
#7 0x5628e6fd8993 <unknown>
#8 0x5628e6fa4d6b <unknown>
#9 0x5628e6fa6141 <unknown>
#10 0x5628e747f2ab <unknown>
#11 0x5628e74830b9 <unknown>
#12 0x5628e7466139 <unknown>
#13 0x5628e7483c68 <unknown>
#14 0x5628e744a60f <unknown>
#15 0x5628e74a81f8 <unknown>
#16 0x5628e74a83d6 <unknown>
#17 0x5628e74b95e6 <unknown>
#18 0x7f899409caa4 <unknown>
#19 0x7f8994129c3c <unknown>

2025-08-04 12:17:08,242 - INFO - 🎯 [75/90] Applying to: Software Architect - LINK: https://www.dice.com/job-detail/052a6b92-45a5-4738-b673-3fa305867ff3
2025-08-04 12:17:27,085 - ERROR -    ❌ Cannot click apply button: Message: 
Stacktrace:
#0 0x5628e74ba2ca <unknown>
#1 0x5628e6f61550 <unknown>
#2 0x5628e6fb30f0 <unknown>
#3 0x5628e6fb32e1 <unknown>
#4 0x5628e70015e4 <unknown>
#5 0x5628e6fd8bed <unknown>
#6 0x5628e6ffe9e6 <unknown>
#7 0x5628e6fd8993 <unknown>
#8 0x5628e6fa4d6b <unknown>
#9 0x5628e6fa6141 <unknown>
#10 0x5628e747f2ab <unknown>
#11 0x5628e74830b9 <unknown>
#12 0x5628e7466139 <unknown>
#13 0x5628e7483c68 <unknown>
#14 0x5628e744a60f <unknown>
#15 0x5628e74a81f8 <unknown>
#16 0x5628e74a83d6 <unknown>
#17 0x5628e74b95e6 <unknown>
#18 0x7f899409caa4 <unknown>
#19 0x7f8994129c3c <unknown>

2025-08-04 12:17:39,386 - INFO - 🎯 [76/90] Applying to: Azure DevOps consultant with Snowflake - LINK: https://www.dice.com/job-detail/f5778482-553f-4e6b-8afa-8a2ce5313d21
2025-08-04 12:17:59,535 - ERROR -    ❌ Cannot click apply button: Message: 
Stacktrace:
#0 0x5628e74ba2ca <unknown>
#1 0x5628e6f61550 <unknown>
#2 0x5628e6fb30f0 <unknown>
#3 0x5628e6fb32e1 <unknown>
#4 0x5628e70015e4 <unknown>
#5 0x5628e6fd8bed <unknown>
#6 0x5628e6ffe9e6 <unknown>
#7 0x5628e6fd8993 <unknown>
#8 0x5628e6fa4d6b <unknown>
#9 0x5628e6fa6141 <unknown>
#10 0x5628e747f2ab <unknown>
#11 0x5628e74830b9 <unknown>
#12 0x5628e7466139 <unknown>
#13 0x5628e7483c68 <unknown>
#14 0x5628e744a60f <unknown>
#15 0x5628e74a81f8 <unknown>
#16 0x5628e74a83d6 <unknown>
#17 0x5628e74b95e6 <unknown>
#18 0x7f899409caa4 <unknown>
#19 0x7f8994129c3c <unknown>

2025-08-04 12:18:11,616 - INFO - 🎯 [77/90] Applying to: Sr. Business Analyst at South Chesterfield, VA - LINK: https://www.dice.com/job-detail/8c8c92ec-21e2-4a03-bed9-2a23e4cc27a7
2025-08-04 12:18:27,709 - INFO -    ✅ Successfully applied!
2025-08-04 12:18:39,499 - INFO - 🎯 [78/90] Applying to: Data Center Engineer - M - LINK: https://www.dice.com/job-detail/2248dc8c-4427-4ef8-b9f5-cbf1a78263e2
2025-08-04 12:18:56,425 - INFO -    ✅ Successfully applied!
2025-08-04 12:19:04,167 - INFO - 🎯 [79/90] Applying to: Sr. Data Solutions Engineer - HYBRID - LINK: https://www.dice.com/job-detail/a473e274-09a2-4f77-8287-69ead61cd50d
2025-08-04 12:19:19,020 - INFO -    ✅ Successfully applied!
2025-08-04 12:19:28,856 - INFO - 🎯 [80/90] Applying to: Azure Databricks Developer 86038 - LINK: https://www.dice.com/job-detail/be62a621-1642-458d-a03a-96d76cf4b493
2025-08-04 12:19:47,325 - INFO -    ✅ Successfully applied!
2025-08-04 12:19:55,549 - INFO - 🎯 [81/90] Applying to: Data Architect- AWS - LINK: https://www.dice.com/job-detail/ccfa7e4a-0009-4975-8430-79c88471a194
2025-08-04 12:20:13,687 - ERROR -    ❌ Cannot click apply button: Message: 
Stacktrace:
#0 0x5628e74ba2ca <unknown>
#1 0x5628e6f61550 <unknown>
#2 0x5628e6fb30f0 <unknown>
#3 0x5628e6fb32e1 <unknown>
#4 0x5628e70015e4 <unknown>
#5 0x5628e6fd8bed <unknown>
#6 0x5628e6ffe9e6 <unknown>
#7 0x5628e6fd8993 <unknown>
#8 0x5628e6fa4d6b <unknown>
#9 0x5628e6fa6141 <unknown>
#10 0x5628e747f2ab <unknown>
#11 0x5628e74830b9 <unknown>
#12 0x5628e7466139 <unknown>
#13 0x5628e7483c68 <unknown>
#14 0x5628e744a60f <unknown>
#15 0x5628e74a81f8 <unknown>
#16 0x5628e74a83d6 <unknown>
#17 0x5628e74b95e6 <unknown>
#18 0x7f899409caa4 <unknown>
#19 0x7f8994129c3c <unknown>

2025-08-04 12:20:23,102 - INFO - 🎯 [82/90] Applying to: Sr. Business Analyst - LINK: https://www.dice.com/job-detail/28f88ebb-d2bf-4ea3-8221-d256001f3809
2025-08-04 12:20:38,874 - INFO -    ✅ Successfully applied!
2025-08-04 12:20:51,606 - INFO - 🎯 [83/90] Applying to: C++ Quant developer - LINK: https://www.dice.com/job-detail/57377c30-0aef-4d07-a4f6-f21ddcff16d0
2025-08-04 12:21:10,020 - ERROR -    ❌ Cannot click apply button: Message: 
Stacktrace:
#0 0x5628e74ba2ca <unknown>
#1 0x5628e6f61550 <unknown>
#2 0x5628e6fb30f0 <unknown>
#3 0x5628e6fb32e1 <unknown>
#4 0x5628e70015e4 <unknown>
#5 0x5628e6fd8bed <unknown>
#6 0x5628e6ffe9e6 <unknown>
#7 0x5628e6fd8993 <unknown>
#8 0x5628e6fa4d6b <unknown>
#9 0x5628e6fa6141 <unknown>
#10 0x5628e747f2ab <unknown>
#11 0x5628e74830b9 <unknown>
#12 0x5628e7466139 <unknown>
#13 0x5628e7483c68 <unknown>
#14 0x5628e744a60f <unknown>
#15 0x5628e74a81f8 <unknown>
#16 0x5628e74a83d6 <unknown>
#17 0x5628e74b95e6 <unknown>
#18 0x7f899409caa4 <unknown>
#19 0x7f8994129c3c <unknown>

2025-08-04 12:21:20,144 - INFO - 🎯 [84/90] Applying to: Full Stack SW Engineer - LINK: https://www.dice.com/job-detail/145f7b3b-7132-4764-b183-740a3e34cf75
2025-08-04 12:21:35,061 - INFO -    ✅ Successfully applied!
2025-08-04 12:21:43,817 - INFO - 🎯 [85/90] Applying to: iOS Developer - LINK: https://www.dice.com/job-detail/4cb3d9d3-b5a3-4140-b148-d3c2bd8a96f8
2025-08-04 12:22:02,305 - ERROR -    ❌ Cannot click apply button: Message: 
Stacktrace:
#0 0x5628e74ba2ca <unknown>
#1 0x5628e6f61550 <unknown>
#2 0x5628e6fb30f0 <unknown>
#3 0x5628e6fb32e1 <unknown>
#4 0x5628e70015e4 <unknown>
#5 0x5628e6fd8bed <unknown>
#6 0x5628e6ffe9e6 <unknown>
#7 0x5628e6fd8993 <unknown>
#8 0x5628e6fa4d6b <unknown>
#9 0x5628e6fa6141 <unknown>
#10 0x5628e747f2ab <unknown>
#11 0x5628e74830b9 <unknown>
#12 0x5628e7466139 <unknown>
#13 0x5628e7483c68 <unknown>
#14 0x5628e744a60f <unknown>
#15 0x5628e74a81f8 <unknown>
#16 0x5628e74a83d6 <unknown>
#17 0x5628e74b95e6 <unknown>
#18 0x7f899409caa4 <unknown>
#19 0x7f8994129c3c <unknown>

2025-08-04 12:22:08,708 - INFO - 🎯 [86/90] Applying to: Business Analyst - LINK: https://www.dice.com/job-detail/9ceb7c20-477a-4ecd-bc83-b60392927674
2025-08-04 12:22:22,403 - INFO -    ✅ Successfully applied!
2025-08-04 12:22:30,873 - INFO - 🎯 [87/90] Applying to: Senior Applications Security Engineer Role - LINK: https://www.dice.com/job-detail/3a9497da-beb4-4228-94b4-71961daae930
2025-08-04 12:22:49,088 - INFO -    ✅ Successfully applied!
2025-08-04 12:22:57,298 - INFO - 🎯 [88/90] Applying to: Senior Data Analyst SAP migration S/4HANA only W2 - LINK: https://www.dice.com/job-detail/829798ce-fb36-4068-8ffe-e4856d604295
2025-08-04 12:23:16,010 - INFO -    ✅ Successfully applied!
2025-08-04 12:23:24,575 - INFO - 🎯 [89/90] Applying to: Senior Azure Kubernetes DevOps Engineer - LINK: https://www.dice.com/job-detail/84d1c0c0-ec54-4b7e-86c1-0d810776ce2d
2025-08-04 12:23:43,808 - ERROR -    ❌ Cannot click apply button: Message: 
Stacktrace:
#0 0x5628e74ba2ca <unknown>
#1 0x5628e6f61550 <unknown>
#2 0x5628e6fb30f0 <unknown>
#3 0x5628e6fb32e1 <unknown>
#4 0x5628e70015e4 <unknown>
#5 0x5628e6fd8bed <unknown>
#6 0x5628e6ffe9e6 <unknown>
#7 0x5628e6fd8993 <unknown>
#8 0x5628e6fa4d6b <unknown>
#9 0x5628e6fa6141 <unknown>
#10 0x5628e747f2ab <unknown>
#11 0x5628e74830b9 <unknown>
#12 0x5628e7466139 <unknown>
#13 0x5628e7483c68 <unknown>
#14 0x5628e744a60f <unknown>
#15 0x5628e74a81f8 <unknown>
#16 0x5628e74a83d6 <unknown>
#17 0x5628e74b95e6 <unknown>
#18 0x7f899409caa4 <unknown>
#19 0x7f8994129c3c <unknown>

2025-08-04 12:23:50,616 - INFO - 🎯 [90/90] Applying to: AWS Connect Engineer III (452521) - LINK: https://www.dice.com/job-detail/dcaa109d-56de-41af-bd1f-a1302a053908
2025-08-04 12:24:03,974 - INFO -    ✅ Successfully applied!
2025-08-04 12:24:07,145 - INFO - 📊 Processing results...
2025-08-04 12:24:07,189 - INFO - 🎉 Application run completed!
2025-08-04 12:24:07,189 - INFO -    ✅ Newly applied: 68
2025-08-04 12:24:07,189 - INFO -    ⏭️  Already applied: 0
2025-08-04 12:24:07,189 - INFO -    ❌ Failed: 22
2025-08-04 12:24:07,189 - INFO -    📊 Total processed: 90
2025-08-04 12:24:07,189 - INFO -    📁 Total jobs in CSV: 3387
2025-08-04 12:24:07,189 - INFO -    💾 Updated: output/final_ml_jobs.csv
2025-08-04 12:24:07,189 - INFO - 🔧 Closing browser...
