2025-09-11 23:53:03,265 - INFO - 🚀 Starting ROBUST stealth job application bot
2025-09-11 23:53:03,265 - INFO - ⚙️  Debug mode: OFF
2025-09-11 23:53:03,265 - INFO - ⚙️  Process failed jobs: False
2025-09-11 23:53:10,413 - INFO - 📂 Loading jobs from output/final_ml_jobs.csv
2025-09-11 23:53:10,433 - INFO -    📊 Total jobs in file: 2460
2025-09-11 23:53:10,435 - INFO -    🎯 Easy Apply jobs: 2460
2025-09-11 23:53:10,436 - INFO -    ⏳ Jobs to process: 544 (status: pending)
2025-09-11 23:53:10,436 - INFO - 🎲 Will attempt 61 applications this run (target: 61)
2025-09-11 23:53:10,437 - INFO - 🔑 Logging into Dice...
2025-09-11 23:53:12,370 - INFO - ✅ Login successful
2025-09-11 23:53:15,625 - INFO - 🔄 Starting job applications...
2025-09-11 23:53:15,625 - INFO - 🎯 [1/61] Applying to: Job Opportunity: AI / Machine Learning Engineer @ Austin, TX - Hybrid - LINK: https://www.dice.com/job-detail/4b4ed965-f94b-4d6e-84bd-20d43d03c7fd
2025-09-11 23:53:28,480 - INFO -    🔄 Looking for apply button...
2025-09-11 23:53:31,119 - INFO -    ✅ Apply button clicked (regular click)
2025-09-11 23:53:33,961 - INFO -    🔍 Checking if we're on application page...
2025-09-11 23:53:33,964 - INFO -    Current URL: https://www.dice.com/apply?eyJjb3JyZWxhdGlvbl9pZCI6IjU3Mzk2ZjUxLWI1ZDYtNDY0Ni1iZjJmLWEzZjU2OTUyYzFhNyIsImRqdlZlcnNpb24iOiJuZXciLCJqb2JJZCI6IjRiNGVkOTY1LWY5NGItNGQ2ZS04NGJkLTIwZDQzZDAzYzdmZCIsImpvYlVybCI6Imh0dHBzOi8vd3d3LmRpY2UuY29tL2pvYi1kZXRhaWwvNGI0ZWQ5NjUtZjk0Yi00ZDZlLTg0YmQtMjBkNDNkMDNjN2ZkIiwiam9iVGl0bGUiOiJKb2IgT3Bwb3J0dW5pdHk6IEFJIC8gTWFjaGluZSBMZWFybmluZyBFbmdpbmVlciBAIEF1c3RpbiwgVFggLSBIeWJyaWQiLCJzZWFyY2hMaW5rIjoiIn0=
2025-09-11 23:53:33,968 - INFO -    Page title: Apply
2025-09-11 23:53:40,031 - INFO -    ✅ Successfully on application page
2025-09-11 23:53:40,042 - INFO -    🔄 Looking for NEXT button...
2025-09-11 23:53:42,823 - INFO -    ✅ NEXT button clicked
2025-09-11 23:53:45,901 - INFO -    🔄 Looking for SUBMIT button...
2025-09-11 23:53:47,693 - INFO -    ✅ SUBMIT button clicked
2025-09-11 23:53:47,693 - INFO -    ✅ Successfully applied!
2025-09-11 23:53:57,097 - INFO - 🎯 [2/61] Applying to: Business Analyst - LINK: https://www.dice.com/job-detail/3c9f57f0-9ec2-4a69-b792-2434207e1721
2025-09-11 23:54:09,097 - INFO -    🔄 Looking for apply button...
2025-09-11 23:54:11,531 - INFO -    ✅ Apply button clicked (regular click)
2025-09-11 23:54:15,734 - INFO -    🔍 Checking if we're on application page...
2025-09-11 23:54:15,737 - INFO -    Current URL: https://www.dice.com/apply?eyJjb3JyZWxhdGlvbl9pZCI6ImUwZDBlNDkzLTY0NjktNGIzNy05YTRiLWY3YTc1ZmNlY2NlZiIsImRqdlZlcnNpb24iOiJuZXciLCJqb2JJZCI6IjNjOWY1N2YwLTllYzItNGE2OS1iNzkyLTI0MzQyMDdlMTcyMSIsImpvYlVybCI6Imh0dHBzOi8vd3d3LmRpY2UuY29tL2pvYi1kZXRhaWwvM2M5ZjU3ZjAtOWVjMi00YTY5LWI3OTItMjQzNDIwN2UxNzIxIiwiam9iVGl0bGUiOiJCdXNpbmVzcyBBbmFseXN0Iiwic2VhcmNoTGluayI6IiJ9
2025-09-11 23:54:15,740 - INFO -    Page title: Apply
2025-09-11 23:54:20,299 - INFO -    ✅ Successfully on application page
2025-09-11 23:54:20,312 - INFO -    🔄 Looking for NEXT button...
2025-09-11 23:54:21,285 - INFO -    ✅ NEXT button clicked
2025-09-11 23:54:24,920 - INFO -    🔄 Looking for SUBMIT button...
2025-09-11 23:54:25,931 - INFO -    ✅ SUBMIT button clicked
2025-09-11 23:54:25,931 - INFO -    ✅ Successfully applied!
2025-09-11 23:54:34,222 - INFO - 🎯 [3/61] Applying to: Senior AI Engineer - LINK: https://www.dice.com/job-detail/0f6499ec-bce6-438f-8327-2559931e470b
2025-09-11 23:54:44,716 - INFO -    🔄 Looking for apply button...
2025-09-11 23:54:46,166 - INFO -    ✅ Apply button clicked (regular click)
2025-09-11 23:54:49,371 - INFO -    🔍 Checking if we're on application page...
2025-09-11 23:54:49,374 - INFO -    Current URL: https://www.dice.com/apply?eyJjb3JyZWxhdGlvbl9pZCI6IjFjY2UyYzA2LWY3NGEtNDdjZC05Y2ZjLTA2NzEzOGFiMmQ1OSIsImRqdlZlcnNpb24iOiJuZXciLCJqb2JJZCI6IjBmNjQ5OWVjLWJjZTYtNDM4Zi04MzI3LTI1NTk5MzFlNDcwYiIsImpvYlVybCI6Imh0dHBzOi8vd3d3LmRpY2UuY29tL2pvYi1kZXRhaWwvMGY2NDk5ZWMtYmNlNi00MzhmLTgzMjctMjU1OTkzMWU0NzBiIiwiam9iVGl0bGUiOiJTZW5pb3IgQUkgRW5naW5lZXIiLCJzZWFyY2hMaW5rIjoiIn0=
2025-09-11 23:54:49,377 - INFO -    Page title: Apply
2025-09-11 23:54:54,788 - INFO -    ✅ Successfully on application page
2025-09-11 23:54:54,799 - INFO -    🔄 Looking for NEXT button...
2025-09-11 23:54:57,202 - INFO -    ✅ NEXT button clicked
2025-09-11 23:55:00,604 - INFO -    🔄 Looking for SUBMIT button...
2025-09-11 23:55:02,928 - INFO -    ✅ SUBMIT button clicked
2025-09-11 23:55:02,928 - INFO -    ✅ Successfully applied!
2025-09-11 23:55:14,665 - INFO - 🎯 [4/61] Applying to: Artificial Intelligence & Automation Program Manager - LINK: https://www.dice.com/job-detail/2e7cd445-be09-463d-a535-4edeb6ac1840
2025-09-11 23:55:27,084 - INFO -    🔄 Looking for apply button...
2025-09-11 23:55:29,885 - INFO -    ✅ Apply button clicked (regular click)
2025-09-11 23:55:32,746 - INFO -    🔍 Checking if we're on application page...
2025-09-11 23:55:32,749 - INFO -    Current URL: https://www.dice.com/apply?eyJjb3JyZWxhdGlvbl9pZCI6IjVkMzk3N2YzLWM3ZjEtNGUxOC1hYjMzLWRiMDAwNWZkOTg5OSIsImRqdlZlcnNpb24iOiJuZXciLCJqb2JJZCI6IjJlN2NkNDQ1LWJlMDktNDYzZC1hNTM1LTRlZGViNmFjMTg0MCIsImpvYlVybCI6Imh0dHBzOi8vd3d3LmRpY2UuY29tL2pvYi1kZXRhaWwvMmU3Y2Q0NDUtYmUwOS00NjNkLWE1MzUtNGVkZWI2YWMxODQwIiwiam9iVGl0bGUiOiJBcnRpZmljaWFsIEludGVsbGlnZW5jZSAmYW1wOyBBdXRvbWF0aW9uIFByb2dyYW0gTWFuYWdlciIsInNlYXJjaExpbmsiOiIifQ=%3D
2025-09-11 23:55:32,752 - INFO -    Page title: Apply
2025-09-11 23:55:38,138 - INFO -    ✅ Successfully on application page
2025-09-11 23:55:38,149 - INFO -    🔄 Looking for NEXT button...
2025-09-11 23:55:40,485 - INFO -    ✅ NEXT button clicked
2025-09-11 23:55:43,251 - INFO -    🔄 Looking for SUBMIT button...
2025-09-11 23:55:45,557 - INFO -    ✅ SUBMIT button clicked
2025-09-11 23:55:45,557 - INFO -    ✅ Successfully applied!
2025-09-11 23:55:57,407 - INFO - 🎯 [5/61] Applying to: Developer - LINK: https://www.dice.com/job-detail/9b0de3a9-0f6a-4689-829e-5a5ee9f20599
2025-09-11 23:56:08,682 - INFO -    🔄 Looking for apply button...
2025-09-11 23:56:11,376 - INFO -    ✅ Apply button clicked (regular click)
2025-09-11 23:56:15,760 - INFO -    🔍 Checking if we're on application page...
2025-09-11 23:56:15,763 - INFO -    Current URL: https://www.dice.com/apply?eyJjb3JyZWxhdGlvbl9pZCI6ImIyOGJjZmFhLTJmYzUtNGM0YS1iYjE3LTU0YzY3YTA1NmFjYSIsImRqdlZlcnNpb24iOiJuZXciLCJqb2JJZCI6IjliMGRlM2E5LTBmNmEtNDY4OS04MjllLTVhNWVlOWYyMDU5OSIsImpvYlVybCI6Imh0dHBzOi8vd3d3LmRpY2UuY29tL2pvYi1kZXRhaWwvOWIwZGUzYTktMGY2YS00Njg5LTgyOWUtNWE1ZWU5ZjIwNTk5Iiwiam9iVGl0bGUiOiJEZXZlbG9wZXIiLCJzZWFyY2hMaW5rIjoiIn0=
2025-09-11 23:56:15,766 - INFO -    Page title: Apply
2025-09-11 23:56:20,735 - INFO -    ✅ Successfully on application page
2025-09-11 23:56:20,747 - INFO -    🔄 Looking for NEXT button...
2025-09-11 23:56:22,748 - INFO -    ✅ NEXT button clicked
2025-09-11 23:56:25,198 - INFO -    🔄 Looking for SUBMIT button...
2025-09-11 23:56:28,005 - INFO -    ✅ SUBMIT button clicked
2025-09-11 23:56:28,005 - INFO -    ✅ Successfully applied!
2025-09-11 23:56:36,369 - INFO - 🎯 [6/61] Applying to: Azure Data Engineer-Remote-(12+ Years)-Strong Profiles need - LINK: https://www.dice.com/job-detail/ceb82f15-162c-429e-ab34-6cc5b9694627
2025-09-11 23:56:47,313 - INFO -    🔄 Looking for apply button...
2025-09-11 23:56:50,256 - INFO -    ✅ Apply button clicked (regular click)
2025-09-11 23:56:53,171 - INFO -    🔍 Checking if we're on application page...
2025-09-11 23:56:53,174 - INFO -    Current URL: https://www.dice.com/apply?eyJjb3JyZWxhdGlvbl9pZCI6IjU4OWQwOTk3LTM5ZDEtNGE4Mi1iNDk2LTQ1YjRmNTZlOTA3NyIsImRqdlZlcnNpb24iOiJuZXciLCJqb2JJZCI6ImNlYjgyZjE1LTE2MmMtNDI5ZS1hYjM0LTZjYzViOTY5NDYyNyIsImpvYlVybCI6Imh0dHBzOi8vd3d3LmRpY2UuY29tL2pvYi1kZXRhaWwvY2ViODJmMTUtMTYyYy00MjllLWFiMzQtNmNjNWI5Njk0NjI3Iiwiam9iVGl0bGUiOiJBenVyZSBEYXRhIEVuZ2luZWVyLVJlbW90ZS0oMTIrIFllYXJzKS1TdHJvbmcgUHJvZmlsZXMgbmVlZCIsInNlYXJjaExpbmsiOiIifQ=%3D
2025-09-11 23:56:53,177 - INFO -    Page title: Apply
2025-09-11 23:56:57,707 - INFO -    ✅ Successfully on application page
2025-09-11 23:56:57,719 - INFO -    🔄 Looking for NEXT button...
2025-09-11 23:56:59,281 - INFO -    ✅ NEXT button clicked
2025-09-11 23:57:00,991 - INFO -    🔄 Looking for SUBMIT button...
2025-09-11 23:57:03,488 - INFO -    ✅ SUBMIT button clicked
2025-09-11 23:57:03,488 - INFO -    ✅ Successfully applied!
2025-09-11 23:57:11,075 - INFO - 🎯 [7/61] Applying to: Business Analyst - LINK: https://www.dice.com/job-detail/218e7c05-bc8e-4c74-92f0-1176fad04d34
2025-09-11 23:57:23,451 - INFO -    🔄 Looking for apply button...
2025-09-11 23:57:25,850 - INFO -    ✅ Apply button clicked (regular click)
2025-09-11 23:57:28,684 - INFO -    🔍 Checking if we're on application page...
2025-09-11 23:57:28,687 - INFO -    Current URL: https://www.dice.com/apply?eyJjb3JyZWxhdGlvbl9pZCI6IjJlZWY0OWRlLTBlN2EtNGFkMC1hYzNmLWMxYmM3ODcyN2I4OCIsImRqdlZlcnNpb24iOiJuZXciLCJqb2JJZCI6IjIxOGU3YzA1LWJjOGUtNGM3NC05MmYwLTExNzZmYWQwNGQzNCIsImpvYlVybCI6Imh0dHBzOi8vd3d3LmRpY2UuY29tL2pvYi1kZXRhaWwvMjE4ZTdjMDUtYmM4ZS00Yzc0LTkyZjAtMTE3NmZhZDA0ZDM0Iiwiam9iVGl0bGUiOiJCdXNpbmVzcyBBbmFseXN0Iiwic2VhcmNoTGluayI6IiJ9
2025-09-11 23:57:28,690 - INFO -    Page title: Apply
2025-09-11 23:57:33,945 - INFO -    ✅ Successfully on application page
2025-09-11 23:57:33,957 - INFO -    🔄 Looking for NEXT button...
2025-09-11 23:57:36,371 - INFO -    ✅ NEXT button clicked
2025-09-11 23:57:38,852 - INFO -    🔄 Looking for SUBMIT button...
2025-09-11 23:57:39,859 - INFO -    ✅ SUBMIT button clicked
2025-09-11 23:57:39,859 - INFO -    ✅ Successfully applied!
2025-09-11 23:57:52,260 - INFO - 🎯 [8/61] Applying to: D365 SCM Functional Consultant - LINK: https://www.dice.com/job-detail/92b511ec-101e-4310-8131-e5fb16c7a984
2025-09-11 23:58:04,264 - INFO -    🔄 Looking for apply button...
2025-09-11 23:58:06,179 - INFO -    ✅ Apply button clicked (regular click)
2025-09-11 23:58:09,914 - INFO -    🔍 Checking if we're on application page...
2025-09-11 23:58:09,917 - INFO -    Current URL: https://www.dice.com/apply?eyJjb3JyZWxhdGlvbl9pZCI6IjNlNzM5NTAxLTE4ODMtNDg2ZC1iYzM2LTkyZTE2ZjI3ZWVhMiIsImRqdlZlcnNpb24iOiJuZXciLCJqb2JJZCI6IjkyYjUxMWVjLTEwMWUtNDMxMC04MTMxLWU1ZmIxNmM3YTk4NCIsImpvYlVybCI6Imh0dHBzOi8vd3d3LmRpY2UuY29tL2pvYi1kZXRhaWwvOTJiNTExZWMtMTAxZS00MzEwLTgxMzEtZTVmYjE2YzdhOTg0Iiwiam9iVGl0bGUiOiJEMzY1IFNDTSBGdW5jdGlvbmFsIENvbnN1bHRhbnQiLCJzZWFyY2hMaW5rIjoiIn0=
2025-09-11 23:58:09,921 - INFO -    Page title: Apply
2025-09-11 23:58:15,922 - INFO -    ✅ Successfully on application page
2025-09-11 23:58:15,933 - INFO -    🔄 Looking for NEXT button...
2025-09-11 23:58:16,563 - INFO -    ✅ NEXT button clicked
2025-09-11 23:58:19,906 - INFO -    🔄 Looking for SUBMIT button...
2025-09-11 23:58:21,591 - INFO -    ✅ SUBMIT button clicked
2025-09-11 23:58:21,591 - INFO -    ✅ Successfully applied!
2025-09-11 23:58:29,999 - INFO - 🎯 [9/61] Applying to: Data Analyst III - LINK: https://www.dice.com/job-detail/29ab6194-5912-405b-bd6f-f982cb71ff7d
2025-09-11 23:58:41,854 - INFO -    🔄 Looking for apply button...
2025-09-11 23:58:43,799 - INFO -    ✅ Apply button clicked (regular click)
2025-09-11 23:58:46,905 - INFO -    🔍 Checking if we're on application page...
2025-09-11 23:58:46,908 - INFO -    Current URL: https://www.dice.com/apply?eyJjb3JyZWxhdGlvbl9pZCI6Ijc3Mzk0NzQwLTFmNDItNDE0My04ZWMxLWEzNTI0MmUxYTJiYiIsImRqdlZlcnNpb24iOiJuZXciLCJqb2JJZCI6IjI5YWI2MTk0LTU5MTItNDA1Yi1iZDZmLWY5ODJjYjcxZmY3ZCIsImpvYlVybCI6Imh0dHBzOi8vd3d3LmRpY2UuY29tL2pvYi1kZXRhaWwvMjlhYjYxOTQtNTkxMi00MDViLWJkNmYtZjk4MmNiNzFmZjdkIiwiam9iVGl0bGUiOiJEYXRhIEFuYWx5c3QgSUlJIiwic2VhcmNoTGluayI6IiJ9
2025-09-11 23:58:46,911 - INFO -    Page title: Apply
2025-09-11 23:58:52,325 - INFO -    ✅ Successfully on application page
2025-09-11 23:58:52,336 - INFO -    🔄 Looking for NEXT button...
2025-09-11 23:58:54,177 - INFO -    ✅ NEXT button clicked
2025-09-11 23:58:57,609 - INFO -    🔄 Looking for SUBMIT button...
2025-09-11 23:58:59,171 - INFO -    ✅ SUBMIT button clicked
2025-09-11 23:58:59,171 - INFO -    ✅ Successfully applied!
2025-09-11 23:59:06,558 - INFO - 🎯 [10/61] Applying to: HW_DM&A_Onshore_Google Vertex AI (Data Architect) - LINK: https://www.dice.com/job-detail/10ef4b5f-c8bc-4ff3-88ec-c495c7fa1606
2025-09-11 23:59:17,742 - INFO -    🔄 Looking for apply button...
2025-09-11 23:59:19,145 - INFO -    ✅ Apply button clicked (regular click)
2025-09-11 23:59:22,767 - INFO -    🔍 Checking if we're on application page...
2025-09-11 23:59:22,770 - INFO -    Current URL: https://www.dice.com/apply?eyJjb3JyZWxhdGlvbl9pZCI6ImVhMDI4Y2M0LWUzY2ItNGMwYS1hMDU1LTVlM2VjMjdjZjUwNCIsImRqdlZlcnNpb24iOiJuZXciLCJqb2JJZCI6IjEwZWY0YjVmLWM4YmMtNGZmMy04OGVjLWM0OTVjN2ZhMTYwNiIsImpvYlVybCI6Imh0dHBzOi8vd3d3LmRpY2UuY29tL2pvYi1kZXRhaWwvMTBlZjRiNWYtYzhiYy00ZmYzLTg4ZWMtYzQ5NWM3ZmExNjA2Iiwiam9iVGl0bGUiOiJIV19ETSZhbXA7QV9PbnNob3JlX0dvb2dsZSBWZXJ0ZXggQUkgKERhdGEgQXJjaGl0ZWN0KSIsInNlYXJjaExpbmsiOiIifQ=%3D
2025-09-11 23:59:22,773 - INFO -    Page title: Apply
2025-09-11 23:59:27,259 - INFO -    ✅ Successfully on application page
2025-09-11 23:59:27,271 - INFO -    🔄 Looking for NEXT button...
2025-09-11 23:59:29,889 - INFO -    ✅ NEXT button clicked
2025-09-11 23:59:32,862 - INFO -    🔄 Looking for SUBMIT button...
2025-09-11 23:59:34,953 - INFO -    ✅ SUBMIT button clicked
2025-09-11 23:59:34,953 - INFO -    ✅ Successfully applied!
2025-09-11 23:59:46,382 - INFO - 🎯 [11/61] Applying to: Senior Business Analyst (Remote) - LINK: https://www.dice.com/job-detail/9b62e5cc-c8a6-4029-b448-8df2f27d3869
2025-09-11 23:59:58,039 - WARNING -    ⚠️  Could not check application status: Message: no such element: Unable to locate element: {"method":"tag name","selector":"apply-button-wc"}
  (Session info: chrome=140.0.7339.80); For documentation on this error, please visit: https://www.selenium.dev/documentation/webdriver/troubleshooting/errors#nosuchelementexception
Stacktrace:
#0 0x55f0b0ae194a <unknown>
#1 0x55f0b05568a0 <unknown>
#2 0x55f0b05a8540 <unknown>
#3 0x55f0b05a8731 <unknown>
#4 0x55f0b05f6824 <unknown>
#5 0x55f0b05ce05d <unknown>
#6 0x55f0b05f3c23 <unknown>
#7 0x55f0b05cde03 <unknown>
#8 0x55f0b059a968 <unknown>
#9 0x55f0b059b5e1 <unknown>
#10 0x55f0b0aa5548 <unknown>
#11 0x55f0b0aa9272 <unknown>
#12 0x55f0b0a8c313 <unknown>
#13 0x55f0b0aa9dc5 <unknown>
#14 0x55f0b0a7149f <unknown>
#15 0x55f0b0ace158 <unknown>
#16 0x55f0b0ace332 <unknown>
#17 0x55f0b0ae0a53 <unknown>
#18 0x7f9fa0a9caa4 <unknown>
#19 0x7f9fa0b29c3c <unknown>

2025-09-12 00:00:01,086 - INFO -    🔄 Looking for apply button...
2025-09-12 00:00:11,195 - ERROR -    ❌ Cannot find apply button: Message: 
Stacktrace:
#0 0x55f0b0ae194a <unknown>
#1 0x55f0b05568a0 <unknown>
#2 0x55f0b05a8540 <unknown>
#3 0x55f0b05a8731 <unknown>
#4 0x55f0b05f6824 <unknown>
#5 0x55f0b05ce05d <unknown>
#6 0x55f0b05f3c23 <unknown>
#7 0x55f0b05cde03 <unknown>
#8 0x55f0b059a968 <unknown>
#9 0x55f0b059b5e1 <unknown>
#10 0x55f0b0aa5548 <unknown>
#11 0x55f0b0aa9272 <unknown>
#12 0x55f0b0a8c313 <unknown>
#13 0x55f0b0aa9dc5 <unknown>
#14 0x55f0b0a7149f <unknown>
#15 0x55f0b0ace158 <unknown>
#16 0x55f0b0ace332 <unknown>
#17 0x55f0b0ae0a53 <unknown>
#18 0x7f9fa0a9caa4 <unknown>
#19 0x7f9fa0b29c3c <unknown>

2025-09-12 00:00:19,781 - INFO - 🎯 [12/61] Applying to: Senior Software Engineer in Test (SDET) / Verification and Validation Software Engineer - LINK: https://www.dice.com/job-detail/572b1182-cf5f-4c31-ab65-75d735224544
2025-09-12 00:00:33,052 - INFO -    🔄 Looking for apply button...
2025-09-12 00:00:36,347 - INFO -    ✅ Apply button clicked (regular click)
2025-09-12 00:00:39,161 - INFO -    🔍 Checking if we're on application page...
2025-09-12 00:00:39,164 - INFO -    Current URL: https://www.dice.com/apply?eyJjb3JyZWxhdGlvbl9pZCI6ImNkNTk4NjIyLTMyNjctNDZjZi04ZTUxLWJiYmI3ZjcwYWY5ZCIsImRqdlZlcnNpb24iOiJuZXciLCJqb2JJZCI6IjU3MmIxMTgyLWNmNWYtNGMzMS1hYjY1LTc1ZDczNTIyNDU0NCIsImpvYlVybCI6Imh0dHBzOi8vd3d3LmRpY2UuY29tL2pvYi1kZXRhaWwvNTcyYjExODItY2Y1Zi00YzMxLWFiNjUtNzVkNzM1MjI0NTQ0Iiwiam9iVGl0bGUiOiJTZW5pb3IgU29mdHdhcmUgRW5naW5lZXIgaW4gVGVzdCAoU0RFVCkgLyBWZXJpZmljYXRpb24gYW5kIFZhbGlkYXRpb24gU29mdHdhcmUgRW5naW5lZXIiLCJzZWFyY2hMaW5rIjoiIn0=
2025-09-12 00:00:39,168 - INFO -    Page title: Apply
2025-09-12 00:00:44,454 - INFO -    ✅ Successfully on application page
2025-09-12 00:00:44,465 - INFO -    🔄 Looking for NEXT button...
2025-09-12 00:00:46,626 - INFO -    ✅ NEXT button clicked
2025-09-12 00:00:49,069 - INFO -    🔄 Looking for SUBMIT button...
2025-09-12 00:00:50,997 - INFO -    ✅ SUBMIT button clicked
2025-09-12 00:00:50,998 - INFO -    ✅ Successfully applied!
2025-09-12 00:01:00,347 - INFO - 🎯 [13/61] Applying to: Snowflake Data Engineer - 10+ yrs - Westlake TX - Onsite - LINK: https://www.dice.com/job-detail/f0d70fbb-fc31-47b0-8ea2-30c88afe4630
2025-09-12 00:01:11,904 - INFO -    🔄 Looking for apply button...
2025-09-12 00:01:13,801 - INFO -    ✅ Apply button clicked (regular click)
2025-09-12 00:01:17,522 - INFO -    🔍 Checking if we're on application page...
2025-09-12 00:01:17,525 - INFO -    Current URL: https://www.dice.com/apply?eyJjb3JyZWxhdGlvbl9pZCI6ImYwMDg4OTk1LTA5MjYtNDkyMC1iMjVkLTAxZjkzN2I3MzdiZiIsImRqdlZlcnNpb24iOiJuZXciLCJqb2JJZCI6ImYwZDcwZmJiLWZjMzEtNDdiMC04ZWEyLTMwYzg4YWZlNDYzMCIsImpvYlVybCI6Imh0dHBzOi8vd3d3LmRpY2UuY29tL2pvYi1kZXRhaWwvZjBkNzBmYmItZmMzMS00N2IwLThlYTItMzBjODhhZmU0NjMwIiwiam9iVGl0bGUiOiJTbm93Zmxha2UgRGF0YSBFbmdpbmVlciAtIDEwKyB5cnMgLSBXZXN0bGFrZSBUWCAtIE9uc2l0ZSIsInNlYXJjaExpbmsiOiIifQ=%3D
2025-09-12 00:01:17,528 - INFO -    Page title: Apply
2025-09-12 00:01:22,854 - INFO -    ✅ Successfully on application page
2025-09-12 00:01:22,865 - INFO -    🔄 Looking for NEXT button...
2025-09-12 00:01:23,218 - INFO -    ✅ NEXT button clicked
2025-09-12 00:01:25,937 - INFO -    🔄 Looking for SUBMIT button...
2025-09-12 00:01:28,184 - INFO -    ✅ SUBMIT button clicked
2025-09-12 00:01:28,184 - INFO -    ✅ Successfully applied!
2025-09-12 00:01:38,399 - INFO - 🎯 [14/61] Applying to: Machine Learning Quantitative Researcher Work From Home - G - LINK: https://www.dice.com/job-detail/59d847a0-bc7c-4d58-aa1b-d4040af266f6
2025-09-12 00:01:49,688 - INFO -    🔄 Looking for apply button...
2025-09-12 00:01:52,577 - INFO -    ✅ Apply button clicked (regular click)
2025-09-12 00:01:55,254 - INFO -    🔍 Checking if we're on application page...
2025-09-12 00:01:55,257 - INFO -    Current URL: https://www.dice.com/apply?eyJjb3JyZWxhdGlvbl9pZCI6IjNjYTU4NTdmLTZmOTQtNDk5MS1hZjQ0LTY4YTYxMzkyNDc4YSIsImRqdlZlcnNpb24iOiJuZXciLCJqb2JJZCI6IjU5ZDg0N2EwLWJjN2MtNGQ1OC1hYTFiLWQ0MDQwYWYyNjZmNiIsImpvYlVybCI6Imh0dHBzOi8vd3d3LmRpY2UuY29tL2pvYi1kZXRhaWwvNTlkODQ3YTAtYmM3Yy00ZDU4LWFhMWItZDQwNDBhZjI2NmY2Iiwiam9iVGl0bGUiOiJNYWNoaW5lIExlYXJuaW5nIFF1YW50aXRhdGl2ZSBSZXNlYXJjaGVyIFdvcmsgRnJvbSBIb21lIC0gRyIsInNlYXJjaExpbmsiOiIifQ=%3D
2025-09-12 00:01:55,260 - INFO -    Page title: Apply
2025-09-12 00:02:00,280 - INFO -    ✅ Successfully on application page
2025-09-12 00:02:00,292 - INFO -    🔄 Looking for NEXT button...
2025-09-12 00:02:01,816 - INFO -    ✅ NEXT button clicked
2025-09-12 00:02:04,455 - INFO -    🔄 Looking for SUBMIT button...
2025-09-12 00:02:06,140 - INFO -    ✅ SUBMIT button clicked
2025-09-12 00:02:06,140 - INFO -    ✅ Successfully applied!
2025-09-12 00:02:16,752 - INFO - 🎯 [15/61] Applying to: Business & Data Analyst (Hybrid in McLean VA or Memphis, TN) - LINK: https://www.dice.com/job-detail/cecf43b8-00ec-448c-8e7a-d52a94ba6118
2025-09-12 00:02:29,176 - WARNING -    ⚠️  Could not check application status: Message: no such element: Unable to locate element: {"method":"tag name","selector":"apply-button-wc"}
  (Session info: chrome=140.0.7339.80); For documentation on this error, please visit: https://www.selenium.dev/documentation/webdriver/troubleshooting/errors#nosuchelementexception
Stacktrace:
#0 0x55f0b0ae194a <unknown>
#1 0x55f0b05568a0 <unknown>
#2 0x55f0b05a8540 <unknown>
#3 0x55f0b05a8731 <unknown>
#4 0x55f0b05f6824 <unknown>
#5 0x55f0b05ce05d <unknown>
#6 0x55f0b05f3c23 <unknown>
#7 0x55f0b05cde03 <unknown>
#8 0x55f0b059a968 <unknown>
#9 0x55f0b059b5e1 <unknown>
#10 0x55f0b0aa5548 <unknown>
#11 0x55f0b0aa9272 <unknown>
#12 0x55f0b0a8c313 <unknown>
#13 0x55f0b0aa9dc5 <unknown>
#14 0x55f0b0a7149f <unknown>
#15 0x55f0b0ace158 <unknown>
#16 0x55f0b0ace332 <unknown>
#17 0x55f0b0ae0a53 <unknown>
#18 0x7f9fa0a9caa4 <unknown>
#19 0x7f9fa0b29c3c <unknown>

2025-09-12 00:02:32,222 - INFO -    🔄 Looking for apply button...
2025-09-12 00:02:42,381 - ERROR -    ❌ Cannot find apply button: Message: 
Stacktrace:
#0 0x55f0b0ae194a <unknown>
#1 0x55f0b05568a0 <unknown>
#2 0x55f0b05a8540 <unknown>
#3 0x55f0b05a8731 <unknown>
#4 0x55f0b05f6824 <unknown>
#5 0x55f0b05ce05d <unknown>
#6 0x55f0b05f3c23 <unknown>
#7 0x55f0b05cde03 <unknown>
#8 0x55f0b059a968 <unknown>
#9 0x55f0b059b5e1 <unknown>
#10 0x55f0b0aa5548 <unknown>
#11 0x55f0b0aa9272 <unknown>
#12 0x55f0b0a8c313 <unknown>
#13 0x55f0b0aa9dc5 <unknown>
#14 0x55f0b0a7149f <unknown>
#15 0x55f0b0ace158 <unknown>
#16 0x55f0b0ace332 <unknown>
#17 0x55f0b0ae0a53 <unknown>
#18 0x7f9fa0a9caa4 <unknown>
#19 0x7f9fa0b29c3c <unknown>

2025-09-12 00:02:51,444 - INFO - 🎯 [16/61] Applying to: Sr. Software Engineer (C#, .NET) - LINK: https://www.dice.com/job-detail/a37fc9b7-7333-4bae-a9af-81146a058d55
2025-09-12 00:03:03,238 - INFO -    🔄 Looking for apply button...
2025-09-12 00:03:05,594 - INFO -    ✅ Apply button clicked (regular click)
2025-09-12 00:03:08,723 - INFO -    🔍 Checking if we're on application page...
2025-09-12 00:03:08,726 - INFO -    Current URL: https://www.dice.com/apply?eyJjb3JyZWxhdGlvbl9pZCI6ImI5MDY2YTk4LTk1NmYtNDMzNy04ZDkwLTc3ZmIxODdiNGQ3ZSIsImRqdlZlcnNpb24iOiJuZXciLCJqb2JJZCI6ImEzN2ZjOWI3LTczMzMtNGJhZS1hOWFmLTgxMTQ2YTA1OGQ1NSIsImpvYlVybCI6Imh0dHBzOi8vd3d3LmRpY2UuY29tL2pvYi1kZXRhaWwvYTM3ZmM5YjctNzMzMy00YmFlLWE5YWYtODExNDZhMDU4ZDU1Iiwiam9iVGl0bGUiOiIuTmV0IEFyY2hpdGVjdCIsInNlYXJjaExpbmsiOiIifQ=%3D
2025-09-12 00:03:08,730 - INFO -    Page title: Apply
2025-09-12 00:03:13,348 - INFO -    ✅ Successfully on application page
2025-09-12 00:03:13,359 - INFO -    🔄 Looking for NEXT button...
2025-09-12 00:03:14,801 - INFO -    ✅ NEXT button clicked
2025-09-12 00:03:18,643 - INFO -    🔄 Looking for SUBMIT button...
2025-09-12 00:03:19,527 - INFO -    ✅ SUBMIT button clicked
2025-09-12 00:03:19,527 - INFO -    ✅ Successfully applied!
2025-09-12 00:03:28,596 - INFO - 🎯 [17/61] Applying to: Senior Telecom Engineer - LINK: https://www.dice.com/job-detail/57568c7a-0610-434f-8427-3dee07824d32
2025-09-12 00:03:41,154 - INFO -    🔄 Looking for apply button...
2025-09-12 00:03:42,821 - INFO -    ✅ Apply button clicked (regular click)
2025-09-12 00:03:45,863 - INFO -    🔍 Checking if we're on application page...
2025-09-12 00:03:45,867 - INFO -    Current URL: https://www.dice.com/apply?eyJjb3JyZWxhdGlvbl9pZCI6ImVmZDU5YzFkLTQ5OWEtNDBmMy1hZjBlLWMzYTNjOTZjMGI4OCIsImRqdlZlcnNpb24iOiJuZXciLCJqb2JJZCI6IjU3NTY4YzdhLTA2MTAtNDM0Zi04NDI3LTNkZWUwNzgyNGQzMiIsImpvYlVybCI6Imh0dHBzOi8vd3d3LmRpY2UuY29tL2pvYi1kZXRhaWwvNTc1NjhjN2EtMDYxMC00MzRmLTg0MjctM2RlZTA3ODI0ZDMyIiwiam9iVGl0bGUiOiJTZW5pb3IgVGVsZWNvbSBFbmdpbmVlciIsInNlYXJjaExpbmsiOiIifQ=%3D
2025-09-12 00:03:45,870 - INFO -    Page title: Apply
2025-09-12 00:03:50,248 - INFO -    ✅ Successfully on application page
2025-09-12 00:03:50,259 - INFO -    🔄 Looking for NEXT button...
2025-09-12 00:03:51,688 - INFO -    ✅ NEXT button clicked
2025-09-12 00:03:54,476 - INFO -    🔄 Looking for SUBMIT button...
2025-09-12 00:03:55,718 - INFO -    ✅ SUBMIT button clicked
2025-09-12 00:03:55,718 - INFO -    ✅ Successfully applied!
2025-09-12 00:04:07,503 - INFO - 🎯 [18/61] Applying to: Business Data Analyst - LINK: https://www.dice.com/job-detail/4357f894-ee1e-4cf2-88a6-b0d9fbd1d4bd
2025-09-12 00:04:19,053 - INFO -    🔄 Looking for apply button...
2025-09-12 00:04:20,690 - INFO -    ✅ Apply button clicked (regular click)
2025-09-12 00:04:24,035 - INFO -    🔍 Checking if we're on application page...
2025-09-12 00:04:24,038 - INFO -    Current URL: https://www.dice.com/apply?eyJjb3JyZWxhdGlvbl9pZCI6ImUyOTY3MTJhLTBiYjEtNDJhMC1hMjI4LTUxZWM0ODk2ZjhiYSIsImRqdlZlcnNpb24iOiJuZXciLCJqb2JJZCI6IjQzNTdmODk0LWVlMWUtNGNmMi04OGE2LWIwZDlmYmQxZDRiZCIsImpvYlVybCI6Imh0dHBzOi8vd3d3LmRpY2UuY29tL2pvYi1kZXRhaWwvNDM1N2Y4OTQtZWUxZS00Y2YyLTg4YTYtYjBkOWZiZDFkNGJkIiwiam9iVGl0bGUiOiJCdXNpbmVzcyBEYXRhIEFuYWx5c3QiLCJzZWFyY2hMaW5rIjoiIn0=
2025-09-12 00:04:24,042 - INFO -    Page title: Apply
2025-09-12 00:04:29,250 - INFO -    ✅ Successfully on application page
2025-09-12 00:04:29,262 - INFO -    🔄 Looking for NEXT button...
2025-09-12 00:04:30,605 - INFO -    ✅ NEXT button clicked
2025-09-12 00:04:33,242 - INFO -    🔄 Looking for SUBMIT button...
2025-09-12 00:04:35,093 - INFO -    ✅ SUBMIT button clicked
2025-09-12 00:04:35,093 - INFO -    ✅ Successfully applied!
2025-09-12 00:04:40,950 - INFO - 🎯 [19/61] Applying to: Texas Remote - Hiring for Software Engineer 2 (z/OS Systems Programming) - LINK: https://www.dice.com/job-detail/39cc0f50-860c-4e70-8b03-f0ebbeec7ffe
2025-09-12 00:04:53,661 - INFO -    🔄 Looking for apply button...
2025-09-12 00:04:56,039 - INFO -    ✅ Apply button clicked (regular click)
2025-09-12 00:04:59,184 - INFO -    🔍 Checking if we're on application page...
2025-09-12 00:04:59,187 - INFO -    Current URL: https://www.dice.com/apply?eyJjb3JyZWxhdGlvbl9pZCI6IjkyYjkzYzZjLWExY2ItNGMzYi05MDQ3LTk5ZjAxOGI1NjM5YiIsImRqdlZlcnNpb24iOiJuZXciLCJqb2JJZCI6IjM5Y2MwZjUwLTg2MGMtNGU3MC04YjAzLWYwZWJiZWVjN2ZmZSIsImpvYlVybCI6Imh0dHBzOi8vd3d3LmRpY2UuY29tL2pvYi1kZXRhaWwvMzljYzBmNTAtODYwYy00ZTcwLThiMDMtZjBlYmJlZWM3ZmZlIiwiam9iVGl0bGUiOiJUZXhhcyBSZW1vdGUgLSBIaXJpbmcgZm9yIFNvZnR3YXJlIEVuZ2luZWVyIDIgKHovT1MgU3lzdGVtcyBQcm9ncmFtbWluZykiLCJzZWFyY2hMaW5rIjoiIn0=
2025-09-12 00:04:59,191 - INFO -    Page title: Apply
2025-09-12 00:05:04,294 - INFO -    ✅ Successfully on application page
2025-09-12 00:05:04,306 - INFO -    🔄 Looking for NEXT button...
2025-09-12 00:05:07,604 - INFO -    ✅ NEXT button clicked
2025-09-12 00:05:11,162 - INFO -    🔄 Looking for SUBMIT button...
2025-09-12 00:05:11,725 - INFO -    ✅ SUBMIT button clicked
2025-09-12 00:05:11,725 - INFO -    ✅ Successfully applied!
2025-09-12 00:05:19,952 - INFO - 🎯 [20/61] Applying to: Senior Google Cloud Platform Data Engineer - LINK: https://www.dice.com/job-detail/1f05298a-0910-4164-aed2-64d13f9ed423
2025-09-12 00:05:32,913 - INFO -    🔄 Looking for apply button...
2025-09-12 00:05:36,048 - INFO -    ✅ Apply button clicked (regular click)
2025-09-12 00:05:38,361 - INFO -    🔍 Checking if we're on application page...
2025-09-12 00:05:38,364 - INFO -    Current URL: https://www.dice.com/apply?eyJjb3JyZWxhdGlvbl9pZCI6IjIwMzM1MTc5LTBjNjAtNDIyOC1iZTY0LTBkNGY5YzExZTI5ZCIsImRqdlZlcnNpb24iOiJuZXciLCJqb2JJZCI6IjFmMDUyOThhLTA5MTAtNDE2NC1hZWQyLTY0ZDEzZjllZDQyMyIsImpvYlVybCI6Imh0dHBzOi8vd3d3LmRpY2UuY29tL2pvYi1kZXRhaWwvMWYwNTI5OGEtMDkxMC00MTY0LWFlZDItNjRkMTNmOWVkNDIzIiwiam9iVGl0bGUiOiJTZW5pb3IgR29vZ2xlIENsb3VkIFBsYXRmb3JtIERhdGEgRW5naW5lZXIiLCJzZWFyY2hMaW5rIjoiIn0=
2025-09-12 00:05:38,368 - INFO -    Page title: Apply
2025-09-12 00:05:43,856 - INFO -    ✅ Successfully on application page
2025-09-12 00:05:43,867 - INFO -    🔄 Looking for NEXT button...
2025-09-12 00:05:46,276 - INFO -    ✅ NEXT button clicked
2025-09-12 00:05:49,525 - INFO -    🔄 Looking for SUBMIT button...
2025-09-12 00:05:50,761 - INFO -    ✅ SUBMIT button clicked
2025-09-12 00:05:50,762 - INFO -    ✅ Successfully applied!
2025-09-12 00:06:01,678 - INFO - 🎯 [21/61] Applying to: Business Intelligence Data Engineer - LINK: https://www.dice.com/job-detail/511a7501-1aa0-40fd-b834-f7a996aa7d55
2025-09-12 00:06:12,952 - INFO -    🔄 Looking for apply button...
2025-09-12 00:06:15,125 - INFO -    ✅ Apply button clicked (regular click)
2025-09-12 00:06:18,808 - INFO -    🔍 Checking if we're on application page...
2025-09-12 00:06:18,811 - INFO -    Current URL: https://www.dice.com/apply?eyJjb3JyZWxhdGlvbl9pZCI6Ijg2YTU4Y2M3LTc5Y2QtNDgzNC1hMTM4LWQwMGNhNTdmNmFjZSIsImRqdlZlcnNpb24iOiJuZXciLCJqb2JJZCI6IjUxMWE3NTAxLTFhYTAtNDBmZC1iODM0LWY3YTk5NmFhN2Q1NSIsImpvYlVybCI6Imh0dHBzOi8vd3d3LmRpY2UuY29tL2pvYi1kZXRhaWwvNTExYTc1MDEtMWFhMC00MGZkLWI4MzQtZjdhOTk2YWE3ZDU1Iiwiam9iVGl0bGUiOiJCdXNpbmVzcyBJbnRlbGxpZ2VuY2UgRGF0YSBFbmdpbmVlciIsInNlYXJjaExpbmsiOiIifQ=%3D
2025-09-12 00:06:18,814 - INFO -    Page title: Apply
2025-09-12 00:06:23,625 - INFO -    ✅ Successfully on application page
2025-09-12 00:06:23,637 - INFO -    🔄 Looking for NEXT button...
2025-09-12 00:06:25,075 - INFO -    ✅ NEXT button clicked
2025-09-12 00:06:27,767 - INFO -    🔄 Looking for SUBMIT button...
2025-09-12 00:06:29,884 - INFO -    ✅ SUBMIT button clicked
2025-09-12 00:06:29,884 - INFO -    ✅ Successfully applied!
2025-09-12 00:06:39,040 - INFO - 🎯 [22/61] Applying to: Technical Architect - UI, ReactJS, NextJS, NodeJS - LINK: https://www.dice.com/job-detail/fe6e2115-6f2d-4af0-9c3c-422d838e01c9
2025-09-12 00:06:51,423 - INFO -    🔄 Looking for apply button...
2025-09-12 00:06:53,534 - INFO -    ✅ Apply button clicked (regular click)
2025-09-12 00:06:56,226 - INFO -    🔍 Checking if we're on application page...
2025-09-12 00:06:56,229 - INFO -    Current URL: https://www.dice.com/apply?eyJjb3JyZWxhdGlvbl9pZCI6IjgxNmQ1ZDAzLTI0Y2EtNGE3MS04NzYwLWQ1MTY5OTFmOWFjNCIsImRqdlZlcnNpb24iOiJuZXciLCJqb2JJZCI6ImZlNmUyMTE1LTZmMmQtNGFmMC05YzNjLTQyMmQ4MzhlMDFjOSIsImpvYlVybCI6Imh0dHBzOi8vd3d3LmRpY2UuY29tL2pvYi1kZXRhaWwvZmU2ZTIxMTUtNmYyZC00YWYwLTljM2MtNDIyZDgzOGUwMWM5Iiwiam9iVGl0bGUiOiJUZWNobmljYWwgQXJjaGl0ZWN0IC0gVUksIFJlYWN0SlMsIE5leHRKUywgTm9kZUpTIiwic2VhcmNoTGluayI6IiJ9
2025-09-12 00:06:56,232 - INFO -    Page title: Apply
2025-09-12 00:07:01,596 - INFO -    ✅ Successfully on application page
2025-09-12 00:07:01,608 - INFO -    🔄 Looking for NEXT button...
2025-09-12 00:07:03,971 - INFO -    ✅ NEXT button clicked
2025-09-12 00:07:06,974 - INFO -    🔄 Looking for SUBMIT button...
2025-09-12 00:07:09,070 - INFO -    ✅ SUBMIT button clicked
2025-09-12 00:07:09,070 - INFO -    ✅ Successfully applied!
2025-09-12 00:07:19,047 - INFO - 🎯 [23/61] Applying to: Senior .NET Software Engineer - LINK: https://www.dice.com/job-detail/0baa5d18-ec14-43ec-92a8-acd5f09d69ab
2025-09-12 00:07:31,007 - INFO -    🔄 Looking for apply button...
2025-09-12 00:07:33,137 - INFO -    ✅ Apply button clicked (regular click)
2025-09-12 00:07:35,567 - INFO -    🔍 Checking if we're on application page...
2025-09-12 00:07:35,570 - INFO -    Current URL: https://www.dice.com/apply?eyJjb3JyZWxhdGlvbl9pZCI6ImQ2OTJiMTcxLTFiNTctNGFkNy05ZWUwLTE0NWUyNDM4N2ZhNiIsImRqdlZlcnNpb24iOiJuZXciLCJqb2JJZCI6IjBiYWE1ZDE4LWVjMTQtNDNlYy05MmE4LWFjZDVmMDlkNjlhYiIsImpvYlVybCI6Imh0dHBzOi8vd3d3LmRpY2UuY29tL2pvYi1kZXRhaWwvMGJhYTVkMTgtZWMxNC00M2VjLTkyYTgtYWNkNWYwOWQ2OWFiIiwiam9iVGl0bGUiOiJTZW5pb3IgLk5FVCBTb2Z0d2FyZSBFbmdpbmVlciIsInNlYXJjaExpbmsiOiIifQ=%3D
2025-09-12 00:07:35,573 - INFO -    Page title: Apply
2025-09-12 00:07:39,650 - INFO -    ✅ Successfully on application page
2025-09-12 00:07:39,662 - INFO -    🔄 Looking for NEXT button...
2025-09-12 00:07:40,619 - INFO -    ✅ NEXT button clicked
2025-09-12 00:07:43,350 - INFO -    🔄 Looking for SUBMIT button...
2025-09-12 00:07:44,823 - INFO -    ✅ SUBMIT button clicked
2025-09-12 00:07:44,823 - INFO -    ✅ Successfully applied!
2025-09-12 00:07:51,766 - INFO - 🎯 [24/61] Applying to: Bioinformatics Data Analyst in Basking Ridge NJ ( Onsite ) - LINK: https://www.dice.com/job-detail/48a95e86-f739-4453-a1f5-39464a396f44
2025-09-12 00:08:03,599 - INFO -    🔄 Looking for apply button...
2025-09-12 00:08:04,929 - INFO -    ✅ Apply button clicked (regular click)
2025-09-12 00:08:07,988 - INFO -    🔍 Checking if we're on application page...
2025-09-12 00:08:07,991 - INFO -    Current URL: https://www.dice.com/apply?eyJjb3JyZWxhdGlvbl9pZCI6IjVkNGJhNDFkLTgzY2ItNDljZS1hNDZhLWNiODE1YjkyZmY2ZSIsImRqdlZlcnNpb24iOiJuZXciLCJqb2JJZCI6IjQ4YTk1ZTg2LWY3MzktNDQ1My1hMWY1LTM5NDY0YTM5NmY0NCIsImpvYlVybCI6Imh0dHBzOi8vd3d3LmRpY2UuY29tL2pvYi1kZXRhaWwvNDhhOTVlODYtZjczOS00NDUzLWExZjUtMzk0NjRhMzk2ZjQ0Iiwiam9iVGl0bGUiOiJCaW9pbmZvcm1hdGljcyBBbmFseXN0IGluIEJhc2tpbmcgUmlkZ2UgTkogKCBPbnNpdGUgKSIsInNlYXJjaExpbmsiOiIifQ=%3D
2025-09-12 00:08:07,995 - INFO -    Page title: Apply
2025-09-12 00:08:13,355 - INFO -    ✅ Successfully on application page
2025-09-12 00:08:13,367 - INFO -    🔄 Looking for NEXT button...
2025-09-12 00:08:14,272 - INFO -    ✅ NEXT button clicked
2025-09-12 00:08:16,751 - INFO -    🔄 Looking for SUBMIT button...
2025-09-12 00:08:18,927 - INFO -    ✅ SUBMIT button clicked
2025-09-12 00:08:18,927 - INFO -    ✅ Successfully applied!
2025-09-12 00:08:29,060 - INFO - 🎯 [25/61] Applying to: Senior Machine learning Engineer - LINK: https://www.dice.com/job-detail/01be6585-3404-44d2-a50a-8e18bae38dbf
2025-09-12 00:08:40,740 - INFO -    🔄 Looking for apply button...
2025-09-12 00:08:41,599 - INFO -    ✅ Apply button clicked (regular click)
2025-09-12 00:08:44,230 - INFO -    🔍 Checking if we're on application page...
2025-09-12 00:08:44,234 - INFO -    Current URL: https://www.dice.com/apply?eyJjb3JyZWxhdGlvbl9pZCI6IjI0MTk2OWVmLTE4NGUtNDU0MC04MTM2LWRmYjY3N2UzNjU4MyIsImRqdlZlcnNpb24iOiJuZXciLCJqb2JJZCI6IjAxYmU2NTg1LTM0MDQtNDRkMi1hNTBhLThlMThiYWUzOGRiZiIsImpvYlVybCI6Imh0dHBzOi8vd3d3LmRpY2UuY29tL2pvYi1kZXRhaWwvMDFiZTY1ODUtMzQwNC00NGQyLWE1MGEtOGUxOGJhZTM4ZGJmIiwiam9iVGl0bGUiOiJTZW5pb3IgTWFjaGluZSBsZWFybmluZyBFbmdpbmVlciIsInNlYXJjaExpbmsiOiIifQ=%3D
2025-09-12 00:08:44,237 - INFO -    Page title: Apply
2025-09-12 00:08:49,038 - INFO -    ✅ Successfully on application page
2025-09-12 00:08:49,049 - INFO -    🔄 Looking for NEXT button...
2025-09-12 00:08:50,525 - INFO -    ✅ NEXT button clicked
2025-09-12 00:08:53,703 - INFO -    🔄 Looking for SUBMIT button...
2025-09-12 00:08:55,167 - INFO -    ✅ SUBMIT button clicked
2025-09-12 00:08:55,167 - INFO -    ✅ Successfully applied!
2025-09-12 00:09:04,877 - INFO - 🎯 [26/61] Applying to: Senior Generative AI Engineer - LINK: https://www.dice.com/job-detail/27161908-9276-4e00-90e6-9a346aeda458
2025-09-12 00:09:16,593 - INFO -    🔄 Looking for apply button...
2025-09-12 00:09:18,584 - INFO -    ✅ Apply button clicked (regular click)
2025-09-12 00:09:21,156 - INFO -    🔍 Checking if we're on application page...
2025-09-12 00:09:21,159 - INFO -    Current URL: https://www.dice.com/apply?eyJjb3JyZWxhdGlvbl9pZCI6IjdmOTYyYTg5LTQ4MDgtNGU5NC04ZjUwLTk4MmQwY2IyNTVlMCIsImRqdlZlcnNpb24iOiJuZXciLCJqb2JJZCI6IjI3MTYxOTA4LTkyNzYtNGUwMC05MGU2LTlhMzQ2YWVkYTQ1OCIsImpvYlVybCI6Imh0dHBzOi8vd3d3LmRpY2UuY29tL2pvYi1kZXRhaWwvMjcxNjE5MDgtOTI3Ni00ZTAwLTkwZTYtOWEzNDZhZWRhNDU4Iiwiam9iVGl0bGUiOiJTZW5pb3IgR2VuZXJhdGl2ZSBBSSBFbmdpbmVlciIsInNlYXJjaExpbmsiOiIifQ=%3D
2025-09-12 00:09:21,162 - INFO -    Page title: Apply
2025-09-12 00:09:25,980 - INFO -    ✅ Successfully on application page
2025-09-12 00:09:25,991 - INFO -    🔄 Looking for NEXT button...
2025-09-12 00:09:28,210 - INFO -    ✅ NEXT button clicked
2025-09-12 00:09:31,153 - INFO -    🔄 Looking for SUBMIT button...
2025-09-12 00:09:32,208 - INFO -    ✅ SUBMIT button clicked
2025-09-12 00:09:32,208 - INFO -    ✅ Successfully applied!
2025-09-12 00:09:43,230 - INFO - 🎯 [27/61] Applying to: Verification & Validation Software Engineer - LINK: https://www.dice.com/job-detail/ebd7d629-e8ab-4c23-8046-defe56e69750
2025-09-12 00:09:54,869 - INFO -    🔄 Looking for apply button...
2025-09-12 00:09:57,515 - INFO -    ✅ Apply button clicked (regular click)
2025-09-12 00:10:00,164 - INFO -    🔍 Checking if we're on application page...
2025-09-12 00:10:00,167 - INFO -    Current URL: https://www.dice.com/apply?eyJjb3JyZWxhdGlvbl9pZCI6ImQ2YzFmZWU1LWU1MDItNGEzMi1hNjhiLWUzOWY3YmY0YmEzZSIsImRqdlZlcnNpb24iOiJuZXciLCJqb2JJZCI6ImViZDdkNjI5LWU4YWItNGMyMy04MDQ2LWRlZmU1NmU2OTc1MCIsImpvYlVybCI6Imh0dHBzOi8vd3d3LmRpY2UuY29tL2pvYi1kZXRhaWwvZWJkN2Q2MjktZThhYi00YzIzLTgwNDYtZGVmZTU2ZTY5NzUwIiwiam9iVGl0bGUiOiJWZXJpZmljYXRpb24gJmFtcDsgVmFsaWRhdGlvbiBTb2Z0d2FyZSBFbmdpbmVlciIsInNlYXJjaExpbmsiOiIifQ=%3D
2025-09-12 00:10:00,171 - INFO -    Page title: Apply
2025-09-12 00:10:06,029 - INFO -    ✅ Successfully on application page
2025-09-12 00:10:06,041 - INFO -    🔄 Looking for NEXT button...
2025-09-12 00:10:07,757 - INFO -    ✅ NEXT button clicked
2025-09-12 00:10:10,596 - INFO -    🔄 Looking for SUBMIT button...
2025-09-12 00:10:12,293 - INFO -    ✅ SUBMIT button clicked
2025-09-12 00:10:12,293 - INFO -    ✅ Successfully applied!
2025-09-12 00:10:19,903 - INFO - 🎯 [28/61] Applying to: AI/ML Data Science Engineer - LINK: https://www.dice.com/job-detail/5a1b5d6c-56e3-4a7d-8fa0-26c32c4899be
2025-09-12 00:10:30,971 - INFO -    🔄 Looking for apply button...
2025-09-12 00:10:33,708 - INFO -    ✅ Apply button clicked (regular click)
2025-09-12 00:10:37,604 - INFO -    🔍 Checking if we're on application page...
2025-09-12 00:10:37,607 - INFO -    Current URL: https://www.dice.com/apply?eyJjb3JyZWxhdGlvbl9pZCI6IjA4ZTJhYjYzLTE4MzktNDEwOC1hMmRiLTU3OTJmNzBjM2JlNyIsImRqdlZlcnNpb24iOiJuZXciLCJqb2JJZCI6IjVhMWI1ZDZjLTU2ZTMtNGE3ZC04ZmEwLTI2YzMyYzQ4OTliZSIsImpvYlVybCI6Imh0dHBzOi8vd3d3LmRpY2UuY29tL2pvYi1kZXRhaWwvNWExYjVkNmMtNTZlMy00YTdkLThmYTAtMjZjMzJjNDg5OWJlIiwiam9iVGl0bGUiOiJBSS9NTCBEYXRhIFNjaWVuY2UgRW5naW5lZXIiLCJzZWFyY2hMaW5rIjoiIn0=
2025-09-12 00:10:37,611 - INFO -    Page title: Apply
2025-09-12 00:10:42,221 - INFO -    ✅ Successfully on application page
2025-09-12 00:10:42,232 - INFO -    🔄 Looking for NEXT button...
2025-09-12 00:10:43,500 - INFO -    ✅ NEXT button clicked
2025-09-12 00:10:45,406 - INFO -    🔄 Looking for SUBMIT button...
2025-09-12 00:10:46,681 - INFO -    ✅ SUBMIT button clicked
2025-09-12 00:10:46,681 - INFO -    ✅ Successfully applied!
2025-09-12 00:10:58,203 - INFO - 🎯 [29/61] Applying to: AWS Data Engineer - W2(In person Interview) - LINK: https://www.dice.com/job-detail/48d3d05c-17ee-4a3a-b38e-a710a4a55e6f
2025-09-12 00:11:09,811 - INFO -    🔄 Looking for apply button...
2025-09-12 00:11:12,490 - INFO -    ✅ Apply button clicked (regular click)
2025-09-12 00:11:16,329 - INFO -    🔍 Checking if we're on application page...
2025-09-12 00:11:16,332 - INFO -    Current URL: https://www.dice.com/apply?eyJjb3JyZWxhdGlvbl9pZCI6ImFjNDcxYWRlLTExY2QtNDUzNC05NDIzLWI0NzUyNWFlZjQ2ZiIsImRqdlZlcnNpb24iOiJuZXciLCJqb2JJZCI6IjQ4ZDNkMDVjLTE3ZWUtNGEzYS1iMzhlLWE3MTBhNGE1NWU2ZiIsImpvYlVybCI6Imh0dHBzOi8vd3d3LmRpY2UuY29tL2pvYi1kZXRhaWwvNDhkM2QwNWMtMTdlZS00YTNhLWIzOGUtYTcxMGE0YTU1ZTZmIiwiam9iVGl0bGUiOiJBV1MgRGF0YSBFbmdpbmVlciAtIFcyKEluIHBlcnNvbiBJbnRlcnZpZXcpIiwic2VhcmNoTGluayI6IiJ9
2025-09-12 00:11:16,335 - INFO -    Page title: Apply
2025-09-12 00:11:21,298 - INFO -    ✅ Successfully on application page
2025-09-12 00:11:21,309 - INFO -    🔄 Looking for NEXT button...
2025-09-12 00:11:22,729 - INFO -    ✅ NEXT button clicked
2025-09-12 00:11:26,024 - INFO -    🔄 Looking for SUBMIT button...
2025-09-12 00:11:27,388 - INFO -    ✅ SUBMIT button clicked
2025-09-12 00:11:27,388 - INFO -    ✅ Successfully applied!
2025-09-12 00:11:38,194 - INFO - 🎯 [30/61] Applying to: Business Analyst - LINK: https://www.dice.com/job-detail/977b18f8-82b7-477b-9958-b265dcdd69f1
2025-09-12 00:11:49,998 - INFO -    🔄 Looking for apply button...
2025-09-12 00:11:52,988 - INFO -    ✅ Apply button clicked (regular click)
2025-09-12 00:11:55,768 - INFO -    🔍 Checking if we're on application page...
2025-09-12 00:11:55,771 - INFO -    Current URL: https://www.dice.com/apply?eyJjb3JyZWxhdGlvbl9pZCI6IjExMjgzNDg3LTBkMDYtNGI1Ni1iZGZmLTU0MjRlMmMzNmUzMCIsImRqdlZlcnNpb24iOiJuZXciLCJqb2JJZCI6Ijk3N2IxOGY4LTgyYjctNDc3Yi05OTU4LWIyNjVkY2RkNjlmMSIsImpvYlVybCI6Imh0dHBzOi8vd3d3LmRpY2UuY29tL2pvYi1kZXRhaWwvOTc3YjE4ZjgtODJiNy00NzdiLTk5NTgtYjI2NWRjZGQ2OWYxIiwiam9iVGl0bGUiOiJCdXNpbmVzcyBBbmFseXN0Iiwic2VhcmNoTGluayI6IiJ9
2025-09-12 00:11:55,774 - INFO -    Page title: Apply
2025-09-12 00:12:00,974 - INFO -    ✅ Successfully on application page
2025-09-12 00:12:00,986 - INFO -    🔄 Looking for NEXT button...
2025-09-12 00:12:02,385 - INFO -    ✅ NEXT button clicked
2025-09-12 00:12:05,858 - INFO -    🔄 Looking for SUBMIT button...
2025-09-12 00:12:07,105 - INFO -    ✅ SUBMIT button clicked
2025-09-12 00:12:07,105 - INFO -    ✅ Successfully applied!
2025-09-12 00:12:13,815 - INFO - 🎯 [31/61] Applying to: Data Analyst Systems Modernization (Local or Near to Austin, TX) - LINK: https://www.dice.com/job-detail/a9ec3b83-9f7b-4e08-b05a-a70ace4c4ca3
2025-09-12 00:12:25,184 - INFO -    🔄 Looking for apply button...
2025-09-12 00:12:27,417 - INFO -    ✅ Apply button clicked (regular click)
2025-09-12 00:12:29,092 - INFO -    🔍 Checking if we're on application page...
2025-09-12 00:12:29,096 - INFO -    Current URL: https://www.dice.com/apply?eyJjb3JyZWxhdGlvbl9pZCI6Ijc3OGFmYjAyLWQ4Y2ItNDBjNC1hYjNlLTllM2QxYzNlMGZlMCIsImRqdlZlcnNpb24iOiJuZXciLCJqb2JJZCI6ImE5ZWMzYjgzLTlmN2ItNGUwOC1iMDVhLWE3MGFjZTRjNGNhMyIsImpvYlVybCI6Imh0dHBzOi8vd3d3LmRpY2UuY29tL2pvYi1kZXRhaWwvYTllYzNiODMtOWY3Yi00ZTA4LWIwNWEtYTcwYWNlNGM0Y2EzIiwiam9iVGl0bGUiOiJEYXRhIEFuYWx5c3QgU3lzdGVtcyBNb2Rlcm5pemF0aW9uIChMb2NhbCBvciBOZWFyIHRvIEF1c3RpbiwgVFgpIiwic2VhcmNoTGluayI6IiJ9
2025-09-12 00:12:29,099 - INFO -    Page title: Apply
2025-09-12 00:12:34,534 - INFO -    ✅ Successfully on application page
2025-09-12 00:12:34,546 - INFO -    🔄 Looking for NEXT button...
2025-09-12 00:12:35,050 - INFO -    ✅ NEXT button clicked
2025-09-12 00:12:37,757 - INFO -    🔄 Looking for SUBMIT button...
2025-09-12 00:12:39,748 - INFO -    ✅ SUBMIT button clicked
2025-09-12 00:12:39,748 - INFO -    ✅ Successfully applied!
2025-09-12 00:12:48,786 - INFO - 🎯 [32/61] Applying to: Senior Software Engineer - LINK: https://www.dice.com/job-detail/70dccd02-f554-4a42-8e61-942143f4fb4c
2025-09-12 00:13:01,323 - INFO -    🔄 Looking for apply button...
2025-09-12 00:13:04,216 - INFO -    ✅ Apply button clicked (regular click)
2025-09-12 00:13:06,347 - INFO -    🔍 Checking if we're on application page...
2025-09-12 00:13:06,350 - INFO -    Current URL: https://www.dice.com/apply?eyJjb3JyZWxhdGlvbl9pZCI6ImZmOGMyZjA3LTBjNzAtNGU2Ny05NDE4LTBkNDAyOTkzMWI0NiIsImRqdlZlcnNpb24iOiJuZXciLCJqb2JJZCI6IjcwZGNjZDAyLWY1NTQtNGE0Mi04ZTYxLTk0MjE0M2Y0ZmI0YyIsImpvYlVybCI6Imh0dHBzOi8vd3d3LmRpY2UuY29tL2pvYi1kZXRhaWwvNzBkY2NkMDItZjU1NC00YTQyLThlNjEtOTQyMTQzZjRmYjRjIiwiam9iVGl0bGUiOiJTZW5pb3IgU29mdHdhcmUgRW5naW5lZXIiLCJzZWFyY2hMaW5rIjoiIn0=
2025-09-12 00:13:06,354 - INFO -    Page title: Apply
2025-09-12 00:13:11,217 - INFO -    ✅ Successfully on application page
2025-09-12 00:13:11,229 - INFO -    🔄 Looking for NEXT button...
2025-09-12 00:13:12,118 - INFO -    ✅ NEXT button clicked
2025-09-12 00:13:15,021 - INFO -    🔄 Looking for SUBMIT button...
2025-09-12 00:13:16,187 - INFO -    ✅ SUBMIT button clicked
2025-09-12 00:13:16,187 - INFO -    ✅ Successfully applied!
2025-09-12 00:13:24,139 - INFO - 🎯 [33/61] Applying to: Software Engineer - LINK: https://www.dice.com/job-detail/d3e2d4e1-6e23-4992-a0c8-152728206a7f
2025-09-12 00:13:35,536 - INFO -    🔄 Looking for apply button...
2025-09-12 00:13:37,979 - INFO -    ✅ Apply button clicked (regular click)
2025-09-12 00:13:40,148 - INFO -    🔍 Checking if we're on application page...
2025-09-12 00:13:40,151 - INFO -    Current URL: https://www.dice.com/apply?eyJjb3JyZWxhdGlvbl9pZCI6ImFlMmZiYjc3LTBmZTItNDk4OS1iYWEwLWE2NmU0YzVhY2VjMiIsImRqdlZlcnNpb24iOiJuZXciLCJqb2JJZCI6ImQzZTJkNGUxLTZlMjMtNDk5Mi1hMGM4LTE1MjcyODIwNmE3ZiIsImpvYlVybCI6Imh0dHBzOi8vd3d3LmRpY2UuY29tL2pvYi1kZXRhaWwvZDNlMmQ0ZTEtNmUyMy00OTkyLWEwYzgtMTUyNzI4MjA2YTdmIiwiam9iVGl0bGUiOiJTb2Z0d2FyZSBFbmdpbmVlciIsInNlYXJjaExpbmsiOiIifQ=%3D
2025-09-12 00:13:40,154 - INFO -    Page title: Apply
2025-09-12 00:13:45,055 - INFO -    ✅ Successfully on application page
2025-09-12 00:13:45,068 - INFO -    🔄 Looking for NEXT button...
2025-09-12 00:13:46,619 - INFO -    ✅ NEXT button clicked
2025-09-12 00:13:49,541 - INFO -    🔄 Looking for SUBMIT button...
2025-09-12 00:13:50,789 - INFO -    ✅ SUBMIT button clicked
2025-09-12 00:13:50,789 - INFO -    ✅ Successfully applied!
2025-09-12 00:14:00,122 - INFO - 🎯 [34/61] Applying to: Data Analyst Developer - LINK: https://www.dice.com/job-detail/75fec256-1fb6-48c9-8a9e-6f24125827ad
2025-09-12 00:14:12,824 - INFO -    🔄 Looking for apply button...
2025-09-12 00:14:14,962 - INFO -    ✅ Apply button clicked (regular click)
2025-09-12 00:14:18,192 - INFO -    🔍 Checking if we're on application page...
2025-09-12 00:14:18,196 - INFO -    Current URL: https://www.dice.com/apply?eyJjb3JyZWxhdGlvbl9pZCI6Ijg5ZmE0YjNhLWJiMWUtNDNkMS05NTc2LTE5Y2NiNTYxYjM0ZSIsImRqdlZlcnNpb24iOiJuZXciLCJqb2JJZCI6Ijc1ZmVjMjU2LTFmYjYtNDhjOS04YTllLTZmMjQxMjU4MjdhZCIsImpvYlVybCI6Imh0dHBzOi8vd3d3LmRpY2UuY29tL2pvYi1kZXRhaWwvNzVmZWMyNTYtMWZiNi00OGM5LThhOWUtNmYyNDEyNTgyN2FkIiwiam9iVGl0bGUiOiJEYXRhIEFuYWx5c3QgRGV2ZWxvcGVyIiwic2VhcmNoTGluayI6IiJ9
2025-09-12 00:14:18,199 - INFO -    Page title: Apply
2025-09-12 00:14:23,039 - INFO -    ✅ Successfully on application page
2025-09-12 00:14:23,051 - INFO -    🔄 Looking for NEXT button...
2025-09-12 00:14:24,653 - INFO -    ✅ NEXT button clicked
2025-09-12 00:14:27,544 - INFO -    🔄 Looking for SUBMIT button...
2025-09-12 00:14:27,665 - INFO -    ✅ SUBMIT button clicked
2025-09-12 00:14:27,665 - INFO -    ✅ Successfully applied!
2025-09-12 00:14:36,571 - INFO - 🎯 [35/61] Applying to: Technical Specialist - Junior - Normal - LINK: https://www.dice.com/job-detail/c14c6bb4-dc8e-46cc-9f19-7411f4ffcd3e
2025-09-12 00:14:48,914 - INFO -    🔄 Looking for apply button...
2025-09-12 00:14:50,657 - INFO -    ✅ Apply button clicked (regular click)
2025-09-12 00:14:53,987 - INFO -    🔍 Checking if we're on application page...
2025-09-12 00:14:53,990 - INFO -    Current URL: https://www.dice.com/apply?eyJjb3JyZWxhdGlvbl9pZCI6IjQ1ZDRkZjc5LTgwOTQtNGJiNS04NTNiLTk1MWFjODZlMGZhZiIsImRqdlZlcnNpb24iOiJuZXciLCJqb2JJZCI6ImMxNGM2YmI0LWRjOGUtNDZjYy05ZjE5LTc0MTFmNGZmY2QzZSIsImpvYlVybCI6Imh0dHBzOi8vd3d3LmRpY2UuY29tL2pvYi1kZXRhaWwvYzE0YzZiYjQtZGM4ZS00NmNjLTlmMTktNzQxMWY0ZmZjZDNlIiwiam9iVGl0bGUiOiJUZWNobmljYWwgU3BlY2lhbGlzdCAtIEp1bmlvciAtIE5vcm1hbCIsInNlYXJjaExpbmsiOiIifQ=%3D
2025-09-12 00:14:53,993 - INFO -    Page title: Apply
2025-09-12 00:14:58,897 - INFO -    ✅ Successfully on application page
2025-09-12 00:14:58,908 - INFO -    🔄 Looking for NEXT button...
2025-09-12 00:15:00,124 - INFO -    ✅ NEXT button clicked
2025-09-12 00:15:03,768 - INFO -    🔄 Looking for SUBMIT button...
2025-09-12 00:15:05,763 - INFO -    ✅ SUBMIT button clicked
2025-09-12 00:15:05,763 - INFO -    ✅ Successfully applied!
2025-09-12 00:15:16,148 - INFO - 🎯 [36/61] Applying to: Data Engineer - Canada - LINK: https://www.dice.com/job-detail/5b5ee2b7-6bf4-4922-a1b8-784e2bac8114
2025-09-12 00:15:28,689 - INFO -    🔄 Looking for apply button...
2025-09-12 00:15:31,831 - INFO -    ✅ Apply button clicked (regular click)
2025-09-12 00:15:35,072 - INFO -    🔍 Checking if we're on application page...
2025-09-12 00:15:35,075 - INFO -    Current URL: https://www.dice.com/apply?eyJjb3JyZWxhdGlvbl9pZCI6IjY1ZDBhYjk3LTMzZmYtNGJjMi04Zjc3LTMyMWY4YjJlMzkxNSIsImRqdlZlcnNpb24iOiJuZXciLCJqb2JJZCI6IjViNWVlMmI3LTZiZjQtNDkyMi1hMWI4LTc4NGUyYmFjODExNCIsImpvYlVybCI6Imh0dHBzOi8vd3d3LmRpY2UuY29tL2pvYi1kZXRhaWwvNWI1ZWUyYjctNmJmNC00OTIyLWExYjgtNzg0ZTJiYWM4MTE0Iiwiam9iVGl0bGUiOiJEYXRhIEVuZ2luZWVyIC0gQ2FuYWRhIiwic2VhcmNoTGluayI6IiJ9
2025-09-12 00:15:35,078 - INFO -    Page title: Apply
2025-09-12 00:15:39,871 - INFO -    ✅ Successfully on application page
2025-09-12 00:15:39,883 - INFO -    🔄 Looking for NEXT button...
2025-09-12 00:15:41,726 - INFO -    ✅ NEXT button clicked
2025-09-12 00:15:44,631 - INFO -    🔄 Looking for SUBMIT button...
2025-09-12 00:15:45,813 - INFO -    ✅ SUBMIT button clicked
2025-09-12 00:15:45,814 - INFO -    ✅ Successfully applied!
2025-09-12 00:15:52,866 - INFO - 🎯 [37/61] Applying to: Sr Java/ lead Lava /Java Architect (W2)(Amdocs billing) - LINK: https://www.dice.com/job-detail/a451081b-56a3-40fd-9664-aeb6f13269b8
2025-09-12 00:16:04,150 - INFO -    🔄 Looking for apply button...
2025-09-12 00:16:07,293 - INFO -    ✅ Apply button clicked (regular click)
2025-09-12 00:16:10,479 - INFO -    🔍 Checking if we're on application page...
2025-09-12 00:16:10,482 - INFO -    Current URL: https://www.dice.com/apply?eyJjb3JyZWxhdGlvbl9pZCI6ImI4NTVjNzQzLTdlN2MtNGViZC1iNzZiLTdmYjk3NWU4ZDRmNCIsImRqdlZlcnNpb24iOiJuZXciLCJqb2JJZCI6ImE0NTEwODFiLTU2YTMtNDBmZC05NjY0LWFlYjZmMTMyNjliOCIsImpvYlVybCI6Imh0dHBzOi8vd3d3LmRpY2UuY29tL2pvYi1kZXRhaWwvYTQ1MTA4MWItNTZhMy00MGZkLTk2NjQtYWViNmYxMzI2OWI4Iiwiam9iVGl0bGUiOiJTciBKYXZhLyBsZWFkIExhdmEgL0phdmEgQXJjaGl0ZWN0IChXMikoQW1kb2NzIGJpbGxpbmcpIiwic2VhcmNoTGluayI6IiJ9
2025-09-12 00:16:10,485 - INFO -    Page title: Apply
2025-09-12 00:16:16,176 - INFO -    ✅ Successfully on application page
2025-09-12 00:16:16,188 - INFO -    🔄 Looking for NEXT button...
2025-09-12 00:16:18,002 - INFO -    ✅ NEXT button clicked
2025-09-12 00:16:21,700 - INFO -    🔄 Looking for SUBMIT button...
2025-09-12 00:16:22,982 - INFO -    ✅ SUBMIT button clicked
2025-09-12 00:16:22,982 - INFO -    ✅ Successfully applied!
2025-09-12 00:16:32,526 - INFO - 🎯 [38/61] Applying to: Data Analyst - LINK: https://www.dice.com/job-detail/dd78f3de-bd3e-4c07-8246-aab0d4198e4e
2025-09-12 00:16:44,254 - WARNING -    ⚠️  Could not check application status: Message: no such element: Unable to locate element: {"method":"tag name","selector":"apply-button-wc"}
  (Session info: chrome=140.0.7339.80); For documentation on this error, please visit: https://www.selenium.dev/documentation/webdriver/troubleshooting/errors#nosuchelementexception
Stacktrace:
#0 0x55f0b0ae194a <unknown>
#1 0x55f0b05568a0 <unknown>
#2 0x55f0b05a8540 <unknown>
#3 0x55f0b05a8731 <unknown>
#4 0x55f0b05f6824 <unknown>
#5 0x55f0b05ce05d <unknown>
#6 0x55f0b05f3c23 <unknown>
#7 0x55f0b05cde03 <unknown>
#8 0x55f0b059a968 <unknown>
#9 0x55f0b059b5e1 <unknown>
#10 0x55f0b0aa5548 <unknown>
#11 0x55f0b0aa9272 <unknown>
#12 0x55f0b0a8c313 <unknown>
#13 0x55f0b0aa9dc5 <unknown>
#14 0x55f0b0a7149f <unknown>
#15 0x55f0b0ace158 <unknown>
#16 0x55f0b0ace332 <unknown>
#17 0x55f0b0ae0a53 <unknown>
#18 0x7f9fa0a9caa4 <unknown>
#19 0x7f9fa0b29c3c <unknown>

2025-09-12 00:16:47,307 - INFO -    🔄 Looking for apply button...
2025-09-12 00:16:57,421 - ERROR -    ❌ Cannot find apply button: Message: 
Stacktrace:
#0 0x55f0b0ae194a <unknown>
#1 0x55f0b05568a0 <unknown>
#2 0x55f0b05a8540 <unknown>
#3 0x55f0b05a8731 <unknown>
#4 0x55f0b05f6824 <unknown>
#5 0x55f0b05ce05d <unknown>
#6 0x55f0b05f3c23 <unknown>
#7 0x55f0b05cde03 <unknown>
#8 0x55f0b059a968 <unknown>
#9 0x55f0b059b5e1 <unknown>
#10 0x55f0b0aa5548 <unknown>
#11 0x55f0b0aa9272 <unknown>
#12 0x55f0b0a8c313 <unknown>
#13 0x55f0b0aa9dc5 <unknown>
#14 0x55f0b0a7149f <unknown>
#15 0x55f0b0ace158 <unknown>
#16 0x55f0b0ace332 <unknown>
#17 0x55f0b0ae0a53 <unknown>
#18 0x7f9fa0a9caa4 <unknown>
#19 0x7f9fa0b29c3c <unknown>

2025-09-12 00:17:05,047 - INFO - 🎯 [39/61] Applying to: Full stack Developer(MLOPS/ AI/ ML) (Azure/ Angular/ React) - LINK: https://www.dice.com/job-detail/dde65846-3c5f-4448-90f0-847e5dd11455
2025-09-12 00:17:17,080 - INFO -    🔄 Looking for apply button...
2025-09-12 00:17:19,427 - INFO -    ✅ Apply button clicked (regular click)
2025-09-12 00:17:21,372 - INFO -    🔍 Checking if we're on application page...
2025-09-12 00:17:21,375 - INFO -    Current URL: https://www.dice.com/apply?eyJjb3JyZWxhdGlvbl9pZCI6Ijg3ZTMzM2MwLTRmYmItNDkwZi05YWU5LTcxMjk0MWFiOGFlMyIsImRqdlZlcnNpb24iOiJuZXciLCJqb2JJZCI6ImRkZTY1ODQ2LTNjNWYtNDQ0OC05MGYwLTg0N2U1ZGQxMTQ1NSIsImpvYlVybCI6Imh0dHBzOi8vd3d3LmRpY2UuY29tL2pvYi1kZXRhaWwvZGRlNjU4NDYtM2M1Zi00NDQ4LTkwZjAtODQ3ZTVkZDExNDU1Iiwiam9iVGl0bGUiOiJGdWxsIHN0YWNrIERldmVsb3BlcihNTE9QUy8gQUkvIE1MKSAoQXp1cmUvIEFuZ3VsYXIvIFJlYWN0KSIsInNlYXJjaExpbmsiOiIifQ=%3D
2025-09-12 00:17:21,378 - INFO -    Page title: Apply
2025-09-12 00:17:26,602 - INFO -    ✅ Successfully on application page
2025-09-12 00:17:26,613 - INFO -    🔄 Looking for NEXT button...
2025-09-12 00:17:28,162 - INFO -    ✅ NEXT button clicked
2025-09-12 00:17:30,605 - INFO -    🔄 Looking for SUBMIT button...
2025-09-12 00:17:32,049 - INFO -    ✅ SUBMIT button clicked
2025-09-12 00:17:32,049 - INFO -    ✅ Successfully applied!
2025-09-12 00:17:42,827 - INFO - 🎯 [40/61] Applying to: Senior Software Engineer - LINK: https://www.dice.com/job-detail/0b25dbfb-a1bf-4c64-8cd2-d648a101be9d
2025-09-12 00:17:55,097 - INFO -    🔄 Looking for apply button...
2025-09-12 00:17:57,133 - INFO -    ✅ Apply button clicked (regular click)
2025-09-12 00:18:00,534 - INFO -    🔍 Checking if we're on application page...
2025-09-12 00:18:00,537 - INFO -    Current URL: https://www.dice.com/apply?eyJjb3JyZWxhdGlvbl9pZCI6ImJkNjIxOWRlLTc3OTctNGJjOC1hZDgxLWRkYWRmMmU1ZTk1MCIsImRqdlZlcnNpb24iOiJuZXciLCJqb2JJZCI6IjBiMjVkYmZiLWExYmYtNGM2NC04Y2QyLWQ2NDhhMTAxYmU5ZCIsImpvYlVybCI6Imh0dHBzOi8vd3d3LmRpY2UuY29tL2pvYi1kZXRhaWwvMGIyNWRiZmItYTFiZi00YzY0LThjZDItZDY0OGExMDFiZTlkIiwiam9iVGl0bGUiOiJTZW5pb3IgU29mdHdhcmUgRW5naW5lZXIiLCJzZWFyY2hMaW5rIjoiIn0=
2025-09-12 00:18:00,540 - INFO -    Page title: Apply
2025-09-12 00:18:05,246 - INFO -    ✅ Successfully on application page
2025-09-12 00:18:05,258 - INFO -    🔄 Looking for NEXT button...
2025-09-12 00:18:07,558 - INFO -    ✅ NEXT button clicked
2025-09-12 00:18:10,576 - INFO -    🔄 Looking for SUBMIT button...
2025-09-12 00:18:11,770 - INFO -    ✅ SUBMIT button clicked
2025-09-12 00:18:11,770 - INFO -    ✅ Successfully applied!
2025-09-12 00:18:23,002 - INFO - 🎯 [41/61] Applying to: Azure Data Engineer in North Carolina - W2 Candidates - LINK: https://www.dice.com/job-detail/879b1707-3226-47e9-9c13-4e8acf948f80
2025-09-12 00:18:35,916 - WARNING -    ⚠️  Could not check application status: Message: no such element: Unable to locate element: {"method":"tag name","selector":"apply-button-wc"}
  (Session info: chrome=140.0.7339.80); For documentation on this error, please visit: https://www.selenium.dev/documentation/webdriver/troubleshooting/errors#nosuchelementexception
Stacktrace:
#0 0x55f0b0ae194a <unknown>
#1 0x55f0b05568a0 <unknown>
#2 0x55f0b05a8540 <unknown>
#3 0x55f0b05a8731 <unknown>
#4 0x55f0b05f6824 <unknown>
#5 0x55f0b05ce05d <unknown>
#6 0x55f0b05f3c23 <unknown>
#7 0x55f0b05cde03 <unknown>
#8 0x55f0b059a968 <unknown>
#9 0x55f0b059b5e1 <unknown>
#10 0x55f0b0aa5548 <unknown>
#11 0x55f0b0aa9272 <unknown>
#12 0x55f0b0a8c313 <unknown>
#13 0x55f0b0aa9dc5 <unknown>
#14 0x55f0b0a7149f <unknown>
#15 0x55f0b0ace158 <unknown>
#16 0x55f0b0ace332 <unknown>
#17 0x55f0b0ae0a53 <unknown>
#18 0x7f9fa0a9caa4 <unknown>
#19 0x7f9fa0b29c3c <unknown>

2025-09-12 00:18:38,963 - INFO -    🔄 Looking for apply button...
2025-09-12 00:18:49,063 - ERROR -    ❌ Cannot find apply button: Message: 
Stacktrace:
#0 0x55f0b0ae194a <unknown>
#1 0x55f0b05568a0 <unknown>
#2 0x55f0b05a8540 <unknown>
#3 0x55f0b05a8731 <unknown>
#4 0x55f0b05f6824 <unknown>
#5 0x55f0b05ce05d <unknown>
#6 0x55f0b05f3c23 <unknown>
#7 0x55f0b05cde03 <unknown>
#8 0x55f0b059a968 <unknown>
#9 0x55f0b059b5e1 <unknown>
#10 0x55f0b0aa5548 <unknown>
#11 0x55f0b0aa9272 <unknown>
#12 0x55f0b0a8c313 <unknown>
#13 0x55f0b0aa9dc5 <unknown>
#14 0x55f0b0a7149f <unknown>
#15 0x55f0b0ace158 <unknown>
#16 0x55f0b0ace332 <unknown>
#17 0x55f0b0ae0a53 <unknown>
#18 0x7f9fa0a9caa4 <unknown>
#19 0x7f9fa0b29c3c <unknown>

2025-09-12 00:19:01,454 - INFO - 🎯 [42/61] Applying to: Embedded Software Engineer - LINK: https://www.dice.com/job-detail/34107cfc-4034-4b9b-8412-5553c8fe3977
2025-09-12 00:19:11,736 - INFO -    🔄 Looking for apply button...
2025-09-12 00:19:15,047 - INFO -    ✅ Apply button clicked (regular click)
2025-09-12 00:19:17,588 - INFO -    🔍 Checking if we're on application page...
2025-09-12 00:19:17,592 - INFO -    Current URL: https://www.dice.com/apply?eyJjb3JyZWxhdGlvbl9pZCI6ImEwZmNhNjVjLTMyMGEtNDhiZS1iNTAwLTI1MmI4MDI0NGUwYyIsImRqdlZlcnNpb24iOiJuZXciLCJqb2JJZCI6IjM0MTA3Y2ZjLTQwMzQtNGI5Yi04NDEyLTU1NTNjOGZlMzk3NyIsImpvYlVybCI6Imh0dHBzOi8vd3d3LmRpY2UuY29tL2pvYi1kZXRhaWwvMzQxMDdjZmMtNDAzNC00YjliLTg0MTItNTU1M2M4ZmUzOTc3Iiwiam9iVGl0bGUiOiJFbWJlZGRlZCBTb2Z0d2FyZSBFbmdpbmVlciIsInNlYXJjaExpbmsiOiIifQ=%3D
2025-09-12 00:19:17,595 - INFO -    Page title: Apply
2025-09-12 00:19:22,276 - INFO -    ✅ Successfully on application page
2025-09-12 00:19:22,287 - INFO -    🔄 Looking for NEXT button...
2025-09-12 00:19:24,140 - INFO -    ✅ NEXT button clicked
2025-09-12 00:19:27,203 - INFO -    🔄 Looking for SUBMIT button...
2025-09-12 00:19:29,409 - INFO -    ✅ SUBMIT button clicked
2025-09-12 00:19:29,410 - INFO -    ✅ Successfully applied!
2025-09-12 00:19:40,324 - INFO - 🎯 [43/61] Applying to: Sr. Software Engineer -Platform development - LINK: https://www.dice.com/job-detail/8b8fb18f-8f81-4f0c-b132-94b6f84b32b9
2025-09-12 00:19:52,159 - INFO -    🔄 Looking for apply button...
2025-09-12 00:19:54,307 - INFO -    ✅ Apply button clicked (regular click)
2025-09-12 00:19:57,138 - INFO -    🔍 Checking if we're on application page...
2025-09-12 00:19:57,141 - INFO -    Current URL: https://www.dice.com/apply?eyJjb3JyZWxhdGlvbl9pZCI6IjUwNjQxNGNiLWE1MGQtNGI3Yi05NDMxLTIxNDcwNzYwOThjZSIsImRqdlZlcnNpb24iOiJuZXciLCJqb2JJZCI6IjhiOGZiMThmLThmODEtNGYwYy1iMTMyLTk0YjZmODRiMzJiOSIsImpvYlVybCI6Imh0dHBzOi8vd3d3LmRpY2UuY29tL2pvYi1kZXRhaWwvOGI4ZmIxOGYtOGY4MS00ZjBjLWIxMzItOTRiNmY4NGIzMmI5Iiwiam9iVGl0bGUiOiJTci4gU29mdHdhcmUgRW5naW5lZXIgLVBsYXRmb3JtIGRldmVsb3BtZW50Iiwic2VhcmNoTGluayI6IiJ9
2025-09-12 00:19:57,144 - INFO -    Page title: Apply
2025-09-12 00:20:02,214 - INFO -    ✅ Successfully on application page
2025-09-12 00:20:02,226 - INFO -    🔄 Looking for NEXT button...
2025-09-12 00:20:04,507 - INFO -    ✅ NEXT button clicked
2025-09-12 00:20:07,686 - INFO -    🔄 Looking for SUBMIT button...
2025-09-12 00:20:09,857 - INFO -    ✅ SUBMIT button clicked
2025-09-12 00:20:09,857 - INFO -    ✅ Successfully applied!
2025-09-12 00:20:20,930 - INFO - 🎯 [44/61] Applying to: Data Analyst (Onsite) - LINK: https://www.dice.com/job-detail/0ef143b7-7d34-4021-ab32-0ee38f2be0cb
2025-09-12 00:20:32,749 - INFO -    🔄 Looking for apply button...
2025-09-12 00:20:34,664 - INFO -    ✅ Apply button clicked (regular click)
2025-09-12 00:20:36,996 - INFO -    🔍 Checking if we're on application page...
2025-09-12 00:20:36,999 - INFO -    Current URL: https://www.dice.com/apply?eyJjb3JyZWxhdGlvbl9pZCI6IjdhYjE2MzA1LWFhMDYtNGRlMC1iYzk4LWNkMTU2MGE5NDgwMSIsImRqdlZlcnNpb24iOiJuZXciLCJqb2JJZCI6IjBlZjE0M2I3LTdkMzQtNDAyMS1hYjMyLTBlZTM4ZjJiZTBjYiIsImpvYlVybCI6Imh0dHBzOi8vd3d3LmRpY2UuY29tL2pvYi1kZXRhaWwvMGVmMTQzYjctN2QzNC00MDIxLWFiMzItMGVlMzhmMmJlMGNiIiwiam9iVGl0bGUiOiJEYXRhIEFuYWx5c3QgKE9uc2l0ZSkiLCJzZWFyY2hMaW5rIjoiIn0=
2025-09-12 00:20:37,002 - INFO -    Page title: Apply
2025-09-12 00:20:40,883 - INFO -    ✅ Successfully on application page
2025-09-12 00:20:40,895 - INFO -    🔄 Looking for NEXT button...
2025-09-12 00:20:42,866 - INFO -    ✅ NEXT button clicked
2025-09-12 00:20:46,478 - INFO -    🔄 Looking for SUBMIT button...
2025-09-12 00:20:48,659 - INFO -    ✅ SUBMIT button clicked
2025-09-12 00:20:48,659 - INFO -    ✅ Successfully applied!
2025-09-12 00:20:56,060 - INFO - 🎯 [45/61] Applying to: Data Engineer with Python - LINK: https://www.dice.com/job-detail/28b40732-9458-45bf-ba9c-1344128b025a
2025-09-12 00:21:07,429 - WARNING -    ⚠️  Could not check application status: Message: no such element: Unable to locate element: {"method":"tag name","selector":"apply-button-wc"}
  (Session info: chrome=140.0.7339.80); For documentation on this error, please visit: https://www.selenium.dev/documentation/webdriver/troubleshooting/errors#nosuchelementexception
Stacktrace:
#0 0x55f0b0ae194a <unknown>
#1 0x55f0b05568a0 <unknown>
#2 0x55f0b05a8540 <unknown>
#3 0x55f0b05a8731 <unknown>
#4 0x55f0b05f6824 <unknown>
#5 0x55f0b05ce05d <unknown>
#6 0x55f0b05f3c23 <unknown>
#7 0x55f0b05cde03 <unknown>
#8 0x55f0b059a968 <unknown>
#9 0x55f0b059b5e1 <unknown>
#10 0x55f0b0aa5548 <unknown>
#11 0x55f0b0aa9272 <unknown>
#12 0x55f0b0a8c313 <unknown>
#13 0x55f0b0aa9dc5 <unknown>
#14 0x55f0b0a7149f <unknown>
#15 0x55f0b0ace158 <unknown>
#16 0x55f0b0ace332 <unknown>
#17 0x55f0b0ae0a53 <unknown>
#18 0x7f9fa0a9caa4 <unknown>
#19 0x7f9fa0b29c3c <unknown>

2025-09-12 00:21:10,448 - INFO -    🔄 Looking for apply button...
2025-09-12 00:21:20,566 - ERROR -    ❌ Cannot find apply button: Message: 
Stacktrace:
#0 0x55f0b0ae194a <unknown>
#1 0x55f0b05568a0 <unknown>
#2 0x55f0b05a8540 <unknown>
#3 0x55f0b05a8731 <unknown>
#4 0x55f0b05f6824 <unknown>
#5 0x55f0b05ce05d <unknown>
#6 0x55f0b05f3c23 <unknown>
#7 0x55f0b05cde03 <unknown>
#8 0x55f0b059a968 <unknown>
#9 0x55f0b059b5e1 <unknown>
#10 0x55f0b0aa5548 <unknown>
#11 0x55f0b0aa9272 <unknown>
#12 0x55f0b0a8c313 <unknown>
#13 0x55f0b0aa9dc5 <unknown>
#14 0x55f0b0a7149f <unknown>
#15 0x55f0b0ace158 <unknown>
#16 0x55f0b0ace332 <unknown>
#17 0x55f0b0ae0a53 <unknown>
#18 0x7f9fa0a9caa4 <unknown>
#19 0x7f9fa0b29c3c <unknown>

2025-09-12 00:21:28,799 - INFO - 🎯 [46/61] Applying to: Embedded Software Engineer (RTOS/FPGA) - LINK: https://www.dice.com/job-detail/212e672f-6d96-4deb-b0f7-cdc82e500ddd
2025-09-12 00:21:39,708 - INFO -    🔄 Looking for apply button...
2025-09-12 00:21:42,653 - INFO -    ✅ Apply button clicked (regular click)
2025-09-12 00:21:44,965 - INFO -    🔍 Checking if we're on application page...
2025-09-12 00:21:44,968 - INFO -    Current URL: https://www.dice.com/apply?eyJjb3JyZWxhdGlvbl9pZCI6IjdjOWIxNWZiLWMwMTMtNGMyOS04NmE1LTFhMTM5YzdlYmI2NSIsImRqdlZlcnNpb24iOiJuZXciLCJqb2JJZCI6IjIxMmU2NzJmLTZkOTYtNGRlYi1iMGY3LWNkYzgyZTUwMGRkZCIsImpvYlVybCI6Imh0dHBzOi8vd3d3LmRpY2UuY29tL2pvYi1kZXRhaWwvMjEyZTY3MmYtNmQ5Ni00ZGViLWIwZjctY2RjODJlNTAwZGRkIiwiam9iVGl0bGUiOiJFbWJlZGRlZCBTb2Z0d2FyZSBFbmdpbmVlciAoUlRPUy9GUEdBKSIsInNlYXJjaExpbmsiOiIifQ=%3D
2025-09-12 00:21:44,971 - INFO -    Page title: Apply
2025-09-12 00:21:49,316 - INFO -    ✅ Successfully on application page
2025-09-12 00:21:49,328 - INFO -    🔄 Looking for NEXT button...
2025-09-12 00:21:51,572 - INFO -    ✅ NEXT button clicked
2025-09-12 00:21:55,871 - INFO -    🔄 Looking for SUBMIT button...
2025-09-12 00:21:56,649 - INFO -    ✅ SUBMIT button clicked
2025-09-12 00:21:56,649 - INFO -    ✅ Successfully applied!
2025-09-12 00:22:05,511 - INFO - 🎯 [47/61] Applying to: Data Analyst, TS/SCI - LINK: https://www.dice.com/job-detail/a6a6302d-f7f7-4752-889a-c7b0bcc32684
2025-09-12 00:22:17,442 - INFO -    🔄 Looking for apply button...
2025-09-12 00:22:19,314 - INFO -    ✅ Apply button clicked (regular click)
2025-09-12 00:22:22,283 - INFO -    🔍 Checking if we're on application page...
2025-09-12 00:22:22,286 - INFO -    Current URL: https://www.dice.com/apply?eyJjb3JyZWxhdGlvbl9pZCI6ImQ3ZjljNTFhLTlkNzgtNDQyNi05ZmVlLWJjNTRhM2QxOGZiZCIsImRqdlZlcnNpb24iOiJuZXciLCJqb2JJZCI6ImE2YTYzMDJkLWY3ZjctNDc1Mi04ODlhLWM3YjBiY2MzMjY4NCIsImpvYlVybCI6Imh0dHBzOi8vd3d3LmRpY2UuY29tL2pvYi1kZXRhaWwvYTZhNjMwMmQtZjdmNy00NzUyLTg4OWEtYzdiMGJjYzMyNjg0Iiwiam9iVGl0bGUiOiJEYXRhIEFuYWx5c3QsIFRTL1NDSSIsInNlYXJjaExpbmsiOiIifQ=%3D
2025-09-12 00:22:22,289 - INFO -    Page title: Apply
2025-09-12 00:22:27,685 - INFO -    ✅ Successfully on application page
2025-09-12 00:22:27,697 - INFO -    🔄 Looking for NEXT button...
2025-09-12 00:22:30,030 - INFO -    ✅ NEXT button clicked
2025-09-12 00:22:32,357 - INFO -    🔄 Looking for SUBMIT button...
2025-09-12 00:22:33,280 - INFO -    ✅ SUBMIT button clicked
2025-09-12 00:22:33,280 - INFO -    ✅ Successfully applied!
2025-09-12 00:22:45,285 - INFO - 🎯 [48/61] Applying to: Data Analyst - Data Analytics, Vendor Management Experience - LINK: https://www.dice.com/job-detail/36c4659f-78c6-4063-9e78-8aa93fe5dc0e
2025-09-12 00:22:57,146 - INFO -    🔄 Looking for apply button...
2025-09-12 00:22:59,455 - INFO -    ✅ Apply button clicked (regular click)
2025-09-12 00:23:01,425 - INFO -    🔍 Checking if we're on application page...
2025-09-12 00:23:01,428 - INFO -    Current URL: https://www.dice.com/apply?eyJjb3JyZWxhdGlvbl9pZCI6ImY1ODY2YWIwLTRiNDAtNGYyOS1iNzc4LTM5YTg0OGVkZDdlYyIsImRqdlZlcnNpb24iOiJuZXciLCJqb2JJZCI6IjM2YzQ2NTlmLTc4YzYtNDA2My05ZTc4LThhYTkzZmU1ZGMwZSIsImpvYlVybCI6Imh0dHBzOi8vd3d3LmRpY2UuY29tL2pvYi1kZXRhaWwvMzZjNDY1OWYtNzhjNi00MDYzLTllNzgtOGFhOTNmZTVkYzBlIiwiam9iVGl0bGUiOiJEYXRhIEFuYWx5c3QgLSBEYXRhIEFuYWx5dGljcywgVmVuZG9yIE1hbmFnZW1lbnQgRXhwZXJpZW5jZSIsInNlYXJjaExpbmsiOiIifQ=%3D
2025-09-12 00:23:01,431 - INFO -    Page title: Apply
2025-09-12 00:23:06,721 - INFO -    ✅ Successfully on application page
2025-09-12 00:23:06,732 - INFO -    🔄 Looking for NEXT button...
2025-09-12 00:23:08,320 - INFO -    ✅ NEXT button clicked
2025-09-12 00:23:12,386 - INFO -    🔄 Looking for SUBMIT button...
2025-09-12 00:23:14,199 - INFO -    ✅ SUBMIT button clicked
2025-09-12 00:23:14,199 - INFO -    ✅ Successfully applied!
2025-09-12 00:23:23,194 - INFO - 🎯 [49/61] Applying to: Data Analyst Developer - LINK: https://www.dice.com/job-detail/23c6308a-065b-43f7-ac12-54ddcc34a910
2025-09-12 00:23:35,481 - WARNING -    ⚠️  Could not check application status: Message: no such element: Unable to locate element: {"method":"tag name","selector":"apply-button-wc"}
  (Session info: chrome=140.0.7339.80); For documentation on this error, please visit: https://www.selenium.dev/documentation/webdriver/troubleshooting/errors#nosuchelementexception
Stacktrace:
#0 0x55f0b0ae194a <unknown>
#1 0x55f0b05568a0 <unknown>
#2 0x55f0b05a8540 <unknown>
#3 0x55f0b05a8731 <unknown>
#4 0x55f0b05f6824 <unknown>
#5 0x55f0b05ce05d <unknown>
#6 0x55f0b05f3c23 <unknown>
#7 0x55f0b05cde03 <unknown>
#8 0x55f0b059a968 <unknown>
#9 0x55f0b059b5e1 <unknown>
#10 0x55f0b0aa5548 <unknown>
#11 0x55f0b0aa9272 <unknown>
#12 0x55f0b0a8c313 <unknown>
#13 0x55f0b0aa9dc5 <unknown>
#14 0x55f0b0a7149f <unknown>
#15 0x55f0b0ace158 <unknown>
#16 0x55f0b0ace332 <unknown>
#17 0x55f0b0ae0a53 <unknown>
#18 0x7f9fa0a9caa4 <unknown>
#19 0x7f9fa0b29c3c <unknown>

2025-09-12 00:23:38,527 - INFO -    🔄 Looking for apply button...
2025-09-12 00:23:48,687 - ERROR -    ❌ Cannot find apply button: Message: 
Stacktrace:
#0 0x55f0b0ae194a <unknown>
#1 0x55f0b05568a0 <unknown>
#2 0x55f0b05a8540 <unknown>
#3 0x55f0b05a8731 <unknown>
#4 0x55f0b05f6824 <unknown>
#5 0x55f0b05ce05d <unknown>
#6 0x55f0b05f3c23 <unknown>
#7 0x55f0b05cde03 <unknown>
#8 0x55f0b059a968 <unknown>
#9 0x55f0b059b5e1 <unknown>
#10 0x55f0b0aa5548 <unknown>
#11 0x55f0b0aa9272 <unknown>
#12 0x55f0b0a8c313 <unknown>
#13 0x55f0b0aa9dc5 <unknown>
#14 0x55f0b0a7149f <unknown>
#15 0x55f0b0ace158 <unknown>
#16 0x55f0b0ace332 <unknown>
#17 0x55f0b0ae0a53 <unknown>
#18 0x7f9fa0a9caa4 <unknown>
#19 0x7f9fa0b29c3c <unknown>

2025-09-12 00:24:00,323 - INFO - 🎯 [50/61] Applying to: Systems Architect (AI Consultant (GenAI & MLOps)) - LINK: https://www.dice.com/job-detail/92069676-e2a6-4ae2-8316-3c6b0cdf244a
2025-09-12 00:24:13,465 - INFO -    🔄 Looking for apply button...
2025-09-12 00:24:15,114 - INFO -    ✅ Apply button clicked (regular click)
2025-09-12 00:24:18,482 - INFO -    🔍 Checking if we're on application page...
2025-09-12 00:24:18,485 - INFO -    Current URL: https://www.dice.com/apply?eyJjb3JyZWxhdGlvbl9pZCI6ImYyZjQyMTIyLWI2MWYtNDQ0Mi05NmVkLTc2ZjZiMGI1MjE2NyIsImRqdlZlcnNpb24iOiJuZXciLCJqb2JJZCI6IjkyMDY5Njc2LWUyYTYtNGFlMi04MzE2LTNjNmIwY2RmMjQ0YSIsImpvYlVybCI6Imh0dHBzOi8vd3d3LmRpY2UuY29tL2pvYi1kZXRhaWwvOTIwNjk2NzYtZTJhNi00YWUyLTgzMTYtM2M2YjBjZGYyNDRhIiwiam9iVGl0bGUiOiJTeXN0ZW1zIEFyY2hpdGVjdCAoQUkgQ29uc3VsdGFudCAoR2VuQUkgJmFtcDsgTUxPcHMpKSIsInNlYXJjaExpbmsiOiIifQ=%3D
2025-09-12 00:24:18,488 - INFO -    Page title: Apply
2025-09-12 00:24:24,621 - INFO -    ✅ Successfully on application page
2025-09-12 00:24:24,634 - INFO -    🔄 Looking for NEXT button...
2025-09-12 00:24:26,306 - INFO -    ✅ NEXT button clicked
2025-09-12 00:24:29,895 - INFO -    🔄 Looking for SUBMIT button...
2025-09-12 00:24:32,307 - INFO -    ✅ SUBMIT button clicked
2025-09-12 00:24:32,307 - INFO -    ✅ Successfully applied!
2025-09-12 00:24:40,906 - INFO - 🎯 [51/61] Applying to: Python - AI Engineer // Fort WOrth, TX and Alpharetta, GA - LINK: https://www.dice.com/job-detail/56e6d3b7-5afe-4bfd-9b4e-2edf2d4981d7
2025-09-12 00:24:53,353 - INFO -    🔄 Looking for apply button...
2025-09-12 00:24:55,311 - INFO -    ✅ Apply button clicked (regular click)
2025-09-12 00:24:58,508 - INFO -    🔍 Checking if we're on application page...
2025-09-12 00:24:58,511 - INFO -    Current URL: https://www.dice.com/apply?eyJjb3JyZWxhdGlvbl9pZCI6IjhkNjY0ZDg4LWYyN2ItNGIxMS04NzJlLWIzZmQxYThkNzRiNSIsImRqdlZlcnNpb24iOiJuZXciLCJqb2JJZCI6IjU2ZTZkM2I3LTVhZmUtNGJmZC05YjRlLTJlZGYyZDQ5ODFkNyIsImpvYlVybCI6Imh0dHBzOi8vd3d3LmRpY2UuY29tL2pvYi1kZXRhaWwvNTZlNmQzYjctNWFmZS00YmZkLTliNGUtMmVkZjJkNDk4MWQ3Iiwiam9iVGl0bGUiOiJQeXRob24gLSBBSSBFbmdpbmVlciAvLyBGb3J0IFdPcnRoLCBUWCBhbmQgQWxwaGFyZXR0YSwgR0EiLCJzZWFyY2hMaW5rIjoiIn0=
2025-09-12 00:24:58,514 - INFO -    Page title: Apply
2025-09-12 00:25:03,446 - INFO -    ✅ Successfully on application page
2025-09-12 00:25:03,457 - INFO -    🔄 Looking for NEXT button...
2025-09-12 00:25:05,392 - INFO -    ✅ NEXT button clicked
2025-09-12 00:25:09,288 - INFO -    🔄 Looking for SUBMIT button...
2025-09-12 00:25:10,782 - INFO -    ✅ SUBMIT button clicked
2025-09-12 00:25:10,782 - INFO -    ✅ Successfully applied!
2025-09-12 00:25:21,808 - INFO - 🎯 [52/61] Applying to: AIML Senior Architect - LINK: https://www.dice.com/job-detail/181421c6-51a0-4b00-8faf-ab1c17f8b16f
2025-09-12 00:25:33,622 - INFO -    🔄 Looking for apply button...
2025-09-12 00:25:35,887 - INFO -    ✅ Apply button clicked (regular click)
2025-09-12 00:25:38,953 - INFO -    🔍 Checking if we're on application page...
2025-09-12 00:25:38,956 - INFO -    Current URL: https://www.dice.com/apply?eyJjb3JyZWxhdGlvbl9pZCI6IjNmZmZkNWM0LTVlYmQtNDE1OS1iNzM1LWFkNzcyNDkwYWYyMSIsImRqdlZlcnNpb24iOiJuZXciLCJqb2JJZCI6IjE4MTQyMWM2LTUxYTAtNGIwMC04ZmFmLWFiMWMxN2Y4YjE2ZiIsImpvYlVybCI6Imh0dHBzOi8vd3d3LmRpY2UuY29tL2pvYi1kZXRhaWwvMTgxNDIxYzYtNTFhMC00YjAwLThmYWYtYWIxYzE3ZjhiMTZmIiwiam9iVGl0bGUiOiJBSU1MIFNlbmlvciBBcmNoaXRlY3QiLCJzZWFyY2hMaW5rIjoiIn0=
2025-09-12 00:25:38,959 - INFO -    Page title: Apply
2025-09-12 00:25:43,424 - INFO -    ✅ Successfully on application page
2025-09-12 00:25:43,435 - INFO -    🔄 Looking for NEXT button...
2025-09-12 00:25:45,033 - INFO -    ✅ NEXT button clicked
2025-09-12 00:25:47,934 - INFO -    🔄 Looking for SUBMIT button...
2025-09-12 00:25:49,752 - INFO -    ✅ SUBMIT button clicked
2025-09-12 00:25:49,752 - INFO -    ✅ Successfully applied!
2025-09-12 00:25:58,809 - INFO - 🎯 [53/61] Applying to: Snowflake Data Engineer - LINK: https://www.dice.com/job-detail/4450cf4c-1cdc-4bd6-8138-85b125832ff0
2025-09-12 00:26:10,825 - WARNING -    ⚠️  Could not check application status: Message: no such element: Unable to locate element: {"method":"tag name","selector":"apply-button-wc"}
  (Session info: chrome=140.0.7339.80); For documentation on this error, please visit: https://www.selenium.dev/documentation/webdriver/troubleshooting/errors#nosuchelementexception
Stacktrace:
#0 0x55f0b0ae194a <unknown>
#1 0x55f0b05568a0 <unknown>
#2 0x55f0b05a8540 <unknown>
#3 0x55f0b05a8731 <unknown>
#4 0x55f0b05f6824 <unknown>
#5 0x55f0b05ce05d <unknown>
#6 0x55f0b05f3c23 <unknown>
#7 0x55f0b05cde03 <unknown>
#8 0x55f0b059a968 <unknown>
#9 0x55f0b059b5e1 <unknown>
#10 0x55f0b0aa5548 <unknown>
#11 0x55f0b0aa9272 <unknown>
#12 0x55f0b0a8c313 <unknown>
#13 0x55f0b0aa9dc5 <unknown>
#14 0x55f0b0a7149f <unknown>
#15 0x55f0b0ace158 <unknown>
#16 0x55f0b0ace332 <unknown>
#17 0x55f0b0ae0a53 <unknown>
#18 0x7f9fa0a9caa4 <unknown>
#19 0x7f9fa0b29c3c <unknown>

2025-09-12 00:26:13,871 - INFO -    🔄 Looking for apply button...
2025-09-12 00:26:23,999 - ERROR -    ❌ Cannot find apply button: Message: 
Stacktrace:
#0 0x55f0b0ae194a <unknown>
#1 0x55f0b05568a0 <unknown>
#2 0x55f0b05a8540 <unknown>
#3 0x55f0b05a8731 <unknown>
#4 0x55f0b05f6824 <unknown>
#5 0x55f0b05ce05d <unknown>
#6 0x55f0b05f3c23 <unknown>
#7 0x55f0b05cde03 <unknown>
#8 0x55f0b059a968 <unknown>
#9 0x55f0b059b5e1 <unknown>
#10 0x55f0b0aa5548 <unknown>
#11 0x55f0b0aa9272 <unknown>
#12 0x55f0b0a8c313 <unknown>
#13 0x55f0b0aa9dc5 <unknown>
#14 0x55f0b0a7149f <unknown>
#15 0x55f0b0ace158 <unknown>
#16 0x55f0b0ace332 <unknown>
#17 0x55f0b0ae0a53 <unknown>
#18 0x7f9fa0a9caa4 <unknown>
#19 0x7f9fa0b29c3c <unknown>

2025-09-12 00:26:31,763 - INFO - 🎯 [54/61] Applying to: Senior Software Engineer Python ML Engineer - LINK: https://www.dice.com/job-detail/c104b8d1-2a08-48d9-9a04-2b3af59d3945
2025-09-12 00:26:44,839 - INFO -    🔄 Looking for apply button...
2025-09-12 00:26:46,552 - INFO -    ✅ Apply button clicked (regular click)
2025-09-12 00:26:50,217 - INFO -    🔍 Checking if we're on application page...
2025-09-12 00:26:50,220 - INFO -    Current URL: https://www.dice.com/apply?eyJjb3JyZWxhdGlvbl9pZCI6IjY1YjU3ZmQzLWRjMWItNDQzZS05MmEzLWYyOThjNjBlNmJkYiIsImRqdlZlcnNpb24iOiJuZXciLCJqb2JJZCI6ImMxMDRiOGQxLTJhMDgtNDhkOS05YTA0LTJiM2FmNTlkMzk0NSIsImpvYlVybCI6Imh0dHBzOi8vd3d3LmRpY2UuY29tL2pvYi1kZXRhaWwvYzEwNGI4ZDEtMmEwOC00OGQ5LTlhMDQtMmIzYWY1OWQzOTQ1Iiwiam9iVGl0bGUiOiJTZW5pb3IgU29mdHdhcmUgRW5naW5lZXIgUHl0aG9uIE1MIEVuZ2luZWVyIiwic2VhcmNoTGluayI6IiJ9
2025-09-12 00:26:50,223 - INFO -    Page title: Apply
2025-09-12 00:26:55,508 - INFO -    ✅ Successfully on application page
2025-09-12 00:26:55,519 - INFO -    🔄 Looking for NEXT button...
2025-09-12 00:26:57,454 - INFO -    ✅ NEXT button clicked
2025-09-12 00:26:59,631 - INFO -    🔄 Looking for SUBMIT button...
2025-09-12 00:27:01,440 - INFO -    ✅ SUBMIT button clicked
2025-09-12 00:27:01,440 - INFO -    ✅ Successfully applied!
2025-09-12 00:27:13,182 - INFO - 🎯 [55/61] Applying to: Software Engineer - LINK: https://www.dice.com/job-detail/5fd83260-284a-4ec0-9a5f-7e846f5e274c
2025-09-12 00:27:24,559 - INFO -    🔄 Looking for apply button...
2025-09-12 00:27:26,736 - INFO -    ✅ Apply button clicked (regular click)
2025-09-12 00:27:28,727 - INFO -    🔍 Checking if we're on application page...
2025-09-12 00:27:28,730 - INFO -    Current URL: https://www.dice.com/apply?eyJjb3JyZWxhdGlvbl9pZCI6Ijk5MzhhN2MzLWUyODUtNDU1OS1iZTc3LTQ4ZWQ1MmNkYTZhZSIsImRqdlZlcnNpb24iOiJuZXciLCJqb2JJZCI6IjVmZDgzMjYwLTI4NGEtNGVjMC05YTVmLTdlODQ2ZjVlMjc0YyIsImpvYlVybCI6Imh0dHBzOi8vd3d3LmRpY2UuY29tL2pvYi1kZXRhaWwvNWZkODMyNjAtMjg0YS00ZWMwLTlhNWYtN2U4NDZmNWUyNzRjIiwiam9iVGl0bGUiOiJTb2Z0d2FyZSBFbmdpbmVlciIsInNlYXJjaExpbmsiOiIifQ=%3D
2025-09-12 00:27:28,733 - INFO -    Page title: Apply
2025-09-12 00:27:33,989 - INFO -    ✅ Successfully on application page
2025-09-12 00:27:34,000 - INFO -    🔄 Looking for NEXT button...
2025-09-12 00:27:36,051 - INFO -    ✅ NEXT button clicked
2025-09-12 00:27:37,883 - INFO -    🔄 Looking for SUBMIT button...
2025-09-12 00:27:39,842 - INFO -    ✅ SUBMIT button clicked
2025-09-12 00:27:39,843 - INFO -    ✅ Successfully applied!
2025-09-12 00:27:47,196 - INFO - 🎯 [56/61] Applying to: Data Engineer - LINK: https://www.dice.com/job-detail/70722bd1-da0a-41e7-a8f1-942b347e95ad
2025-09-12 00:27:59,420 - INFO -    🔄 Looking for apply button...
2025-09-12 00:28:02,002 - INFO -    ✅ Apply button clicked (regular click)
2025-09-12 00:28:04,536 - INFO -    🔍 Checking if we're on application page...
2025-09-12 00:28:04,539 - INFO -    Current URL: https://www.dice.com/apply?eyJjb3JyZWxhdGlvbl9pZCI6IjZmMjI3ZWU1LWQ0NWItNDEwZC1iMGQ3LThhMDk2ODI3Y2Y5MCIsImRqdlZlcnNpb24iOiJuZXciLCJqb2JJZCI6IjcwNzIyYmQxLWRhMGEtNDFlNy1hOGYxLTk0MmIzNDdlOTVhZCIsImpvYlVybCI6Imh0dHBzOi8vd3d3LmRpY2UuY29tL2pvYi1kZXRhaWwvNzA3MjJiZDEtZGEwYS00MWU3LWE4ZjEtOTQyYjM0N2U5NWFkIiwiam9iVGl0bGUiOiJEYXRhIEVuZ2luZWVyIiwic2VhcmNoTGluayI6IiJ9
2025-09-12 00:28:04,542 - INFO -    Page title: Apply
2025-09-12 00:28:10,086 - INFO -    ✅ Successfully on application page
2025-09-12 00:28:10,098 - INFO -    🔄 Looking for NEXT button...
2025-09-12 00:28:11,324 - INFO -    ✅ NEXT button clicked
2025-09-12 00:28:14,460 - INFO -    🔄 Looking for SUBMIT button...
2025-09-12 00:28:16,757 - INFO -    ✅ SUBMIT button clicked
2025-09-12 00:28:16,757 - INFO -    ✅ Successfully applied!
2025-09-12 00:28:30,759 - INFO - 🎯 [57/61] Applying to: Business Analyst - LINK: https://www.dice.com/job-detail/f353cbf5-463d-40d6-9de1-a9aaff70f811
2025-09-12 00:28:43,370 - INFO -    🔄 Looking for apply button...
2025-09-12 00:28:46,064 - INFO -    ✅ Apply button clicked (regular click)
2025-09-12 00:28:49,303 - INFO -    🔍 Checking if we're on application page...
2025-09-12 00:28:49,306 - INFO -    Current URL: https://www.dice.com/apply?eyJjb3JyZWxhdGlvbl9pZCI6IjE0MzhlOWFiLWM5ZGMtNDY2Yi05YmQzLThjZGY4ZjhlMzRkYyIsImRqdlZlcnNpb24iOiJuZXciLCJqb2JJZCI6ImYzNTNjYmY1LTQ2M2QtNDBkNi05ZGUxLWE5YWFmZjcwZjgxMSIsImpvYlVybCI6Imh0dHBzOi8vd3d3LmRpY2UuY29tL2pvYi1kZXRhaWwvZjM1M2NiZjUtNDYzZC00MGQ2LTlkZTEtYTlhYWZmNzBmODExIiwiam9iVGl0bGUiOiJCdXNpbmVzcyBBbmFseXN0Iiwic2VhcmNoTGluayI6IiJ9
2025-09-12 00:28:49,309 - INFO -    Page title: Apply
2025-09-12 00:28:53,748 - INFO -    ✅ Successfully on application page
2025-09-12 00:28:53,760 - INFO -    🔄 Looking for NEXT button...
2025-09-12 00:28:55,258 - INFO -    ✅ NEXT button clicked
2025-09-12 00:28:59,093 - INFO -    🔄 Looking for SUBMIT button...
2025-09-12 00:29:02,020 - INFO -    ✅ SUBMIT button clicked
2025-09-12 00:29:02,020 - INFO -    ✅ Successfully applied!
2025-09-12 00:29:13,993 - INFO - 🎯 [58/61] Applying to: Data Engineer - LINK: https://www.dice.com/job-detail/adfefb66-0944-4f7a-bf3d-cb1a4242b448
2025-09-12 00:29:26,561 - WARNING -    ⚠️  Could not check application status: Message: no such element: Unable to locate element: {"method":"tag name","selector":"apply-button-wc"}
  (Session info: chrome=140.0.7339.80); For documentation on this error, please visit: https://www.selenium.dev/documentation/webdriver/troubleshooting/errors#nosuchelementexception
Stacktrace:
#0 0x55f0b0ae194a <unknown>
#1 0x55f0b05568a0 <unknown>
#2 0x55f0b05a8540 <unknown>
#3 0x55f0b05a8731 <unknown>
#4 0x55f0b05f6824 <unknown>
#5 0x55f0b05ce05d <unknown>
#6 0x55f0b05f3c23 <unknown>
#7 0x55f0b05cde03 <unknown>
#8 0x55f0b059a968 <unknown>
#9 0x55f0b059b5e1 <unknown>
#10 0x55f0b0aa5548 <unknown>
#11 0x55f0b0aa9272 <unknown>
#12 0x55f0b0a8c313 <unknown>
#13 0x55f0b0aa9dc5 <unknown>
#14 0x55f0b0a7149f <unknown>
#15 0x55f0b0ace158 <unknown>
#16 0x55f0b0ace332 <unknown>
#17 0x55f0b0ae0a53 <unknown>
#18 0x7f9fa0a9caa4 <unknown>
#19 0x7f9fa0b29c3c <unknown>

2025-09-12 00:29:29,606 - INFO -    🔄 Looking for apply button...
2025-09-12 00:29:39,753 - ERROR -    ❌ Cannot find apply button: Message: 
Stacktrace:
#0 0x55f0b0ae194a <unknown>
#1 0x55f0b05568a0 <unknown>
#2 0x55f0b05a8540 <unknown>
#3 0x55f0b05a8731 <unknown>
#4 0x55f0b05f6824 <unknown>
#5 0x55f0b05ce05d <unknown>
#6 0x55f0b05f3c23 <unknown>
#7 0x55f0b05cde03 <unknown>
#8 0x55f0b059a968 <unknown>
#9 0x55f0b059b5e1 <unknown>
#10 0x55f0b0aa5548 <unknown>
#11 0x55f0b0aa9272 <unknown>
#12 0x55f0b0a8c313 <unknown>
#13 0x55f0b0aa9dc5 <unknown>
#14 0x55f0b0a7149f <unknown>
#15 0x55f0b0ace158 <unknown>
#16 0x55f0b0ace332 <unknown>
#17 0x55f0b0ae0a53 <unknown>
#18 0x7f9fa0a9caa4 <unknown>
#19 0x7f9fa0b29c3c <unknown>

2025-09-12 00:29:51,082 - INFO - 🎯 [59/61] Applying to: Big Data Engineer with AWS - ONLY W2 - ONLY DC, MD, VA - LINK: https://www.dice.com/job-detail/c6ec3537-35af-4d2f-bdf9-450af37faa75
2025-09-12 00:30:01,987 - INFO -    🔄 Looking for apply button...
2025-09-12 00:30:04,354 - INFO -    ✅ Apply button clicked (regular click)
2025-09-12 00:30:08,080 - INFO -    🔍 Checking if we're on application page...
2025-09-12 00:30:08,083 - INFO -    Current URL: https://www.dice.com/apply?eyJjb3JyZWxhdGlvbl9pZCI6ImM0YzkxOTRmLWFiNWItNGE5OS05YzFmLWUxZThhMGQxZmQ2ZSIsImRqdlZlcnNpb24iOiJuZXciLCJqb2JJZCI6ImM2ZWMzNTM3LTM1YWYtNGQyZi1iZGY5LTQ1MGFmMzdmYWE3NSIsImpvYlVybCI6Imh0dHBzOi8vd3d3LmRpY2UuY29tL2pvYi1kZXRhaWwvYzZlYzM1MzctMzVhZi00ZDJmLWJkZjktNDUwYWYzN2ZhYTc1Iiwiam9iVGl0bGUiOiJCaWcgRGF0YSBFbmdpbmVlciB3aXRoIEFXUyAtIE9OTFkgVzIgLSBPTkxZIERDLCBNRCwgVkEiLCJzZWFyY2hMaW5rIjoiIn0=
2025-09-12 00:30:08,087 - INFO -    Page title: Apply
2025-09-12 00:30:14,366 - INFO -    ✅ Successfully on application page
2025-09-12 00:30:14,377 - INFO -    🔄 Looking for NEXT button...
2025-09-12 00:30:15,599 - INFO -    ✅ NEXT button clicked
2025-09-12 00:30:18,130 - INFO -    🔄 Looking for SUBMIT button...
2025-09-12 00:30:19,269 - INFO -    ✅ SUBMIT button clicked
2025-09-12 00:30:19,270 - INFO -    ✅ Successfully applied!
2025-09-12 00:30:31,985 - INFO - 🎯 [60/61] Applying to: Senior Business Analyst (State/Government IT focus) - LINK: https://www.dice.com/job-detail/8ef3f41c-e582-43ef-a73e-6a891abeb5e6
2025-09-12 00:30:46,012 - WARNING -    ⚠️  Could not check application status: Message: no such element: Unable to locate element: {"method":"tag name","selector":"apply-button-wc"}
  (Session info: chrome=140.0.7339.80); For documentation on this error, please visit: https://www.selenium.dev/documentation/webdriver/troubleshooting/errors#nosuchelementexception
Stacktrace:
#0 0x55f0b0ae194a <unknown>
#1 0x55f0b05568a0 <unknown>
#2 0x55f0b05a8540 <unknown>
#3 0x55f0b05a8731 <unknown>
#4 0x55f0b05f6824 <unknown>
#5 0x55f0b05ce05d <unknown>
#6 0x55f0b05f3c23 <unknown>
#7 0x55f0b05cde03 <unknown>
#8 0x55f0b059a968 <unknown>
#9 0x55f0b059b5e1 <unknown>
#10 0x55f0b0aa5548 <unknown>
#11 0x55f0b0aa9272 <unknown>
#12 0x55f0b0a8c313 <unknown>
#13 0x55f0b0aa9dc5 <unknown>
#14 0x55f0b0a7149f <unknown>
#15 0x55f0b0ace158 <unknown>
#16 0x55f0b0ace332 <unknown>
#17 0x55f0b0ae0a53 <unknown>
#18 0x7f9fa0a9caa4 <unknown>
#19 0x7f9fa0b29c3c <unknown>

2025-09-12 00:30:49,046 - INFO -    🔄 Looking for apply button...
2025-09-12 00:30:59,186 - ERROR -    ❌ Cannot find apply button: Message: 
Stacktrace:
#0 0x55f0b0ae194a <unknown>
#1 0x55f0b05568a0 <unknown>
#2 0x55f0b05a8540 <unknown>
#3 0x55f0b05a8731 <unknown>
#4 0x55f0b05f6824 <unknown>
#5 0x55f0b05ce05d <unknown>
#6 0x55f0b05f3c23 <unknown>
#7 0x55f0b05cde03 <unknown>
#8 0x55f0b059a968 <unknown>
#9 0x55f0b059b5e1 <unknown>
#10 0x55f0b0aa5548 <unknown>
#11 0x55f0b0aa9272 <unknown>
#12 0x55f0b0a8c313 <unknown>
#13 0x55f0b0aa9dc5 <unknown>
#14 0x55f0b0a7149f <unknown>
#15 0x55f0b0ace158 <unknown>
#16 0x55f0b0ace332 <unknown>
#17 0x55f0b0ae0a53 <unknown>
#18 0x7f9fa0a9caa4 <unknown>
#19 0x7f9fa0b29c3c <unknown>

2025-09-12 00:31:06,449 - INFO - 🎯 [61/61] Applying to: Senior Data Engineer, Cloud - LINK: https://www.dice.com/job-detail/19e8e5ad-6ec0-42d9-9f2d-6bc4c32833d5
2025-09-12 00:31:18,766 - INFO -    🔄 Looking for apply button...
2025-09-12 00:31:21,341 - INFO -    ✅ Apply button clicked (regular click)
2025-09-12 00:31:24,050 - INFO -    🔍 Checking if we're on application page...
2025-09-12 00:31:24,053 - INFO -    Current URL: https://www.dice.com/apply?eyJjb3JyZWxhdGlvbl9pZCI6IjhlNjc2M2ZhLWVjZDgtNGM0Yi05NWM2LWE4ZDUyMjNkMWVhYSIsImRqdlZlcnNpb24iOiJuZXciLCJqb2JJZCI6IjE5ZThlNWFkLTZlYzAtNDJkOS05ZjJkLTZiYzRjMzI4MzNkNSIsImpvYlVybCI6Imh0dHBzOi8vd3d3LmRpY2UuY29tL2pvYi1kZXRhaWwvMTllOGU1YWQtNmVjMC00MmQ5LTlmMmQtNmJjNGMzMjgzM2Q1Iiwiam9iVGl0bGUiOiJTZW5pb3IgRGF0YSBFbmdpbmVlciwgQ2xvdWQiLCJzZWFyY2hMaW5rIjoiIn0=
2025-09-12 00:31:24,057 - INFO -    Page title: Apply
2025-09-12 00:31:28,050 - INFO -    ✅ Successfully on application page
2025-09-12 00:31:28,061 - INFO -    🔄 Looking for NEXT button...
2025-09-12 00:31:30,910 - INFO -    ✅ NEXT button clicked
2025-09-12 00:31:34,089 - INFO -    🔄 Looking for SUBMIT button...
2025-09-12 00:31:34,995 - INFO -    ✅ SUBMIT button clicked
2025-09-12 00:31:34,995 - INFO -    ✅ Successfully applied!
2025-09-12 00:31:38,179 - INFO - 📊 Processing results...
2025-09-12 00:31:38,212 - INFO - 🎉 Application run completed!
2025-09-12 00:31:38,212 - INFO -    ✅ Newly applied: 52
2025-09-12 00:31:38,212 - INFO -    ⏭️  Already applied: 0
2025-09-12 00:31:38,212 - INFO -    ❌ Failed: 9
2025-09-12 00:31:38,212 - INFO -    📊 Total processed: 61
2025-09-12 00:31:38,212 - INFO -    📁 Total jobs in CSV: 2460
2025-09-12 00:31:38,212 - INFO -    💾 Updated: output/final_ml_jobs.csv
2025-09-12 00:31:38,213 - INFO - 🔧 Closing browser...
