2025-08-08 14:11:21,371 - INFO - 🚀 Starting stealth job application bot
2025-08-08 14:11:28,329 - INFO - 📂 Loading jobs from output/final_ml_jobs.csv
2025-08-08 14:11:28,367 - INFO -    📊 Total jobs in file: 4874
2025-08-08 14:11:28,370 - INFO -    🎯 Easy Apply jobs: 4874
2025-08-08 14:11:28,372 - INFO -    ⏳ Jobs to process: 694 (status: pending)
2025-08-08 14:11:28,372 - INFO - 🎲 Will attempt 97 applications this run (target: 97)
2025-08-08 14:11:28,372 - INFO - 🔑 Logging into Dice...
2025-08-08 14:11:31,052 - INFO - ✅ Login successful
2025-08-08 14:11:33,703 - INFO - 🔄 Starting job applications...
2025-08-08 14:11:33,703 - INFO - 🎯 [1/97] Applying to: Data Analyst III - LINK: https://www.dice.com/job-detail/8e600490-c679-45b1-bf85-e7287381f1e4
2025-08-08 14:11:49,813 - INFO -    ✅ Successfully applied!
2025-08-08 14:11:56,952 - INFO - 🎯 [2/97] Applying to: Jr Software Engineer - LINK: https://www.dice.com/job-detail/4f6042c2-e67a-4d72-b4b1-8c49742d8352
2025-08-08 14:12:11,676 - INFO -    ✅ Successfully applied!
2025-08-08 14:12:21,231 - INFO - 🎯 [3/97] Applying to: Data Engineer (Onsite) - Detroit MI - LINK: https://www.dice.com/job-detail/895381ed-35e1-47aa-9cb9-9b0221621ce7
2025-08-08 14:12:33,695 - INFO -    ✅ Successfully applied!
2025-08-08 14:12:39,341 - INFO - 🎯 [4/97] Applying to: Fullstack Developer - LINK: https://www.dice.com/job-detail/bb530102-80d5-432b-a9d3-d3430a7d6686
2025-08-08 14:12:53,847 - INFO -    ✅ Successfully applied!
2025-08-08 14:13:03,973 - INFO - 🎯 [5/97] Applying to: Snowflake Data Engineer - LINK: https://www.dice.com/job-detail/25934fac-ca54-4a82-b805-4c6dc01bddd7
2025-08-08 14:13:22,772 - ERROR -    ❌ Cannot click apply button: Message: 
Stacktrace:
#0 0x55e4fdd222ca <unknown>
#1 0x55e4fd7c9550 <unknown>
#2 0x55e4fd81b0f0 <unknown>
#3 0x55e4fd81b2e1 <unknown>
#4 0x55e4fd8695e4 <unknown>
#5 0x55e4fd840bed <unknown>
#6 0x55e4fd8669e6 <unknown>
#7 0x55e4fd840993 <unknown>
#8 0x55e4fd80cd6b <unknown>
#9 0x55e4fd80e141 <unknown>
#10 0x55e4fdce72ab <unknown>
#11 0x55e4fdceb0b9 <unknown>
#12 0x55e4fdcce139 <unknown>
#13 0x55e4fdcebc68 <unknown>
#14 0x55e4fdcb260f <unknown>
#15 0x55e4fdd101f8 <unknown>
#16 0x55e4fdd103d6 <unknown>
#17 0x55e4fdd215e6 <unknown>
#18 0x7f5e2829caa4 <unknown>
#19 0x7f5e28329c3c <unknown>

2025-08-08 14:13:33,199 - INFO - 🎯 [6/97] Applying to: Graph Engineer - Jersey City, NJ/Tampa, FL/Dallas, TX - LINK: https://www.dice.com/job-detail/baaa4f19-10e8-4b1b-98f7-55caa447de09
2025-08-08 14:13:49,145 - INFO -    ✅ Successfully applied!
2025-08-08 14:13:58,567 - INFO - 🎯 [7/97] Applying to: .NET Full Stack Developer - LINK: https://www.dice.com/job-detail/76bc2eb8-c8b4-4bb0-86e6-7fdbd4de197b
2025-08-08 14:14:17,724 - ERROR -    ❌ Cannot click apply button: Message: 
Stacktrace:
#0 0x55e4fdd222ca <unknown>
#1 0x55e4fd7c9550 <unknown>
#2 0x55e4fd81b0f0 <unknown>
#3 0x55e4fd81b2e1 <unknown>
#4 0x55e4fd8695e4 <unknown>
#5 0x55e4fd840bed <unknown>
#6 0x55e4fd8669e6 <unknown>
#7 0x55e4fd840993 <unknown>
#8 0x55e4fd80cd6b <unknown>
#9 0x55e4fd80e141 <unknown>
#10 0x55e4fdce72ab <unknown>
#11 0x55e4fdceb0b9 <unknown>
#12 0x55e4fdcce139 <unknown>
#13 0x55e4fdcebc68 <unknown>
#14 0x55e4fdcb260f <unknown>
#15 0x55e4fdd101f8 <unknown>
#16 0x55e4fdd103d6 <unknown>
#17 0x55e4fdd215e6 <unknown>
#18 0x7f5e2829caa4 <unknown>
#19 0x7f5e28329c3c <unknown>

2025-08-08 14:14:29,969 - INFO - 🎯 [8/97] Applying to: Jr. Angular Developer - LINK: https://www.dice.com/job-detail/4f17cec7-9bb0-43e5-ad08-183db11b66f4
2025-08-08 14:14:45,306 - INFO -    ✅ Successfully applied!
2025-08-08 14:14:53,400 - INFO - 🎯 [9/97] Applying to: Security Engineer - LINK: https://www.dice.com/job-detail/85d42881-e47e-4427-be7d-e5ba786938b9
2025-08-08 14:15:12,260 - ERROR -    ❌ Cannot click apply button: Message: 
Stacktrace:
#0 0x55e4fdd222ca <unknown>
#1 0x55e4fd7c9550 <unknown>
#2 0x55e4fd81b0f0 <unknown>
#3 0x55e4fd81b2e1 <unknown>
#4 0x55e4fd8695e4 <unknown>
#5 0x55e4fd840bed <unknown>
#6 0x55e4fd8669e6 <unknown>
#7 0x55e4fd840993 <unknown>
#8 0x55e4fd80cd6b <unknown>
#9 0x55e4fd80e141 <unknown>
#10 0x55e4fdce72ab <unknown>
#11 0x55e4fdceb0b9 <unknown>
#12 0x55e4fdcce139 <unknown>
#13 0x55e4fdcebc68 <unknown>
#14 0x55e4fdcb260f <unknown>
#15 0x55e4fdd101f8 <unknown>
#16 0x55e4fdd103d6 <unknown>
#17 0x55e4fdd215e6 <unknown>
#18 0x7f5e2829caa4 <unknown>
#19 0x7f5e28329c3c <unknown>

2025-08-08 14:15:22,287 - INFO - 🎯 [10/97] Applying to: MLOps Engineer - LINK: https://www.dice.com/job-detail/a169ee04-b09a-494b-9795-e145c73c83a5
2025-08-08 14:15:38,332 - INFO -    ✅ Successfully applied!
2025-08-08 14:15:47,198 - INFO - 🎯 [11/97] Applying to: Junior UI Developer - LINK: https://www.dice.com/job-detail/2ac52bc8-1886-441f-953b-ea458c4be4bb
2025-08-08 14:16:06,045 - ERROR -    ❌ Cannot click apply button: Message: 
Stacktrace:
#0 0x55e4fdd222ca <unknown>
#1 0x55e4fd7c9550 <unknown>
#2 0x55e4fd81b0f0 <unknown>
#3 0x55e4fd81b2e1 <unknown>
#4 0x55e4fd8695e4 <unknown>
#5 0x55e4fd840bed <unknown>
#6 0x55e4fd8669e6 <unknown>
#7 0x55e4fd840993 <unknown>
#8 0x55e4fd80cd6b <unknown>
#9 0x55e4fd80e141 <unknown>
#10 0x55e4fdce72ab <unknown>
#11 0x55e4fdceb0b9 <unknown>
#12 0x55e4fdcce139 <unknown>
#13 0x55e4fdcebc68 <unknown>
#14 0x55e4fdcb260f <unknown>
#15 0x55e4fdd101f8 <unknown>
#16 0x55e4fdd103d6 <unknown>
#17 0x55e4fdd215e6 <unknown>
#18 0x7f5e2829caa4 <unknown>
#19 0x7f5e28329c3c <unknown>

2025-08-08 14:16:15,786 - INFO - 🎯 [12/97] Applying to: Fortinet Firewall Engineer - LINK: https://www.dice.com/job-detail/4afc43b2-8119-4c49-af98-05481213e2ed
2025-08-08 14:16:34,977 - ERROR -    ❌ Cannot click apply button: Message: 
Stacktrace:
#0 0x55e4fdd222ca <unknown>
#1 0x55e4fd7c9550 <unknown>
#2 0x55e4fd81b0f0 <unknown>
#3 0x55e4fd81b2e1 <unknown>
#4 0x55e4fd8695e4 <unknown>
#5 0x55e4fd840bed <unknown>
#6 0x55e4fd8669e6 <unknown>
#7 0x55e4fd840993 <unknown>
#8 0x55e4fd80cd6b <unknown>
#9 0x55e4fd80e141 <unknown>
#10 0x55e4fdce72ab <unknown>
#11 0x55e4fdceb0b9 <unknown>
#12 0x55e4fdcce139 <unknown>
#13 0x55e4fdcebc68 <unknown>
#14 0x55e4fdcb260f <unknown>
#15 0x55e4fdd101f8 <unknown>
#16 0x55e4fdd103d6 <unknown>
#17 0x55e4fdd215e6 <unknown>
#18 0x7f5e2829caa4 <unknown>
#19 0x7f5e28329c3c <unknown>

2025-08-08 14:16:46,056 - INFO - 🎯 [13/97] Applying to: Electrical Engineer I (Junior) - LINK: https://www.dice.com/job-detail/1851a450-1b1a-4474-b2c3-caec25f2a704
2025-08-08 14:17:01,502 - INFO -    ✅ Successfully applied!
2025-08-08 14:17:11,165 - INFO - 🎯 [14/97] Applying to: Business Analyst -Enrollment Eligibility-Healthplan Administration-Fully Remote !! - LINK: https://www.dice.com/job-detail/6d81a9dd-c195-487c-a23d-af80e6a66ad5
2025-08-08 14:17:26,405 - INFO -    ✅ Successfully applied!
2025-08-08 14:17:36,560 - INFO - 🎯 [15/97] Applying to: WebMethods Lead / Architect - LINK: https://www.dice.com/job-detail/4bdfeb75-14fc-479e-b94b-196700d7a30a
2025-08-08 14:17:51,963 - INFO -    ✅ Successfully applied!
2025-08-08 14:17:59,227 - INFO - 🎯 [16/97] Applying to: Palantir Trained Data Scientist !!! Jersey City, NJ (Onsite) W2 consultants preferable - LINK: https://www.dice.com/job-detail/f3ec2f24-e717-4dd0-bf99-1dc68d32c6cc
2025-08-08 14:18:13,799 - INFO -    ✅ Successfully applied!
2025-08-08 14:18:24,130 - INFO - 🎯 [17/97] Applying to: Embedded Software Engineer - LINK: https://www.dice.com/job-detail/a7ef0f60-4e00-4a3b-8ff2-7ec9f42700de
2025-08-08 14:18:40,202 - INFO -    ✅ Successfully applied!
2025-08-08 14:18:49,958 - INFO - 🎯 [18/97] Applying to: Data Analytics & Engineering - Data Analyst V - LINK: https://www.dice.com/job-detail/05809ddc-1249-479e-b1c8-654acf225ae7
2025-08-08 14:19:06,264 - INFO -    ✅ Successfully applied!
2025-08-08 14:19:16,358 - INFO - 🎯 [19/97] Applying to: SAP ABAP Technical Consultant with exp in PM/SM/PS Modules - LINK: https://www.dice.com/job-detail/c3363964-185a-426d-9e08-d6d8c958a1db
2025-08-08 14:19:35,039 - ERROR -    ❌ Cannot click apply button: Message: 
Stacktrace:
#0 0x55e4fdd222ca <unknown>
#1 0x55e4fd7c9550 <unknown>
#2 0x55e4fd81b0f0 <unknown>
#3 0x55e4fd81b2e1 <unknown>
#4 0x55e4fd8695e4 <unknown>
#5 0x55e4fd840bed <unknown>
#6 0x55e4fd8669e6 <unknown>
#7 0x55e4fd840993 <unknown>
#8 0x55e4fd80cd6b <unknown>
#9 0x55e4fd80e141 <unknown>
#10 0x55e4fdce72ab <unknown>
#11 0x55e4fdceb0b9 <unknown>
#12 0x55e4fdcce139 <unknown>
#13 0x55e4fdcebc68 <unknown>
#14 0x55e4fdcb260f <unknown>
#15 0x55e4fdd101f8 <unknown>
#16 0x55e4fdd103d6 <unknown>
#17 0x55e4fdd215e6 <unknown>
#18 0x7f5e2829caa4 <unknown>
#19 0x7f5e28329c3c <unknown>

2025-08-08 14:19:46,045 - INFO - 🎯 [20/97] Applying to: Sr Data engineer with Unity Catalog - LINK: https://www.dice.com/job-detail/9ffadf17-8e58-4920-a2fd-008969cee20d
2025-08-08 14:19:58,959 - INFO -    ✅ Successfully applied!
2025-08-08 14:20:09,349 - INFO - 🎯 [21/97] Applying to: Sr. Data Engineer - LINK: https://www.dice.com/job-detail/dfcd7fb6-ee62-4d29-849a-14ca4416abe4
2025-08-08 14:20:28,061 - ERROR -    ❌ Cannot click apply button: Message: 
Stacktrace:
#0 0x55e4fdd222ca <unknown>
#1 0x55e4fd7c9550 <unknown>
#2 0x55e4fd81b0f0 <unknown>
#3 0x55e4fd81b2e1 <unknown>
#4 0x55e4fd8695e4 <unknown>
#5 0x55e4fd840bed <unknown>
#6 0x55e4fd8669e6 <unknown>
#7 0x55e4fd840993 <unknown>
#8 0x55e4fd80cd6b <unknown>
#9 0x55e4fd80e141 <unknown>
#10 0x55e4fdce72ab <unknown>
#11 0x55e4fdceb0b9 <unknown>
#12 0x55e4fdcce139 <unknown>
#13 0x55e4fdcebc68 <unknown>
#14 0x55e4fdcb260f <unknown>
#15 0x55e4fdd101f8 <unknown>
#16 0x55e4fdd103d6 <unknown>
#17 0x55e4fdd215e6 <unknown>
#18 0x7f5e2829caa4 <unknown>
#19 0x7f5e28329c3c <unknown>

2025-08-08 14:20:40,253 - INFO - 🎯 [22/97] Applying to: Senior Microsoft power platform developer/ Local to NY - LINK: https://www.dice.com/job-detail/bf855b42-656b-401f-8934-98373dbc7263
2025-08-08 14:20:59,009 - ERROR -    ❌ Cannot click apply button: Message: 
Stacktrace:
#0 0x55e4fdd222ca <unknown>
#1 0x55e4fd7c9550 <unknown>
#2 0x55e4fd81b0f0 <unknown>
#3 0x55e4fd81b2e1 <unknown>
#4 0x55e4fd8695e4 <unknown>
#5 0x55e4fd840bed <unknown>
#6 0x55e4fd8669e6 <unknown>
#7 0x55e4fd840993 <unknown>
#8 0x55e4fd80cd6b <unknown>
#9 0x55e4fd80e141 <unknown>
#10 0x55e4fdce72ab <unknown>
#11 0x55e4fdceb0b9 <unknown>
#12 0x55e4fdcce139 <unknown>
#13 0x55e4fdcebc68 <unknown>
#14 0x55e4fdcb260f <unknown>
#15 0x55e4fdd101f8 <unknown>
#16 0x55e4fdd103d6 <unknown>
#17 0x55e4fdd215e6 <unknown>
#18 0x7f5e2829caa4 <unknown>
#19 0x7f5e28329c3c <unknown>

2025-08-08 14:21:11,562 - INFO - 🎯 [23/97] Applying to: Technical Product Manager - Generative AI, Gen AI - (Innovation Labs Group) - LINK: https://www.dice.com/job-detail/c326b632-33cb-4dc9-b54f-f983fb918e1c
2025-08-08 14:21:26,440 - INFO -    ✅ Successfully applied!
2025-08-08 14:21:34,889 - INFO - 🎯 [24/97] Applying to: Sr .NET Engineer - LINK: https://www.dice.com/job-detail/cdae27e2-4b31-426d-b49c-98a16a31c7ee
2025-08-08 14:21:50,695 - INFO -    ✅ Successfully applied!
2025-08-08 14:21:57,573 - INFO - 🎯 [25/97] Applying to: System Engineer - LINK: https://www.dice.com/job-detail/b684cae6-9a24-4943-8eae-fdd0e73996ca
2025-08-08 14:22:15,854 - ERROR -    ❌ Cannot click apply button: Message: 
Stacktrace:
#0 0x55e4fdd222ca <unknown>
#1 0x55e4fd7c9550 <unknown>
#2 0x55e4fd81b0f0 <unknown>
#3 0x55e4fd81b2e1 <unknown>
#4 0x55e4fd8695e4 <unknown>
#5 0x55e4fd840bed <unknown>
#6 0x55e4fd8669e6 <unknown>
#7 0x55e4fd840993 <unknown>
#8 0x55e4fd80cd6b <unknown>
#9 0x55e4fd80e141 <unknown>
#10 0x55e4fdce72ab <unknown>
#11 0x55e4fdceb0b9 <unknown>
#12 0x55e4fdcce139 <unknown>
#13 0x55e4fdcebc68 <unknown>
#14 0x55e4fdcb260f <unknown>
#15 0x55e4fdd101f8 <unknown>
#16 0x55e4fdd103d6 <unknown>
#17 0x55e4fdd215e6 <unknown>
#18 0x7f5e2829caa4 <unknown>
#19 0x7f5e28329c3c <unknown>

2025-08-08 14:22:27,789 - INFO - 🎯 [26/97] Applying to: Front End Software Engineer - LINK: https://www.dice.com/job-detail/a089cbca-ef51-4136-a13f-2f16174b7c6d
2025-08-08 14:22:43,150 - INFO -    ✅ Successfully applied!
2025-08-08 14:22:56,001 - INFO - 🎯 [27/97] Applying to: Aws Data Engineer - LINK: https://www.dice.com/job-detail/7c5b4acf-c7ff-4381-a6df-3f3b58b30afe
2025-08-08 14:23:11,634 - INFO -    ✅ Successfully applied!
2025-08-08 14:23:19,405 - INFO - 🎯 [28/97] Applying to: Teamcentre + Gen AI - LINK: https://www.dice.com/job-detail/73919f7c-ff02-47bd-a72f-96ee68c5b463
2025-08-08 14:23:33,325 - INFO -    ✅ Successfully applied!
2025-08-08 14:23:44,196 - INFO - 🎯 [29/97] Applying to: Python API Developer with AWS - Hartford, CT (Hybrid 3 days office) - LINK: https://www.dice.com/job-detail/8af7f6c3-4f9f-4c56-a8c7-02e2cb856f37
2025-08-08 14:23:58,759 - INFO -    ✅ Successfully applied!
2025-08-08 14:24:12,546 - INFO - 🎯 [30/97] Applying to: Technical Business Analyst - 100 % Remote - LINK: https://www.dice.com/job-detail/be6851f9-e262-42a8-8bfb-daee51af72bb
2025-08-08 14:24:31,071 - INFO -    ✅ Successfully applied!
2025-08-08 14:24:42,372 - INFO - 🎯 [31/97] Applying to: Senior AI Specialist - LINK: https://www.dice.com/job-detail/9238f61a-fdb9-4d25-a264-9b79931bd346
2025-08-08 14:24:57,923 - INFO -    ✅ Successfully applied!
2025-08-08 14:25:08,034 - INFO - 🎯 [32/97] Applying to: Agentic AI Lead - LINK: https://www.dice.com/job-detail/94713bb8-7221-4aed-b0d5-f78e3ccc088f
2025-08-08 14:25:23,569 - INFO -    ✅ Successfully applied!
2025-08-08 14:25:34,383 - INFO - 🎯 [33/97] Applying to: Sr Lead Data Engineer/ Architect - LINK: https://www.dice.com/job-detail/9f07551a-554a-4732-b752-17af205f1490
2025-08-08 14:25:53,472 - ERROR -    ❌ Cannot click apply button: Message: 
Stacktrace:
#0 0x55e4fdd222ca <unknown>
#1 0x55e4fd7c9550 <unknown>
#2 0x55e4fd81b0f0 <unknown>
#3 0x55e4fd81b2e1 <unknown>
#4 0x55e4fd8695e4 <unknown>
#5 0x55e4fd840bed <unknown>
#6 0x55e4fd8669e6 <unknown>
#7 0x55e4fd840993 <unknown>
#8 0x55e4fd80cd6b <unknown>
#9 0x55e4fd80e141 <unknown>
#10 0x55e4fdce72ab <unknown>
#11 0x55e4fdceb0b9 <unknown>
#12 0x55e4fdcce139 <unknown>
#13 0x55e4fdcebc68 <unknown>
#14 0x55e4fdcb260f <unknown>
#15 0x55e4fdd101f8 <unknown>
#16 0x55e4fdd103d6 <unknown>
#17 0x55e4fdd215e6 <unknown>
#18 0x7f5e2829caa4 <unknown>
#19 0x7f5e28329c3c <unknown>

2025-08-08 14:26:05,278 - INFO - 🎯 [34/97] Applying to: Structural Engineer - LINK: https://www.dice.com/job-detail/e955b72a-9917-498a-adc4-b11e1ccbd331
2025-08-08 14:26:20,678 - INFO -    ✅ Successfully applied!
2025-08-08 14:26:31,776 - INFO - 🎯 [35/97] Applying to: Embedded Software Engineer - LINK: https://www.dice.com/job-detail/0c1fecb9-86b9-4d0b-9f06-562b3cd306cc
2025-08-08 14:26:46,616 - INFO -    ✅ Successfully applied!
2025-08-08 14:26:56,908 - INFO - 🎯 [36/97] Applying to: AI/ML Engineer - LINK: https://www.dice.com/job-detail/114868c3-3b7d-4591-a76b-583a6f71373f
2025-08-08 14:27:11,993 - INFO -    ✅ Successfully applied!
2025-08-08 14:27:22,744 - INFO - 🎯 [37/97] Applying to: PI Historian Engineer - LINK: https://www.dice.com/job-detail/c9e4a6ee-4ac0-4910-9522-1bfd6acdead0
2025-08-08 14:27:36,288 - INFO -    ✅ Successfully applied!
2025-08-08 14:27:44,856 - INFO - 🎯 [38/97] Applying to: Senior Software Engineer - LINK: https://www.dice.com/job-detail/9d546e79-c79c-4ad1-8b50-3839a9613b7a
2025-08-08 14:28:03,651 - ERROR -    ❌ Cannot click apply button: Message: 
Stacktrace:
#0 0x55e4fdd222ca <unknown>
#1 0x55e4fd7c9550 <unknown>
#2 0x55e4fd81b0f0 <unknown>
#3 0x55e4fd81b2e1 <unknown>
#4 0x55e4fd8695e4 <unknown>
#5 0x55e4fd840bed <unknown>
#6 0x55e4fd8669e6 <unknown>
#7 0x55e4fd840993 <unknown>
#8 0x55e4fd80cd6b <unknown>
#9 0x55e4fd80e141 <unknown>
#10 0x55e4fdce72ab <unknown>
#11 0x55e4fdceb0b9 <unknown>
#12 0x55e4fdcce139 <unknown>
#13 0x55e4fdcebc68 <unknown>
#14 0x55e4fdcb260f <unknown>
#15 0x55e4fdd101f8 <unknown>
#16 0x55e4fdd103d6 <unknown>
#17 0x55e4fdd215e6 <unknown>
#18 0x7f5e2829caa4 <unknown>
#19 0x7f5e28329c3c <unknown>

2025-08-08 14:28:16,493 - INFO - 🎯 [39/97] Applying to: Sr Business Analyst - LINK: https://www.dice.com/job-detail/ab8713cf-98f4-41a9-a292-a69ffc1de19b
2025-08-08 14:28:36,025 - ERROR -    ❌ Cannot click apply button: Message: 
Stacktrace:
#0 0x55e4fdd222ca <unknown>
#1 0x55e4fd7c9550 <unknown>
#2 0x55e4fd81b0f0 <unknown>
#3 0x55e4fd81b2e1 <unknown>
#4 0x55e4fd8695e4 <unknown>
#5 0x55e4fd840bed <unknown>
#6 0x55e4fd8669e6 <unknown>
#7 0x55e4fd840993 <unknown>
#8 0x55e4fd80cd6b <unknown>
#9 0x55e4fd80e141 <unknown>
#10 0x55e4fdce72ab <unknown>
#11 0x55e4fdceb0b9 <unknown>
#12 0x55e4fdcce139 <unknown>
#13 0x55e4fdcebc68 <unknown>
#14 0x55e4fdcb260f <unknown>
#15 0x55e4fdd101f8 <unknown>
#16 0x55e4fdd103d6 <unknown>
#17 0x55e4fdd215e6 <unknown>
#18 0x7f5e2829caa4 <unknown>
#19 0x7f5e28329c3c <unknown>

2025-08-08 14:28:47,238 - INFO - 🎯 [40/97] Applying to: Business Analyst - LINK: https://www.dice.com/job-detail/eb198632-a4bc-4868-b9ac-750929dc5edb
2025-08-08 14:29:06,408 - ERROR -    ❌ Cannot click apply button: Message: 
Stacktrace:
#0 0x55e4fdd222ca <unknown>
#1 0x55e4fd7c9550 <unknown>
#2 0x55e4fd81b0f0 <unknown>
#3 0x55e4fd81b2e1 <unknown>
#4 0x55e4fd8695e4 <unknown>
#5 0x55e4fd840bed <unknown>
#6 0x55e4fd8669e6 <unknown>
#7 0x55e4fd840993 <unknown>
#8 0x55e4fd80cd6b <unknown>
#9 0x55e4fd80e141 <unknown>
#10 0x55e4fdce72ab <unknown>
#11 0x55e4fdceb0b9 <unknown>
#12 0x55e4fdcce139 <unknown>
#13 0x55e4fdcebc68 <unknown>
#14 0x55e4fdcb260f <unknown>
#15 0x55e4fdd101f8 <unknown>
#16 0x55e4fdd103d6 <unknown>
#17 0x55e4fdd215e6 <unknown>
#18 0x7f5e2829caa4 <unknown>
#19 0x7f5e28329c3c <unknown>

2025-08-08 14:29:17,444 - INFO - 🎯 [41/97] Applying to: Python developer (In person interview) - LINK: https://www.dice.com/job-detail/e9523dc7-15c1-435f-8076-ee1b3c0808c7
2025-08-08 14:29:31,931 - INFO -    ✅ Successfully applied!
2025-08-08 14:29:44,614 - INFO - 🎯 [42/97] Applying to: Business Analyst - LINK: https://www.dice.com/job-detail/970cf7f1-01dd-4a62-b8ae-f8de8f5eb277
2025-08-08 14:30:01,521 - ERROR -    ❌ Cannot click apply button: Message: 
Stacktrace:
#0 0x55e4fdd222ca <unknown>
#1 0x55e4fd7c9550 <unknown>
#2 0x55e4fd81b0f0 <unknown>
#3 0x55e4fd81b2e1 <unknown>
#4 0x55e4fd8695e4 <unknown>
#5 0x55e4fd840bed <unknown>
#6 0x55e4fd8669e6 <unknown>
#7 0x55e4fd840993 <unknown>
#8 0x55e4fd80cd6b <unknown>
#9 0x55e4fd80e141 <unknown>
#10 0x55e4fdce72ab <unknown>
#11 0x55e4fdceb0b9 <unknown>
#12 0x55e4fdcce139 <unknown>
#13 0x55e4fdcebc68 <unknown>
#14 0x55e4fdcb260f <unknown>
#15 0x55e4fdd101f8 <unknown>
#16 0x55e4fdd103d6 <unknown>
#17 0x55e4fdd215e6 <unknown>
#18 0x7f5e2829caa4 <unknown>
#19 0x7f5e28329c3c <unknown>

2025-08-08 14:30:13,411 - INFO - 🎯 [43/97] Applying to: AI/ML Engineer - LINK: https://www.dice.com/job-detail/ef7ff576-102e-4851-89ee-4f771fbcf4b8
2025-08-08 14:30:28,950 - INFO -    ✅ Successfully applied!
2025-08-08 14:30:37,065 - INFO - 🎯 [44/97] Applying to: QA ENGINEER - LINK: https://www.dice.com/job-detail/80326e26-ca7f-4913-89fa-676bcc9ee306
2025-08-08 14:30:52,035 - INFO -    ✅ Successfully applied!
2025-08-08 14:31:01,207 - INFO - 🎯 [45/97] Applying to: Network Engineer with Data Center - LINK: https://www.dice.com/job-detail/96ebd958-fb78-4611-9cad-925941a0515f
2025-08-08 14:31:20,327 - ERROR -    ❌ Cannot click apply button: Message: 
Stacktrace:
#0 0x55e4fdd222ca <unknown>
#1 0x55e4fd7c9550 <unknown>
#2 0x55e4fd81b0f0 <unknown>
#3 0x55e4fd81b2e1 <unknown>
#4 0x55e4fd8695e4 <unknown>
#5 0x55e4fd840bed <unknown>
#6 0x55e4fd8669e6 <unknown>
#7 0x55e4fd840993 <unknown>
#8 0x55e4fd80cd6b <unknown>
#9 0x55e4fd80e141 <unknown>
#10 0x55e4fdce72ab <unknown>
#11 0x55e4fdceb0b9 <unknown>
#12 0x55e4fdcce139 <unknown>
#13 0x55e4fdcebc68 <unknown>
#14 0x55e4fdcb260f <unknown>
#15 0x55e4fdd101f8 <unknown>
#16 0x55e4fdd103d6 <unknown>
#17 0x55e4fdd215e6 <unknown>
#18 0x7f5e2829caa4 <unknown>
#19 0x7f5e28329c3c <unknown>

2025-08-08 14:31:29,755 - INFO - 🎯 [46/97] Applying to: Oracle HCM Business Analyst - LINK: https://www.dice.com/job-detail/6b7b64cc-466c-436d-81aa-7ab204b4d0b7
2025-08-08 14:31:48,837 - ERROR -    ❌ Cannot click apply button: Message: 
Stacktrace:
#0 0x55e4fdd222ca <unknown>
#1 0x55e4fd7c9550 <unknown>
#2 0x55e4fd81b0f0 <unknown>
#3 0x55e4fd81b2e1 <unknown>
#4 0x55e4fd8695e4 <unknown>
#5 0x55e4fd840bed <unknown>
#6 0x55e4fd8669e6 <unknown>
#7 0x55e4fd840993 <unknown>
#8 0x55e4fd80cd6b <unknown>
#9 0x55e4fd80e141 <unknown>
#10 0x55e4fdce72ab <unknown>
#11 0x55e4fdceb0b9 <unknown>
#12 0x55e4fdcce139 <unknown>
#13 0x55e4fdcebc68 <unknown>
#14 0x55e4fdcb260f <unknown>
#15 0x55e4fdd101f8 <unknown>
#16 0x55e4fdd103d6 <unknown>
#17 0x55e4fdd215e6 <unknown>
#18 0x7f5e2829caa4 <unknown>
#19 0x7f5e28329c3c <unknown>

2025-08-08 14:31:56,312 - INFO - 🎯 [47/97] Applying to: Senior Business Analyst - LINK: https://www.dice.com/job-detail/46032e3a-aa35-4cca-969f-ee847a9bf7ec
2025-08-08 14:32:11,445 - INFO -    ✅ Successfully applied!
2025-08-08 14:32:20,371 - INFO - 🎯 [48/97] Applying to: Gen AI engineer / GenAI Engineer (Passport number is must) - LINK: https://www.dice.com/job-detail/39066991-49ec-4de2-a8d3-e301720f3158
2025-08-08 14:32:35,335 - INFO -    ✅ Successfully applied!
2025-08-08 14:32:45,765 - INFO - 🎯 [49/97] Applying to: Data Engineer - LINK: https://www.dice.com/job-detail/a5b9d72e-a947-4be9-9a17-8172f895cb3d
2025-08-08 14:33:00,808 - INFO -    ✅ Successfully applied!
2025-08-08 14:33:08,864 - INFO - 🎯 [50/97] Applying to: ERP/CRM Developer - LINK: https://www.dice.com/job-detail/61a1e79b-bd66-4b32-b580-529b31706f07
2025-08-08 14:33:25,539 - INFO -    ✅ Successfully applied!
2025-08-08 14:33:37,102 - INFO - 🎯 [51/97] Applying to: Level 4 .NET Developer - LINK: https://www.dice.com/job-detail/ca4a9bce-5029-42f0-ab7b-4a5ae5eeda87
2025-08-08 14:33:55,229 - INFO -    ✅ Successfully applied!
2025-08-08 14:34:06,123 - INFO - 🎯 [52/97] Applying to: Lead Data Scientist - LINK: https://www.dice.com/job-detail/aeb6730c-4996-4cf4-a62e-48385818ed79
2025-08-08 14:34:20,595 - INFO -    ✅ Successfully applied!
2025-08-08 14:34:31,574 - INFO - 🎯 [53/97] Applying to: AWS Data Engineer (local to Texas) - LINK: https://www.dice.com/job-detail/1f442129-9e04-4b52-8d60-1bd65fee4872
2025-08-08 14:34:44,920 - INFO -    ✅ Successfully applied!
2025-08-08 14:34:55,799 - INFO - 🎯 [54/97] Applying to: Formworks - Software Engineer - LINK: https://www.dice.com/job-detail/7931b693-75d9-44fb-bb7e-89275b17119d
2025-08-08 14:35:13,870 - INFO -    ✅ Successfully applied!
2025-08-08 14:35:18,973 - INFO - 🎯 [55/97] Applying to: Lead Data Engineer *** Locals Only *** - LINK: https://www.dice.com/job-detail/cdd07696-9874-45ec-abe6-f3d1161b6129
2025-08-08 14:35:34,449 - INFO -    ✅ Successfully applied!
2025-08-08 14:35:44,768 - INFO - 🎯 [56/97] Applying to: Machine Learning Engineer (MLOps + GPU Efficiency) - LINK: https://www.dice.com/job-detail/316a10be-f1e7-42f2-a4b4-058cc6b1cbff
2025-08-08 14:36:01,252 - INFO -    ✅ Successfully applied!
2025-08-08 14:36:09,357 - INFO - 🎯 [57/97] Applying to: Gen AI Developer - LINK: https://www.dice.com/job-detail/8cf430a4-bda4-4f0d-9a9b-3440bcfb899b
2025-08-08 14:36:23,912 - INFO -    ✅ Successfully applied!
2025-08-08 14:36:35,731 - INFO - 🎯 [58/97] Applying to: Data analyst/Engineer - LINK: https://www.dice.com/job-detail/eb144e61-39f5-45eb-bad9-ab50e4e60228
2025-08-08 14:36:54,388 - ERROR -    ❌ Cannot click apply button: Message: 
Stacktrace:
#0 0x55e4fdd222ca <unknown>
#1 0x55e4fd7c9550 <unknown>
#2 0x55e4fd81b0f0 <unknown>
#3 0x55e4fd81b2e1 <unknown>
#4 0x55e4fd8695e4 <unknown>
#5 0x55e4fd840bed <unknown>
#6 0x55e4fd8669e6 <unknown>
#7 0x55e4fd840993 <unknown>
#8 0x55e4fd80cd6b <unknown>
#9 0x55e4fd80e141 <unknown>
#10 0x55e4fdce72ab <unknown>
#11 0x55e4fdceb0b9 <unknown>
#12 0x55e4fdcce139 <unknown>
#13 0x55e4fdcebc68 <unknown>
#14 0x55e4fdcb260f <unknown>
#15 0x55e4fdd101f8 <unknown>
#16 0x55e4fdd103d6 <unknown>
#17 0x55e4fdd215e6 <unknown>
#18 0x7f5e2829caa4 <unknown>
#19 0x7f5e28329c3c <unknown>

2025-08-08 14:37:06,513 - INFO - 🎯 [59/97] Applying to: Senior Epic Business Analyst - Access and Revenue - LINK: https://www.dice.com/job-detail/3206eb7b-0552-4b80-bda9-c685c658b7dc
2025-08-08 14:37:21,542 - INFO -    ✅ Successfully applied!
2025-08-08 14:37:31,122 - INFO - 🎯 [60/97] Applying to: HPE Nonstop/ Prognosis Engineer - LINK: https://www.dice.com/job-detail/39324236-ba55-4be2-a87a-728e00127ad0
2025-08-08 14:37:46,534 - INFO -    ✅ Successfully applied!
2025-08-08 14:37:57,507 - INFO - 🎯 [61/97] Applying to: Curam Technical Developer (Java EE) - LINK: https://www.dice.com/job-detail/aa7dc158-d5af-4bd4-8524-88a2c850b913
2025-08-08 14:38:16,010 - ERROR -    ❌ Cannot click apply button: Message: 
Stacktrace:
#0 0x55e4fdd222ca <unknown>
#1 0x55e4fd7c9550 <unknown>
#2 0x55e4fd81b0f0 <unknown>
#3 0x55e4fd81b2e1 <unknown>
#4 0x55e4fd8695e4 <unknown>
#5 0x55e4fd840bed <unknown>
#6 0x55e4fd8669e6 <unknown>
#7 0x55e4fd840993 <unknown>
#8 0x55e4fd80cd6b <unknown>
#9 0x55e4fd80e141 <unknown>
#10 0x55e4fdce72ab <unknown>
#11 0x55e4fdceb0b9 <unknown>
#12 0x55e4fdcce139 <unknown>
#13 0x55e4fdcebc68 <unknown>
#14 0x55e4fdcb260f <unknown>
#15 0x55e4fdd101f8 <unknown>
#16 0x55e4fdd103d6 <unknown>
#17 0x55e4fdd215e6 <unknown>
#18 0x7f5e2829caa4 <unknown>
#19 0x7f5e28329c3c <unknown>

2025-08-08 14:38:23,679 - INFO - 🎯 [62/97] Applying to: Kubernetes Platform Engineer - LINK: https://www.dice.com/job-detail/1a3bab43-c77e-49da-8f42-f4fb9d386a3b
2025-08-08 14:38:43,194 - ERROR -    ❌ Cannot click apply button: Message: 
Stacktrace:
#0 0x55e4fdd222ca <unknown>
#1 0x55e4fd7c9550 <unknown>
#2 0x55e4fd81b0f0 <unknown>
#3 0x55e4fd81b2e1 <unknown>
#4 0x55e4fd8695e4 <unknown>
#5 0x55e4fd840bed <unknown>
#6 0x55e4fd8669e6 <unknown>
#7 0x55e4fd840993 <unknown>
#8 0x55e4fd80cd6b <unknown>
#9 0x55e4fd80e141 <unknown>
#10 0x55e4fdce72ab <unknown>
#11 0x55e4fdceb0b9 <unknown>
#12 0x55e4fdcce139 <unknown>
#13 0x55e4fdcebc68 <unknown>
#14 0x55e4fdcb260f <unknown>
#15 0x55e4fdd101f8 <unknown>
#16 0x55e4fdd103d6 <unknown>
#17 0x55e4fdd215e6 <unknown>
#18 0x7f5e2829caa4 <unknown>
#19 0x7f5e28329c3c <unknown>

2025-08-08 14:38:55,617 - INFO - 🎯 [63/97] Applying to: Bioinformatics Software Engineer (RNA-seq analysis pipeline development) - LINK: https://www.dice.com/job-detail/abd9e446-ac3c-4e65-a9b6-57ce292d8f30
2025-08-08 14:39:12,364 - INFO -    ✅ Successfully applied!
2025-08-08 14:39:24,046 - INFO - 🎯 [64/97] Applying to: Paid Social Specialist - LINK: https://www.dice.com/job-detail/28565bcd-b90a-41bf-b566-14cc372fd1ef
2025-08-08 14:39:40,184 - INFO -    ✅ Successfully applied!
2025-08-08 14:39:51,385 - INFO - 🎯 [65/97] Applying to: AI/ML Engineer - LINK: https://www.dice.com/job-detail/17ee154f-e40b-46d8-a884-21324aa2e1b6
2025-08-08 14:40:07,681 - INFO -    ✅ Successfully applied!
2025-08-08 14:40:17,674 - INFO - 🎯 [66/97] Applying to: Machine Learning(Deep Learning) Engineer - LINK: https://www.dice.com/job-detail/96594e3a-2d6c-49f1-9ed4-034af172276a
2025-08-08 14:40:34,074 - INFO -    ✅ Successfully applied!
2025-08-08 14:40:42,489 - INFO - 🎯 [67/97] Applying to: Technical Business Analyst - Loan IQ - LINK: https://www.dice.com/job-detail/fbb109b9-1881-45b6-bf57-dd4db03e05ce
2025-08-08 14:41:03,709 - ERROR -    ❌ Cannot click apply button: Message: 
Stacktrace:
#0 0x55e4fdd222ca <unknown>
#1 0x55e4fd7c9550 <unknown>
#2 0x55e4fd81b0f0 <unknown>
#3 0x55e4fd81b2e1 <unknown>
#4 0x55e4fd8695e4 <unknown>
#5 0x55e4fd840bed <unknown>
#6 0x55e4fd8669e6 <unknown>
#7 0x55e4fd840993 <unknown>
#8 0x55e4fd80cd6b <unknown>
#9 0x55e4fd80e141 <unknown>
#10 0x55e4fdce72ab <unknown>
#11 0x55e4fdceb0b9 <unknown>
#12 0x55e4fdcce139 <unknown>
#13 0x55e4fdcebc68 <unknown>
#14 0x55e4fdcb260f <unknown>
#15 0x55e4fdd101f8 <unknown>
#16 0x55e4fdd103d6 <unknown>
#17 0x55e4fdd215e6 <unknown>
#18 0x7f5e2829caa4 <unknown>
#19 0x7f5e28329c3c <unknown>

2025-08-08 14:41:11,797 - INFO - 🎯 [68/97] Applying to: Build Engineer - LINK: https://www.dice.com/job-detail/2517550f-f971-4582-aca3-f1486110e0a6
2025-08-08 14:41:28,886 - INFO -    ✅ Successfully applied!
2025-08-08 14:41:37,103 - INFO - 🎯 [69/97] Applying to: Senior SAP Ariba Functional Consultant - LINK: https://www.dice.com/job-detail/6d1f2d63-37aa-46e1-b1eb-19784a8d076f
2025-08-08 14:41:51,419 - INFO -    ✅ Successfully applied!
2025-08-08 14:42:02,335 - INFO - 🎯 [70/97] Applying to: Java Full Stack Developer with Swing- Local to Cincinnati, OH - LINK: https://www.dice.com/job-detail/0247dd1f-8e96-4679-86ed-b2bf35e858de
2025-08-08 14:42:21,477 - ERROR -    ❌ Cannot click apply button: Message: 
Stacktrace:
#0 0x55e4fdd222ca <unknown>
#1 0x55e4fd7c9550 <unknown>
#2 0x55e4fd81b0f0 <unknown>
#3 0x55e4fd81b2e1 <unknown>
#4 0x55e4fd8695e4 <unknown>
#5 0x55e4fd840bed <unknown>
#6 0x55e4fd8669e6 <unknown>
#7 0x55e4fd840993 <unknown>
#8 0x55e4fd80cd6b <unknown>
#9 0x55e4fd80e141 <unknown>
#10 0x55e4fdce72ab <unknown>
#11 0x55e4fdceb0b9 <unknown>
#12 0x55e4fdcce139 <unknown>
#13 0x55e4fdcebc68 <unknown>
#14 0x55e4fdcb260f <unknown>
#15 0x55e4fdd101f8 <unknown>
#16 0x55e4fdd103d6 <unknown>
#17 0x55e4fdd215e6 <unknown>
#18 0x7f5e2829caa4 <unknown>
#19 0x7f5e28329c3c <unknown>

2025-08-08 14:42:28,917 - INFO - 🎯 [71/97] Applying to: Front End Software Engineer - LINK: https://www.dice.com/job-detail/d68b9dbd-3682-4cd5-b6f5-5a0154c58f60
2025-08-08 14:42:43,465 - INFO -    ✅ Successfully applied!
2025-08-08 14:42:52,815 - INFO - 🎯 [72/97] Applying to: Software Engineer 3 - Contingent - LINK: https://www.dice.com/job-detail/ddd2e946-168c-46dc-ad58-e1802afc4fdd
2025-08-08 14:43:06,628 - INFO -    ✅ Successfully applied!
2025-08-08 14:43:15,132 - INFO - 🎯 [73/97] Applying to: Generative AI Engineer Google Cloud (Vertex AI) - LINK: https://www.dice.com/job-detail/b5a4cf8b-e537-4751-bc53-30b64b991319
2025-08-08 14:43:29,753 - INFO -    ✅ Successfully applied!
2025-08-08 14:43:39,304 - INFO - 🎯 [74/97] Applying to: Generative AI Specialist - LINK: https://www.dice.com/job-detail/4a14fc38-5c1c-47f6-a9be-14b50f913425
2025-08-08 14:43:54,968 - INFO -    ✅ Successfully applied!
2025-08-08 14:44:05,410 - INFO - 🎯 [75/97] Applying to: CTH - Senior Financial Data Analyst - Houston, TX - Hybrid - LINK: https://www.dice.com/job-detail/d95ab016-c78e-4832-80a0-e203cd796bae
2025-08-08 14:44:24,795 - ERROR -    ❌ Cannot click apply button: Message: 
Stacktrace:
#0 0x55e4fdd222ca <unknown>
#1 0x55e4fd7c9550 <unknown>
#2 0x55e4fd81b0f0 <unknown>
#3 0x55e4fd81b2e1 <unknown>
#4 0x55e4fd8695e4 <unknown>
#5 0x55e4fd840bed <unknown>
#6 0x55e4fd8669e6 <unknown>
#7 0x55e4fd840993 <unknown>
#8 0x55e4fd80cd6b <unknown>
#9 0x55e4fd80e141 <unknown>
#10 0x55e4fdce72ab <unknown>
#11 0x55e4fdceb0b9 <unknown>
#12 0x55e4fdcce139 <unknown>
#13 0x55e4fdcebc68 <unknown>
#14 0x55e4fdcb260f <unknown>
#15 0x55e4fdd101f8 <unknown>
#16 0x55e4fdd103d6 <unknown>
#17 0x55e4fdd215e6 <unknown>
#18 0x7f5e2829caa4 <unknown>
#19 0x7f5e28329c3c <unknown>

2025-08-08 14:44:35,879 - INFO - 🎯 [76/97] Applying to: SAP SD/RAR Consultant || Remote/Home Based - LINK: https://www.dice.com/job-detail/62a1c02b-4b4f-4e03-ab08-fddc153d6797
2025-08-08 14:44:54,484 - ERROR -    ❌ Cannot click apply button: Message: 
Stacktrace:
#0 0x55e4fdd222ca <unknown>
#1 0x55e4fd7c9550 <unknown>
#2 0x55e4fd81b0f0 <unknown>
#3 0x55e4fd81b2e1 <unknown>
#4 0x55e4fd8695e4 <unknown>
#5 0x55e4fd840bed <unknown>
#6 0x55e4fd8669e6 <unknown>
#7 0x55e4fd840993 <unknown>
#8 0x55e4fd80cd6b <unknown>
#9 0x55e4fd80e141 <unknown>
#10 0x55e4fdce72ab <unknown>
#11 0x55e4fdceb0b9 <unknown>
#12 0x55e4fdcce139 <unknown>
#13 0x55e4fdcebc68 <unknown>
#14 0x55e4fdcb260f <unknown>
#15 0x55e4fdd101f8 <unknown>
#16 0x55e4fdd103d6 <unknown>
#17 0x55e4fdd215e6 <unknown>
#18 0x7f5e2829caa4 <unknown>
#19 0x7f5e28329c3c <unknown>

2025-08-08 14:45:04,380 - INFO - 🎯 [77/97] Applying to: Archer GRC Architect - LINK: https://www.dice.com/job-detail/c3a932d5-9c4b-44d8-9193-3e9aaea1444a
2025-08-08 14:45:23,169 - ERROR -    ❌ Cannot click apply button: Message: 
Stacktrace:
#0 0x55e4fdd222ca <unknown>
#1 0x55e4fd7c9550 <unknown>
#2 0x55e4fd81b0f0 <unknown>
#3 0x55e4fd81b2e1 <unknown>
#4 0x55e4fd8695e4 <unknown>
#5 0x55e4fd840bed <unknown>
#6 0x55e4fd8669e6 <unknown>
#7 0x55e4fd840993 <unknown>
#8 0x55e4fd80cd6b <unknown>
#9 0x55e4fd80e141 <unknown>
#10 0x55e4fdce72ab <unknown>
#11 0x55e4fdceb0b9 <unknown>
#12 0x55e4fdcce139 <unknown>
#13 0x55e4fdcebc68 <unknown>
#14 0x55e4fdcb260f <unknown>
#15 0x55e4fdd101f8 <unknown>
#16 0x55e4fdd103d6 <unknown>
#17 0x55e4fdd215e6 <unknown>
#18 0x7f5e2829caa4 <unknown>
#19 0x7f5e28329c3c <unknown>

2025-08-08 14:45:31,557 - INFO - 🎯 [78/97] Applying to: Senior Data Engineer - LINK: https://www.dice.com/job-detail/18b02185-01cc-42af-b773-e4c705d3f8b4
2025-08-08 14:45:45,646 - INFO -    ✅ Successfully applied!
2025-08-08 14:45:55,261 - INFO - 🎯 [79/97] Applying to: Software Engineer 4 - Contingent - LINK: https://www.dice.com/job-detail/2bebcc70-fc02-432a-8362-bcf48cff76e5
2025-08-08 14:46:08,803 - INFO -    ✅ Successfully applied!
2025-08-08 14:46:19,647 - INFO - 🎯 [80/97] Applying to: Data Engineer - Pyspark - LINK: https://www.dice.com/job-detail/65c17396-a8a3-4d51-80f5-8c6e7fbc2627
2025-08-08 14:46:34,763 - INFO -    ✅ Successfully applied!
2025-08-08 14:46:46,515 - INFO - 🎯 [81/97] Applying to: Solution Architect - LINK: https://www.dice.com/job-detail/39b834ed-2225-46e2-8070-ce75f168b67b
2025-08-08 14:47:04,710 - ERROR -    ❌ Cannot click apply button: Message: 
Stacktrace:
#0 0x55e4fdd222ca <unknown>
#1 0x55e4fd7c9550 <unknown>
#2 0x55e4fd81b0f0 <unknown>
#3 0x55e4fd81b2e1 <unknown>
#4 0x55e4fd8695e4 <unknown>
#5 0x55e4fd840bed <unknown>
#6 0x55e4fd8669e6 <unknown>
#7 0x55e4fd840993 <unknown>
#8 0x55e4fd80cd6b <unknown>
#9 0x55e4fd80e141 <unknown>
#10 0x55e4fdce72ab <unknown>
#11 0x55e4fdceb0b9 <unknown>
#12 0x55e4fdcce139 <unknown>
#13 0x55e4fdcebc68 <unknown>
#14 0x55e4fdcb260f <unknown>
#15 0x55e4fdd101f8 <unknown>
#16 0x55e4fdd103d6 <unknown>
#17 0x55e4fdd215e6 <unknown>
#18 0x7f5e2829caa4 <unknown>
#19 0x7f5e28329c3c <unknown>

2025-08-08 14:47:13,237 - INFO - 🎯 [82/97] Applying to: Business analyst - LINK: https://www.dice.com/job-detail/b0036673-f668-4730-8d1b-4fd090b0f47a
2025-08-08 14:47:27,013 - INFO -    ✅ Successfully applied!
2025-08-08 14:47:38,009 - INFO - 🎯 [83/97] Applying to: W2 ONLY - Software Engineer in Test (Java, Selenium, API Testing Rest Assured Karate) // HYBRID - LINK: https://www.dice.com/job-detail/3b748ea3-f7be-4607-9b14-94c1c5b41643
2025-08-08 14:47:56,339 - INFO -    ✅ Successfully applied!
2025-08-08 14:48:05,219 - INFO - 🎯 [84/97] Applying to: Data Analyst - LINK: https://www.dice.com/job-detail/64c94b64-2cc3-45bb-8d82-1186aec546bf
2025-08-08 14:48:20,788 - INFO -    ✅ Successfully applied!
2025-08-08 14:48:32,580 - INFO - 🎯 [85/97] Applying to: .NET Developer (Must have 13+Yrs Overall & Google Cloud Platform Cloud with 3+Years Hands of Experince) - Remote - LINK: https://www.dice.com/job-detail/44f8ba73-e92c-4888-97c8-ab3679708b5f
2025-08-08 14:48:51,611 - ERROR -    ❌ Cannot click apply button: Message: 
Stacktrace:
#0 0x55e4fdd222ca <unknown>
#1 0x55e4fd7c9550 <unknown>
#2 0x55e4fd81b0f0 <unknown>
#3 0x55e4fd81b2e1 <unknown>
#4 0x55e4fd8695e4 <unknown>
#5 0x55e4fd840bed <unknown>
#6 0x55e4fd8669e6 <unknown>
#7 0x55e4fd840993 <unknown>
#8 0x55e4fd80cd6b <unknown>
#9 0x55e4fd80e141 <unknown>
#10 0x55e4fdce72ab <unknown>
#11 0x55e4fdceb0b9 <unknown>
#12 0x55e4fdcce139 <unknown>
#13 0x55e4fdcebc68 <unknown>
#14 0x55e4fdcb260f <unknown>
#15 0x55e4fdd101f8 <unknown>
#16 0x55e4fdd103d6 <unknown>
#17 0x55e4fdd215e6 <unknown>
#18 0x7f5e2829caa4 <unknown>
#19 0x7f5e28329c3c <unknown>

2025-08-08 14:49:00,196 - INFO - 🎯 [86/97] Applying to: Business Analyst 5 - LINK: https://www.dice.com/job-detail/e35b6f7d-d354-4a75-ac51-18614a722a2e
2025-08-08 14:49:19,050 - ERROR -    ❌ Cannot click apply button: Message: 
Stacktrace:
#0 0x55e4fdd222ca <unknown>
#1 0x55e4fd7c9550 <unknown>
#2 0x55e4fd81b0f0 <unknown>
#3 0x55e4fd81b2e1 <unknown>
#4 0x55e4fd8695e4 <unknown>
#5 0x55e4fd840bed <unknown>
#6 0x55e4fd8669e6 <unknown>
#7 0x55e4fd840993 <unknown>
#8 0x55e4fd80cd6b <unknown>
#9 0x55e4fd80e141 <unknown>
#10 0x55e4fdce72ab <unknown>
#11 0x55e4fdceb0b9 <unknown>
#12 0x55e4fdcce139 <unknown>
#13 0x55e4fdcebc68 <unknown>
#14 0x55e4fdcb260f <unknown>
#15 0x55e4fdd101f8 <unknown>
#16 0x55e4fdd103d6 <unknown>
#17 0x55e4fdd215e6 <unknown>
#18 0x7f5e2829caa4 <unknown>
#19 0x7f5e28329c3c <unknown>

2025-08-08 14:49:30,055 - INFO - 🎯 [87/97] Applying to: Lead Azure Data Engineer - LINK: https://www.dice.com/job-detail/4d42034e-4e6b-4129-9d74-d0f680a627d1
2025-08-08 14:49:47,500 - INFO -    ✅ Successfully applied!
2025-08-08 14:49:59,713 - INFO - 🎯 [88/97] Applying to: Sr. AI/ML Engineer - LINK: https://www.dice.com/job-detail/f04c0ce7-768b-4ba1-b0d0-e3795603f4f9
2025-08-08 14:50:18,435 - ERROR -    ❌ Cannot click apply button: Message: 
Stacktrace:
#0 0x55e4fdd222ca <unknown>
#1 0x55e4fd7c9550 <unknown>
#2 0x55e4fd81b0f0 <unknown>
#3 0x55e4fd81b2e1 <unknown>
#4 0x55e4fd8695e4 <unknown>
#5 0x55e4fd840bed <unknown>
#6 0x55e4fd8669e6 <unknown>
#7 0x55e4fd840993 <unknown>
#8 0x55e4fd80cd6b <unknown>
#9 0x55e4fd80e141 <unknown>
#10 0x55e4fdce72ab <unknown>
#11 0x55e4fdceb0b9 <unknown>
#12 0x55e4fdcce139 <unknown>
#13 0x55e4fdcebc68 <unknown>
#14 0x55e4fdcb260f <unknown>
#15 0x55e4fdd101f8 <unknown>
#16 0x55e4fdd103d6 <unknown>
#17 0x55e4fdd215e6 <unknown>
#18 0x7f5e2829caa4 <unknown>
#19 0x7f5e28329c3c <unknown>

2025-08-08 14:50:30,153 - INFO - 🎯 [89/97] Applying to: Jr AWS DevOps Engineer - LINK: https://www.dice.com/job-detail/b2b4598a-ad12-4086-a62c-b96e185d5404
2025-08-08 14:50:49,241 - ERROR -    ❌ Cannot click apply button: Message: 
Stacktrace:
#0 0x55e4fdd222ca <unknown>
#1 0x55e4fd7c9550 <unknown>
#2 0x55e4fd81b0f0 <unknown>
#3 0x55e4fd81b2e1 <unknown>
#4 0x55e4fd8695e4 <unknown>
#5 0x55e4fd840bed <unknown>
#6 0x55e4fd8669e6 <unknown>
#7 0x55e4fd840993 <unknown>
#8 0x55e4fd80cd6b <unknown>
#9 0x55e4fd80e141 <unknown>
#10 0x55e4fdce72ab <unknown>
#11 0x55e4fdceb0b9 <unknown>
#12 0x55e4fdcce139 <unknown>
#13 0x55e4fdcebc68 <unknown>
#14 0x55e4fdcb260f <unknown>
#15 0x55e4fdd101f8 <unknown>
#16 0x55e4fdd103d6 <unknown>
#17 0x55e4fdd215e6 <unknown>
#18 0x7f5e2829caa4 <unknown>
#19 0x7f5e28329c3c <unknown>

2025-08-08 14:50:58,684 - INFO - 🎯 [90/97] Applying to: Databrick Developer with Python(face to face interview in Plano, TX) - LINK: https://www.dice.com/job-detail/32715231-6389-4ddc-932c-01531e7c083c
2025-08-08 14:51:17,330 - ERROR -    ❌ Cannot click apply button: Message: 
Stacktrace:
#0 0x55e4fdd222ca <unknown>
#1 0x55e4fd7c9550 <unknown>
#2 0x55e4fd81b0f0 <unknown>
#3 0x55e4fd81b2e1 <unknown>
#4 0x55e4fd8695e4 <unknown>
#5 0x55e4fd840bed <unknown>
#6 0x55e4fd8669e6 <unknown>
#7 0x55e4fd840993 <unknown>
#8 0x55e4fd80cd6b <unknown>
#9 0x55e4fd80e141 <unknown>
#10 0x55e4fdce72ab <unknown>
#11 0x55e4fdceb0b9 <unknown>
#12 0x55e4fdcce139 <unknown>
#13 0x55e4fdcebc68 <unknown>
#14 0x55e4fdcb260f <unknown>
#15 0x55e4fdd101f8 <unknown>
#16 0x55e4fdd103d6 <unknown>
#17 0x55e4fdd215e6 <unknown>
#18 0x7f5e2829caa4 <unknown>
#19 0x7f5e28329c3c <unknown>

2025-08-08 14:51:25,263 - INFO - 🎯 [91/97] Applying to: AI Engineer-Cincinnati, OH-Local candidates only - LINK: https://www.dice.com/job-detail/14190276-2b79-4dc9-8ad1-e26c0fcdf34d
2025-08-08 14:51:39,063 - INFO -    ✅ Successfully applied!
2025-08-08 14:51:48,766 - INFO - 🎯 [92/97] Applying to: Data Engineer - Medicaid Data Warehouse - LINK: https://www.dice.com/job-detail/f41b6eae-06db-4d85-8a14-ecc8eb015ef3
2025-08-08 14:52:08,268 - ERROR -    ❌ Cannot click apply button: Message: 
Stacktrace:
#0 0x55e4fdd222ca <unknown>
#1 0x55e4fd7c9550 <unknown>
#2 0x55e4fd81b0f0 <unknown>
#3 0x55e4fd81b2e1 <unknown>
#4 0x55e4fd8695e4 <unknown>
#5 0x55e4fd840bed <unknown>
#6 0x55e4fd8669e6 <unknown>
#7 0x55e4fd840993 <unknown>
#8 0x55e4fd80cd6b <unknown>
#9 0x55e4fd80e141 <unknown>
#10 0x55e4fdce72ab <unknown>
#11 0x55e4fdceb0b9 <unknown>
#12 0x55e4fdcce139 <unknown>
#13 0x55e4fdcebc68 <unknown>
#14 0x55e4fdcb260f <unknown>
#15 0x55e4fdd101f8 <unknown>
#16 0x55e4fdd103d6 <unknown>
#17 0x55e4fdd215e6 <unknown>
#18 0x7f5e2829caa4 <unknown>
#19 0x7f5e28329c3c <unknown>

2025-08-08 14:52:18,651 - INFO - 🎯 [93/97] Applying to: Data Engineer - LINK: https://www.dice.com/job-detail/9032a627-0207-499f-b8f1-c7e5bf80e4c4
2025-08-08 14:52:32,913 - INFO -    ✅ Successfully applied!
2025-08-08 14:52:41,620 - INFO - 🎯 [94/97] Applying to: Entry Level Data Engineer - LINK: https://www.dice.com/job-detail/8a3f54f0-75a9-4408-8782-fb9923314cd7
2025-08-08 14:52:54,300 - INFO -    ✅ Successfully applied!
2025-08-08 14:53:04,973 - INFO - 🎯 [95/97] Applying to: OTM Cloud Architect - LINK: https://www.dice.com/job-detail/29bebf70-7dff-4eae-a607-71d52238843e
2025-08-08 14:53:21,046 - INFO -    ✅ Successfully applied!
2025-08-08 14:53:32,889 - INFO - 🎯 [96/97] Applying to: Software Engineer - LINK: https://www.dice.com/job-detail/43412cd4-df9f-4ae8-bd8b-cfd6dce31ad2
2025-08-08 14:53:47,760 - INFO -    ✅ Successfully applied!
2025-08-08 14:53:56,769 - INFO - 🎯 [97/97] Applying to: Healthcare Lead Data Engineer - LINK: https://www.dice.com/job-detail/c45d78c7-4a0d-4120-bd75-f3a085833f72
2025-08-08 14:54:10,611 - INFO -    ✅ Successfully applied!
2025-08-08 14:54:14,715 - INFO - 📊 Processing results...
2025-08-08 14:54:14,776 - INFO - 🎉 Application run completed!
2025-08-08 14:54:14,776 - INFO -    ✅ Newly applied: 66
2025-08-08 14:54:14,776 - INFO -    ⏭️  Already applied: 0
2025-08-08 14:54:14,776 - INFO -    ❌ Failed: 31
2025-08-08 14:54:14,776 - INFO -    📊 Total processed: 97
2025-08-08 14:54:14,776 - INFO -    📁 Total jobs in CSV: 4874
2025-08-08 14:54:14,776 - INFO -    💾 Updated: output/final_ml_jobs.csv
2025-08-08 14:54:14,776 - INFO - 🔧 Closing browser...
